[2022-08-29T19:52:33.741-0400] {processor.py:153} INFO - Started process (PID=13960) to work on /Users/jl/Documents/Repos/GHC-2022-data-engineering-workshop/venv/lib/python3.8/site-packages/airflow/example_dags/plugins/workday.py
[2022-08-29T19:52:33.751-0400] {processor.py:640} INFO - Processing file /Users/jl/Documents/Repos/GHC-2022-data-engineering-workshop/venv/lib/python3.8/site-packages/airflow/example_dags/plugins/workday.py for tasks to queue
[2022-08-29T19:52:33.751-0400] {logging_mixin.py:115} INFO - [2022-08-29T19:52:33.751-0400] {dagbag.py:508} INFO - Filling up the DagBag from /Users/jl/Documents/Repos/GHC-2022-data-engineering-workshop/venv/lib/python3.8/site-packages/airflow/example_dags/plugins/workday.py
[2022-08-29T19:52:33.752-0400] {processor.py:652} WARNING - No viable dags retrieved from /Users/jl/Documents/Repos/GHC-2022-data-engineering-workshop/venv/lib/python3.8/site-packages/airflow/example_dags/plugins/workday.py
[2022-08-29T19:52:33.948-0400] {processor.py:161} INFO - Processing /Users/jl/Documents/Repos/GHC-2022-data-engineering-workshop/venv/lib/python3.8/site-packages/airflow/example_dags/plugins/workday.py took 0.208 seconds
[2022-08-29T19:54:20.598-0400] {processor.py:153} INFO - Started process (PID=14031) to work on /Users/jl/Documents/Repos/GHC-2022-data-engineering-workshop/venv/lib/python3.8/site-packages/airflow/example_dags/plugins/workday.py
[2022-08-29T19:54:20.607-0400] {processor.py:640} INFO - Processing file /Users/jl/Documents/Repos/GHC-2022-data-engineering-workshop/venv/lib/python3.8/site-packages/airflow/example_dags/plugins/workday.py for tasks to queue
[2022-08-29T19:54:20.608-0400] {logging_mixin.py:115} INFO - [2022-08-29T19:54:20.608-0400] {dagbag.py:508} INFO - Filling up the DagBag from /Users/jl/Documents/Repos/GHC-2022-data-engineering-workshop/venv/lib/python3.8/site-packages/airflow/example_dags/plugins/workday.py
[2022-08-29T19:54:20.611-0400] {processor.py:652} WARNING - No viable dags retrieved from /Users/jl/Documents/Repos/GHC-2022-data-engineering-workshop/venv/lib/python3.8/site-packages/airflow/example_dags/plugins/workday.py
[2022-08-29T19:54:20.662-0400] {processor.py:161} INFO - Processing /Users/jl/Documents/Repos/GHC-2022-data-engineering-workshop/venv/lib/python3.8/site-packages/airflow/example_dags/plugins/workday.py took 0.065 seconds
[2022-08-29T19:55:25.331-0400] {processor.py:153} INFO - Started process (PID=14092) to work on /Users/jl/Documents/Repos/GHC-2022-data-engineering-workshop/venv/lib/python3.8/site-packages/airflow/example_dags/plugins/workday.py
[2022-08-29T19:55:25.341-0400] {processor.py:640} INFO - Processing file /Users/jl/Documents/Repos/GHC-2022-data-engineering-workshop/venv/lib/python3.8/site-packages/airflow/example_dags/plugins/workday.py for tasks to queue
[2022-08-29T19:55:25.342-0400] {logging_mixin.py:115} INFO - [2022-08-29T19:55:25.342-0400] {dagbag.py:508} INFO - Filling up the DagBag from /Users/jl/Documents/Repos/GHC-2022-data-engineering-workshop/venv/lib/python3.8/site-packages/airflow/example_dags/plugins/workday.py
[2022-08-29T19:55:25.345-0400] {processor.py:652} WARNING - No viable dags retrieved from /Users/jl/Documents/Repos/GHC-2022-data-engineering-workshop/venv/lib/python3.8/site-packages/airflow/example_dags/plugins/workday.py
[2022-08-29T19:55:25.393-0400] {processor.py:161} INFO - Processing /Users/jl/Documents/Repos/GHC-2022-data-engineering-workshop/venv/lib/python3.8/site-packages/airflow/example_dags/plugins/workday.py took 0.063 seconds
[2022-08-29T19:56:11.876-0400] {processor.py:153} INFO - Started process (PID=14134) to work on /Users/jl/Documents/Repos/GHC-2022-data-engineering-workshop/venv/lib/python3.8/site-packages/airflow/example_dags/plugins/workday.py
[2022-08-29T19:56:11.884-0400] {processor.py:640} INFO - Processing file /Users/jl/Documents/Repos/GHC-2022-data-engineering-workshop/venv/lib/python3.8/site-packages/airflow/example_dags/plugins/workday.py for tasks to queue
[2022-08-29T19:56:11.885-0400] {logging_mixin.py:115} INFO - [2022-08-29T19:56:11.884-0400] {dagbag.py:508} INFO - Filling up the DagBag from /Users/jl/Documents/Repos/GHC-2022-data-engineering-workshop/venv/lib/python3.8/site-packages/airflow/example_dags/plugins/workday.py
[2022-08-29T19:56:11.886-0400] {processor.py:652} WARNING - No viable dags retrieved from /Users/jl/Documents/Repos/GHC-2022-data-engineering-workshop/venv/lib/python3.8/site-packages/airflow/example_dags/plugins/workday.py
[2022-08-29T19:56:11.935-0400] {processor.py:161} INFO - Processing /Users/jl/Documents/Repos/GHC-2022-data-engineering-workshop/venv/lib/python3.8/site-packages/airflow/example_dags/plugins/workday.py took 0.060 seconds
[2022-08-29T19:56:53.324-0400] {processor.py:153} INFO - Started process (PID=14175) to work on /Users/jl/Documents/Repos/GHC-2022-data-engineering-workshop/venv/lib/python3.8/site-packages/airflow/example_dags/plugins/workday.py
[2022-08-29T19:56:53.332-0400] {processor.py:640} INFO - Processing file /Users/jl/Documents/Repos/GHC-2022-data-engineering-workshop/venv/lib/python3.8/site-packages/airflow/example_dags/plugins/workday.py for tasks to queue
[2022-08-29T19:56:53.333-0400] {logging_mixin.py:115} INFO - [2022-08-29T19:56:53.333-0400] {dagbag.py:508} INFO - Filling up the DagBag from /Users/jl/Documents/Repos/GHC-2022-data-engineering-workshop/venv/lib/python3.8/site-packages/airflow/example_dags/plugins/workday.py
[2022-08-29T19:56:53.334-0400] {processor.py:652} WARNING - No viable dags retrieved from /Users/jl/Documents/Repos/GHC-2022-data-engineering-workshop/venv/lib/python3.8/site-packages/airflow/example_dags/plugins/workday.py
[2022-08-29T19:56:53.382-0400] {processor.py:161} INFO - Processing /Users/jl/Documents/Repos/GHC-2022-data-engineering-workshop/venv/lib/python3.8/site-packages/airflow/example_dags/plugins/workday.py took 0.059 seconds
[2022-08-29T19:57:35.126-0400] {processor.py:153} INFO - Started process (PID=14215) to work on /Users/jl/Documents/Repos/GHC-2022-data-engineering-workshop/venv/lib/python3.8/site-packages/airflow/example_dags/plugins/workday.py
[2022-08-29T19:57:35.134-0400] {processor.py:640} INFO - Processing file /Users/jl/Documents/Repos/GHC-2022-data-engineering-workshop/venv/lib/python3.8/site-packages/airflow/example_dags/plugins/workday.py for tasks to queue
[2022-08-29T19:57:35.135-0400] {logging_mixin.py:115} INFO - [2022-08-29T19:57:35.134-0400] {dagbag.py:508} INFO - Filling up the DagBag from /Users/jl/Documents/Repos/GHC-2022-data-engineering-workshop/venv/lib/python3.8/site-packages/airflow/example_dags/plugins/workday.py
[2022-08-29T19:57:35.136-0400] {processor.py:652} WARNING - No viable dags retrieved from /Users/jl/Documents/Repos/GHC-2022-data-engineering-workshop/venv/lib/python3.8/site-packages/airflow/example_dags/plugins/workday.py
[2022-08-29T19:57:35.185-0400] {processor.py:161} INFO - Processing /Users/jl/Documents/Repos/GHC-2022-data-engineering-workshop/venv/lib/python3.8/site-packages/airflow/example_dags/plugins/workday.py took 0.060 seconds
[2022-08-29T19:58:18.105-0400] {processor.py:153} INFO - Started process (PID=14256) to work on /Users/jl/Documents/Repos/GHC-2022-data-engineering-workshop/venv/lib/python3.8/site-packages/airflow/example_dags/plugins/workday.py
[2022-08-29T19:58:18.113-0400] {processor.py:640} INFO - Processing file /Users/jl/Documents/Repos/GHC-2022-data-engineering-workshop/venv/lib/python3.8/site-packages/airflow/example_dags/plugins/workday.py for tasks to queue
[2022-08-29T19:58:18.114-0400] {logging_mixin.py:115} INFO - [2022-08-29T19:58:18.114-0400] {dagbag.py:508} INFO - Filling up the DagBag from /Users/jl/Documents/Repos/GHC-2022-data-engineering-workshop/venv/lib/python3.8/site-packages/airflow/example_dags/plugins/workday.py
[2022-08-29T19:58:18.115-0400] {processor.py:652} WARNING - No viable dags retrieved from /Users/jl/Documents/Repos/GHC-2022-data-engineering-workshop/venv/lib/python3.8/site-packages/airflow/example_dags/plugins/workday.py
[2022-08-29T19:58:18.163-0400] {processor.py:161} INFO - Processing /Users/jl/Documents/Repos/GHC-2022-data-engineering-workshop/venv/lib/python3.8/site-packages/airflow/example_dags/plugins/workday.py took 0.059 seconds
[2022-08-29T19:59:03.052-0400] {processor.py:153} INFO - Started process (PID=14297) to work on /Users/jl/Documents/Repos/GHC-2022-data-engineering-workshop/venv/lib/python3.8/site-packages/airflow/example_dags/plugins/workday.py
[2022-08-29T19:59:03.060-0400] {processor.py:640} INFO - Processing file /Users/jl/Documents/Repos/GHC-2022-data-engineering-workshop/venv/lib/python3.8/site-packages/airflow/example_dags/plugins/workday.py for tasks to queue
[2022-08-29T19:59:03.061-0400] {logging_mixin.py:115} INFO - [2022-08-29T19:59:03.060-0400] {dagbag.py:508} INFO - Filling up the DagBag from /Users/jl/Documents/Repos/GHC-2022-data-engineering-workshop/venv/lib/python3.8/site-packages/airflow/example_dags/plugins/workday.py
[2022-08-29T19:59:03.062-0400] {processor.py:652} WARNING - No viable dags retrieved from /Users/jl/Documents/Repos/GHC-2022-data-engineering-workshop/venv/lib/python3.8/site-packages/airflow/example_dags/plugins/workday.py
[2022-08-29T19:59:03.111-0400] {processor.py:161} INFO - Processing /Users/jl/Documents/Repos/GHC-2022-data-engineering-workshop/venv/lib/python3.8/site-packages/airflow/example_dags/plugins/workday.py took 0.060 seconds
[2022-08-29T19:59:48.018-0400] {processor.py:153} INFO - Started process (PID=14337) to work on /Users/jl/Documents/Repos/GHC-2022-data-engineering-workshop/venv/lib/python3.8/site-packages/airflow/example_dags/plugins/workday.py
[2022-08-29T19:59:48.026-0400] {processor.py:640} INFO - Processing file /Users/jl/Documents/Repos/GHC-2022-data-engineering-workshop/venv/lib/python3.8/site-packages/airflow/example_dags/plugins/workday.py for tasks to queue
[2022-08-29T19:59:48.027-0400] {logging_mixin.py:115} INFO - [2022-08-29T19:59:48.027-0400] {dagbag.py:508} INFO - Filling up the DagBag from /Users/jl/Documents/Repos/GHC-2022-data-engineering-workshop/venv/lib/python3.8/site-packages/airflow/example_dags/plugins/workday.py
[2022-08-29T19:59:48.028-0400] {processor.py:652} WARNING - No viable dags retrieved from /Users/jl/Documents/Repos/GHC-2022-data-engineering-workshop/venv/lib/python3.8/site-packages/airflow/example_dags/plugins/workday.py
[2022-08-29T19:59:48.077-0400] {processor.py:161} INFO - Processing /Users/jl/Documents/Repos/GHC-2022-data-engineering-workshop/venv/lib/python3.8/site-packages/airflow/example_dags/plugins/workday.py took 0.060 seconds
