[2022-08-29T20:00:32.086-0400] {processor.py:153} INFO - Started process (PID=14375) to work on /Users/jl/Documents/Repos/GHC-2022-data-engineering-workshop/venv/lib/python3.8/site-packages/airflow/example_dags/subdags/subdag.py
[2022-08-29T20:00:32.094-0400] {processor.py:640} INFO - Processing file /Users/jl/Documents/Repos/GHC-2022-data-engineering-workshop/venv/lib/python3.8/site-packages/airflow/example_dags/subdags/subdag.py for tasks to queue
[2022-08-29T20:00:32.095-0400] {logging_mixin.py:115} INFO - [2022-08-29T20:00:32.095-0400] {dagbag.py:508} INFO - Filling up the DagBag from /Users/jl/Documents/Repos/GHC-2022-data-engineering-workshop/venv/lib/python3.8/site-packages/airflow/example_dags/subdags/subdag.py
[2022-08-29T20:00:32.100-0400] {processor.py:652} WARNING - No viable dags retrieved from /Users/jl/Documents/Repos/GHC-2022-data-engineering-workshop/venv/lib/python3.8/site-packages/airflow/example_dags/subdags/subdag.py
[2022-08-29T20:00:32.151-0400] {processor.py:161} INFO - Processing /Users/jl/Documents/Repos/GHC-2022-data-engineering-workshop/venv/lib/python3.8/site-packages/airflow/example_dags/subdags/subdag.py took 0.066 seconds
[2022-08-29T20:01:16.700-0400] {processor.py:153} INFO - Started process (PID=14417) to work on /Users/jl/Documents/Repos/GHC-2022-data-engineering-workshop/venv/lib/python3.8/site-packages/airflow/example_dags/subdags/subdag.py
[2022-08-29T20:01:16.708-0400] {processor.py:640} INFO - Processing file /Users/jl/Documents/Repos/GHC-2022-data-engineering-workshop/venv/lib/python3.8/site-packages/airflow/example_dags/subdags/subdag.py for tasks to queue
[2022-08-29T20:01:16.709-0400] {logging_mixin.py:115} INFO - [2022-08-29T20:01:16.709-0400] {dagbag.py:508} INFO - Filling up the DagBag from /Users/jl/Documents/Repos/GHC-2022-data-engineering-workshop/venv/lib/python3.8/site-packages/airflow/example_dags/subdags/subdag.py
[2022-08-29T20:01:16.711-0400] {processor.py:652} WARNING - No viable dags retrieved from /Users/jl/Documents/Repos/GHC-2022-data-engineering-workshop/venv/lib/python3.8/site-packages/airflow/example_dags/subdags/subdag.py
[2022-08-29T20:01:16.758-0400] {processor.py:161} INFO - Processing /Users/jl/Documents/Repos/GHC-2022-data-engineering-workshop/venv/lib/python3.8/site-packages/airflow/example_dags/subdags/subdag.py took 0.059 seconds
[2022-08-29T20:02:02.565-0400] {processor.py:153} INFO - Started process (PID=14458) to work on /Users/jl/Documents/Repos/GHC-2022-data-engineering-workshop/venv/lib/python3.8/site-packages/airflow/example_dags/subdags/subdag.py
[2022-08-29T20:02:02.573-0400] {processor.py:640} INFO - Processing file /Users/jl/Documents/Repos/GHC-2022-data-engineering-workshop/venv/lib/python3.8/site-packages/airflow/example_dags/subdags/subdag.py for tasks to queue
[2022-08-29T20:02:02.573-0400] {logging_mixin.py:115} INFO - [2022-08-29T20:02:02.573-0400] {dagbag.py:508} INFO - Filling up the DagBag from /Users/jl/Documents/Repos/GHC-2022-data-engineering-workshop/venv/lib/python3.8/site-packages/airflow/example_dags/subdags/subdag.py
[2022-08-29T20:02:02.576-0400] {processor.py:652} WARNING - No viable dags retrieved from /Users/jl/Documents/Repos/GHC-2022-data-engineering-workshop/venv/lib/python3.8/site-packages/airflow/example_dags/subdags/subdag.py
[2022-08-29T20:02:02.623-0400] {processor.py:161} INFO - Processing /Users/jl/Documents/Repos/GHC-2022-data-engineering-workshop/venv/lib/python3.8/site-packages/airflow/example_dags/subdags/subdag.py took 0.060 seconds
[2022-08-29T20:02:43.854-0400] {processor.py:153} INFO - Started process (PID=14500) to work on /Users/jl/Documents/Repos/GHC-2022-data-engineering-workshop/venv/lib/python3.8/site-packages/airflow/example_dags/subdags/subdag.py
[2022-08-29T20:02:43.862-0400] {processor.py:640} INFO - Processing file /Users/jl/Documents/Repos/GHC-2022-data-engineering-workshop/venv/lib/python3.8/site-packages/airflow/example_dags/subdags/subdag.py for tasks to queue
[2022-08-29T20:02:43.863-0400] {logging_mixin.py:115} INFO - [2022-08-29T20:02:43.863-0400] {dagbag.py:508} INFO - Filling up the DagBag from /Users/jl/Documents/Repos/GHC-2022-data-engineering-workshop/venv/lib/python3.8/site-packages/airflow/example_dags/subdags/subdag.py
[2022-08-29T20:02:43.865-0400] {processor.py:652} WARNING - No viable dags retrieved from /Users/jl/Documents/Repos/GHC-2022-data-engineering-workshop/venv/lib/python3.8/site-packages/airflow/example_dags/subdags/subdag.py
[2022-08-29T20:02:43.914-0400] {processor.py:161} INFO - Processing /Users/jl/Documents/Repos/GHC-2022-data-engineering-workshop/venv/lib/python3.8/site-packages/airflow/example_dags/subdags/subdag.py took 0.060 seconds
[2022-08-29T20:03:25.659-0400] {processor.py:153} INFO - Started process (PID=14539) to work on /Users/jl/Documents/Repos/GHC-2022-data-engineering-workshop/venv/lib/python3.8/site-packages/airflow/example_dags/subdags/subdag.py
[2022-08-29T20:03:25.667-0400] {processor.py:640} INFO - Processing file /Users/jl/Documents/Repos/GHC-2022-data-engineering-workshop/venv/lib/python3.8/site-packages/airflow/example_dags/subdags/subdag.py for tasks to queue
[2022-08-29T20:03:25.668-0400] {logging_mixin.py:115} INFO - [2022-08-29T20:03:25.667-0400] {dagbag.py:508} INFO - Filling up the DagBag from /Users/jl/Documents/Repos/GHC-2022-data-engineering-workshop/venv/lib/python3.8/site-packages/airflow/example_dags/subdags/subdag.py
[2022-08-29T20:03:25.670-0400] {processor.py:652} WARNING - No viable dags retrieved from /Users/jl/Documents/Repos/GHC-2022-data-engineering-workshop/venv/lib/python3.8/site-packages/airflow/example_dags/subdags/subdag.py
[2022-08-29T20:03:25.718-0400] {processor.py:161} INFO - Processing /Users/jl/Documents/Repos/GHC-2022-data-engineering-workshop/venv/lib/python3.8/site-packages/airflow/example_dags/subdags/subdag.py took 0.060 seconds
[2022-08-29T20:04:08.652-0400] {processor.py:153} INFO - Started process (PID=14579) to work on /Users/jl/Documents/Repos/GHC-2022-data-engineering-workshop/venv/lib/python3.8/site-packages/airflow/example_dags/subdags/subdag.py
[2022-08-29T20:04:08.660-0400] {processor.py:640} INFO - Processing file /Users/jl/Documents/Repos/GHC-2022-data-engineering-workshop/venv/lib/python3.8/site-packages/airflow/example_dags/subdags/subdag.py for tasks to queue
[2022-08-29T20:04:08.660-0400] {logging_mixin.py:115} INFO - [2022-08-29T20:04:08.660-0400] {dagbag.py:508} INFO - Filling up the DagBag from /Users/jl/Documents/Repos/GHC-2022-data-engineering-workshop/venv/lib/python3.8/site-packages/airflow/example_dags/subdags/subdag.py
[2022-08-29T20:04:08.663-0400] {processor.py:652} WARNING - No viable dags retrieved from /Users/jl/Documents/Repos/GHC-2022-data-engineering-workshop/venv/lib/python3.8/site-packages/airflow/example_dags/subdags/subdag.py
[2022-08-29T20:04:08.710-0400] {processor.py:161} INFO - Processing /Users/jl/Documents/Repos/GHC-2022-data-engineering-workshop/venv/lib/python3.8/site-packages/airflow/example_dags/subdags/subdag.py took 0.059 seconds
[2022-08-29T20:04:53.177-0400] {processor.py:153} INFO - Started process (PID=14619) to work on /Users/jl/Documents/Repos/GHC-2022-data-engineering-workshop/venv/lib/python3.8/site-packages/airflow/example_dags/subdags/subdag.py
[2022-08-29T20:04:53.185-0400] {processor.py:640} INFO - Processing file /Users/jl/Documents/Repos/GHC-2022-data-engineering-workshop/venv/lib/python3.8/site-packages/airflow/example_dags/subdags/subdag.py for tasks to queue
[2022-08-29T20:04:53.185-0400] {logging_mixin.py:115} INFO - [2022-08-29T20:04:53.185-0400] {dagbag.py:508} INFO - Filling up the DagBag from /Users/jl/Documents/Repos/GHC-2022-data-engineering-workshop/venv/lib/python3.8/site-packages/airflow/example_dags/subdags/subdag.py
[2022-08-29T20:04:53.187-0400] {processor.py:652} WARNING - No viable dags retrieved from /Users/jl/Documents/Repos/GHC-2022-data-engineering-workshop/venv/lib/python3.8/site-packages/airflow/example_dags/subdags/subdag.py
[2022-08-29T20:04:53.236-0400] {processor.py:161} INFO - Processing /Users/jl/Documents/Repos/GHC-2022-data-engineering-workshop/venv/lib/python3.8/site-packages/airflow/example_dags/subdags/subdag.py took 0.061 seconds
[2022-08-29T20:05:36.429-0400] {processor.py:153} INFO - Started process (PID=14660) to work on /Users/jl/Documents/Repos/GHC-2022-data-engineering-workshop/venv/lib/python3.8/site-packages/airflow/example_dags/subdags/subdag.py
[2022-08-29T20:05:36.437-0400] {processor.py:640} INFO - Processing file /Users/jl/Documents/Repos/GHC-2022-data-engineering-workshop/venv/lib/python3.8/site-packages/airflow/example_dags/subdags/subdag.py for tasks to queue
[2022-08-29T20:05:36.437-0400] {logging_mixin.py:115} INFO - [2022-08-29T20:05:36.437-0400] {dagbag.py:508} INFO - Filling up the DagBag from /Users/jl/Documents/Repos/GHC-2022-data-engineering-workshop/venv/lib/python3.8/site-packages/airflow/example_dags/subdags/subdag.py
[2022-08-29T20:05:36.439-0400] {processor.py:652} WARNING - No viable dags retrieved from /Users/jl/Documents/Repos/GHC-2022-data-engineering-workshop/venv/lib/python3.8/site-packages/airflow/example_dags/subdags/subdag.py
[2022-08-29T20:05:36.488-0400] {processor.py:161} INFO - Processing /Users/jl/Documents/Repos/GHC-2022-data-engineering-workshop/venv/lib/python3.8/site-packages/airflow/example_dags/subdags/subdag.py took 0.060 seconds
[2022-08-29T20:06:20.688-0400] {processor.py:153} INFO - Started process (PID=14700) to work on /Users/jl/Documents/Repos/GHC-2022-data-engineering-workshop/venv/lib/python3.8/site-packages/airflow/example_dags/subdags/subdag.py
[2022-08-29T20:06:20.696-0400] {processor.py:640} INFO - Processing file /Users/jl/Documents/Repos/GHC-2022-data-engineering-workshop/venv/lib/python3.8/site-packages/airflow/example_dags/subdags/subdag.py for tasks to queue
[2022-08-29T20:06:20.696-0400] {logging_mixin.py:115} INFO - [2022-08-29T20:06:20.696-0400] {dagbag.py:508} INFO - Filling up the DagBag from /Users/jl/Documents/Repos/GHC-2022-data-engineering-workshop/venv/lib/python3.8/site-packages/airflow/example_dags/subdags/subdag.py
[2022-08-29T20:06:20.698-0400] {processor.py:652} WARNING - No viable dags retrieved from /Users/jl/Documents/Repos/GHC-2022-data-engineering-workshop/venv/lib/python3.8/site-packages/airflow/example_dags/subdags/subdag.py
[2022-08-29T20:06:20.747-0400] {processor.py:161} INFO - Processing /Users/jl/Documents/Repos/GHC-2022-data-engineering-workshop/venv/lib/python3.8/site-packages/airflow/example_dags/subdags/subdag.py took 0.060 seconds
[2022-08-29T20:07:03.916-0400] {processor.py:153} INFO - Started process (PID=14740) to work on /Users/jl/Documents/Repos/GHC-2022-data-engineering-workshop/venv/lib/python3.8/site-packages/airflow/example_dags/subdags/subdag.py
[2022-08-29T20:07:03.924-0400] {processor.py:640} INFO - Processing file /Users/jl/Documents/Repos/GHC-2022-data-engineering-workshop/venv/lib/python3.8/site-packages/airflow/example_dags/subdags/subdag.py for tasks to queue
[2022-08-29T20:07:03.925-0400] {logging_mixin.py:115} INFO - [2022-08-29T20:07:03.925-0400] {dagbag.py:508} INFO - Filling up the DagBag from /Users/jl/Documents/Repos/GHC-2022-data-engineering-workshop/venv/lib/python3.8/site-packages/airflow/example_dags/subdags/subdag.py
[2022-08-29T20:07:03.927-0400] {processor.py:652} WARNING - No viable dags retrieved from /Users/jl/Documents/Repos/GHC-2022-data-engineering-workshop/venv/lib/python3.8/site-packages/airflow/example_dags/subdags/subdag.py
[2022-08-29T20:07:03.975-0400] {processor.py:161} INFO - Processing /Users/jl/Documents/Repos/GHC-2022-data-engineering-workshop/venv/lib/python3.8/site-packages/airflow/example_dags/subdags/subdag.py took 0.060 seconds
[2022-08-29T20:07:46.726-0400] {processor.py:153} INFO - Started process (PID=14783) to work on /Users/jl/Documents/Repos/GHC-2022-data-engineering-workshop/venv/lib/python3.8/site-packages/airflow/example_dags/subdags/subdag.py
[2022-08-29T20:07:46.734-0400] {processor.py:640} INFO - Processing file /Users/jl/Documents/Repos/GHC-2022-data-engineering-workshop/venv/lib/python3.8/site-packages/airflow/example_dags/subdags/subdag.py for tasks to queue
[2022-08-29T20:07:46.735-0400] {logging_mixin.py:115} INFO - [2022-08-29T20:07:46.735-0400] {dagbag.py:508} INFO - Filling up the DagBag from /Users/jl/Documents/Repos/GHC-2022-data-engineering-workshop/venv/lib/python3.8/site-packages/airflow/example_dags/subdags/subdag.py
[2022-08-29T20:07:46.737-0400] {processor.py:652} WARNING - No viable dags retrieved from /Users/jl/Documents/Repos/GHC-2022-data-engineering-workshop/venv/lib/python3.8/site-packages/airflow/example_dags/subdags/subdag.py
[2022-08-29T20:07:46.786-0400] {processor.py:161} INFO - Processing /Users/jl/Documents/Repos/GHC-2022-data-engineering-workshop/venv/lib/python3.8/site-packages/airflow/example_dags/subdags/subdag.py took 0.061 seconds
[2022-08-29T20:08:30.479-0400] {processor.py:153} INFO - Started process (PID=14823) to work on /Users/jl/Documents/Repos/GHC-2022-data-engineering-workshop/venv/lib/python3.8/site-packages/airflow/example_dags/subdags/subdag.py
[2022-08-29T20:08:30.487-0400] {processor.py:640} INFO - Processing file /Users/jl/Documents/Repos/GHC-2022-data-engineering-workshop/venv/lib/python3.8/site-packages/airflow/example_dags/subdags/subdag.py for tasks to queue
[2022-08-29T20:08:30.487-0400] {logging_mixin.py:115} INFO - [2022-08-29T20:08:30.487-0400] {dagbag.py:508} INFO - Filling up the DagBag from /Users/jl/Documents/Repos/GHC-2022-data-engineering-workshop/venv/lib/python3.8/site-packages/airflow/example_dags/subdags/subdag.py
[2022-08-29T20:08:30.489-0400] {processor.py:652} WARNING - No viable dags retrieved from /Users/jl/Documents/Repos/GHC-2022-data-engineering-workshop/venv/lib/python3.8/site-packages/airflow/example_dags/subdags/subdag.py
[2022-08-29T20:08:30.539-0400] {processor.py:161} INFO - Processing /Users/jl/Documents/Repos/GHC-2022-data-engineering-workshop/venv/lib/python3.8/site-packages/airflow/example_dags/subdags/subdag.py took 0.061 seconds
[2022-08-29T20:09:15.212-0400] {processor.py:153} INFO - Started process (PID=14863) to work on /Users/jl/Documents/Repos/GHC-2022-data-engineering-workshop/venv/lib/python3.8/site-packages/airflow/example_dags/subdags/subdag.py
[2022-08-29T20:09:15.220-0400] {processor.py:640} INFO - Processing file /Users/jl/Documents/Repos/GHC-2022-data-engineering-workshop/venv/lib/python3.8/site-packages/airflow/example_dags/subdags/subdag.py for tasks to queue
[2022-08-29T20:09:15.220-0400] {logging_mixin.py:115} INFO - [2022-08-29T20:09:15.220-0400] {dagbag.py:508} INFO - Filling up the DagBag from /Users/jl/Documents/Repos/GHC-2022-data-engineering-workshop/venv/lib/python3.8/site-packages/airflow/example_dags/subdags/subdag.py
[2022-08-29T20:09:15.222-0400] {processor.py:652} WARNING - No viable dags retrieved from /Users/jl/Documents/Repos/GHC-2022-data-engineering-workshop/venv/lib/python3.8/site-packages/airflow/example_dags/subdags/subdag.py
[2022-08-29T20:09:15.271-0400] {processor.py:161} INFO - Processing /Users/jl/Documents/Repos/GHC-2022-data-engineering-workshop/venv/lib/python3.8/site-packages/airflow/example_dags/subdags/subdag.py took 0.060 seconds
[2022-08-29T20:10:02.931-0400] {processor.py:153} INFO - Started process (PID=14906) to work on /Users/jl/Documents/Repos/GHC-2022-data-engineering-workshop/venv/lib/python3.8/site-packages/airflow/example_dags/subdags/subdag.py
[2022-08-29T20:10:02.941-0400] {processor.py:640} INFO - Processing file /Users/jl/Documents/Repos/GHC-2022-data-engineering-workshop/venv/lib/python3.8/site-packages/airflow/example_dags/subdags/subdag.py for tasks to queue
[2022-08-29T20:10:02.941-0400] {logging_mixin.py:115} INFO - [2022-08-29T20:10:02.941-0400] {dagbag.py:508} INFO - Filling up the DagBag from /Users/jl/Documents/Repos/GHC-2022-data-engineering-workshop/venv/lib/python3.8/site-packages/airflow/example_dags/subdags/subdag.py
[2022-08-29T20:10:02.945-0400] {processor.py:652} WARNING - No viable dags retrieved from /Users/jl/Documents/Repos/GHC-2022-data-engineering-workshop/venv/lib/python3.8/site-packages/airflow/example_dags/subdags/subdag.py
[2022-08-29T20:10:02.995-0400] {processor.py:161} INFO - Processing /Users/jl/Documents/Repos/GHC-2022-data-engineering-workshop/venv/lib/python3.8/site-packages/airflow/example_dags/subdags/subdag.py took 0.065 seconds
[2022-08-29T20:10:52.477-0400] {processor.py:153} INFO - Started process (PID=14952) to work on /Users/jl/Documents/Repos/GHC-2022-data-engineering-workshop/venv/lib/python3.8/site-packages/airflow/example_dags/subdags/subdag.py
[2022-08-29T20:10:52.485-0400] {processor.py:640} INFO - Processing file /Users/jl/Documents/Repos/GHC-2022-data-engineering-workshop/venv/lib/python3.8/site-packages/airflow/example_dags/subdags/subdag.py for tasks to queue
[2022-08-29T20:10:52.485-0400] {logging_mixin.py:115} INFO - [2022-08-29T20:10:52.485-0400] {dagbag.py:508} INFO - Filling up the DagBag from /Users/jl/Documents/Repos/GHC-2022-data-engineering-workshop/venv/lib/python3.8/site-packages/airflow/example_dags/subdags/subdag.py
[2022-08-29T20:10:52.487-0400] {processor.py:652} WARNING - No viable dags retrieved from /Users/jl/Documents/Repos/GHC-2022-data-engineering-workshop/venv/lib/python3.8/site-packages/airflow/example_dags/subdags/subdag.py
[2022-08-29T20:10:52.540-0400] {processor.py:161} INFO - Processing /Users/jl/Documents/Repos/GHC-2022-data-engineering-workshop/venv/lib/python3.8/site-packages/airflow/example_dags/subdags/subdag.py took 0.064 seconds
[2022-08-29T20:11:38.232-0400] {processor.py:153} INFO - Started process (PID=14995) to work on /Users/jl/Documents/Repos/GHC-2022-data-engineering-workshop/venv/lib/python3.8/site-packages/airflow/example_dags/subdags/subdag.py
[2022-08-29T20:11:38.245-0400] {processor.py:640} INFO - Processing file /Users/jl/Documents/Repos/GHC-2022-data-engineering-workshop/venv/lib/python3.8/site-packages/airflow/example_dags/subdags/subdag.py for tasks to queue
[2022-08-29T20:11:38.246-0400] {logging_mixin.py:115} INFO - [2022-08-29T20:11:38.246-0400] {dagbag.py:508} INFO - Filling up the DagBag from /Users/jl/Documents/Repos/GHC-2022-data-engineering-workshop/venv/lib/python3.8/site-packages/airflow/example_dags/subdags/subdag.py
[2022-08-29T20:11:38.248-0400] {processor.py:652} WARNING - No viable dags retrieved from /Users/jl/Documents/Repos/GHC-2022-data-engineering-workshop/venv/lib/python3.8/site-packages/airflow/example_dags/subdags/subdag.py
[2022-08-29T20:11:38.323-0400] {processor.py:161} INFO - Processing /Users/jl/Documents/Repos/GHC-2022-data-engineering-workshop/venv/lib/python3.8/site-packages/airflow/example_dags/subdags/subdag.py took 0.092 seconds
[2022-08-29T20:12:23.964-0400] {processor.py:153} INFO - Started process (PID=15037) to work on /Users/jl/Documents/Repos/GHC-2022-data-engineering-workshop/venv/lib/python3.8/site-packages/airflow/example_dags/subdags/subdag.py
[2022-08-29T20:12:23.973-0400] {processor.py:640} INFO - Processing file /Users/jl/Documents/Repos/GHC-2022-data-engineering-workshop/venv/lib/python3.8/site-packages/airflow/example_dags/subdags/subdag.py for tasks to queue
[2022-08-29T20:12:23.973-0400] {logging_mixin.py:115} INFO - [2022-08-29T20:12:23.973-0400] {dagbag.py:508} INFO - Filling up the DagBag from /Users/jl/Documents/Repos/GHC-2022-data-engineering-workshop/venv/lib/python3.8/site-packages/airflow/example_dags/subdags/subdag.py
[2022-08-29T20:12:23.975-0400] {processor.py:652} WARNING - No viable dags retrieved from /Users/jl/Documents/Repos/GHC-2022-data-engineering-workshop/venv/lib/python3.8/site-packages/airflow/example_dags/subdags/subdag.py
[2022-08-29T20:12:24.024-0400] {processor.py:161} INFO - Processing /Users/jl/Documents/Repos/GHC-2022-data-engineering-workshop/venv/lib/python3.8/site-packages/airflow/example_dags/subdags/subdag.py took 0.061 seconds
[2022-08-29T20:13:07.801-0400] {processor.py:153} INFO - Started process (PID=15080) to work on /Users/jl/Documents/Repos/GHC-2022-data-engineering-workshop/venv/lib/python3.8/site-packages/airflow/example_dags/subdags/subdag.py
[2022-08-29T20:13:07.809-0400] {processor.py:640} INFO - Processing file /Users/jl/Documents/Repos/GHC-2022-data-engineering-workshop/venv/lib/python3.8/site-packages/airflow/example_dags/subdags/subdag.py for tasks to queue
[2022-08-29T20:13:07.810-0400] {logging_mixin.py:115} INFO - [2022-08-29T20:13:07.810-0400] {dagbag.py:508} INFO - Filling up the DagBag from /Users/jl/Documents/Repos/GHC-2022-data-engineering-workshop/venv/lib/python3.8/site-packages/airflow/example_dags/subdags/subdag.py
[2022-08-29T20:13:07.812-0400] {processor.py:652} WARNING - No viable dags retrieved from /Users/jl/Documents/Repos/GHC-2022-data-engineering-workshop/venv/lib/python3.8/site-packages/airflow/example_dags/subdags/subdag.py
[2022-08-29T20:13:07.860-0400] {processor.py:161} INFO - Processing /Users/jl/Documents/Repos/GHC-2022-data-engineering-workshop/venv/lib/python3.8/site-packages/airflow/example_dags/subdags/subdag.py took 0.060 seconds
[2022-08-29T20:13:52.964-0400] {processor.py:153} INFO - Started process (PID=15120) to work on /Users/jl/Documents/Repos/GHC-2022-data-engineering-workshop/venv/lib/python3.8/site-packages/airflow/example_dags/subdags/subdag.py
[2022-08-29T20:13:52.972-0400] {processor.py:640} INFO - Processing file /Users/jl/Documents/Repos/GHC-2022-data-engineering-workshop/venv/lib/python3.8/site-packages/airflow/example_dags/subdags/subdag.py for tasks to queue
[2022-08-29T20:13:52.973-0400] {logging_mixin.py:115} INFO - [2022-08-29T20:13:52.972-0400] {dagbag.py:508} INFO - Filling up the DagBag from /Users/jl/Documents/Repos/GHC-2022-data-engineering-workshop/venv/lib/python3.8/site-packages/airflow/example_dags/subdags/subdag.py
[2022-08-29T20:13:52.974-0400] {processor.py:652} WARNING - No viable dags retrieved from /Users/jl/Documents/Repos/GHC-2022-data-engineering-workshop/venv/lib/python3.8/site-packages/airflow/example_dags/subdags/subdag.py
[2022-08-29T20:13:53.024-0400] {processor.py:161} INFO - Processing /Users/jl/Documents/Repos/GHC-2022-data-engineering-workshop/venv/lib/python3.8/site-packages/airflow/example_dags/subdags/subdag.py took 0.061 seconds
[2022-08-29T20:14:36.932-0400] {processor.py:153} INFO - Started process (PID=15160) to work on /Users/jl/Documents/Repos/GHC-2022-data-engineering-workshop/venv/lib/python3.8/site-packages/airflow/example_dags/subdags/subdag.py
[2022-08-29T20:14:36.941-0400] {processor.py:640} INFO - Processing file /Users/jl/Documents/Repos/GHC-2022-data-engineering-workshop/venv/lib/python3.8/site-packages/airflow/example_dags/subdags/subdag.py for tasks to queue
[2022-08-29T20:14:36.942-0400] {logging_mixin.py:115} INFO - [2022-08-29T20:14:36.942-0400] {dagbag.py:508} INFO - Filling up the DagBag from /Users/jl/Documents/Repos/GHC-2022-data-engineering-workshop/venv/lib/python3.8/site-packages/airflow/example_dags/subdags/subdag.py
[2022-08-29T20:14:36.944-0400] {processor.py:652} WARNING - No viable dags retrieved from /Users/jl/Documents/Repos/GHC-2022-data-engineering-workshop/venv/lib/python3.8/site-packages/airflow/example_dags/subdags/subdag.py
[2022-08-29T20:14:37.058-0400] {processor.py:161} INFO - Processing /Users/jl/Documents/Repos/GHC-2022-data-engineering-workshop/venv/lib/python3.8/site-packages/airflow/example_dags/subdags/subdag.py took 0.127 seconds
[2022-08-29T20:15:28.196-0400] {processor.py:153} INFO - Started process (PID=15236) to work on /Users/jl/Documents/Repos/GHC-2022-data-engineering-workshop/venv/lib/python3.8/site-packages/airflow/example_dags/subdags/subdag.py
[2022-08-29T20:15:28.204-0400] {processor.py:640} INFO - Processing file /Users/jl/Documents/Repos/GHC-2022-data-engineering-workshop/venv/lib/python3.8/site-packages/airflow/example_dags/subdags/subdag.py for tasks to queue
[2022-08-29T20:15:28.205-0400] {logging_mixin.py:115} INFO - [2022-08-29T20:15:28.204-0400] {dagbag.py:508} INFO - Filling up the DagBag from /Users/jl/Documents/Repos/GHC-2022-data-engineering-workshop/venv/lib/python3.8/site-packages/airflow/example_dags/subdags/subdag.py
[2022-08-29T20:15:28.206-0400] {processor.py:652} WARNING - No viable dags retrieved from /Users/jl/Documents/Repos/GHC-2022-data-engineering-workshop/venv/lib/python3.8/site-packages/airflow/example_dags/subdags/subdag.py
[2022-08-29T20:15:28.255-0400] {processor.py:161} INFO - Processing /Users/jl/Documents/Repos/GHC-2022-data-engineering-workshop/venv/lib/python3.8/site-packages/airflow/example_dags/subdags/subdag.py took 0.060 seconds
[2022-08-29T20:16:19.070-0400] {processor.py:153} INFO - Started process (PID=15279) to work on /Users/jl/Documents/Repos/GHC-2022-data-engineering-workshop/venv/lib/python3.8/site-packages/airflow/example_dags/subdags/subdag.py
[2022-08-29T20:16:19.080-0400] {processor.py:640} INFO - Processing file /Users/jl/Documents/Repos/GHC-2022-data-engineering-workshop/venv/lib/python3.8/site-packages/airflow/example_dags/subdags/subdag.py for tasks to queue
[2022-08-29T20:16:19.081-0400] {logging_mixin.py:115} INFO - [2022-08-29T20:16:19.081-0400] {dagbag.py:508} INFO - Filling up the DagBag from /Users/jl/Documents/Repos/GHC-2022-data-engineering-workshop/venv/lib/python3.8/site-packages/airflow/example_dags/subdags/subdag.py
[2022-08-29T20:16:19.083-0400] {processor.py:652} WARNING - No viable dags retrieved from /Users/jl/Documents/Repos/GHC-2022-data-engineering-workshop/venv/lib/python3.8/site-packages/airflow/example_dags/subdags/subdag.py
[2022-08-29T20:16:19.141-0400] {processor.py:161} INFO - Processing /Users/jl/Documents/Repos/GHC-2022-data-engineering-workshop/venv/lib/python3.8/site-packages/airflow/example_dags/subdags/subdag.py took 0.072 seconds
[2022-08-29T20:17:14.858-0400] {processor.py:153} INFO - Started process (PID=15337) to work on /Users/jl/Documents/Repos/GHC-2022-data-engineering-workshop/venv/lib/python3.8/site-packages/airflow/example_dags/subdags/subdag.py
[2022-08-29T20:17:14.866-0400] {processor.py:640} INFO - Processing file /Users/jl/Documents/Repos/GHC-2022-data-engineering-workshop/venv/lib/python3.8/site-packages/airflow/example_dags/subdags/subdag.py for tasks to queue
[2022-08-29T20:17:14.866-0400] {logging_mixin.py:115} INFO - [2022-08-29T20:17:14.866-0400] {dagbag.py:508} INFO - Filling up the DagBag from /Users/jl/Documents/Repos/GHC-2022-data-engineering-workshop/venv/lib/python3.8/site-packages/airflow/example_dags/subdags/subdag.py
[2022-08-29T20:17:14.868-0400] {processor.py:652} WARNING - No viable dags retrieved from /Users/jl/Documents/Repos/GHC-2022-data-engineering-workshop/venv/lib/python3.8/site-packages/airflow/example_dags/subdags/subdag.py
[2022-08-29T20:17:14.917-0400] {processor.py:161} INFO - Processing /Users/jl/Documents/Repos/GHC-2022-data-engineering-workshop/venv/lib/python3.8/site-packages/airflow/example_dags/subdags/subdag.py took 0.060 seconds
[2022-08-29T20:18:13.862-0400] {processor.py:153} INFO - Started process (PID=15398) to work on /Users/jl/Documents/Repos/GHC-2022-data-engineering-workshop/venv/lib/python3.8/site-packages/airflow/example_dags/subdags/subdag.py
[2022-08-29T20:18:13.870-0400] {processor.py:640} INFO - Processing file /Users/jl/Documents/Repos/GHC-2022-data-engineering-workshop/venv/lib/python3.8/site-packages/airflow/example_dags/subdags/subdag.py for tasks to queue
[2022-08-29T20:18:13.871-0400] {logging_mixin.py:115} INFO - [2022-08-29T20:18:13.870-0400] {dagbag.py:508} INFO - Filling up the DagBag from /Users/jl/Documents/Repos/GHC-2022-data-engineering-workshop/venv/lib/python3.8/site-packages/airflow/example_dags/subdags/subdag.py
[2022-08-29T20:18:13.873-0400] {processor.py:652} WARNING - No viable dags retrieved from /Users/jl/Documents/Repos/GHC-2022-data-engineering-workshop/venv/lib/python3.8/site-packages/airflow/example_dags/subdags/subdag.py
[2022-08-29T20:18:13.920-0400] {processor.py:161} INFO - Processing /Users/jl/Documents/Repos/GHC-2022-data-engineering-workshop/venv/lib/python3.8/site-packages/airflow/example_dags/subdags/subdag.py took 0.060 seconds
[2022-08-29T20:19:09.382-0400] {processor.py:153} INFO - Started process (PID=15464) to work on /Users/jl/Documents/Repos/GHC-2022-data-engineering-workshop/venv/lib/python3.8/site-packages/airflow/example_dags/subdags/subdag.py
[2022-08-29T20:19:09.393-0400] {processor.py:640} INFO - Processing file /Users/jl/Documents/Repos/GHC-2022-data-engineering-workshop/venv/lib/python3.8/site-packages/airflow/example_dags/subdags/subdag.py for tasks to queue
[2022-08-29T20:19:09.394-0400] {logging_mixin.py:115} INFO - [2022-08-29T20:19:09.394-0400] {dagbag.py:508} INFO - Filling up the DagBag from /Users/jl/Documents/Repos/GHC-2022-data-engineering-workshop/venv/lib/python3.8/site-packages/airflow/example_dags/subdags/subdag.py
[2022-08-29T20:19:09.397-0400] {processor.py:652} WARNING - No viable dags retrieved from /Users/jl/Documents/Repos/GHC-2022-data-engineering-workshop/venv/lib/python3.8/site-packages/airflow/example_dags/subdags/subdag.py
[2022-08-29T20:19:09.460-0400] {processor.py:161} INFO - Processing /Users/jl/Documents/Repos/GHC-2022-data-engineering-workshop/venv/lib/python3.8/site-packages/airflow/example_dags/subdags/subdag.py took 0.078 seconds
[2022-08-29T20:20:01.140-0400] {processor.py:153} INFO - Started process (PID=15509) to work on /Users/jl/Documents/Repos/GHC-2022-data-engineering-workshop/venv/lib/python3.8/site-packages/airflow/example_dags/subdags/subdag.py
[2022-08-29T20:20:01.150-0400] {processor.py:640} INFO - Processing file /Users/jl/Documents/Repos/GHC-2022-data-engineering-workshop/venv/lib/python3.8/site-packages/airflow/example_dags/subdags/subdag.py for tasks to queue
[2022-08-29T20:20:01.151-0400] {logging_mixin.py:115} INFO - [2022-08-29T20:20:01.150-0400] {dagbag.py:508} INFO - Filling up the DagBag from /Users/jl/Documents/Repos/GHC-2022-data-engineering-workshop/venv/lib/python3.8/site-packages/airflow/example_dags/subdags/subdag.py
[2022-08-29T20:20:01.153-0400] {processor.py:652} WARNING - No viable dags retrieved from /Users/jl/Documents/Repos/GHC-2022-data-engineering-workshop/venv/lib/python3.8/site-packages/airflow/example_dags/subdags/subdag.py
[2022-08-29T20:20:01.201-0400] {processor.py:161} INFO - Processing /Users/jl/Documents/Repos/GHC-2022-data-engineering-workshop/venv/lib/python3.8/site-packages/airflow/example_dags/subdags/subdag.py took 0.062 seconds
[2022-08-29T20:20:48.845-0400] {processor.py:153} INFO - Started process (PID=15549) to work on /Users/jl/Documents/Repos/GHC-2022-data-engineering-workshop/venv/lib/python3.8/site-packages/airflow/example_dags/subdags/subdag.py
[2022-08-29T20:20:48.853-0400] {processor.py:640} INFO - Processing file /Users/jl/Documents/Repos/GHC-2022-data-engineering-workshop/venv/lib/python3.8/site-packages/airflow/example_dags/subdags/subdag.py for tasks to queue
[2022-08-29T20:20:48.854-0400] {logging_mixin.py:115} INFO - [2022-08-29T20:20:48.854-0400] {dagbag.py:508} INFO - Filling up the DagBag from /Users/jl/Documents/Repos/GHC-2022-data-engineering-workshop/venv/lib/python3.8/site-packages/airflow/example_dags/subdags/subdag.py
[2022-08-29T20:20:48.856-0400] {processor.py:652} WARNING - No viable dags retrieved from /Users/jl/Documents/Repos/GHC-2022-data-engineering-workshop/venv/lib/python3.8/site-packages/airflow/example_dags/subdags/subdag.py
[2022-08-29T20:20:48.906-0400] {processor.py:161} INFO - Processing /Users/jl/Documents/Repos/GHC-2022-data-engineering-workshop/venv/lib/python3.8/site-packages/airflow/example_dags/subdags/subdag.py took 0.062 seconds
[2022-08-29T20:21:34.109-0400] {processor.py:153} INFO - Started process (PID=15594) to work on /Users/jl/Documents/Repos/GHC-2022-data-engineering-workshop/venv/lib/python3.8/site-packages/airflow/example_dags/subdags/subdag.py
[2022-08-29T20:21:34.117-0400] {processor.py:640} INFO - Processing file /Users/jl/Documents/Repos/GHC-2022-data-engineering-workshop/venv/lib/python3.8/site-packages/airflow/example_dags/subdags/subdag.py for tasks to queue
[2022-08-29T20:21:34.118-0400] {logging_mixin.py:115} INFO - [2022-08-29T20:21:34.117-0400] {dagbag.py:508} INFO - Filling up the DagBag from /Users/jl/Documents/Repos/GHC-2022-data-engineering-workshop/venv/lib/python3.8/site-packages/airflow/example_dags/subdags/subdag.py
[2022-08-29T20:21:34.119-0400] {processor.py:652} WARNING - No viable dags retrieved from /Users/jl/Documents/Repos/GHC-2022-data-engineering-workshop/venv/lib/python3.8/site-packages/airflow/example_dags/subdags/subdag.py
[2022-08-29T20:21:34.167-0400] {processor.py:161} INFO - Processing /Users/jl/Documents/Repos/GHC-2022-data-engineering-workshop/venv/lib/python3.8/site-packages/airflow/example_dags/subdags/subdag.py took 0.059 seconds
[2022-08-29T20:22:15.749-0400] {processor.py:153} INFO - Started process (PID=15632) to work on /Users/jl/Documents/Repos/GHC-2022-data-engineering-workshop/venv/lib/python3.8/site-packages/airflow/example_dags/subdags/subdag.py
[2022-08-29T20:22:15.757-0400] {processor.py:640} INFO - Processing file /Users/jl/Documents/Repos/GHC-2022-data-engineering-workshop/venv/lib/python3.8/site-packages/airflow/example_dags/subdags/subdag.py for tasks to queue
[2022-08-29T20:22:15.758-0400] {logging_mixin.py:115} INFO - [2022-08-29T20:22:15.758-0400] {dagbag.py:508} INFO - Filling up the DagBag from /Users/jl/Documents/Repos/GHC-2022-data-engineering-workshop/venv/lib/python3.8/site-packages/airflow/example_dags/subdags/subdag.py
[2022-08-29T20:22:15.760-0400] {processor.py:652} WARNING - No viable dags retrieved from /Users/jl/Documents/Repos/GHC-2022-data-engineering-workshop/venv/lib/python3.8/site-packages/airflow/example_dags/subdags/subdag.py
[2022-08-29T20:22:15.808-0400] {processor.py:161} INFO - Processing /Users/jl/Documents/Repos/GHC-2022-data-engineering-workshop/venv/lib/python3.8/site-packages/airflow/example_dags/subdags/subdag.py took 0.060 seconds
[2022-08-29T20:22:58.336-0400] {processor.py:153} INFO - Started process (PID=15674) to work on /Users/jl/Documents/Repos/GHC-2022-data-engineering-workshop/venv/lib/python3.8/site-packages/airflow/example_dags/subdags/subdag.py
[2022-08-29T20:22:58.345-0400] {processor.py:640} INFO - Processing file /Users/jl/Documents/Repos/GHC-2022-data-engineering-workshop/venv/lib/python3.8/site-packages/airflow/example_dags/subdags/subdag.py for tasks to queue
[2022-08-29T20:22:58.345-0400] {logging_mixin.py:115} INFO - [2022-08-29T20:22:58.345-0400] {dagbag.py:508} INFO - Filling up the DagBag from /Users/jl/Documents/Repos/GHC-2022-data-engineering-workshop/venv/lib/python3.8/site-packages/airflow/example_dags/subdags/subdag.py
[2022-08-29T20:22:58.347-0400] {processor.py:652} WARNING - No viable dags retrieved from /Users/jl/Documents/Repos/GHC-2022-data-engineering-workshop/venv/lib/python3.8/site-packages/airflow/example_dags/subdags/subdag.py
[2022-08-29T20:22:58.396-0400] {processor.py:161} INFO - Processing /Users/jl/Documents/Repos/GHC-2022-data-engineering-workshop/venv/lib/python3.8/site-packages/airflow/example_dags/subdags/subdag.py took 0.060 seconds
[2022-08-29T20:23:42.066-0400] {processor.py:153} INFO - Started process (PID=15713) to work on /Users/jl/Documents/Repos/GHC-2022-data-engineering-workshop/venv/lib/python3.8/site-packages/airflow/example_dags/subdags/subdag.py
[2022-08-29T20:23:42.074-0400] {processor.py:640} INFO - Processing file /Users/jl/Documents/Repos/GHC-2022-data-engineering-workshop/venv/lib/python3.8/site-packages/airflow/example_dags/subdags/subdag.py for tasks to queue
[2022-08-29T20:23:42.075-0400] {logging_mixin.py:115} INFO - [2022-08-29T20:23:42.075-0400] {dagbag.py:508} INFO - Filling up the DagBag from /Users/jl/Documents/Repos/GHC-2022-data-engineering-workshop/venv/lib/python3.8/site-packages/airflow/example_dags/subdags/subdag.py
[2022-08-29T20:23:42.077-0400] {processor.py:652} WARNING - No viable dags retrieved from /Users/jl/Documents/Repos/GHC-2022-data-engineering-workshop/venv/lib/python3.8/site-packages/airflow/example_dags/subdags/subdag.py
[2022-08-29T20:23:42.126-0400] {processor.py:161} INFO - Processing /Users/jl/Documents/Repos/GHC-2022-data-engineering-workshop/venv/lib/python3.8/site-packages/airflow/example_dags/subdags/subdag.py took 0.061 seconds
[2022-08-29T20:24:27.310-0400] {processor.py:153} INFO - Started process (PID=15755) to work on /Users/jl/Documents/Repos/GHC-2022-data-engineering-workshop/venv/lib/python3.8/site-packages/airflow/example_dags/subdags/subdag.py
[2022-08-29T20:24:27.319-0400] {processor.py:640} INFO - Processing file /Users/jl/Documents/Repos/GHC-2022-data-engineering-workshop/venv/lib/python3.8/site-packages/airflow/example_dags/subdags/subdag.py for tasks to queue
[2022-08-29T20:24:27.319-0400] {logging_mixin.py:115} INFO - [2022-08-29T20:24:27.319-0400] {dagbag.py:508} INFO - Filling up the DagBag from /Users/jl/Documents/Repos/GHC-2022-data-engineering-workshop/venv/lib/python3.8/site-packages/airflow/example_dags/subdags/subdag.py
[2022-08-29T20:24:27.321-0400] {processor.py:652} WARNING - No viable dags retrieved from /Users/jl/Documents/Repos/GHC-2022-data-engineering-workshop/venv/lib/python3.8/site-packages/airflow/example_dags/subdags/subdag.py
[2022-08-29T20:24:27.369-0400] {processor.py:161} INFO - Processing /Users/jl/Documents/Repos/GHC-2022-data-engineering-workshop/venv/lib/python3.8/site-packages/airflow/example_dags/subdags/subdag.py took 0.060 seconds
[2022-08-29T20:25:12.295-0400] {processor.py:153} INFO - Started process (PID=15797) to work on /Users/jl/Documents/Repos/GHC-2022-data-engineering-workshop/venv/lib/python3.8/site-packages/airflow/example_dags/subdags/subdag.py
[2022-08-29T20:25:12.303-0400] {processor.py:640} INFO - Processing file /Users/jl/Documents/Repos/GHC-2022-data-engineering-workshop/venv/lib/python3.8/site-packages/airflow/example_dags/subdags/subdag.py for tasks to queue
[2022-08-29T20:25:12.304-0400] {logging_mixin.py:115} INFO - [2022-08-29T20:25:12.304-0400] {dagbag.py:508} INFO - Filling up the DagBag from /Users/jl/Documents/Repos/GHC-2022-data-engineering-workshop/venv/lib/python3.8/site-packages/airflow/example_dags/subdags/subdag.py
[2022-08-29T20:25:12.306-0400] {processor.py:652} WARNING - No viable dags retrieved from /Users/jl/Documents/Repos/GHC-2022-data-engineering-workshop/venv/lib/python3.8/site-packages/airflow/example_dags/subdags/subdag.py
[2022-08-29T20:25:12.355-0400] {processor.py:161} INFO - Processing /Users/jl/Documents/Repos/GHC-2022-data-engineering-workshop/venv/lib/python3.8/site-packages/airflow/example_dags/subdags/subdag.py took 0.061 seconds
[2022-08-29T20:26:13.204-0400] {processor.py:153} INFO - Started process (PID=15853) to work on /Users/jl/Documents/Repos/GHC-2022-data-engineering-workshop/venv/lib/python3.8/site-packages/airflow/example_dags/subdags/subdag.py
[2022-08-29T20:26:13.223-0400] {processor.py:640} INFO - Processing file /Users/jl/Documents/Repos/GHC-2022-data-engineering-workshop/venv/lib/python3.8/site-packages/airflow/example_dags/subdags/subdag.py for tasks to queue
[2022-08-29T20:26:13.224-0400] {logging_mixin.py:115} INFO - [2022-08-29T20:26:13.223-0400] {dagbag.py:508} INFO - Filling up the DagBag from /Users/jl/Documents/Repos/GHC-2022-data-engineering-workshop/venv/lib/python3.8/site-packages/airflow/example_dags/subdags/subdag.py
[2022-08-29T20:26:13.227-0400] {processor.py:652} WARNING - No viable dags retrieved from /Users/jl/Documents/Repos/GHC-2022-data-engineering-workshop/venv/lib/python3.8/site-packages/airflow/example_dags/subdags/subdag.py
[2022-08-29T20:26:13.370-0400] {processor.py:161} INFO - Processing /Users/jl/Documents/Repos/GHC-2022-data-engineering-workshop/venv/lib/python3.8/site-packages/airflow/example_dags/subdags/subdag.py took 0.168 seconds
[2022-08-29T20:27:21.738-0400] {processor.py:153} INFO - Started process (PID=15921) to work on /Users/jl/Documents/Repos/GHC-2022-data-engineering-workshop/venv/lib/python3.8/site-packages/airflow/example_dags/subdags/subdag.py
[2022-08-29T20:27:21.752-0400] {processor.py:640} INFO - Processing file /Users/jl/Documents/Repos/GHC-2022-data-engineering-workshop/venv/lib/python3.8/site-packages/airflow/example_dags/subdags/subdag.py for tasks to queue
[2022-08-29T20:27:21.753-0400] {logging_mixin.py:115} INFO - [2022-08-29T20:27:21.753-0400] {dagbag.py:508} INFO - Filling up the DagBag from /Users/jl/Documents/Repos/GHC-2022-data-engineering-workshop/venv/lib/python3.8/site-packages/airflow/example_dags/subdags/subdag.py
[2022-08-29T20:27:21.756-0400] {processor.py:652} WARNING - No viable dags retrieved from /Users/jl/Documents/Repos/GHC-2022-data-engineering-workshop/venv/lib/python3.8/site-packages/airflow/example_dags/subdags/subdag.py
[2022-08-29T20:27:21.813-0400] {processor.py:161} INFO - Processing /Users/jl/Documents/Repos/GHC-2022-data-engineering-workshop/venv/lib/python3.8/site-packages/airflow/example_dags/subdags/subdag.py took 0.076 seconds
[2022-08-29T20:28:13.399-0400] {processor.py:153} INFO - Started process (PID=15969) to work on /Users/jl/Documents/Repos/GHC-2022-data-engineering-workshop/venv/lib/python3.8/site-packages/airflow/example_dags/subdags/subdag.py
[2022-08-29T20:28:13.407-0400] {processor.py:640} INFO - Processing file /Users/jl/Documents/Repos/GHC-2022-data-engineering-workshop/venv/lib/python3.8/site-packages/airflow/example_dags/subdags/subdag.py for tasks to queue
[2022-08-29T20:28:13.407-0400] {logging_mixin.py:115} INFO - [2022-08-29T20:28:13.407-0400] {dagbag.py:508} INFO - Filling up the DagBag from /Users/jl/Documents/Repos/GHC-2022-data-engineering-workshop/venv/lib/python3.8/site-packages/airflow/example_dags/subdags/subdag.py
[2022-08-29T20:28:13.409-0400] {processor.py:652} WARNING - No viable dags retrieved from /Users/jl/Documents/Repos/GHC-2022-data-engineering-workshop/venv/lib/python3.8/site-packages/airflow/example_dags/subdags/subdag.py
[2022-08-29T20:28:13.458-0400] {processor.py:161} INFO - Processing /Users/jl/Documents/Repos/GHC-2022-data-engineering-workshop/venv/lib/python3.8/site-packages/airflow/example_dags/subdags/subdag.py took 0.061 seconds
[2022-08-29T20:29:01.393-0400] {processor.py:153} INFO - Started process (PID=16009) to work on /Users/jl/Documents/Repos/GHC-2022-data-engineering-workshop/venv/lib/python3.8/site-packages/airflow/example_dags/subdags/subdag.py
[2022-08-29T20:29:01.401-0400] {processor.py:640} INFO - Processing file /Users/jl/Documents/Repos/GHC-2022-data-engineering-workshop/venv/lib/python3.8/site-packages/airflow/example_dags/subdags/subdag.py for tasks to queue
[2022-08-29T20:29:01.401-0400] {logging_mixin.py:115} INFO - [2022-08-29T20:29:01.401-0400] {dagbag.py:508} INFO - Filling up the DagBag from /Users/jl/Documents/Repos/GHC-2022-data-engineering-workshop/venv/lib/python3.8/site-packages/airflow/example_dags/subdags/subdag.py
[2022-08-29T20:29:01.403-0400] {processor.py:652} WARNING - No viable dags retrieved from /Users/jl/Documents/Repos/GHC-2022-data-engineering-workshop/venv/lib/python3.8/site-packages/airflow/example_dags/subdags/subdag.py
[2022-08-29T20:29:01.453-0400] {processor.py:161} INFO - Processing /Users/jl/Documents/Repos/GHC-2022-data-engineering-workshop/venv/lib/python3.8/site-packages/airflow/example_dags/subdags/subdag.py took 0.062 seconds
[2022-08-29T20:29:58.196-0400] {processor.py:153} INFO - Started process (PID=16065) to work on /Users/jl/Documents/Repos/GHC-2022-data-engineering-workshop/venv/lib/python3.8/site-packages/airflow/example_dags/subdags/subdag.py
[2022-08-29T20:29:58.205-0400] {processor.py:640} INFO - Processing file /Users/jl/Documents/Repos/GHC-2022-data-engineering-workshop/venv/lib/python3.8/site-packages/airflow/example_dags/subdags/subdag.py for tasks to queue
[2022-08-29T20:29:58.205-0400] {logging_mixin.py:115} INFO - [2022-08-29T20:29:58.205-0400] {dagbag.py:508} INFO - Filling up the DagBag from /Users/jl/Documents/Repos/GHC-2022-data-engineering-workshop/venv/lib/python3.8/site-packages/airflow/example_dags/subdags/subdag.py
[2022-08-29T20:29:58.208-0400] {processor.py:652} WARNING - No viable dags retrieved from /Users/jl/Documents/Repos/GHC-2022-data-engineering-workshop/venv/lib/python3.8/site-packages/airflow/example_dags/subdags/subdag.py
[2022-08-29T20:29:58.258-0400] {processor.py:161} INFO - Processing /Users/jl/Documents/Repos/GHC-2022-data-engineering-workshop/venv/lib/python3.8/site-packages/airflow/example_dags/subdags/subdag.py took 0.063 seconds
[2022-08-29T20:31:08.640-0400] {processor.py:153} INFO - Started process (PID=16127) to work on /Users/jl/Documents/Repos/GHC-2022-data-engineering-workshop/venv/lib/python3.8/site-packages/airflow/example_dags/subdags/subdag.py
[2022-08-29T20:31:08.651-0400] {processor.py:640} INFO - Processing file /Users/jl/Documents/Repos/GHC-2022-data-engineering-workshop/venv/lib/python3.8/site-packages/airflow/example_dags/subdags/subdag.py for tasks to queue
[2022-08-29T20:31:08.652-0400] {logging_mixin.py:115} INFO - [2022-08-29T20:31:08.652-0400] {dagbag.py:508} INFO - Filling up the DagBag from /Users/jl/Documents/Repos/GHC-2022-data-engineering-workshop/venv/lib/python3.8/site-packages/airflow/example_dags/subdags/subdag.py
[2022-08-29T20:31:08.656-0400] {processor.py:652} WARNING - No viable dags retrieved from /Users/jl/Documents/Repos/GHC-2022-data-engineering-workshop/venv/lib/python3.8/site-packages/airflow/example_dags/subdags/subdag.py
[2022-08-29T20:31:08.710-0400] {processor.py:161} INFO - Processing /Users/jl/Documents/Repos/GHC-2022-data-engineering-workshop/venv/lib/python3.8/site-packages/airflow/example_dags/subdags/subdag.py took 0.071 seconds
[2022-08-29T20:32:09.205-0400] {processor.py:153} INFO - Started process (PID=16179) to work on /Users/jl/Documents/Repos/GHC-2022-data-engineering-workshop/venv/lib/python3.8/site-packages/airflow/example_dags/subdags/subdag.py
[2022-08-29T20:32:09.215-0400] {processor.py:640} INFO - Processing file /Users/jl/Documents/Repos/GHC-2022-data-engineering-workshop/venv/lib/python3.8/site-packages/airflow/example_dags/subdags/subdag.py for tasks to queue
[2022-08-29T20:32:09.216-0400] {logging_mixin.py:115} INFO - [2022-08-29T20:32:09.216-0400] {dagbag.py:508} INFO - Filling up the DagBag from /Users/jl/Documents/Repos/GHC-2022-data-engineering-workshop/venv/lib/python3.8/site-packages/airflow/example_dags/subdags/subdag.py
[2022-08-29T20:32:09.219-0400] {processor.py:652} WARNING - No viable dags retrieved from /Users/jl/Documents/Repos/GHC-2022-data-engineering-workshop/venv/lib/python3.8/site-packages/airflow/example_dags/subdags/subdag.py
[2022-08-29T20:32:09.272-0400] {processor.py:161} INFO - Processing /Users/jl/Documents/Repos/GHC-2022-data-engineering-workshop/venv/lib/python3.8/site-packages/airflow/example_dags/subdags/subdag.py took 0.068 seconds
[2022-08-29T20:33:09.916-0400] {processor.py:153} INFO - Started process (PID=16248) to work on /Users/jl/Documents/Repos/GHC-2022-data-engineering-workshop/venv/lib/python3.8/site-packages/airflow/example_dags/subdags/subdag.py
[2022-08-29T20:33:09.926-0400] {processor.py:640} INFO - Processing file /Users/jl/Documents/Repos/GHC-2022-data-engineering-workshop/venv/lib/python3.8/site-packages/airflow/example_dags/subdags/subdag.py for tasks to queue
[2022-08-29T20:33:09.926-0400] {logging_mixin.py:115} INFO - [2022-08-29T20:33:09.926-0400] {dagbag.py:508} INFO - Filling up the DagBag from /Users/jl/Documents/Repos/GHC-2022-data-engineering-workshop/venv/lib/python3.8/site-packages/airflow/example_dags/subdags/subdag.py
[2022-08-29T20:33:09.929-0400] {processor.py:652} WARNING - No viable dags retrieved from /Users/jl/Documents/Repos/GHC-2022-data-engineering-workshop/venv/lib/python3.8/site-packages/airflow/example_dags/subdags/subdag.py
[2022-08-29T20:33:10.006-0400] {processor.py:161} INFO - Processing /Users/jl/Documents/Repos/GHC-2022-data-engineering-workshop/venv/lib/python3.8/site-packages/airflow/example_dags/subdags/subdag.py took 0.091 seconds
[2022-08-29T20:34:12.675-0400] {processor.py:153} INFO - Started process (PID=16301) to work on /Users/jl/Documents/Repos/GHC-2022-data-engineering-workshop/venv/lib/python3.8/site-packages/airflow/example_dags/subdags/subdag.py
[2022-08-29T20:34:12.685-0400] {processor.py:640} INFO - Processing file /Users/jl/Documents/Repos/GHC-2022-data-engineering-workshop/venv/lib/python3.8/site-packages/airflow/example_dags/subdags/subdag.py for tasks to queue
[2022-08-29T20:34:12.686-0400] {logging_mixin.py:115} INFO - [2022-08-29T20:34:12.685-0400] {dagbag.py:508} INFO - Filling up the DagBag from /Users/jl/Documents/Repos/GHC-2022-data-engineering-workshop/venv/lib/python3.8/site-packages/airflow/example_dags/subdags/subdag.py
[2022-08-29T20:34:12.688-0400] {processor.py:652} WARNING - No viable dags retrieved from /Users/jl/Documents/Repos/GHC-2022-data-engineering-workshop/venv/lib/python3.8/site-packages/airflow/example_dags/subdags/subdag.py
[2022-08-29T20:34:12.737-0400] {processor.py:161} INFO - Processing /Users/jl/Documents/Repos/GHC-2022-data-engineering-workshop/venv/lib/python3.8/site-packages/airflow/example_dags/subdags/subdag.py took 0.063 seconds
[2022-08-29T20:35:02.064-0400] {processor.py:153} INFO - Started process (PID=16347) to work on /Users/jl/Documents/Repos/GHC-2022-data-engineering-workshop/venv/lib/python3.8/site-packages/airflow/example_dags/subdags/subdag.py
[2022-08-29T20:35:02.074-0400] {processor.py:640} INFO - Processing file /Users/jl/Documents/Repos/GHC-2022-data-engineering-workshop/venv/lib/python3.8/site-packages/airflow/example_dags/subdags/subdag.py for tasks to queue
[2022-08-29T20:35:02.075-0400] {logging_mixin.py:115} INFO - [2022-08-29T20:35:02.074-0400] {dagbag.py:508} INFO - Filling up the DagBag from /Users/jl/Documents/Repos/GHC-2022-data-engineering-workshop/venv/lib/python3.8/site-packages/airflow/example_dags/subdags/subdag.py
[2022-08-29T20:35:02.078-0400] {processor.py:652} WARNING - No viable dags retrieved from /Users/jl/Documents/Repos/GHC-2022-data-engineering-workshop/venv/lib/python3.8/site-packages/airflow/example_dags/subdags/subdag.py
[2022-08-29T20:35:02.126-0400] {processor.py:161} INFO - Processing /Users/jl/Documents/Repos/GHC-2022-data-engineering-workshop/venv/lib/python3.8/site-packages/airflow/example_dags/subdags/subdag.py took 0.063 seconds
[2022-08-29T20:35:55.969-0400] {processor.py:153} INFO - Started process (PID=16421) to work on /Users/jl/Documents/Repos/GHC-2022-data-engineering-workshop/venv/lib/python3.8/site-packages/airflow/example_dags/subdags/subdag.py
[2022-08-29T20:35:55.979-0400] {processor.py:640} INFO - Processing file /Users/jl/Documents/Repos/GHC-2022-data-engineering-workshop/venv/lib/python3.8/site-packages/airflow/example_dags/subdags/subdag.py for tasks to queue
[2022-08-29T20:35:55.980-0400] {logging_mixin.py:115} INFO - [2022-08-29T20:35:55.980-0400] {dagbag.py:508} INFO - Filling up the DagBag from /Users/jl/Documents/Repos/GHC-2022-data-engineering-workshop/venv/lib/python3.8/site-packages/airflow/example_dags/subdags/subdag.py
[2022-08-29T20:35:55.982-0400] {processor.py:652} WARNING - No viable dags retrieved from /Users/jl/Documents/Repos/GHC-2022-data-engineering-workshop/venv/lib/python3.8/site-packages/airflow/example_dags/subdags/subdag.py
[2022-08-29T20:35:56.030-0400] {processor.py:161} INFO - Processing /Users/jl/Documents/Repos/GHC-2022-data-engineering-workshop/venv/lib/python3.8/site-packages/airflow/example_dags/subdags/subdag.py took 0.062 seconds
[2022-08-29T20:36:52.145-0400] {processor.py:153} INFO - Started process (PID=16469) to work on /Users/jl/Documents/Repos/GHC-2022-data-engineering-workshop/venv/lib/python3.8/site-packages/airflow/example_dags/subdags/subdag.py
[2022-08-29T20:36:52.155-0400] {processor.py:640} INFO - Processing file /Users/jl/Documents/Repos/GHC-2022-data-engineering-workshop/venv/lib/python3.8/site-packages/airflow/example_dags/subdags/subdag.py for tasks to queue
[2022-08-29T20:36:52.155-0400] {logging_mixin.py:115} INFO - [2022-08-29T20:36:52.155-0400] {dagbag.py:508} INFO - Filling up the DagBag from /Users/jl/Documents/Repos/GHC-2022-data-engineering-workshop/venv/lib/python3.8/site-packages/airflow/example_dags/subdags/subdag.py
[2022-08-29T20:36:52.159-0400] {processor.py:652} WARNING - No viable dags retrieved from /Users/jl/Documents/Repos/GHC-2022-data-engineering-workshop/venv/lib/python3.8/site-packages/airflow/example_dags/subdags/subdag.py
[2022-08-29T20:36:52.211-0400] {processor.py:161} INFO - Processing /Users/jl/Documents/Repos/GHC-2022-data-engineering-workshop/venv/lib/python3.8/site-packages/airflow/example_dags/subdags/subdag.py took 0.067 seconds
[2022-08-29T20:37:52.198-0400] {processor.py:153} INFO - Started process (PID=16536) to work on /Users/jl/Documents/Repos/GHC-2022-data-engineering-workshop/venv/lib/python3.8/site-packages/airflow/example_dags/subdags/subdag.py
[2022-08-29T20:37:52.207-0400] {processor.py:640} INFO - Processing file /Users/jl/Documents/Repos/GHC-2022-data-engineering-workshop/venv/lib/python3.8/site-packages/airflow/example_dags/subdags/subdag.py for tasks to queue
[2022-08-29T20:37:52.208-0400] {logging_mixin.py:115} INFO - [2022-08-29T20:37:52.208-0400] {dagbag.py:508} INFO - Filling up the DagBag from /Users/jl/Documents/Repos/GHC-2022-data-engineering-workshop/venv/lib/python3.8/site-packages/airflow/example_dags/subdags/subdag.py
[2022-08-29T20:37:52.212-0400] {processor.py:652} WARNING - No viable dags retrieved from /Users/jl/Documents/Repos/GHC-2022-data-engineering-workshop/venv/lib/python3.8/site-packages/airflow/example_dags/subdags/subdag.py
[2022-08-29T20:37:52.265-0400] {processor.py:161} INFO - Processing /Users/jl/Documents/Repos/GHC-2022-data-engineering-workshop/venv/lib/python3.8/site-packages/airflow/example_dags/subdags/subdag.py took 0.068 seconds
[2022-08-29T20:38:48.250-0400] {processor.py:153} INFO - Started process (PID=16593) to work on /Users/jl/Documents/Repos/GHC-2022-data-engineering-workshop/venv/lib/python3.8/site-packages/airflow/example_dags/subdags/subdag.py
[2022-08-29T20:38:48.261-0400] {processor.py:640} INFO - Processing file /Users/jl/Documents/Repos/GHC-2022-data-engineering-workshop/venv/lib/python3.8/site-packages/airflow/example_dags/subdags/subdag.py for tasks to queue
[2022-08-29T20:38:48.262-0400] {logging_mixin.py:115} INFO - [2022-08-29T20:38:48.262-0400] {dagbag.py:508} INFO - Filling up the DagBag from /Users/jl/Documents/Repos/GHC-2022-data-engineering-workshop/venv/lib/python3.8/site-packages/airflow/example_dags/subdags/subdag.py
[2022-08-29T20:38:48.266-0400] {processor.py:652} WARNING - No viable dags retrieved from /Users/jl/Documents/Repos/GHC-2022-data-engineering-workshop/venv/lib/python3.8/site-packages/airflow/example_dags/subdags/subdag.py
[2022-08-29T20:38:48.332-0400] {processor.py:161} INFO - Processing /Users/jl/Documents/Repos/GHC-2022-data-engineering-workshop/venv/lib/python3.8/site-packages/airflow/example_dags/subdags/subdag.py took 0.083 seconds
[2022-08-29T20:39:49.831-0400] {processor.py:153} INFO - Started process (PID=16640) to work on /Users/jl/Documents/Repos/GHC-2022-data-engineering-workshop/venv/lib/python3.8/site-packages/airflow/example_dags/subdags/subdag.py
[2022-08-29T20:39:49.839-0400] {processor.py:640} INFO - Processing file /Users/jl/Documents/Repos/GHC-2022-data-engineering-workshop/venv/lib/python3.8/site-packages/airflow/example_dags/subdags/subdag.py for tasks to queue
[2022-08-29T20:39:49.839-0400] {logging_mixin.py:115} INFO - [2022-08-29T20:39:49.839-0400] {dagbag.py:508} INFO - Filling up the DagBag from /Users/jl/Documents/Repos/GHC-2022-data-engineering-workshop/venv/lib/python3.8/site-packages/airflow/example_dags/subdags/subdag.py
[2022-08-29T20:39:49.842-0400] {processor.py:652} WARNING - No viable dags retrieved from /Users/jl/Documents/Repos/GHC-2022-data-engineering-workshop/venv/lib/python3.8/site-packages/airflow/example_dags/subdags/subdag.py
[2022-08-29T20:39:49.890-0400] {processor.py:161} INFO - Processing /Users/jl/Documents/Repos/GHC-2022-data-engineering-workshop/venv/lib/python3.8/site-packages/airflow/example_dags/subdags/subdag.py took 0.060 seconds
[2022-08-29T20:40:41.326-0400] {processor.py:153} INFO - Started process (PID=16684) to work on /Users/jl/Documents/Repos/GHC-2022-data-engineering-workshop/venv/lib/python3.8/site-packages/airflow/example_dags/subdags/subdag.py
[2022-08-29T20:40:41.336-0400] {processor.py:640} INFO - Processing file /Users/jl/Documents/Repos/GHC-2022-data-engineering-workshop/venv/lib/python3.8/site-packages/airflow/example_dags/subdags/subdag.py for tasks to queue
[2022-08-29T20:40:41.337-0400] {logging_mixin.py:115} INFO - [2022-08-29T20:40:41.337-0400] {dagbag.py:508} INFO - Filling up the DagBag from /Users/jl/Documents/Repos/GHC-2022-data-engineering-workshop/venv/lib/python3.8/site-packages/airflow/example_dags/subdags/subdag.py
[2022-08-29T20:40:41.339-0400] {processor.py:652} WARNING - No viable dags retrieved from /Users/jl/Documents/Repos/GHC-2022-data-engineering-workshop/venv/lib/python3.8/site-packages/airflow/example_dags/subdags/subdag.py
[2022-08-29T20:40:41.399-0400] {processor.py:161} INFO - Processing /Users/jl/Documents/Repos/GHC-2022-data-engineering-workshop/venv/lib/python3.8/site-packages/airflow/example_dags/subdags/subdag.py took 0.074 seconds
[2022-08-29T20:41:35.003-0400] {processor.py:153} INFO - Started process (PID=16732) to work on /Users/jl/Documents/Repos/GHC-2022-data-engineering-workshop/venv/lib/python3.8/site-packages/airflow/example_dags/subdags/subdag.py
[2022-08-29T20:41:35.013-0400] {processor.py:640} INFO - Processing file /Users/jl/Documents/Repos/GHC-2022-data-engineering-workshop/venv/lib/python3.8/site-packages/airflow/example_dags/subdags/subdag.py for tasks to queue
[2022-08-29T20:41:35.014-0400] {logging_mixin.py:115} INFO - [2022-08-29T20:41:35.014-0400] {dagbag.py:508} INFO - Filling up the DagBag from /Users/jl/Documents/Repos/GHC-2022-data-engineering-workshop/venv/lib/python3.8/site-packages/airflow/example_dags/subdags/subdag.py
[2022-08-29T20:41:35.017-0400] {processor.py:652} WARNING - No viable dags retrieved from /Users/jl/Documents/Repos/GHC-2022-data-engineering-workshop/venv/lib/python3.8/site-packages/airflow/example_dags/subdags/subdag.py
[2022-08-29T20:41:35.073-0400] {processor.py:161} INFO - Processing /Users/jl/Documents/Repos/GHC-2022-data-engineering-workshop/venv/lib/python3.8/site-packages/airflow/example_dags/subdags/subdag.py took 0.071 seconds
[2022-08-29T20:42:29.349-0400] {processor.py:153} INFO - Started process (PID=16781) to work on /Users/jl/Documents/Repos/GHC-2022-data-engineering-workshop/venv/lib/python3.8/site-packages/airflow/example_dags/subdags/subdag.py
[2022-08-29T20:42:29.357-0400] {processor.py:640} INFO - Processing file /Users/jl/Documents/Repos/GHC-2022-data-engineering-workshop/venv/lib/python3.8/site-packages/airflow/example_dags/subdags/subdag.py for tasks to queue
[2022-08-29T20:42:29.358-0400] {logging_mixin.py:115} INFO - [2022-08-29T20:42:29.358-0400] {dagbag.py:508} INFO - Filling up the DagBag from /Users/jl/Documents/Repos/GHC-2022-data-engineering-workshop/venv/lib/python3.8/site-packages/airflow/example_dags/subdags/subdag.py
[2022-08-29T20:42:29.360-0400] {processor.py:652} WARNING - No viable dags retrieved from /Users/jl/Documents/Repos/GHC-2022-data-engineering-workshop/venv/lib/python3.8/site-packages/airflow/example_dags/subdags/subdag.py
[2022-08-29T20:42:29.410-0400] {processor.py:161} INFO - Processing /Users/jl/Documents/Repos/GHC-2022-data-engineering-workshop/venv/lib/python3.8/site-packages/airflow/example_dags/subdags/subdag.py took 0.063 seconds
[2022-08-29T20:43:27.675-0400] {processor.py:153} INFO - Started process (PID=16831) to work on /Users/jl/Documents/Repos/GHC-2022-data-engineering-workshop/venv/lib/python3.8/site-packages/airflow/example_dags/subdags/subdag.py
[2022-08-29T20:43:27.684-0400] {processor.py:640} INFO - Processing file /Users/jl/Documents/Repos/GHC-2022-data-engineering-workshop/venv/lib/python3.8/site-packages/airflow/example_dags/subdags/subdag.py for tasks to queue
[2022-08-29T20:43:27.685-0400] {logging_mixin.py:115} INFO - [2022-08-29T20:43:27.685-0400] {dagbag.py:508} INFO - Filling up the DagBag from /Users/jl/Documents/Repos/GHC-2022-data-engineering-workshop/venv/lib/python3.8/site-packages/airflow/example_dags/subdags/subdag.py
[2022-08-29T20:43:27.687-0400] {processor.py:652} WARNING - No viable dags retrieved from /Users/jl/Documents/Repos/GHC-2022-data-engineering-workshop/venv/lib/python3.8/site-packages/airflow/example_dags/subdags/subdag.py
[2022-08-29T20:43:27.744-0400] {processor.py:161} INFO - Processing /Users/jl/Documents/Repos/GHC-2022-data-engineering-workshop/venv/lib/python3.8/site-packages/airflow/example_dags/subdags/subdag.py took 0.070 seconds
[2022-08-29T20:44:27.363-0400] {processor.py:153} INFO - Started process (PID=16887) to work on /Users/jl/Documents/Repos/GHC-2022-data-engineering-workshop/venv/lib/python3.8/site-packages/airflow/example_dags/subdags/subdag.py
[2022-08-29T20:44:27.373-0400] {processor.py:640} INFO - Processing file /Users/jl/Documents/Repos/GHC-2022-data-engineering-workshop/venv/lib/python3.8/site-packages/airflow/example_dags/subdags/subdag.py for tasks to queue
[2022-08-29T20:44:27.374-0400] {logging_mixin.py:115} INFO - [2022-08-29T20:44:27.373-0400] {dagbag.py:508} INFO - Filling up the DagBag from /Users/jl/Documents/Repos/GHC-2022-data-engineering-workshop/venv/lib/python3.8/site-packages/airflow/example_dags/subdags/subdag.py
[2022-08-29T20:44:27.377-0400] {processor.py:652} WARNING - No viable dags retrieved from /Users/jl/Documents/Repos/GHC-2022-data-engineering-workshop/venv/lib/python3.8/site-packages/airflow/example_dags/subdags/subdag.py
[2022-08-29T20:44:27.429-0400] {processor.py:161} INFO - Processing /Users/jl/Documents/Repos/GHC-2022-data-engineering-workshop/venv/lib/python3.8/site-packages/airflow/example_dags/subdags/subdag.py took 0.067 seconds
[2022-08-29T20:45:24.520-0400] {processor.py:153} INFO - Started process (PID=16940) to work on /Users/jl/Documents/Repos/GHC-2022-data-engineering-workshop/venv/lib/python3.8/site-packages/airflow/example_dags/subdags/subdag.py
[2022-08-29T20:45:24.529-0400] {processor.py:640} INFO - Processing file /Users/jl/Documents/Repos/GHC-2022-data-engineering-workshop/venv/lib/python3.8/site-packages/airflow/example_dags/subdags/subdag.py for tasks to queue
[2022-08-29T20:45:24.530-0400] {logging_mixin.py:115} INFO - [2022-08-29T20:45:24.529-0400] {dagbag.py:508} INFO - Filling up the DagBag from /Users/jl/Documents/Repos/GHC-2022-data-engineering-workshop/venv/lib/python3.8/site-packages/airflow/example_dags/subdags/subdag.py
[2022-08-29T20:45:24.532-0400] {processor.py:652} WARNING - No viable dags retrieved from /Users/jl/Documents/Repos/GHC-2022-data-engineering-workshop/venv/lib/python3.8/site-packages/airflow/example_dags/subdags/subdag.py
[2022-08-29T20:45:24.581-0400] {processor.py:161} INFO - Processing /Users/jl/Documents/Repos/GHC-2022-data-engineering-workshop/venv/lib/python3.8/site-packages/airflow/example_dags/subdags/subdag.py took 0.062 seconds
[2022-08-29T20:46:15.056-0400] {processor.py:153} INFO - Started process (PID=16985) to work on /Users/jl/Documents/Repos/GHC-2022-data-engineering-workshop/venv/lib/python3.8/site-packages/airflow/example_dags/subdags/subdag.py
[2022-08-29T20:46:15.064-0400] {processor.py:640} INFO - Processing file /Users/jl/Documents/Repos/GHC-2022-data-engineering-workshop/venv/lib/python3.8/site-packages/airflow/example_dags/subdags/subdag.py for tasks to queue
[2022-08-29T20:46:15.065-0400] {logging_mixin.py:115} INFO - [2022-08-29T20:46:15.065-0400] {dagbag.py:508} INFO - Filling up the DagBag from /Users/jl/Documents/Repos/GHC-2022-data-engineering-workshop/venv/lib/python3.8/site-packages/airflow/example_dags/subdags/subdag.py
[2022-08-29T20:46:15.067-0400] {processor.py:652} WARNING - No viable dags retrieved from /Users/jl/Documents/Repos/GHC-2022-data-engineering-workshop/venv/lib/python3.8/site-packages/airflow/example_dags/subdags/subdag.py
[2022-08-29T20:46:15.115-0400] {processor.py:161} INFO - Processing /Users/jl/Documents/Repos/GHC-2022-data-engineering-workshop/venv/lib/python3.8/site-packages/airflow/example_dags/subdags/subdag.py took 0.061 seconds
[2022-08-29T20:47:05.726-0400] {processor.py:153} INFO - Started process (PID=17029) to work on /Users/jl/Documents/Repos/GHC-2022-data-engineering-workshop/venv/lib/python3.8/site-packages/airflow/example_dags/subdags/subdag.py
[2022-08-29T20:47:05.736-0400] {processor.py:640} INFO - Processing file /Users/jl/Documents/Repos/GHC-2022-data-engineering-workshop/venv/lib/python3.8/site-packages/airflow/example_dags/subdags/subdag.py for tasks to queue
[2022-08-29T20:47:05.737-0400] {logging_mixin.py:115} INFO - [2022-08-29T20:47:05.736-0400] {dagbag.py:508} INFO - Filling up the DagBag from /Users/jl/Documents/Repos/GHC-2022-data-engineering-workshop/venv/lib/python3.8/site-packages/airflow/example_dags/subdags/subdag.py
[2022-08-29T20:47:05.740-0400] {processor.py:652} WARNING - No viable dags retrieved from /Users/jl/Documents/Repos/GHC-2022-data-engineering-workshop/venv/lib/python3.8/site-packages/airflow/example_dags/subdags/subdag.py
[2022-08-29T20:47:05.788-0400] {processor.py:161} INFO - Processing /Users/jl/Documents/Repos/GHC-2022-data-engineering-workshop/venv/lib/python3.8/site-packages/airflow/example_dags/subdags/subdag.py took 0.064 seconds
[2022-08-29T20:48:02.485-0400] {processor.py:153} INFO - Started process (PID=17085) to work on /Users/jl/Documents/Repos/GHC-2022-data-engineering-workshop/venv/lib/python3.8/site-packages/airflow/example_dags/subdags/subdag.py
[2022-08-29T20:48:02.495-0400] {processor.py:640} INFO - Processing file /Users/jl/Documents/Repos/GHC-2022-data-engineering-workshop/venv/lib/python3.8/site-packages/airflow/example_dags/subdags/subdag.py for tasks to queue
[2022-08-29T20:48:02.496-0400] {logging_mixin.py:115} INFO - [2022-08-29T20:48:02.495-0400] {dagbag.py:508} INFO - Filling up the DagBag from /Users/jl/Documents/Repos/GHC-2022-data-engineering-workshop/venv/lib/python3.8/site-packages/airflow/example_dags/subdags/subdag.py
[2022-08-29T20:48:02.499-0400] {processor.py:652} WARNING - No viable dags retrieved from /Users/jl/Documents/Repos/GHC-2022-data-engineering-workshop/venv/lib/python3.8/site-packages/airflow/example_dags/subdags/subdag.py
[2022-08-29T20:48:02.547-0400] {processor.py:161} INFO - Processing /Users/jl/Documents/Repos/GHC-2022-data-engineering-workshop/venv/lib/python3.8/site-packages/airflow/example_dags/subdags/subdag.py took 0.063 seconds
[2022-08-29T20:49:02.442-0400] {processor.py:153} INFO - Started process (PID=17133) to work on /Users/jl/Documents/Repos/GHC-2022-data-engineering-workshop/venv/lib/python3.8/site-packages/airflow/example_dags/subdags/subdag.py
[2022-08-29T20:49:02.452-0400] {processor.py:640} INFO - Processing file /Users/jl/Documents/Repos/GHC-2022-data-engineering-workshop/venv/lib/python3.8/site-packages/airflow/example_dags/subdags/subdag.py for tasks to queue
[2022-08-29T20:49:02.453-0400] {logging_mixin.py:115} INFO - [2022-08-29T20:49:02.453-0400] {dagbag.py:508} INFO - Filling up the DagBag from /Users/jl/Documents/Repos/GHC-2022-data-engineering-workshop/venv/lib/python3.8/site-packages/airflow/example_dags/subdags/subdag.py
[2022-08-29T20:49:02.456-0400] {processor.py:652} WARNING - No viable dags retrieved from /Users/jl/Documents/Repos/GHC-2022-data-engineering-workshop/venv/lib/python3.8/site-packages/airflow/example_dags/subdags/subdag.py
[2022-08-29T20:49:02.505-0400] {processor.py:161} INFO - Processing /Users/jl/Documents/Repos/GHC-2022-data-engineering-workshop/venv/lib/python3.8/site-packages/airflow/example_dags/subdags/subdag.py took 0.064 seconds
[2022-08-29T20:49:52.026-0400] {processor.py:153} INFO - Started process (PID=17177) to work on /Users/jl/Documents/Repos/GHC-2022-data-engineering-workshop/venv/lib/python3.8/site-packages/airflow/example_dags/subdags/subdag.py
[2022-08-29T20:49:52.035-0400] {processor.py:640} INFO - Processing file /Users/jl/Documents/Repos/GHC-2022-data-engineering-workshop/venv/lib/python3.8/site-packages/airflow/example_dags/subdags/subdag.py for tasks to queue
[2022-08-29T20:49:52.035-0400] {logging_mixin.py:115} INFO - [2022-08-29T20:49:52.035-0400] {dagbag.py:508} INFO - Filling up the DagBag from /Users/jl/Documents/Repos/GHC-2022-data-engineering-workshop/venv/lib/python3.8/site-packages/airflow/example_dags/subdags/subdag.py
[2022-08-29T20:49:52.038-0400] {processor.py:652} WARNING - No viable dags retrieved from /Users/jl/Documents/Repos/GHC-2022-data-engineering-workshop/venv/lib/python3.8/site-packages/airflow/example_dags/subdags/subdag.py
[2022-08-29T20:49:52.086-0400] {processor.py:161} INFO - Processing /Users/jl/Documents/Repos/GHC-2022-data-engineering-workshop/venv/lib/python3.8/site-packages/airflow/example_dags/subdags/subdag.py took 0.060 seconds
[2022-08-29T20:50:39.716-0400] {processor.py:153} INFO - Started process (PID=17222) to work on /Users/jl/Documents/Repos/GHC-2022-data-engineering-workshop/venv/lib/python3.8/site-packages/airflow/example_dags/subdags/subdag.py
[2022-08-29T20:50:39.724-0400] {processor.py:640} INFO - Processing file /Users/jl/Documents/Repos/GHC-2022-data-engineering-workshop/venv/lib/python3.8/site-packages/airflow/example_dags/subdags/subdag.py for tasks to queue
[2022-08-29T20:50:39.725-0400] {logging_mixin.py:115} INFO - [2022-08-29T20:50:39.724-0400] {dagbag.py:508} INFO - Filling up the DagBag from /Users/jl/Documents/Repos/GHC-2022-data-engineering-workshop/venv/lib/python3.8/site-packages/airflow/example_dags/subdags/subdag.py
[2022-08-29T20:50:39.727-0400] {processor.py:652} WARNING - No viable dags retrieved from /Users/jl/Documents/Repos/GHC-2022-data-engineering-workshop/venv/lib/python3.8/site-packages/airflow/example_dags/subdags/subdag.py
[2022-08-29T20:50:39.774-0400] {processor.py:161} INFO - Processing /Users/jl/Documents/Repos/GHC-2022-data-engineering-workshop/venv/lib/python3.8/site-packages/airflow/example_dags/subdags/subdag.py took 0.059 seconds
[2022-08-29T20:51:26.847-0400] {processor.py:153} INFO - Started process (PID=17266) to work on /Users/jl/Documents/Repos/GHC-2022-data-engineering-workshop/venv/lib/python3.8/site-packages/airflow/example_dags/subdags/subdag.py
[2022-08-29T20:51:26.856-0400] {processor.py:640} INFO - Processing file /Users/jl/Documents/Repos/GHC-2022-data-engineering-workshop/venv/lib/python3.8/site-packages/airflow/example_dags/subdags/subdag.py for tasks to queue
[2022-08-29T20:51:26.857-0400] {logging_mixin.py:115} INFO - [2022-08-29T20:51:26.856-0400] {dagbag.py:508} INFO - Filling up the DagBag from /Users/jl/Documents/Repos/GHC-2022-data-engineering-workshop/venv/lib/python3.8/site-packages/airflow/example_dags/subdags/subdag.py
[2022-08-29T20:51:26.859-0400] {processor.py:652} WARNING - No viable dags retrieved from /Users/jl/Documents/Repos/GHC-2022-data-engineering-workshop/venv/lib/python3.8/site-packages/airflow/example_dags/subdags/subdag.py
[2022-08-29T20:51:26.908-0400] {processor.py:161} INFO - Processing /Users/jl/Documents/Repos/GHC-2022-data-engineering-workshop/venv/lib/python3.8/site-packages/airflow/example_dags/subdags/subdag.py took 0.062 seconds
[2022-08-29T20:52:15.682-0400] {processor.py:153} INFO - Started process (PID=17312) to work on /Users/jl/Documents/Repos/GHC-2022-data-engineering-workshop/venv/lib/python3.8/site-packages/airflow/example_dags/subdags/subdag.py
[2022-08-29T20:52:15.692-0400] {processor.py:640} INFO - Processing file /Users/jl/Documents/Repos/GHC-2022-data-engineering-workshop/venv/lib/python3.8/site-packages/airflow/example_dags/subdags/subdag.py for tasks to queue
[2022-08-29T20:52:15.693-0400] {logging_mixin.py:115} INFO - [2022-08-29T20:52:15.693-0400] {dagbag.py:508} INFO - Filling up the DagBag from /Users/jl/Documents/Repos/GHC-2022-data-engineering-workshop/venv/lib/python3.8/site-packages/airflow/example_dags/subdags/subdag.py
[2022-08-29T20:52:15.695-0400] {processor.py:652} WARNING - No viable dags retrieved from /Users/jl/Documents/Repos/GHC-2022-data-engineering-workshop/venv/lib/python3.8/site-packages/airflow/example_dags/subdags/subdag.py
[2022-08-29T20:52:15.747-0400] {processor.py:161} INFO - Processing /Users/jl/Documents/Repos/GHC-2022-data-engineering-workshop/venv/lib/python3.8/site-packages/airflow/example_dags/subdags/subdag.py took 0.067 seconds
[2022-08-29T20:53:06.298-0400] {processor.py:153} INFO - Started process (PID=17358) to work on /Users/jl/Documents/Repos/GHC-2022-data-engineering-workshop/venv/lib/python3.8/site-packages/airflow/example_dags/subdags/subdag.py
[2022-08-29T20:53:06.307-0400] {processor.py:640} INFO - Processing file /Users/jl/Documents/Repos/GHC-2022-data-engineering-workshop/venv/lib/python3.8/site-packages/airflow/example_dags/subdags/subdag.py for tasks to queue
[2022-08-29T20:53:06.307-0400] {logging_mixin.py:115} INFO - [2022-08-29T20:53:06.307-0400] {dagbag.py:508} INFO - Filling up the DagBag from /Users/jl/Documents/Repos/GHC-2022-data-engineering-workshop/venv/lib/python3.8/site-packages/airflow/example_dags/subdags/subdag.py
[2022-08-29T20:53:06.309-0400] {processor.py:652} WARNING - No viable dags retrieved from /Users/jl/Documents/Repos/GHC-2022-data-engineering-workshop/venv/lib/python3.8/site-packages/airflow/example_dags/subdags/subdag.py
[2022-08-29T20:53:06.358-0400] {processor.py:161} INFO - Processing /Users/jl/Documents/Repos/GHC-2022-data-engineering-workshop/venv/lib/python3.8/site-packages/airflow/example_dags/subdags/subdag.py took 0.061 seconds
[2022-08-29T20:54:07.537-0400] {processor.py:153} INFO - Started process (PID=17405) to work on /Users/jl/Documents/Repos/GHC-2022-data-engineering-workshop/venv/lib/python3.8/site-packages/airflow/example_dags/subdags/subdag.py
[2022-08-29T20:54:07.550-0400] {processor.py:640} INFO - Processing file /Users/jl/Documents/Repos/GHC-2022-data-engineering-workshop/venv/lib/python3.8/site-packages/airflow/example_dags/subdags/subdag.py for tasks to queue
[2022-08-29T20:54:07.551-0400] {logging_mixin.py:115} INFO - [2022-08-29T20:54:07.551-0400] {dagbag.py:508} INFO - Filling up the DagBag from /Users/jl/Documents/Repos/GHC-2022-data-engineering-workshop/venv/lib/python3.8/site-packages/airflow/example_dags/subdags/subdag.py
[2022-08-29T20:54:07.555-0400] {processor.py:652} WARNING - No viable dags retrieved from /Users/jl/Documents/Repos/GHC-2022-data-engineering-workshop/venv/lib/python3.8/site-packages/airflow/example_dags/subdags/subdag.py
[2022-08-29T20:54:07.638-0400] {processor.py:161} INFO - Processing /Users/jl/Documents/Repos/GHC-2022-data-engineering-workshop/venv/lib/python3.8/site-packages/airflow/example_dags/subdags/subdag.py took 0.101 seconds
[2022-08-29T20:55:12.037-0400] {processor.py:153} INFO - Started process (PID=17456) to work on /Users/jl/Documents/Repos/GHC-2022-data-engineering-workshop/venv/lib/python3.8/site-packages/airflow/example_dags/subdags/subdag.py
[2022-08-29T20:55:12.047-0400] {processor.py:640} INFO - Processing file /Users/jl/Documents/Repos/GHC-2022-data-engineering-workshop/venv/lib/python3.8/site-packages/airflow/example_dags/subdags/subdag.py for tasks to queue
[2022-08-29T20:55:12.048-0400] {logging_mixin.py:115} INFO - [2022-08-29T20:55:12.048-0400] {dagbag.py:508} INFO - Filling up the DagBag from /Users/jl/Documents/Repos/GHC-2022-data-engineering-workshop/venv/lib/python3.8/site-packages/airflow/example_dags/subdags/subdag.py
[2022-08-29T20:55:12.052-0400] {processor.py:652} WARNING - No viable dags retrieved from /Users/jl/Documents/Repos/GHC-2022-data-engineering-workshop/venv/lib/python3.8/site-packages/airflow/example_dags/subdags/subdag.py
[2022-08-29T20:55:12.100-0400] {processor.py:161} INFO - Processing /Users/jl/Documents/Repos/GHC-2022-data-engineering-workshop/venv/lib/python3.8/site-packages/airflow/example_dags/subdags/subdag.py took 0.064 seconds
[2022-08-29T20:56:06.054-0400] {processor.py:153} INFO - Started process (PID=17502) to work on /Users/jl/Documents/Repos/GHC-2022-data-engineering-workshop/venv/lib/python3.8/site-packages/airflow/example_dags/subdags/subdag.py
[2022-08-29T20:56:06.062-0400] {processor.py:640} INFO - Processing file /Users/jl/Documents/Repos/GHC-2022-data-engineering-workshop/venv/lib/python3.8/site-packages/airflow/example_dags/subdags/subdag.py for tasks to queue
[2022-08-29T20:56:06.063-0400] {logging_mixin.py:115} INFO - [2022-08-29T20:56:06.063-0400] {dagbag.py:508} INFO - Filling up the DagBag from /Users/jl/Documents/Repos/GHC-2022-data-engineering-workshop/venv/lib/python3.8/site-packages/airflow/example_dags/subdags/subdag.py
[2022-08-29T20:56:06.065-0400] {processor.py:652} WARNING - No viable dags retrieved from /Users/jl/Documents/Repos/GHC-2022-data-engineering-workshop/venv/lib/python3.8/site-packages/airflow/example_dags/subdags/subdag.py
[2022-08-29T20:56:06.114-0400] {processor.py:161} INFO - Processing /Users/jl/Documents/Repos/GHC-2022-data-engineering-workshop/venv/lib/python3.8/site-packages/airflow/example_dags/subdags/subdag.py took 0.061 seconds
[2022-08-29T20:56:56.275-0400] {processor.py:153} INFO - Started process (PID=17546) to work on /Users/jl/Documents/Repos/GHC-2022-data-engineering-workshop/venv/lib/python3.8/site-packages/airflow/example_dags/subdags/subdag.py
[2022-08-29T20:56:56.284-0400] {processor.py:640} INFO - Processing file /Users/jl/Documents/Repos/GHC-2022-data-engineering-workshop/venv/lib/python3.8/site-packages/airflow/example_dags/subdags/subdag.py for tasks to queue
[2022-08-29T20:56:56.284-0400] {logging_mixin.py:115} INFO - [2022-08-29T20:56:56.284-0400] {dagbag.py:508} INFO - Filling up the DagBag from /Users/jl/Documents/Repos/GHC-2022-data-engineering-workshop/venv/lib/python3.8/site-packages/airflow/example_dags/subdags/subdag.py
[2022-08-29T20:56:56.286-0400] {processor.py:652} WARNING - No viable dags retrieved from /Users/jl/Documents/Repos/GHC-2022-data-engineering-workshop/venv/lib/python3.8/site-packages/airflow/example_dags/subdags/subdag.py
[2022-08-29T20:56:56.337-0400] {processor.py:161} INFO - Processing /Users/jl/Documents/Repos/GHC-2022-data-engineering-workshop/venv/lib/python3.8/site-packages/airflow/example_dags/subdags/subdag.py took 0.063 seconds
[2022-08-29T20:58:01.001-0400] {processor.py:153} INFO - Started process (PID=17606) to work on /Users/jl/Documents/Repos/GHC-2022-data-engineering-workshop/venv/lib/python3.8/site-packages/airflow/example_dags/subdags/subdag.py
[2022-08-29T20:58:01.012-0400] {processor.py:640} INFO - Processing file /Users/jl/Documents/Repos/GHC-2022-data-engineering-workshop/venv/lib/python3.8/site-packages/airflow/example_dags/subdags/subdag.py for tasks to queue
[2022-08-29T20:58:01.013-0400] {logging_mixin.py:115} INFO - [2022-08-29T20:58:01.013-0400] {dagbag.py:508} INFO - Filling up the DagBag from /Users/jl/Documents/Repos/GHC-2022-data-engineering-workshop/venv/lib/python3.8/site-packages/airflow/example_dags/subdags/subdag.py
[2022-08-29T20:58:01.015-0400] {processor.py:652} WARNING - No viable dags retrieved from /Users/jl/Documents/Repos/GHC-2022-data-engineering-workshop/venv/lib/python3.8/site-packages/airflow/example_dags/subdags/subdag.py
[2022-08-29T20:58:01.158-0400] {processor.py:161} INFO - Processing /Users/jl/Documents/Repos/GHC-2022-data-engineering-workshop/venv/lib/python3.8/site-packages/airflow/example_dags/subdags/subdag.py took 0.158 seconds
[2022-08-29T20:59:14.903-0400] {processor.py:153} INFO - Started process (PID=17670) to work on /Users/jl/Documents/Repos/GHC-2022-data-engineering-workshop/venv/lib/python3.8/site-packages/airflow/example_dags/subdags/subdag.py
[2022-08-29T20:59:14.913-0400] {processor.py:640} INFO - Processing file /Users/jl/Documents/Repos/GHC-2022-data-engineering-workshop/venv/lib/python3.8/site-packages/airflow/example_dags/subdags/subdag.py for tasks to queue
[2022-08-29T20:59:14.914-0400] {logging_mixin.py:115} INFO - [2022-08-29T20:59:14.914-0400] {dagbag.py:508} INFO - Filling up the DagBag from /Users/jl/Documents/Repos/GHC-2022-data-engineering-workshop/venv/lib/python3.8/site-packages/airflow/example_dags/subdags/subdag.py
[2022-08-29T20:59:14.919-0400] {processor.py:652} WARNING - No viable dags retrieved from /Users/jl/Documents/Repos/GHC-2022-data-engineering-workshop/venv/lib/python3.8/site-packages/airflow/example_dags/subdags/subdag.py
[2022-08-29T20:59:14.989-0400] {processor.py:161} INFO - Processing /Users/jl/Documents/Repos/GHC-2022-data-engineering-workshop/venv/lib/python3.8/site-packages/airflow/example_dags/subdags/subdag.py took 0.086 seconds
[2022-08-29T21:00:18.683-0400] {processor.py:153} INFO - Started process (PID=17749) to work on /Users/jl/Documents/Repos/GHC-2022-data-engineering-workshop/venv/lib/python3.8/site-packages/airflow/example_dags/subdags/subdag.py
[2022-08-29T21:00:18.693-0400] {processor.py:640} INFO - Processing file /Users/jl/Documents/Repos/GHC-2022-data-engineering-workshop/venv/lib/python3.8/site-packages/airflow/example_dags/subdags/subdag.py for tasks to queue
[2022-08-29T21:00:18.694-0400] {logging_mixin.py:115} INFO - [2022-08-29T21:00:18.694-0400] {dagbag.py:508} INFO - Filling up the DagBag from /Users/jl/Documents/Repos/GHC-2022-data-engineering-workshop/venv/lib/python3.8/site-packages/airflow/example_dags/subdags/subdag.py
[2022-08-29T21:00:18.698-0400] {processor.py:652} WARNING - No viable dags retrieved from /Users/jl/Documents/Repos/GHC-2022-data-engineering-workshop/venv/lib/python3.8/site-packages/airflow/example_dags/subdags/subdag.py
[2022-08-29T21:00:18.754-0400] {processor.py:161} INFO - Processing /Users/jl/Documents/Repos/GHC-2022-data-engineering-workshop/venv/lib/python3.8/site-packages/airflow/example_dags/subdags/subdag.py took 0.072 seconds
[2022-08-29T21:01:16.559-0400] {processor.py:153} INFO - Started process (PID=17805) to work on /Users/jl/Documents/Repos/GHC-2022-data-engineering-workshop/venv/lib/python3.8/site-packages/airflow/example_dags/subdags/subdag.py
[2022-08-29T21:01:16.568-0400] {processor.py:640} INFO - Processing file /Users/jl/Documents/Repos/GHC-2022-data-engineering-workshop/venv/lib/python3.8/site-packages/airflow/example_dags/subdags/subdag.py for tasks to queue
[2022-08-29T21:01:16.568-0400] {logging_mixin.py:115} INFO - [2022-08-29T21:01:16.568-0400] {dagbag.py:508} INFO - Filling up the DagBag from /Users/jl/Documents/Repos/GHC-2022-data-engineering-workshop/venv/lib/python3.8/site-packages/airflow/example_dags/subdags/subdag.py
[2022-08-29T21:01:16.574-0400] {processor.py:652} WARNING - No viable dags retrieved from /Users/jl/Documents/Repos/GHC-2022-data-engineering-workshop/venv/lib/python3.8/site-packages/airflow/example_dags/subdags/subdag.py
[2022-08-29T21:01:16.622-0400] {processor.py:161} INFO - Processing /Users/jl/Documents/Repos/GHC-2022-data-engineering-workshop/venv/lib/python3.8/site-packages/airflow/example_dags/subdags/subdag.py took 0.063 seconds
