[2022-08-29T19:52:29.507-0400] {processor.py:153} INFO - Started process (PID=13949) to work on /Users/jl/Documents/Repos/GHC-2022-data-engineering-workshop/venv/lib/python3.8/site-packages/airflow/example_dags/subdags/subdag.py
[2022-08-29T19:52:29.521-0400] {processor.py:640} INFO - Processing file /Users/jl/Documents/Repos/GHC-2022-data-engineering-workshop/venv/lib/python3.8/site-packages/airflow/example_dags/subdags/subdag.py for tasks to queue
[2022-08-29T19:52:29.522-0400] {logging_mixin.py:115} INFO - [2022-08-29T19:52:29.521-0400] {dagbag.py:508} INFO - Filling up the DagBag from /Users/jl/Documents/Repos/GHC-2022-data-engineering-workshop/venv/lib/python3.8/site-packages/airflow/example_dags/subdags/subdag.py
[2022-08-29T19:52:29.527-0400] {processor.py:652} WARNING - No viable dags retrieved from /Users/jl/Documents/Repos/GHC-2022-data-engineering-workshop/venv/lib/python3.8/site-packages/airflow/example_dags/subdags/subdag.py
[2022-08-29T19:52:29.725-0400] {processor.py:161} INFO - Processing /Users/jl/Documents/Repos/GHC-2022-data-engineering-workshop/venv/lib/python3.8/site-packages/airflow/example_dags/subdags/subdag.py took 0.219 seconds
[2022-08-29T19:54:18.963-0400] {processor.py:153} INFO - Started process (PID=14029) to work on /Users/jl/Documents/Repos/GHC-2022-data-engineering-workshop/venv/lib/python3.8/site-packages/airflow/example_dags/subdags/subdag.py
[2022-08-29T19:54:18.973-0400] {processor.py:640} INFO - Processing file /Users/jl/Documents/Repos/GHC-2022-data-engineering-workshop/venv/lib/python3.8/site-packages/airflow/example_dags/subdags/subdag.py for tasks to queue
[2022-08-29T19:54:18.974-0400] {logging_mixin.py:115} INFO - [2022-08-29T19:54:18.974-0400] {dagbag.py:508} INFO - Filling up the DagBag from /Users/jl/Documents/Repos/GHC-2022-data-engineering-workshop/venv/lib/python3.8/site-packages/airflow/example_dags/subdags/subdag.py
[2022-08-29T19:54:18.977-0400] {processor.py:652} WARNING - No viable dags retrieved from /Users/jl/Documents/Repos/GHC-2022-data-engineering-workshop/venv/lib/python3.8/site-packages/airflow/example_dags/subdags/subdag.py
[2022-08-29T19:54:19.025-0400] {processor.py:161} INFO - Processing /Users/jl/Documents/Repos/GHC-2022-data-engineering-workshop/venv/lib/python3.8/site-packages/airflow/example_dags/subdags/subdag.py took 0.063 seconds
[2022-08-29T19:55:23.168-0400] {processor.py:153} INFO - Started process (PID=14090) to work on /Users/jl/Documents/Repos/GHC-2022-data-engineering-workshop/venv/lib/python3.8/site-packages/airflow/example_dags/subdags/subdag.py
[2022-08-29T19:55:23.178-0400] {processor.py:640} INFO - Processing file /Users/jl/Documents/Repos/GHC-2022-data-engineering-workshop/venv/lib/python3.8/site-packages/airflow/example_dags/subdags/subdag.py for tasks to queue
[2022-08-29T19:55:23.179-0400] {logging_mixin.py:115} INFO - [2022-08-29T19:55:23.179-0400] {dagbag.py:508} INFO - Filling up the DagBag from /Users/jl/Documents/Repos/GHC-2022-data-engineering-workshop/venv/lib/python3.8/site-packages/airflow/example_dags/subdags/subdag.py
[2022-08-29T19:55:23.182-0400] {processor.py:652} WARNING - No viable dags retrieved from /Users/jl/Documents/Repos/GHC-2022-data-engineering-workshop/venv/lib/python3.8/site-packages/airflow/example_dags/subdags/subdag.py
[2022-08-29T19:55:23.232-0400] {processor.py:161} INFO - Processing /Users/jl/Documents/Repos/GHC-2022-data-engineering-workshop/venv/lib/python3.8/site-packages/airflow/example_dags/subdags/subdag.py took 0.065 seconds
[2022-08-29T19:56:09.895-0400] {processor.py:153} INFO - Started process (PID=14132) to work on /Users/jl/Documents/Repos/GHC-2022-data-engineering-workshop/venv/lib/python3.8/site-packages/airflow/example_dags/subdags/subdag.py
[2022-08-29T19:56:09.903-0400] {processor.py:640} INFO - Processing file /Users/jl/Documents/Repos/GHC-2022-data-engineering-workshop/venv/lib/python3.8/site-packages/airflow/example_dags/subdags/subdag.py for tasks to queue
[2022-08-29T19:56:09.903-0400] {logging_mixin.py:115} INFO - [2022-08-29T19:56:09.903-0400] {dagbag.py:508} INFO - Filling up the DagBag from /Users/jl/Documents/Repos/GHC-2022-data-engineering-workshop/venv/lib/python3.8/site-packages/airflow/example_dags/subdags/subdag.py
[2022-08-29T19:56:09.905-0400] {processor.py:652} WARNING - No viable dags retrieved from /Users/jl/Documents/Repos/GHC-2022-data-engineering-workshop/venv/lib/python3.8/site-packages/airflow/example_dags/subdags/subdag.py
[2022-08-29T19:56:09.956-0400] {processor.py:161} INFO - Processing /Users/jl/Documents/Repos/GHC-2022-data-engineering-workshop/venv/lib/python3.8/site-packages/airflow/example_dags/subdags/subdag.py took 0.063 seconds
[2022-08-29T19:56:51.171-0400] {processor.py:153} INFO - Started process (PID=14173) to work on /Users/jl/Documents/Repos/GHC-2022-data-engineering-workshop/venv/lib/python3.8/site-packages/airflow/example_dags/subdags/subdag.py
[2022-08-29T19:56:51.179-0400] {processor.py:640} INFO - Processing file /Users/jl/Documents/Repos/GHC-2022-data-engineering-workshop/venv/lib/python3.8/site-packages/airflow/example_dags/subdags/subdag.py for tasks to queue
[2022-08-29T19:56:51.180-0400] {logging_mixin.py:115} INFO - [2022-08-29T19:56:51.180-0400] {dagbag.py:508} INFO - Filling up the DagBag from /Users/jl/Documents/Repos/GHC-2022-data-engineering-workshop/venv/lib/python3.8/site-packages/airflow/example_dags/subdags/subdag.py
[2022-08-29T19:56:51.182-0400] {processor.py:652} WARNING - No viable dags retrieved from /Users/jl/Documents/Repos/GHC-2022-data-engineering-workshop/venv/lib/python3.8/site-packages/airflow/example_dags/subdags/subdag.py
[2022-08-29T19:56:51.231-0400] {processor.py:161} INFO - Processing /Users/jl/Documents/Repos/GHC-2022-data-engineering-workshop/venv/lib/python3.8/site-packages/airflow/example_dags/subdags/subdag.py took 0.061 seconds
[2022-08-29T19:57:32.949-0400] {processor.py:153} INFO - Started process (PID=14213) to work on /Users/jl/Documents/Repos/GHC-2022-data-engineering-workshop/venv/lib/python3.8/site-packages/airflow/example_dags/subdags/subdag.py
[2022-08-29T19:57:32.958-0400] {processor.py:640} INFO - Processing file /Users/jl/Documents/Repos/GHC-2022-data-engineering-workshop/venv/lib/python3.8/site-packages/airflow/example_dags/subdags/subdag.py for tasks to queue
[2022-08-29T19:57:32.958-0400] {logging_mixin.py:115} INFO - [2022-08-29T19:57:32.958-0400] {dagbag.py:508} INFO - Filling up the DagBag from /Users/jl/Documents/Repos/GHC-2022-data-engineering-workshop/venv/lib/python3.8/site-packages/airflow/example_dags/subdags/subdag.py
[2022-08-29T19:57:32.960-0400] {processor.py:652} WARNING - No viable dags retrieved from /Users/jl/Documents/Repos/GHC-2022-data-engineering-workshop/venv/lib/python3.8/site-packages/airflow/example_dags/subdags/subdag.py
[2022-08-29T19:57:33.009-0400] {processor.py:161} INFO - Processing /Users/jl/Documents/Repos/GHC-2022-data-engineering-workshop/venv/lib/python3.8/site-packages/airflow/example_dags/subdags/subdag.py took 0.061 seconds
[2022-08-29T19:58:15.957-0400] {processor.py:153} INFO - Started process (PID=14254) to work on /Users/jl/Documents/Repos/GHC-2022-data-engineering-workshop/venv/lib/python3.8/site-packages/airflow/example_dags/subdags/subdag.py
[2022-08-29T19:58:15.966-0400] {processor.py:640} INFO - Processing file /Users/jl/Documents/Repos/GHC-2022-data-engineering-workshop/venv/lib/python3.8/site-packages/airflow/example_dags/subdags/subdag.py for tasks to queue
[2022-08-29T19:58:15.967-0400] {logging_mixin.py:115} INFO - [2022-08-29T19:58:15.967-0400] {dagbag.py:508} INFO - Filling up the DagBag from /Users/jl/Documents/Repos/GHC-2022-data-engineering-workshop/venv/lib/python3.8/site-packages/airflow/example_dags/subdags/subdag.py
[2022-08-29T19:58:15.969-0400] {processor.py:652} WARNING - No viable dags retrieved from /Users/jl/Documents/Repos/GHC-2022-data-engineering-workshop/venv/lib/python3.8/site-packages/airflow/example_dags/subdags/subdag.py
[2022-08-29T19:58:16.017-0400] {processor.py:161} INFO - Processing /Users/jl/Documents/Repos/GHC-2022-data-engineering-workshop/venv/lib/python3.8/site-packages/airflow/example_dags/subdags/subdag.py took 0.061 seconds
[2022-08-29T19:59:01.305-0400] {processor.py:153} INFO - Started process (PID=14295) to work on /Users/jl/Documents/Repos/GHC-2022-data-engineering-workshop/venv/lib/python3.8/site-packages/airflow/example_dags/subdags/subdag.py
[2022-08-29T19:59:01.314-0400] {processor.py:640} INFO - Processing file /Users/jl/Documents/Repos/GHC-2022-data-engineering-workshop/venv/lib/python3.8/site-packages/airflow/example_dags/subdags/subdag.py for tasks to queue
[2022-08-29T19:59:01.314-0400] {logging_mixin.py:115} INFO - [2022-08-29T19:59:01.314-0400] {dagbag.py:508} INFO - Filling up the DagBag from /Users/jl/Documents/Repos/GHC-2022-data-engineering-workshop/venv/lib/python3.8/site-packages/airflow/example_dags/subdags/subdag.py
[2022-08-29T19:59:01.316-0400] {processor.py:652} WARNING - No viable dags retrieved from /Users/jl/Documents/Repos/GHC-2022-data-engineering-workshop/venv/lib/python3.8/site-packages/airflow/example_dags/subdags/subdag.py
[2022-08-29T19:59:01.371-0400] {processor.py:161} INFO - Processing /Users/jl/Documents/Repos/GHC-2022-data-engineering-workshop/venv/lib/python3.8/site-packages/airflow/example_dags/subdags/subdag.py took 0.067 seconds
[2022-08-29T19:59:45.850-0400] {processor.py:153} INFO - Started process (PID=14335) to work on /Users/jl/Documents/Repos/GHC-2022-data-engineering-workshop/venv/lib/python3.8/site-packages/airflow/example_dags/subdags/subdag.py
[2022-08-29T19:59:45.859-0400] {processor.py:640} INFO - Processing file /Users/jl/Documents/Repos/GHC-2022-data-engineering-workshop/venv/lib/python3.8/site-packages/airflow/example_dags/subdags/subdag.py for tasks to queue
[2022-08-29T19:59:45.859-0400] {logging_mixin.py:115} INFO - [2022-08-29T19:59:45.859-0400] {dagbag.py:508} INFO - Filling up the DagBag from /Users/jl/Documents/Repos/GHC-2022-data-engineering-workshop/venv/lib/python3.8/site-packages/airflow/example_dags/subdags/subdag.py
[2022-08-29T19:59:45.861-0400] {processor.py:652} WARNING - No viable dags retrieved from /Users/jl/Documents/Repos/GHC-2022-data-engineering-workshop/venv/lib/python3.8/site-packages/airflow/example_dags/subdags/subdag.py
[2022-08-29T19:59:45.908-0400] {processor.py:161} INFO - Processing /Users/jl/Documents/Repos/GHC-2022-data-engineering-workshop/venv/lib/python3.8/site-packages/airflow/example_dags/subdags/subdag.py took 0.059 seconds
