[2022-08-29T19:53:09.428-0400] {processor.py:153} INFO - Started process (PID=13980) to work on /Users/jl/Documents/Repos/GHC-2022-data-engineering-workshop/venv/lib/python3.8/site-packages/airflow/example_dags/example_task_group_decorator.py
[2022-08-29T19:53:09.437-0400] {processor.py:640} INFO - Processing file /Users/jl/Documents/Repos/GHC-2022-data-engineering-workshop/venv/lib/python3.8/site-packages/airflow/example_dags/example_task_group_decorator.py for tasks to queue
[2022-08-29T19:53:09.437-0400] {logging_mixin.py:115} INFO - [2022-08-29T19:53:09.437-0400] {dagbag.py:508} INFO - Filling up the DagBag from /Users/jl/Documents/Repos/GHC-2022-data-engineering-workshop/venv/lib/python3.8/site-packages/airflow/example_dags/example_task_group_decorator.py
[2022-08-29T19:53:09.489-0400] {processor.py:650} INFO - DAG(s) dict_keys(['example_task_group_decorator']) retrieved from /Users/jl/Documents/Repos/GHC-2022-data-engineering-workshop/venv/lib/python3.8/site-packages/airflow/example_dags/example_task_group_decorator.py
[2022-08-29T19:53:10.430-0400] {logging_mixin.py:115} INFO - [2022-08-29T19:53:10.430-0400] {manager.py:508} INFO - Created Permission View: can edit on DAG:example_task_group_decorator
[2022-08-29T19:53:10.440-0400] {logging_mixin.py:115} INFO - [2022-08-29T19:53:10.440-0400] {manager.py:508} INFO - Created Permission View: can delete on DAG:example_task_group_decorator
[2022-08-29T19:53:10.448-0400] {logging_mixin.py:115} INFO - [2022-08-29T19:53:10.448-0400] {manager.py:508} INFO - Created Permission View: can read on DAG:example_task_group_decorator
[2022-08-29T19:53:10.449-0400] {logging_mixin.py:115} INFO - [2022-08-29T19:53:10.449-0400] {dag.py:2429} INFO - Sync 1 DAGs
[2022-08-29T19:53:10.460-0400] {logging_mixin.py:115} INFO - [2022-08-29T19:53:10.459-0400] {dag.py:2448} INFO - Creating ORM DAG for example_task_group_decorator
[2022-08-29T19:53:10.470-0400] {logging_mixin.py:115} INFO - [2022-08-29T19:53:10.470-0400] {dag.py:2977} INFO - Setting next_dagrun for example_task_group_decorator to 2022-08-28T23:53:10.470003+00:00, run_after=2022-08-29T23:53:10.470003+00:00
[2022-08-29T19:53:10.486-0400] {processor.py:161} INFO - Processing /Users/jl/Documents/Repos/GHC-2022-data-engineering-workshop/venv/lib/python3.8/site-packages/airflow/example_dags/example_task_group_decorator.py took 1.059 seconds
[2022-08-29T19:54:52.980-0400] {processor.py:153} INFO - Started process (PID=14059) to work on /Users/jl/Documents/Repos/GHC-2022-data-engineering-workshop/venv/lib/python3.8/site-packages/airflow/example_dags/example_task_group_decorator.py
[2022-08-29T19:54:52.990-0400] {processor.py:640} INFO - Processing file /Users/jl/Documents/Repos/GHC-2022-data-engineering-workshop/venv/lib/python3.8/site-packages/airflow/example_dags/example_task_group_decorator.py for tasks to queue
[2022-08-29T19:54:52.991-0400] {logging_mixin.py:115} INFO - [2022-08-29T19:54:52.991-0400] {dagbag.py:508} INFO - Filling up the DagBag from /Users/jl/Documents/Repos/GHC-2022-data-engineering-workshop/venv/lib/python3.8/site-packages/airflow/example_dags/example_task_group_decorator.py
[2022-08-29T19:54:53.042-0400] {processor.py:650} INFO - DAG(s) dict_keys(['example_task_group_decorator']) retrieved from /Users/jl/Documents/Repos/GHC-2022-data-engineering-workshop/venv/lib/python3.8/site-packages/airflow/example_dags/example_task_group_decorator.py
[2022-08-29T19:54:53.865-0400] {logging_mixin.py:115} INFO - [2022-08-29T19:54:53.865-0400] {dag.py:2429} INFO - Sync 1 DAGs
[2022-08-29T19:54:53.887-0400] {logging_mixin.py:115} INFO - [2022-08-29T19:54:53.887-0400] {dag.py:2977} INFO - Setting next_dagrun for example_task_group_decorator to 2022-08-28T23:54:53.887196+00:00, run_after=2022-08-29T23:54:53.887196+00:00
[2022-08-29T19:54:53.907-0400] {processor.py:161} INFO - Processing /Users/jl/Documents/Repos/GHC-2022-data-engineering-workshop/venv/lib/python3.8/site-packages/airflow/example_dags/example_task_group_decorator.py took 0.927 seconds
[2022-08-29T19:56:25.128-0400] {processor.py:153} INFO - Started process (PID=14147) to work on /Users/jl/Documents/Repos/GHC-2022-data-engineering-workshop/venv/lib/python3.8/site-packages/airflow/example_dags/example_task_group_decorator.py
[2022-08-29T19:56:25.137-0400] {processor.py:640} INFO - Processing file /Users/jl/Documents/Repos/GHC-2022-data-engineering-workshop/venv/lib/python3.8/site-packages/airflow/example_dags/example_task_group_decorator.py for tasks to queue
[2022-08-29T19:56:25.138-0400] {logging_mixin.py:115} INFO - [2022-08-29T19:56:25.137-0400] {dagbag.py:508} INFO - Filling up the DagBag from /Users/jl/Documents/Repos/GHC-2022-data-engineering-workshop/venv/lib/python3.8/site-packages/airflow/example_dags/example_task_group_decorator.py
[2022-08-29T19:56:25.188-0400] {processor.py:650} INFO - DAG(s) dict_keys(['example_task_group_decorator']) retrieved from /Users/jl/Documents/Repos/GHC-2022-data-engineering-workshop/venv/lib/python3.8/site-packages/airflow/example_dags/example_task_group_decorator.py
[2022-08-29T19:56:25.908-0400] {logging_mixin.py:115} INFO - [2022-08-29T19:56:25.908-0400] {dag.py:2429} INFO - Sync 1 DAGs
[2022-08-29T19:56:25.927-0400] {logging_mixin.py:115} INFO - [2022-08-29T19:56:25.927-0400] {dag.py:2977} INFO - Setting next_dagrun for example_task_group_decorator to 2022-08-28T23:56:25.927000+00:00, run_after=2022-08-29T23:56:25.927000+00:00
[2022-08-29T19:56:25.944-0400] {processor.py:161} INFO - Processing /Users/jl/Documents/Repos/GHC-2022-data-engineering-workshop/venv/lib/python3.8/site-packages/airflow/example_dags/example_task_group_decorator.py took 0.817 seconds
[2022-08-29T19:57:49.111-0400] {processor.py:153} INFO - Started process (PID=14228) to work on /Users/jl/Documents/Repos/GHC-2022-data-engineering-workshop/venv/lib/python3.8/site-packages/airflow/example_dags/example_task_group_decorator.py
[2022-08-29T19:57:49.119-0400] {processor.py:640} INFO - Processing file /Users/jl/Documents/Repos/GHC-2022-data-engineering-workshop/venv/lib/python3.8/site-packages/airflow/example_dags/example_task_group_decorator.py for tasks to queue
[2022-08-29T19:57:49.120-0400] {logging_mixin.py:115} INFO - [2022-08-29T19:57:49.120-0400] {dagbag.py:508} INFO - Filling up the DagBag from /Users/jl/Documents/Repos/GHC-2022-data-engineering-workshop/venv/lib/python3.8/site-packages/airflow/example_dags/example_task_group_decorator.py
[2022-08-29T19:57:49.169-0400] {processor.py:650} INFO - DAG(s) dict_keys(['example_task_group_decorator']) retrieved from /Users/jl/Documents/Repos/GHC-2022-data-engineering-workshop/venv/lib/python3.8/site-packages/airflow/example_dags/example_task_group_decorator.py
[2022-08-29T19:57:49.887-0400] {logging_mixin.py:115} INFO - [2022-08-29T19:57:49.887-0400] {dag.py:2429} INFO - Sync 1 DAGs
[2022-08-29T19:57:49.906-0400] {logging_mixin.py:115} INFO - [2022-08-29T19:57:49.905-0400] {dag.py:2977} INFO - Setting next_dagrun for example_task_group_decorator to 2022-08-28T23:57:49.905750+00:00, run_after=2022-08-29T23:57:49.905750+00:00
[2022-08-29T19:57:49.922-0400] {processor.py:161} INFO - Processing /Users/jl/Documents/Repos/GHC-2022-data-engineering-workshop/venv/lib/python3.8/site-packages/airflow/example_dags/example_task_group_decorator.py took 0.812 seconds
[2022-08-29T19:59:17.833-0400] {processor.py:153} INFO - Started process (PID=14309) to work on /Users/jl/Documents/Repos/GHC-2022-data-engineering-workshop/venv/lib/python3.8/site-packages/airflow/example_dags/example_task_group_decorator.py
[2022-08-29T19:59:17.841-0400] {processor.py:640} INFO - Processing file /Users/jl/Documents/Repos/GHC-2022-data-engineering-workshop/venv/lib/python3.8/site-packages/airflow/example_dags/example_task_group_decorator.py for tasks to queue
[2022-08-29T19:59:17.842-0400] {logging_mixin.py:115} INFO - [2022-08-29T19:59:17.842-0400] {dagbag.py:508} INFO - Filling up the DagBag from /Users/jl/Documents/Repos/GHC-2022-data-engineering-workshop/venv/lib/python3.8/site-packages/airflow/example_dags/example_task_group_decorator.py
[2022-08-29T19:59:17.892-0400] {processor.py:650} INFO - DAG(s) dict_keys(['example_task_group_decorator']) retrieved from /Users/jl/Documents/Repos/GHC-2022-data-engineering-workshop/venv/lib/python3.8/site-packages/airflow/example_dags/example_task_group_decorator.py
[2022-08-29T19:59:18.613-0400] {logging_mixin.py:115} INFO - [2022-08-29T19:59:18.612-0400] {dag.py:2429} INFO - Sync 1 DAGs
[2022-08-29T19:59:18.631-0400] {logging_mixin.py:115} INFO - [2022-08-29T19:59:18.631-0400] {dag.py:2977} INFO - Setting next_dagrun for example_task_group_decorator to 2022-08-28T23:59:18.631381+00:00, run_after=2022-08-29T23:59:18.631381+00:00
[2022-08-29T19:59:18.647-0400] {processor.py:161} INFO - Processing /Users/jl/Documents/Repos/GHC-2022-data-engineering-workshop/venv/lib/python3.8/site-packages/airflow/example_dags/example_task_group_decorator.py took 0.816 seconds
