[2022-08-29T19:53:21.818-0400] {processor.py:153} INFO - Started process (PID=13990) to work on /Users/jl/Documents/Repos/GHC-2022-data-engineering-workshop/venv/lib/python3.8/site-packages/airflow/example_dags/example_skip_dag.py
[2022-08-29T19:53:21.828-0400] {processor.py:640} INFO - Processing file /Users/jl/Documents/Repos/GHC-2022-data-engineering-workshop/venv/lib/python3.8/site-packages/airflow/example_dags/example_skip_dag.py for tasks to queue
[2022-08-29T19:53:21.828-0400] {logging_mixin.py:115} INFO - [2022-08-29T19:53:21.828-0400] {dagbag.py:508} INFO - Filling up the DagBag from /Users/jl/Documents/Repos/GHC-2022-data-engineering-workshop/venv/lib/python3.8/site-packages/airflow/example_dags/example_skip_dag.py
[2022-08-29T19:53:21.846-0400] {processor.py:650} INFO - DAG(s) dict_keys(['example_skip_dag']) retrieved from /Users/jl/Documents/Repos/GHC-2022-data-engineering-workshop/venv/lib/python3.8/site-packages/airflow/example_dags/example_skip_dag.py
[2022-08-29T19:53:22.800-0400] {logging_mixin.py:115} INFO - [2022-08-29T19:53:22.800-0400] {manager.py:508} INFO - Created Permission View: can delete on DAG:example_skip_dag
[2022-08-29T19:53:22.811-0400] {logging_mixin.py:115} INFO - [2022-08-29T19:53:22.811-0400] {manager.py:508} INFO - Created Permission View: can read on DAG:example_skip_dag
[2022-08-29T19:53:22.820-0400] {logging_mixin.py:115} INFO - [2022-08-29T19:53:22.819-0400] {manager.py:508} INFO - Created Permission View: can edit on DAG:example_skip_dag
[2022-08-29T19:53:22.820-0400] {logging_mixin.py:115} INFO - [2022-08-29T19:53:22.820-0400] {dag.py:2429} INFO - Sync 1 DAGs
[2022-08-29T19:53:22.829-0400] {logging_mixin.py:115} INFO - [2022-08-29T19:53:22.829-0400] {dag.py:2448} INFO - Creating ORM DAG for example_skip_dag
[2022-08-29T19:53:22.841-0400] {logging_mixin.py:115} INFO - [2022-08-29T19:53:22.840-0400] {dag.py:2977} INFO - Setting next_dagrun for example_skip_dag to 2022-08-28T23:53:22.840651+00:00, run_after=2022-08-29T23:53:22.840651+00:00
[2022-08-29T19:53:22.855-0400] {processor.py:161} INFO - Processing /Users/jl/Documents/Repos/GHC-2022-data-engineering-workshop/venv/lib/python3.8/site-packages/airflow/example_dags/example_skip_dag.py took 1.038 seconds
[2022-08-29T19:55:05.142-0400] {processor.py:153} INFO - Started process (PID=14072) to work on /Users/jl/Documents/Repos/GHC-2022-data-engineering-workshop/venv/lib/python3.8/site-packages/airflow/example_dags/example_skip_dag.py
[2022-08-29T19:55:05.152-0400] {processor.py:640} INFO - Processing file /Users/jl/Documents/Repos/GHC-2022-data-engineering-workshop/venv/lib/python3.8/site-packages/airflow/example_dags/example_skip_dag.py for tasks to queue
[2022-08-29T19:55:05.153-0400] {logging_mixin.py:115} INFO - [2022-08-29T19:55:05.153-0400] {dagbag.py:508} INFO - Filling up the DagBag from /Users/jl/Documents/Repos/GHC-2022-data-engineering-workshop/venv/lib/python3.8/site-packages/airflow/example_dags/example_skip_dag.py
[2022-08-29T19:55:05.169-0400] {processor.py:650} INFO - DAG(s) dict_keys(['example_skip_dag']) retrieved from /Users/jl/Documents/Repos/GHC-2022-data-engineering-workshop/venv/lib/python3.8/site-packages/airflow/example_dags/example_skip_dag.py
[2022-08-29T19:55:05.247-0400] {logging_mixin.py:115} INFO - [2022-08-29T19:55:05.246-0400] {dag.py:2429} INFO - Sync 1 DAGs
[2022-08-29T19:55:05.265-0400] {logging_mixin.py:115} INFO - [2022-08-29T19:55:05.265-0400] {dag.py:2977} INFO - Setting next_dagrun for example_skip_dag to 2022-08-28T23:55:05.265486+00:00, run_after=2022-08-29T23:55:05.265486+00:00
[2022-08-29T19:55:05.281-0400] {processor.py:161} INFO - Processing /Users/jl/Documents/Repos/GHC-2022-data-engineering-workshop/venv/lib/python3.8/site-packages/airflow/example_dags/example_skip_dag.py took 0.141 seconds
[2022-08-29T19:56:34.738-0400] {processor.py:153} INFO - Started process (PID=14155) to work on /Users/jl/Documents/Repos/GHC-2022-data-engineering-workshop/venv/lib/python3.8/site-packages/airflow/example_dags/example_skip_dag.py
[2022-08-29T19:56:34.746-0400] {processor.py:640} INFO - Processing file /Users/jl/Documents/Repos/GHC-2022-data-engineering-workshop/venv/lib/python3.8/site-packages/airflow/example_dags/example_skip_dag.py for tasks to queue
[2022-08-29T19:56:34.746-0400] {logging_mixin.py:115} INFO - [2022-08-29T19:56:34.746-0400] {dagbag.py:508} INFO - Filling up the DagBag from /Users/jl/Documents/Repos/GHC-2022-data-engineering-workshop/venv/lib/python3.8/site-packages/airflow/example_dags/example_skip_dag.py
[2022-08-29T19:56:34.761-0400] {processor.py:650} INFO - DAG(s) dict_keys(['example_skip_dag']) retrieved from /Users/jl/Documents/Repos/GHC-2022-data-engineering-workshop/venv/lib/python3.8/site-packages/airflow/example_dags/example_skip_dag.py
[2022-08-29T19:56:34.840-0400] {logging_mixin.py:115} INFO - [2022-08-29T19:56:34.840-0400] {dag.py:2429} INFO - Sync 1 DAGs
[2022-08-29T19:56:34.857-0400] {logging_mixin.py:115} INFO - [2022-08-29T19:56:34.857-0400] {dag.py:2977} INFO - Setting next_dagrun for example_skip_dag to 2022-08-28T23:56:34.857306+00:00, run_after=2022-08-29T23:56:34.857306+00:00
[2022-08-29T19:56:34.873-0400] {processor.py:161} INFO - Processing /Users/jl/Documents/Repos/GHC-2022-data-engineering-workshop/venv/lib/python3.8/site-packages/airflow/example_dags/example_skip_dag.py took 0.137 seconds
[2022-08-29T19:57:58.410-0400] {processor.py:153} INFO - Started process (PID=14236) to work on /Users/jl/Documents/Repos/GHC-2022-data-engineering-workshop/venv/lib/python3.8/site-packages/airflow/example_dags/example_skip_dag.py
[2022-08-29T19:57:58.418-0400] {processor.py:640} INFO - Processing file /Users/jl/Documents/Repos/GHC-2022-data-engineering-workshop/venv/lib/python3.8/site-packages/airflow/example_dags/example_skip_dag.py for tasks to queue
[2022-08-29T19:57:58.418-0400] {logging_mixin.py:115} INFO - [2022-08-29T19:57:58.418-0400] {dagbag.py:508} INFO - Filling up the DagBag from /Users/jl/Documents/Repos/GHC-2022-data-engineering-workshop/venv/lib/python3.8/site-packages/airflow/example_dags/example_skip_dag.py
[2022-08-29T19:57:58.433-0400] {processor.py:650} INFO - DAG(s) dict_keys(['example_skip_dag']) retrieved from /Users/jl/Documents/Repos/GHC-2022-data-engineering-workshop/venv/lib/python3.8/site-packages/airflow/example_dags/example_skip_dag.py
[2022-08-29T19:57:58.513-0400] {logging_mixin.py:115} INFO - [2022-08-29T19:57:58.513-0400] {dag.py:2429} INFO - Sync 1 DAGs
[2022-08-29T19:57:58.531-0400] {logging_mixin.py:115} INFO - [2022-08-29T19:57:58.531-0400] {dag.py:2977} INFO - Setting next_dagrun for example_skip_dag to 2022-08-28T23:57:58.531268+00:00, run_after=2022-08-29T23:57:58.531268+00:00
[2022-08-29T19:57:58.547-0400] {processor.py:161} INFO - Processing /Users/jl/Documents/Repos/GHC-2022-data-engineering-workshop/venv/lib/python3.8/site-packages/airflow/example_dags/example_skip_dag.py took 0.139 seconds
[2022-08-29T19:59:27.084-0400] {processor.py:153} INFO - Started process (PID=14317) to work on /Users/jl/Documents/Repos/GHC-2022-data-engineering-workshop/venv/lib/python3.8/site-packages/airflow/example_dags/example_skip_dag.py
[2022-08-29T19:59:27.092-0400] {processor.py:640} INFO - Processing file /Users/jl/Documents/Repos/GHC-2022-data-engineering-workshop/venv/lib/python3.8/site-packages/airflow/example_dags/example_skip_dag.py for tasks to queue
[2022-08-29T19:59:27.092-0400] {logging_mixin.py:115} INFO - [2022-08-29T19:59:27.092-0400] {dagbag.py:508} INFO - Filling up the DagBag from /Users/jl/Documents/Repos/GHC-2022-data-engineering-workshop/venv/lib/python3.8/site-packages/airflow/example_dags/example_skip_dag.py
[2022-08-29T19:59:27.107-0400] {processor.py:650} INFO - DAG(s) dict_keys(['example_skip_dag']) retrieved from /Users/jl/Documents/Repos/GHC-2022-data-engineering-workshop/venv/lib/python3.8/site-packages/airflow/example_dags/example_skip_dag.py
[2022-08-29T19:59:27.186-0400] {logging_mixin.py:115} INFO - [2022-08-29T19:59:27.185-0400] {dag.py:2429} INFO - Sync 1 DAGs
[2022-08-29T19:59:27.202-0400] {logging_mixin.py:115} INFO - [2022-08-29T19:59:27.202-0400] {dag.py:2977} INFO - Setting next_dagrun for example_skip_dag to 2022-08-28T23:59:27.202615+00:00, run_after=2022-08-29T23:59:27.202615+00:00
[2022-08-29T19:59:27.219-0400] {processor.py:161} INFO - Processing /Users/jl/Documents/Repos/GHC-2022-data-engineering-workshop/venv/lib/python3.8/site-packages/airflow/example_dags/example_skip_dag.py took 0.136 seconds
