[2022-08-29T19:52:52.843-0400] {processor.py:153} INFO - Started process (PID=13970) to work on /Users/jl/Documents/Repos/GHC-2022-data-engineering-workshop/venv/lib/python3.8/site-packages/airflow/example_dags/example_xcomargs.py
[2022-08-29T19:52:52.851-0400] {processor.py:640} INFO - Processing file /Users/jl/Documents/Repos/GHC-2022-data-engineering-workshop/venv/lib/python3.8/site-packages/airflow/example_dags/example_xcomargs.py for tasks to queue
[2022-08-29T19:52:52.852-0400] {logging_mixin.py:115} INFO - [2022-08-29T19:52:52.851-0400] {dagbag.py:508} INFO - Filling up the DagBag from /Users/jl/Documents/Repos/GHC-2022-data-engineering-workshop/venv/lib/python3.8/site-packages/airflow/example_dags/example_xcomargs.py
[2022-08-29T19:52:52.896-0400] {processor.py:650} INFO - DAG(s) dict_keys(['example_xcom_args', 'example_xcom_args_with_operators']) retrieved from /Users/jl/Documents/Repos/GHC-2022-data-engineering-workshop/venv/lib/python3.8/site-packages/airflow/example_dags/example_xcomargs.py
[2022-08-29T19:52:53.835-0400] {logging_mixin.py:115} INFO - [2022-08-29T19:52:53.835-0400] {manager.py:508} INFO - Created Permission View: can read on DAG:example_xcom_args
[2022-08-29T19:52:53.846-0400] {logging_mixin.py:115} INFO - [2022-08-29T19:52:53.846-0400] {manager.py:508} INFO - Created Permission View: can edit on DAG:example_xcom_args
[2022-08-29T19:52:53.854-0400] {logging_mixin.py:115} INFO - [2022-08-29T19:52:53.854-0400] {manager.py:508} INFO - Created Permission View: can delete on DAG:example_xcom_args
[2022-08-29T19:52:53.872-0400] {logging_mixin.py:115} INFO - [2022-08-29T19:52:53.872-0400] {manager.py:508} INFO - Created Permission View: can read on DAG:example_xcom_args_with_operators
[2022-08-29T19:52:53.880-0400] {logging_mixin.py:115} INFO - [2022-08-29T19:52:53.880-0400] {manager.py:508} INFO - Created Permission View: can edit on DAG:example_xcom_args_with_operators
[2022-08-29T19:52:53.888-0400] {logging_mixin.py:115} INFO - [2022-08-29T19:52:53.888-0400] {manager.py:508} INFO - Created Permission View: can delete on DAG:example_xcom_args_with_operators
[2022-08-29T19:52:53.888-0400] {logging_mixin.py:115} INFO - [2022-08-29T19:52:53.888-0400] {dag.py:2429} INFO - Sync 2 DAGs
[2022-08-29T19:52:53.899-0400] {logging_mixin.py:115} INFO - [2022-08-29T19:52:53.899-0400] {dag.py:2448} INFO - Creating ORM DAG for example_xcom_args
[2022-08-29T19:52:53.900-0400] {logging_mixin.py:115} INFO - [2022-08-29T19:52:53.899-0400] {dag.py:2448} INFO - Creating ORM DAG for example_xcom_args_with_operators
[2022-08-29T19:52:53.909-0400] {logging_mixin.py:115} INFO - [2022-08-29T19:52:53.909-0400] {dag.py:2977} INFO - Setting next_dagrun for example_xcom_args to None, run_after=None
[2022-08-29T19:52:53.910-0400] {logging_mixin.py:115} INFO - [2022-08-29T19:52:53.910-0400] {dag.py:2977} INFO - Setting next_dagrun for example_xcom_args_with_operators to None, run_after=None
[2022-08-29T19:52:53.925-0400] {processor.py:161} INFO - Processing /Users/jl/Documents/Repos/GHC-2022-data-engineering-workshop/venv/lib/python3.8/site-packages/airflow/example_dags/example_xcomargs.py took 1.084 seconds
[2022-08-29T19:54:38.992-0400] {processor.py:153} INFO - Started process (PID=14046) to work on /Users/jl/Documents/Repos/GHC-2022-data-engineering-workshop/venv/lib/python3.8/site-packages/airflow/example_dags/example_xcomargs.py
[2022-08-29T19:54:39.003-0400] {processor.py:640} INFO - Processing file /Users/jl/Documents/Repos/GHC-2022-data-engineering-workshop/venv/lib/python3.8/site-packages/airflow/example_dags/example_xcomargs.py for tasks to queue
[2022-08-29T19:54:39.004-0400] {logging_mixin.py:115} INFO - [2022-08-29T19:54:39.003-0400] {dagbag.py:508} INFO - Filling up the DagBag from /Users/jl/Documents/Repos/GHC-2022-data-engineering-workshop/venv/lib/python3.8/site-packages/airflow/example_dags/example_xcomargs.py
[2022-08-29T19:54:39.051-0400] {processor.py:650} INFO - DAG(s) dict_keys(['example_xcom_args', 'example_xcom_args_with_operators']) retrieved from /Users/jl/Documents/Repos/GHC-2022-data-engineering-workshop/venv/lib/python3.8/site-packages/airflow/example_dags/example_xcomargs.py
[2022-08-29T19:54:39.793-0400] {logging_mixin.py:115} INFO - [2022-08-29T19:54:39.792-0400] {dag.py:2429} INFO - Sync 2 DAGs
[2022-08-29T19:54:39.811-0400] {logging_mixin.py:115} INFO - [2022-08-29T19:54:39.811-0400] {dag.py:2977} INFO - Setting next_dagrun for example_xcom_args to None, run_after=None
[2022-08-29T19:54:39.812-0400] {logging_mixin.py:115} INFO - [2022-08-29T19:54:39.812-0400] {dag.py:2977} INFO - Setting next_dagrun for example_xcom_args_with_operators to None, run_after=None
[2022-08-29T19:54:39.827-0400] {processor.py:161} INFO - Processing /Users/jl/Documents/Repos/GHC-2022-data-engineering-workshop/venv/lib/python3.8/site-packages/airflow/example_dags/example_xcomargs.py took 0.836 seconds
[2022-08-29T19:55:37.106-0400] {processor.py:153} INFO - Started process (PID=14102) to work on /Users/jl/Documents/Repos/GHC-2022-data-engineering-workshop/venv/lib/python3.8/site-packages/airflow/example_dags/example_xcomargs.py
[2022-08-29T19:55:37.116-0400] {processor.py:640} INFO - Processing file /Users/jl/Documents/Repos/GHC-2022-data-engineering-workshop/venv/lib/python3.8/site-packages/airflow/example_dags/example_xcomargs.py for tasks to queue
[2022-08-29T19:55:37.117-0400] {logging_mixin.py:115} INFO - [2022-08-29T19:55:37.117-0400] {dagbag.py:508} INFO - Filling up the DagBag from /Users/jl/Documents/Repos/GHC-2022-data-engineering-workshop/venv/lib/python3.8/site-packages/airflow/example_dags/example_xcomargs.py
[2022-08-29T19:55:37.159-0400] {processor.py:650} INFO - DAG(s) dict_keys(['example_xcom_args', 'example_xcom_args_with_operators']) retrieved from /Users/jl/Documents/Repos/GHC-2022-data-engineering-workshop/venv/lib/python3.8/site-packages/airflow/example_dags/example_xcomargs.py
[2022-08-29T19:55:37.881-0400] {logging_mixin.py:115} INFO - [2022-08-29T19:55:37.881-0400] {dag.py:2429} INFO - Sync 2 DAGs
[2022-08-29T19:55:37.899-0400] {logging_mixin.py:115} INFO - [2022-08-29T19:55:37.899-0400] {dag.py:2977} INFO - Setting next_dagrun for example_xcom_args to None, run_after=None
[2022-08-29T19:55:37.900-0400] {logging_mixin.py:115} INFO - [2022-08-29T19:55:37.900-0400] {dag.py:2977} INFO - Setting next_dagrun for example_xcom_args_with_operators to None, run_after=None
[2022-08-29T19:55:37.916-0400] {processor.py:161} INFO - Processing /Users/jl/Documents/Repos/GHC-2022-data-engineering-workshop/venv/lib/python3.8/site-packages/airflow/example_dags/example_xcomargs.py took 0.810 seconds
[2022-08-29T19:56:23.062-0400] {processor.py:153} INFO - Started process (PID=14145) to work on /Users/jl/Documents/Repos/GHC-2022-data-engineering-workshop/venv/lib/python3.8/site-packages/airflow/example_dags/example_xcomargs.py
[2022-08-29T19:56:23.070-0400] {processor.py:640} INFO - Processing file /Users/jl/Documents/Repos/GHC-2022-data-engineering-workshop/venv/lib/python3.8/site-packages/airflow/example_dags/example_xcomargs.py for tasks to queue
[2022-08-29T19:56:23.071-0400] {logging_mixin.py:115} INFO - [2022-08-29T19:56:23.071-0400] {dagbag.py:508} INFO - Filling up the DagBag from /Users/jl/Documents/Repos/GHC-2022-data-engineering-workshop/venv/lib/python3.8/site-packages/airflow/example_dags/example_xcomargs.py
[2022-08-29T19:56:23.111-0400] {processor.py:650} INFO - DAG(s) dict_keys(['example_xcom_args', 'example_xcom_args_with_operators']) retrieved from /Users/jl/Documents/Repos/GHC-2022-data-engineering-workshop/venv/lib/python3.8/site-packages/airflow/example_dags/example_xcomargs.py
[2022-08-29T19:56:23.847-0400] {logging_mixin.py:115} INFO - [2022-08-29T19:56:23.846-0400] {dag.py:2429} INFO - Sync 2 DAGs
[2022-08-29T19:56:23.865-0400] {logging_mixin.py:115} INFO - [2022-08-29T19:56:23.864-0400] {dag.py:2977} INFO - Setting next_dagrun for example_xcom_args to None, run_after=None
[2022-08-29T19:56:23.865-0400] {logging_mixin.py:115} INFO - [2022-08-29T19:56:23.865-0400] {dag.py:2977} INFO - Setting next_dagrun for example_xcom_args_with_operators to None, run_after=None
[2022-08-29T19:56:23.880-0400] {processor.py:161} INFO - Processing /Users/jl/Documents/Repos/GHC-2022-data-engineering-workshop/venv/lib/python3.8/site-packages/airflow/example_dags/example_xcomargs.py took 0.819 seconds
[2022-08-29T19:57:46.517-0400] {processor.py:153} INFO - Started process (PID=14226) to work on /Users/jl/Documents/Repos/GHC-2022-data-engineering-workshop/venv/lib/python3.8/site-packages/airflow/example_dags/example_xcomargs.py
[2022-08-29T19:57:46.525-0400] {processor.py:640} INFO - Processing file /Users/jl/Documents/Repos/GHC-2022-data-engineering-workshop/venv/lib/python3.8/site-packages/airflow/example_dags/example_xcomargs.py for tasks to queue
[2022-08-29T19:57:46.526-0400] {logging_mixin.py:115} INFO - [2022-08-29T19:57:46.526-0400] {dagbag.py:508} INFO - Filling up the DagBag from /Users/jl/Documents/Repos/GHC-2022-data-engineering-workshop/venv/lib/python3.8/site-packages/airflow/example_dags/example_xcomargs.py
[2022-08-29T19:57:46.566-0400] {processor.py:650} INFO - DAG(s) dict_keys(['example_xcom_args', 'example_xcom_args_with_operators']) retrieved from /Users/jl/Documents/Repos/GHC-2022-data-engineering-workshop/venv/lib/python3.8/site-packages/airflow/example_dags/example_xcomargs.py
[2022-08-29T19:57:47.292-0400] {logging_mixin.py:115} INFO - [2022-08-29T19:57:47.292-0400] {dag.py:2429} INFO - Sync 2 DAGs
[2022-08-29T19:57:47.311-0400] {logging_mixin.py:115} INFO - [2022-08-29T19:57:47.311-0400] {dag.py:2977} INFO - Setting next_dagrun for example_xcom_args to None, run_after=None
[2022-08-29T19:57:47.311-0400] {logging_mixin.py:115} INFO - [2022-08-29T19:57:47.311-0400] {dag.py:2977} INFO - Setting next_dagrun for example_xcom_args_with_operators to None, run_after=None
[2022-08-29T19:57:47.327-0400] {processor.py:161} INFO - Processing /Users/jl/Documents/Repos/GHC-2022-data-engineering-workshop/venv/lib/python3.8/site-packages/airflow/example_dags/example_xcomargs.py took 0.811 seconds
[2022-08-29T19:59:14.830-0400] {processor.py:153} INFO - Started process (PID=14307) to work on /Users/jl/Documents/Repos/GHC-2022-data-engineering-workshop/venv/lib/python3.8/site-packages/airflow/example_dags/example_xcomargs.py
[2022-08-29T19:59:14.838-0400] {processor.py:640} INFO - Processing file /Users/jl/Documents/Repos/GHC-2022-data-engineering-workshop/venv/lib/python3.8/site-packages/airflow/example_dags/example_xcomargs.py for tasks to queue
[2022-08-29T19:59:14.839-0400] {logging_mixin.py:115} INFO - [2022-08-29T19:59:14.839-0400] {dagbag.py:508} INFO - Filling up the DagBag from /Users/jl/Documents/Repos/GHC-2022-data-engineering-workshop/venv/lib/python3.8/site-packages/airflow/example_dags/example_xcomargs.py
[2022-08-29T19:59:14.879-0400] {processor.py:650} INFO - DAG(s) dict_keys(['example_xcom_args', 'example_xcom_args_with_operators']) retrieved from /Users/jl/Documents/Repos/GHC-2022-data-engineering-workshop/venv/lib/python3.8/site-packages/airflow/example_dags/example_xcomargs.py
[2022-08-29T19:59:15.611-0400] {logging_mixin.py:115} INFO - [2022-08-29T19:59:15.611-0400] {dag.py:2429} INFO - Sync 2 DAGs
[2022-08-29T19:59:15.631-0400] {logging_mixin.py:115} INFO - [2022-08-29T19:59:15.630-0400] {dag.py:2977} INFO - Setting next_dagrun for example_xcom_args to None, run_after=None
[2022-08-29T19:59:15.631-0400] {logging_mixin.py:115} INFO - [2022-08-29T19:59:15.631-0400] {dag.py:2977} INFO - Setting next_dagrun for example_xcom_args_with_operators to None, run_after=None
[2022-08-29T19:59:15.647-0400] {processor.py:161} INFO - Processing /Users/jl/Documents/Repos/GHC-2022-data-engineering-workshop/venv/lib/python3.8/site-packages/airflow/example_dags/example_xcomargs.py took 0.819 seconds
