[2022-08-29T19:54:13.205-0400] {processor.py:153} INFO - Started process (PID=14025) to work on /Users/jl/Documents/Repos/GHC-2022-data-engineering-workshop/venv/lib/python3.8/site-packages/airflow/example_dags/example_branch_datetime_operator.py
[2022-08-29T19:54:13.213-0400] {processor.py:640} INFO - Processing file /Users/jl/Documents/Repos/GHC-2022-data-engineering-workshop/venv/lib/python3.8/site-packages/airflow/example_dags/example_branch_datetime_operator.py for tasks to queue
[2022-08-29T19:54:13.214-0400] {logging_mixin.py:115} INFO - [2022-08-29T19:54:13.213-0400] {dagbag.py:508} INFO - Filling up the DagBag from /Users/jl/Documents/Repos/GHC-2022-data-engineering-workshop/venv/lib/python3.8/site-packages/airflow/example_dags/example_branch_datetime_operator.py
[2022-08-29T19:54:13.237-0400] {processor.py:650} INFO - DAG(s) dict_keys(['example_branch_datetime_operator', 'example_branch_datetime_operator_2']) retrieved from /Users/jl/Documents/Repos/GHC-2022-data-engineering-workshop/venv/lib/python3.8/site-packages/airflow/example_dags/example_branch_datetime_operator.py
[2022-08-29T19:54:14.266-0400] {logging_mixin.py:115} INFO - [2022-08-29T19:54:14.266-0400] {manager.py:508} INFO - Created Permission View: can edit on DAG:example_branch_datetime_operator
[2022-08-29T19:54:14.276-0400] {logging_mixin.py:115} INFO - [2022-08-29T19:54:14.275-0400] {manager.py:508} INFO - Created Permission View: can read on DAG:example_branch_datetime_operator
[2022-08-29T19:54:14.285-0400] {logging_mixin.py:115} INFO - [2022-08-29T19:54:14.284-0400] {manager.py:508} INFO - Created Permission View: can delete on DAG:example_branch_datetime_operator
[2022-08-29T19:54:14.303-0400] {logging_mixin.py:115} INFO - [2022-08-29T19:54:14.302-0400] {manager.py:508} INFO - Created Permission View: can edit on DAG:example_branch_datetime_operator_2
[2022-08-29T19:54:14.311-0400] {logging_mixin.py:115} INFO - [2022-08-29T19:54:14.311-0400] {manager.py:508} INFO - Created Permission View: can read on DAG:example_branch_datetime_operator_2
[2022-08-29T19:54:14.319-0400] {logging_mixin.py:115} INFO - [2022-08-29T19:54:14.319-0400] {manager.py:508} INFO - Created Permission View: can delete on DAG:example_branch_datetime_operator_2
[2022-08-29T19:54:14.320-0400] {logging_mixin.py:115} INFO - [2022-08-29T19:54:14.319-0400] {dag.py:2429} INFO - Sync 2 DAGs
[2022-08-29T19:54:14.329-0400] {logging_mixin.py:115} INFO - [2022-08-29T19:54:14.328-0400] {dag.py:2448} INFO - Creating ORM DAG for example_branch_datetime_operator_2
[2022-08-29T19:54:14.329-0400] {logging_mixin.py:115} INFO - [2022-08-29T19:54:14.329-0400] {dag.py:2448} INFO - Creating ORM DAG for example_branch_datetime_operator
[2022-08-29T19:54:14.343-0400] {logging_mixin.py:115} INFO - [2022-08-29T19:54:14.343-0400] {dag.py:2977} INFO - Setting next_dagrun for example_branch_datetime_operator to 2022-08-28T00:00:00+00:00, run_after=2022-08-29T00:00:00+00:00
[2022-08-29T19:54:14.346-0400] {logging_mixin.py:115} INFO - [2022-08-29T19:54:14.346-0400] {dag.py:2977} INFO - Setting next_dagrun for example_branch_datetime_operator_2 to 2022-08-28T00:00:00+00:00, run_after=2022-08-29T00:00:00+00:00
[2022-08-29T19:54:14.362-0400] {processor.py:161} INFO - Processing /Users/jl/Documents/Repos/GHC-2022-data-engineering-workshop/venv/lib/python3.8/site-packages/airflow/example_dags/example_branch_datetime_operator.py took 1.158 seconds
[2022-08-29T19:56:05.890-0400] {processor.py:153} INFO - Started process (PID=14128) to work on /Users/jl/Documents/Repos/GHC-2022-data-engineering-workshop/venv/lib/python3.8/site-packages/airflow/example_dags/example_branch_datetime_operator.py
[2022-08-29T19:56:05.900-0400] {processor.py:640} INFO - Processing file /Users/jl/Documents/Repos/GHC-2022-data-engineering-workshop/venv/lib/python3.8/site-packages/airflow/example_dags/example_branch_datetime_operator.py for tasks to queue
[2022-08-29T19:56:05.901-0400] {logging_mixin.py:115} INFO - [2022-08-29T19:56:05.901-0400] {dagbag.py:508} INFO - Filling up the DagBag from /Users/jl/Documents/Repos/GHC-2022-data-engineering-workshop/venv/lib/python3.8/site-packages/airflow/example_dags/example_branch_datetime_operator.py
[2022-08-29T19:56:05.922-0400] {processor.py:650} INFO - DAG(s) dict_keys(['example_branch_datetime_operator', 'example_branch_datetime_operator_2']) retrieved from /Users/jl/Documents/Repos/GHC-2022-data-engineering-workshop/venv/lib/python3.8/site-packages/airflow/example_dags/example_branch_datetime_operator.py
[2022-08-29T19:56:06.010-0400] {logging_mixin.py:115} INFO - [2022-08-29T19:56:06.009-0400] {dag.py:2429} INFO - Sync 2 DAGs
[2022-08-29T19:56:06.030-0400] {logging_mixin.py:115} INFO - [2022-08-29T19:56:06.030-0400] {dag.py:2977} INFO - Setting next_dagrun for example_branch_datetime_operator to 2022-08-28T00:00:00+00:00, run_after=2022-08-29T00:00:00+00:00
[2022-08-29T19:56:06.033-0400] {logging_mixin.py:115} INFO - [2022-08-29T19:56:06.032-0400] {dag.py:2977} INFO - Setting next_dagrun for example_branch_datetime_operator_2 to 2022-08-28T00:00:00+00:00, run_after=2022-08-29T00:00:00+00:00
[2022-08-29T19:56:06.048-0400] {processor.py:161} INFO - Processing /Users/jl/Documents/Repos/GHC-2022-data-engineering-workshop/venv/lib/python3.8/site-packages/airflow/example_dags/example_branch_datetime_operator.py took 0.159 seconds
[2022-08-29T19:57:29.107-0400] {processor.py:153} INFO - Started process (PID=14209) to work on /Users/jl/Documents/Repos/GHC-2022-data-engineering-workshop/venv/lib/python3.8/site-packages/airflow/example_dags/example_branch_datetime_operator.py
[2022-08-29T19:57:29.115-0400] {processor.py:640} INFO - Processing file /Users/jl/Documents/Repos/GHC-2022-data-engineering-workshop/venv/lib/python3.8/site-packages/airflow/example_dags/example_branch_datetime_operator.py for tasks to queue
[2022-08-29T19:57:29.116-0400] {logging_mixin.py:115} INFO - [2022-08-29T19:57:29.115-0400] {dagbag.py:508} INFO - Filling up the DagBag from /Users/jl/Documents/Repos/GHC-2022-data-engineering-workshop/venv/lib/python3.8/site-packages/airflow/example_dags/example_branch_datetime_operator.py
[2022-08-29T19:57:29.135-0400] {processor.py:650} INFO - DAG(s) dict_keys(['example_branch_datetime_operator', 'example_branch_datetime_operator_2']) retrieved from /Users/jl/Documents/Repos/GHC-2022-data-engineering-workshop/venv/lib/python3.8/site-packages/airflow/example_dags/example_branch_datetime_operator.py
[2022-08-29T19:57:29.214-0400] {logging_mixin.py:115} INFO - [2022-08-29T19:57:29.214-0400] {dag.py:2429} INFO - Sync 2 DAGs
[2022-08-29T19:57:29.234-0400] {logging_mixin.py:115} INFO - [2022-08-29T19:57:29.233-0400] {dag.py:2977} INFO - Setting next_dagrun for example_branch_datetime_operator to 2022-08-28T00:00:00+00:00, run_after=2022-08-29T00:00:00+00:00
[2022-08-29T19:57:29.236-0400] {logging_mixin.py:115} INFO - [2022-08-29T19:57:29.236-0400] {dag.py:2977} INFO - Setting next_dagrun for example_branch_datetime_operator_2 to 2022-08-28T00:00:00+00:00, run_after=2022-08-29T00:00:00+00:00
[2022-08-29T19:57:29.252-0400] {processor.py:161} INFO - Processing /Users/jl/Documents/Repos/GHC-2022-data-engineering-workshop/venv/lib/python3.8/site-packages/airflow/example_dags/example_branch_datetime_operator.py took 0.147 seconds
[2022-08-29T19:58:56.800-0400] {processor.py:153} INFO - Started process (PID=14291) to work on /Users/jl/Documents/Repos/GHC-2022-data-engineering-workshop/venv/lib/python3.8/site-packages/airflow/example_dags/example_branch_datetime_operator.py
[2022-08-29T19:58:56.809-0400] {processor.py:640} INFO - Processing file /Users/jl/Documents/Repos/GHC-2022-data-engineering-workshop/venv/lib/python3.8/site-packages/airflow/example_dags/example_branch_datetime_operator.py for tasks to queue
[2022-08-29T19:58:56.810-0400] {logging_mixin.py:115} INFO - [2022-08-29T19:58:56.810-0400] {dagbag.py:508} INFO - Filling up the DagBag from /Users/jl/Documents/Repos/GHC-2022-data-engineering-workshop/venv/lib/python3.8/site-packages/airflow/example_dags/example_branch_datetime_operator.py
[2022-08-29T19:58:56.829-0400] {processor.py:650} INFO - DAG(s) dict_keys(['example_branch_datetime_operator', 'example_branch_datetime_operator_2']) retrieved from /Users/jl/Documents/Repos/GHC-2022-data-engineering-workshop/venv/lib/python3.8/site-packages/airflow/example_dags/example_branch_datetime_operator.py
[2022-08-29T19:58:56.908-0400] {logging_mixin.py:115} INFO - [2022-08-29T19:58:56.908-0400] {dag.py:2429} INFO - Sync 2 DAGs
[2022-08-29T19:58:56.927-0400] {logging_mixin.py:115} INFO - [2022-08-29T19:58:56.927-0400] {dag.py:2977} INFO - Setting next_dagrun for example_branch_datetime_operator to 2022-08-28T00:00:00+00:00, run_after=2022-08-29T00:00:00+00:00
[2022-08-29T19:58:56.930-0400] {logging_mixin.py:115} INFO - [2022-08-29T19:58:56.930-0400] {dag.py:2977} INFO - Setting next_dagrun for example_branch_datetime_operator_2 to 2022-08-28T00:00:00+00:00, run_after=2022-08-29T00:00:00+00:00
[2022-08-29T19:58:56.946-0400] {processor.py:161} INFO - Processing /Users/jl/Documents/Repos/GHC-2022-data-engineering-workshop/venv/lib/python3.8/site-packages/airflow/example_dags/example_branch_datetime_operator.py took 0.148 seconds
