[2022-08-29T19:53:18.428-0400] {processor.py:153} INFO - Started process (PID=13988) to work on /Users/jl/Documents/Repos/GHC-2022-data-engineering-workshop/venv/lib/python3.8/site-packages/airflow/example_dags/example_sla_dag.py
[2022-08-29T19:53:18.437-0400] {processor.py:640} INFO - Processing file /Users/jl/Documents/Repos/GHC-2022-data-engineering-workshop/venv/lib/python3.8/site-packages/airflow/example_dags/example_sla_dag.py for tasks to queue
[2022-08-29T19:53:18.438-0400] {logging_mixin.py:115} INFO - [2022-08-29T19:53:18.437-0400] {dagbag.py:508} INFO - Filling up the DagBag from /Users/jl/Documents/Repos/GHC-2022-data-engineering-workshop/venv/lib/python3.8/site-packages/airflow/example_dags/example_sla_dag.py
[2022-08-29T19:53:18.482-0400] {processor.py:650} INFO - DAG(s) dict_keys(['example_sla_dag']) retrieved from /Users/jl/Documents/Repos/GHC-2022-data-engineering-workshop/venv/lib/python3.8/site-packages/airflow/example_dags/example_sla_dag.py
[2022-08-29T19:53:19.428-0400] {logging_mixin.py:115} INFO - [2022-08-29T19:53:19.427-0400] {manager.py:508} INFO - Created Permission View: can read on DAG:example_sla_dag
[2022-08-29T19:53:19.438-0400] {logging_mixin.py:115} INFO - [2022-08-29T19:53:19.437-0400] {manager.py:508} INFO - Created Permission View: can edit on DAG:example_sla_dag
[2022-08-29T19:53:19.446-0400] {logging_mixin.py:115} INFO - [2022-08-29T19:53:19.446-0400] {manager.py:508} INFO - Created Permission View: can delete on DAG:example_sla_dag
[2022-08-29T19:53:19.446-0400] {logging_mixin.py:115} INFO - [2022-08-29T19:53:19.446-0400] {dag.py:2429} INFO - Sync 1 DAGs
[2022-08-29T19:53:19.457-0400] {logging_mixin.py:115} INFO - [2022-08-29T19:53:19.457-0400] {dag.py:2448} INFO - Creating ORM DAG for example_sla_dag
[2022-08-29T19:53:19.471-0400] {logging_mixin.py:115} INFO - [2022-08-29T19:53:19.471-0400] {dag.py:2977} INFO - Setting next_dagrun for example_sla_dag to 2022-08-29T23:50:00+00:00, run_after=2022-08-29T23:52:00+00:00
[2022-08-29T19:53:19.485-0400] {processor.py:161} INFO - Processing /Users/jl/Documents/Repos/GHC-2022-data-engineering-workshop/venv/lib/python3.8/site-packages/airflow/example_dags/example_sla_dag.py took 1.058 seconds
[2022-08-29T19:55:03.514-0400] {processor.py:153} INFO - Started process (PID=14068) to work on /Users/jl/Documents/Repos/GHC-2022-data-engineering-workshop/venv/lib/python3.8/site-packages/airflow/example_dags/example_sla_dag.py
[2022-08-29T19:55:03.523-0400] {processor.py:640} INFO - Processing file /Users/jl/Documents/Repos/GHC-2022-data-engineering-workshop/venv/lib/python3.8/site-packages/airflow/example_dags/example_sla_dag.py for tasks to queue
[2022-08-29T19:55:03.524-0400] {logging_mixin.py:115} INFO - [2022-08-29T19:55:03.524-0400] {dagbag.py:508} INFO - Filling up the DagBag from /Users/jl/Documents/Repos/GHC-2022-data-engineering-workshop/venv/lib/python3.8/site-packages/airflow/example_dags/example_sla_dag.py
[2022-08-29T19:55:03.595-0400] {processor.py:650} INFO - DAG(s) dict_keys(['example_sla_dag']) retrieved from /Users/jl/Documents/Repos/GHC-2022-data-engineering-workshop/venv/lib/python3.8/site-packages/airflow/example_dags/example_sla_dag.py
[2022-08-29T19:55:03.675-0400] {logging_mixin.py:115} INFO - [2022-08-29T19:55:03.675-0400] {dag.py:2429} INFO - Sync 1 DAGs
[2022-08-29T19:55:03.697-0400] {logging_mixin.py:115} INFO - [2022-08-29T19:55:03.697-0400] {dag.py:2977} INFO - Setting next_dagrun for example_sla_dag to 2022-08-29T23:52:00+00:00, run_after=2022-08-29T23:54:00+00:00
[2022-08-29T19:55:03.711-0400] {processor.py:161} INFO - Processing /Users/jl/Documents/Repos/GHC-2022-data-engineering-workshop/venv/lib/python3.8/site-packages/airflow/example_dags/example_sla_dag.py took 0.198 seconds
[2022-08-29T19:56:32.443-0400] {processor.py:153} INFO - Started process (PID=14153) to work on /Users/jl/Documents/Repos/GHC-2022-data-engineering-workshop/venv/lib/python3.8/site-packages/airflow/example_dags/example_sla_dag.py
[2022-08-29T19:56:32.451-0400] {processor.py:640} INFO - Processing file /Users/jl/Documents/Repos/GHC-2022-data-engineering-workshop/venv/lib/python3.8/site-packages/airflow/example_dags/example_sla_dag.py for tasks to queue
[2022-08-29T19:56:32.452-0400] {logging_mixin.py:115} INFO - [2022-08-29T19:56:32.452-0400] {dagbag.py:508} INFO - Filling up the DagBag from /Users/jl/Documents/Repos/GHC-2022-data-engineering-workshop/venv/lib/python3.8/site-packages/airflow/example_dags/example_sla_dag.py
[2022-08-29T19:56:32.492-0400] {processor.py:650} INFO - DAG(s) dict_keys(['example_sla_dag']) retrieved from /Users/jl/Documents/Repos/GHC-2022-data-engineering-workshop/venv/lib/python3.8/site-packages/airflow/example_dags/example_sla_dag.py
[2022-08-29T19:56:32.571-0400] {logging_mixin.py:115} INFO - [2022-08-29T19:56:32.570-0400] {dag.py:2429} INFO - Sync 1 DAGs
[2022-08-29T19:56:32.593-0400] {logging_mixin.py:115} INFO - [2022-08-29T19:56:32.592-0400] {dag.py:2977} INFO - Setting next_dagrun for example_sla_dag to 2022-08-29T23:54:00+00:00, run_after=2022-08-29T23:56:00+00:00
[2022-08-29T19:56:32.607-0400] {processor.py:161} INFO - Processing /Users/jl/Documents/Repos/GHC-2022-data-engineering-workshop/venv/lib/python3.8/site-packages/airflow/example_dags/example_sla_dag.py took 0.165 seconds
[2022-08-29T19:57:56.131-0400] {processor.py:153} INFO - Started process (PID=14234) to work on /Users/jl/Documents/Repos/GHC-2022-data-engineering-workshop/venv/lib/python3.8/site-packages/airflow/example_dags/example_sla_dag.py
[2022-08-29T19:57:56.141-0400] {processor.py:640} INFO - Processing file /Users/jl/Documents/Repos/GHC-2022-data-engineering-workshop/venv/lib/python3.8/site-packages/airflow/example_dags/example_sla_dag.py for tasks to queue
[2022-08-29T19:57:56.141-0400] {logging_mixin.py:115} INFO - [2022-08-29T19:57:56.141-0400] {dagbag.py:508} INFO - Filling up the DagBag from /Users/jl/Documents/Repos/GHC-2022-data-engineering-workshop/venv/lib/python3.8/site-packages/airflow/example_dags/example_sla_dag.py
[2022-08-29T19:57:56.184-0400] {processor.py:650} INFO - DAG(s) dict_keys(['example_sla_dag']) retrieved from /Users/jl/Documents/Repos/GHC-2022-data-engineering-workshop/venv/lib/python3.8/site-packages/airflow/example_dags/example_sla_dag.py
[2022-08-29T19:57:56.263-0400] {logging_mixin.py:115} INFO - [2022-08-29T19:57:56.263-0400] {dag.py:2429} INFO - Sync 1 DAGs
[2022-08-29T19:57:56.286-0400] {logging_mixin.py:115} INFO - [2022-08-29T19:57:56.286-0400] {dag.py:2977} INFO - Setting next_dagrun for example_sla_dag to 2022-08-29T23:54:00+00:00, run_after=2022-08-29T23:56:00+00:00
[2022-08-29T19:57:56.300-0400] {processor.py:161} INFO - Processing /Users/jl/Documents/Repos/GHC-2022-data-engineering-workshop/venv/lib/python3.8/site-packages/airflow/example_dags/example_sla_dag.py took 0.169 seconds
[2022-08-29T19:59:25.454-0400] {processor.py:153} INFO - Started process (PID=14315) to work on /Users/jl/Documents/Repos/GHC-2022-data-engineering-workshop/venv/lib/python3.8/site-packages/airflow/example_dags/example_sla_dag.py
[2022-08-29T19:59:25.463-0400] {processor.py:640} INFO - Processing file /Users/jl/Documents/Repos/GHC-2022-data-engineering-workshop/venv/lib/python3.8/site-packages/airflow/example_dags/example_sla_dag.py for tasks to queue
[2022-08-29T19:59:25.463-0400] {logging_mixin.py:115} INFO - [2022-08-29T19:59:25.463-0400] {dagbag.py:508} INFO - Filling up the DagBag from /Users/jl/Documents/Repos/GHC-2022-data-engineering-workshop/venv/lib/python3.8/site-packages/airflow/example_dags/example_sla_dag.py
[2022-08-29T19:59:25.503-0400] {processor.py:650} INFO - DAG(s) dict_keys(['example_sla_dag']) retrieved from /Users/jl/Documents/Repos/GHC-2022-data-engineering-workshop/venv/lib/python3.8/site-packages/airflow/example_dags/example_sla_dag.py
[2022-08-29T19:59:25.582-0400] {logging_mixin.py:115} INFO - [2022-08-29T19:59:25.581-0400] {dag.py:2429} INFO - Sync 1 DAGs
[2022-08-29T19:59:25.603-0400] {logging_mixin.py:115} INFO - [2022-08-29T19:59:25.603-0400] {dag.py:2977} INFO - Setting next_dagrun for example_sla_dag to 2022-08-29T23:56:00+00:00, run_after=2022-08-29T23:58:00+00:00
[2022-08-29T19:59:25.617-0400] {processor.py:161} INFO - Processing /Users/jl/Documents/Repos/GHC-2022-data-engineering-workshop/venv/lib/python3.8/site-packages/airflow/example_dags/example_sla_dag.py took 0.164 seconds
