[2022-08-29T19:54:09.956-0400] {processor.py:153} INFO - Started process (PID=14023) to work on /Users/jl/Documents/Repos/GHC-2022-data-engineering-workshop/venv/lib/python3.8/site-packages/airflow/example_dags/example_branch_day_of_week_operator.py
[2022-08-29T19:54:09.964-0400] {processor.py:640} INFO - Processing file /Users/jl/Documents/Repos/GHC-2022-data-engineering-workshop/venv/lib/python3.8/site-packages/airflow/example_dags/example_branch_day_of_week_operator.py for tasks to queue
[2022-08-29T19:54:09.964-0400] {logging_mixin.py:115} INFO - [2022-08-29T19:54:09.964-0400] {dagbag.py:508} INFO - Filling up the DagBag from /Users/jl/Documents/Repos/GHC-2022-data-engineering-workshop/venv/lib/python3.8/site-packages/airflow/example_dags/example_branch_day_of_week_operator.py
[2022-08-29T19:54:09.987-0400] {processor.py:650} INFO - DAG(s) dict_keys(['example_weekday_branch_operator']) retrieved from /Users/jl/Documents/Repos/GHC-2022-data-engineering-workshop/venv/lib/python3.8/site-packages/airflow/example_dags/example_branch_day_of_week_operator.py
[2022-08-29T19:54:10.937-0400] {logging_mixin.py:115} INFO - [2022-08-29T19:54:10.936-0400] {manager.py:508} INFO - Created Permission View: can read on DAG:example_weekday_branch_operator
[2022-08-29T19:54:10.947-0400] {logging_mixin.py:115} INFO - [2022-08-29T19:54:10.946-0400] {manager.py:508} INFO - Created Permission View: can edit on DAG:example_weekday_branch_operator
[2022-08-29T19:54:10.955-0400] {logging_mixin.py:115} INFO - [2022-08-29T19:54:10.954-0400] {manager.py:508} INFO - Created Permission View: can delete on DAG:example_weekday_branch_operator
[2022-08-29T19:54:10.955-0400] {logging_mixin.py:115} INFO - [2022-08-29T19:54:10.955-0400] {dag.py:2429} INFO - Sync 1 DAGs
[2022-08-29T19:54:10.964-0400] {logging_mixin.py:115} INFO - [2022-08-29T19:54:10.964-0400] {dag.py:2448} INFO - Creating ORM DAG for example_weekday_branch_operator
[2022-08-29T19:54:10.977-0400] {logging_mixin.py:115} INFO - [2022-08-29T19:54:10.977-0400] {dag.py:2977} INFO - Setting next_dagrun for example_weekday_branch_operator to 2022-08-28T00:00:00+00:00, run_after=2022-08-29T00:00:00+00:00
[2022-08-29T19:54:10.993-0400] {processor.py:161} INFO - Processing /Users/jl/Documents/Repos/GHC-2022-data-engineering-workshop/venv/lib/python3.8/site-packages/airflow/example_dags/example_branch_day_of_week_operator.py took 1.038 seconds
[2022-08-29T19:56:03.642-0400] {processor.py:153} INFO - Started process (PID=14126) to work on /Users/jl/Documents/Repos/GHC-2022-data-engineering-workshop/venv/lib/python3.8/site-packages/airflow/example_dags/example_branch_day_of_week_operator.py
[2022-08-29T19:56:03.652-0400] {processor.py:640} INFO - Processing file /Users/jl/Documents/Repos/GHC-2022-data-engineering-workshop/venv/lib/python3.8/site-packages/airflow/example_dags/example_branch_day_of_week_operator.py for tasks to queue
[2022-08-29T19:56:03.653-0400] {logging_mixin.py:115} INFO - [2022-08-29T19:56:03.653-0400] {dagbag.py:508} INFO - Filling up the DagBag from /Users/jl/Documents/Repos/GHC-2022-data-engineering-workshop/venv/lib/python3.8/site-packages/airflow/example_dags/example_branch_day_of_week_operator.py
[2022-08-29T19:56:03.673-0400] {processor.py:650} INFO - DAG(s) dict_keys(['example_weekday_branch_operator']) retrieved from /Users/jl/Documents/Repos/GHC-2022-data-engineering-workshop/venv/lib/python3.8/site-packages/airflow/example_dags/example_branch_day_of_week_operator.py
[2022-08-29T19:56:03.748-0400] {logging_mixin.py:115} INFO - [2022-08-29T19:56:03.748-0400] {dag.py:2429} INFO - Sync 1 DAGs
[2022-08-29T19:56:03.768-0400] {logging_mixin.py:115} INFO - [2022-08-29T19:56:03.768-0400] {dag.py:2977} INFO - Setting next_dagrun for example_weekday_branch_operator to 2022-08-28T00:00:00+00:00, run_after=2022-08-29T00:00:00+00:00
[2022-08-29T19:56:03.783-0400] {processor.py:161} INFO - Processing /Users/jl/Documents/Repos/GHC-2022-data-engineering-workshop/venv/lib/python3.8/site-packages/airflow/example_dags/example_branch_day_of_week_operator.py took 0.142 seconds
[2022-08-29T19:57:26.865-0400] {processor.py:153} INFO - Started process (PID=14205) to work on /Users/jl/Documents/Repos/GHC-2022-data-engineering-workshop/venv/lib/python3.8/site-packages/airflow/example_dags/example_branch_day_of_week_operator.py
[2022-08-29T19:57:26.873-0400] {processor.py:640} INFO - Processing file /Users/jl/Documents/Repos/GHC-2022-data-engineering-workshop/venv/lib/python3.8/site-packages/airflow/example_dags/example_branch_day_of_week_operator.py for tasks to queue
[2022-08-29T19:57:26.874-0400] {logging_mixin.py:115} INFO - [2022-08-29T19:57:26.874-0400] {dagbag.py:508} INFO - Filling up the DagBag from /Users/jl/Documents/Repos/GHC-2022-data-engineering-workshop/venv/lib/python3.8/site-packages/airflow/example_dags/example_branch_day_of_week_operator.py
[2022-08-29T19:57:26.891-0400] {processor.py:650} INFO - DAG(s) dict_keys(['example_weekday_branch_operator']) retrieved from /Users/jl/Documents/Repos/GHC-2022-data-engineering-workshop/venv/lib/python3.8/site-packages/airflow/example_dags/example_branch_day_of_week_operator.py
[2022-08-29T19:57:26.969-0400] {logging_mixin.py:115} INFO - [2022-08-29T19:57:26.969-0400] {dag.py:2429} INFO - Sync 1 DAGs
[2022-08-29T19:57:26.989-0400] {logging_mixin.py:115} INFO - [2022-08-29T19:57:26.988-0400] {dag.py:2977} INFO - Setting next_dagrun for example_weekday_branch_operator to 2022-08-28T00:00:00+00:00, run_after=2022-08-29T00:00:00+00:00
[2022-08-29T19:57:27.004-0400] {processor.py:161} INFO - Processing /Users/jl/Documents/Repos/GHC-2022-data-engineering-workshop/venv/lib/python3.8/site-packages/airflow/example_dags/example_branch_day_of_week_operator.py took 0.140 seconds
[2022-08-29T19:58:55.049-0400] {processor.py:153} INFO - Started process (PID=14289) to work on /Users/jl/Documents/Repos/GHC-2022-data-engineering-workshop/venv/lib/python3.8/site-packages/airflow/example_dags/example_branch_day_of_week_operator.py
[2022-08-29T19:58:55.058-0400] {processor.py:640} INFO - Processing file /Users/jl/Documents/Repos/GHC-2022-data-engineering-workshop/venv/lib/python3.8/site-packages/airflow/example_dags/example_branch_day_of_week_operator.py for tasks to queue
[2022-08-29T19:58:55.058-0400] {logging_mixin.py:115} INFO - [2022-08-29T19:58:55.058-0400] {dagbag.py:508} INFO - Filling up the DagBag from /Users/jl/Documents/Repos/GHC-2022-data-engineering-workshop/venv/lib/python3.8/site-packages/airflow/example_dags/example_branch_day_of_week_operator.py
[2022-08-29T19:58:55.076-0400] {processor.py:650} INFO - DAG(s) dict_keys(['example_weekday_branch_operator']) retrieved from /Users/jl/Documents/Repos/GHC-2022-data-engineering-workshop/venv/lib/python3.8/site-packages/airflow/example_dags/example_branch_day_of_week_operator.py
[2022-08-29T19:58:55.153-0400] {logging_mixin.py:115} INFO - [2022-08-29T19:58:55.153-0400] {dag.py:2429} INFO - Sync 1 DAGs
[2022-08-29T19:58:55.173-0400] {logging_mixin.py:115} INFO - [2022-08-29T19:58:55.173-0400] {dag.py:2977} INFO - Setting next_dagrun for example_weekday_branch_operator to 2022-08-28T00:00:00+00:00, run_after=2022-08-29T00:00:00+00:00
[2022-08-29T19:58:55.188-0400] {processor.py:161} INFO - Processing /Users/jl/Documents/Repos/GHC-2022-data-engineering-workshop/venv/lib/python3.8/site-packages/airflow/example_dags/example_branch_day_of_week_operator.py took 0.140 seconds
