[2022-08-29T19:53:16.042-0400] {processor.py:153} INFO - Started process (PID=13986) to work on /Users/jl/Documents/Repos/GHC-2022-data-engineering-workshop/venv/lib/python3.8/site-packages/airflow/example_dags/example_subdag_operator.py
[2022-08-29T19:53:16.051-0400] {processor.py:640} INFO - Processing file /Users/jl/Documents/Repos/GHC-2022-data-engineering-workshop/venv/lib/python3.8/site-packages/airflow/example_dags/example_subdag_operator.py for tasks to queue
[2022-08-29T19:53:16.051-0400] {logging_mixin.py:115} INFO - [2022-08-29T19:53:16.051-0400] {dagbag.py:508} INFO - Filling up the DagBag from /Users/jl/Documents/Repos/GHC-2022-data-engineering-workshop/venv/lib/python3.8/site-packages/airflow/example_dags/example_subdag_operator.py
[2022-08-29T19:53:16.129-0400] {processor.py:650} INFO - DAG(s) dict_keys(['example_subdag_operator.section-1', 'example_subdag_operator.section-2', 'example_subdag_operator']) retrieved from /Users/jl/Documents/Repos/GHC-2022-data-engineering-workshop/venv/lib/python3.8/site-packages/airflow/example_dags/example_subdag_operator.py
[2022-08-29T19:53:17.134-0400] {logging_mixin.py:115} INFO - [2022-08-29T19:53:17.134-0400] {manager.py:508} INFO - Created Permission View: can delete on DAG:example_subdag_operator
[2022-08-29T19:53:17.145-0400] {logging_mixin.py:115} INFO - [2022-08-29T19:53:17.145-0400] {manager.py:508} INFO - Created Permission View: can edit on DAG:example_subdag_operator
[2022-08-29T19:53:17.154-0400] {logging_mixin.py:115} INFO - [2022-08-29T19:53:17.154-0400] {manager.py:508} INFO - Created Permission View: can read on DAG:example_subdag_operator
[2022-08-29T19:53:17.155-0400] {logging_mixin.py:115} INFO - [2022-08-29T19:53:17.154-0400] {dag.py:2429} INFO - Sync 3 DAGs
[2022-08-29T19:53:17.165-0400] {logging_mixin.py:115} INFO - [2022-08-29T19:53:17.165-0400] {dag.py:2448} INFO - Creating ORM DAG for example_subdag_operator
[2022-08-29T19:53:17.166-0400] {logging_mixin.py:115} INFO - [2022-08-29T19:53:17.166-0400] {dag.py:2448} INFO - Creating ORM DAG for example_subdag_operator.section-1
[2022-08-29T19:53:17.167-0400] {logging_mixin.py:115} INFO - [2022-08-29T19:53:17.166-0400] {dag.py:2448} INFO - Creating ORM DAG for example_subdag_operator.section-2
[2022-08-29T19:53:17.176-0400] {logging_mixin.py:115} INFO - [2022-08-29T19:53:17.176-0400] {dag.py:2977} INFO - Setting next_dagrun for example_subdag_operator to 2022-01-01T00:00:00+00:00, run_after=2022-01-01T00:00:00+00:00
[2022-08-29T19:53:17.177-0400] {logging_mixin.py:115} INFO - [2022-08-29T19:53:17.177-0400] {dag.py:2977} INFO - Setting next_dagrun for example_subdag_operator.section-1 to None, run_after=None
[2022-08-29T19:53:17.177-0400] {logging_mixin.py:115} INFO - [2022-08-29T19:53:17.177-0400] {dag.py:2977} INFO - Setting next_dagrun for example_subdag_operator.section-2 to None, run_after=None
[2022-08-29T19:53:17.185-0400] {logging_mixin.py:115} INFO - [2022-08-29T19:53:17.185-0400] {dag.py:2429} INFO - Sync 2 DAGs
[2022-08-29T19:53:17.190-0400] {logging_mixin.py:115} INFO - [2022-08-29T19:53:17.190-0400] {dag.py:2977} INFO - Setting next_dagrun for example_subdag_operator.section-1 to None, run_after=None
[2022-08-29T19:53:17.190-0400] {logging_mixin.py:115} INFO - [2022-08-29T19:53:17.190-0400] {dag.py:2977} INFO - Setting next_dagrun for example_subdag_operator.section-2 to None, run_after=None
[2022-08-29T19:53:17.201-0400] {processor.py:161} INFO - Processing /Users/jl/Documents/Repos/GHC-2022-data-engineering-workshop/venv/lib/python3.8/site-packages/airflow/example_dags/example_subdag_operator.py took 1.159 seconds
[2022-08-29T19:55:00.047-0400] {processor.py:153} INFO - Started process (PID=14066) to work on /Users/jl/Documents/Repos/GHC-2022-data-engineering-workshop/venv/lib/python3.8/site-packages/airflow/example_dags/example_subdag_operator.py
[2022-08-29T19:55:00.060-0400] {processor.py:640} INFO - Processing file /Users/jl/Documents/Repos/GHC-2022-data-engineering-workshop/venv/lib/python3.8/site-packages/airflow/example_dags/example_subdag_operator.py for tasks to queue
[2022-08-29T19:55:00.061-0400] {logging_mixin.py:115} INFO - [2022-08-29T19:55:00.061-0400] {dagbag.py:508} INFO - Filling up the DagBag from /Users/jl/Documents/Repos/GHC-2022-data-engineering-workshop/venv/lib/python3.8/site-packages/airflow/example_dags/example_subdag_operator.py
[2022-08-29T19:55:00.202-0400] {processor.py:650} INFO - DAG(s) dict_keys(['example_subdag_operator.section-1', 'example_subdag_operator.section-2', 'example_subdag_operator']) retrieved from /Users/jl/Documents/Repos/GHC-2022-data-engineering-workshop/venv/lib/python3.8/site-packages/airflow/example_dags/example_subdag_operator.py
[2022-08-29T19:55:00.692-0400] {logging_mixin.py:115} INFO - [2022-08-29T19:55:00.692-0400] {dag.py:2429} INFO - Sync 3 DAGs
[2022-08-29T19:55:00.716-0400] {logging_mixin.py:115} INFO - [2022-08-29T19:55:00.716-0400] {dag.py:2977} INFO - Setting next_dagrun for example_subdag_operator to 2022-01-01T00:00:00+00:00, run_after=2022-01-01T00:00:00+00:00
[2022-08-29T19:55:00.717-0400] {logging_mixin.py:115} INFO - [2022-08-29T19:55:00.717-0400] {dag.py:2977} INFO - Setting next_dagrun for example_subdag_operator.section-1 to None, run_after=None
[2022-08-29T19:55:00.717-0400] {logging_mixin.py:115} INFO - [2022-08-29T19:55:00.717-0400] {dag.py:2977} INFO - Setting next_dagrun for example_subdag_operator.section-2 to None, run_after=None
[2022-08-29T19:55:00.725-0400] {logging_mixin.py:115} INFO - [2022-08-29T19:55:00.725-0400] {dag.py:2429} INFO - Sync 2 DAGs
[2022-08-29T19:55:00.730-0400] {logging_mixin.py:115} INFO - [2022-08-29T19:55:00.730-0400] {dag.py:2977} INFO - Setting next_dagrun for example_subdag_operator.section-1 to None, run_after=None
[2022-08-29T19:55:00.730-0400] {logging_mixin.py:115} INFO - [2022-08-29T19:55:00.730-0400] {dag.py:2977} INFO - Setting next_dagrun for example_subdag_operator.section-2 to None, run_after=None
[2022-08-29T19:55:00.740-0400] {processor.py:161} INFO - Processing /Users/jl/Documents/Repos/GHC-2022-data-engineering-workshop/venv/lib/python3.8/site-packages/airflow/example_dags/example_subdag_operator.py took 0.694 seconds
[2022-08-29T19:56:30.064-0400] {processor.py:153} INFO - Started process (PID=14151) to work on /Users/jl/Documents/Repos/GHC-2022-data-engineering-workshop/venv/lib/python3.8/site-packages/airflow/example_dags/example_subdag_operator.py
[2022-08-29T19:56:30.073-0400] {processor.py:640} INFO - Processing file /Users/jl/Documents/Repos/GHC-2022-data-engineering-workshop/venv/lib/python3.8/site-packages/airflow/example_dags/example_subdag_operator.py for tasks to queue
[2022-08-29T19:56:30.073-0400] {logging_mixin.py:115} INFO - [2022-08-29T19:56:30.073-0400] {dagbag.py:508} INFO - Filling up the DagBag from /Users/jl/Documents/Repos/GHC-2022-data-engineering-workshop/venv/lib/python3.8/site-packages/airflow/example_dags/example_subdag_operator.py
[2022-08-29T19:56:30.143-0400] {processor.py:650} INFO - DAG(s) dict_keys(['example_subdag_operator.section-1', 'example_subdag_operator.section-2', 'example_subdag_operator']) retrieved from /Users/jl/Documents/Repos/GHC-2022-data-engineering-workshop/venv/lib/python3.8/site-packages/airflow/example_dags/example_subdag_operator.py
[2022-08-29T19:56:30.288-0400] {logging_mixin.py:115} INFO - [2022-08-29T19:56:30.288-0400] {dag.py:2429} INFO - Sync 3 DAGs
[2022-08-29T19:56:30.306-0400] {logging_mixin.py:115} INFO - [2022-08-29T19:56:30.306-0400] {dag.py:2977} INFO - Setting next_dagrun for example_subdag_operator to 2022-01-01T00:00:00+00:00, run_after=2022-01-01T00:00:00+00:00
[2022-08-29T19:56:30.307-0400] {logging_mixin.py:115} INFO - [2022-08-29T19:56:30.307-0400] {dag.py:2977} INFO - Setting next_dagrun for example_subdag_operator.section-1 to None, run_after=None
[2022-08-29T19:56:30.307-0400] {logging_mixin.py:115} INFO - [2022-08-29T19:56:30.307-0400] {dag.py:2977} INFO - Setting next_dagrun for example_subdag_operator.section-2 to None, run_after=None
[2022-08-29T19:56:30.313-0400] {logging_mixin.py:115} INFO - [2022-08-29T19:56:30.313-0400] {dag.py:2429} INFO - Sync 2 DAGs
[2022-08-29T19:56:30.317-0400] {logging_mixin.py:115} INFO - [2022-08-29T19:56:30.317-0400] {dag.py:2977} INFO - Setting next_dagrun for example_subdag_operator.section-1 to None, run_after=None
[2022-08-29T19:56:30.318-0400] {logging_mixin.py:115} INFO - [2022-08-29T19:56:30.317-0400] {dag.py:2977} INFO - Setting next_dagrun for example_subdag_operator.section-2 to None, run_after=None
[2022-08-29T19:56:30.329-0400] {processor.py:161} INFO - Processing /Users/jl/Documents/Repos/GHC-2022-data-engineering-workshop/venv/lib/python3.8/site-packages/airflow/example_dags/example_subdag_operator.py took 0.266 seconds
[2022-08-29T19:57:53.856-0400] {processor.py:153} INFO - Started process (PID=14232) to work on /Users/jl/Documents/Repos/GHC-2022-data-engineering-workshop/venv/lib/python3.8/site-packages/airflow/example_dags/example_subdag_operator.py
[2022-08-29T19:57:53.864-0400] {processor.py:640} INFO - Processing file /Users/jl/Documents/Repos/GHC-2022-data-engineering-workshop/venv/lib/python3.8/site-packages/airflow/example_dags/example_subdag_operator.py for tasks to queue
[2022-08-29T19:57:53.865-0400] {logging_mixin.py:115} INFO - [2022-08-29T19:57:53.864-0400] {dagbag.py:508} INFO - Filling up the DagBag from /Users/jl/Documents/Repos/GHC-2022-data-engineering-workshop/venv/lib/python3.8/site-packages/airflow/example_dags/example_subdag_operator.py
[2022-08-29T19:57:53.934-0400] {processor.py:650} INFO - DAG(s) dict_keys(['example_subdag_operator.section-1', 'example_subdag_operator.section-2', 'example_subdag_operator']) retrieved from /Users/jl/Documents/Repos/GHC-2022-data-engineering-workshop/venv/lib/python3.8/site-packages/airflow/example_dags/example_subdag_operator.py
[2022-08-29T19:57:54.082-0400] {logging_mixin.py:115} INFO - [2022-08-29T19:57:54.081-0400] {dag.py:2429} INFO - Sync 3 DAGs
[2022-08-29T19:57:54.100-0400] {logging_mixin.py:115} INFO - [2022-08-29T19:57:54.100-0400] {dag.py:2977} INFO - Setting next_dagrun for example_subdag_operator to 2022-01-01T00:00:00+00:00, run_after=2022-01-01T00:00:00+00:00
[2022-08-29T19:57:54.100-0400] {logging_mixin.py:115} INFO - [2022-08-29T19:57:54.100-0400] {dag.py:2977} INFO - Setting next_dagrun for example_subdag_operator.section-1 to None, run_after=None
[2022-08-29T19:57:54.101-0400] {logging_mixin.py:115} INFO - [2022-08-29T19:57:54.101-0400] {dag.py:2977} INFO - Setting next_dagrun for example_subdag_operator.section-2 to None, run_after=None
[2022-08-29T19:57:54.107-0400] {logging_mixin.py:115} INFO - [2022-08-29T19:57:54.106-0400] {dag.py:2429} INFO - Sync 2 DAGs
[2022-08-29T19:57:54.111-0400] {logging_mixin.py:115} INFO - [2022-08-29T19:57:54.111-0400] {dag.py:2977} INFO - Setting next_dagrun for example_subdag_operator.section-1 to None, run_after=None
[2022-08-29T19:57:54.111-0400] {logging_mixin.py:115} INFO - [2022-08-29T19:57:54.111-0400] {dag.py:2977} INFO - Setting next_dagrun for example_subdag_operator.section-2 to None, run_after=None
[2022-08-29T19:57:54.123-0400] {processor.py:161} INFO - Processing /Users/jl/Documents/Repos/GHC-2022-data-engineering-workshop/venv/lib/python3.8/site-packages/airflow/example_dags/example_subdag_operator.py took 0.268 seconds
[2022-08-29T19:59:23.086-0400] {processor.py:153} INFO - Started process (PID=14313) to work on /Users/jl/Documents/Repos/GHC-2022-data-engineering-workshop/venv/lib/python3.8/site-packages/airflow/example_dags/example_subdag_operator.py
[2022-08-29T19:59:23.094-0400] {processor.py:640} INFO - Processing file /Users/jl/Documents/Repos/GHC-2022-data-engineering-workshop/venv/lib/python3.8/site-packages/airflow/example_dags/example_subdag_operator.py for tasks to queue
[2022-08-29T19:59:23.095-0400] {logging_mixin.py:115} INFO - [2022-08-29T19:59:23.095-0400] {dagbag.py:508} INFO - Filling up the DagBag from /Users/jl/Documents/Repos/GHC-2022-data-engineering-workshop/venv/lib/python3.8/site-packages/airflow/example_dags/example_subdag_operator.py
[2022-08-29T19:59:23.165-0400] {processor.py:650} INFO - DAG(s) dict_keys(['example_subdag_operator.section-1', 'example_subdag_operator.section-2', 'example_subdag_operator']) retrieved from /Users/jl/Documents/Repos/GHC-2022-data-engineering-workshop/venv/lib/python3.8/site-packages/airflow/example_dags/example_subdag_operator.py
[2022-08-29T19:59:23.311-0400] {logging_mixin.py:115} INFO - [2022-08-29T19:59:23.311-0400] {dag.py:2429} INFO - Sync 3 DAGs
[2022-08-29T19:59:23.329-0400] {logging_mixin.py:115} INFO - [2022-08-29T19:59:23.329-0400] {dag.py:2977} INFO - Setting next_dagrun for example_subdag_operator to 2022-01-01T00:00:00+00:00, run_after=2022-01-01T00:00:00+00:00
[2022-08-29T19:59:23.329-0400] {logging_mixin.py:115} INFO - [2022-08-29T19:59:23.329-0400] {dag.py:2977} INFO - Setting next_dagrun for example_subdag_operator.section-1 to None, run_after=None
[2022-08-29T19:59:23.330-0400] {logging_mixin.py:115} INFO - [2022-08-29T19:59:23.330-0400] {dag.py:2977} INFO - Setting next_dagrun for example_subdag_operator.section-2 to None, run_after=None
[2022-08-29T19:59:23.335-0400] {logging_mixin.py:115} INFO - [2022-08-29T19:59:23.335-0400] {dag.py:2429} INFO - Sync 2 DAGs
[2022-08-29T19:59:23.340-0400] {logging_mixin.py:115} INFO - [2022-08-29T19:59:23.340-0400] {dag.py:2977} INFO - Setting next_dagrun for example_subdag_operator.section-1 to None, run_after=None
[2022-08-29T19:59:23.340-0400] {logging_mixin.py:115} INFO - [2022-08-29T19:59:23.340-0400] {dag.py:2977} INFO - Setting next_dagrun for example_subdag_operator.section-2 to None, run_after=None
[2022-08-29T19:59:23.352-0400] {processor.py:161} INFO - Processing /Users/jl/Documents/Repos/GHC-2022-data-engineering-workshop/venv/lib/python3.8/site-packages/airflow/example_dags/example_subdag_operator.py took 0.267 seconds
