[2022-08-29T19:53:42.705-0400] {processor.py:153} INFO - Started process (PID=14005) to work on /Users/jl/Documents/Repos/GHC-2022-data-engineering-workshop/venv/lib/python3.8/site-packages/airflow/example_dags/example_latest_only.py
[2022-08-29T19:53:42.713-0400] {processor.py:640} INFO - Processing file /Users/jl/Documents/Repos/GHC-2022-data-engineering-workshop/venv/lib/python3.8/site-packages/airflow/example_dags/example_latest_only.py for tasks to queue
[2022-08-29T19:53:42.714-0400] {logging_mixin.py:115} INFO - [2022-08-29T19:53:42.714-0400] {dagbag.py:508} INFO - Filling up the DagBag from /Users/jl/Documents/Repos/GHC-2022-data-engineering-workshop/venv/lib/python3.8/site-packages/airflow/example_dags/example_latest_only.py
[2022-08-29T19:53:42.731-0400] {processor.py:650} INFO - DAG(s) dict_keys(['latest_only']) retrieved from /Users/jl/Documents/Repos/GHC-2022-data-engineering-workshop/venv/lib/python3.8/site-packages/airflow/example_dags/example_latest_only.py
[2022-08-29T19:53:43.683-0400] {logging_mixin.py:115} INFO - [2022-08-29T19:53:43.682-0400] {manager.py:508} INFO - Created Permission View: can edit on DAG:latest_only
[2022-08-29T19:53:43.694-0400] {logging_mixin.py:115} INFO - [2022-08-29T19:53:43.694-0400] {manager.py:508} INFO - Created Permission View: can read on DAG:latest_only
[2022-08-29T19:53:43.729-0400] {logging_mixin.py:115} INFO - [2022-08-29T19:53:43.729-0400] {manager.py:508} INFO - Created Permission View: can delete on DAG:latest_only
[2022-08-29T19:53:43.729-0400] {logging_mixin.py:115} INFO - [2022-08-29T19:53:43.729-0400] {dag.py:2429} INFO - Sync 1 DAGs
[2022-08-29T19:53:43.739-0400] {logging_mixin.py:115} INFO - [2022-08-29T19:53:43.739-0400] {dag.py:2448} INFO - Creating ORM DAG for latest_only
[2022-08-29T19:53:43.750-0400] {logging_mixin.py:115} INFO - [2022-08-29T19:53:43.750-0400] {dag.py:2977} INFO - Setting next_dagrun for latest_only to 2022-08-29T19:53:43.750452+00:00, run_after=2022-08-29T23:53:43.750452+00:00
[2022-08-29T19:53:43.766-0400] {processor.py:161} INFO - Processing /Users/jl/Documents/Repos/GHC-2022-data-engineering-workshop/venv/lib/python3.8/site-packages/airflow/example_dags/example_latest_only.py took 1.062 seconds
[2022-08-29T19:55:19.478-0400] {processor.py:153} INFO - Started process (PID=14086) to work on /Users/jl/Documents/Repos/GHC-2022-data-engineering-workshop/venv/lib/python3.8/site-packages/airflow/example_dags/example_latest_only.py
[2022-08-29T19:55:19.488-0400] {processor.py:640} INFO - Processing file /Users/jl/Documents/Repos/GHC-2022-data-engineering-workshop/venv/lib/python3.8/site-packages/airflow/example_dags/example_latest_only.py for tasks to queue
[2022-08-29T19:55:19.489-0400] {logging_mixin.py:115} INFO - [2022-08-29T19:55:19.488-0400] {dagbag.py:508} INFO - Filling up the DagBag from /Users/jl/Documents/Repos/GHC-2022-data-engineering-workshop/venv/lib/python3.8/site-packages/airflow/example_dags/example_latest_only.py
[2022-08-29T19:55:19.505-0400] {processor.py:650} INFO - DAG(s) dict_keys(['latest_only']) retrieved from /Users/jl/Documents/Repos/GHC-2022-data-engineering-workshop/venv/lib/python3.8/site-packages/airflow/example_dags/example_latest_only.py
[2022-08-29T19:55:19.581-0400] {logging_mixin.py:115} INFO - [2022-08-29T19:55:19.581-0400] {dag.py:2429} INFO - Sync 1 DAGs
[2022-08-29T19:55:19.599-0400] {logging_mixin.py:115} INFO - [2022-08-29T19:55:19.599-0400] {dag.py:2977} INFO - Setting next_dagrun for latest_only to 2022-08-29T19:55:19.598786+00:00, run_after=2022-08-29T23:55:19.598786+00:00
[2022-08-29T19:55:19.614-0400] {processor.py:161} INFO - Processing /Users/jl/Documents/Repos/GHC-2022-data-engineering-workshop/venv/lib/python3.8/site-packages/airflow/example_dags/example_latest_only.py took 0.137 seconds
[2022-08-29T19:56:47.709-0400] {processor.py:153} INFO - Started process (PID=14169) to work on /Users/jl/Documents/Repos/GHC-2022-data-engineering-workshop/venv/lib/python3.8/site-packages/airflow/example_dags/example_latest_only.py
[2022-08-29T19:56:47.718-0400] {processor.py:640} INFO - Processing file /Users/jl/Documents/Repos/GHC-2022-data-engineering-workshop/venv/lib/python3.8/site-packages/airflow/example_dags/example_latest_only.py for tasks to queue
[2022-08-29T19:56:47.718-0400] {logging_mixin.py:115} INFO - [2022-08-29T19:56:47.718-0400] {dagbag.py:508} INFO - Filling up the DagBag from /Users/jl/Documents/Repos/GHC-2022-data-engineering-workshop/venv/lib/python3.8/site-packages/airflow/example_dags/example_latest_only.py
[2022-08-29T19:56:47.733-0400] {processor.py:650} INFO - DAG(s) dict_keys(['latest_only']) retrieved from /Users/jl/Documents/Repos/GHC-2022-data-engineering-workshop/venv/lib/python3.8/site-packages/airflow/example_dags/example_latest_only.py
[2022-08-29T19:56:47.810-0400] {logging_mixin.py:115} INFO - [2022-08-29T19:56:47.810-0400] {dag.py:2429} INFO - Sync 1 DAGs
[2022-08-29T19:56:47.827-0400] {logging_mixin.py:115} INFO - [2022-08-29T19:56:47.827-0400] {dag.py:2977} INFO - Setting next_dagrun for latest_only to 2022-08-29T19:56:47.827411+00:00, run_after=2022-08-29T23:56:47.827411+00:00
[2022-08-29T19:56:47.846-0400] {processor.py:161} INFO - Processing /Users/jl/Documents/Repos/GHC-2022-data-engineering-workshop/venv/lib/python3.8/site-packages/airflow/example_dags/example_latest_only.py took 0.138 seconds
[2022-08-29T19:58:12.846-0400] {processor.py:153} INFO - Started process (PID=14250) to work on /Users/jl/Documents/Repos/GHC-2022-data-engineering-workshop/venv/lib/python3.8/site-packages/airflow/example_dags/example_latest_only.py
[2022-08-29T19:58:12.854-0400] {processor.py:640} INFO - Processing file /Users/jl/Documents/Repos/GHC-2022-data-engineering-workshop/venv/lib/python3.8/site-packages/airflow/example_dags/example_latest_only.py for tasks to queue
[2022-08-29T19:58:12.855-0400] {logging_mixin.py:115} INFO - [2022-08-29T19:58:12.855-0400] {dagbag.py:508} INFO - Filling up the DagBag from /Users/jl/Documents/Repos/GHC-2022-data-engineering-workshop/venv/lib/python3.8/site-packages/airflow/example_dags/example_latest_only.py
[2022-08-29T19:58:12.869-0400] {processor.py:650} INFO - DAG(s) dict_keys(['latest_only']) retrieved from /Users/jl/Documents/Repos/GHC-2022-data-engineering-workshop/venv/lib/python3.8/site-packages/airflow/example_dags/example_latest_only.py
[2022-08-29T19:58:12.946-0400] {logging_mixin.py:115} INFO - [2022-08-29T19:58:12.946-0400] {dag.py:2429} INFO - Sync 1 DAGs
[2022-08-29T19:58:12.965-0400] {logging_mixin.py:115} INFO - [2022-08-29T19:58:12.965-0400] {dag.py:2977} INFO - Setting next_dagrun for latest_only to 2022-08-29T19:58:12.965421+00:00, run_after=2022-08-29T23:58:12.965421+00:00
[2022-08-29T19:58:12.982-0400] {processor.py:161} INFO - Processing /Users/jl/Documents/Repos/GHC-2022-data-engineering-workshop/venv/lib/python3.8/site-packages/airflow/example_dags/example_latest_only.py took 0.137 seconds
[2022-08-29T19:59:41.713-0400] {processor.py:153} INFO - Started process (PID=14331) to work on /Users/jl/Documents/Repos/GHC-2022-data-engineering-workshop/venv/lib/python3.8/site-packages/airflow/example_dags/example_latest_only.py
[2022-08-29T19:59:41.721-0400] {processor.py:640} INFO - Processing file /Users/jl/Documents/Repos/GHC-2022-data-engineering-workshop/venv/lib/python3.8/site-packages/airflow/example_dags/example_latest_only.py for tasks to queue
[2022-08-29T19:59:41.721-0400] {logging_mixin.py:115} INFO - [2022-08-29T19:59:41.721-0400] {dagbag.py:508} INFO - Filling up the DagBag from /Users/jl/Documents/Repos/GHC-2022-data-engineering-workshop/venv/lib/python3.8/site-packages/airflow/example_dags/example_latest_only.py
[2022-08-29T19:59:41.735-0400] {processor.py:650} INFO - DAG(s) dict_keys(['latest_only']) retrieved from /Users/jl/Documents/Repos/GHC-2022-data-engineering-workshop/venv/lib/python3.8/site-packages/airflow/example_dags/example_latest_only.py
[2022-08-29T19:59:41.817-0400] {logging_mixin.py:115} INFO - [2022-08-29T19:59:41.817-0400] {dag.py:2429} INFO - Sync 1 DAGs
[2022-08-29T19:59:41.834-0400] {logging_mixin.py:115} INFO - [2022-08-29T19:59:41.834-0400] {dag.py:2977} INFO - Setting next_dagrun for latest_only to 2022-08-29T19:59:41.834445+00:00, run_after=2022-08-29T23:59:41.834445+00:00
[2022-08-29T19:59:41.850-0400] {processor.py:161} INFO - Processing /Users/jl/Documents/Repos/GHC-2022-data-engineering-workshop/venv/lib/python3.8/site-packages/airflow/example_dags/example_latest_only.py took 0.139 seconds
