[2022-08-29T19:53:34.043-0400] {processor.py:153} INFO - Started process (PID=13999) to work on /Users/jl/Documents/Repos/GHC-2022-data-engineering-workshop/venv/lib/python3.8/site-packages/airflow/example_dags/example_nested_branch_dag.py
[2022-08-29T19:53:34.052-0400] {processor.py:640} INFO - Processing file /Users/jl/Documents/Repos/GHC-2022-data-engineering-workshop/venv/lib/python3.8/site-packages/airflow/example_dags/example_nested_branch_dag.py for tasks to queue
[2022-08-29T19:53:34.052-0400] {logging_mixin.py:115} INFO - [2022-08-29T19:53:34.052-0400] {dagbag.py:508} INFO - Filling up the DagBag from /Users/jl/Documents/Repos/GHC-2022-data-engineering-workshop/venv/lib/python3.8/site-packages/airflow/example_dags/example_nested_branch_dag.py
[2022-08-29T19:53:34.089-0400] {processor.py:650} INFO - DAG(s) dict_keys(['example_nested_branch_dag']) retrieved from /Users/jl/Documents/Repos/GHC-2022-data-engineering-workshop/venv/lib/python3.8/site-packages/airflow/example_dags/example_nested_branch_dag.py
[2022-08-29T19:53:35.021-0400] {logging_mixin.py:115} INFO - [2022-08-29T19:53:35.021-0400] {manager.py:508} INFO - Created Permission View: can edit on DAG:example_nested_branch_dag
[2022-08-29T19:53:35.032-0400] {logging_mixin.py:115} INFO - [2022-08-29T19:53:35.032-0400] {manager.py:508} INFO - Created Permission View: can read on DAG:example_nested_branch_dag
[2022-08-29T19:53:35.041-0400] {logging_mixin.py:115} INFO - [2022-08-29T19:53:35.041-0400] {manager.py:508} INFO - Created Permission View: can delete on DAG:example_nested_branch_dag
[2022-08-29T19:53:35.042-0400] {logging_mixin.py:115} INFO - [2022-08-29T19:53:35.042-0400] {dag.py:2429} INFO - Sync 1 DAGs
[2022-08-29T19:53:35.052-0400] {logging_mixin.py:115} INFO - [2022-08-29T19:53:35.052-0400] {dag.py:2448} INFO - Creating ORM DAG for example_nested_branch_dag
[2022-08-29T19:53:35.070-0400] {logging_mixin.py:115} INFO - [2022-08-29T19:53:35.069-0400] {dag.py:2977} INFO - Setting next_dagrun for example_nested_branch_dag to 2022-08-28T00:00:00+00:00, run_after=2022-08-29T00:00:00+00:00
[2022-08-29T19:53:35.086-0400] {processor.py:161} INFO - Processing /Users/jl/Documents/Repos/GHC-2022-data-engineering-workshop/venv/lib/python3.8/site-packages/airflow/example_dags/example_nested_branch_dag.py took 1.043 seconds
[2022-08-29T19:55:13.178-0400] {processor.py:153} INFO - Started process (PID=14080) to work on /Users/jl/Documents/Repos/GHC-2022-data-engineering-workshop/venv/lib/python3.8/site-packages/airflow/example_dags/example_nested_branch_dag.py
[2022-08-29T19:55:13.188-0400] {processor.py:640} INFO - Processing file /Users/jl/Documents/Repos/GHC-2022-data-engineering-workshop/venv/lib/python3.8/site-packages/airflow/example_dags/example_nested_branch_dag.py for tasks to queue
[2022-08-29T19:55:13.189-0400] {logging_mixin.py:115} INFO - [2022-08-29T19:55:13.189-0400] {dagbag.py:508} INFO - Filling up the DagBag from /Users/jl/Documents/Repos/GHC-2022-data-engineering-workshop/venv/lib/python3.8/site-packages/airflow/example_dags/example_nested_branch_dag.py
[2022-08-29T19:55:13.222-0400] {processor.py:650} INFO - DAG(s) dict_keys(['example_nested_branch_dag']) retrieved from /Users/jl/Documents/Repos/GHC-2022-data-engineering-workshop/venv/lib/python3.8/site-packages/airflow/example_dags/example_nested_branch_dag.py
[2022-08-29T19:55:13.303-0400] {logging_mixin.py:115} INFO - [2022-08-29T19:55:13.303-0400] {dag.py:2429} INFO - Sync 1 DAGs
[2022-08-29T19:55:13.323-0400] {logging_mixin.py:115} INFO - [2022-08-29T19:55:13.323-0400] {dag.py:2977} INFO - Setting next_dagrun for example_nested_branch_dag to 2022-08-28T00:00:00+00:00, run_after=2022-08-29T00:00:00+00:00
[2022-08-29T19:55:13.338-0400] {processor.py:161} INFO - Processing /Users/jl/Documents/Repos/GHC-2022-data-engineering-workshop/venv/lib/python3.8/site-packages/airflow/example_dags/example_nested_branch_dag.py took 0.161 seconds
[2022-08-29T19:56:42.709-0400] {processor.py:153} INFO - Started process (PID=14163) to work on /Users/jl/Documents/Repos/GHC-2022-data-engineering-workshop/venv/lib/python3.8/site-packages/airflow/example_dags/example_nested_branch_dag.py
[2022-08-29T19:56:42.718-0400] {processor.py:640} INFO - Processing file /Users/jl/Documents/Repos/GHC-2022-data-engineering-workshop/venv/lib/python3.8/site-packages/airflow/example_dags/example_nested_branch_dag.py for tasks to queue
[2022-08-29T19:56:42.718-0400] {logging_mixin.py:115} INFO - [2022-08-29T19:56:42.718-0400] {dagbag.py:508} INFO - Filling up the DagBag from /Users/jl/Documents/Repos/GHC-2022-data-engineering-workshop/venv/lib/python3.8/site-packages/airflow/example_dags/example_nested_branch_dag.py
[2022-08-29T19:56:42.752-0400] {processor.py:650} INFO - DAG(s) dict_keys(['example_nested_branch_dag']) retrieved from /Users/jl/Documents/Repos/GHC-2022-data-engineering-workshop/venv/lib/python3.8/site-packages/airflow/example_dags/example_nested_branch_dag.py
[2022-08-29T19:56:42.831-0400] {logging_mixin.py:115} INFO - [2022-08-29T19:56:42.830-0400] {dag.py:2429} INFO - Sync 1 DAGs
[2022-08-29T19:56:42.852-0400] {logging_mixin.py:115} INFO - [2022-08-29T19:56:42.852-0400] {dag.py:2977} INFO - Setting next_dagrun for example_nested_branch_dag to 2022-08-28T00:00:00+00:00, run_after=2022-08-29T00:00:00+00:00
[2022-08-29T19:56:42.866-0400] {processor.py:161} INFO - Processing /Users/jl/Documents/Repos/GHC-2022-data-engineering-workshop/venv/lib/python3.8/site-packages/airflow/example_dags/example_nested_branch_dag.py took 0.158 seconds
[2022-08-29T19:58:06.132-0400] {processor.py:153} INFO - Started process (PID=14244) to work on /Users/jl/Documents/Repos/GHC-2022-data-engineering-workshop/venv/lib/python3.8/site-packages/airflow/example_dags/example_nested_branch_dag.py
[2022-08-29T19:58:06.140-0400] {processor.py:640} INFO - Processing file /Users/jl/Documents/Repos/GHC-2022-data-engineering-workshop/venv/lib/python3.8/site-packages/airflow/example_dags/example_nested_branch_dag.py for tasks to queue
[2022-08-29T19:58:06.141-0400] {logging_mixin.py:115} INFO - [2022-08-29T19:58:06.141-0400] {dagbag.py:508} INFO - Filling up the DagBag from /Users/jl/Documents/Repos/GHC-2022-data-engineering-workshop/venv/lib/python3.8/site-packages/airflow/example_dags/example_nested_branch_dag.py
[2022-08-29T19:58:06.174-0400] {processor.py:650} INFO - DAG(s) dict_keys(['example_nested_branch_dag']) retrieved from /Users/jl/Documents/Repos/GHC-2022-data-engineering-workshop/venv/lib/python3.8/site-packages/airflow/example_dags/example_nested_branch_dag.py
[2022-08-29T19:58:06.259-0400] {logging_mixin.py:115} INFO - [2022-08-29T19:58:06.259-0400] {dag.py:2429} INFO - Sync 1 DAGs
[2022-08-29T19:58:06.284-0400] {logging_mixin.py:115} INFO - [2022-08-29T19:58:06.284-0400] {dag.py:2977} INFO - Setting next_dagrun for example_nested_branch_dag to 2022-08-28T00:00:00+00:00, run_after=2022-08-29T00:00:00+00:00
[2022-08-29T19:58:06.298-0400] {processor.py:161} INFO - Processing /Users/jl/Documents/Repos/GHC-2022-data-engineering-workshop/venv/lib/python3.8/site-packages/airflow/example_dags/example_nested_branch_dag.py took 0.167 seconds
[2022-08-29T19:59:35.620-0400] {processor.py:153} INFO - Started process (PID=14325) to work on /Users/jl/Documents/Repos/GHC-2022-data-engineering-workshop/venv/lib/python3.8/site-packages/airflow/example_dags/example_nested_branch_dag.py
[2022-08-29T19:59:35.628-0400] {processor.py:640} INFO - Processing file /Users/jl/Documents/Repos/GHC-2022-data-engineering-workshop/venv/lib/python3.8/site-packages/airflow/example_dags/example_nested_branch_dag.py for tasks to queue
[2022-08-29T19:59:35.629-0400] {logging_mixin.py:115} INFO - [2022-08-29T19:59:35.629-0400] {dagbag.py:508} INFO - Filling up the DagBag from /Users/jl/Documents/Repos/GHC-2022-data-engineering-workshop/venv/lib/python3.8/site-packages/airflow/example_dags/example_nested_branch_dag.py
[2022-08-29T19:59:35.661-0400] {processor.py:650} INFO - DAG(s) dict_keys(['example_nested_branch_dag']) retrieved from /Users/jl/Documents/Repos/GHC-2022-data-engineering-workshop/venv/lib/python3.8/site-packages/airflow/example_dags/example_nested_branch_dag.py
[2022-08-29T19:59:35.739-0400] {logging_mixin.py:115} INFO - [2022-08-29T19:59:35.738-0400] {dag.py:2429} INFO - Sync 1 DAGs
[2022-08-29T19:59:35.759-0400] {logging_mixin.py:115} INFO - [2022-08-29T19:59:35.759-0400] {dag.py:2977} INFO - Setting next_dagrun for example_nested_branch_dag to 2022-08-28T00:00:00+00:00, run_after=2022-08-29T00:00:00+00:00
[2022-08-29T19:59:35.773-0400] {processor.py:161} INFO - Processing /Users/jl/Documents/Repos/GHC-2022-data-engineering-workshop/venv/lib/python3.8/site-packages/airflow/example_dags/example_nested_branch_dag.py took 0.155 seconds
