[2022-08-29T19:52:59.416-0400] {processor.py:153} INFO - Started process (PID=13974) to work on /Users/jl/Documents/Repos/GHC-2022-data-engineering-workshop/venv/lib/python3.8/site-packages/airflow/example_dags/example_trigger_target_dag.py
[2022-08-29T19:52:59.424-0400] {processor.py:640} INFO - Processing file /Users/jl/Documents/Repos/GHC-2022-data-engineering-workshop/venv/lib/python3.8/site-packages/airflow/example_dags/example_trigger_target_dag.py for tasks to queue
[2022-08-29T19:52:59.425-0400] {logging_mixin.py:115} INFO - [2022-08-29T19:52:59.424-0400] {dagbag.py:508} INFO - Filling up the DagBag from /Users/jl/Documents/Repos/GHC-2022-data-engineering-workshop/venv/lib/python3.8/site-packages/airflow/example_dags/example_trigger_target_dag.py
[2022-08-29T19:52:59.464-0400] {processor.py:650} INFO - DAG(s) dict_keys(['example_trigger_target_dag']) retrieved from /Users/jl/Documents/Repos/GHC-2022-data-engineering-workshop/venv/lib/python3.8/site-packages/airflow/example_dags/example_trigger_target_dag.py
[2022-08-29T19:53:00.398-0400] {logging_mixin.py:115} INFO - [2022-08-29T19:53:00.398-0400] {manager.py:508} INFO - Created Permission View: can edit on DAG:example_trigger_target_dag
[2022-08-29T19:53:00.409-0400] {logging_mixin.py:115} INFO - [2022-08-29T19:53:00.408-0400] {manager.py:508} INFO - Created Permission View: can read on DAG:example_trigger_target_dag
[2022-08-29T19:53:00.416-0400] {logging_mixin.py:115} INFO - [2022-08-29T19:53:00.416-0400] {manager.py:508} INFO - Created Permission View: can delete on DAG:example_trigger_target_dag
[2022-08-29T19:53:00.417-0400] {logging_mixin.py:115} INFO - [2022-08-29T19:53:00.417-0400] {dag.py:2429} INFO - Sync 1 DAGs
[2022-08-29T19:53:00.427-0400] {logging_mixin.py:115} INFO - [2022-08-29T19:53:00.427-0400] {dag.py:2448} INFO - Creating ORM DAG for example_trigger_target_dag
[2022-08-29T19:53:00.437-0400] {logging_mixin.py:115} INFO - [2022-08-29T19:53:00.437-0400] {dag.py:2977} INFO - Setting next_dagrun for example_trigger_target_dag to None, run_after=None
[2022-08-29T19:53:00.453-0400] {processor.py:161} INFO - Processing /Users/jl/Documents/Repos/GHC-2022-data-engineering-workshop/venv/lib/python3.8/site-packages/airflow/example_dags/example_trigger_target_dag.py took 1.038 seconds
[2022-08-29T19:54:45.976-0400] {processor.py:153} INFO - Started process (PID=14053) to work on /Users/jl/Documents/Repos/GHC-2022-data-engineering-workshop/venv/lib/python3.8/site-packages/airflow/example_dags/example_trigger_target_dag.py
[2022-08-29T19:54:45.986-0400] {processor.py:640} INFO - Processing file /Users/jl/Documents/Repos/GHC-2022-data-engineering-workshop/venv/lib/python3.8/site-packages/airflow/example_dags/example_trigger_target_dag.py for tasks to queue
[2022-08-29T19:54:45.988-0400] {logging_mixin.py:115} INFO - [2022-08-29T19:54:45.987-0400] {dagbag.py:508} INFO - Filling up the DagBag from /Users/jl/Documents/Repos/GHC-2022-data-engineering-workshop/venv/lib/python3.8/site-packages/airflow/example_dags/example_trigger_target_dag.py
[2022-08-29T19:54:46.031-0400] {processor.py:650} INFO - DAG(s) dict_keys(['example_trigger_target_dag']) retrieved from /Users/jl/Documents/Repos/GHC-2022-data-engineering-workshop/venv/lib/python3.8/site-packages/airflow/example_dags/example_trigger_target_dag.py
[2022-08-29T19:54:46.113-0400] {logging_mixin.py:115} INFO - [2022-08-29T19:54:46.112-0400] {dag.py:2429} INFO - Sync 1 DAGs
[2022-08-29T19:54:46.130-0400] {logging_mixin.py:115} INFO - [2022-08-29T19:54:46.130-0400] {dag.py:2977} INFO - Setting next_dagrun for example_trigger_target_dag to None, run_after=None
[2022-08-29T19:54:46.145-0400] {processor.py:161} INFO - Processing /Users/jl/Documents/Repos/GHC-2022-data-engineering-workshop/venv/lib/python3.8/site-packages/airflow/example_dags/example_trigger_target_dag.py took 0.170 seconds
[2022-08-29T19:55:42.093-0400] {processor.py:153} INFO - Started process (PID=14106) to work on /Users/jl/Documents/Repos/GHC-2022-data-engineering-workshop/venv/lib/python3.8/site-packages/airflow/example_dags/example_trigger_target_dag.py
[2022-08-29T19:55:42.103-0400] {processor.py:640} INFO - Processing file /Users/jl/Documents/Repos/GHC-2022-data-engineering-workshop/venv/lib/python3.8/site-packages/airflow/example_dags/example_trigger_target_dag.py for tasks to queue
[2022-08-29T19:55:42.104-0400] {logging_mixin.py:115} INFO - [2022-08-29T19:55:42.104-0400] {dagbag.py:508} INFO - Filling up the DagBag from /Users/jl/Documents/Repos/GHC-2022-data-engineering-workshop/venv/lib/python3.8/site-packages/airflow/example_dags/example_trigger_target_dag.py
[2022-08-29T19:55:42.144-0400] {processor.py:650} INFO - DAG(s) dict_keys(['example_trigger_target_dag']) retrieved from /Users/jl/Documents/Repos/GHC-2022-data-engineering-workshop/venv/lib/python3.8/site-packages/airflow/example_dags/example_trigger_target_dag.py
[2022-08-29T19:55:42.221-0400] {logging_mixin.py:115} INFO - [2022-08-29T19:55:42.220-0400] {dag.py:2429} INFO - Sync 1 DAGs
[2022-08-29T19:55:42.238-0400] {logging_mixin.py:115} INFO - [2022-08-29T19:55:42.238-0400] {dag.py:2977} INFO - Setting next_dagrun for example_trigger_target_dag to None, run_after=None
[2022-08-29T19:55:42.252-0400] {processor.py:161} INFO - Processing /Users/jl/Documents/Repos/GHC-2022-data-engineering-workshop/venv/lib/python3.8/site-packages/airflow/example_dags/example_trigger_target_dag.py took 0.160 seconds
[2022-08-29T19:57:05.171-0400] {processor.py:153} INFO - Started process (PID=14185) to work on /Users/jl/Documents/Repos/GHC-2022-data-engineering-workshop/venv/lib/python3.8/site-packages/airflow/example_dags/example_trigger_target_dag.py
[2022-08-29T19:57:05.180-0400] {processor.py:640} INFO - Processing file /Users/jl/Documents/Repos/GHC-2022-data-engineering-workshop/venv/lib/python3.8/site-packages/airflow/example_dags/example_trigger_target_dag.py for tasks to queue
[2022-08-29T19:57:05.181-0400] {logging_mixin.py:115} INFO - [2022-08-29T19:57:05.181-0400] {dagbag.py:508} INFO - Filling up the DagBag from /Users/jl/Documents/Repos/GHC-2022-data-engineering-workshop/venv/lib/python3.8/site-packages/airflow/example_dags/example_trigger_target_dag.py
[2022-08-29T19:57:05.218-0400] {processor.py:650} INFO - DAG(s) dict_keys(['example_trigger_target_dag']) retrieved from /Users/jl/Documents/Repos/GHC-2022-data-engineering-workshop/venv/lib/python3.8/site-packages/airflow/example_dags/example_trigger_target_dag.py
[2022-08-29T19:57:05.301-0400] {logging_mixin.py:115} INFO - [2022-08-29T19:57:05.300-0400] {dag.py:2429} INFO - Sync 1 DAGs
[2022-08-29T19:57:05.318-0400] {logging_mixin.py:115} INFO - [2022-08-29T19:57:05.318-0400] {dag.py:2977} INFO - Setting next_dagrun for example_trigger_target_dag to None, run_after=None
[2022-08-29T19:57:05.332-0400] {processor.py:161} INFO - Processing /Users/jl/Documents/Repos/GHC-2022-data-engineering-workshop/venv/lib/python3.8/site-packages/airflow/example_dags/example_trigger_target_dag.py took 0.162 seconds
[2022-08-29T19:58:32.575-0400] {processor.py:153} INFO - Started process (PID=14268) to work on /Users/jl/Documents/Repos/GHC-2022-data-engineering-workshop/venv/lib/python3.8/site-packages/airflow/example_dags/example_trigger_target_dag.py
[2022-08-29T19:58:32.584-0400] {processor.py:640} INFO - Processing file /Users/jl/Documents/Repos/GHC-2022-data-engineering-workshop/venv/lib/python3.8/site-packages/airflow/example_dags/example_trigger_target_dag.py for tasks to queue
[2022-08-29T19:58:32.584-0400] {logging_mixin.py:115} INFO - [2022-08-29T19:58:32.584-0400] {dagbag.py:508} INFO - Filling up the DagBag from /Users/jl/Documents/Repos/GHC-2022-data-engineering-workshop/venv/lib/python3.8/site-packages/airflow/example_dags/example_trigger_target_dag.py
[2022-08-29T19:58:32.622-0400] {processor.py:650} INFO - DAG(s) dict_keys(['example_trigger_target_dag']) retrieved from /Users/jl/Documents/Repos/GHC-2022-data-engineering-workshop/venv/lib/python3.8/site-packages/airflow/example_dags/example_trigger_target_dag.py
[2022-08-29T19:58:32.700-0400] {logging_mixin.py:115} INFO - [2022-08-29T19:58:32.699-0400] {dag.py:2429} INFO - Sync 1 DAGs
[2022-08-29T19:58:32.716-0400] {logging_mixin.py:115} INFO - [2022-08-29T19:58:32.716-0400] {dag.py:2977} INFO - Setting next_dagrun for example_trigger_target_dag to None, run_after=None
[2022-08-29T19:58:32.732-0400] {processor.py:161} INFO - Processing /Users/jl/Documents/Repos/GHC-2022-data-engineering-workshop/venv/lib/python3.8/site-packages/airflow/example_dags/example_trigger_target_dag.py took 0.157 seconds
