[2022-08-29T19:53:28.328-0400] {processor.py:153} INFO - Started process (PID=13995) to work on /Users/jl/Documents/Repos/GHC-2022-data-engineering-workshop/venv/lib/python3.8/site-packages/airflow/example_dags/example_python_operator.py
[2022-08-29T19:53:28.336-0400] {processor.py:640} INFO - Processing file /Users/jl/Documents/Repos/GHC-2022-data-engineering-workshop/venv/lib/python3.8/site-packages/airflow/example_dags/example_python_operator.py for tasks to queue
[2022-08-29T19:53:28.337-0400] {logging_mixin.py:115} INFO - [2022-08-29T19:53:28.337-0400] {dagbag.py:508} INFO - Filling up the DagBag from /Users/jl/Documents/Repos/GHC-2022-data-engineering-workshop/venv/lib/python3.8/site-packages/airflow/example_dags/example_python_operator.py
[2022-08-29T19:53:28.379-0400] {processor.py:650} INFO - DAG(s) dict_keys(['example_python_operator']) retrieved from /Users/jl/Documents/Repos/GHC-2022-data-engineering-workshop/venv/lib/python3.8/site-packages/airflow/example_dags/example_python_operator.py
[2022-08-29T19:53:29.307-0400] {logging_mixin.py:115} INFO - [2022-08-29T19:53:29.306-0400] {manager.py:508} INFO - Created Permission View: can read on DAG:example_python_operator
[2022-08-29T19:53:29.318-0400] {logging_mixin.py:115} INFO - [2022-08-29T19:53:29.318-0400] {manager.py:508} INFO - Created Permission View: can delete on DAG:example_python_operator
[2022-08-29T19:53:29.326-0400] {logging_mixin.py:115} INFO - [2022-08-29T19:53:29.326-0400] {manager.py:508} INFO - Created Permission View: can edit on DAG:example_python_operator
[2022-08-29T19:53:29.326-0400] {logging_mixin.py:115} INFO - [2022-08-29T19:53:29.326-0400] {dag.py:2429} INFO - Sync 1 DAGs
[2022-08-29T19:53:29.337-0400] {logging_mixin.py:115} INFO - [2022-08-29T19:53:29.337-0400] {dag.py:2448} INFO - Creating ORM DAG for example_python_operator
[2022-08-29T19:53:29.347-0400] {logging_mixin.py:115} INFO - [2022-08-29T19:53:29.346-0400] {dag.py:2977} INFO - Setting next_dagrun for example_python_operator to None, run_after=None
[2022-08-29T19:53:29.362-0400] {processor.py:161} INFO - Processing /Users/jl/Documents/Repos/GHC-2022-data-engineering-workshop/venv/lib/python3.8/site-packages/airflow/example_dags/example_python_operator.py took 1.035 seconds
[2022-08-29T19:55:09.173-0400] {processor.py:153} INFO - Started process (PID=14076) to work on /Users/jl/Documents/Repos/GHC-2022-data-engineering-workshop/venv/lib/python3.8/site-packages/airflow/example_dags/example_python_operator.py
[2022-08-29T19:55:09.183-0400] {processor.py:640} INFO - Processing file /Users/jl/Documents/Repos/GHC-2022-data-engineering-workshop/venv/lib/python3.8/site-packages/airflow/example_dags/example_python_operator.py for tasks to queue
[2022-08-29T19:55:09.184-0400] {logging_mixin.py:115} INFO - [2022-08-29T19:55:09.184-0400] {dagbag.py:508} INFO - Filling up the DagBag from /Users/jl/Documents/Repos/GHC-2022-data-engineering-workshop/venv/lib/python3.8/site-packages/airflow/example_dags/example_python_operator.py
[2022-08-29T19:55:09.225-0400] {processor.py:650} INFO - DAG(s) dict_keys(['example_python_operator']) retrieved from /Users/jl/Documents/Repos/GHC-2022-data-engineering-workshop/venv/lib/python3.8/site-packages/airflow/example_dags/example_python_operator.py
[2022-08-29T19:55:09.308-0400] {logging_mixin.py:115} INFO - [2022-08-29T19:55:09.308-0400] {dag.py:2429} INFO - Sync 1 DAGs
[2022-08-29T19:55:09.325-0400] {logging_mixin.py:115} INFO - [2022-08-29T19:55:09.325-0400] {dag.py:2977} INFO - Setting next_dagrun for example_python_operator to None, run_after=None
[2022-08-29T19:55:09.340-0400] {processor.py:161} INFO - Processing /Users/jl/Documents/Repos/GHC-2022-data-engineering-workshop/venv/lib/python3.8/site-packages/airflow/example_dags/example_python_operator.py took 0.167 seconds
[2022-08-29T19:56:38.715-0400] {processor.py:153} INFO - Started process (PID=14159) to work on /Users/jl/Documents/Repos/GHC-2022-data-engineering-workshop/venv/lib/python3.8/site-packages/airflow/example_dags/example_python_operator.py
[2022-08-29T19:56:38.723-0400] {processor.py:640} INFO - Processing file /Users/jl/Documents/Repos/GHC-2022-data-engineering-workshop/venv/lib/python3.8/site-packages/airflow/example_dags/example_python_operator.py for tasks to queue
[2022-08-29T19:56:38.724-0400] {logging_mixin.py:115} INFO - [2022-08-29T19:56:38.724-0400] {dagbag.py:508} INFO - Filling up the DagBag from /Users/jl/Documents/Repos/GHC-2022-data-engineering-workshop/venv/lib/python3.8/site-packages/airflow/example_dags/example_python_operator.py
[2022-08-29T19:56:38.764-0400] {processor.py:650} INFO - DAG(s) dict_keys(['example_python_operator']) retrieved from /Users/jl/Documents/Repos/GHC-2022-data-engineering-workshop/venv/lib/python3.8/site-packages/airflow/example_dags/example_python_operator.py
[2022-08-29T19:56:38.843-0400] {logging_mixin.py:115} INFO - [2022-08-29T19:56:38.843-0400] {dag.py:2429} INFO - Sync 1 DAGs
[2022-08-29T19:56:38.860-0400] {logging_mixin.py:115} INFO - [2022-08-29T19:56:38.859-0400] {dag.py:2977} INFO - Setting next_dagrun for example_python_operator to None, run_after=None
[2022-08-29T19:56:38.874-0400] {processor.py:161} INFO - Processing /Users/jl/Documents/Repos/GHC-2022-data-engineering-workshop/venv/lib/python3.8/site-packages/airflow/example_dags/example_python_operator.py took 0.160 seconds
[2022-08-29T19:58:02.407-0400] {processor.py:153} INFO - Started process (PID=14240) to work on /Users/jl/Documents/Repos/GHC-2022-data-engineering-workshop/venv/lib/python3.8/site-packages/airflow/example_dags/example_python_operator.py
[2022-08-29T19:58:02.415-0400] {processor.py:640} INFO - Processing file /Users/jl/Documents/Repos/GHC-2022-data-engineering-workshop/venv/lib/python3.8/site-packages/airflow/example_dags/example_python_operator.py for tasks to queue
[2022-08-29T19:58:02.416-0400] {logging_mixin.py:115} INFO - [2022-08-29T19:58:02.416-0400] {dagbag.py:508} INFO - Filling up the DagBag from /Users/jl/Documents/Repos/GHC-2022-data-engineering-workshop/venv/lib/python3.8/site-packages/airflow/example_dags/example_python_operator.py
[2022-08-29T19:58:02.456-0400] {processor.py:650} INFO - DAG(s) dict_keys(['example_python_operator']) retrieved from /Users/jl/Documents/Repos/GHC-2022-data-engineering-workshop/venv/lib/python3.8/site-packages/airflow/example_dags/example_python_operator.py
[2022-08-29T19:58:02.534-0400] {logging_mixin.py:115} INFO - [2022-08-29T19:58:02.534-0400] {dag.py:2429} INFO - Sync 1 DAGs
[2022-08-29T19:58:02.551-0400] {logging_mixin.py:115} INFO - [2022-08-29T19:58:02.551-0400] {dag.py:2977} INFO - Setting next_dagrun for example_python_operator to None, run_after=None
[2022-08-29T19:58:02.565-0400] {processor.py:161} INFO - Processing /Users/jl/Documents/Repos/GHC-2022-data-engineering-workshop/venv/lib/python3.8/site-packages/airflow/example_dags/example_python_operator.py took 0.159 seconds
[2022-08-29T19:59:31.592-0400] {processor.py:153} INFO - Started process (PID=14321) to work on /Users/jl/Documents/Repos/GHC-2022-data-engineering-workshop/venv/lib/python3.8/site-packages/airflow/example_dags/example_python_operator.py
[2022-08-29T19:59:31.601-0400] {processor.py:640} INFO - Processing file /Users/jl/Documents/Repos/GHC-2022-data-engineering-workshop/venv/lib/python3.8/site-packages/airflow/example_dags/example_python_operator.py for tasks to queue
[2022-08-29T19:59:31.601-0400] {logging_mixin.py:115} INFO - [2022-08-29T19:59:31.601-0400] {dagbag.py:508} INFO - Filling up the DagBag from /Users/jl/Documents/Repos/GHC-2022-data-engineering-workshop/venv/lib/python3.8/site-packages/airflow/example_dags/example_python_operator.py
[2022-08-29T19:59:31.641-0400] {processor.py:650} INFO - DAG(s) dict_keys(['example_python_operator']) retrieved from /Users/jl/Documents/Repos/GHC-2022-data-engineering-workshop/venv/lib/python3.8/site-packages/airflow/example_dags/example_python_operator.py
[2022-08-29T19:59:31.721-0400] {logging_mixin.py:115} INFO - [2022-08-29T19:59:31.721-0400] {dag.py:2429} INFO - Sync 1 DAGs
[2022-08-29T19:59:31.738-0400] {logging_mixin.py:115} INFO - [2022-08-29T19:59:31.738-0400] {dag.py:2977} INFO - Setting next_dagrun for example_python_operator to None, run_after=None
[2022-08-29T19:59:31.752-0400] {processor.py:161} INFO - Processing /Users/jl/Documents/Repos/GHC-2022-data-engineering-workshop/venv/lib/python3.8/site-packages/airflow/example_dags/example_python_operator.py took 0.161 seconds
