[2022-08-29T19:53:39.484-0400] {processor.py:153} INFO - Started process (PID=14003) to work on /Users/jl/Documents/Repos/GHC-2022-data-engineering-workshop/venv/lib/python3.8/site-packages/airflow/example_dags/example_latest_only_with_trigger.py
[2022-08-29T19:53:39.492-0400] {processor.py:640} INFO - Processing file /Users/jl/Documents/Repos/GHC-2022-data-engineering-workshop/venv/lib/python3.8/site-packages/airflow/example_dags/example_latest_only_with_trigger.py for tasks to queue
[2022-08-29T19:53:39.493-0400] {logging_mixin.py:115} INFO - [2022-08-29T19:53:39.492-0400] {dagbag.py:508} INFO - Filling up the DagBag from /Users/jl/Documents/Repos/GHC-2022-data-engineering-workshop/venv/lib/python3.8/site-packages/airflow/example_dags/example_latest_only_with_trigger.py
[2022-08-29T19:53:39.511-0400] {processor.py:650} INFO - DAG(s) dict_keys(['latest_only_with_trigger']) retrieved from /Users/jl/Documents/Repos/GHC-2022-data-engineering-workshop/venv/lib/python3.8/site-packages/airflow/example_dags/example_latest_only_with_trigger.py
[2022-08-29T19:53:40.459-0400] {logging_mixin.py:115} INFO - [2022-08-29T19:53:40.459-0400] {manager.py:508} INFO - Created Permission View: can edit on DAG:latest_only_with_trigger
[2022-08-29T19:53:40.469-0400] {logging_mixin.py:115} INFO - [2022-08-29T19:53:40.469-0400] {manager.py:508} INFO - Created Permission View: can delete on DAG:latest_only_with_trigger
[2022-08-29T19:53:40.477-0400] {logging_mixin.py:115} INFO - [2022-08-29T19:53:40.477-0400] {manager.py:508} INFO - Created Permission View: can read on DAG:latest_only_with_trigger
[2022-08-29T19:53:40.478-0400] {logging_mixin.py:115} INFO - [2022-08-29T19:53:40.477-0400] {dag.py:2429} INFO - Sync 1 DAGs
[2022-08-29T19:53:40.487-0400] {logging_mixin.py:115} INFO - [2022-08-29T19:53:40.487-0400] {dag.py:2448} INFO - Creating ORM DAG for latest_only_with_trigger
[2022-08-29T19:53:40.498-0400] {logging_mixin.py:115} INFO - [2022-08-29T19:53:40.498-0400] {dag.py:2977} INFO - Setting next_dagrun for latest_only_with_trigger to 2022-08-29T19:53:40.498212+00:00, run_after=2022-08-29T23:53:40.498212+00:00
[2022-08-29T19:53:40.513-0400] {processor.py:161} INFO - Processing /Users/jl/Documents/Repos/GHC-2022-data-engineering-workshop/venv/lib/python3.8/site-packages/airflow/example_dags/example_latest_only_with_trigger.py took 1.030 seconds
[2022-08-29T19:55:17.660-0400] {processor.py:153} INFO - Started process (PID=14084) to work on /Users/jl/Documents/Repos/GHC-2022-data-engineering-workshop/venv/lib/python3.8/site-packages/airflow/example_dags/example_latest_only_with_trigger.py
[2022-08-29T19:55:17.671-0400] {processor.py:640} INFO - Processing file /Users/jl/Documents/Repos/GHC-2022-data-engineering-workshop/venv/lib/python3.8/site-packages/airflow/example_dags/example_latest_only_with_trigger.py for tasks to queue
[2022-08-29T19:55:17.671-0400] {logging_mixin.py:115} INFO - [2022-08-29T19:55:17.671-0400] {dagbag.py:508} INFO - Filling up the DagBag from /Users/jl/Documents/Repos/GHC-2022-data-engineering-workshop/venv/lib/python3.8/site-packages/airflow/example_dags/example_latest_only_with_trigger.py
[2022-08-29T19:55:17.689-0400] {processor.py:650} INFO - DAG(s) dict_keys(['latest_only_with_trigger']) retrieved from /Users/jl/Documents/Repos/GHC-2022-data-engineering-workshop/venv/lib/python3.8/site-packages/airflow/example_dags/example_latest_only_with_trigger.py
[2022-08-29T19:55:17.767-0400] {logging_mixin.py:115} INFO - [2022-08-29T19:55:17.766-0400] {dag.py:2429} INFO - Sync 1 DAGs
[2022-08-29T19:55:17.784-0400] {logging_mixin.py:115} INFO - [2022-08-29T19:55:17.783-0400] {dag.py:2977} INFO - Setting next_dagrun for latest_only_with_trigger to 2022-08-29T19:55:17.783701+00:00, run_after=2022-08-29T23:55:17.783701+00:00
[2022-08-29T19:55:17.799-0400] {processor.py:161} INFO - Processing /Users/jl/Documents/Repos/GHC-2022-data-engineering-workshop/venv/lib/python3.8/site-packages/airflow/example_dags/example_latest_only_with_trigger.py took 0.139 seconds
[2022-08-29T19:56:46.446-0400] {processor.py:153} INFO - Started process (PID=14167) to work on /Users/jl/Documents/Repos/GHC-2022-data-engineering-workshop/venv/lib/python3.8/site-packages/airflow/example_dags/example_latest_only_with_trigger.py
[2022-08-29T19:56:46.454-0400] {processor.py:640} INFO - Processing file /Users/jl/Documents/Repos/GHC-2022-data-engineering-workshop/venv/lib/python3.8/site-packages/airflow/example_dags/example_latest_only_with_trigger.py for tasks to queue
[2022-08-29T19:56:46.455-0400] {logging_mixin.py:115} INFO - [2022-08-29T19:56:46.454-0400] {dagbag.py:508} INFO - Filling up the DagBag from /Users/jl/Documents/Repos/GHC-2022-data-engineering-workshop/venv/lib/python3.8/site-packages/airflow/example_dags/example_latest_only_with_trigger.py
[2022-08-29T19:56:46.470-0400] {processor.py:650} INFO - DAG(s) dict_keys(['latest_only_with_trigger']) retrieved from /Users/jl/Documents/Repos/GHC-2022-data-engineering-workshop/venv/lib/python3.8/site-packages/airflow/example_dags/example_latest_only_with_trigger.py
[2022-08-29T19:56:46.547-0400] {logging_mixin.py:115} INFO - [2022-08-29T19:56:46.546-0400] {dag.py:2429} INFO - Sync 1 DAGs
[2022-08-29T19:56:46.564-0400] {logging_mixin.py:115} INFO - [2022-08-29T19:56:46.563-0400] {dag.py:2977} INFO - Setting next_dagrun for latest_only_with_trigger to 2022-08-29T19:56:46.563799+00:00, run_after=2022-08-29T23:56:46.563799+00:00
[2022-08-29T19:56:46.580-0400] {processor.py:161} INFO - Processing /Users/jl/Documents/Repos/GHC-2022-data-engineering-workshop/venv/lib/python3.8/site-packages/airflow/example_dags/example_latest_only_with_trigger.py took 0.135 seconds
[2022-08-29T19:58:10.619-0400] {processor.py:153} INFO - Started process (PID=14248) to work on /Users/jl/Documents/Repos/GHC-2022-data-engineering-workshop/venv/lib/python3.8/site-packages/airflow/example_dags/example_latest_only_with_trigger.py
[2022-08-29T19:58:10.627-0400] {processor.py:640} INFO - Processing file /Users/jl/Documents/Repos/GHC-2022-data-engineering-workshop/venv/lib/python3.8/site-packages/airflow/example_dags/example_latest_only_with_trigger.py for tasks to queue
[2022-08-29T19:58:10.628-0400] {logging_mixin.py:115} INFO - [2022-08-29T19:58:10.628-0400] {dagbag.py:508} INFO - Filling up the DagBag from /Users/jl/Documents/Repos/GHC-2022-data-engineering-workshop/venv/lib/python3.8/site-packages/airflow/example_dags/example_latest_only_with_trigger.py
[2022-08-29T19:58:10.642-0400] {processor.py:650} INFO - DAG(s) dict_keys(['latest_only_with_trigger']) retrieved from /Users/jl/Documents/Repos/GHC-2022-data-engineering-workshop/venv/lib/python3.8/site-packages/airflow/example_dags/example_latest_only_with_trigger.py
[2022-08-29T19:58:10.719-0400] {logging_mixin.py:115} INFO - [2022-08-29T19:58:10.719-0400] {dag.py:2429} INFO - Sync 1 DAGs
[2022-08-29T19:58:10.737-0400] {logging_mixin.py:115} INFO - [2022-08-29T19:58:10.736-0400] {dag.py:2977} INFO - Setting next_dagrun for latest_only_with_trigger to 2022-08-29T19:58:10.736725+00:00, run_after=2022-08-29T23:58:10.736725+00:00
[2022-08-29T19:58:10.752-0400] {processor.py:161} INFO - Processing /Users/jl/Documents/Repos/GHC-2022-data-engineering-workshop/venv/lib/python3.8/site-packages/airflow/example_dags/example_latest_only_with_trigger.py took 0.135 seconds
[2022-08-29T19:59:39.604-0400] {processor.py:153} INFO - Started process (PID=14329) to work on /Users/jl/Documents/Repos/GHC-2022-data-engineering-workshop/venv/lib/python3.8/site-packages/airflow/example_dags/example_latest_only_with_trigger.py
[2022-08-29T19:59:39.612-0400] {processor.py:640} INFO - Processing file /Users/jl/Documents/Repos/GHC-2022-data-engineering-workshop/venv/lib/python3.8/site-packages/airflow/example_dags/example_latest_only_with_trigger.py for tasks to queue
[2022-08-29T19:59:39.613-0400] {logging_mixin.py:115} INFO - [2022-08-29T19:59:39.613-0400] {dagbag.py:508} INFO - Filling up the DagBag from /Users/jl/Documents/Repos/GHC-2022-data-engineering-workshop/venv/lib/python3.8/site-packages/airflow/example_dags/example_latest_only_with_trigger.py
[2022-08-29T19:59:39.628-0400] {processor.py:650} INFO - DAG(s) dict_keys(['latest_only_with_trigger']) retrieved from /Users/jl/Documents/Repos/GHC-2022-data-engineering-workshop/venv/lib/python3.8/site-packages/airflow/example_dags/example_latest_only_with_trigger.py
[2022-08-29T19:59:39.705-0400] {logging_mixin.py:115} INFO - [2022-08-29T19:59:39.704-0400] {dag.py:2429} INFO - Sync 1 DAGs
[2022-08-29T19:59:39.722-0400] {logging_mixin.py:115} INFO - [2022-08-29T19:59:39.722-0400] {dag.py:2977} INFO - Setting next_dagrun for latest_only_with_trigger to 2022-08-29T19:59:39.721933+00:00, run_after=2022-08-29T23:59:39.721933+00:00
[2022-08-29T19:59:39.737-0400] {processor.py:161} INFO - Processing /Users/jl/Documents/Repos/GHC-2022-data-engineering-workshop/venv/lib/python3.8/site-packages/airflow/example_dags/example_latest_only_with_trigger.py took 0.134 seconds
