[2022-08-29T19:54:04.207-0400] {processor.py:153} INFO - Started process (PID=14019) to work on /Users/jl/Documents/Repos/GHC-2022-data-engineering-workshop/venv/lib/python3.8/site-packages/airflow/example_dags/example_branch_operator.py
[2022-08-29T19:54:04.215-0400] {processor.py:640} INFO - Processing file /Users/jl/Documents/Repos/GHC-2022-data-engineering-workshop/venv/lib/python3.8/site-packages/airflow/example_dags/example_branch_operator.py for tasks to queue
[2022-08-29T19:54:04.216-0400] {logging_mixin.py:115} INFO - [2022-08-29T19:54:04.215-0400] {dagbag.py:508} INFO - Filling up the DagBag from /Users/jl/Documents/Repos/GHC-2022-data-engineering-workshop/venv/lib/python3.8/site-packages/airflow/example_dags/example_branch_operator.py
[2022-08-29T19:54:04.252-0400] {processor.py:650} INFO - DAG(s) dict_keys(['example_branch_operator']) retrieved from /Users/jl/Documents/Repos/GHC-2022-data-engineering-workshop/venv/lib/python3.8/site-packages/airflow/example_dags/example_branch_operator.py
[2022-08-29T19:54:05.181-0400] {logging_mixin.py:115} INFO - [2022-08-29T19:54:05.181-0400] {manager.py:508} INFO - Created Permission View: can delete on DAG:example_branch_operator
[2022-08-29T19:54:05.191-0400] {logging_mixin.py:115} INFO - [2022-08-29T19:54:05.191-0400] {manager.py:508} INFO - Created Permission View: can edit on DAG:example_branch_operator
[2022-08-29T19:54:05.201-0400] {logging_mixin.py:115} INFO - [2022-08-29T19:54:05.200-0400] {manager.py:508} INFO - Created Permission View: can read on DAG:example_branch_operator
[2022-08-29T19:54:05.201-0400] {logging_mixin.py:115} INFO - [2022-08-29T19:54:05.201-0400] {dag.py:2429} INFO - Sync 1 DAGs
[2022-08-29T19:54:05.210-0400] {logging_mixin.py:115} INFO - [2022-08-29T19:54:05.210-0400] {dag.py:2448} INFO - Creating ORM DAG for example_branch_operator
[2022-08-29T19:54:05.224-0400] {logging_mixin.py:115} INFO - [2022-08-29T19:54:05.223-0400] {dag.py:2977} INFO - Setting next_dagrun for example_branch_operator to 2022-08-28T00:00:00+00:00, run_after=2022-08-29T00:00:00+00:00
[2022-08-29T19:54:05.239-0400] {processor.py:161} INFO - Processing /Users/jl/Documents/Repos/GHC-2022-data-engineering-workshop/venv/lib/python3.8/site-packages/airflow/example_dags/example_branch_operator.py took 1.034 seconds
[2022-08-29T19:55:59.641-0400] {processor.py:153} INFO - Started process (PID=14122) to work on /Users/jl/Documents/Repos/GHC-2022-data-engineering-workshop/venv/lib/python3.8/site-packages/airflow/example_dags/example_branch_operator.py
[2022-08-29T19:55:59.651-0400] {processor.py:640} INFO - Processing file /Users/jl/Documents/Repos/GHC-2022-data-engineering-workshop/venv/lib/python3.8/site-packages/airflow/example_dags/example_branch_operator.py for tasks to queue
[2022-08-29T19:55:59.652-0400] {logging_mixin.py:115} INFO - [2022-08-29T19:55:59.652-0400] {dagbag.py:508} INFO - Filling up the DagBag from /Users/jl/Documents/Repos/GHC-2022-data-engineering-workshop/venv/lib/python3.8/site-packages/airflow/example_dags/example_branch_operator.py
[2022-08-29T19:55:59.687-0400] {processor.py:650} INFO - DAG(s) dict_keys(['example_branch_operator']) retrieved from /Users/jl/Documents/Repos/GHC-2022-data-engineering-workshop/venv/lib/python3.8/site-packages/airflow/example_dags/example_branch_operator.py
[2022-08-29T19:55:59.763-0400] {logging_mixin.py:115} INFO - [2022-08-29T19:55:59.763-0400] {dag.py:2429} INFO - Sync 1 DAGs
[2022-08-29T19:55:59.784-0400] {logging_mixin.py:115} INFO - [2022-08-29T19:55:59.784-0400] {dag.py:2977} INFO - Setting next_dagrun for example_branch_operator to 2022-08-28T00:00:00+00:00, run_after=2022-08-29T00:00:00+00:00
[2022-08-29T19:55:59.798-0400] {processor.py:161} INFO - Processing /Users/jl/Documents/Repos/GHC-2022-data-engineering-workshop/venv/lib/python3.8/site-packages/airflow/example_dags/example_branch_operator.py took 0.158 seconds
[2022-08-29T19:57:22.807-0400] {processor.py:153} INFO - Started process (PID=14201) to work on /Users/jl/Documents/Repos/GHC-2022-data-engineering-workshop/venv/lib/python3.8/site-packages/airflow/example_dags/example_branch_operator.py
[2022-08-29T19:57:22.815-0400] {processor.py:640} INFO - Processing file /Users/jl/Documents/Repos/GHC-2022-data-engineering-workshop/venv/lib/python3.8/site-packages/airflow/example_dags/example_branch_operator.py for tasks to queue
[2022-08-29T19:57:22.816-0400] {logging_mixin.py:115} INFO - [2022-08-29T19:57:22.816-0400] {dagbag.py:508} INFO - Filling up the DagBag from /Users/jl/Documents/Repos/GHC-2022-data-engineering-workshop/venv/lib/python3.8/site-packages/airflow/example_dags/example_branch_operator.py
[2022-08-29T19:57:22.850-0400] {processor.py:650} INFO - DAG(s) dict_keys(['example_branch_operator']) retrieved from /Users/jl/Documents/Repos/GHC-2022-data-engineering-workshop/venv/lib/python3.8/site-packages/airflow/example_dags/example_branch_operator.py
[2022-08-29T19:57:22.928-0400] {logging_mixin.py:115} INFO - [2022-08-29T19:57:22.927-0400] {dag.py:2429} INFO - Sync 1 DAGs
[2022-08-29T19:57:22.949-0400] {logging_mixin.py:115} INFO - [2022-08-29T19:57:22.949-0400] {dag.py:2977} INFO - Setting next_dagrun for example_branch_operator to 2022-08-28T00:00:00+00:00, run_after=2022-08-29T00:00:00+00:00
[2022-08-29T19:57:22.964-0400] {processor.py:161} INFO - Processing /Users/jl/Documents/Repos/GHC-2022-data-engineering-workshop/venv/lib/python3.8/site-packages/airflow/example_dags/example_branch_operator.py took 0.158 seconds
[2022-08-29T19:58:50.531-0400] {processor.py:153} INFO - Started process (PID=14285) to work on /Users/jl/Documents/Repos/GHC-2022-data-engineering-workshop/venv/lib/python3.8/site-packages/airflow/example_dags/example_branch_operator.py
[2022-08-29T19:58:50.540-0400] {processor.py:640} INFO - Processing file /Users/jl/Documents/Repos/GHC-2022-data-engineering-workshop/venv/lib/python3.8/site-packages/airflow/example_dags/example_branch_operator.py for tasks to queue
[2022-08-29T19:58:50.540-0400] {logging_mixin.py:115} INFO - [2022-08-29T19:58:50.540-0400] {dagbag.py:508} INFO - Filling up the DagBag from /Users/jl/Documents/Repos/GHC-2022-data-engineering-workshop/venv/lib/python3.8/site-packages/airflow/example_dags/example_branch_operator.py
[2022-08-29T19:58:50.573-0400] {processor.py:650} INFO - DAG(s) dict_keys(['example_branch_operator']) retrieved from /Users/jl/Documents/Repos/GHC-2022-data-engineering-workshop/venv/lib/python3.8/site-packages/airflow/example_dags/example_branch_operator.py
[2022-08-29T19:58:50.651-0400] {logging_mixin.py:115} INFO - [2022-08-29T19:58:50.650-0400] {dag.py:2429} INFO - Sync 1 DAGs
[2022-08-29T19:58:50.671-0400] {logging_mixin.py:115} INFO - [2022-08-29T19:58:50.671-0400] {dag.py:2977} INFO - Setting next_dagrun for example_branch_operator to 2022-08-28T00:00:00+00:00, run_after=2022-08-29T00:00:00+00:00
[2022-08-29T19:58:50.685-0400] {processor.py:161} INFO - Processing /Users/jl/Documents/Repos/GHC-2022-data-engineering-workshop/venv/lib/python3.8/site-packages/airflow/example_dags/example_branch_operator.py took 0.155 seconds
