[2022-08-29T19:53:45.570-0400] {processor.py:153} INFO - Started process (PID=14007) to work on /Users/jl/Documents/Repos/GHC-2022-data-engineering-workshop/venv/lib/python3.8/site-packages/airflow/example_dags/example_kubernetes_executor.py
[2022-08-29T19:53:45.578-0400] {processor.py:640} INFO - Processing file /Users/jl/Documents/Repos/GHC-2022-data-engineering-workshop/venv/lib/python3.8/site-packages/airflow/example_dags/example_kubernetes_executor.py for tasks to queue
[2022-08-29T19:53:45.579-0400] {logging_mixin.py:115} INFO - [2022-08-29T19:53:45.579-0400] {dagbag.py:508} INFO - Filling up the DagBag from /Users/jl/Documents/Repos/GHC-2022-data-engineering-workshop/venv/lib/python3.8/site-packages/airflow/example_dags/example_kubernetes_executor.py
[2022-08-29T19:53:45.610-0400] {logging_mixin.py:115} INFO - [2022-08-29T19:53:45.610-0400] {example_kubernetes_executor.py:39} WARNING - The example_kubernetes_executor example DAG requires the kubernetes provider. Please install it with: pip install apache-airflow[cncf.kubernetes]
[2022-08-29T19:53:45.610-0400] {processor.py:652} WARNING - No viable dags retrieved from /Users/jl/Documents/Repos/GHC-2022-data-engineering-workshop/venv/lib/python3.8/site-packages/airflow/example_dags/example_kubernetes_executor.py
[2022-08-29T19:53:45.660-0400] {processor.py:161} INFO - Processing /Users/jl/Documents/Repos/GHC-2022-data-engineering-workshop/venv/lib/python3.8/site-packages/airflow/example_dags/example_kubernetes_executor.py took 0.091 seconds
[2022-08-29T19:55:21.735-0400] {processor.py:153} INFO - Started process (PID=14088) to work on /Users/jl/Documents/Repos/GHC-2022-data-engineering-workshop/venv/lib/python3.8/site-packages/airflow/example_dags/example_kubernetes_executor.py
[2022-08-29T19:55:21.744-0400] {processor.py:640} INFO - Processing file /Users/jl/Documents/Repos/GHC-2022-data-engineering-workshop/venv/lib/python3.8/site-packages/airflow/example_dags/example_kubernetes_executor.py for tasks to queue
[2022-08-29T19:55:21.745-0400] {logging_mixin.py:115} INFO - [2022-08-29T19:55:21.745-0400] {dagbag.py:508} INFO - Filling up the DagBag from /Users/jl/Documents/Repos/GHC-2022-data-engineering-workshop/venv/lib/python3.8/site-packages/airflow/example_dags/example_kubernetes_executor.py
[2022-08-29T19:55:21.776-0400] {logging_mixin.py:115} INFO - [2022-08-29T19:55:21.775-0400] {example_kubernetes_executor.py:39} WARNING - The example_kubernetes_executor example DAG requires the kubernetes provider. Please install it with: pip install apache-airflow[cncf.kubernetes]
[2022-08-29T19:55:21.776-0400] {processor.py:652} WARNING - No viable dags retrieved from /Users/jl/Documents/Repos/GHC-2022-data-engineering-workshop/venv/lib/python3.8/site-packages/airflow/example_dags/example_kubernetes_executor.py
[2022-08-29T19:55:21.825-0400] {processor.py:161} INFO - Processing /Users/jl/Documents/Repos/GHC-2022-data-engineering-workshop/venv/lib/python3.8/site-packages/airflow/example_dags/example_kubernetes_executor.py took 0.092 seconds
[2022-08-29T19:56:48.980-0400] {processor.py:153} INFO - Started process (PID=14171) to work on /Users/jl/Documents/Repos/GHC-2022-data-engineering-workshop/venv/lib/python3.8/site-packages/airflow/example_dags/example_kubernetes_executor.py
[2022-08-29T19:56:48.988-0400] {processor.py:640} INFO - Processing file /Users/jl/Documents/Repos/GHC-2022-data-engineering-workshop/venv/lib/python3.8/site-packages/airflow/example_dags/example_kubernetes_executor.py for tasks to queue
[2022-08-29T19:56:48.989-0400] {logging_mixin.py:115} INFO - [2022-08-29T19:56:48.989-0400] {dagbag.py:508} INFO - Filling up the DagBag from /Users/jl/Documents/Repos/GHC-2022-data-engineering-workshop/venv/lib/python3.8/site-packages/airflow/example_dags/example_kubernetes_executor.py
[2022-08-29T19:56:49.017-0400] {logging_mixin.py:115} INFO - [2022-08-29T19:56:49.017-0400] {example_kubernetes_executor.py:39} WARNING - The example_kubernetes_executor example DAG requires the kubernetes provider. Please install it with: pip install apache-airflow[cncf.kubernetes]
[2022-08-29T19:56:49.017-0400] {processor.py:652} WARNING - No viable dags retrieved from /Users/jl/Documents/Repos/GHC-2022-data-engineering-workshop/venv/lib/python3.8/site-packages/airflow/example_dags/example_kubernetes_executor.py
[2022-08-29T19:56:49.067-0400] {processor.py:161} INFO - Processing /Users/jl/Documents/Repos/GHC-2022-data-engineering-workshop/venv/lib/python3.8/site-packages/airflow/example_dags/example_kubernetes_executor.py took 0.088 seconds
[2022-08-29T19:58:14.609-0400] {processor.py:153} INFO - Started process (PID=14252) to work on /Users/jl/Documents/Repos/GHC-2022-data-engineering-workshop/venv/lib/python3.8/site-packages/airflow/example_dags/example_kubernetes_executor.py
[2022-08-29T19:58:14.617-0400] {processor.py:640} INFO - Processing file /Users/jl/Documents/Repos/GHC-2022-data-engineering-workshop/venv/lib/python3.8/site-packages/airflow/example_dags/example_kubernetes_executor.py for tasks to queue
[2022-08-29T19:58:14.618-0400] {logging_mixin.py:115} INFO - [2022-08-29T19:58:14.617-0400] {dagbag.py:508} INFO - Filling up the DagBag from /Users/jl/Documents/Repos/GHC-2022-data-engineering-workshop/venv/lib/python3.8/site-packages/airflow/example_dags/example_kubernetes_executor.py
[2022-08-29T19:58:14.646-0400] {logging_mixin.py:115} INFO - [2022-08-29T19:58:14.646-0400] {example_kubernetes_executor.py:39} WARNING - The example_kubernetes_executor example DAG requires the kubernetes provider. Please install it with: pip install apache-airflow[cncf.kubernetes]
[2022-08-29T19:58:14.646-0400] {processor.py:652} WARNING - No viable dags retrieved from /Users/jl/Documents/Repos/GHC-2022-data-engineering-workshop/venv/lib/python3.8/site-packages/airflow/example_dags/example_kubernetes_executor.py
[2022-08-29T19:58:14.696-0400] {processor.py:161} INFO - Processing /Users/jl/Documents/Repos/GHC-2022-data-engineering-workshop/venv/lib/python3.8/site-packages/airflow/example_dags/example_kubernetes_executor.py took 0.088 seconds
[2022-08-29T19:59:43.979-0400] {processor.py:153} INFO - Started process (PID=14333) to work on /Users/jl/Documents/Repos/GHC-2022-data-engineering-workshop/venv/lib/python3.8/site-packages/airflow/example_dags/example_kubernetes_executor.py
[2022-08-29T19:59:43.987-0400] {processor.py:640} INFO - Processing file /Users/jl/Documents/Repos/GHC-2022-data-engineering-workshop/venv/lib/python3.8/site-packages/airflow/example_dags/example_kubernetes_executor.py for tasks to queue
[2022-08-29T19:59:43.988-0400] {logging_mixin.py:115} INFO - [2022-08-29T19:59:43.987-0400] {dagbag.py:508} INFO - Filling up the DagBag from /Users/jl/Documents/Repos/GHC-2022-data-engineering-workshop/venv/lib/python3.8/site-packages/airflow/example_dags/example_kubernetes_executor.py
[2022-08-29T19:59:44.016-0400] {logging_mixin.py:115} INFO - [2022-08-29T19:59:44.015-0400] {example_kubernetes_executor.py:39} WARNING - The example_kubernetes_executor example DAG requires the kubernetes provider. Please install it with: pip install apache-airflow[cncf.kubernetes]
[2022-08-29T19:59:44.016-0400] {processor.py:652} WARNING - No viable dags retrieved from /Users/jl/Documents/Repos/GHC-2022-data-engineering-workshop/venv/lib/python3.8/site-packages/airflow/example_dags/example_kubernetes_executor.py
[2022-08-29T19:59:44.067-0400] {processor.py:161} INFO - Processing /Users/jl/Documents/Repos/GHC-2022-data-engineering-workshop/venv/lib/python3.8/site-packages/airflow/example_dags/example_kubernetes_executor.py took 0.090 seconds
