[2022-08-29T19:53:47.778-0400] {processor.py:153} INFO - Started process (PID=14009) to work on /Users/jl/Documents/Repos/GHC-2022-data-engineering-workshop/venv/lib/python3.8/site-packages/airflow/example_dags/example_external_task_marker_dag.py
[2022-08-29T19:53:47.786-0400] {processor.py:640} INFO - Processing file /Users/jl/Documents/Repos/GHC-2022-data-engineering-workshop/venv/lib/python3.8/site-packages/airflow/example_dags/example_external_task_marker_dag.py for tasks to queue
[2022-08-29T19:53:47.787-0400] {logging_mixin.py:115} INFO - [2022-08-29T19:53:47.786-0400] {dagbag.py:508} INFO - Filling up the DagBag from /Users/jl/Documents/Repos/GHC-2022-data-engineering-workshop/venv/lib/python3.8/site-packages/airflow/example_dags/example_external_task_marker_dag.py
[2022-08-29T19:53:47.806-0400] {processor.py:650} INFO - DAG(s) dict_keys(['example_external_task_marker_parent', 'example_external_task_marker_child']) retrieved from /Users/jl/Documents/Repos/GHC-2022-data-engineering-workshop/venv/lib/python3.8/site-packages/airflow/example_dags/example_external_task_marker_dag.py
[2022-08-29T19:53:48.804-0400] {logging_mixin.py:115} INFO - [2022-08-29T19:53:48.803-0400] {manager.py:508} INFO - Created Permission View: can read on DAG:example_external_task_marker_parent
[2022-08-29T19:53:48.816-0400] {logging_mixin.py:115} INFO - [2022-08-29T19:53:48.816-0400] {manager.py:508} INFO - Created Permission View: can delete on DAG:example_external_task_marker_parent
[2022-08-29T19:53:48.825-0400] {logging_mixin.py:115} INFO - [2022-08-29T19:53:48.825-0400] {manager.py:508} INFO - Created Permission View: can edit on DAG:example_external_task_marker_parent
[2022-08-29T19:53:48.956-0400] {logging_mixin.py:115} INFO - [2022-08-29T19:53:48.955-0400] {manager.py:508} INFO - Created Permission View: can read on DAG:example_external_task_marker_child
[2022-08-29T19:53:48.965-0400] {logging_mixin.py:115} INFO - [2022-08-29T19:53:48.964-0400] {manager.py:508} INFO - Created Permission View: can delete on DAG:example_external_task_marker_child
[2022-08-29T19:53:48.974-0400] {logging_mixin.py:115} INFO - [2022-08-29T19:53:48.973-0400] {manager.py:508} INFO - Created Permission View: can edit on DAG:example_external_task_marker_child
[2022-08-29T19:53:48.974-0400] {logging_mixin.py:115} INFO - [2022-08-29T19:53:48.974-0400] {dag.py:2429} INFO - Sync 2 DAGs
[2022-08-29T19:53:48.985-0400] {logging_mixin.py:115} INFO - [2022-08-29T19:53:48.984-0400] {dag.py:2448} INFO - Creating ORM DAG for example_external_task_marker_child
[2022-08-29T19:53:48.985-0400] {logging_mixin.py:115} INFO - [2022-08-29T19:53:48.985-0400] {dag.py:2448} INFO - Creating ORM DAG for example_external_task_marker_parent
[2022-08-29T19:53:48.997-0400] {logging_mixin.py:115} INFO - [2022-08-29T19:53:48.997-0400] {dag.py:2977} INFO - Setting next_dagrun for example_external_task_marker_child to None, run_after=None
[2022-08-29T19:53:48.998-0400] {logging_mixin.py:115} INFO - [2022-08-29T19:53:48.998-0400] {dag.py:2977} INFO - Setting next_dagrun for example_external_task_marker_parent to None, run_after=None
[2022-08-29T19:53:49.015-0400] {processor.py:161} INFO - Processing /Users/jl/Documents/Repos/GHC-2022-data-engineering-workshop/venv/lib/python3.8/site-packages/airflow/example_dags/example_external_task_marker_dag.py took 1.239 seconds
[2022-08-29T19:55:48.733-0400] {processor.py:153} INFO - Started process (PID=14112) to work on /Users/jl/Documents/Repos/GHC-2022-data-engineering-workshop/venv/lib/python3.8/site-packages/airflow/example_dags/example_external_task_marker_dag.py
[2022-08-29T19:55:48.743-0400] {processor.py:640} INFO - Processing file /Users/jl/Documents/Repos/GHC-2022-data-engineering-workshop/venv/lib/python3.8/site-packages/airflow/example_dags/example_external_task_marker_dag.py for tasks to queue
[2022-08-29T19:55:48.743-0400] {logging_mixin.py:115} INFO - [2022-08-29T19:55:48.743-0400] {dagbag.py:508} INFO - Filling up the DagBag from /Users/jl/Documents/Repos/GHC-2022-data-engineering-workshop/venv/lib/python3.8/site-packages/airflow/example_dags/example_external_task_marker_dag.py
[2022-08-29T19:55:48.760-0400] {processor.py:650} INFO - DAG(s) dict_keys(['example_external_task_marker_parent', 'example_external_task_marker_child']) retrieved from /Users/jl/Documents/Repos/GHC-2022-data-engineering-workshop/venv/lib/python3.8/site-packages/airflow/example_dags/example_external_task_marker_dag.py
[2022-08-29T19:55:48.946-0400] {logging_mixin.py:115} INFO - [2022-08-29T19:55:48.946-0400] {dag.py:2429} INFO - Sync 2 DAGs
[2022-08-29T19:55:48.964-0400] {logging_mixin.py:115} INFO - [2022-08-29T19:55:48.964-0400] {dag.py:2977} INFO - Setting next_dagrun for example_external_task_marker_child to None, run_after=None
[2022-08-29T19:55:48.965-0400] {logging_mixin.py:115} INFO - [2022-08-29T19:55:48.965-0400] {dag.py:2977} INFO - Setting next_dagrun for example_external_task_marker_parent to None, run_after=None
[2022-08-29T19:55:48.979-0400] {processor.py:161} INFO - Processing /Users/jl/Documents/Repos/GHC-2022-data-engineering-workshop/venv/lib/python3.8/site-packages/airflow/example_dags/example_external_task_marker_dag.py took 0.248 seconds
[2022-08-29T19:57:11.517-0400] {processor.py:153} INFO - Started process (PID=14191) to work on /Users/jl/Documents/Repos/GHC-2022-data-engineering-workshop/venv/lib/python3.8/site-packages/airflow/example_dags/example_external_task_marker_dag.py
[2022-08-29T19:57:11.526-0400] {processor.py:640} INFO - Processing file /Users/jl/Documents/Repos/GHC-2022-data-engineering-workshop/venv/lib/python3.8/site-packages/airflow/example_dags/example_external_task_marker_dag.py for tasks to queue
[2022-08-29T19:57:11.526-0400] {logging_mixin.py:115} INFO - [2022-08-29T19:57:11.526-0400] {dagbag.py:508} INFO - Filling up the DagBag from /Users/jl/Documents/Repos/GHC-2022-data-engineering-workshop/venv/lib/python3.8/site-packages/airflow/example_dags/example_external_task_marker_dag.py
[2022-08-29T19:57:11.541-0400] {processor.py:650} INFO - DAG(s) dict_keys(['example_external_task_marker_parent', 'example_external_task_marker_child']) retrieved from /Users/jl/Documents/Repos/GHC-2022-data-engineering-workshop/venv/lib/python3.8/site-packages/airflow/example_dags/example_external_task_marker_dag.py
[2022-08-29T19:57:11.724-0400] {logging_mixin.py:115} INFO - [2022-08-29T19:57:11.724-0400] {dag.py:2429} INFO - Sync 2 DAGs
[2022-08-29T19:57:11.742-0400] {logging_mixin.py:115} INFO - [2022-08-29T19:57:11.742-0400] {dag.py:2977} INFO - Setting next_dagrun for example_external_task_marker_child to None, run_after=None
[2022-08-29T19:57:11.742-0400] {logging_mixin.py:115} INFO - [2022-08-29T19:57:11.742-0400] {dag.py:2977} INFO - Setting next_dagrun for example_external_task_marker_parent to None, run_after=None
[2022-08-29T19:57:11.756-0400] {processor.py:161} INFO - Processing /Users/jl/Documents/Repos/GHC-2022-data-engineering-workshop/venv/lib/python3.8/site-packages/airflow/example_dags/example_external_task_marker_dag.py took 0.240 seconds
[2022-08-29T19:58:38.843-0400] {processor.py:153} INFO - Started process (PID=14274) to work on /Users/jl/Documents/Repos/GHC-2022-data-engineering-workshop/venv/lib/python3.8/site-packages/airflow/example_dags/example_external_task_marker_dag.py
[2022-08-29T19:58:38.852-0400] {processor.py:640} INFO - Processing file /Users/jl/Documents/Repos/GHC-2022-data-engineering-workshop/venv/lib/python3.8/site-packages/airflow/example_dags/example_external_task_marker_dag.py for tasks to queue
[2022-08-29T19:58:38.852-0400] {logging_mixin.py:115} INFO - [2022-08-29T19:58:38.852-0400] {dagbag.py:508} INFO - Filling up the DagBag from /Users/jl/Documents/Repos/GHC-2022-data-engineering-workshop/venv/lib/python3.8/site-packages/airflow/example_dags/example_external_task_marker_dag.py
[2022-08-29T19:58:38.868-0400] {processor.py:650} INFO - DAG(s) dict_keys(['example_external_task_marker_parent', 'example_external_task_marker_child']) retrieved from /Users/jl/Documents/Repos/GHC-2022-data-engineering-workshop/venv/lib/python3.8/site-packages/airflow/example_dags/example_external_task_marker_dag.py
[2022-08-29T19:58:39.061-0400] {logging_mixin.py:115} INFO - [2022-08-29T19:58:39.061-0400] {dag.py:2429} INFO - Sync 2 DAGs
[2022-08-29T19:58:39.079-0400] {logging_mixin.py:115} INFO - [2022-08-29T19:58:39.079-0400] {dag.py:2977} INFO - Setting next_dagrun for example_external_task_marker_child to None, run_after=None
[2022-08-29T19:58:39.079-0400] {logging_mixin.py:115} INFO - [2022-08-29T19:58:39.079-0400] {dag.py:2977} INFO - Setting next_dagrun for example_external_task_marker_parent to None, run_after=None
[2022-08-29T19:58:39.094-0400] {processor.py:161} INFO - Processing /Users/jl/Documents/Repos/GHC-2022-data-engineering-workshop/venv/lib/python3.8/site-packages/airflow/example_dags/example_external_task_marker_dag.py took 0.251 seconds
