[2022-08-29T19:53:12.696-0400] {processor.py:153} INFO - Started process (PID=13982) to work on /Users/jl/Documents/Repos/GHC-2022-data-engineering-workshop/venv/lib/python3.8/site-packages/airflow/example_dags/example_task_group.py
[2022-08-29T19:53:12.704-0400] {processor.py:640} INFO - Processing file /Users/jl/Documents/Repos/GHC-2022-data-engineering-workshop/venv/lib/python3.8/site-packages/airflow/example_dags/example_task_group.py for tasks to queue
[2022-08-29T19:53:12.705-0400] {logging_mixin.py:115} INFO - [2022-08-29T19:53:12.704-0400] {dagbag.py:508} INFO - Filling up the DagBag from /Users/jl/Documents/Repos/GHC-2022-data-engineering-workshop/venv/lib/python3.8/site-packages/airflow/example_dags/example_task_group.py
[2022-08-29T19:53:12.723-0400] {processor.py:650} INFO - DAG(s) dict_keys(['example_task_group']) retrieved from /Users/jl/Documents/Repos/GHC-2022-data-engineering-workshop/venv/lib/python3.8/site-packages/airflow/example_dags/example_task_group.py
[2022-08-29T19:53:13.717-0400] {logging_mixin.py:115} INFO - [2022-08-29T19:53:13.716-0400] {manager.py:508} INFO - Created Permission View: can edit on DAG:example_task_group
[2022-08-29T19:53:13.728-0400] {logging_mixin.py:115} INFO - [2022-08-29T19:53:13.728-0400] {manager.py:508} INFO - Created Permission View: can read on DAG:example_task_group
[2022-08-29T19:53:13.737-0400] {logging_mixin.py:115} INFO - [2022-08-29T19:53:13.737-0400] {manager.py:508} INFO - Created Permission View: can delete on DAG:example_task_group
[2022-08-29T19:53:13.738-0400] {logging_mixin.py:115} INFO - [2022-08-29T19:53:13.737-0400] {dag.py:2429} INFO - Sync 1 DAGs
[2022-08-29T19:53:13.747-0400] {logging_mixin.py:115} INFO - [2022-08-29T19:53:13.747-0400] {dag.py:2448} INFO - Creating ORM DAG for example_task_group
[2022-08-29T19:53:13.758-0400] {logging_mixin.py:115} INFO - [2022-08-29T19:53:13.758-0400] {dag.py:2977} INFO - Setting next_dagrun for example_task_group to 2022-08-28T23:53:13.758089+00:00, run_after=2022-08-29T23:53:13.758089+00:00
[2022-08-29T19:53:13.773-0400] {processor.py:161} INFO - Processing /Users/jl/Documents/Repos/GHC-2022-data-engineering-workshop/venv/lib/python3.8/site-packages/airflow/example_dags/example_task_group.py took 1.078 seconds
[2022-08-29T19:54:56.494-0400] {processor.py:153} INFO - Started process (PID=14061) to work on /Users/jl/Documents/Repos/GHC-2022-data-engineering-workshop/venv/lib/python3.8/site-packages/airflow/example_dags/example_task_group.py
[2022-08-29T19:54:56.516-0400] {processor.py:640} INFO - Processing file /Users/jl/Documents/Repos/GHC-2022-data-engineering-workshop/venv/lib/python3.8/site-packages/airflow/example_dags/example_task_group.py for tasks to queue
[2022-08-29T19:54:56.517-0400] {logging_mixin.py:115} INFO - [2022-08-29T19:54:56.517-0400] {dagbag.py:508} INFO - Filling up the DagBag from /Users/jl/Documents/Repos/GHC-2022-data-engineering-workshop/venv/lib/python3.8/site-packages/airflow/example_dags/example_task_group.py
[2022-08-29T19:54:56.546-0400] {processor.py:650} INFO - DAG(s) dict_keys(['example_task_group']) retrieved from /Users/jl/Documents/Repos/GHC-2022-data-engineering-workshop/venv/lib/python3.8/site-packages/airflow/example_dags/example_task_group.py
[2022-08-29T19:54:56.780-0400] {logging_mixin.py:115} INFO - [2022-08-29T19:54:56.780-0400] {dag.py:2429} INFO - Sync 1 DAGs
[2022-08-29T19:54:56.801-0400] {logging_mixin.py:115} INFO - [2022-08-29T19:54:56.801-0400] {dag.py:2977} INFO - Setting next_dagrun for example_task_group to 2022-08-28T23:54:56.800904+00:00, run_after=2022-08-29T23:54:56.800904+00:00
[2022-08-29T19:54:56.819-0400] {processor.py:161} INFO - Processing /Users/jl/Documents/Repos/GHC-2022-data-engineering-workshop/venv/lib/python3.8/site-packages/airflow/example_dags/example_task_group.py took 0.326 seconds
[2022-08-29T19:56:28.019-0400] {processor.py:153} INFO - Started process (PID=14149) to work on /Users/jl/Documents/Repos/GHC-2022-data-engineering-workshop/venv/lib/python3.8/site-packages/airflow/example_dags/example_task_group.py
[2022-08-29T19:56:28.027-0400] {processor.py:640} INFO - Processing file /Users/jl/Documents/Repos/GHC-2022-data-engineering-workshop/venv/lib/python3.8/site-packages/airflow/example_dags/example_task_group.py for tasks to queue
[2022-08-29T19:56:28.028-0400] {logging_mixin.py:115} INFO - [2022-08-29T19:56:28.028-0400] {dagbag.py:508} INFO - Filling up the DagBag from /Users/jl/Documents/Repos/GHC-2022-data-engineering-workshop/venv/lib/python3.8/site-packages/airflow/example_dags/example_task_group.py
[2022-08-29T19:56:28.046-0400] {processor.py:650} INFO - DAG(s) dict_keys(['example_task_group']) retrieved from /Users/jl/Documents/Repos/GHC-2022-data-engineering-workshop/venv/lib/python3.8/site-packages/airflow/example_dags/example_task_group.py
[2022-08-29T19:56:28.123-0400] {logging_mixin.py:115} INFO - [2022-08-29T19:56:28.123-0400] {dag.py:2429} INFO - Sync 1 DAGs
[2022-08-29T19:56:28.141-0400] {logging_mixin.py:115} INFO - [2022-08-29T19:56:28.141-0400] {dag.py:2977} INFO - Setting next_dagrun for example_task_group to 2022-08-28T23:56:28.140968+00:00, run_after=2022-08-29T23:56:28.140968+00:00
[2022-08-29T19:56:28.156-0400] {processor.py:161} INFO - Processing /Users/jl/Documents/Repos/GHC-2022-data-engineering-workshop/venv/lib/python3.8/site-packages/airflow/example_dags/example_task_group.py took 0.139 seconds
[2022-08-29T19:57:52.129-0400] {processor.py:153} INFO - Started process (PID=14230) to work on /Users/jl/Documents/Repos/GHC-2022-data-engineering-workshop/venv/lib/python3.8/site-packages/airflow/example_dags/example_task_group.py
[2022-08-29T19:57:52.137-0400] {processor.py:640} INFO - Processing file /Users/jl/Documents/Repos/GHC-2022-data-engineering-workshop/venv/lib/python3.8/site-packages/airflow/example_dags/example_task_group.py for tasks to queue
[2022-08-29T19:57:52.138-0400] {logging_mixin.py:115} INFO - [2022-08-29T19:57:52.137-0400] {dagbag.py:508} INFO - Filling up the DagBag from /Users/jl/Documents/Repos/GHC-2022-data-engineering-workshop/venv/lib/python3.8/site-packages/airflow/example_dags/example_task_group.py
[2022-08-29T19:57:52.154-0400] {processor.py:650} INFO - DAG(s) dict_keys(['example_task_group']) retrieved from /Users/jl/Documents/Repos/GHC-2022-data-engineering-workshop/venv/lib/python3.8/site-packages/airflow/example_dags/example_task_group.py
[2022-08-29T19:57:52.232-0400] {logging_mixin.py:115} INFO - [2022-08-29T19:57:52.232-0400] {dag.py:2429} INFO - Sync 1 DAGs
[2022-08-29T19:57:52.249-0400] {logging_mixin.py:115} INFO - [2022-08-29T19:57:52.249-0400] {dag.py:2977} INFO - Setting next_dagrun for example_task_group to 2022-08-28T23:57:52.249112+00:00, run_after=2022-08-29T23:57:52.249112+00:00
[2022-08-29T19:57:52.266-0400] {processor.py:161} INFO - Processing /Users/jl/Documents/Repos/GHC-2022-data-engineering-workshop/venv/lib/python3.8/site-packages/airflow/example_dags/example_task_group.py took 0.139 seconds
[2022-08-29T19:59:20.834-0400] {processor.py:153} INFO - Started process (PID=14311) to work on /Users/jl/Documents/Repos/GHC-2022-data-engineering-workshop/venv/lib/python3.8/site-packages/airflow/example_dags/example_task_group.py
[2022-08-29T19:59:20.842-0400] {processor.py:640} INFO - Processing file /Users/jl/Documents/Repos/GHC-2022-data-engineering-workshop/venv/lib/python3.8/site-packages/airflow/example_dags/example_task_group.py for tasks to queue
[2022-08-29T19:59:20.842-0400] {logging_mixin.py:115} INFO - [2022-08-29T19:59:20.842-0400] {dagbag.py:508} INFO - Filling up the DagBag from /Users/jl/Documents/Repos/GHC-2022-data-engineering-workshop/venv/lib/python3.8/site-packages/airflow/example_dags/example_task_group.py
[2022-08-29T19:59:20.859-0400] {processor.py:650} INFO - DAG(s) dict_keys(['example_task_group']) retrieved from /Users/jl/Documents/Repos/GHC-2022-data-engineering-workshop/venv/lib/python3.8/site-packages/airflow/example_dags/example_task_group.py
[2022-08-29T19:59:20.936-0400] {logging_mixin.py:115} INFO - [2022-08-29T19:59:20.936-0400] {dag.py:2429} INFO - Sync 1 DAGs
[2022-08-29T19:59:20.955-0400] {logging_mixin.py:115} INFO - [2022-08-29T19:59:20.954-0400] {dag.py:2977} INFO - Setting next_dagrun for example_task_group to 2022-08-28T23:59:20.954725+00:00, run_after=2022-08-29T23:59:20.954725+00:00
[2022-08-29T19:59:20.971-0400] {processor.py:161} INFO - Processing /Users/jl/Documents/Repos/GHC-2022-data-engineering-workshop/venv/lib/python3.8/site-packages/airflow/example_dags/example_task_group.py took 0.138 seconds
