[2022-08-29T19:53:05.910-0400] {processor.py:153} INFO - Started process (PID=13978) to work on /Users/jl/Documents/Repos/GHC-2022-data-engineering-workshop/venv/lib/python3.8/site-packages/airflow/example_dags/example_time_delta_sensor_async.py
[2022-08-29T19:53:05.919-0400] {processor.py:640} INFO - Processing file /Users/jl/Documents/Repos/GHC-2022-data-engineering-workshop/venv/lib/python3.8/site-packages/airflow/example_dags/example_time_delta_sensor_async.py for tasks to queue
[2022-08-29T19:53:05.919-0400] {logging_mixin.py:115} INFO - [2022-08-29T19:53:05.919-0400] {dagbag.py:508} INFO - Filling up the DagBag from /Users/jl/Documents/Repos/GHC-2022-data-engineering-workshop/venv/lib/python3.8/site-packages/airflow/example_dags/example_time_delta_sensor_async.py
[2022-08-29T19:53:05.938-0400] {processor.py:650} INFO - DAG(s) dict_keys(['example_time_delta_sensor_async']) retrieved from /Users/jl/Documents/Repos/GHC-2022-data-engineering-workshop/venv/lib/python3.8/site-packages/airflow/example_dags/example_time_delta_sensor_async.py
[2022-08-29T19:53:07.144-0400] {logging_mixin.py:115} INFO - [2022-08-29T19:53:07.144-0400] {manager.py:508} INFO - Created Permission View: can edit on DAG:example_time_delta_sensor_async
[2022-08-29T19:53:07.154-0400] {logging_mixin.py:115} INFO - [2022-08-29T19:53:07.154-0400] {manager.py:508} INFO - Created Permission View: can delete on DAG:example_time_delta_sensor_async
[2022-08-29T19:53:07.163-0400] {logging_mixin.py:115} INFO - [2022-08-29T19:53:07.162-0400] {manager.py:508} INFO - Created Permission View: can read on DAG:example_time_delta_sensor_async
[2022-08-29T19:53:07.163-0400] {logging_mixin.py:115} INFO - [2022-08-29T19:53:07.163-0400] {dag.py:2429} INFO - Sync 1 DAGs
[2022-08-29T19:53:07.175-0400] {logging_mixin.py:115} INFO - [2022-08-29T19:53:07.174-0400] {dag.py:2448} INFO - Creating ORM DAG for example_time_delta_sensor_async
[2022-08-29T19:53:07.184-0400] {logging_mixin.py:115} INFO - [2022-08-29T19:53:07.184-0400] {dag.py:2977} INFO - Setting next_dagrun for example_time_delta_sensor_async to None, run_after=None
[2022-08-29T19:53:07.200-0400] {processor.py:161} INFO - Processing /Users/jl/Documents/Repos/GHC-2022-data-engineering-workshop/venv/lib/python3.8/site-packages/airflow/example_dags/example_time_delta_sensor_async.py took 1.291 seconds
[2022-08-29T19:54:50.075-0400] {processor.py:153} INFO - Started process (PID=14057) to work on /Users/jl/Documents/Repos/GHC-2022-data-engineering-workshop/venv/lib/python3.8/site-packages/airflow/example_dags/example_time_delta_sensor_async.py
[2022-08-29T19:54:50.086-0400] {processor.py:640} INFO - Processing file /Users/jl/Documents/Repos/GHC-2022-data-engineering-workshop/venv/lib/python3.8/site-packages/airflow/example_dags/example_time_delta_sensor_async.py for tasks to queue
[2022-08-29T19:54:50.087-0400] {logging_mixin.py:115} INFO - [2022-08-29T19:54:50.087-0400] {dagbag.py:508} INFO - Filling up the DagBag from /Users/jl/Documents/Repos/GHC-2022-data-engineering-workshop/venv/lib/python3.8/site-packages/airflow/example_dags/example_time_delta_sensor_async.py
[2022-08-29T19:54:50.106-0400] {processor.py:650} INFO - DAG(s) dict_keys(['example_time_delta_sensor_async']) retrieved from /Users/jl/Documents/Repos/GHC-2022-data-engineering-workshop/venv/lib/python3.8/site-packages/airflow/example_dags/example_time_delta_sensor_async.py
[2022-08-29T19:54:50.602-0400] {logging_mixin.py:115} INFO - [2022-08-29T19:54:50.602-0400] {dag.py:2429} INFO - Sync 1 DAGs
[2022-08-29T19:54:50.631-0400] {logging_mixin.py:115} INFO - [2022-08-29T19:54:50.631-0400] {dag.py:2977} INFO - Setting next_dagrun for example_time_delta_sensor_async to None, run_after=None
[2022-08-29T19:54:50.648-0400] {processor.py:161} INFO - Processing /Users/jl/Documents/Repos/GHC-2022-data-engineering-workshop/venv/lib/python3.8/site-packages/airflow/example_dags/example_time_delta_sensor_async.py took 0.574 seconds
[2022-08-29T19:55:46.364-0400] {processor.py:153} INFO - Started process (PID=14110) to work on /Users/jl/Documents/Repos/GHC-2022-data-engineering-workshop/venv/lib/python3.8/site-packages/airflow/example_dags/example_time_delta_sensor_async.py
[2022-08-29T19:55:46.374-0400] {processor.py:640} INFO - Processing file /Users/jl/Documents/Repos/GHC-2022-data-engineering-workshop/venv/lib/python3.8/site-packages/airflow/example_dags/example_time_delta_sensor_async.py for tasks to queue
[2022-08-29T19:55:46.375-0400] {logging_mixin.py:115} INFO - [2022-08-29T19:55:46.375-0400] {dagbag.py:508} INFO - Filling up the DagBag from /Users/jl/Documents/Repos/GHC-2022-data-engineering-workshop/venv/lib/python3.8/site-packages/airflow/example_dags/example_time_delta_sensor_async.py
[2022-08-29T19:55:46.392-0400] {processor.py:650} INFO - DAG(s) dict_keys(['example_time_delta_sensor_async']) retrieved from /Users/jl/Documents/Repos/GHC-2022-data-engineering-workshop/venv/lib/python3.8/site-packages/airflow/example_dags/example_time_delta_sensor_async.py
[2022-08-29T19:55:46.575-0400] {logging_mixin.py:115} INFO - [2022-08-29T19:55:46.575-0400] {dag.py:2429} INFO - Sync 1 DAGs
[2022-08-29T19:55:46.592-0400] {logging_mixin.py:115} INFO - [2022-08-29T19:55:46.592-0400] {dag.py:2977} INFO - Setting next_dagrun for example_time_delta_sensor_async to None, run_after=None
[2022-08-29T19:55:46.606-0400] {processor.py:161} INFO - Processing /Users/jl/Documents/Repos/GHC-2022-data-engineering-workshop/venv/lib/python3.8/site-packages/airflow/example_dags/example_time_delta_sensor_async.py took 0.243 seconds
[2022-08-29T19:57:09.165-0400] {processor.py:153} INFO - Started process (PID=14189) to work on /Users/jl/Documents/Repos/GHC-2022-data-engineering-workshop/venv/lib/python3.8/site-packages/airflow/example_dags/example_time_delta_sensor_async.py
[2022-08-29T19:57:09.173-0400] {processor.py:640} INFO - Processing file /Users/jl/Documents/Repos/GHC-2022-data-engineering-workshop/venv/lib/python3.8/site-packages/airflow/example_dags/example_time_delta_sensor_async.py for tasks to queue
[2022-08-29T19:57:09.173-0400] {logging_mixin.py:115} INFO - [2022-08-29T19:57:09.173-0400] {dagbag.py:508} INFO - Filling up the DagBag from /Users/jl/Documents/Repos/GHC-2022-data-engineering-workshop/venv/lib/python3.8/site-packages/airflow/example_dags/example_time_delta_sensor_async.py
[2022-08-29T19:57:09.188-0400] {processor.py:650} INFO - DAG(s) dict_keys(['example_time_delta_sensor_async']) retrieved from /Users/jl/Documents/Repos/GHC-2022-data-engineering-workshop/venv/lib/python3.8/site-packages/airflow/example_dags/example_time_delta_sensor_async.py
[2022-08-29T19:57:09.383-0400] {logging_mixin.py:115} INFO - [2022-08-29T19:57:09.383-0400] {dag.py:2429} INFO - Sync 1 DAGs
[2022-08-29T19:57:09.401-0400] {logging_mixin.py:115} INFO - [2022-08-29T19:57:09.400-0400] {dag.py:2977} INFO - Setting next_dagrun for example_time_delta_sensor_async to None, run_after=None
[2022-08-29T19:57:09.414-0400] {processor.py:161} INFO - Processing /Users/jl/Documents/Repos/GHC-2022-data-engineering-workshop/venv/lib/python3.8/site-packages/airflow/example_dags/example_time_delta_sensor_async.py took 0.251 seconds
[2022-08-29T19:58:37.080-0400] {processor.py:153} INFO - Started process (PID=14272) to work on /Users/jl/Documents/Repos/GHC-2022-data-engineering-workshop/venv/lib/python3.8/site-packages/airflow/example_dags/example_time_delta_sensor_async.py
[2022-08-29T19:58:37.088-0400] {processor.py:640} INFO - Processing file /Users/jl/Documents/Repos/GHC-2022-data-engineering-workshop/venv/lib/python3.8/site-packages/airflow/example_dags/example_time_delta_sensor_async.py for tasks to queue
[2022-08-29T19:58:37.089-0400] {logging_mixin.py:115} INFO - [2022-08-29T19:58:37.089-0400] {dagbag.py:508} INFO - Filling up the DagBag from /Users/jl/Documents/Repos/GHC-2022-data-engineering-workshop/venv/lib/python3.8/site-packages/airflow/example_dags/example_time_delta_sensor_async.py
[2022-08-29T19:58:37.104-0400] {processor.py:650} INFO - DAG(s) dict_keys(['example_time_delta_sensor_async']) retrieved from /Users/jl/Documents/Repos/GHC-2022-data-engineering-workshop/venv/lib/python3.8/site-packages/airflow/example_dags/example_time_delta_sensor_async.py
[2022-08-29T19:58:37.290-0400] {logging_mixin.py:115} INFO - [2022-08-29T19:58:37.290-0400] {dag.py:2429} INFO - Sync 1 DAGs
[2022-08-29T19:58:37.307-0400] {logging_mixin.py:115} INFO - [2022-08-29T19:58:37.307-0400] {dag.py:2977} INFO - Setting next_dagrun for example_time_delta_sensor_async to None, run_after=None
[2022-08-29T19:58:37.322-0400] {processor.py:161} INFO - Processing /Users/jl/Documents/Repos/GHC-2022-data-engineering-workshop/venv/lib/python3.8/site-packages/airflow/example_dags/example_time_delta_sensor_async.py took 0.243 seconds
