[2022-08-29T19:53:25.067-0400] {processor.py:153} INFO - Started process (PID=13993) to work on /Users/jl/Documents/Repos/GHC-2022-data-engineering-workshop/venv/lib/python3.8/site-packages/airflow/example_dags/example_short_circuit_operator.py
[2022-08-29T19:53:25.075-0400] {processor.py:640} INFO - Processing file /Users/jl/Documents/Repos/GHC-2022-data-engineering-workshop/venv/lib/python3.8/site-packages/airflow/example_dags/example_short_circuit_operator.py for tasks to queue
[2022-08-29T19:53:25.075-0400] {logging_mixin.py:115} INFO - [2022-08-29T19:53:25.075-0400] {dagbag.py:508} INFO - Filling up the DagBag from /Users/jl/Documents/Repos/GHC-2022-data-engineering-workshop/venv/lib/python3.8/site-packages/airflow/example_dags/example_short_circuit_operator.py
[2022-08-29T19:53:25.109-0400] {processor.py:650} INFO - DAG(s) dict_keys(['example_short_circuit_operator']) retrieved from /Users/jl/Documents/Repos/GHC-2022-data-engineering-workshop/venv/lib/python3.8/site-packages/airflow/example_dags/example_short_circuit_operator.py
[2022-08-29T19:53:26.047-0400] {logging_mixin.py:115} INFO - [2022-08-29T19:53:26.046-0400] {manager.py:508} INFO - Created Permission View: can delete on DAG:example_short_circuit_operator
[2022-08-29T19:53:26.057-0400] {logging_mixin.py:115} INFO - [2022-08-29T19:53:26.056-0400] {manager.py:508} INFO - Created Permission View: can read on DAG:example_short_circuit_operator
[2022-08-29T19:53:26.064-0400] {logging_mixin.py:115} INFO - [2022-08-29T19:53:26.064-0400] {manager.py:508} INFO - Created Permission View: can edit on DAG:example_short_circuit_operator
[2022-08-29T19:53:26.064-0400] {logging_mixin.py:115} INFO - [2022-08-29T19:53:26.064-0400] {dag.py:2429} INFO - Sync 1 DAGs
[2022-08-29T19:53:26.074-0400] {logging_mixin.py:115} INFO - [2022-08-29T19:53:26.073-0400] {dag.py:2448} INFO - Creating ORM DAG for example_short_circuit_operator
[2022-08-29T19:53:26.085-0400] {logging_mixin.py:115} INFO - [2022-08-29T19:53:26.085-0400] {dag.py:2977} INFO - Setting next_dagrun for example_short_circuit_operator to 2022-08-28T23:53:26.085159+00:00, run_after=2022-08-29T23:53:26.085159+00:00
[2022-08-29T19:53:26.100-0400] {processor.py:161} INFO - Processing /Users/jl/Documents/Repos/GHC-2022-data-engineering-workshop/venv/lib/python3.8/site-packages/airflow/example_dags/example_short_circuit_operator.py took 1.035 seconds
[2022-08-29T19:55:06.876-0400] {processor.py:153} INFO - Started process (PID=14074) to work on /Users/jl/Documents/Repos/GHC-2022-data-engineering-workshop/venv/lib/python3.8/site-packages/airflow/example_dags/example_short_circuit_operator.py
[2022-08-29T19:55:06.886-0400] {processor.py:640} INFO - Processing file /Users/jl/Documents/Repos/GHC-2022-data-engineering-workshop/venv/lib/python3.8/site-packages/airflow/example_dags/example_short_circuit_operator.py for tasks to queue
[2022-08-29T19:55:06.887-0400] {logging_mixin.py:115} INFO - [2022-08-29T19:55:06.887-0400] {dagbag.py:508} INFO - Filling up the DagBag from /Users/jl/Documents/Repos/GHC-2022-data-engineering-workshop/venv/lib/python3.8/site-packages/airflow/example_dags/example_short_circuit_operator.py
[2022-08-29T19:55:06.920-0400] {processor.py:650} INFO - DAG(s) dict_keys(['example_short_circuit_operator']) retrieved from /Users/jl/Documents/Repos/GHC-2022-data-engineering-workshop/venv/lib/python3.8/site-packages/airflow/example_dags/example_short_circuit_operator.py
[2022-08-29T19:55:07.008-0400] {logging_mixin.py:115} INFO - [2022-08-29T19:55:07.008-0400] {dag.py:2429} INFO - Sync 1 DAGs
[2022-08-29T19:55:07.027-0400] {logging_mixin.py:115} INFO - [2022-08-29T19:55:07.027-0400] {dag.py:2977} INFO - Setting next_dagrun for example_short_circuit_operator to 2022-08-28T23:55:07.027010+00:00, run_after=2022-08-29T23:55:07.027010+00:00
[2022-08-29T19:55:07.044-0400] {processor.py:161} INFO - Processing /Users/jl/Documents/Repos/GHC-2022-data-engineering-workshop/venv/lib/python3.8/site-packages/airflow/example_dags/example_short_circuit_operator.py took 0.169 seconds
[2022-08-29T19:56:36.444-0400] {processor.py:153} INFO - Started process (PID=14157) to work on /Users/jl/Documents/Repos/GHC-2022-data-engineering-workshop/venv/lib/python3.8/site-packages/airflow/example_dags/example_short_circuit_operator.py
[2022-08-29T19:56:36.452-0400] {processor.py:640} INFO - Processing file /Users/jl/Documents/Repos/GHC-2022-data-engineering-workshop/venv/lib/python3.8/site-packages/airflow/example_dags/example_short_circuit_operator.py for tasks to queue
[2022-08-29T19:56:36.453-0400] {logging_mixin.py:115} INFO - [2022-08-29T19:56:36.453-0400] {dagbag.py:508} INFO - Filling up the DagBag from /Users/jl/Documents/Repos/GHC-2022-data-engineering-workshop/venv/lib/python3.8/site-packages/airflow/example_dags/example_short_circuit_operator.py
[2022-08-29T19:56:36.484-0400] {processor.py:650} INFO - DAG(s) dict_keys(['example_short_circuit_operator']) retrieved from /Users/jl/Documents/Repos/GHC-2022-data-engineering-workshop/venv/lib/python3.8/site-packages/airflow/example_dags/example_short_circuit_operator.py
[2022-08-29T19:56:36.563-0400] {logging_mixin.py:115} INFO - [2022-08-29T19:56:36.563-0400] {dag.py:2429} INFO - Sync 1 DAGs
[2022-08-29T19:56:36.582-0400] {logging_mixin.py:115} INFO - [2022-08-29T19:56:36.582-0400] {dag.py:2977} INFO - Setting next_dagrun for example_short_circuit_operator to 2022-08-28T23:56:36.582132+00:00, run_after=2022-08-29T23:56:36.582132+00:00
[2022-08-29T19:56:36.597-0400] {processor.py:161} INFO - Processing /Users/jl/Documents/Repos/GHC-2022-data-engineering-workshop/venv/lib/python3.8/site-packages/airflow/example_dags/example_short_circuit_operator.py took 0.154 seconds
[2022-08-29T19:58:00.651-0400] {processor.py:153} INFO - Started process (PID=14238) to work on /Users/jl/Documents/Repos/GHC-2022-data-engineering-workshop/venv/lib/python3.8/site-packages/airflow/example_dags/example_short_circuit_operator.py
[2022-08-29T19:58:00.660-0400] {processor.py:640} INFO - Processing file /Users/jl/Documents/Repos/GHC-2022-data-engineering-workshop/venv/lib/python3.8/site-packages/airflow/example_dags/example_short_circuit_operator.py for tasks to queue
[2022-08-29T19:58:00.661-0400] {logging_mixin.py:115} INFO - [2022-08-29T19:58:00.660-0400] {dagbag.py:508} INFO - Filling up the DagBag from /Users/jl/Documents/Repos/GHC-2022-data-engineering-workshop/venv/lib/python3.8/site-packages/airflow/example_dags/example_short_circuit_operator.py
[2022-08-29T19:58:00.692-0400] {processor.py:650} INFO - DAG(s) dict_keys(['example_short_circuit_operator']) retrieved from /Users/jl/Documents/Repos/GHC-2022-data-engineering-workshop/venv/lib/python3.8/site-packages/airflow/example_dags/example_short_circuit_operator.py
[2022-08-29T19:58:00.769-0400] {logging_mixin.py:115} INFO - [2022-08-29T19:58:00.769-0400] {dag.py:2429} INFO - Sync 1 DAGs
[2022-08-29T19:58:00.788-0400] {logging_mixin.py:115} INFO - [2022-08-29T19:58:00.788-0400] {dag.py:2977} INFO - Setting next_dagrun for example_short_circuit_operator to 2022-08-28T23:58:00.788555+00:00, run_after=2022-08-29T23:58:00.788555+00:00
[2022-08-29T19:58:00.804-0400] {processor.py:161} INFO - Processing /Users/jl/Documents/Repos/GHC-2022-data-engineering-workshop/venv/lib/python3.8/site-packages/airflow/example_dags/example_short_circuit_operator.py took 0.153 seconds
[2022-08-29T19:59:29.331-0400] {processor.py:153} INFO - Started process (PID=14319) to work on /Users/jl/Documents/Repos/GHC-2022-data-engineering-workshop/venv/lib/python3.8/site-packages/airflow/example_dags/example_short_circuit_operator.py
[2022-08-29T19:59:29.339-0400] {processor.py:640} INFO - Processing file /Users/jl/Documents/Repos/GHC-2022-data-engineering-workshop/venv/lib/python3.8/site-packages/airflow/example_dags/example_short_circuit_operator.py for tasks to queue
[2022-08-29T19:59:29.340-0400] {logging_mixin.py:115} INFO - [2022-08-29T19:59:29.339-0400] {dagbag.py:508} INFO - Filling up the DagBag from /Users/jl/Documents/Repos/GHC-2022-data-engineering-workshop/venv/lib/python3.8/site-packages/airflow/example_dags/example_short_circuit_operator.py
[2022-08-29T19:59:29.370-0400] {processor.py:650} INFO - DAG(s) dict_keys(['example_short_circuit_operator']) retrieved from /Users/jl/Documents/Repos/GHC-2022-data-engineering-workshop/venv/lib/python3.8/site-packages/airflow/example_dags/example_short_circuit_operator.py
[2022-08-29T19:59:29.448-0400] {logging_mixin.py:115} INFO - [2022-08-29T19:59:29.448-0400] {dag.py:2429} INFO - Sync 1 DAGs
[2022-08-29T19:59:29.467-0400] {logging_mixin.py:115} INFO - [2022-08-29T19:59:29.467-0400] {dag.py:2977} INFO - Setting next_dagrun for example_short_circuit_operator to 2022-08-28T23:59:29.466841+00:00, run_after=2022-08-29T23:59:29.466841+00:00
[2022-08-29T19:59:29.482-0400] {processor.py:161} INFO - Processing /Users/jl/Documents/Repos/GHC-2022-data-engineering-workshop/venv/lib/python3.8/site-packages/airflow/example_dags/example_short_circuit_operator.py took 0.152 seconds
