[2022-08-29T19:52:56.157-0400] {processor.py:153} INFO - Started process (PID=13972) to work on /Users/jl/Documents/Repos/GHC-2022-data-engineering-workshop/venv/lib/python3.8/site-packages/airflow/example_dags/example_xcom.py
[2022-08-29T19:52:56.165-0400] {processor.py:640} INFO - Processing file /Users/jl/Documents/Repos/GHC-2022-data-engineering-workshop/venv/lib/python3.8/site-packages/airflow/example_dags/example_xcom.py for tasks to queue
[2022-08-29T19:52:56.166-0400] {logging_mixin.py:115} INFO - [2022-08-29T19:52:56.165-0400] {dagbag.py:508} INFO - Filling up the DagBag from /Users/jl/Documents/Repos/GHC-2022-data-engineering-workshop/venv/lib/python3.8/site-packages/airflow/example_dags/example_xcom.py
[2022-08-29T19:52:56.208-0400] {processor.py:650} INFO - DAG(s) dict_keys(['example_xcom']) retrieved from /Users/jl/Documents/Repos/GHC-2022-data-engineering-workshop/venv/lib/python3.8/site-packages/airflow/example_dags/example_xcom.py
[2022-08-29T19:52:57.140-0400] {logging_mixin.py:115} INFO - [2022-08-29T19:52:57.140-0400] {manager.py:508} INFO - Created Permission View: can read on DAG:example_xcom
[2022-08-29T19:52:57.152-0400] {logging_mixin.py:115} INFO - [2022-08-29T19:52:57.152-0400] {manager.py:508} INFO - Created Permission View: can delete on DAG:example_xcom
[2022-08-29T19:52:57.160-0400] {logging_mixin.py:115} INFO - [2022-08-29T19:52:57.160-0400] {manager.py:508} INFO - Created Permission View: can edit on DAG:example_xcom
[2022-08-29T19:52:57.161-0400] {logging_mixin.py:115} INFO - [2022-08-29T19:52:57.161-0400] {dag.py:2429} INFO - Sync 1 DAGs
[2022-08-29T19:52:57.171-0400] {logging_mixin.py:115} INFO - [2022-08-29T19:52:57.171-0400] {dag.py:2448} INFO - Creating ORM DAG for example_xcom
[2022-08-29T19:52:57.181-0400] {logging_mixin.py:115} INFO - [2022-08-29T19:52:57.181-0400] {dag.py:2977} INFO - Setting next_dagrun for example_xcom to 2021-01-01T00:00:00+00:00, run_after=2021-01-01T00:00:00+00:00
[2022-08-29T19:52:57.197-0400] {processor.py:161} INFO - Processing /Users/jl/Documents/Repos/GHC-2022-data-engineering-workshop/venv/lib/python3.8/site-packages/airflow/example_dags/example_xcom.py took 1.042 seconds
[2022-08-29T19:54:42.319-0400] {processor.py:153} INFO - Started process (PID=14051) to work on /Users/jl/Documents/Repos/GHC-2022-data-engineering-workshop/venv/lib/python3.8/site-packages/airflow/example_dags/example_xcom.py
[2022-08-29T19:54:42.329-0400] {processor.py:640} INFO - Processing file /Users/jl/Documents/Repos/GHC-2022-data-engineering-workshop/venv/lib/python3.8/site-packages/airflow/example_dags/example_xcom.py for tasks to queue
[2022-08-29T19:54:42.330-0400] {logging_mixin.py:115} INFO - [2022-08-29T19:54:42.330-0400] {dagbag.py:508} INFO - Filling up the DagBag from /Users/jl/Documents/Repos/GHC-2022-data-engineering-workshop/venv/lib/python3.8/site-packages/airflow/example_dags/example_xcom.py
[2022-08-29T19:54:42.372-0400] {processor.py:650} INFO - DAG(s) dict_keys(['example_xcom']) retrieved from /Users/jl/Documents/Repos/GHC-2022-data-engineering-workshop/venv/lib/python3.8/site-packages/airflow/example_dags/example_xcom.py
[2022-08-29T19:54:43.278-0400] {logging_mixin.py:115} INFO - [2022-08-29T19:54:43.277-0400] {dag.py:2429} INFO - Sync 1 DAGs
[2022-08-29T19:54:43.307-0400] {logging_mixin.py:115} INFO - [2022-08-29T19:54:43.307-0400] {dag.py:2977} INFO - Setting next_dagrun for example_xcom to 2021-01-01T00:00:00+00:00, run_after=2021-01-01T00:00:00+00:00
[2022-08-29T19:54:43.345-0400] {processor.py:161} INFO - Processing /Users/jl/Documents/Repos/GHC-2022-data-engineering-workshop/venv/lib/python3.8/site-packages/airflow/example_dags/example_xcom.py took 1.026 seconds
[2022-08-29T19:55:39.109-0400] {processor.py:153} INFO - Started process (PID=14104) to work on /Users/jl/Documents/Repos/GHC-2022-data-engineering-workshop/venv/lib/python3.8/site-packages/airflow/example_dags/example_xcom.py
[2022-08-29T19:55:39.119-0400] {processor.py:640} INFO - Processing file /Users/jl/Documents/Repos/GHC-2022-data-engineering-workshop/venv/lib/python3.8/site-packages/airflow/example_dags/example_xcom.py for tasks to queue
[2022-08-29T19:55:39.120-0400] {logging_mixin.py:115} INFO - [2022-08-29T19:55:39.120-0400] {dagbag.py:508} INFO - Filling up the DagBag from /Users/jl/Documents/Repos/GHC-2022-data-engineering-workshop/venv/lib/python3.8/site-packages/airflow/example_dags/example_xcom.py
[2022-08-29T19:55:39.160-0400] {processor.py:650} INFO - DAG(s) dict_keys(['example_xcom']) retrieved from /Users/jl/Documents/Repos/GHC-2022-data-engineering-workshop/venv/lib/python3.8/site-packages/airflow/example_dags/example_xcom.py
[2022-08-29T19:55:39.878-0400] {logging_mixin.py:115} INFO - [2022-08-29T19:55:39.877-0400] {dag.py:2429} INFO - Sync 1 DAGs
[2022-08-29T19:55:39.896-0400] {logging_mixin.py:115} INFO - [2022-08-29T19:55:39.896-0400] {dag.py:2977} INFO - Setting next_dagrun for example_xcom to 2021-01-01T00:00:00+00:00, run_after=2021-01-01T00:00:00+00:00
[2022-08-29T19:55:39.912-0400] {processor.py:161} INFO - Processing /Users/jl/Documents/Repos/GHC-2022-data-engineering-workshop/venv/lib/python3.8/site-packages/airflow/example_dags/example_xcom.py took 0.803 seconds
[2022-08-29T19:57:02.173-0400] {processor.py:153} INFO - Started process (PID=14183) to work on /Users/jl/Documents/Repos/GHC-2022-data-engineering-workshop/venv/lib/python3.8/site-packages/airflow/example_dags/example_xcom.py
[2022-08-29T19:57:02.181-0400] {processor.py:640} INFO - Processing file /Users/jl/Documents/Repos/GHC-2022-data-engineering-workshop/venv/lib/python3.8/site-packages/airflow/example_dags/example_xcom.py for tasks to queue
[2022-08-29T19:57:02.182-0400] {logging_mixin.py:115} INFO - [2022-08-29T19:57:02.182-0400] {dagbag.py:508} INFO - Filling up the DagBag from /Users/jl/Documents/Repos/GHC-2022-data-engineering-workshop/venv/lib/python3.8/site-packages/airflow/example_dags/example_xcom.py
[2022-08-29T19:57:02.221-0400] {processor.py:650} INFO - DAG(s) dict_keys(['example_xcom']) retrieved from /Users/jl/Documents/Repos/GHC-2022-data-engineering-workshop/venv/lib/python3.8/site-packages/airflow/example_dags/example_xcom.py
[2022-08-29T19:57:02.934-0400] {logging_mixin.py:115} INFO - [2022-08-29T19:57:02.934-0400] {dag.py:2429} INFO - Sync 1 DAGs
[2022-08-29T19:57:02.954-0400] {logging_mixin.py:115} INFO - [2022-08-29T19:57:02.953-0400] {dag.py:2977} INFO - Setting next_dagrun for example_xcom to 2021-01-01T00:00:00+00:00, run_after=2021-01-01T00:00:00+00:00
[2022-08-29T19:57:02.971-0400] {processor.py:161} INFO - Processing /Users/jl/Documents/Repos/GHC-2022-data-engineering-workshop/venv/lib/python3.8/site-packages/airflow/example_dags/example_xcom.py took 0.799 seconds
[2022-08-29T19:58:29.372-0400] {processor.py:153} INFO - Started process (PID=14266) to work on /Users/jl/Documents/Repos/GHC-2022-data-engineering-workshop/venv/lib/python3.8/site-packages/airflow/example_dags/example_xcom.py
[2022-08-29T19:58:29.380-0400] {processor.py:640} INFO - Processing file /Users/jl/Documents/Repos/GHC-2022-data-engineering-workshop/venv/lib/python3.8/site-packages/airflow/example_dags/example_xcom.py for tasks to queue
[2022-08-29T19:58:29.381-0400] {logging_mixin.py:115} INFO - [2022-08-29T19:58:29.381-0400] {dagbag.py:508} INFO - Filling up the DagBag from /Users/jl/Documents/Repos/GHC-2022-data-engineering-workshop/venv/lib/python3.8/site-packages/airflow/example_dags/example_xcom.py
[2022-08-29T19:58:29.420-0400] {processor.py:650} INFO - DAG(s) dict_keys(['example_xcom']) retrieved from /Users/jl/Documents/Repos/GHC-2022-data-engineering-workshop/venv/lib/python3.8/site-packages/airflow/example_dags/example_xcom.py
[2022-08-29T19:58:30.355-0400] {logging_mixin.py:115} INFO - [2022-08-29T19:58:30.355-0400] {dag.py:2429} INFO - Sync 1 DAGs
[2022-08-29T19:58:30.374-0400] {logging_mixin.py:115} INFO - [2022-08-29T19:58:30.374-0400] {dag.py:2977} INFO - Setting next_dagrun for example_xcom to 2021-01-01T00:00:00+00:00, run_after=2021-01-01T00:00:00+00:00
[2022-08-29T19:58:30.390-0400] {processor.py:161} INFO - Processing /Users/jl/Documents/Repos/GHC-2022-data-engineering-workshop/venv/lib/python3.8/site-packages/airflow/example_dags/example_xcom.py took 1.019 seconds
