[2022-08-29T19:53:57.714-0400] {processor.py:153} INFO - Started process (PID=14015) to work on /Users/jl/Documents/Repos/GHC-2022-data-engineering-workshop/venv/lib/python3.8/site-packages/airflow/example_dags/example_branch_python_dop_operator_3.py
[2022-08-29T19:53:57.722-0400] {processor.py:640} INFO - Processing file /Users/jl/Documents/Repos/GHC-2022-data-engineering-workshop/venv/lib/python3.8/site-packages/airflow/example_dags/example_branch_python_dop_operator_3.py for tasks to queue
[2022-08-29T19:53:57.723-0400] {logging_mixin.py:115} INFO - [2022-08-29T19:53:57.723-0400] {dagbag.py:508} INFO - Filling up the DagBag from /Users/jl/Documents/Repos/GHC-2022-data-engineering-workshop/venv/lib/python3.8/site-packages/airflow/example_dags/example_branch_python_dop_operator_3.py
[2022-08-29T19:53:57.757-0400] {processor.py:650} INFO - DAG(s) dict_keys(['example_branch_dop_operator_v3']) retrieved from /Users/jl/Documents/Repos/GHC-2022-data-engineering-workshop/venv/lib/python3.8/site-packages/airflow/example_dags/example_branch_python_dop_operator_3.py
[2022-08-29T19:53:58.686-0400] {logging_mixin.py:115} INFO - [2022-08-29T19:53:58.685-0400] {manager.py:508} INFO - Created Permission View: can delete on DAG:example_branch_dop_operator_v3
[2022-08-29T19:53:58.696-0400] {logging_mixin.py:115} INFO - [2022-08-29T19:53:58.696-0400] {manager.py:508} INFO - Created Permission View: can read on DAG:example_branch_dop_operator_v3
[2022-08-29T19:53:58.704-0400] {logging_mixin.py:115} INFO - [2022-08-29T19:53:58.704-0400] {manager.py:508} INFO - Created Permission View: can edit on DAG:example_branch_dop_operator_v3
[2022-08-29T19:53:58.705-0400] {logging_mixin.py:115} INFO - [2022-08-29T19:53:58.704-0400] {dag.py:2429} INFO - Sync 1 DAGs
[2022-08-29T19:53:58.715-0400] {logging_mixin.py:115} INFO - [2022-08-29T19:53:58.715-0400] {dag.py:2448} INFO - Creating ORM DAG for example_branch_dop_operator_v3
[2022-08-29T19:53:58.733-0400] {logging_mixin.py:115} INFO - [2022-08-29T19:53:58.733-0400] {dag.py:2977} INFO - Setting next_dagrun for example_branch_dop_operator_v3 to 2022-08-29T23:52:00+00:00, run_after=2022-08-29T23:53:00+00:00
[2022-08-29T19:53:58.748-0400] {processor.py:161} INFO - Processing /Users/jl/Documents/Repos/GHC-2022-data-engineering-workshop/venv/lib/python3.8/site-packages/airflow/example_dags/example_branch_python_dop_operator_3.py took 1.035 seconds
[2022-08-29T19:55:55.616-0400] {processor.py:153} INFO - Started process (PID=14118) to work on /Users/jl/Documents/Repos/GHC-2022-data-engineering-workshop/venv/lib/python3.8/site-packages/airflow/example_dags/example_branch_python_dop_operator_3.py
[2022-08-29T19:55:55.626-0400] {processor.py:640} INFO - Processing file /Users/jl/Documents/Repos/GHC-2022-data-engineering-workshop/venv/lib/python3.8/site-packages/airflow/example_dags/example_branch_python_dop_operator_3.py for tasks to queue
[2022-08-29T19:55:55.626-0400] {logging_mixin.py:115} INFO - [2022-08-29T19:55:55.626-0400] {dagbag.py:508} INFO - Filling up the DagBag from /Users/jl/Documents/Repos/GHC-2022-data-engineering-workshop/venv/lib/python3.8/site-packages/airflow/example_dags/example_branch_python_dop_operator_3.py
[2022-08-29T19:55:55.660-0400] {processor.py:650} INFO - DAG(s) dict_keys(['example_branch_dop_operator_v3']) retrieved from /Users/jl/Documents/Repos/GHC-2022-data-engineering-workshop/venv/lib/python3.8/site-packages/airflow/example_dags/example_branch_python_dop_operator_3.py
[2022-08-29T19:55:55.735-0400] {logging_mixin.py:115} INFO - [2022-08-29T19:55:55.735-0400] {dag.py:2429} INFO - Sync 1 DAGs
[2022-08-29T19:55:55.760-0400] {logging_mixin.py:115} INFO - [2022-08-29T19:55:55.760-0400] {dag.py:2977} INFO - Setting next_dagrun for example_branch_dop_operator_v3 to 2022-08-29T23:54:00+00:00, run_after=2022-08-29T23:55:00+00:00
[2022-08-29T19:55:55.775-0400] {processor.py:161} INFO - Processing /Users/jl/Documents/Repos/GHC-2022-data-engineering-workshop/venv/lib/python3.8/site-packages/airflow/example_dags/example_branch_python_dop_operator_3.py took 0.160 seconds
[2022-08-29T19:57:18.945-0400] {processor.py:153} INFO - Started process (PID=14197) to work on /Users/jl/Documents/Repos/GHC-2022-data-engineering-workshop/venv/lib/python3.8/site-packages/airflow/example_dags/example_branch_python_dop_operator_3.py
[2022-08-29T19:57:18.953-0400] {processor.py:640} INFO - Processing file /Users/jl/Documents/Repos/GHC-2022-data-engineering-workshop/venv/lib/python3.8/site-packages/airflow/example_dags/example_branch_python_dop_operator_3.py for tasks to queue
[2022-08-29T19:57:18.953-0400] {logging_mixin.py:115} INFO - [2022-08-29T19:57:18.953-0400] {dagbag.py:508} INFO - Filling up the DagBag from /Users/jl/Documents/Repos/GHC-2022-data-engineering-workshop/venv/lib/python3.8/site-packages/airflow/example_dags/example_branch_python_dop_operator_3.py
[2022-08-29T19:57:18.985-0400] {processor.py:650} INFO - DAG(s) dict_keys(['example_branch_dop_operator_v3']) retrieved from /Users/jl/Documents/Repos/GHC-2022-data-engineering-workshop/venv/lib/python3.8/site-packages/airflow/example_dags/example_branch_python_dop_operator_3.py
[2022-08-29T19:57:19.062-0400] {logging_mixin.py:115} INFO - [2022-08-29T19:57:19.062-0400] {dag.py:2429} INFO - Sync 1 DAGs
[2022-08-29T19:57:19.087-0400] {logging_mixin.py:115} INFO - [2022-08-29T19:57:19.087-0400] {dag.py:2977} INFO - Setting next_dagrun for example_branch_dop_operator_v3 to 2022-08-29T23:56:00+00:00, run_after=2022-08-29T23:57:00+00:00
[2022-08-29T19:57:19.102-0400] {processor.py:161} INFO - Processing /Users/jl/Documents/Repos/GHC-2022-data-engineering-workshop/venv/lib/python3.8/site-packages/airflow/example_dags/example_branch_python_dop_operator_3.py took 0.159 seconds
[2022-08-29T19:58:46.532-0400] {processor.py:153} INFO - Started process (PID=14281) to work on /Users/jl/Documents/Repos/GHC-2022-data-engineering-workshop/venv/lib/python3.8/site-packages/airflow/example_dags/example_branch_python_dop_operator_3.py
[2022-08-29T19:58:46.540-0400] {processor.py:640} INFO - Processing file /Users/jl/Documents/Repos/GHC-2022-data-engineering-workshop/venv/lib/python3.8/site-packages/airflow/example_dags/example_branch_python_dop_operator_3.py for tasks to queue
[2022-08-29T19:58:46.540-0400] {logging_mixin.py:115} INFO - [2022-08-29T19:58:46.540-0400] {dagbag.py:508} INFO - Filling up the DagBag from /Users/jl/Documents/Repos/GHC-2022-data-engineering-workshop/venv/lib/python3.8/site-packages/airflow/example_dags/example_branch_python_dop_operator_3.py
[2022-08-29T19:58:46.572-0400] {processor.py:650} INFO - DAG(s) dict_keys(['example_branch_dop_operator_v3']) retrieved from /Users/jl/Documents/Repos/GHC-2022-data-engineering-workshop/venv/lib/python3.8/site-packages/airflow/example_dags/example_branch_python_dop_operator_3.py
[2022-08-29T19:58:46.647-0400] {logging_mixin.py:115} INFO - [2022-08-29T19:58:46.647-0400] {dag.py:2429} INFO - Sync 1 DAGs
[2022-08-29T19:58:46.673-0400] {logging_mixin.py:115} INFO - [2022-08-29T19:58:46.673-0400] {dag.py:2977} INFO - Setting next_dagrun for example_branch_dop_operator_v3 to 2022-08-29T23:57:00+00:00, run_after=2022-08-29T23:58:00+00:00
[2022-08-29T19:58:46.688-0400] {processor.py:161} INFO - Processing /Users/jl/Documents/Repos/GHC-2022-data-engineering-workshop/venv/lib/python3.8/site-packages/airflow/example_dags/example_branch_python_dop_operator_3.py took 0.157 seconds
