[2022-08-29T19:53:02.672-0400] {processor.py:153} INFO - Started process (PID=13976) to work on /Users/jl/Documents/Repos/GHC-2022-data-engineering-workshop/venv/lib/python3.8/site-packages/airflow/example_dags/example_trigger_controller_dag.py
[2022-08-29T19:53:02.681-0400] {processor.py:640} INFO - Processing file /Users/jl/Documents/Repos/GHC-2022-data-engineering-workshop/venv/lib/python3.8/site-packages/airflow/example_dags/example_trigger_controller_dag.py for tasks to queue
[2022-08-29T19:53:02.681-0400] {logging_mixin.py:115} INFO - [2022-08-29T19:53:02.681-0400] {dagbag.py:508} INFO - Filling up the DagBag from /Users/jl/Documents/Repos/GHC-2022-data-engineering-workshop/venv/lib/python3.8/site-packages/airflow/example_dags/example_trigger_controller_dag.py
[2022-08-29T19:53:02.697-0400] {processor.py:650} INFO - DAG(s) dict_keys(['example_trigger_controller_dag']) retrieved from /Users/jl/Documents/Repos/GHC-2022-data-engineering-workshop/venv/lib/python3.8/site-packages/airflow/example_dags/example_trigger_controller_dag.py
[2022-08-29T19:53:03.643-0400] {logging_mixin.py:115} INFO - [2022-08-29T19:53:03.642-0400] {manager.py:508} INFO - Created Permission View: can delete on DAG:example_trigger_controller_dag
[2022-08-29T19:53:03.653-0400] {logging_mixin.py:115} INFO - [2022-08-29T19:53:03.653-0400] {manager.py:508} INFO - Created Permission View: can edit on DAG:example_trigger_controller_dag
[2022-08-29T19:53:03.662-0400] {logging_mixin.py:115} INFO - [2022-08-29T19:53:03.662-0400] {manager.py:508} INFO - Created Permission View: can read on DAG:example_trigger_controller_dag
[2022-08-29T19:53:03.663-0400] {logging_mixin.py:115} INFO - [2022-08-29T19:53:03.662-0400] {dag.py:2429} INFO - Sync 1 DAGs
[2022-08-29T19:53:03.672-0400] {logging_mixin.py:115} INFO - [2022-08-29T19:53:03.672-0400] {dag.py:2448} INFO - Creating ORM DAG for example_trigger_controller_dag
[2022-08-29T19:53:03.684-0400] {logging_mixin.py:115} INFO - [2022-08-29T19:53:03.684-0400] {dag.py:2977} INFO - Setting next_dagrun for example_trigger_controller_dag to 2021-01-01T00:00:00+00:00, run_after=2021-01-01T00:00:00+00:00
[2022-08-29T19:53:03.699-0400] {processor.py:161} INFO - Processing /Users/jl/Documents/Repos/GHC-2022-data-engineering-workshop/venv/lib/python3.8/site-packages/airflow/example_dags/example_trigger_controller_dag.py took 1.028 seconds
[2022-08-29T19:54:48.409-0400] {processor.py:153} INFO - Started process (PID=14055) to work on /Users/jl/Documents/Repos/GHC-2022-data-engineering-workshop/venv/lib/python3.8/site-packages/airflow/example_dags/example_trigger_controller_dag.py
[2022-08-29T19:54:48.418-0400] {processor.py:640} INFO - Processing file /Users/jl/Documents/Repos/GHC-2022-data-engineering-workshop/venv/lib/python3.8/site-packages/airflow/example_dags/example_trigger_controller_dag.py for tasks to queue
[2022-08-29T19:54:48.419-0400] {logging_mixin.py:115} INFO - [2022-08-29T19:54:48.419-0400] {dagbag.py:508} INFO - Filling up the DagBag from /Users/jl/Documents/Repos/GHC-2022-data-engineering-workshop/venv/lib/python3.8/site-packages/airflow/example_dags/example_trigger_controller_dag.py
[2022-08-29T19:54:48.435-0400] {processor.py:650} INFO - DAG(s) dict_keys(['example_trigger_controller_dag']) retrieved from /Users/jl/Documents/Repos/GHC-2022-data-engineering-workshop/venv/lib/python3.8/site-packages/airflow/example_dags/example_trigger_controller_dag.py
[2022-08-29T19:54:48.516-0400] {logging_mixin.py:115} INFO - [2022-08-29T19:54:48.515-0400] {dag.py:2429} INFO - Sync 1 DAGs
[2022-08-29T19:54:48.533-0400] {logging_mixin.py:115} INFO - [2022-08-29T19:54:48.533-0400] {dag.py:2977} INFO - Setting next_dagrun for example_trigger_controller_dag to 2021-01-01T00:00:00+00:00, run_after=2021-01-01T00:00:00+00:00
[2022-08-29T19:54:48.552-0400] {processor.py:161} INFO - Processing /Users/jl/Documents/Repos/GHC-2022-data-engineering-workshop/venv/lib/python3.8/site-packages/airflow/example_dags/example_trigger_controller_dag.py took 0.145 seconds
[2022-08-29T19:55:44.119-0400] {processor.py:153} INFO - Started process (PID=14108) to work on /Users/jl/Documents/Repos/GHC-2022-data-engineering-workshop/venv/lib/python3.8/site-packages/airflow/example_dags/example_trigger_controller_dag.py
[2022-08-29T19:55:44.129-0400] {processor.py:640} INFO - Processing file /Users/jl/Documents/Repos/GHC-2022-data-engineering-workshop/venv/lib/python3.8/site-packages/airflow/example_dags/example_trigger_controller_dag.py for tasks to queue
[2022-08-29T19:55:44.130-0400] {logging_mixin.py:115} INFO - [2022-08-29T19:55:44.130-0400] {dagbag.py:508} INFO - Filling up the DagBag from /Users/jl/Documents/Repos/GHC-2022-data-engineering-workshop/venv/lib/python3.8/site-packages/airflow/example_dags/example_trigger_controller_dag.py
[2022-08-29T19:55:44.145-0400] {processor.py:650} INFO - DAG(s) dict_keys(['example_trigger_controller_dag']) retrieved from /Users/jl/Documents/Repos/GHC-2022-data-engineering-workshop/venv/lib/python3.8/site-packages/airflow/example_dags/example_trigger_controller_dag.py
[2022-08-29T19:55:44.221-0400] {logging_mixin.py:115} INFO - [2022-08-29T19:55:44.221-0400] {dag.py:2429} INFO - Sync 1 DAGs
[2022-08-29T19:55:44.238-0400] {logging_mixin.py:115} INFO - [2022-08-29T19:55:44.238-0400] {dag.py:2977} INFO - Setting next_dagrun for example_trigger_controller_dag to 2021-01-01T00:00:00+00:00, run_after=2021-01-01T00:00:00+00:00
[2022-08-29T19:55:44.253-0400] {processor.py:161} INFO - Processing /Users/jl/Documents/Repos/GHC-2022-data-engineering-workshop/venv/lib/python3.8/site-packages/airflow/example_dags/example_trigger_controller_dag.py took 0.134 seconds
[2022-08-29T19:57:07.444-0400] {processor.py:153} INFO - Started process (PID=14187) to work on /Users/jl/Documents/Repos/GHC-2022-data-engineering-workshop/venv/lib/python3.8/site-packages/airflow/example_dags/example_trigger_controller_dag.py
[2022-08-29T19:57:07.452-0400] {processor.py:640} INFO - Processing file /Users/jl/Documents/Repos/GHC-2022-data-engineering-workshop/venv/lib/python3.8/site-packages/airflow/example_dags/example_trigger_controller_dag.py for tasks to queue
[2022-08-29T19:57:07.453-0400] {logging_mixin.py:115} INFO - [2022-08-29T19:57:07.453-0400] {dagbag.py:508} INFO - Filling up the DagBag from /Users/jl/Documents/Repos/GHC-2022-data-engineering-workshop/venv/lib/python3.8/site-packages/airflow/example_dags/example_trigger_controller_dag.py
[2022-08-29T19:57:07.467-0400] {processor.py:650} INFO - DAG(s) dict_keys(['example_trigger_controller_dag']) retrieved from /Users/jl/Documents/Repos/GHC-2022-data-engineering-workshop/venv/lib/python3.8/site-packages/airflow/example_dags/example_trigger_controller_dag.py
[2022-08-29T19:57:07.543-0400] {logging_mixin.py:115} INFO - [2022-08-29T19:57:07.543-0400] {dag.py:2429} INFO - Sync 1 DAGs
[2022-08-29T19:57:07.560-0400] {logging_mixin.py:115} INFO - [2022-08-29T19:57:07.560-0400] {dag.py:2977} INFO - Setting next_dagrun for example_trigger_controller_dag to 2021-01-01T00:00:00+00:00, run_after=2021-01-01T00:00:00+00:00
[2022-08-29T19:57:07.574-0400] {processor.py:161} INFO - Processing /Users/jl/Documents/Repos/GHC-2022-data-engineering-workshop/venv/lib/python3.8/site-packages/airflow/example_dags/example_trigger_controller_dag.py took 0.131 seconds
[2022-08-29T19:58:34.846-0400] {processor.py:153} INFO - Started process (PID=14270) to work on /Users/jl/Documents/Repos/GHC-2022-data-engineering-workshop/venv/lib/python3.8/site-packages/airflow/example_dags/example_trigger_controller_dag.py
[2022-08-29T19:58:34.854-0400] {processor.py:640} INFO - Processing file /Users/jl/Documents/Repos/GHC-2022-data-engineering-workshop/venv/lib/python3.8/site-packages/airflow/example_dags/example_trigger_controller_dag.py for tasks to queue
[2022-08-29T19:58:34.855-0400] {logging_mixin.py:115} INFO - [2022-08-29T19:58:34.855-0400] {dagbag.py:508} INFO - Filling up the DagBag from /Users/jl/Documents/Repos/GHC-2022-data-engineering-workshop/venv/lib/python3.8/site-packages/airflow/example_dags/example_trigger_controller_dag.py
[2022-08-29T19:58:34.868-0400] {processor.py:650} INFO - DAG(s) dict_keys(['example_trigger_controller_dag']) retrieved from /Users/jl/Documents/Repos/GHC-2022-data-engineering-workshop/venv/lib/python3.8/site-packages/airflow/example_dags/example_trigger_controller_dag.py
[2022-08-29T19:58:34.947-0400] {logging_mixin.py:115} INFO - [2022-08-29T19:58:34.946-0400] {dag.py:2429} INFO - Sync 1 DAGs
[2022-08-29T19:58:34.964-0400] {logging_mixin.py:115} INFO - [2022-08-29T19:58:34.964-0400] {dag.py:2977} INFO - Setting next_dagrun for example_trigger_controller_dag to 2021-01-01T00:00:00+00:00, run_after=2021-01-01T00:00:00+00:00
[2022-08-29T19:58:34.978-0400] {processor.py:161} INFO - Processing /Users/jl/Documents/Repos/GHC-2022-data-engineering-workshop/venv/lib/python3.8/site-packages/airflow/example_dags/example_trigger_controller_dag.py took 0.134 seconds
