[2022-08-29T19:54:06.717-0400] {processor.py:153} INFO - Started process (PID=14021) to work on /Users/jl/Documents/Repos/GHC-2022-data-engineering-workshop/venv/lib/python3.8/site-packages/airflow/example_dags/example_branch_labels.py
[2022-08-29T19:54:06.725-0400] {processor.py:640} INFO - Processing file /Users/jl/Documents/Repos/GHC-2022-data-engineering-workshop/venv/lib/python3.8/site-packages/airflow/example_dags/example_branch_labels.py for tasks to queue
[2022-08-29T19:54:06.725-0400] {logging_mixin.py:115} INFO - [2022-08-29T19:54:06.725-0400] {dagbag.py:508} INFO - Filling up the DagBag from /Users/jl/Documents/Repos/GHC-2022-data-engineering-workshop/venv/lib/python3.8/site-packages/airflow/example_dags/example_branch_labels.py
[2022-08-29T19:54:06.745-0400] {processor.py:650} INFO - DAG(s) dict_keys(['example_branch_labels']) retrieved from /Users/jl/Documents/Repos/GHC-2022-data-engineering-workshop/venv/lib/python3.8/site-packages/airflow/example_dags/example_branch_labels.py
[2022-08-29T19:54:07.683-0400] {logging_mixin.py:115} INFO - [2022-08-29T19:54:07.683-0400] {manager.py:508} INFO - Created Permission View: can read on DAG:example_branch_labels
[2022-08-29T19:54:07.694-0400] {logging_mixin.py:115} INFO - [2022-08-29T19:54:07.694-0400] {manager.py:508} INFO - Created Permission View: can delete on DAG:example_branch_labels
[2022-08-29T19:54:07.703-0400] {logging_mixin.py:115} INFO - [2022-08-29T19:54:07.703-0400] {manager.py:508} INFO - Created Permission View: can edit on DAG:example_branch_labels
[2022-08-29T19:54:07.703-0400] {logging_mixin.py:115} INFO - [2022-08-29T19:54:07.703-0400] {dag.py:2429} INFO - Sync 1 DAGs
[2022-08-29T19:54:07.713-0400] {logging_mixin.py:115} INFO - [2022-08-29T19:54:07.713-0400] {dag.py:2448} INFO - Creating ORM DAG for example_branch_labels
[2022-08-29T19:54:07.726-0400] {logging_mixin.py:115} INFO - [2022-08-29T19:54:07.726-0400] {dag.py:2977} INFO - Setting next_dagrun for example_branch_labels to 2022-08-28T00:00:00+00:00, run_after=2022-08-29T00:00:00+00:00
[2022-08-29T19:54:07.740-0400] {processor.py:161} INFO - Processing /Users/jl/Documents/Repos/GHC-2022-data-engineering-workshop/venv/lib/python3.8/site-packages/airflow/example_dags/example_branch_labels.py took 1.025 seconds
[2022-08-29T19:56:01.894-0400] {processor.py:153} INFO - Started process (PID=14124) to work on /Users/jl/Documents/Repos/GHC-2022-data-engineering-workshop/venv/lib/python3.8/site-packages/airflow/example_dags/example_branch_labels.py
[2022-08-29T19:56:01.904-0400] {processor.py:640} INFO - Processing file /Users/jl/Documents/Repos/GHC-2022-data-engineering-workshop/venv/lib/python3.8/site-packages/airflow/example_dags/example_branch_labels.py for tasks to queue
[2022-08-29T19:56:01.905-0400] {logging_mixin.py:115} INFO - [2022-08-29T19:56:01.904-0400] {dagbag.py:508} INFO - Filling up the DagBag from /Users/jl/Documents/Repos/GHC-2022-data-engineering-workshop/venv/lib/python3.8/site-packages/airflow/example_dags/example_branch_labels.py
[2022-08-29T19:56:01.923-0400] {processor.py:650} INFO - DAG(s) dict_keys(['example_branch_labels']) retrieved from /Users/jl/Documents/Repos/GHC-2022-data-engineering-workshop/venv/lib/python3.8/site-packages/airflow/example_dags/example_branch_labels.py
[2022-08-29T19:56:02.005-0400] {logging_mixin.py:115} INFO - [2022-08-29T19:56:02.005-0400] {dag.py:2429} INFO - Sync 1 DAGs
[2022-08-29T19:56:02.025-0400] {logging_mixin.py:115} INFO - [2022-08-29T19:56:02.025-0400] {dag.py:2977} INFO - Setting next_dagrun for example_branch_labels to 2022-08-28T00:00:00+00:00, run_after=2022-08-29T00:00:00+00:00
[2022-08-29T19:56:02.041-0400] {processor.py:161} INFO - Processing /Users/jl/Documents/Repos/GHC-2022-data-engineering-workshop/venv/lib/python3.8/site-packages/airflow/example_dags/example_branch_labels.py took 0.148 seconds
[2022-08-29T19:57:25.070-0400] {processor.py:153} INFO - Started process (PID=14203) to work on /Users/jl/Documents/Repos/GHC-2022-data-engineering-workshop/venv/lib/python3.8/site-packages/airflow/example_dags/example_branch_labels.py
[2022-08-29T19:57:25.078-0400] {processor.py:640} INFO - Processing file /Users/jl/Documents/Repos/GHC-2022-data-engineering-workshop/venv/lib/python3.8/site-packages/airflow/example_dags/example_branch_labels.py for tasks to queue
[2022-08-29T19:57:25.079-0400] {logging_mixin.py:115} INFO - [2022-08-29T19:57:25.079-0400] {dagbag.py:508} INFO - Filling up the DagBag from /Users/jl/Documents/Repos/GHC-2022-data-engineering-workshop/venv/lib/python3.8/site-packages/airflow/example_dags/example_branch_labels.py
[2022-08-29T19:57:25.095-0400] {processor.py:650} INFO - DAG(s) dict_keys(['example_branch_labels']) retrieved from /Users/jl/Documents/Repos/GHC-2022-data-engineering-workshop/venv/lib/python3.8/site-packages/airflow/example_dags/example_branch_labels.py
[2022-08-29T19:57:25.172-0400] {logging_mixin.py:115} INFO - [2022-08-29T19:57:25.172-0400] {dag.py:2429} INFO - Sync 1 DAGs
[2022-08-29T19:57:25.192-0400] {logging_mixin.py:115} INFO - [2022-08-29T19:57:25.192-0400] {dag.py:2977} INFO - Setting next_dagrun for example_branch_labels to 2022-08-28T00:00:00+00:00, run_after=2022-08-29T00:00:00+00:00
[2022-08-29T19:57:25.207-0400] {processor.py:161} INFO - Processing /Users/jl/Documents/Repos/GHC-2022-data-engineering-workshop/venv/lib/python3.8/site-packages/airflow/example_dags/example_branch_labels.py took 0.138 seconds
[2022-08-29T19:58:52.796-0400] {processor.py:153} INFO - Started process (PID=14287) to work on /Users/jl/Documents/Repos/GHC-2022-data-engineering-workshop/venv/lib/python3.8/site-packages/airflow/example_dags/example_branch_labels.py
[2022-08-29T19:58:52.804-0400] {processor.py:640} INFO - Processing file /Users/jl/Documents/Repos/GHC-2022-data-engineering-workshop/venv/lib/python3.8/site-packages/airflow/example_dags/example_branch_labels.py for tasks to queue
[2022-08-29T19:58:52.804-0400] {logging_mixin.py:115} INFO - [2022-08-29T19:58:52.804-0400] {dagbag.py:508} INFO - Filling up the DagBag from /Users/jl/Documents/Repos/GHC-2022-data-engineering-workshop/venv/lib/python3.8/site-packages/airflow/example_dags/example_branch_labels.py
[2022-08-29T19:58:52.821-0400] {processor.py:650} INFO - DAG(s) dict_keys(['example_branch_labels']) retrieved from /Users/jl/Documents/Repos/GHC-2022-data-engineering-workshop/venv/lib/python3.8/site-packages/airflow/example_dags/example_branch_labels.py
[2022-08-29T19:58:52.897-0400] {logging_mixin.py:115} INFO - [2022-08-29T19:58:52.897-0400] {dag.py:2429} INFO - Sync 1 DAGs
[2022-08-29T19:58:52.917-0400] {logging_mixin.py:115} INFO - [2022-08-29T19:58:52.916-0400] {dag.py:2977} INFO - Setting next_dagrun for example_branch_labels to 2022-08-28T00:00:00+00:00, run_after=2022-08-29T00:00:00+00:00
[2022-08-29T19:58:52.932-0400] {processor.py:161} INFO - Processing /Users/jl/Documents/Repos/GHC-2022-data-engineering-workshop/venv/lib/python3.8/site-packages/airflow/example_dags/example_branch_labels.py took 0.138 seconds
