[2022-08-29T19:53:51.218-0400] {processor.py:153} INFO - Started process (PID=14011) to work on /Users/jl/Documents/Repos/GHC-2022-data-engineering-workshop/venv/lib/python3.8/site-packages/airflow/example_dags/example_dag_decorator.py
[2022-08-29T19:53:51.226-0400] {processor.py:640} INFO - Processing file /Users/jl/Documents/Repos/GHC-2022-data-engineering-workshop/venv/lib/python3.8/site-packages/airflow/example_dags/example_dag_decorator.py for tasks to queue
[2022-08-29T19:53:51.227-0400] {logging_mixin.py:115} INFO - [2022-08-29T19:53:51.227-0400] {dagbag.py:508} INFO - Filling up the DagBag from /Users/jl/Documents/Repos/GHC-2022-data-engineering-workshop/venv/lib/python3.8/site-packages/airflow/example_dags/example_dag_decorator.py
[2022-08-29T19:53:51.476-0400] {processor.py:650} INFO - DAG(s) dict_keys(['example_dag_decorator']) retrieved from /Users/jl/Documents/Repos/GHC-2022-data-engineering-workshop/venv/lib/python3.8/site-packages/airflow/example_dags/example_dag_decorator.py
[2022-08-29T19:53:52.207-0400] {logging_mixin.py:115} INFO - [2022-08-29T19:53:52.207-0400] {manager.py:508} INFO - Created Permission View: can edit on DAG:example_dag_decorator
[2022-08-29T19:53:52.217-0400] {logging_mixin.py:115} INFO - [2022-08-29T19:53:52.217-0400] {manager.py:508} INFO - Created Permission View: can read on DAG:example_dag_decorator
[2022-08-29T19:53:52.226-0400] {logging_mixin.py:115} INFO - [2022-08-29T19:53:52.226-0400] {manager.py:508} INFO - Created Permission View: can delete on DAG:example_dag_decorator
[2022-08-29T19:53:52.227-0400] {logging_mixin.py:115} INFO - [2022-08-29T19:53:52.226-0400] {dag.py:2429} INFO - Sync 1 DAGs
[2022-08-29T19:53:52.238-0400] {logging_mixin.py:115} INFO - [2022-08-29T19:53:52.238-0400] {dag.py:2448} INFO - Creating ORM DAG for example_dag_decorator
[2022-08-29T19:53:52.247-0400] {logging_mixin.py:115} INFO - [2022-08-29T19:53:52.247-0400] {dag.py:2977} INFO - Setting next_dagrun for example_dag_decorator to None, run_after=None
[2022-08-29T19:53:52.262-0400] {processor.py:161} INFO - Processing /Users/jl/Documents/Repos/GHC-2022-data-engineering-workshop/venv/lib/python3.8/site-packages/airflow/example_dags/example_dag_decorator.py took 1.045 seconds
[2022-08-29T19:55:50.359-0400] {processor.py:153} INFO - Started process (PID=14114) to work on /Users/jl/Documents/Repos/GHC-2022-data-engineering-workshop/venv/lib/python3.8/site-packages/airflow/example_dags/example_dag_decorator.py
[2022-08-29T19:55:50.370-0400] {processor.py:640} INFO - Processing file /Users/jl/Documents/Repos/GHC-2022-data-engineering-workshop/venv/lib/python3.8/site-packages/airflow/example_dags/example_dag_decorator.py for tasks to queue
[2022-08-29T19:55:50.371-0400] {logging_mixin.py:115} INFO - [2022-08-29T19:55:50.370-0400] {dagbag.py:508} INFO - Filling up the DagBag from /Users/jl/Documents/Repos/GHC-2022-data-engineering-workshop/venv/lib/python3.8/site-packages/airflow/example_dags/example_dag_decorator.py
[2022-08-29T19:55:50.619-0400] {processor.py:650} INFO - DAG(s) dict_keys(['example_dag_decorator']) retrieved from /Users/jl/Documents/Repos/GHC-2022-data-engineering-workshop/venv/lib/python3.8/site-packages/airflow/example_dags/example_dag_decorator.py
[2022-08-29T19:55:51.144-0400] {logging_mixin.py:115} INFO - [2022-08-29T19:55:51.144-0400] {dag.py:2429} INFO - Sync 1 DAGs
[2022-08-29T19:55:51.162-0400] {logging_mixin.py:115} INFO - [2022-08-29T19:55:51.162-0400] {dag.py:2977} INFO - Setting next_dagrun for example_dag_decorator to None, run_after=None
[2022-08-29T19:55:51.178-0400] {processor.py:161} INFO - Processing /Users/jl/Documents/Repos/GHC-2022-data-engineering-workshop/venv/lib/python3.8/site-packages/airflow/example_dags/example_dag_decorator.py took 0.820 seconds
[2022-08-29T19:57:13.859-0400] {processor.py:153} INFO - Started process (PID=14193) to work on /Users/jl/Documents/Repos/GHC-2022-data-engineering-workshop/venv/lib/python3.8/site-packages/airflow/example_dags/example_dag_decorator.py
[2022-08-29T19:57:13.867-0400] {processor.py:640} INFO - Processing file /Users/jl/Documents/Repos/GHC-2022-data-engineering-workshop/venv/lib/python3.8/site-packages/airflow/example_dags/example_dag_decorator.py for tasks to queue
[2022-08-29T19:57:13.868-0400] {logging_mixin.py:115} INFO - [2022-08-29T19:57:13.868-0400] {dagbag.py:508} INFO - Filling up the DagBag from /Users/jl/Documents/Repos/GHC-2022-data-engineering-workshop/venv/lib/python3.8/site-packages/airflow/example_dags/example_dag_decorator.py
[2022-08-29T19:57:14.109-0400] {processor.py:650} INFO - DAG(s) dict_keys(['example_dag_decorator']) retrieved from /Users/jl/Documents/Repos/GHC-2022-data-engineering-workshop/venv/lib/python3.8/site-packages/airflow/example_dags/example_dag_decorator.py
[2022-08-29T19:57:14.642-0400] {logging_mixin.py:115} INFO - [2022-08-29T19:57:14.642-0400] {dag.py:2429} INFO - Sync 1 DAGs
[2022-08-29T19:57:14.661-0400] {logging_mixin.py:115} INFO - [2022-08-29T19:57:14.661-0400] {dag.py:2977} INFO - Setting next_dagrun for example_dag_decorator to None, run_after=None
[2022-08-29T19:57:14.677-0400] {processor.py:161} INFO - Processing /Users/jl/Documents/Repos/GHC-2022-data-engineering-workshop/venv/lib/python3.8/site-packages/airflow/example_dags/example_dag_decorator.py took 0.819 seconds
[2022-08-29T19:58:41.271-0400] {processor.py:153} INFO - Started process (PID=14276) to work on /Users/jl/Documents/Repos/GHC-2022-data-engineering-workshop/venv/lib/python3.8/site-packages/airflow/example_dags/example_dag_decorator.py
[2022-08-29T19:58:41.280-0400] {processor.py:640} INFO - Processing file /Users/jl/Documents/Repos/GHC-2022-data-engineering-workshop/venv/lib/python3.8/site-packages/airflow/example_dags/example_dag_decorator.py for tasks to queue
[2022-08-29T19:58:41.281-0400] {logging_mixin.py:115} INFO - [2022-08-29T19:58:41.280-0400] {dagbag.py:508} INFO - Filling up the DagBag from /Users/jl/Documents/Repos/GHC-2022-data-engineering-workshop/venv/lib/python3.8/site-packages/airflow/example_dags/example_dag_decorator.py
[2022-08-29T19:58:41.520-0400] {processor.py:650} INFO - DAG(s) dict_keys(['example_dag_decorator']) retrieved from /Users/jl/Documents/Repos/GHC-2022-data-engineering-workshop/venv/lib/python3.8/site-packages/airflow/example_dags/example_dag_decorator.py
[2022-08-29T19:58:42.045-0400] {logging_mixin.py:115} INFO - [2022-08-29T19:58:42.044-0400] {dag.py:2429} INFO - Sync 1 DAGs
[2022-08-29T19:58:42.063-0400] {logging_mixin.py:115} INFO - [2022-08-29T19:58:42.062-0400] {dag.py:2977} INFO - Setting next_dagrun for example_dag_decorator to None, run_after=None
[2022-08-29T19:58:42.078-0400] {processor.py:161} INFO - Processing /Users/jl/Documents/Repos/GHC-2022-data-engineering-workshop/venv/lib/python3.8/site-packages/airflow/example_dags/example_dag_decorator.py took 0.808 seconds
