[2022-08-29T19:53:54.468-0400] {processor.py:153} INFO - Started process (PID=14013) to work on /Users/jl/Documents/Repos/GHC-2022-data-engineering-workshop/venv/lib/python3.8/site-packages/airflow/example_dags/example_complex.py
[2022-08-29T19:53:54.476-0400] {processor.py:640} INFO - Processing file /Users/jl/Documents/Repos/GHC-2022-data-engineering-workshop/venv/lib/python3.8/site-packages/airflow/example_dags/example_complex.py for tasks to queue
[2022-08-29T19:53:54.476-0400] {logging_mixin.py:115} INFO - [2022-08-29T19:53:54.476-0400] {dagbag.py:508} INFO - Filling up the DagBag from /Users/jl/Documents/Repos/GHC-2022-data-engineering-workshop/venv/lib/python3.8/site-packages/airflow/example_dags/example_complex.py
[2022-08-29T19:53:54.501-0400] {processor.py:650} INFO - DAG(s) dict_keys(['example_complex']) retrieved from /Users/jl/Documents/Repos/GHC-2022-data-engineering-workshop/venv/lib/python3.8/site-packages/airflow/example_dags/example_complex.py
[2022-08-29T19:53:55.450-0400] {logging_mixin.py:115} INFO - [2022-08-29T19:53:55.450-0400] {manager.py:508} INFO - Created Permission View: can delete on DAG:example_complex
[2022-08-29T19:53:55.461-0400] {logging_mixin.py:115} INFO - [2022-08-29T19:53:55.461-0400] {manager.py:508} INFO - Created Permission View: can read on DAG:example_complex
[2022-08-29T19:53:55.468-0400] {logging_mixin.py:115} INFO - [2022-08-29T19:53:55.468-0400] {manager.py:508} INFO - Created Permission View: can edit on DAG:example_complex
[2022-08-29T19:53:55.469-0400] {logging_mixin.py:115} INFO - [2022-08-29T19:53:55.468-0400] {dag.py:2429} INFO - Sync 1 DAGs
[2022-08-29T19:53:55.478-0400] {logging_mixin.py:115} INFO - [2022-08-29T19:53:55.478-0400] {dag.py:2448} INFO - Creating ORM DAG for example_complex
[2022-08-29T19:53:55.489-0400] {logging_mixin.py:115} INFO - [2022-08-29T19:53:55.489-0400] {dag.py:2977} INFO - Setting next_dagrun for example_complex to None, run_after=None
[2022-08-29T19:53:55.505-0400] {processor.py:161} INFO - Processing /Users/jl/Documents/Repos/GHC-2022-data-engineering-workshop/venv/lib/python3.8/site-packages/airflow/example_dags/example_complex.py took 1.038 seconds
[2022-08-29T19:55:53.373-0400] {processor.py:153} INFO - Started process (PID=14116) to work on /Users/jl/Documents/Repos/GHC-2022-data-engineering-workshop/venv/lib/python3.8/site-packages/airflow/example_dags/example_complex.py
[2022-08-29T19:55:53.383-0400] {processor.py:640} INFO - Processing file /Users/jl/Documents/Repos/GHC-2022-data-engineering-workshop/venv/lib/python3.8/site-packages/airflow/example_dags/example_complex.py for tasks to queue
[2022-08-29T19:55:53.384-0400] {logging_mixin.py:115} INFO - [2022-08-29T19:55:53.384-0400] {dagbag.py:508} INFO - Filling up the DagBag from /Users/jl/Documents/Repos/GHC-2022-data-engineering-workshop/venv/lib/python3.8/site-packages/airflow/example_dags/example_complex.py
[2022-08-29T19:55:53.408-0400] {processor.py:650} INFO - DAG(s) dict_keys(['example_complex']) retrieved from /Users/jl/Documents/Repos/GHC-2022-data-engineering-workshop/venv/lib/python3.8/site-packages/airflow/example_dags/example_complex.py
[2022-08-29T19:55:53.490-0400] {logging_mixin.py:115} INFO - [2022-08-29T19:55:53.490-0400] {dag.py:2429} INFO - Sync 1 DAGs
[2022-08-29T19:55:53.507-0400] {logging_mixin.py:115} INFO - [2022-08-29T19:55:53.507-0400] {dag.py:2977} INFO - Setting next_dagrun for example_complex to None, run_after=None
[2022-08-29T19:55:53.522-0400] {processor.py:161} INFO - Processing /Users/jl/Documents/Repos/GHC-2022-data-engineering-workshop/venv/lib/python3.8/site-packages/airflow/example_dags/example_complex.py took 0.150 seconds
[2022-08-29T19:57:16.700-0400] {processor.py:153} INFO - Started process (PID=14195) to work on /Users/jl/Documents/Repos/GHC-2022-data-engineering-workshop/venv/lib/python3.8/site-packages/airflow/example_dags/example_complex.py
[2022-08-29T19:57:16.708-0400] {processor.py:640} INFO - Processing file /Users/jl/Documents/Repos/GHC-2022-data-engineering-workshop/venv/lib/python3.8/site-packages/airflow/example_dags/example_complex.py for tasks to queue
[2022-08-29T19:57:16.709-0400] {logging_mixin.py:115} INFO - [2022-08-29T19:57:16.709-0400] {dagbag.py:508} INFO - Filling up the DagBag from /Users/jl/Documents/Repos/GHC-2022-data-engineering-workshop/venv/lib/python3.8/site-packages/airflow/example_dags/example_complex.py
[2022-08-29T19:57:16.731-0400] {processor.py:650} INFO - DAG(s) dict_keys(['example_complex']) retrieved from /Users/jl/Documents/Repos/GHC-2022-data-engineering-workshop/venv/lib/python3.8/site-packages/airflow/example_dags/example_complex.py
[2022-08-29T19:57:16.815-0400] {logging_mixin.py:115} INFO - [2022-08-29T19:57:16.815-0400] {dag.py:2429} INFO - Sync 1 DAGs
[2022-08-29T19:57:16.832-0400] {logging_mixin.py:115} INFO - [2022-08-29T19:57:16.832-0400] {dag.py:2977} INFO - Setting next_dagrun for example_complex to None, run_after=None
[2022-08-29T19:57:16.847-0400] {processor.py:161} INFO - Processing /Users/jl/Documents/Repos/GHC-2022-data-engineering-workshop/venv/lib/python3.8/site-packages/airflow/example_dags/example_complex.py took 0.148 seconds
[2022-08-29T19:58:44.270-0400] {processor.py:153} INFO - Started process (PID=14279) to work on /Users/jl/Documents/Repos/GHC-2022-data-engineering-workshop/venv/lib/python3.8/site-packages/airflow/example_dags/example_complex.py
[2022-08-29T19:58:44.278-0400] {processor.py:640} INFO - Processing file /Users/jl/Documents/Repos/GHC-2022-data-engineering-workshop/venv/lib/python3.8/site-packages/airflow/example_dags/example_complex.py for tasks to queue
[2022-08-29T19:58:44.279-0400] {logging_mixin.py:115} INFO - [2022-08-29T19:58:44.279-0400] {dagbag.py:508} INFO - Filling up the DagBag from /Users/jl/Documents/Repos/GHC-2022-data-engineering-workshop/venv/lib/python3.8/site-packages/airflow/example_dags/example_complex.py
[2022-08-29T19:58:44.301-0400] {processor.py:650} INFO - DAG(s) dict_keys(['example_complex']) retrieved from /Users/jl/Documents/Repos/GHC-2022-data-engineering-workshop/venv/lib/python3.8/site-packages/airflow/example_dags/example_complex.py
[2022-08-29T19:58:44.385-0400] {logging_mixin.py:115} INFO - [2022-08-29T19:58:44.384-0400] {dag.py:2429} INFO - Sync 1 DAGs
[2022-08-29T19:58:44.402-0400] {logging_mixin.py:115} INFO - [2022-08-29T19:58:44.401-0400] {dag.py:2977} INFO - Setting next_dagrun for example_complex to None, run_after=None
[2022-08-29T19:58:44.417-0400] {processor.py:161} INFO - Processing /Users/jl/Documents/Repos/GHC-2022-data-engineering-workshop/venv/lib/python3.8/site-packages/airflow/example_dags/example_complex.py took 0.148 seconds
