[2022-08-29T19:54:16.593-0400] {processor.py:153} INFO - Started process (PID=14027) to work on /Users/jl/Documents/Repos/GHC-2022-data-engineering-workshop/venv/lib/python3.8/site-packages/airflow/example_dags/example_bash_operator.py
[2022-08-29T19:54:16.601-0400] {processor.py:640} INFO - Processing file /Users/jl/Documents/Repos/GHC-2022-data-engineering-workshop/venv/lib/python3.8/site-packages/airflow/example_dags/example_bash_operator.py for tasks to queue
[2022-08-29T19:54:16.602-0400] {logging_mixin.py:115} INFO - [2022-08-29T19:54:16.601-0400] {dagbag.py:508} INFO - Filling up the DagBag from /Users/jl/Documents/Repos/GHC-2022-data-engineering-workshop/venv/lib/python3.8/site-packages/airflow/example_dags/example_bash_operator.py
[2022-08-29T19:54:16.624-0400] {processor.py:650} INFO - DAG(s) dict_keys(['example_bash_operator']) retrieved from /Users/jl/Documents/Repos/GHC-2022-data-engineering-workshop/venv/lib/python3.8/site-packages/airflow/example_dags/example_bash_operator.py
[2022-08-29T19:54:17.579-0400] {logging_mixin.py:115} INFO - [2022-08-29T19:54:17.578-0400] {manager.py:508} INFO - Created Permission View: can delete on DAG:example_bash_operator
[2022-08-29T19:54:17.589-0400] {logging_mixin.py:115} INFO - [2022-08-29T19:54:17.589-0400] {manager.py:508} INFO - Created Permission View: can read on DAG:example_bash_operator
[2022-08-29T19:54:17.598-0400] {logging_mixin.py:115} INFO - [2022-08-29T19:54:17.598-0400] {manager.py:508} INFO - Created Permission View: can edit on DAG:example_bash_operator
[2022-08-29T19:54:17.599-0400] {logging_mixin.py:115} INFO - [2022-08-29T19:54:17.598-0400] {dag.py:2429} INFO - Sync 1 DAGs
[2022-08-29T19:54:17.610-0400] {logging_mixin.py:115} INFO - [2022-08-29T19:54:17.610-0400] {dag.py:2448} INFO - Creating ORM DAG for example_bash_operator
[2022-08-29T19:54:17.622-0400] {logging_mixin.py:115} INFO - [2022-08-29T19:54:17.622-0400] {dag.py:2977} INFO - Setting next_dagrun for example_bash_operator to 2022-08-28T00:00:00+00:00, run_after=2022-08-29T00:00:00+00:00
[2022-08-29T19:54:17.638-0400] {processor.py:161} INFO - Processing /Users/jl/Documents/Repos/GHC-2022-data-engineering-workshop/venv/lib/python3.8/site-packages/airflow/example_dags/example_bash_operator.py took 1.046 seconds
[2022-08-29T19:56:08.146-0400] {processor.py:153} INFO - Started process (PID=14130) to work on /Users/jl/Documents/Repos/GHC-2022-data-engineering-workshop/venv/lib/python3.8/site-packages/airflow/example_dags/example_bash_operator.py
[2022-08-29T19:56:08.155-0400] {processor.py:640} INFO - Processing file /Users/jl/Documents/Repos/GHC-2022-data-engineering-workshop/venv/lib/python3.8/site-packages/airflow/example_dags/example_bash_operator.py for tasks to queue
[2022-08-29T19:56:08.156-0400] {logging_mixin.py:115} INFO - [2022-08-29T19:56:08.156-0400] {dagbag.py:508} INFO - Filling up the DagBag from /Users/jl/Documents/Repos/GHC-2022-data-engineering-workshop/venv/lib/python3.8/site-packages/airflow/example_dags/example_bash_operator.py
[2022-08-29T19:56:08.179-0400] {processor.py:650} INFO - DAG(s) dict_keys(['example_bash_operator']) retrieved from /Users/jl/Documents/Repos/GHC-2022-data-engineering-workshop/venv/lib/python3.8/site-packages/airflow/example_dags/example_bash_operator.py
[2022-08-29T19:56:08.267-0400] {logging_mixin.py:115} INFO - [2022-08-29T19:56:08.267-0400] {dag.py:2429} INFO - Sync 1 DAGs
[2022-08-29T19:56:08.288-0400] {logging_mixin.py:115} INFO - [2022-08-29T19:56:08.288-0400] {dag.py:2977} INFO - Setting next_dagrun for example_bash_operator to 2022-08-28T00:00:00+00:00, run_after=2022-08-29T00:00:00+00:00
[2022-08-29T19:56:08.302-0400] {processor.py:161} INFO - Processing /Users/jl/Documents/Repos/GHC-2022-data-engineering-workshop/venv/lib/python3.8/site-packages/airflow/example_dags/example_bash_operator.py took 0.156 seconds
[2022-08-29T19:57:31.348-0400] {processor.py:153} INFO - Started process (PID=14211) to work on /Users/jl/Documents/Repos/GHC-2022-data-engineering-workshop/venv/lib/python3.8/site-packages/airflow/example_dags/example_bash_operator.py
[2022-08-29T19:57:31.356-0400] {processor.py:640} INFO - Processing file /Users/jl/Documents/Repos/GHC-2022-data-engineering-workshop/venv/lib/python3.8/site-packages/airflow/example_dags/example_bash_operator.py for tasks to queue
[2022-08-29T19:57:31.357-0400] {logging_mixin.py:115} INFO - [2022-08-29T19:57:31.357-0400] {dagbag.py:508} INFO - Filling up the DagBag from /Users/jl/Documents/Repos/GHC-2022-data-engineering-workshop/venv/lib/python3.8/site-packages/airflow/example_dags/example_bash_operator.py
[2022-08-29T19:57:31.377-0400] {processor.py:650} INFO - DAG(s) dict_keys(['example_bash_operator']) retrieved from /Users/jl/Documents/Repos/GHC-2022-data-engineering-workshop/venv/lib/python3.8/site-packages/airflow/example_dags/example_bash_operator.py
[2022-08-29T19:57:31.464-0400] {logging_mixin.py:115} INFO - [2022-08-29T19:57:31.464-0400] {dag.py:2429} INFO - Sync 1 DAGs
[2022-08-29T19:57:31.485-0400] {logging_mixin.py:115} INFO - [2022-08-29T19:57:31.485-0400] {dag.py:2977} INFO - Setting next_dagrun for example_bash_operator to 2022-08-28T00:00:00+00:00, run_after=2022-08-29T00:00:00+00:00
[2022-08-29T19:57:31.499-0400] {processor.py:161} INFO - Processing /Users/jl/Documents/Repos/GHC-2022-data-engineering-workshop/venv/lib/python3.8/site-packages/airflow/example_dags/example_bash_operator.py took 0.152 seconds
[2022-08-29T19:58:59.052-0400] {processor.py:153} INFO - Started process (PID=14293) to work on /Users/jl/Documents/Repos/GHC-2022-data-engineering-workshop/venv/lib/python3.8/site-packages/airflow/example_dags/example_bash_operator.py
[2022-08-29T19:58:59.060-0400] {processor.py:640} INFO - Processing file /Users/jl/Documents/Repos/GHC-2022-data-engineering-workshop/venv/lib/python3.8/site-packages/airflow/example_dags/example_bash_operator.py for tasks to queue
[2022-08-29T19:58:59.061-0400] {logging_mixin.py:115} INFO - [2022-08-29T19:58:59.061-0400] {dagbag.py:508} INFO - Filling up the DagBag from /Users/jl/Documents/Repos/GHC-2022-data-engineering-workshop/venv/lib/python3.8/site-packages/airflow/example_dags/example_bash_operator.py
[2022-08-29T19:58:59.081-0400] {processor.py:650} INFO - DAG(s) dict_keys(['example_bash_operator']) retrieved from /Users/jl/Documents/Repos/GHC-2022-data-engineering-workshop/venv/lib/python3.8/site-packages/airflow/example_dags/example_bash_operator.py
[2022-08-29T19:58:59.168-0400] {logging_mixin.py:115} INFO - [2022-08-29T19:58:59.168-0400] {dag.py:2429} INFO - Sync 1 DAGs
[2022-08-29T19:58:59.189-0400] {logging_mixin.py:115} INFO - [2022-08-29T19:58:59.189-0400] {dag.py:2977} INFO - Setting next_dagrun for example_bash_operator to 2022-08-28T00:00:00+00:00, run_after=2022-08-29T00:00:00+00:00
[2022-08-29T19:58:59.203-0400] {processor.py:161} INFO - Processing /Users/jl/Documents/Repos/GHC-2022-data-engineering-workshop/venv/lib/python3.8/site-packages/airflow/example_dags/example_bash_operator.py took 0.152 seconds
