[2022-08-29T19:54:00.956-0400] {processor.py:153} INFO - Started process (PID=14017) to work on /Users/jl/Documents/Repos/GHC-2022-data-engineering-workshop/venv/lib/python3.8/site-packages/airflow/example_dags/example_branch_operator_decorator.py
[2022-08-29T19:54:00.965-0400] {processor.py:640} INFO - Processing file /Users/jl/Documents/Repos/GHC-2022-data-engineering-workshop/venv/lib/python3.8/site-packages/airflow/example_dags/example_branch_operator_decorator.py for tasks to queue
[2022-08-29T19:54:00.965-0400] {logging_mixin.py:115} INFO - [2022-08-29T19:54:00.965-0400] {dagbag.py:508} INFO - Filling up the DagBag from /Users/jl/Documents/Repos/GHC-2022-data-engineering-workshop/venv/lib/python3.8/site-packages/airflow/example_dags/example_branch_operator_decorator.py
[2022-08-29T19:54:01.009-0400] {processor.py:650} INFO - DAG(s) dict_keys(['example_branch_python_operator_decorator']) retrieved from /Users/jl/Documents/Repos/GHC-2022-data-engineering-workshop/venv/lib/python3.8/site-packages/airflow/example_dags/example_branch_operator_decorator.py
[2022-08-29T19:54:01.939-0400] {logging_mixin.py:115} INFO - [2022-08-29T19:54:01.938-0400] {manager.py:508} INFO - Created Permission View: can read on DAG:example_branch_python_operator_decorator
[2022-08-29T19:54:01.950-0400] {logging_mixin.py:115} INFO - [2022-08-29T19:54:01.949-0400] {manager.py:508} INFO - Created Permission View: can delete on DAG:example_branch_python_operator_decorator
[2022-08-29T19:54:01.959-0400] {logging_mixin.py:115} INFO - [2022-08-29T19:54:01.959-0400] {manager.py:508} INFO - Created Permission View: can edit on DAG:example_branch_python_operator_decorator
[2022-08-29T19:54:01.959-0400] {logging_mixin.py:115} INFO - [2022-08-29T19:54:01.959-0400] {dag.py:2429} INFO - Sync 1 DAGs
[2022-08-29T19:54:01.970-0400] {logging_mixin.py:115} INFO - [2022-08-29T19:54:01.970-0400] {dag.py:2448} INFO - Creating ORM DAG for example_branch_python_operator_decorator
[2022-08-29T19:54:01.982-0400] {logging_mixin.py:115} INFO - [2022-08-29T19:54:01.981-0400] {dag.py:2977} INFO - Setting next_dagrun for example_branch_python_operator_decorator to 2022-08-28T00:00:00+00:00, run_after=2022-08-29T00:00:00+00:00
[2022-08-29T19:54:01.997-0400] {processor.py:161} INFO - Processing /Users/jl/Documents/Repos/GHC-2022-data-engineering-workshop/venv/lib/python3.8/site-packages/airflow/example_dags/example_branch_operator_decorator.py took 1.042 seconds
[2022-08-29T19:55:57.367-0400] {processor.py:153} INFO - Started process (PID=14120) to work on /Users/jl/Documents/Repos/GHC-2022-data-engineering-workshop/venv/lib/python3.8/site-packages/airflow/example_dags/example_branch_operator_decorator.py
[2022-08-29T19:55:57.377-0400] {processor.py:640} INFO - Processing file /Users/jl/Documents/Repos/GHC-2022-data-engineering-workshop/venv/lib/python3.8/site-packages/airflow/example_dags/example_branch_operator_decorator.py for tasks to queue
[2022-08-29T19:55:57.378-0400] {logging_mixin.py:115} INFO - [2022-08-29T19:55:57.378-0400] {dagbag.py:508} INFO - Filling up the DagBag from /Users/jl/Documents/Repos/GHC-2022-data-engineering-workshop/venv/lib/python3.8/site-packages/airflow/example_dags/example_branch_operator_decorator.py
[2022-08-29T19:55:57.421-0400] {processor.py:650} INFO - DAG(s) dict_keys(['example_branch_python_operator_decorator']) retrieved from /Users/jl/Documents/Repos/GHC-2022-data-engineering-workshop/venv/lib/python3.8/site-packages/airflow/example_dags/example_branch_operator_decorator.py
[2022-08-29T19:55:57.500-0400] {logging_mixin.py:115} INFO - [2022-08-29T19:55:57.500-0400] {dag.py:2429} INFO - Sync 1 DAGs
[2022-08-29T19:55:57.519-0400] {logging_mixin.py:115} INFO - [2022-08-29T19:55:57.519-0400] {dag.py:2977} INFO - Setting next_dagrun for example_branch_python_operator_decorator to 2022-08-28T00:00:00+00:00, run_after=2022-08-29T00:00:00+00:00
[2022-08-29T19:55:57.534-0400] {processor.py:161} INFO - Processing /Users/jl/Documents/Repos/GHC-2022-data-engineering-workshop/venv/lib/python3.8/site-packages/airflow/example_dags/example_branch_operator_decorator.py took 0.167 seconds
[2022-08-29T19:57:20.525-0400] {processor.py:153} INFO - Started process (PID=14199) to work on /Users/jl/Documents/Repos/GHC-2022-data-engineering-workshop/venv/lib/python3.8/site-packages/airflow/example_dags/example_branch_operator_decorator.py
[2022-08-29T19:57:20.533-0400] {processor.py:640} INFO - Processing file /Users/jl/Documents/Repos/GHC-2022-data-engineering-workshop/venv/lib/python3.8/site-packages/airflow/example_dags/example_branch_operator_decorator.py for tasks to queue
[2022-08-29T19:57:20.534-0400] {logging_mixin.py:115} INFO - [2022-08-29T19:57:20.534-0400] {dagbag.py:508} INFO - Filling up the DagBag from /Users/jl/Documents/Repos/GHC-2022-data-engineering-workshop/venv/lib/python3.8/site-packages/airflow/example_dags/example_branch_operator_decorator.py
[2022-08-29T19:57:20.575-0400] {processor.py:650} INFO - DAG(s) dict_keys(['example_branch_python_operator_decorator']) retrieved from /Users/jl/Documents/Repos/GHC-2022-data-engineering-workshop/venv/lib/python3.8/site-packages/airflow/example_dags/example_branch_operator_decorator.py
[2022-08-29T19:57:20.654-0400] {logging_mixin.py:115} INFO - [2022-08-29T19:57:20.653-0400] {dag.py:2429} INFO - Sync 1 DAGs
[2022-08-29T19:57:20.674-0400] {logging_mixin.py:115} INFO - [2022-08-29T19:57:20.674-0400] {dag.py:2977} INFO - Setting next_dagrun for example_branch_python_operator_decorator to 2022-08-28T00:00:00+00:00, run_after=2022-08-29T00:00:00+00:00
[2022-08-29T19:57:20.689-0400] {processor.py:161} INFO - Processing /Users/jl/Documents/Repos/GHC-2022-data-engineering-workshop/venv/lib/python3.8/site-packages/airflow/example_dags/example_branch_operator_decorator.py took 0.164 seconds
[2022-08-29T19:58:48.432-0400] {processor.py:153} INFO - Started process (PID=14283) to work on /Users/jl/Documents/Repos/GHC-2022-data-engineering-workshop/venv/lib/python3.8/site-packages/airflow/example_dags/example_branch_operator_decorator.py
[2022-08-29T19:58:48.440-0400] {processor.py:640} INFO - Processing file /Users/jl/Documents/Repos/GHC-2022-data-engineering-workshop/venv/lib/python3.8/site-packages/airflow/example_dags/example_branch_operator_decorator.py for tasks to queue
[2022-08-29T19:58:48.440-0400] {logging_mixin.py:115} INFO - [2022-08-29T19:58:48.440-0400] {dagbag.py:508} INFO - Filling up the DagBag from /Users/jl/Documents/Repos/GHC-2022-data-engineering-workshop/venv/lib/python3.8/site-packages/airflow/example_dags/example_branch_operator_decorator.py
[2022-08-29T19:58:48.482-0400] {processor.py:650} INFO - DAG(s) dict_keys(['example_branch_python_operator_decorator']) retrieved from /Users/jl/Documents/Repos/GHC-2022-data-engineering-workshop/venv/lib/python3.8/site-packages/airflow/example_dags/example_branch_operator_decorator.py
[2022-08-29T19:58:48.560-0400] {logging_mixin.py:115} INFO - [2022-08-29T19:58:48.560-0400] {dag.py:2429} INFO - Sync 1 DAGs
[2022-08-29T19:58:48.579-0400] {logging_mixin.py:115} INFO - [2022-08-29T19:58:48.579-0400] {dag.py:2977} INFO - Setting next_dagrun for example_branch_python_operator_decorator to 2022-08-28T00:00:00+00:00, run_after=2022-08-29T00:00:00+00:00
[2022-08-29T19:58:48.594-0400] {processor.py:161} INFO - Processing /Users/jl/Documents/Repos/GHC-2022-data-engineering-workshop/venv/lib/python3.8/site-packages/airflow/example_dags/example_branch_operator_decorator.py took 0.163 seconds
