[2022-08-29T19:52:42.287-0400] {processor.py:153} INFO - Started process (PID=13964) to work on /Users/jl/Documents/Repos/GHC-2022-data-engineering-workshop/venv/lib/python3.8/site-packages/airflow/example_dags/tutorial_taskflow_api_etl.py
[2022-08-29T19:52:42.295-0400] {processor.py:640} INFO - Processing file /Users/jl/Documents/Repos/GHC-2022-data-engineering-workshop/venv/lib/python3.8/site-packages/airflow/example_dags/tutorial_taskflow_api_etl.py for tasks to queue
[2022-08-29T19:52:42.295-0400] {logging_mixin.py:115} INFO - [2022-08-29T19:52:42.295-0400] {dagbag.py:508} INFO - Filling up the DagBag from /Users/jl/Documents/Repos/GHC-2022-data-engineering-workshop/venv/lib/python3.8/site-packages/airflow/example_dags/tutorial_taskflow_api_etl.py
[2022-08-29T19:52:42.340-0400] {processor.py:650} INFO - DAG(s) dict_keys(['tutorial_taskflow_api_etl']) retrieved from /Users/jl/Documents/Repos/GHC-2022-data-engineering-workshop/venv/lib/python3.8/site-packages/airflow/example_dags/tutorial_taskflow_api_etl.py
[2022-08-29T19:52:43.314-0400] {logging_mixin.py:115} INFO - [2022-08-29T19:52:43.314-0400] {manager.py:508} INFO - Created Permission View: can delete on DAG:tutorial_taskflow_api_etl
[2022-08-29T19:52:43.324-0400] {logging_mixin.py:115} INFO - [2022-08-29T19:52:43.324-0400] {manager.py:508} INFO - Created Permission View: can edit on DAG:tutorial_taskflow_api_etl
[2022-08-29T19:52:43.333-0400] {logging_mixin.py:115} INFO - [2022-08-29T19:52:43.332-0400] {manager.py:508} INFO - Created Permission View: can read on DAG:tutorial_taskflow_api_etl
[2022-08-29T19:52:43.333-0400] {logging_mixin.py:115} INFO - [2022-08-29T19:52:43.333-0400] {dag.py:2429} INFO - Sync 1 DAGs
[2022-08-29T19:52:43.344-0400] {logging_mixin.py:115} INFO - [2022-08-29T19:52:43.343-0400] {dag.py:2448} INFO - Creating ORM DAG for tutorial_taskflow_api_etl
[2022-08-29T19:52:43.353-0400] {logging_mixin.py:115} INFO - [2022-08-29T19:52:43.353-0400] {dag.py:2977} INFO - Setting next_dagrun for tutorial_taskflow_api_etl to None, run_after=None
[2022-08-29T19:52:43.369-0400] {processor.py:161} INFO - Processing /Users/jl/Documents/Repos/GHC-2022-data-engineering-workshop/venv/lib/python3.8/site-packages/airflow/example_dags/tutorial_taskflow_api_etl.py took 1.084 seconds
[2022-08-29T19:54:28.595-0400] {processor.py:153} INFO - Started process (PID=14035) to work on /Users/jl/Documents/Repos/GHC-2022-data-engineering-workshop/venv/lib/python3.8/site-packages/airflow/example_dags/tutorial_taskflow_api_etl.py
[2022-08-29T19:54:28.605-0400] {processor.py:640} INFO - Processing file /Users/jl/Documents/Repos/GHC-2022-data-engineering-workshop/venv/lib/python3.8/site-packages/airflow/example_dags/tutorial_taskflow_api_etl.py for tasks to queue
[2022-08-29T19:54:28.606-0400] {logging_mixin.py:115} INFO - [2022-08-29T19:54:28.606-0400] {dagbag.py:508} INFO - Filling up the DagBag from /Users/jl/Documents/Repos/GHC-2022-data-engineering-workshop/venv/lib/python3.8/site-packages/airflow/example_dags/tutorial_taskflow_api_etl.py
[2022-08-29T19:54:28.647-0400] {processor.py:650} INFO - DAG(s) dict_keys(['tutorial_taskflow_api_etl']) retrieved from /Users/jl/Documents/Repos/GHC-2022-data-engineering-workshop/venv/lib/python3.8/site-packages/airflow/example_dags/tutorial_taskflow_api_etl.py
[2022-08-29T19:54:29.861-0400] {logging_mixin.py:115} INFO - [2022-08-29T19:54:29.861-0400] {dag.py:2429} INFO - Sync 1 DAGs
[2022-08-29T19:54:29.885-0400] {logging_mixin.py:115} INFO - [2022-08-29T19:54:29.884-0400] {dag.py:2977} INFO - Setting next_dagrun for tutorial_taskflow_api_etl to None, run_after=None
[2022-08-29T19:54:29.907-0400] {processor.py:161} INFO - Processing /Users/jl/Documents/Repos/GHC-2022-data-engineering-workshop/venv/lib/python3.8/site-packages/airflow/example_dags/tutorial_taskflow_api_etl.py took 1.312 seconds
[2022-08-29T19:55:30.104-0400] {processor.py:153} INFO - Started process (PID=14096) to work on /Users/jl/Documents/Repos/GHC-2022-data-engineering-workshop/venv/lib/python3.8/site-packages/airflow/example_dags/tutorial_taskflow_api_etl.py
[2022-08-29T19:55:30.114-0400] {processor.py:640} INFO - Processing file /Users/jl/Documents/Repos/GHC-2022-data-engineering-workshop/venv/lib/python3.8/site-packages/airflow/example_dags/tutorial_taskflow_api_etl.py for tasks to queue
[2022-08-29T19:55:30.115-0400] {logging_mixin.py:115} INFO - [2022-08-29T19:55:30.115-0400] {dagbag.py:508} INFO - Filling up the DagBag from /Users/jl/Documents/Repos/GHC-2022-data-engineering-workshop/venv/lib/python3.8/site-packages/airflow/example_dags/tutorial_taskflow_api_etl.py
[2022-08-29T19:55:30.154-0400] {processor.py:650} INFO - DAG(s) dict_keys(['tutorial_taskflow_api_etl']) retrieved from /Users/jl/Documents/Repos/GHC-2022-data-engineering-workshop/venv/lib/python3.8/site-packages/airflow/example_dags/tutorial_taskflow_api_etl.py
[2022-08-29T19:55:30.872-0400] {logging_mixin.py:115} INFO - [2022-08-29T19:55:30.871-0400] {dag.py:2429} INFO - Sync 1 DAGs
[2022-08-29T19:55:30.890-0400] {logging_mixin.py:115} INFO - [2022-08-29T19:55:30.890-0400] {dag.py:2977} INFO - Setting next_dagrun for tutorial_taskflow_api_etl to None, run_after=None
[2022-08-29T19:55:30.906-0400] {processor.py:161} INFO - Processing /Users/jl/Documents/Repos/GHC-2022-data-engineering-workshop/venv/lib/python3.8/site-packages/airflow/example_dags/tutorial_taskflow_api_etl.py took 0.803 seconds
[2022-08-29T19:56:16.075-0400] {processor.py:153} INFO - Started process (PID=14138) to work on /Users/jl/Documents/Repos/GHC-2022-data-engineering-workshop/venv/lib/python3.8/site-packages/airflow/example_dags/tutorial_taskflow_api_etl.py
[2022-08-29T19:56:16.083-0400] {processor.py:640} INFO - Processing file /Users/jl/Documents/Repos/GHC-2022-data-engineering-workshop/venv/lib/python3.8/site-packages/airflow/example_dags/tutorial_taskflow_api_etl.py for tasks to queue
[2022-08-29T19:56:16.084-0400] {logging_mixin.py:115} INFO - [2022-08-29T19:56:16.084-0400] {dagbag.py:508} INFO - Filling up the DagBag from /Users/jl/Documents/Repos/GHC-2022-data-engineering-workshop/venv/lib/python3.8/site-packages/airflow/example_dags/tutorial_taskflow_api_etl.py
[2022-08-29T19:56:16.122-0400] {processor.py:650} INFO - DAG(s) dict_keys(['tutorial_taskflow_api_etl']) retrieved from /Users/jl/Documents/Repos/GHC-2022-data-engineering-workshop/venv/lib/python3.8/site-packages/airflow/example_dags/tutorial_taskflow_api_etl.py
[2022-08-29T19:56:16.839-0400] {logging_mixin.py:115} INFO - [2022-08-29T19:56:16.839-0400] {dag.py:2429} INFO - Sync 1 DAGs
[2022-08-29T19:56:16.858-0400] {logging_mixin.py:115} INFO - [2022-08-29T19:56:16.857-0400] {dag.py:2977} INFO - Setting next_dagrun for tutorial_taskflow_api_etl to None, run_after=None
[2022-08-29T19:56:16.873-0400] {processor.py:161} INFO - Processing /Users/jl/Documents/Repos/GHC-2022-data-engineering-workshop/venv/lib/python3.8/site-packages/airflow/example_dags/tutorial_taskflow_api_etl.py took 0.800 seconds
[2022-08-29T19:56:58.173-0400] {processor.py:153} INFO - Started process (PID=14179) to work on /Users/jl/Documents/Repos/GHC-2022-data-engineering-workshop/venv/lib/python3.8/site-packages/airflow/example_dags/tutorial_taskflow_api_etl.py
[2022-08-29T19:56:58.181-0400] {processor.py:640} INFO - Processing file /Users/jl/Documents/Repos/GHC-2022-data-engineering-workshop/venv/lib/python3.8/site-packages/airflow/example_dags/tutorial_taskflow_api_etl.py for tasks to queue
[2022-08-29T19:56:58.181-0400] {logging_mixin.py:115} INFO - [2022-08-29T19:56:58.181-0400] {dagbag.py:508} INFO - Filling up the DagBag from /Users/jl/Documents/Repos/GHC-2022-data-engineering-workshop/venv/lib/python3.8/site-packages/airflow/example_dags/tutorial_taskflow_api_etl.py
[2022-08-29T19:56:58.219-0400] {processor.py:650} INFO - DAG(s) dict_keys(['tutorial_taskflow_api_etl']) retrieved from /Users/jl/Documents/Repos/GHC-2022-data-engineering-workshop/venv/lib/python3.8/site-packages/airflow/example_dags/tutorial_taskflow_api_etl.py
[2022-08-29T19:56:58.936-0400] {logging_mixin.py:115} INFO - [2022-08-29T19:56:58.935-0400] {dag.py:2429} INFO - Sync 1 DAGs
[2022-08-29T19:56:58.956-0400] {logging_mixin.py:115} INFO - [2022-08-29T19:56:58.956-0400] {dag.py:2977} INFO - Setting next_dagrun for tutorial_taskflow_api_etl to None, run_after=None
[2022-08-29T19:56:58.973-0400] {processor.py:161} INFO - Processing /Users/jl/Documents/Repos/GHC-2022-data-engineering-workshop/venv/lib/python3.8/site-packages/airflow/example_dags/tutorial_taskflow_api_etl.py took 0.801 seconds
[2022-08-29T19:57:40.278-0400] {processor.py:153} INFO - Started process (PID=14219) to work on /Users/jl/Documents/Repos/GHC-2022-data-engineering-workshop/venv/lib/python3.8/site-packages/airflow/example_dags/tutorial_taskflow_api_etl.py
[2022-08-29T19:57:40.286-0400] {processor.py:640} INFO - Processing file /Users/jl/Documents/Repos/GHC-2022-data-engineering-workshop/venv/lib/python3.8/site-packages/airflow/example_dags/tutorial_taskflow_api_etl.py for tasks to queue
[2022-08-29T19:57:40.287-0400] {logging_mixin.py:115} INFO - [2022-08-29T19:57:40.286-0400] {dagbag.py:508} INFO - Filling up the DagBag from /Users/jl/Documents/Repos/GHC-2022-data-engineering-workshop/venv/lib/python3.8/site-packages/airflow/example_dags/tutorial_taskflow_api_etl.py
[2022-08-29T19:57:40.325-0400] {processor.py:650} INFO - DAG(s) dict_keys(['tutorial_taskflow_api_etl']) retrieved from /Users/jl/Documents/Repos/GHC-2022-data-engineering-workshop/venv/lib/python3.8/site-packages/airflow/example_dags/tutorial_taskflow_api_etl.py
[2022-08-29T19:57:41.045-0400] {logging_mixin.py:115} INFO - [2022-08-29T19:57:41.044-0400] {dag.py:2429} INFO - Sync 1 DAGs
[2022-08-29T19:57:41.063-0400] {logging_mixin.py:115} INFO - [2022-08-29T19:57:41.063-0400] {dag.py:2977} INFO - Setting next_dagrun for tutorial_taskflow_api_etl to None, run_after=None
[2022-08-29T19:57:41.079-0400] {processor.py:161} INFO - Processing /Users/jl/Documents/Repos/GHC-2022-data-engineering-workshop/venv/lib/python3.8/site-packages/airflow/example_dags/tutorial_taskflow_api_etl.py took 0.802 seconds
[2022-08-29T19:58:22.414-0400] {processor.py:153} INFO - Started process (PID=14260) to work on /Users/jl/Documents/Repos/GHC-2022-data-engineering-workshop/venv/lib/python3.8/site-packages/airflow/example_dags/tutorial_taskflow_api_etl.py
[2022-08-29T19:58:22.422-0400] {processor.py:640} INFO - Processing file /Users/jl/Documents/Repos/GHC-2022-data-engineering-workshop/venv/lib/python3.8/site-packages/airflow/example_dags/tutorial_taskflow_api_etl.py for tasks to queue
[2022-08-29T19:58:22.422-0400] {logging_mixin.py:115} INFO - [2022-08-29T19:58:22.422-0400] {dagbag.py:508} INFO - Filling up the DagBag from /Users/jl/Documents/Repos/GHC-2022-data-engineering-workshop/venv/lib/python3.8/site-packages/airflow/example_dags/tutorial_taskflow_api_etl.py
[2022-08-29T19:58:22.460-0400] {processor.py:650} INFO - DAG(s) dict_keys(['tutorial_taskflow_api_etl']) retrieved from /Users/jl/Documents/Repos/GHC-2022-data-engineering-workshop/venv/lib/python3.8/site-packages/airflow/example_dags/tutorial_taskflow_api_etl.py
[2022-08-29T19:58:23.181-0400] {logging_mixin.py:115} INFO - [2022-08-29T19:58:23.180-0400] {dag.py:2429} INFO - Sync 1 DAGs
[2022-08-29T19:58:23.199-0400] {logging_mixin.py:115} INFO - [2022-08-29T19:58:23.199-0400] {dag.py:2977} INFO - Setting next_dagrun for tutorial_taskflow_api_etl to None, run_after=None
[2022-08-29T19:58:23.216-0400] {processor.py:161} INFO - Processing /Users/jl/Documents/Repos/GHC-2022-data-engineering-workshop/venv/lib/python3.8/site-packages/airflow/example_dags/tutorial_taskflow_api_etl.py took 0.803 seconds
[2022-08-29T19:59:08.213-0400] {processor.py:153} INFO - Started process (PID=14301) to work on /Users/jl/Documents/Repos/GHC-2022-data-engineering-workshop/venv/lib/python3.8/site-packages/airflow/example_dags/tutorial_taskflow_api_etl.py
[2022-08-29T19:59:08.221-0400] {processor.py:640} INFO - Processing file /Users/jl/Documents/Repos/GHC-2022-data-engineering-workshop/venv/lib/python3.8/site-packages/airflow/example_dags/tutorial_taskflow_api_etl.py for tasks to queue
[2022-08-29T19:59:08.222-0400] {logging_mixin.py:115} INFO - [2022-08-29T19:59:08.222-0400] {dagbag.py:508} INFO - Filling up the DagBag from /Users/jl/Documents/Repos/GHC-2022-data-engineering-workshop/venv/lib/python3.8/site-packages/airflow/example_dags/tutorial_taskflow_api_etl.py
[2022-08-29T19:59:08.261-0400] {processor.py:650} INFO - DAG(s) dict_keys(['tutorial_taskflow_api_etl']) retrieved from /Users/jl/Documents/Repos/GHC-2022-data-engineering-workshop/venv/lib/python3.8/site-packages/airflow/example_dags/tutorial_taskflow_api_etl.py
[2022-08-29T19:59:08.976-0400] {logging_mixin.py:115} INFO - [2022-08-29T19:59:08.976-0400] {dag.py:2429} INFO - Sync 1 DAGs
[2022-08-29T19:59:08.995-0400] {logging_mixin.py:115} INFO - [2022-08-29T19:59:08.995-0400] {dag.py:2977} INFO - Setting next_dagrun for tutorial_taskflow_api_etl to None, run_after=None
[2022-08-29T19:59:09.011-0400] {processor.py:161} INFO - Processing /Users/jl/Documents/Repos/GHC-2022-data-engineering-workshop/venv/lib/python3.8/site-packages/airflow/example_dags/tutorial_taskflow_api_etl.py took 0.799 seconds
[2022-08-29T19:59:52.990-0400] {processor.py:153} INFO - Started process (PID=14341) to work on /Users/jl/Documents/Repos/GHC-2022-data-engineering-workshop/venv/lib/python3.8/site-packages/airflow/example_dags/tutorial_taskflow_api_etl.py
[2022-08-29T19:59:52.998-0400] {processor.py:640} INFO - Processing file /Users/jl/Documents/Repos/GHC-2022-data-engineering-workshop/venv/lib/python3.8/site-packages/airflow/example_dags/tutorial_taskflow_api_etl.py for tasks to queue
[2022-08-29T19:59:52.999-0400] {logging_mixin.py:115} INFO - [2022-08-29T19:59:52.999-0400] {dagbag.py:508} INFO - Filling up the DagBag from /Users/jl/Documents/Repos/GHC-2022-data-engineering-workshop/venv/lib/python3.8/site-packages/airflow/example_dags/tutorial_taskflow_api_etl.py
[2022-08-29T19:59:53.037-0400] {processor.py:650} INFO - DAG(s) dict_keys(['tutorial_taskflow_api_etl']) retrieved from /Users/jl/Documents/Repos/GHC-2022-data-engineering-workshop/venv/lib/python3.8/site-packages/airflow/example_dags/tutorial_taskflow_api_etl.py
[2022-08-29T19:59:53.760-0400] {logging_mixin.py:115} INFO - [2022-08-29T19:59:53.759-0400] {dag.py:2429} INFO - Sync 1 DAGs
[2022-08-29T19:59:53.778-0400] {logging_mixin.py:115} INFO - [2022-08-29T19:59:53.778-0400] {dag.py:2977} INFO - Setting next_dagrun for tutorial_taskflow_api_etl to None, run_after=None
[2022-08-29T19:59:53.793-0400] {processor.py:161} INFO - Processing /Users/jl/Documents/Repos/GHC-2022-data-engineering-workshop/venv/lib/python3.8/site-packages/airflow/example_dags/tutorial_taskflow_api_etl.py took 0.804 seconds
