[2022-08-29T19:52:49.491-0400] {processor.py:153} INFO - Started process (PID=13968) to work on /Users/jl/Documents/Repos/GHC-2022-data-engineering-workshop/venv/lib/python3.8/site-packages/airflow/example_dags/tutorial.py
[2022-08-29T19:52:49.499-0400] {processor.py:640} INFO - Processing file /Users/jl/Documents/Repos/GHC-2022-data-engineering-workshop/venv/lib/python3.8/site-packages/airflow/example_dags/tutorial.py for tasks to queue
[2022-08-29T19:52:49.500-0400] {logging_mixin.py:115} INFO - [2022-08-29T19:52:49.499-0400] {dagbag.py:508} INFO - Filling up the DagBag from /Users/jl/Documents/Repos/GHC-2022-data-engineering-workshop/venv/lib/python3.8/site-packages/airflow/example_dags/tutorial.py
[2022-08-29T19:52:49.518-0400] {processor.py:650} INFO - DAG(s) dict_keys(['tutorial']) retrieved from /Users/jl/Documents/Repos/GHC-2022-data-engineering-workshop/venv/lib/python3.8/site-packages/airflow/example_dags/tutorial.py
[2022-08-29T19:52:50.507-0400] {logging_mixin.py:115} INFO - [2022-08-29T19:52:50.507-0400] {manager.py:508} INFO - Created Permission View: can delete on DAG:tutorial
[2022-08-29T19:52:50.518-0400] {logging_mixin.py:115} INFO - [2022-08-29T19:52:50.518-0400] {manager.py:508} INFO - Created Permission View: can edit on DAG:tutorial
[2022-08-29T19:52:50.526-0400] {logging_mixin.py:115} INFO - [2022-08-29T19:52:50.526-0400] {manager.py:508} INFO - Created Permission View: can read on DAG:tutorial
[2022-08-29T19:52:50.527-0400] {logging_mixin.py:115} INFO - [2022-08-29T19:52:50.526-0400] {dag.py:2429} INFO - Sync 1 DAGs
[2022-08-29T19:52:50.539-0400] {logging_mixin.py:115} INFO - [2022-08-29T19:52:50.539-0400] {dag.py:2448} INFO - Creating ORM DAG for tutorial
[2022-08-29T19:52:50.551-0400] {logging_mixin.py:115} INFO - [2022-08-29T19:52:50.550-0400] {dag.py:2977} INFO - Setting next_dagrun for tutorial to 2022-08-28T23:52:50.550641+00:00, run_after=2022-08-29T23:52:50.550641+00:00
[2022-08-29T19:52:50.566-0400] {processor.py:161} INFO - Processing /Users/jl/Documents/Repos/GHC-2022-data-engineering-workshop/venv/lib/python3.8/site-packages/airflow/example_dags/tutorial.py took 1.077 seconds
[2022-08-29T19:54:36.403-0400] {processor.py:153} INFO - Started process (PID=14044) to work on /Users/jl/Documents/Repos/GHC-2022-data-engineering-workshop/venv/lib/python3.8/site-packages/airflow/example_dags/tutorial.py
[2022-08-29T19:54:36.413-0400] {processor.py:640} INFO - Processing file /Users/jl/Documents/Repos/GHC-2022-data-engineering-workshop/venv/lib/python3.8/site-packages/airflow/example_dags/tutorial.py for tasks to queue
[2022-08-29T19:54:36.414-0400] {logging_mixin.py:115} INFO - [2022-08-29T19:54:36.414-0400] {dagbag.py:508} INFO - Filling up the DagBag from /Users/jl/Documents/Repos/GHC-2022-data-engineering-workshop/venv/lib/python3.8/site-packages/airflow/example_dags/tutorial.py
[2022-08-29T19:54:36.434-0400] {processor.py:650} INFO - DAG(s) dict_keys(['tutorial']) retrieved from /Users/jl/Documents/Repos/GHC-2022-data-engineering-workshop/venv/lib/python3.8/site-packages/airflow/example_dags/tutorial.py
[2022-08-29T19:54:36.564-0400] {logging_mixin.py:115} INFO - [2022-08-29T19:54:36.564-0400] {dag.py:2429} INFO - Sync 1 DAGs
[2022-08-29T19:54:36.586-0400] {logging_mixin.py:115} INFO - [2022-08-29T19:54:36.586-0400] {dag.py:2977} INFO - Setting next_dagrun for tutorial to 2022-08-28T23:54:36.586170+00:00, run_after=2022-08-29T23:54:36.586170+00:00
[2022-08-29T19:54:36.603-0400] {processor.py:161} INFO - Processing /Users/jl/Documents/Repos/GHC-2022-data-engineering-workshop/venv/lib/python3.8/site-packages/airflow/example_dags/tutorial.py took 0.201 seconds
[2022-08-29T19:55:35.392-0400] {processor.py:153} INFO - Started process (PID=14100) to work on /Users/jl/Documents/Repos/GHC-2022-data-engineering-workshop/venv/lib/python3.8/site-packages/airflow/example_dags/tutorial.py
[2022-08-29T19:55:35.402-0400] {processor.py:640} INFO - Processing file /Users/jl/Documents/Repos/GHC-2022-data-engineering-workshop/venv/lib/python3.8/site-packages/airflow/example_dags/tutorial.py for tasks to queue
[2022-08-29T19:55:35.403-0400] {logging_mixin.py:115} INFO - [2022-08-29T19:55:35.403-0400] {dagbag.py:508} INFO - Filling up the DagBag from /Users/jl/Documents/Repos/GHC-2022-data-engineering-workshop/venv/lib/python3.8/site-packages/airflow/example_dags/tutorial.py
[2022-08-29T19:55:35.418-0400] {processor.py:650} INFO - DAG(s) dict_keys(['tutorial']) retrieved from /Users/jl/Documents/Repos/GHC-2022-data-engineering-workshop/venv/lib/python3.8/site-packages/airflow/example_dags/tutorial.py
[2022-08-29T19:55:35.495-0400] {logging_mixin.py:115} INFO - [2022-08-29T19:55:35.495-0400] {dag.py:2429} INFO - Sync 1 DAGs
[2022-08-29T19:55:35.513-0400] {logging_mixin.py:115} INFO - [2022-08-29T19:55:35.513-0400] {dag.py:2977} INFO - Setting next_dagrun for tutorial to 2022-08-28T23:55:35.512929+00:00, run_after=2022-08-29T23:55:35.512929+00:00
[2022-08-29T19:55:35.530-0400] {processor.py:161} INFO - Processing /Users/jl/Documents/Repos/GHC-2022-data-engineering-workshop/venv/lib/python3.8/site-packages/airflow/example_dags/tutorial.py took 0.138 seconds
[2022-08-29T19:56:21.312-0400] {processor.py:153} INFO - Started process (PID=14143) to work on /Users/jl/Documents/Repos/GHC-2022-data-engineering-workshop/venv/lib/python3.8/site-packages/airflow/example_dags/tutorial.py
[2022-08-29T19:56:21.320-0400] {processor.py:640} INFO - Processing file /Users/jl/Documents/Repos/GHC-2022-data-engineering-workshop/venv/lib/python3.8/site-packages/airflow/example_dags/tutorial.py for tasks to queue
[2022-08-29T19:56:21.320-0400] {logging_mixin.py:115} INFO - [2022-08-29T19:56:21.320-0400] {dagbag.py:508} INFO - Filling up the DagBag from /Users/jl/Documents/Repos/GHC-2022-data-engineering-workshop/venv/lib/python3.8/site-packages/airflow/example_dags/tutorial.py
[2022-08-29T19:56:21.334-0400] {processor.py:650} INFO - DAG(s) dict_keys(['tutorial']) retrieved from /Users/jl/Documents/Repos/GHC-2022-data-engineering-workshop/venv/lib/python3.8/site-packages/airflow/example_dags/tutorial.py
[2022-08-29T19:56:21.415-0400] {logging_mixin.py:115} INFO - [2022-08-29T19:56:21.414-0400] {dag.py:2429} INFO - Sync 1 DAGs
[2022-08-29T19:56:21.432-0400] {logging_mixin.py:115} INFO - [2022-08-29T19:56:21.432-0400] {dag.py:2977} INFO - Setting next_dagrun for tutorial to 2022-08-28T23:56:21.432080+00:00, run_after=2022-08-29T23:56:21.432080+00:00
[2022-08-29T19:56:21.448-0400] {processor.py:161} INFO - Processing /Users/jl/Documents/Repos/GHC-2022-data-engineering-workshop/venv/lib/python3.8/site-packages/airflow/example_dags/tutorial.py took 0.137 seconds
[2022-08-29T19:57:44.277-0400] {processor.py:153} INFO - Started process (PID=14224) to work on /Users/jl/Documents/Repos/GHC-2022-data-engineering-workshop/venv/lib/python3.8/site-packages/airflow/example_dags/tutorial.py
[2022-08-29T19:57:44.285-0400] {processor.py:640} INFO - Processing file /Users/jl/Documents/Repos/GHC-2022-data-engineering-workshop/venv/lib/python3.8/site-packages/airflow/example_dags/tutorial.py for tasks to queue
[2022-08-29T19:57:44.285-0400] {logging_mixin.py:115} INFO - [2022-08-29T19:57:44.285-0400] {dagbag.py:508} INFO - Filling up the DagBag from /Users/jl/Documents/Repos/GHC-2022-data-engineering-workshop/venv/lib/python3.8/site-packages/airflow/example_dags/tutorial.py
[2022-08-29T19:57:44.301-0400] {processor.py:650} INFO - DAG(s) dict_keys(['tutorial']) retrieved from /Users/jl/Documents/Repos/GHC-2022-data-engineering-workshop/venv/lib/python3.8/site-packages/airflow/example_dags/tutorial.py
[2022-08-29T19:57:44.379-0400] {logging_mixin.py:115} INFO - [2022-08-29T19:57:44.379-0400] {dag.py:2429} INFO - Sync 1 DAGs
[2022-08-29T19:57:44.397-0400] {logging_mixin.py:115} INFO - [2022-08-29T19:57:44.397-0400] {dag.py:2977} INFO - Setting next_dagrun for tutorial to 2022-08-28T23:57:44.396906+00:00, run_after=2022-08-29T23:57:44.396906+00:00
[2022-08-29T19:57:44.413-0400] {processor.py:161} INFO - Processing /Users/jl/Documents/Repos/GHC-2022-data-engineering-workshop/venv/lib/python3.8/site-packages/airflow/example_dags/tutorial.py took 0.137 seconds
[2022-08-29T19:58:27.119-0400] {processor.py:153} INFO - Started process (PID=14264) to work on /Users/jl/Documents/Repos/GHC-2022-data-engineering-workshop/venv/lib/python3.8/site-packages/airflow/example_dags/tutorial.py
[2022-08-29T19:58:27.127-0400] {processor.py:640} INFO - Processing file /Users/jl/Documents/Repos/GHC-2022-data-engineering-workshop/venv/lib/python3.8/site-packages/airflow/example_dags/tutorial.py for tasks to queue
[2022-08-29T19:58:27.128-0400] {logging_mixin.py:115} INFO - [2022-08-29T19:58:27.127-0400] {dagbag.py:508} INFO - Filling up the DagBag from /Users/jl/Documents/Repos/GHC-2022-data-engineering-workshop/venv/lib/python3.8/site-packages/airflow/example_dags/tutorial.py
[2022-08-29T19:58:27.143-0400] {processor.py:650} INFO - DAG(s) dict_keys(['tutorial']) retrieved from /Users/jl/Documents/Repos/GHC-2022-data-engineering-workshop/venv/lib/python3.8/site-packages/airflow/example_dags/tutorial.py
[2022-08-29T19:58:27.220-0400] {logging_mixin.py:115} INFO - [2022-08-29T19:58:27.219-0400] {dag.py:2429} INFO - Sync 1 DAGs
[2022-08-29T19:58:27.237-0400] {logging_mixin.py:115} INFO - [2022-08-29T19:58:27.236-0400] {dag.py:2977} INFO - Setting next_dagrun for tutorial to 2022-08-28T23:58:27.236674+00:00, run_after=2022-08-29T23:58:27.236674+00:00
[2022-08-29T19:58:27.253-0400] {processor.py:161} INFO - Processing /Users/jl/Documents/Repos/GHC-2022-data-engineering-workshop/venv/lib/python3.8/site-packages/airflow/example_dags/tutorial.py took 0.135 seconds
[2022-08-29T19:59:12.599-0400] {processor.py:153} INFO - Started process (PID=14305) to work on /Users/jl/Documents/Repos/GHC-2022-data-engineering-workshop/venv/lib/python3.8/site-packages/airflow/example_dags/tutorial.py
[2022-08-29T19:59:12.607-0400] {processor.py:640} INFO - Processing file /Users/jl/Documents/Repos/GHC-2022-data-engineering-workshop/venv/lib/python3.8/site-packages/airflow/example_dags/tutorial.py for tasks to queue
[2022-08-29T19:59:12.608-0400] {logging_mixin.py:115} INFO - [2022-08-29T19:59:12.607-0400] {dagbag.py:508} INFO - Filling up the DagBag from /Users/jl/Documents/Repos/GHC-2022-data-engineering-workshop/venv/lib/python3.8/site-packages/airflow/example_dags/tutorial.py
[2022-08-29T19:59:12.621-0400] {processor.py:650} INFO - DAG(s) dict_keys(['tutorial']) retrieved from /Users/jl/Documents/Repos/GHC-2022-data-engineering-workshop/venv/lib/python3.8/site-packages/airflow/example_dags/tutorial.py
[2022-08-29T19:59:12.698-0400] {logging_mixin.py:115} INFO - [2022-08-29T19:59:12.698-0400] {dag.py:2429} INFO - Sync 1 DAGs
[2022-08-29T19:59:12.716-0400] {logging_mixin.py:115} INFO - [2022-08-29T19:59:12.715-0400] {dag.py:2977} INFO - Setting next_dagrun for tutorial to 2022-08-28T23:59:12.715808+00:00, run_after=2022-08-29T23:59:12.715808+00:00
[2022-08-29T19:59:12.732-0400] {processor.py:161} INFO - Processing /Users/jl/Documents/Repos/GHC-2022-data-engineering-workshop/venv/lib/python3.8/site-packages/airflow/example_dags/tutorial.py took 0.134 seconds
[2022-08-29T19:59:57.957-0400] {processor.py:153} INFO - Started process (PID=14345) to work on /Users/jl/Documents/Repos/GHC-2022-data-engineering-workshop/venv/lib/python3.8/site-packages/airflow/example_dags/tutorial.py
[2022-08-29T19:59:57.965-0400] {processor.py:640} INFO - Processing file /Users/jl/Documents/Repos/GHC-2022-data-engineering-workshop/venv/lib/python3.8/site-packages/airflow/example_dags/tutorial.py for tasks to queue
[2022-08-29T19:59:57.966-0400] {logging_mixin.py:115} INFO - [2022-08-29T19:59:57.965-0400] {dagbag.py:508} INFO - Filling up the DagBag from /Users/jl/Documents/Repos/GHC-2022-data-engineering-workshop/venv/lib/python3.8/site-packages/airflow/example_dags/tutorial.py
[2022-08-29T19:59:57.980-0400] {processor.py:650} INFO - DAG(s) dict_keys(['tutorial']) retrieved from /Users/jl/Documents/Repos/GHC-2022-data-engineering-workshop/venv/lib/python3.8/site-packages/airflow/example_dags/tutorial.py
[2022-08-29T19:59:58.057-0400] {logging_mixin.py:115} INFO - [2022-08-29T19:59:58.057-0400] {dag.py:2429} INFO - Sync 1 DAGs
[2022-08-29T19:59:58.074-0400] {logging_mixin.py:115} INFO - [2022-08-29T19:59:58.074-0400] {dag.py:2977} INFO - Setting next_dagrun for tutorial to 2022-08-28T23:59:58.074371+00:00, run_after=2022-08-29T23:59:58.074371+00:00
[2022-08-29T19:59:58.090-0400] {processor.py:161} INFO - Processing /Users/jl/Documents/Repos/GHC-2022-data-engineering-workshop/venv/lib/python3.8/site-packages/airflow/example_dags/tutorial.py took 0.135 seconds
