[2022-08-29T19:52:45.463-0400] {processor.py:153} INFO - Started process (PID=13966) to work on /Users/jl/Documents/Repos/GHC-2022-data-engineering-workshop/venv/lib/python3.8/site-packages/airflow/example_dags/tutorial_etl_dag.py
[2022-08-29T19:52:45.472-0400] {processor.py:640} INFO - Processing file /Users/jl/Documents/Repos/GHC-2022-data-engineering-workshop/venv/lib/python3.8/site-packages/airflow/example_dags/tutorial_etl_dag.py for tasks to queue
[2022-08-29T19:52:45.473-0400] {logging_mixin.py:115} INFO - [2022-08-29T19:52:45.473-0400] {dagbag.py:508} INFO - Filling up the DagBag from /Users/jl/Documents/Repos/GHC-2022-data-engineering-workshop/venv/lib/python3.8/site-packages/airflow/example_dags/tutorial_etl_dag.py
[2022-08-29T19:52:45.507-0400] {processor.py:650} INFO - DAG(s) dict_keys(['tutorial_etl_dag']) retrieved from /Users/jl/Documents/Repos/GHC-2022-data-engineering-workshop/venv/lib/python3.8/site-packages/airflow/example_dags/tutorial_etl_dag.py
[2022-08-29T19:52:46.688-0400] {logging_mixin.py:115} INFO - [2022-08-29T19:52:46.688-0400] {manager.py:508} INFO - Created Permission View: can edit on DAG:tutorial_etl_dag
[2022-08-29T19:52:46.701-0400] {logging_mixin.py:115} INFO - [2022-08-29T19:52:46.701-0400] {manager.py:508} INFO - Created Permission View: can read on DAG:tutorial_etl_dag
[2022-08-29T19:52:46.713-0400] {logging_mixin.py:115} INFO - [2022-08-29T19:52:46.712-0400] {manager.py:508} INFO - Created Permission View: can delete on DAG:tutorial_etl_dag
[2022-08-29T19:52:46.713-0400] {logging_mixin.py:115} INFO - [2022-08-29T19:52:46.713-0400] {dag.py:2429} INFO - Sync 1 DAGs
[2022-08-29T19:52:46.739-0400] {logging_mixin.py:115} INFO - [2022-08-29T19:52:46.739-0400] {dag.py:2448} INFO - Creating ORM DAG for tutorial_etl_dag
[2022-08-29T19:52:46.767-0400] {logging_mixin.py:115} INFO - [2022-08-29T19:52:46.766-0400] {dag.py:2977} INFO - Setting next_dagrun for tutorial_etl_dag to None, run_after=None
[2022-08-29T19:52:46.813-0400] {processor.py:161} INFO - Processing /Users/jl/Documents/Repos/GHC-2022-data-engineering-workshop/venv/lib/python3.8/site-packages/airflow/example_dags/tutorial_etl_dag.py took 1.350 seconds
[2022-08-29T19:54:33.595-0400] {processor.py:153} INFO - Started process (PID=14040) to work on /Users/jl/Documents/Repos/GHC-2022-data-engineering-workshop/venv/lib/python3.8/site-packages/airflow/example_dags/tutorial_etl_dag.py
[2022-08-29T19:54:33.619-0400] {processor.py:640} INFO - Processing file /Users/jl/Documents/Repos/GHC-2022-data-engineering-workshop/venv/lib/python3.8/site-packages/airflow/example_dags/tutorial_etl_dag.py for tasks to queue
[2022-08-29T19:54:33.620-0400] {logging_mixin.py:115} INFO - [2022-08-29T19:54:33.620-0400] {dagbag.py:508} INFO - Filling up the DagBag from /Users/jl/Documents/Repos/GHC-2022-data-engineering-workshop/venv/lib/python3.8/site-packages/airflow/example_dags/tutorial_etl_dag.py
[2022-08-29T19:54:33.672-0400] {processor.py:650} INFO - DAG(s) dict_keys(['tutorial_etl_dag']) retrieved from /Users/jl/Documents/Repos/GHC-2022-data-engineering-workshop/venv/lib/python3.8/site-packages/airflow/example_dags/tutorial_etl_dag.py
[2022-08-29T19:54:33.803-0400] {logging_mixin.py:115} INFO - [2022-08-29T19:54:33.802-0400] {dag.py:2429} INFO - Sync 1 DAGs
[2022-08-29T19:54:33.825-0400] {logging_mixin.py:115} INFO - [2022-08-29T19:54:33.824-0400] {dag.py:2977} INFO - Setting next_dagrun for tutorial_etl_dag to None, run_after=None
[2022-08-29T19:54:33.839-0400] {processor.py:161} INFO - Processing /Users/jl/Documents/Repos/GHC-2022-data-engineering-workshop/venv/lib/python3.8/site-packages/airflow/example_dags/tutorial_etl_dag.py took 0.251 seconds
[2022-08-29T19:55:33.120-0400] {processor.py:153} INFO - Started process (PID=14098) to work on /Users/jl/Documents/Repos/GHC-2022-data-engineering-workshop/venv/lib/python3.8/site-packages/airflow/example_dags/tutorial_etl_dag.py
[2022-08-29T19:55:33.130-0400] {processor.py:640} INFO - Processing file /Users/jl/Documents/Repos/GHC-2022-data-engineering-workshop/venv/lib/python3.8/site-packages/airflow/example_dags/tutorial_etl_dag.py for tasks to queue
[2022-08-29T19:55:33.131-0400] {logging_mixin.py:115} INFO - [2022-08-29T19:55:33.131-0400] {dagbag.py:508} INFO - Filling up the DagBag from /Users/jl/Documents/Repos/GHC-2022-data-engineering-workshop/venv/lib/python3.8/site-packages/airflow/example_dags/tutorial_etl_dag.py
[2022-08-29T19:55:33.161-0400] {processor.py:650} INFO - DAG(s) dict_keys(['tutorial_etl_dag']) retrieved from /Users/jl/Documents/Repos/GHC-2022-data-engineering-workshop/venv/lib/python3.8/site-packages/airflow/example_dags/tutorial_etl_dag.py
[2022-08-29T19:55:33.238-0400] {logging_mixin.py:115} INFO - [2022-08-29T19:55:33.238-0400] {dag.py:2429} INFO - Sync 1 DAGs
[2022-08-29T19:55:33.257-0400] {logging_mixin.py:115} INFO - [2022-08-29T19:55:33.257-0400] {dag.py:2977} INFO - Setting next_dagrun for tutorial_etl_dag to None, run_after=None
[2022-08-29T19:55:33.272-0400] {processor.py:161} INFO - Processing /Users/jl/Documents/Repos/GHC-2022-data-engineering-workshop/venv/lib/python3.8/site-packages/airflow/example_dags/tutorial_etl_dag.py took 0.153 seconds
[2022-08-29T19:56:19.063-0400] {processor.py:153} INFO - Started process (PID=14141) to work on /Users/jl/Documents/Repos/GHC-2022-data-engineering-workshop/venv/lib/python3.8/site-packages/airflow/example_dags/tutorial_etl_dag.py
[2022-08-29T19:56:19.071-0400] {processor.py:640} INFO - Processing file /Users/jl/Documents/Repos/GHC-2022-data-engineering-workshop/venv/lib/python3.8/site-packages/airflow/example_dags/tutorial_etl_dag.py for tasks to queue
[2022-08-29T19:56:19.071-0400] {logging_mixin.py:115} INFO - [2022-08-29T19:56:19.071-0400] {dagbag.py:508} INFO - Filling up the DagBag from /Users/jl/Documents/Repos/GHC-2022-data-engineering-workshop/venv/lib/python3.8/site-packages/airflow/example_dags/tutorial_etl_dag.py
[2022-08-29T19:56:19.099-0400] {processor.py:650} INFO - DAG(s) dict_keys(['tutorial_etl_dag']) retrieved from /Users/jl/Documents/Repos/GHC-2022-data-engineering-workshop/venv/lib/python3.8/site-packages/airflow/example_dags/tutorial_etl_dag.py
[2022-08-29T19:56:19.175-0400] {logging_mixin.py:115} INFO - [2022-08-29T19:56:19.175-0400] {dag.py:2429} INFO - Sync 1 DAGs
[2022-08-29T19:56:19.194-0400] {logging_mixin.py:115} INFO - [2022-08-29T19:56:19.193-0400] {dag.py:2977} INFO - Setting next_dagrun for tutorial_etl_dag to None, run_after=None
[2022-08-29T19:56:19.208-0400] {processor.py:161} INFO - Processing /Users/jl/Documents/Repos/GHC-2022-data-engineering-workshop/venv/lib/python3.8/site-packages/airflow/example_dags/tutorial_etl_dag.py took 0.146 seconds
[2022-08-29T19:57:00.451-0400] {processor.py:153} INFO - Started process (PID=14181) to work on /Users/jl/Documents/Repos/GHC-2022-data-engineering-workshop/venv/lib/python3.8/site-packages/airflow/example_dags/tutorial_etl_dag.py
[2022-08-29T19:57:00.460-0400] {processor.py:640} INFO - Processing file /Users/jl/Documents/Repos/GHC-2022-data-engineering-workshop/venv/lib/python3.8/site-packages/airflow/example_dags/tutorial_etl_dag.py for tasks to queue
[2022-08-29T19:57:00.460-0400] {logging_mixin.py:115} INFO - [2022-08-29T19:57:00.460-0400] {dagbag.py:508} INFO - Filling up the DagBag from /Users/jl/Documents/Repos/GHC-2022-data-engineering-workshop/venv/lib/python3.8/site-packages/airflow/example_dags/tutorial_etl_dag.py
[2022-08-29T19:57:00.488-0400] {processor.py:650} INFO - DAG(s) dict_keys(['tutorial_etl_dag']) retrieved from /Users/jl/Documents/Repos/GHC-2022-data-engineering-workshop/venv/lib/python3.8/site-packages/airflow/example_dags/tutorial_etl_dag.py
[2022-08-29T19:57:00.564-0400] {logging_mixin.py:115} INFO - [2022-08-29T19:57:00.564-0400] {dag.py:2429} INFO - Sync 1 DAGs
[2022-08-29T19:57:00.582-0400] {logging_mixin.py:115} INFO - [2022-08-29T19:57:00.582-0400] {dag.py:2977} INFO - Setting next_dagrun for tutorial_etl_dag to None, run_after=None
[2022-08-29T19:57:00.597-0400] {processor.py:161} INFO - Processing /Users/jl/Documents/Repos/GHC-2022-data-engineering-workshop/venv/lib/python3.8/site-packages/airflow/example_dags/tutorial_etl_dag.py took 0.147 seconds
[2022-08-29T19:57:42.605-0400] {processor.py:153} INFO - Started process (PID=14221) to work on /Users/jl/Documents/Repos/GHC-2022-data-engineering-workshop/venv/lib/python3.8/site-packages/airflow/example_dags/tutorial_etl_dag.py
[2022-08-29T19:57:42.613-0400] {processor.py:640} INFO - Processing file /Users/jl/Documents/Repos/GHC-2022-data-engineering-workshop/venv/lib/python3.8/site-packages/airflow/example_dags/tutorial_etl_dag.py for tasks to queue
[2022-08-29T19:57:42.613-0400] {logging_mixin.py:115} INFO - [2022-08-29T19:57:42.613-0400] {dagbag.py:508} INFO - Filling up the DagBag from /Users/jl/Documents/Repos/GHC-2022-data-engineering-workshop/venv/lib/python3.8/site-packages/airflow/example_dags/tutorial_etl_dag.py
[2022-08-29T19:57:42.641-0400] {processor.py:650} INFO - DAG(s) dict_keys(['tutorial_etl_dag']) retrieved from /Users/jl/Documents/Repos/GHC-2022-data-engineering-workshop/venv/lib/python3.8/site-packages/airflow/example_dags/tutorial_etl_dag.py
[2022-08-29T19:57:42.717-0400] {logging_mixin.py:115} INFO - [2022-08-29T19:57:42.717-0400] {dag.py:2429} INFO - Sync 1 DAGs
[2022-08-29T19:57:42.735-0400] {logging_mixin.py:115} INFO - [2022-08-29T19:57:42.735-0400] {dag.py:2977} INFO - Setting next_dagrun for tutorial_etl_dag to None, run_after=None
[2022-08-29T19:57:42.749-0400] {processor.py:161} INFO - Processing /Users/jl/Documents/Repos/GHC-2022-data-engineering-workshop/venv/lib/python3.8/site-packages/airflow/example_dags/tutorial_etl_dag.py took 0.145 seconds
[2022-08-29T19:58:25.394-0400] {processor.py:153} INFO - Started process (PID=14262) to work on /Users/jl/Documents/Repos/GHC-2022-data-engineering-workshop/venv/lib/python3.8/site-packages/airflow/example_dags/tutorial_etl_dag.py
[2022-08-29T19:58:25.402-0400] {processor.py:640} INFO - Processing file /Users/jl/Documents/Repos/GHC-2022-data-engineering-workshop/venv/lib/python3.8/site-packages/airflow/example_dags/tutorial_etl_dag.py for tasks to queue
[2022-08-29T19:58:25.403-0400] {logging_mixin.py:115} INFO - [2022-08-29T19:58:25.403-0400] {dagbag.py:508} INFO - Filling up the DagBag from /Users/jl/Documents/Repos/GHC-2022-data-engineering-workshop/venv/lib/python3.8/site-packages/airflow/example_dags/tutorial_etl_dag.py
[2022-08-29T19:58:25.431-0400] {processor.py:650} INFO - DAG(s) dict_keys(['tutorial_etl_dag']) retrieved from /Users/jl/Documents/Repos/GHC-2022-data-engineering-workshop/venv/lib/python3.8/site-packages/airflow/example_dags/tutorial_etl_dag.py
[2022-08-29T19:58:25.509-0400] {logging_mixin.py:115} INFO - [2022-08-29T19:58:25.508-0400] {dag.py:2429} INFO - Sync 1 DAGs
[2022-08-29T19:58:25.527-0400] {logging_mixin.py:115} INFO - [2022-08-29T19:58:25.527-0400] {dag.py:2977} INFO - Setting next_dagrun for tutorial_etl_dag to None, run_after=None
[2022-08-29T19:58:25.541-0400] {processor.py:161} INFO - Processing /Users/jl/Documents/Repos/GHC-2022-data-engineering-workshop/venv/lib/python3.8/site-packages/airflow/example_dags/tutorial_etl_dag.py took 0.148 seconds
[2022-08-29T19:59:10.335-0400] {processor.py:153} INFO - Started process (PID=14303) to work on /Users/jl/Documents/Repos/GHC-2022-data-engineering-workshop/venv/lib/python3.8/site-packages/airflow/example_dags/tutorial_etl_dag.py
[2022-08-29T19:59:10.343-0400] {processor.py:640} INFO - Processing file /Users/jl/Documents/Repos/GHC-2022-data-engineering-workshop/venv/lib/python3.8/site-packages/airflow/example_dags/tutorial_etl_dag.py for tasks to queue
[2022-08-29T19:59:10.344-0400] {logging_mixin.py:115} INFO - [2022-08-29T19:59:10.344-0400] {dagbag.py:508} INFO - Filling up the DagBag from /Users/jl/Documents/Repos/GHC-2022-data-engineering-workshop/venv/lib/python3.8/site-packages/airflow/example_dags/tutorial_etl_dag.py
[2022-08-29T19:59:10.373-0400] {processor.py:650} INFO - DAG(s) dict_keys(['tutorial_etl_dag']) retrieved from /Users/jl/Documents/Repos/GHC-2022-data-engineering-workshop/venv/lib/python3.8/site-packages/airflow/example_dags/tutorial_etl_dag.py
[2022-08-29T19:59:10.451-0400] {logging_mixin.py:115} INFO - [2022-08-29T19:59:10.450-0400] {dag.py:2429} INFO - Sync 1 DAGs
[2022-08-29T19:59:10.475-0400] {logging_mixin.py:115} INFO - [2022-08-29T19:59:10.475-0400] {dag.py:2977} INFO - Setting next_dagrun for tutorial_etl_dag to None, run_after=None
[2022-08-29T19:59:10.489-0400] {processor.py:161} INFO - Processing /Users/jl/Documents/Repos/GHC-2022-data-engineering-workshop/venv/lib/python3.8/site-packages/airflow/example_dags/tutorial_etl_dag.py took 0.155 seconds
[2022-08-29T19:59:55.972-0400] {processor.py:153} INFO - Started process (PID=14343) to work on /Users/jl/Documents/Repos/GHC-2022-data-engineering-workshop/venv/lib/python3.8/site-packages/airflow/example_dags/tutorial_etl_dag.py
[2022-08-29T19:59:55.980-0400] {processor.py:640} INFO - Processing file /Users/jl/Documents/Repos/GHC-2022-data-engineering-workshop/venv/lib/python3.8/site-packages/airflow/example_dags/tutorial_etl_dag.py for tasks to queue
[2022-08-29T19:59:55.981-0400] {logging_mixin.py:115} INFO - [2022-08-29T19:59:55.980-0400] {dagbag.py:508} INFO - Filling up the DagBag from /Users/jl/Documents/Repos/GHC-2022-data-engineering-workshop/venv/lib/python3.8/site-packages/airflow/example_dags/tutorial_etl_dag.py
[2022-08-29T19:59:56.008-0400] {processor.py:650} INFO - DAG(s) dict_keys(['tutorial_etl_dag']) retrieved from /Users/jl/Documents/Repos/GHC-2022-data-engineering-workshop/venv/lib/python3.8/site-packages/airflow/example_dags/tutorial_etl_dag.py
[2022-08-29T19:59:56.086-0400] {logging_mixin.py:115} INFO - [2022-08-29T19:59:56.086-0400] {dag.py:2429} INFO - Sync 1 DAGs
[2022-08-29T19:59:56.105-0400] {logging_mixin.py:115} INFO - [2022-08-29T19:59:56.104-0400] {dag.py:2977} INFO - Setting next_dagrun for tutorial_etl_dag to None, run_after=None
[2022-08-29T19:59:56.119-0400] {processor.py:161} INFO - Processing /Users/jl/Documents/Repos/GHC-2022-data-engineering-workshop/venv/lib/python3.8/site-packages/airflow/example_dags/tutorial_etl_dag.py took 0.148 seconds
