[2022-08-29T19:52:37.760-0400] {processor.py:153} INFO - Started process (PID=13962) to work on /Users/jl/Documents/Repos/GHC-2022-data-engineering-workshop/venv/lib/python3.8/site-packages/airflow/example_dags/tutorial_taskflow_api_etl_virtualenv.py
[2022-08-29T19:52:37.769-0400] {processor.py:640} INFO - Processing file /Users/jl/Documents/Repos/GHC-2022-data-engineering-workshop/venv/lib/python3.8/site-packages/airflow/example_dags/tutorial_taskflow_api_etl_virtualenv.py for tasks to queue
[2022-08-29T19:52:37.781-0400] {logging_mixin.py:115} INFO - [2022-08-29T19:52:37.781-0400] {dagbag.py:508} INFO - Filling up the DagBag from /Users/jl/Documents/Repos/GHC-2022-data-engineering-workshop/venv/lib/python3.8/site-packages/airflow/example_dags/tutorial_taskflow_api_etl_virtualenv.py
[2022-08-29T19:52:37.895-0400] {processor.py:650} INFO - DAG(s) dict_keys(['tutorial_taskflow_api_etl_virtualenv']) retrieved from /Users/jl/Documents/Repos/GHC-2022-data-engineering-workshop/venv/lib/python3.8/site-packages/airflow/example_dags/tutorial_taskflow_api_etl_virtualenv.py
[2022-08-29T19:52:39.954-0400] {logging_mixin.py:115} INFO - [2022-08-29T19:52:39.954-0400] {manager.py:508} INFO - Created Permission View: can read on DAG:tutorial_taskflow_api_etl_virtualenv
[2022-08-29T19:52:39.965-0400] {logging_mixin.py:115} INFO - [2022-08-29T19:52:39.965-0400] {manager.py:508} INFO - Created Permission View: can delete on DAG:tutorial_taskflow_api_etl_virtualenv
[2022-08-29T19:52:39.973-0400] {logging_mixin.py:115} INFO - [2022-08-29T19:52:39.973-0400] {manager.py:508} INFO - Created Permission View: can edit on DAG:tutorial_taskflow_api_etl_virtualenv
[2022-08-29T19:52:39.974-0400] {logging_mixin.py:115} INFO - [2022-08-29T19:52:39.973-0400] {dag.py:2429} INFO - Sync 1 DAGs
[2022-08-29T19:52:39.984-0400] {logging_mixin.py:115} INFO - [2022-08-29T19:52:39.984-0400] {dag.py:2448} INFO - Creating ORM DAG for tutorial_taskflow_api_etl_virtualenv
[2022-08-29T19:52:39.993-0400] {logging_mixin.py:115} INFO - [2022-08-29T19:52:39.993-0400] {dag.py:2977} INFO - Setting next_dagrun for tutorial_taskflow_api_etl_virtualenv to None, run_after=None
[2022-08-29T19:52:40.010-0400] {processor.py:161} INFO - Processing /Users/jl/Documents/Repos/GHC-2022-data-engineering-workshop/venv/lib/python3.8/site-packages/airflow/example_dags/tutorial_taskflow_api_etl_virtualenv.py took 2.252 seconds
[2022-08-29T19:54:23.564-0400] {processor.py:153} INFO - Started process (PID=14033) to work on /Users/jl/Documents/Repos/GHC-2022-data-engineering-workshop/venv/lib/python3.8/site-packages/airflow/example_dags/tutorial_taskflow_api_etl_virtualenv.py
[2022-08-29T19:54:23.577-0400] {processor.py:640} INFO - Processing file /Users/jl/Documents/Repos/GHC-2022-data-engineering-workshop/venv/lib/python3.8/site-packages/airflow/example_dags/tutorial_taskflow_api_etl_virtualenv.py for tasks to queue
[2022-08-29T19:54:23.578-0400] {logging_mixin.py:115} INFO - [2022-08-29T19:54:23.577-0400] {dagbag.py:508} INFO - Filling up the DagBag from /Users/jl/Documents/Repos/GHC-2022-data-engineering-workshop/venv/lib/python3.8/site-packages/airflow/example_dags/tutorial_taskflow_api_etl_virtualenv.py
[2022-08-29T19:54:23.646-0400] {processor.py:650} INFO - DAG(s) dict_keys(['tutorial_taskflow_api_etl_virtualenv']) retrieved from /Users/jl/Documents/Repos/GHC-2022-data-engineering-workshop/venv/lib/python3.8/site-packages/airflow/example_dags/tutorial_taskflow_api_etl_virtualenv.py
[2022-08-29T19:54:24.740-0400] {logging_mixin.py:115} INFO - [2022-08-29T19:54:24.739-0400] {dag.py:2429} INFO - Sync 1 DAGs
[2022-08-29T19:54:24.769-0400] {logging_mixin.py:115} INFO - [2022-08-29T19:54:24.769-0400] {dag.py:2977} INFO - Setting next_dagrun for tutorial_taskflow_api_etl_virtualenv to None, run_after=None
[2022-08-29T19:54:24.897-0400] {processor.py:161} INFO - Processing /Users/jl/Documents/Repos/GHC-2022-data-engineering-workshop/venv/lib/python3.8/site-packages/airflow/example_dags/tutorial_taskflow_api_etl_virtualenv.py took 1.336 seconds
[2022-08-29T19:55:26.661-0400] {processor.py:153} INFO - Started process (PID=14094) to work on /Users/jl/Documents/Repos/GHC-2022-data-engineering-workshop/venv/lib/python3.8/site-packages/airflow/example_dags/tutorial_taskflow_api_etl_virtualenv.py
[2022-08-29T19:55:26.671-0400] {processor.py:640} INFO - Processing file /Users/jl/Documents/Repos/GHC-2022-data-engineering-workshop/venv/lib/python3.8/site-packages/airflow/example_dags/tutorial_taskflow_api_etl_virtualenv.py for tasks to queue
[2022-08-29T19:55:26.672-0400] {logging_mixin.py:115} INFO - [2022-08-29T19:55:26.672-0400] {dagbag.py:508} INFO - Filling up the DagBag from /Users/jl/Documents/Repos/GHC-2022-data-engineering-workshop/venv/lib/python3.8/site-packages/airflow/example_dags/tutorial_taskflow_api_etl_virtualenv.py
[2022-08-29T19:55:26.712-0400] {processor.py:650} INFO - DAG(s) dict_keys(['tutorial_taskflow_api_etl_virtualenv']) retrieved from /Users/jl/Documents/Repos/GHC-2022-data-engineering-workshop/venv/lib/python3.8/site-packages/airflow/example_dags/tutorial_taskflow_api_etl_virtualenv.py
[2022-08-29T19:55:27.881-0400] {logging_mixin.py:115} INFO - [2022-08-29T19:55:27.881-0400] {dag.py:2429} INFO - Sync 1 DAGs
[2022-08-29T19:55:27.900-0400] {logging_mixin.py:115} INFO - [2022-08-29T19:55:27.899-0400] {dag.py:2977} INFO - Setting next_dagrun for tutorial_taskflow_api_etl_virtualenv to None, run_after=None
[2022-08-29T19:55:27.915-0400] {processor.py:161} INFO - Processing /Users/jl/Documents/Repos/GHC-2022-data-engineering-workshop/venv/lib/python3.8/site-packages/airflow/example_dags/tutorial_taskflow_api_etl_virtualenv.py took 1.254 seconds
[2022-08-29T19:56:13.141-0400] {processor.py:153} INFO - Started process (PID=14136) to work on /Users/jl/Documents/Repos/GHC-2022-data-engineering-workshop/venv/lib/python3.8/site-packages/airflow/example_dags/tutorial_taskflow_api_etl_virtualenv.py
[2022-08-29T19:56:13.150-0400] {processor.py:640} INFO - Processing file /Users/jl/Documents/Repos/GHC-2022-data-engineering-workshop/venv/lib/python3.8/site-packages/airflow/example_dags/tutorial_taskflow_api_etl_virtualenv.py for tasks to queue
[2022-08-29T19:56:13.150-0400] {logging_mixin.py:115} INFO - [2022-08-29T19:56:13.150-0400] {dagbag.py:508} INFO - Filling up the DagBag from /Users/jl/Documents/Repos/GHC-2022-data-engineering-workshop/venv/lib/python3.8/site-packages/airflow/example_dags/tutorial_taskflow_api_etl_virtualenv.py
[2022-08-29T19:56:13.189-0400] {processor.py:650} INFO - DAG(s) dict_keys(['tutorial_taskflow_api_etl_virtualenv']) retrieved from /Users/jl/Documents/Repos/GHC-2022-data-engineering-workshop/venv/lib/python3.8/site-packages/airflow/example_dags/tutorial_taskflow_api_etl_virtualenv.py
[2022-08-29T19:56:13.909-0400] {logging_mixin.py:115} INFO - [2022-08-29T19:56:13.908-0400] {dag.py:2429} INFO - Sync 1 DAGs
[2022-08-29T19:56:13.927-0400] {logging_mixin.py:115} INFO - [2022-08-29T19:56:13.927-0400] {dag.py:2977} INFO - Setting next_dagrun for tutorial_taskflow_api_etl_virtualenv to None, run_after=None
[2022-08-29T19:56:13.942-0400] {processor.py:161} INFO - Processing /Users/jl/Documents/Repos/GHC-2022-data-engineering-workshop/venv/lib/python3.8/site-packages/airflow/example_dags/tutorial_taskflow_api_etl_virtualenv.py took 0.802 seconds
[2022-08-29T19:56:55.177-0400] {processor.py:153} INFO - Started process (PID=14177) to work on /Users/jl/Documents/Repos/GHC-2022-data-engineering-workshop/venv/lib/python3.8/site-packages/airflow/example_dags/tutorial_taskflow_api_etl_virtualenv.py
[2022-08-29T19:56:55.185-0400] {processor.py:640} INFO - Processing file /Users/jl/Documents/Repos/GHC-2022-data-engineering-workshop/venv/lib/python3.8/site-packages/airflow/example_dags/tutorial_taskflow_api_etl_virtualenv.py for tasks to queue
[2022-08-29T19:56:55.186-0400] {logging_mixin.py:115} INFO - [2022-08-29T19:56:55.186-0400] {dagbag.py:508} INFO - Filling up the DagBag from /Users/jl/Documents/Repos/GHC-2022-data-engineering-workshop/venv/lib/python3.8/site-packages/airflow/example_dags/tutorial_taskflow_api_etl_virtualenv.py
[2022-08-29T19:56:55.225-0400] {processor.py:650} INFO - DAG(s) dict_keys(['tutorial_taskflow_api_etl_virtualenv']) retrieved from /Users/jl/Documents/Repos/GHC-2022-data-engineering-workshop/venv/lib/python3.8/site-packages/airflow/example_dags/tutorial_taskflow_api_etl_virtualenv.py
[2022-08-29T19:56:55.946-0400] {logging_mixin.py:115} INFO - [2022-08-29T19:56:55.945-0400] {dag.py:2429} INFO - Sync 1 DAGs
[2022-08-29T19:56:55.965-0400] {logging_mixin.py:115} INFO - [2022-08-29T19:56:55.965-0400] {dag.py:2977} INFO - Setting next_dagrun for tutorial_taskflow_api_etl_virtualenv to None, run_after=None
[2022-08-29T19:56:55.981-0400] {processor.py:161} INFO - Processing /Users/jl/Documents/Repos/GHC-2022-data-engineering-workshop/venv/lib/python3.8/site-packages/airflow/example_dags/tutorial_taskflow_api_etl_virtualenv.py took 0.805 seconds
[2022-08-29T19:57:37.281-0400] {processor.py:153} INFO - Started process (PID=14217) to work on /Users/jl/Documents/Repos/GHC-2022-data-engineering-workshop/venv/lib/python3.8/site-packages/airflow/example_dags/tutorial_taskflow_api_etl_virtualenv.py
[2022-08-29T19:57:37.289-0400] {processor.py:640} INFO - Processing file /Users/jl/Documents/Repos/GHC-2022-data-engineering-workshop/venv/lib/python3.8/site-packages/airflow/example_dags/tutorial_taskflow_api_etl_virtualenv.py for tasks to queue
[2022-08-29T19:57:37.290-0400] {logging_mixin.py:115} INFO - [2022-08-29T19:57:37.290-0400] {dagbag.py:508} INFO - Filling up the DagBag from /Users/jl/Documents/Repos/GHC-2022-data-engineering-workshop/venv/lib/python3.8/site-packages/airflow/example_dags/tutorial_taskflow_api_etl_virtualenv.py
[2022-08-29T19:57:37.328-0400] {processor.py:650} INFO - DAG(s) dict_keys(['tutorial_taskflow_api_etl_virtualenv']) retrieved from /Users/jl/Documents/Repos/GHC-2022-data-engineering-workshop/venv/lib/python3.8/site-packages/airflow/example_dags/tutorial_taskflow_api_etl_virtualenv.py
[2022-08-29T19:57:38.047-0400] {logging_mixin.py:115} INFO - [2022-08-29T19:57:38.046-0400] {dag.py:2429} INFO - Sync 1 DAGs
[2022-08-29T19:57:38.065-0400] {logging_mixin.py:115} INFO - [2022-08-29T19:57:38.065-0400] {dag.py:2977} INFO - Setting next_dagrun for tutorial_taskflow_api_etl_virtualenv to None, run_after=None
[2022-08-29T19:57:38.080-0400] {processor.py:161} INFO - Processing /Users/jl/Documents/Repos/GHC-2022-data-engineering-workshop/venv/lib/python3.8/site-packages/airflow/example_dags/tutorial_taskflow_api_etl_virtualenv.py took 0.801 seconds
[2022-08-29T19:58:20.254-0400] {processor.py:153} INFO - Started process (PID=14258) to work on /Users/jl/Documents/Repos/GHC-2022-data-engineering-workshop/venv/lib/python3.8/site-packages/airflow/example_dags/tutorial_taskflow_api_etl_virtualenv.py
[2022-08-29T19:58:20.264-0400] {processor.py:640} INFO - Processing file /Users/jl/Documents/Repos/GHC-2022-data-engineering-workshop/venv/lib/python3.8/site-packages/airflow/example_dags/tutorial_taskflow_api_etl_virtualenv.py for tasks to queue
[2022-08-29T19:58:20.264-0400] {logging_mixin.py:115} INFO - [2022-08-29T19:58:20.264-0400] {dagbag.py:508} INFO - Filling up the DagBag from /Users/jl/Documents/Repos/GHC-2022-data-engineering-workshop/venv/lib/python3.8/site-packages/airflow/example_dags/tutorial_taskflow_api_etl_virtualenv.py
[2022-08-29T19:58:20.304-0400] {processor.py:650} INFO - DAG(s) dict_keys(['tutorial_taskflow_api_etl_virtualenv']) retrieved from /Users/jl/Documents/Repos/GHC-2022-data-engineering-workshop/venv/lib/python3.8/site-packages/airflow/example_dags/tutorial_taskflow_api_etl_virtualenv.py
[2022-08-29T19:58:21.025-0400] {logging_mixin.py:115} INFO - [2022-08-29T19:58:21.024-0400] {dag.py:2429} INFO - Sync 1 DAGs
[2022-08-29T19:58:21.043-0400] {logging_mixin.py:115} INFO - [2022-08-29T19:58:21.043-0400] {dag.py:2977} INFO - Setting next_dagrun for tutorial_taskflow_api_etl_virtualenv to None, run_after=None
[2022-08-29T19:58:21.059-0400] {processor.py:161} INFO - Processing /Users/jl/Documents/Repos/GHC-2022-data-engineering-workshop/venv/lib/python3.8/site-packages/airflow/example_dags/tutorial_taskflow_api_etl_virtualenv.py took 0.806 seconds
[2022-08-29T19:59:05.229-0400] {processor.py:153} INFO - Started process (PID=14299) to work on /Users/jl/Documents/Repos/GHC-2022-data-engineering-workshop/venv/lib/python3.8/site-packages/airflow/example_dags/tutorial_taskflow_api_etl_virtualenv.py
[2022-08-29T19:59:05.237-0400] {processor.py:640} INFO - Processing file /Users/jl/Documents/Repos/GHC-2022-data-engineering-workshop/venv/lib/python3.8/site-packages/airflow/example_dags/tutorial_taskflow_api_etl_virtualenv.py for tasks to queue
[2022-08-29T19:59:05.238-0400] {logging_mixin.py:115} INFO - [2022-08-29T19:59:05.238-0400] {dagbag.py:508} INFO - Filling up the DagBag from /Users/jl/Documents/Repos/GHC-2022-data-engineering-workshop/venv/lib/python3.8/site-packages/airflow/example_dags/tutorial_taskflow_api_etl_virtualenv.py
[2022-08-29T19:59:05.278-0400] {processor.py:650} INFO - DAG(s) dict_keys(['tutorial_taskflow_api_etl_virtualenv']) retrieved from /Users/jl/Documents/Repos/GHC-2022-data-engineering-workshop/venv/lib/python3.8/site-packages/airflow/example_dags/tutorial_taskflow_api_etl_virtualenv.py
[2022-08-29T19:59:05.994-0400] {logging_mixin.py:115} INFO - [2022-08-29T19:59:05.994-0400] {dag.py:2429} INFO - Sync 1 DAGs
[2022-08-29T19:59:06.016-0400] {logging_mixin.py:115} INFO - [2022-08-29T19:59:06.015-0400] {dag.py:2977} INFO - Setting next_dagrun for tutorial_taskflow_api_etl_virtualenv to None, run_after=None
[2022-08-29T19:59:06.032-0400] {processor.py:161} INFO - Processing /Users/jl/Documents/Repos/GHC-2022-data-engineering-workshop/venv/lib/python3.8/site-packages/airflow/example_dags/tutorial_taskflow_api_etl_virtualenv.py took 0.804 seconds
[2022-08-29T19:59:50.169-0400] {processor.py:153} INFO - Started process (PID=14339) to work on /Users/jl/Documents/Repos/GHC-2022-data-engineering-workshop/venv/lib/python3.8/site-packages/airflow/example_dags/tutorial_taskflow_api_etl_virtualenv.py
[2022-08-29T19:59:50.177-0400] {processor.py:640} INFO - Processing file /Users/jl/Documents/Repos/GHC-2022-data-engineering-workshop/venv/lib/python3.8/site-packages/airflow/example_dags/tutorial_taskflow_api_etl_virtualenv.py for tasks to queue
[2022-08-29T19:59:50.178-0400] {logging_mixin.py:115} INFO - [2022-08-29T19:59:50.177-0400] {dagbag.py:508} INFO - Filling up the DagBag from /Users/jl/Documents/Repos/GHC-2022-data-engineering-workshop/venv/lib/python3.8/site-packages/airflow/example_dags/tutorial_taskflow_api_etl_virtualenv.py
[2022-08-29T19:59:50.217-0400] {processor.py:650} INFO - DAG(s) dict_keys(['tutorial_taskflow_api_etl_virtualenv']) retrieved from /Users/jl/Documents/Repos/GHC-2022-data-engineering-workshop/venv/lib/python3.8/site-packages/airflow/example_dags/tutorial_taskflow_api_etl_virtualenv.py
[2022-08-29T19:59:50.936-0400] {logging_mixin.py:115} INFO - [2022-08-29T19:59:50.935-0400] {dag.py:2429} INFO - Sync 1 DAGs
[2022-08-29T19:59:50.955-0400] {logging_mixin.py:115} INFO - [2022-08-29T19:59:50.955-0400] {dag.py:2977} INFO - Setting next_dagrun for tutorial_taskflow_api_etl_virtualenv to None, run_after=None
[2022-08-29T19:59:50.974-0400] {processor.py:161} INFO - Processing /Users/jl/Documents/Repos/GHC-2022-data-engineering-workshop/venv/lib/python3.8/site-packages/airflow/example_dags/tutorial_taskflow_api_etl_virtualenv.py took 0.806 seconds
