[2022-08-29T20:00:55.936-0400] {processor.py:153} INFO - Started process (PID=14395) to work on /Users/jl/Documents/Repos/GHC-2022-data-engineering-workshop/venv/lib/python3.8/site-packages/airflow/example_dags/example_sla_dag.py
[2022-08-29T20:00:55.945-0400] {processor.py:640} INFO - Processing file /Users/jl/Documents/Repos/GHC-2022-data-engineering-workshop/venv/lib/python3.8/site-packages/airflow/example_dags/example_sla_dag.py for tasks to queue
[2022-08-29T20:00:55.945-0400] {logging_mixin.py:115} INFO - [2022-08-29T20:00:55.945-0400] {dagbag.py:508} INFO - Filling up the DagBag from /Users/jl/Documents/Repos/GHC-2022-data-engineering-workshop/venv/lib/python3.8/site-packages/airflow/example_dags/example_sla_dag.py
[2022-08-29T20:00:55.988-0400] {processor.py:650} INFO - DAG(s) dict_keys(['example_sla_dag']) retrieved from /Users/jl/Documents/Repos/GHC-2022-data-engineering-workshop/venv/lib/python3.8/site-packages/airflow/example_dags/example_sla_dag.py
[2022-08-29T20:00:56.065-0400] {logging_mixin.py:115} INFO - [2022-08-29T20:00:56.065-0400] {dag.py:2429} INFO - Sync 1 DAGs
[2022-08-29T20:00:56.087-0400] {logging_mixin.py:115} INFO - [2022-08-29T20:00:56.087-0400] {dag.py:2977} INFO - Setting next_dagrun for example_sla_dag to 2022-08-29T23:58:00+00:00, run_after=2022-08-30T00:00:00+00:00
[2022-08-29T20:00:56.101-0400] {processor.py:161} INFO - Processing /Users/jl/Documents/Repos/GHC-2022-data-engineering-workshop/venv/lib/python3.8/site-packages/airflow/example_dags/example_sla_dag.py took 0.166 seconds
[2022-08-29T20:02:25.094-0400] {processor.py:153} INFO - Started process (PID=14478) to work on /Users/jl/Documents/Repos/GHC-2022-data-engineering-workshop/venv/lib/python3.8/site-packages/airflow/example_dags/example_sla_dag.py
[2022-08-29T20:02:25.103-0400] {processor.py:640} INFO - Processing file /Users/jl/Documents/Repos/GHC-2022-data-engineering-workshop/venv/lib/python3.8/site-packages/airflow/example_dags/example_sla_dag.py for tasks to queue
[2022-08-29T20:02:25.103-0400] {logging_mixin.py:115} INFO - [2022-08-29T20:02:25.103-0400] {dagbag.py:508} INFO - Filling up the DagBag from /Users/jl/Documents/Repos/GHC-2022-data-engineering-workshop/venv/lib/python3.8/site-packages/airflow/example_dags/example_sla_dag.py
[2022-08-29T20:02:25.143-0400] {processor.py:650} INFO - DAG(s) dict_keys(['example_sla_dag']) retrieved from /Users/jl/Documents/Repos/GHC-2022-data-engineering-workshop/venv/lib/python3.8/site-packages/airflow/example_dags/example_sla_dag.py
[2022-08-29T20:02:25.221-0400] {logging_mixin.py:115} INFO - [2022-08-29T20:02:25.220-0400] {dag.py:2429} INFO - Sync 1 DAGs
[2022-08-29T20:02:25.242-0400] {logging_mixin.py:115} INFO - [2022-08-29T20:02:25.242-0400] {dag.py:2977} INFO - Setting next_dagrun for example_sla_dag to 2022-08-30T00:00:00+00:00, run_after=2022-08-30T00:02:00+00:00
[2022-08-29T20:02:25.256-0400] {processor.py:161} INFO - Processing /Users/jl/Documents/Repos/GHC-2022-data-engineering-workshop/venv/lib/python3.8/site-packages/airflow/example_dags/example_sla_dag.py took 0.163 seconds
[2022-08-29T20:03:48.824-0400] {processor.py:153} INFO - Started process (PID=14559) to work on /Users/jl/Documents/Repos/GHC-2022-data-engineering-workshop/venv/lib/python3.8/site-packages/airflow/example_dags/example_sla_dag.py
[2022-08-29T20:03:48.832-0400] {processor.py:640} INFO - Processing file /Users/jl/Documents/Repos/GHC-2022-data-engineering-workshop/venv/lib/python3.8/site-packages/airflow/example_dags/example_sla_dag.py for tasks to queue
[2022-08-29T20:03:48.833-0400] {logging_mixin.py:115} INFO - [2022-08-29T20:03:48.833-0400] {dagbag.py:508} INFO - Filling up the DagBag from /Users/jl/Documents/Repos/GHC-2022-data-engineering-workshop/venv/lib/python3.8/site-packages/airflow/example_dags/example_sla_dag.py
[2022-08-29T20:03:48.873-0400] {processor.py:650} INFO - DAG(s) dict_keys(['example_sla_dag']) retrieved from /Users/jl/Documents/Repos/GHC-2022-data-engineering-workshop/venv/lib/python3.8/site-packages/airflow/example_dags/example_sla_dag.py
[2022-08-29T20:03:48.951-0400] {logging_mixin.py:115} INFO - [2022-08-29T20:03:48.951-0400] {dag.py:2429} INFO - Sync 1 DAGs
[2022-08-29T20:03:48.973-0400] {logging_mixin.py:115} INFO - [2022-08-29T20:03:48.973-0400] {dag.py:2977} INFO - Setting next_dagrun for example_sla_dag to 2022-08-30T00:00:00+00:00, run_after=2022-08-30T00:02:00+00:00
[2022-08-29T20:03:48.987-0400] {processor.py:161} INFO - Processing /Users/jl/Documents/Repos/GHC-2022-data-engineering-workshop/venv/lib/python3.8/site-packages/airflow/example_dags/example_sla_dag.py took 0.164 seconds
[2022-08-29T20:05:17.262-0400] {processor.py:153} INFO - Started process (PID=14640) to work on /Users/jl/Documents/Repos/GHC-2022-data-engineering-workshop/venv/lib/python3.8/site-packages/airflow/example_dags/example_sla_dag.py
[2022-08-29T20:05:17.270-0400] {processor.py:640} INFO - Processing file /Users/jl/Documents/Repos/GHC-2022-data-engineering-workshop/venv/lib/python3.8/site-packages/airflow/example_dags/example_sla_dag.py for tasks to queue
[2022-08-29T20:05:17.270-0400] {logging_mixin.py:115} INFO - [2022-08-29T20:05:17.270-0400] {dagbag.py:508} INFO - Filling up the DagBag from /Users/jl/Documents/Repos/GHC-2022-data-engineering-workshop/venv/lib/python3.8/site-packages/airflow/example_dags/example_sla_dag.py
[2022-08-29T20:05:17.309-0400] {processor.py:650} INFO - DAG(s) dict_keys(['example_sla_dag']) retrieved from /Users/jl/Documents/Repos/GHC-2022-data-engineering-workshop/venv/lib/python3.8/site-packages/airflow/example_dags/example_sla_dag.py
[2022-08-29T20:05:17.387-0400] {logging_mixin.py:115} INFO - [2022-08-29T20:05:17.387-0400] {dag.py:2429} INFO - Sync 1 DAGs
[2022-08-29T20:05:17.409-0400] {logging_mixin.py:115} INFO - [2022-08-29T20:05:17.408-0400] {dag.py:2977} INFO - Setting next_dagrun for example_sla_dag to 2022-08-30T00:02:00+00:00, run_after=2022-08-30T00:04:00+00:00
[2022-08-29T20:05:17.422-0400] {processor.py:161} INFO - Processing /Users/jl/Documents/Repos/GHC-2022-data-engineering-workshop/venv/lib/python3.8/site-packages/airflow/example_dags/example_sla_dag.py took 0.162 seconds
[2022-08-29T20:06:43.067-0400] {processor.py:153} INFO - Started process (PID=14720) to work on /Users/jl/Documents/Repos/GHC-2022-data-engineering-workshop/venv/lib/python3.8/site-packages/airflow/example_dags/example_sla_dag.py
[2022-08-29T20:06:43.075-0400] {processor.py:640} INFO - Processing file /Users/jl/Documents/Repos/GHC-2022-data-engineering-workshop/venv/lib/python3.8/site-packages/airflow/example_dags/example_sla_dag.py for tasks to queue
[2022-08-29T20:06:43.076-0400] {logging_mixin.py:115} INFO - [2022-08-29T20:06:43.075-0400] {dagbag.py:508} INFO - Filling up the DagBag from /Users/jl/Documents/Repos/GHC-2022-data-engineering-workshop/venv/lib/python3.8/site-packages/airflow/example_dags/example_sla_dag.py
[2022-08-29T20:06:43.115-0400] {processor.py:650} INFO - DAG(s) dict_keys(['example_sla_dag']) retrieved from /Users/jl/Documents/Repos/GHC-2022-data-engineering-workshop/venv/lib/python3.8/site-packages/airflow/example_dags/example_sla_dag.py
[2022-08-29T20:06:43.193-0400] {logging_mixin.py:115} INFO - [2022-08-29T20:06:43.192-0400] {dag.py:2429} INFO - Sync 1 DAGs
[2022-08-29T20:06:43.215-0400] {logging_mixin.py:115} INFO - [2022-08-29T20:06:43.214-0400] {dag.py:2977} INFO - Setting next_dagrun for example_sla_dag to 2022-08-30T00:04:00+00:00, run_after=2022-08-30T00:06:00+00:00
[2022-08-29T20:06:43.229-0400] {processor.py:161} INFO - Processing /Users/jl/Documents/Repos/GHC-2022-data-engineering-workshop/venv/lib/python3.8/site-packages/airflow/example_dags/example_sla_dag.py took 0.163 seconds
[2022-08-29T20:08:10.011-0400] {processor.py:153} INFO - Started process (PID=14802) to work on /Users/jl/Documents/Repos/GHC-2022-data-engineering-workshop/venv/lib/python3.8/site-packages/airflow/example_dags/example_sla_dag.py
[2022-08-29T20:08:10.019-0400] {processor.py:640} INFO - Processing file /Users/jl/Documents/Repos/GHC-2022-data-engineering-workshop/venv/lib/python3.8/site-packages/airflow/example_dags/example_sla_dag.py for tasks to queue
[2022-08-29T20:08:10.020-0400] {logging_mixin.py:115} INFO - [2022-08-29T20:08:10.020-0400] {dagbag.py:508} INFO - Filling up the DagBag from /Users/jl/Documents/Repos/GHC-2022-data-engineering-workshop/venv/lib/python3.8/site-packages/airflow/example_dags/example_sla_dag.py
[2022-08-29T20:08:10.062-0400] {processor.py:650} INFO - DAG(s) dict_keys(['example_sla_dag']) retrieved from /Users/jl/Documents/Repos/GHC-2022-data-engineering-workshop/venv/lib/python3.8/site-packages/airflow/example_dags/example_sla_dag.py
[2022-08-29T20:08:10.139-0400] {logging_mixin.py:115} INFO - [2022-08-29T20:08:10.139-0400] {dag.py:2429} INFO - Sync 1 DAGs
[2022-08-29T20:08:10.161-0400] {logging_mixin.py:115} INFO - [2022-08-29T20:08:10.161-0400] {dag.py:2977} INFO - Setting next_dagrun for example_sla_dag to 2022-08-30T00:06:00+00:00, run_after=2022-08-30T00:08:00+00:00
[2022-08-29T20:08:10.175-0400] {processor.py:161} INFO - Processing /Users/jl/Documents/Repos/GHC-2022-data-engineering-workshop/venv/lib/python3.8/site-packages/airflow/example_dags/example_sla_dag.py took 0.165 seconds
[2022-08-29T20:09:38.605-0400] {processor.py:153} INFO - Started process (PID=14884) to work on /Users/jl/Documents/Repos/GHC-2022-data-engineering-workshop/venv/lib/python3.8/site-packages/airflow/example_dags/example_sla_dag.py
[2022-08-29T20:09:38.614-0400] {processor.py:640} INFO - Processing file /Users/jl/Documents/Repos/GHC-2022-data-engineering-workshop/venv/lib/python3.8/site-packages/airflow/example_dags/example_sla_dag.py for tasks to queue
[2022-08-29T20:09:38.615-0400] {logging_mixin.py:115} INFO - [2022-08-29T20:09:38.615-0400] {dagbag.py:508} INFO - Filling up the DagBag from /Users/jl/Documents/Repos/GHC-2022-data-engineering-workshop/venv/lib/python3.8/site-packages/airflow/example_dags/example_sla_dag.py
[2022-08-29T20:09:38.657-0400] {processor.py:650} INFO - DAG(s) dict_keys(['example_sla_dag']) retrieved from /Users/jl/Documents/Repos/GHC-2022-data-engineering-workshop/venv/lib/python3.8/site-packages/airflow/example_dags/example_sla_dag.py
[2022-08-29T20:09:38.734-0400] {logging_mixin.py:115} INFO - [2022-08-29T20:09:38.733-0400] {dag.py:2429} INFO - Sync 1 DAGs
[2022-08-29T20:09:38.755-0400] {logging_mixin.py:115} INFO - [2022-08-29T20:09:38.755-0400] {dag.py:2977} INFO - Setting next_dagrun for example_sla_dag to 2022-08-30T00:06:00+00:00, run_after=2022-08-30T00:08:00+00:00
[2022-08-29T20:09:38.769-0400] {processor.py:161} INFO - Processing /Users/jl/Documents/Repos/GHC-2022-data-engineering-workshop/venv/lib/python3.8/site-packages/airflow/example_dags/example_sla_dag.py took 0.165 seconds
[2022-08-29T20:11:18.032-0400] {processor.py:153} INFO - Started process (PID=14974) to work on /Users/jl/Documents/Repos/GHC-2022-data-engineering-workshop/venv/lib/python3.8/site-packages/airflow/example_dags/example_sla_dag.py
[2022-08-29T20:11:18.042-0400] {processor.py:640} INFO - Processing file /Users/jl/Documents/Repos/GHC-2022-data-engineering-workshop/venv/lib/python3.8/site-packages/airflow/example_dags/example_sla_dag.py for tasks to queue
[2022-08-29T20:11:18.043-0400] {logging_mixin.py:115} INFO - [2022-08-29T20:11:18.043-0400] {dagbag.py:508} INFO - Filling up the DagBag from /Users/jl/Documents/Repos/GHC-2022-data-engineering-workshop/venv/lib/python3.8/site-packages/airflow/example_dags/example_sla_dag.py
[2022-08-29T20:11:18.084-0400] {processor.py:650} INFO - DAG(s) dict_keys(['example_sla_dag']) retrieved from /Users/jl/Documents/Repos/GHC-2022-data-engineering-workshop/venv/lib/python3.8/site-packages/airflow/example_dags/example_sla_dag.py
[2022-08-29T20:11:18.163-0400] {logging_mixin.py:115} INFO - [2022-08-29T20:11:18.163-0400] {dag.py:2429} INFO - Sync 1 DAGs
[2022-08-29T20:11:18.185-0400] {logging_mixin.py:115} INFO - [2022-08-29T20:11:18.184-0400] {dag.py:2977} INFO - Setting next_dagrun for example_sla_dag to 2022-08-30T00:08:00+00:00, run_after=2022-08-30T00:10:00+00:00
[2022-08-29T20:11:18.199-0400] {processor.py:161} INFO - Processing /Users/jl/Documents/Repos/GHC-2022-data-engineering-workshop/venv/lib/python3.8/site-packages/airflow/example_dags/example_sla_dag.py took 0.168 seconds
[2022-08-29T20:12:47.106-0400] {processor.py:153} INFO - Started process (PID=15059) to work on /Users/jl/Documents/Repos/GHC-2022-data-engineering-workshop/venv/lib/python3.8/site-packages/airflow/example_dags/example_sla_dag.py
[2022-08-29T20:12:47.114-0400] {processor.py:640} INFO - Processing file /Users/jl/Documents/Repos/GHC-2022-data-engineering-workshop/venv/lib/python3.8/site-packages/airflow/example_dags/example_sla_dag.py for tasks to queue
[2022-08-29T20:12:47.114-0400] {logging_mixin.py:115} INFO - [2022-08-29T20:12:47.114-0400] {dagbag.py:508} INFO - Filling up the DagBag from /Users/jl/Documents/Repos/GHC-2022-data-engineering-workshop/venv/lib/python3.8/site-packages/airflow/example_dags/example_sla_dag.py
[2022-08-29T20:12:47.154-0400] {processor.py:650} INFO - DAG(s) dict_keys(['example_sla_dag']) retrieved from /Users/jl/Documents/Repos/GHC-2022-data-engineering-workshop/venv/lib/python3.8/site-packages/airflow/example_dags/example_sla_dag.py
[2022-08-29T20:12:47.232-0400] {logging_mixin.py:115} INFO - [2022-08-29T20:12:47.231-0400] {dag.py:2429} INFO - Sync 1 DAGs
[2022-08-29T20:12:47.254-0400] {logging_mixin.py:115} INFO - [2022-08-29T20:12:47.254-0400] {dag.py:2977} INFO - Setting next_dagrun for example_sla_dag to 2022-08-30T00:10:00+00:00, run_after=2022-08-30T00:12:00+00:00
[2022-08-29T20:12:47.271-0400] {processor.py:161} INFO - Processing /Users/jl/Documents/Repos/GHC-2022-data-engineering-workshop/venv/lib/python3.8/site-packages/airflow/example_dags/example_sla_dag.py took 0.166 seconds
[2022-08-29T20:14:16.873-0400] {processor.py:153} INFO - Started process (PID=15140) to work on /Users/jl/Documents/Repos/GHC-2022-data-engineering-workshop/venv/lib/python3.8/site-packages/airflow/example_dags/example_sla_dag.py
[2022-08-29T20:14:16.882-0400] {processor.py:640} INFO - Processing file /Users/jl/Documents/Repos/GHC-2022-data-engineering-workshop/venv/lib/python3.8/site-packages/airflow/example_dags/example_sla_dag.py for tasks to queue
[2022-08-29T20:14:16.882-0400] {logging_mixin.py:115} INFO - [2022-08-29T20:14:16.882-0400] {dagbag.py:508} INFO - Filling up the DagBag from /Users/jl/Documents/Repos/GHC-2022-data-engineering-workshop/venv/lib/python3.8/site-packages/airflow/example_dags/example_sla_dag.py
[2022-08-29T20:14:16.921-0400] {processor.py:650} INFO - DAG(s) dict_keys(['example_sla_dag']) retrieved from /Users/jl/Documents/Repos/GHC-2022-data-engineering-workshop/venv/lib/python3.8/site-packages/airflow/example_dags/example_sla_dag.py
[2022-08-29T20:14:17.004-0400] {logging_mixin.py:115} INFO - [2022-08-29T20:14:17.004-0400] {dag.py:2429} INFO - Sync 1 DAGs
[2022-08-29T20:14:17.027-0400] {logging_mixin.py:115} INFO - [2022-08-29T20:14:17.027-0400] {dag.py:2977} INFO - Setting next_dagrun for example_sla_dag to 2022-08-30T00:12:00+00:00, run_after=2022-08-30T00:14:00+00:00
[2022-08-29T20:14:17.042-0400] {processor.py:161} INFO - Processing /Users/jl/Documents/Repos/GHC-2022-data-engineering-workshop/venv/lib/python3.8/site-packages/airflow/example_dags/example_sla_dag.py took 0.170 seconds
[2022-08-29T20:15:55.872-0400] {processor.py:153} INFO - Started process (PID=15258) to work on /Users/jl/Documents/Repos/GHC-2022-data-engineering-workshop/venv/lib/python3.8/site-packages/airflow/example_dags/example_sla_dag.py
[2022-08-29T20:15:55.880-0400] {processor.py:640} INFO - Processing file /Users/jl/Documents/Repos/GHC-2022-data-engineering-workshop/venv/lib/python3.8/site-packages/airflow/example_dags/example_sla_dag.py for tasks to queue
[2022-08-29T20:15:55.881-0400] {logging_mixin.py:115} INFO - [2022-08-29T20:15:55.881-0400] {dagbag.py:508} INFO - Filling up the DagBag from /Users/jl/Documents/Repos/GHC-2022-data-engineering-workshop/venv/lib/python3.8/site-packages/airflow/example_dags/example_sla_dag.py
[2022-08-29T20:15:55.920-0400] {processor.py:650} INFO - DAG(s) dict_keys(['example_sla_dag']) retrieved from /Users/jl/Documents/Repos/GHC-2022-data-engineering-workshop/venv/lib/python3.8/site-packages/airflow/example_dags/example_sla_dag.py
[2022-08-29T20:15:56.010-0400] {logging_mixin.py:115} INFO - [2022-08-29T20:15:56.010-0400] {dag.py:2429} INFO - Sync 1 DAGs
[2022-08-29T20:15:56.032-0400] {logging_mixin.py:115} INFO - [2022-08-29T20:15:56.032-0400] {dag.py:2977} INFO - Setting next_dagrun for example_sla_dag to 2022-08-30T00:12:00+00:00, run_after=2022-08-30T00:14:00+00:00
[2022-08-29T20:15:56.046-0400] {processor.py:161} INFO - Processing /Users/jl/Documents/Repos/GHC-2022-data-engineering-workshop/venv/lib/python3.8/site-packages/airflow/example_dags/example_sla_dag.py took 0.175 seconds
[2022-08-29T20:17:51.128-0400] {processor.py:153} INFO - Started process (PID=15374) to work on /Users/jl/Documents/Repos/GHC-2022-data-engineering-workshop/venv/lib/python3.8/site-packages/airflow/example_dags/example_sla_dag.py
[2022-08-29T20:17:51.137-0400] {processor.py:640} INFO - Processing file /Users/jl/Documents/Repos/GHC-2022-data-engineering-workshop/venv/lib/python3.8/site-packages/airflow/example_dags/example_sla_dag.py for tasks to queue
[2022-08-29T20:17:51.138-0400] {logging_mixin.py:115} INFO - [2022-08-29T20:17:51.138-0400] {dagbag.py:508} INFO - Filling up the DagBag from /Users/jl/Documents/Repos/GHC-2022-data-engineering-workshop/venv/lib/python3.8/site-packages/airflow/example_dags/example_sla_dag.py
[2022-08-29T20:17:51.179-0400] {processor.py:650} INFO - DAG(s) dict_keys(['example_sla_dag']) retrieved from /Users/jl/Documents/Repos/GHC-2022-data-engineering-workshop/venv/lib/python3.8/site-packages/airflow/example_dags/example_sla_dag.py
[2022-08-29T20:17:51.264-0400] {logging_mixin.py:115} INFO - [2022-08-29T20:17:51.264-0400] {dag.py:2429} INFO - Sync 1 DAGs
[2022-08-29T20:17:51.287-0400] {logging_mixin.py:115} INFO - [2022-08-29T20:17:51.287-0400] {dag.py:2977} INFO - Setting next_dagrun for example_sla_dag to 2022-08-30T00:14:00+00:00, run_after=2022-08-30T00:16:00+00:00
[2022-08-29T20:17:51.302-0400] {processor.py:161} INFO - Processing /Users/jl/Documents/Repos/GHC-2022-data-engineering-workshop/venv/lib/python3.8/site-packages/airflow/example_dags/example_sla_dag.py took 0.176 seconds
[2022-08-29T20:19:40.367-0400] {processor.py:153} INFO - Started process (PID=15489) to work on /Users/jl/Documents/Repos/GHC-2022-data-engineering-workshop/venv/lib/python3.8/site-packages/airflow/example_dags/example_sla_dag.py
[2022-08-29T20:19:40.377-0400] {processor.py:640} INFO - Processing file /Users/jl/Documents/Repos/GHC-2022-data-engineering-workshop/venv/lib/python3.8/site-packages/airflow/example_dags/example_sla_dag.py for tasks to queue
[2022-08-29T20:19:40.378-0400] {logging_mixin.py:115} INFO - [2022-08-29T20:19:40.378-0400] {dagbag.py:508} INFO - Filling up the DagBag from /Users/jl/Documents/Repos/GHC-2022-data-engineering-workshop/venv/lib/python3.8/site-packages/airflow/example_dags/example_sla_dag.py
[2022-08-29T20:19:40.424-0400] {processor.py:650} INFO - DAG(s) dict_keys(['example_sla_dag']) retrieved from /Users/jl/Documents/Repos/GHC-2022-data-engineering-workshop/venv/lib/python3.8/site-packages/airflow/example_dags/example_sla_dag.py
[2022-08-29T20:19:40.506-0400] {logging_mixin.py:115} INFO - [2022-08-29T20:19:40.506-0400] {dag.py:2429} INFO - Sync 1 DAGs
[2022-08-29T20:19:40.528-0400] {logging_mixin.py:115} INFO - [2022-08-29T20:19:40.528-0400] {dag.py:2977} INFO - Setting next_dagrun for example_sla_dag to 2022-08-30T00:16:00+00:00, run_after=2022-08-30T00:18:00+00:00
[2022-08-29T20:19:40.543-0400] {processor.py:161} INFO - Processing /Users/jl/Documents/Repos/GHC-2022-data-engineering-workshop/venv/lib/python3.8/site-packages/airflow/example_dags/example_sla_dag.py took 0.177 seconds
[2022-08-29T20:21:13.866-0400] {processor.py:153} INFO - Started process (PID=15573) to work on /Users/jl/Documents/Repos/GHC-2022-data-engineering-workshop/venv/lib/python3.8/site-packages/airflow/example_dags/example_sla_dag.py
[2022-08-29T20:21:13.874-0400] {processor.py:640} INFO - Processing file /Users/jl/Documents/Repos/GHC-2022-data-engineering-workshop/venv/lib/python3.8/site-packages/airflow/example_dags/example_sla_dag.py for tasks to queue
[2022-08-29T20:21:13.875-0400] {logging_mixin.py:115} INFO - [2022-08-29T20:21:13.875-0400] {dagbag.py:508} INFO - Filling up the DagBag from /Users/jl/Documents/Repos/GHC-2022-data-engineering-workshop/venv/lib/python3.8/site-packages/airflow/example_dags/example_sla_dag.py
[2022-08-29T20:21:13.916-0400] {processor.py:650} INFO - DAG(s) dict_keys(['example_sla_dag']) retrieved from /Users/jl/Documents/Repos/GHC-2022-data-engineering-workshop/venv/lib/python3.8/site-packages/airflow/example_dags/example_sla_dag.py
[2022-08-29T20:21:13.995-0400] {logging_mixin.py:115} INFO - [2022-08-29T20:21:13.995-0400] {dag.py:2429} INFO - Sync 1 DAGs
[2022-08-29T20:21:14.018-0400] {logging_mixin.py:115} INFO - [2022-08-29T20:21:14.018-0400] {dag.py:2977} INFO - Setting next_dagrun for example_sla_dag to 2022-08-30T00:18:00+00:00, run_after=2022-08-30T00:20:00+00:00
[2022-08-29T20:21:14.032-0400] {processor.py:161} INFO - Processing /Users/jl/Documents/Repos/GHC-2022-data-engineering-workshop/venv/lib/python3.8/site-packages/airflow/example_dags/example_sla_dag.py took 0.167 seconds
[2022-08-29T20:22:38.780-0400] {processor.py:153} INFO - Started process (PID=15654) to work on /Users/jl/Documents/Repos/GHC-2022-data-engineering-workshop/venv/lib/python3.8/site-packages/airflow/example_dags/example_sla_dag.py
[2022-08-29T20:22:38.788-0400] {processor.py:640} INFO - Processing file /Users/jl/Documents/Repos/GHC-2022-data-engineering-workshop/venv/lib/python3.8/site-packages/airflow/example_dags/example_sla_dag.py for tasks to queue
[2022-08-29T20:22:38.789-0400] {logging_mixin.py:115} INFO - [2022-08-29T20:22:38.789-0400] {dagbag.py:508} INFO - Filling up the DagBag from /Users/jl/Documents/Repos/GHC-2022-data-engineering-workshop/venv/lib/python3.8/site-packages/airflow/example_dags/example_sla_dag.py
[2022-08-29T20:22:38.828-0400] {processor.py:650} INFO - DAG(s) dict_keys(['example_sla_dag']) retrieved from /Users/jl/Documents/Repos/GHC-2022-data-engineering-workshop/venv/lib/python3.8/site-packages/airflow/example_dags/example_sla_dag.py
[2022-08-29T20:22:38.906-0400] {logging_mixin.py:115} INFO - [2022-08-29T20:22:38.906-0400] {dag.py:2429} INFO - Sync 1 DAGs
[2022-08-29T20:22:38.928-0400] {logging_mixin.py:115} INFO - [2022-08-29T20:22:38.928-0400] {dag.py:2977} INFO - Setting next_dagrun for example_sla_dag to 2022-08-30T00:20:00+00:00, run_after=2022-08-30T00:22:00+00:00
[2022-08-29T20:22:38.943-0400] {processor.py:161} INFO - Processing /Users/jl/Documents/Repos/GHC-2022-data-engineering-workshop/venv/lib/python3.8/site-packages/airflow/example_dags/example_sla_dag.py took 0.164 seconds
[2022-08-29T20:24:06.916-0400] {processor.py:153} INFO - Started process (PID=15735) to work on /Users/jl/Documents/Repos/GHC-2022-data-engineering-workshop/venv/lib/python3.8/site-packages/airflow/example_dags/example_sla_dag.py
[2022-08-29T20:24:06.924-0400] {processor.py:640} INFO - Processing file /Users/jl/Documents/Repos/GHC-2022-data-engineering-workshop/venv/lib/python3.8/site-packages/airflow/example_dags/example_sla_dag.py for tasks to queue
[2022-08-29T20:24:06.924-0400] {logging_mixin.py:115} INFO - [2022-08-29T20:24:06.924-0400] {dagbag.py:508} INFO - Filling up the DagBag from /Users/jl/Documents/Repos/GHC-2022-data-engineering-workshop/venv/lib/python3.8/site-packages/airflow/example_dags/example_sla_dag.py
[2022-08-29T20:24:06.964-0400] {processor.py:650} INFO - DAG(s) dict_keys(['example_sla_dag']) retrieved from /Users/jl/Documents/Repos/GHC-2022-data-engineering-workshop/venv/lib/python3.8/site-packages/airflow/example_dags/example_sla_dag.py
[2022-08-29T20:24:07.044-0400] {logging_mixin.py:115} INFO - [2022-08-29T20:24:07.044-0400] {dag.py:2429} INFO - Sync 1 DAGs
[2022-08-29T20:24:07.066-0400] {logging_mixin.py:115} INFO - [2022-08-29T20:24:07.066-0400] {dag.py:2977} INFO - Setting next_dagrun for example_sla_dag to 2022-08-30T00:22:00+00:00, run_after=2022-08-30T00:24:00+00:00
[2022-08-29T20:24:07.080-0400] {processor.py:161} INFO - Processing /Users/jl/Documents/Repos/GHC-2022-data-engineering-workshop/venv/lib/python3.8/site-packages/airflow/example_dags/example_sla_dag.py took 0.166 seconds
[2022-08-29T20:25:42.531-0400] {processor.py:153} INFO - Started process (PID=15821) to work on /Users/jl/Documents/Repos/GHC-2022-data-engineering-workshop/venv/lib/python3.8/site-packages/airflow/example_dags/example_sla_dag.py
[2022-08-29T20:25:42.563-0400] {processor.py:640} INFO - Processing file /Users/jl/Documents/Repos/GHC-2022-data-engineering-workshop/venv/lib/python3.8/site-packages/airflow/example_dags/example_sla_dag.py for tasks to queue
[2022-08-29T20:25:42.563-0400] {logging_mixin.py:115} INFO - [2022-08-29T20:25:42.563-0400] {dagbag.py:508} INFO - Filling up the DagBag from /Users/jl/Documents/Repos/GHC-2022-data-engineering-workshop/venv/lib/python3.8/site-packages/airflow/example_dags/example_sla_dag.py
[2022-08-29T20:25:42.704-0400] {processor.py:650} INFO - DAG(s) dict_keys(['example_sla_dag']) retrieved from /Users/jl/Documents/Repos/GHC-2022-data-engineering-workshop/venv/lib/python3.8/site-packages/airflow/example_dags/example_sla_dag.py
[2022-08-29T20:25:42.836-0400] {logging_mixin.py:115} INFO - [2022-08-29T20:25:42.835-0400] {dag.py:2429} INFO - Sync 1 DAGs
[2022-08-29T20:25:42.859-0400] {logging_mixin.py:115} INFO - [2022-08-29T20:25:42.859-0400] {dag.py:2977} INFO - Setting next_dagrun for example_sla_dag to 2022-08-30T00:22:00+00:00, run_after=2022-08-30T00:24:00+00:00
[2022-08-29T20:25:42.872-0400] {processor.py:161} INFO - Processing /Users/jl/Documents/Repos/GHC-2022-data-engineering-workshop/venv/lib/python3.8/site-packages/airflow/example_dags/example_sla_dag.py took 0.343 seconds
[2022-08-29T20:27:52.867-0400] {processor.py:153} INFO - Started process (PID=15949) to work on /Users/jl/Documents/Repos/GHC-2022-data-engineering-workshop/venv/lib/python3.8/site-packages/airflow/example_dags/example_sla_dag.py
[2022-08-29T20:27:52.877-0400] {processor.py:640} INFO - Processing file /Users/jl/Documents/Repos/GHC-2022-data-engineering-workshop/venv/lib/python3.8/site-packages/airflow/example_dags/example_sla_dag.py for tasks to queue
[2022-08-29T20:27:52.878-0400] {logging_mixin.py:115} INFO - [2022-08-29T20:27:52.878-0400] {dagbag.py:508} INFO - Filling up the DagBag from /Users/jl/Documents/Repos/GHC-2022-data-engineering-workshop/venv/lib/python3.8/site-packages/airflow/example_dags/example_sla_dag.py
[2022-08-29T20:27:52.917-0400] {processor.py:650} INFO - DAG(s) dict_keys(['example_sla_dag']) retrieved from /Users/jl/Documents/Repos/GHC-2022-data-engineering-workshop/venv/lib/python3.8/site-packages/airflow/example_dags/example_sla_dag.py
[2022-08-29T20:27:52.998-0400] {logging_mixin.py:115} INFO - [2022-08-29T20:27:52.997-0400] {dag.py:2429} INFO - Sync 1 DAGs
[2022-08-29T20:27:53.020-0400] {logging_mixin.py:115} INFO - [2022-08-29T20:27:53.019-0400] {dag.py:2977} INFO - Setting next_dagrun for example_sla_dag to 2022-08-30T00:24:00+00:00, run_after=2022-08-30T00:26:00+00:00
[2022-08-29T20:27:53.034-0400] {processor.py:161} INFO - Processing /Users/jl/Documents/Repos/GHC-2022-data-engineering-workshop/venv/lib/python3.8/site-packages/airflow/example_dags/example_sla_dag.py took 0.168 seconds
[2022-08-29T20:29:28.563-0400] {processor.py:153} INFO - Started process (PID=16033) to work on /Users/jl/Documents/Repos/GHC-2022-data-engineering-workshop/venv/lib/python3.8/site-packages/airflow/example_dags/example_sla_dag.py
[2022-08-29T20:29:28.571-0400] {processor.py:640} INFO - Processing file /Users/jl/Documents/Repos/GHC-2022-data-engineering-workshop/venv/lib/python3.8/site-packages/airflow/example_dags/example_sla_dag.py for tasks to queue
[2022-08-29T20:29:28.572-0400] {logging_mixin.py:115} INFO - [2022-08-29T20:29:28.572-0400] {dagbag.py:508} INFO - Filling up the DagBag from /Users/jl/Documents/Repos/GHC-2022-data-engineering-workshop/venv/lib/python3.8/site-packages/airflow/example_dags/example_sla_dag.py
[2022-08-29T20:29:28.613-0400] {processor.py:650} INFO - DAG(s) dict_keys(['example_sla_dag']) retrieved from /Users/jl/Documents/Repos/GHC-2022-data-engineering-workshop/venv/lib/python3.8/site-packages/airflow/example_dags/example_sla_dag.py
[2022-08-29T20:29:28.694-0400] {logging_mixin.py:115} INFO - [2022-08-29T20:29:28.694-0400] {dag.py:2429} INFO - Sync 1 DAGs
[2022-08-29T20:29:28.719-0400] {logging_mixin.py:115} INFO - [2022-08-29T20:29:28.718-0400] {dag.py:2977} INFO - Setting next_dagrun for example_sla_dag to 2022-08-30T00:26:00+00:00, run_after=2022-08-30T00:28:00+00:00
[2022-08-29T20:29:28.734-0400] {processor.py:161} INFO - Processing /Users/jl/Documents/Repos/GHC-2022-data-engineering-workshop/venv/lib/python3.8/site-packages/airflow/example_dags/example_sla_dag.py took 0.172 seconds
[2022-08-29T20:31:48.131-0400] {processor.py:153} INFO - Started process (PID=16159) to work on /Users/jl/Documents/Repos/GHC-2022-data-engineering-workshop/venv/lib/python3.8/site-packages/airflow/example_dags/example_sla_dag.py
[2022-08-29T20:31:48.141-0400] {processor.py:640} INFO - Processing file /Users/jl/Documents/Repos/GHC-2022-data-engineering-workshop/venv/lib/python3.8/site-packages/airflow/example_dags/example_sla_dag.py for tasks to queue
[2022-08-29T20:31:48.142-0400] {logging_mixin.py:115} INFO - [2022-08-29T20:31:48.142-0400] {dagbag.py:508} INFO - Filling up the DagBag from /Users/jl/Documents/Repos/GHC-2022-data-engineering-workshop/venv/lib/python3.8/site-packages/airflow/example_dags/example_sla_dag.py
[2022-08-29T20:31:48.184-0400] {processor.py:650} INFO - DAG(s) dict_keys(['example_sla_dag']) retrieved from /Users/jl/Documents/Repos/GHC-2022-data-engineering-workshop/venv/lib/python3.8/site-packages/airflow/example_dags/example_sla_dag.py
[2022-08-29T20:31:48.265-0400] {logging_mixin.py:115} INFO - [2022-08-29T20:31:48.265-0400] {dag.py:2429} INFO - Sync 1 DAGs
[2022-08-29T20:31:48.288-0400] {logging_mixin.py:115} INFO - [2022-08-29T20:31:48.287-0400] {dag.py:2977} INFO - Setting next_dagrun for example_sla_dag to 2022-08-30T00:28:00+00:00, run_after=2022-08-30T00:30:00+00:00
[2022-08-29T20:31:48.301-0400] {processor.py:161} INFO - Processing /Users/jl/Documents/Repos/GHC-2022-data-engineering-workshop/venv/lib/python3.8/site-packages/airflow/example_dags/example_sla_dag.py took 0.171 seconds
[2022-08-29T20:33:50.282-0400] {processor.py:153} INFO - Started process (PID=16281) to work on /Users/jl/Documents/Repos/GHC-2022-data-engineering-workshop/venv/lib/python3.8/site-packages/airflow/example_dags/example_sla_dag.py
[2022-08-29T20:33:50.292-0400] {processor.py:640} INFO - Processing file /Users/jl/Documents/Repos/GHC-2022-data-engineering-workshop/venv/lib/python3.8/site-packages/airflow/example_dags/example_sla_dag.py for tasks to queue
[2022-08-29T20:33:50.293-0400] {logging_mixin.py:115} INFO - [2022-08-29T20:33:50.293-0400] {dagbag.py:508} INFO - Filling up the DagBag from /Users/jl/Documents/Repos/GHC-2022-data-engineering-workshop/venv/lib/python3.8/site-packages/airflow/example_dags/example_sla_dag.py
[2022-08-29T20:33:50.339-0400] {processor.py:650} INFO - DAG(s) dict_keys(['example_sla_dag']) retrieved from /Users/jl/Documents/Repos/GHC-2022-data-engineering-workshop/venv/lib/python3.8/site-packages/airflow/example_dags/example_sla_dag.py
[2022-08-29T20:33:50.426-0400] {logging_mixin.py:115} INFO - [2022-08-29T20:33:50.426-0400] {dag.py:2429} INFO - Sync 1 DAGs
[2022-08-29T20:33:50.450-0400] {logging_mixin.py:115} INFO - [2022-08-29T20:33:50.450-0400] {dag.py:2977} INFO - Setting next_dagrun for example_sla_dag to 2022-08-30T00:30:00+00:00, run_after=2022-08-30T00:32:00+00:00
[2022-08-29T20:33:50.466-0400] {processor.py:161} INFO - Processing /Users/jl/Documents/Repos/GHC-2022-data-engineering-workshop/venv/lib/python3.8/site-packages/airflow/example_dags/example_sla_dag.py took 0.185 seconds
[2022-08-29T20:35:31.600-0400] {processor.py:153} INFO - Started process (PID=16381) to work on /Users/jl/Documents/Repos/GHC-2022-data-engineering-workshop/venv/lib/python3.8/site-packages/airflow/example_dags/example_sla_dag.py
[2022-08-29T20:35:31.610-0400] {processor.py:640} INFO - Processing file /Users/jl/Documents/Repos/GHC-2022-data-engineering-workshop/venv/lib/python3.8/site-packages/airflow/example_dags/example_sla_dag.py for tasks to queue
[2022-08-29T20:35:31.611-0400] {logging_mixin.py:115} INFO - [2022-08-29T20:35:31.610-0400] {dagbag.py:508} INFO - Filling up the DagBag from /Users/jl/Documents/Repos/GHC-2022-data-engineering-workshop/venv/lib/python3.8/site-packages/airflow/example_dags/example_sla_dag.py
[2022-08-29T20:35:31.654-0400] {processor.py:650} INFO - DAG(s) dict_keys(['example_sla_dag']) retrieved from /Users/jl/Documents/Repos/GHC-2022-data-engineering-workshop/venv/lib/python3.8/site-packages/airflow/example_dags/example_sla_dag.py
[2022-08-29T20:35:31.740-0400] {logging_mixin.py:115} INFO - [2022-08-29T20:35:31.740-0400] {dag.py:2429} INFO - Sync 1 DAGs
[2022-08-29T20:35:31.764-0400] {logging_mixin.py:115} INFO - [2022-08-29T20:35:31.764-0400] {dag.py:2977} INFO - Setting next_dagrun for example_sla_dag to 2022-08-30T00:32:00+00:00, run_after=2022-08-30T00:34:00+00:00
[2022-08-29T20:35:31.778-0400] {processor.py:161} INFO - Processing /Users/jl/Documents/Repos/GHC-2022-data-engineering-workshop/venv/lib/python3.8/site-packages/airflow/example_dags/example_sla_dag.py took 0.180 seconds
[2022-08-29T20:37:22.277-0400] {processor.py:153} INFO - Started process (PID=16508) to work on /Users/jl/Documents/Repos/GHC-2022-data-engineering-workshop/venv/lib/python3.8/site-packages/airflow/example_dags/example_sla_dag.py
[2022-08-29T20:37:22.288-0400] {processor.py:640} INFO - Processing file /Users/jl/Documents/Repos/GHC-2022-data-engineering-workshop/venv/lib/python3.8/site-packages/airflow/example_dags/example_sla_dag.py for tasks to queue
[2022-08-29T20:37:22.289-0400] {logging_mixin.py:115} INFO - [2022-08-29T20:37:22.289-0400] {dagbag.py:508} INFO - Filling up the DagBag from /Users/jl/Documents/Repos/GHC-2022-data-engineering-workshop/venv/lib/python3.8/site-packages/airflow/example_dags/example_sla_dag.py
[2022-08-29T20:37:22.333-0400] {processor.py:650} INFO - DAG(s) dict_keys(['example_sla_dag']) retrieved from /Users/jl/Documents/Repos/GHC-2022-data-engineering-workshop/venv/lib/python3.8/site-packages/airflow/example_dags/example_sla_dag.py
[2022-08-29T20:37:22.418-0400] {logging_mixin.py:115} INFO - [2022-08-29T20:37:22.418-0400] {dag.py:2429} INFO - Sync 1 DAGs
[2022-08-29T20:37:22.442-0400] {logging_mixin.py:115} INFO - [2022-08-29T20:37:22.442-0400] {dag.py:2977} INFO - Setting next_dagrun for example_sla_dag to 2022-08-30T00:34:00+00:00, run_after=2022-08-30T00:36:00+00:00
[2022-08-29T20:37:22.458-0400] {processor.py:161} INFO - Processing /Users/jl/Documents/Repos/GHC-2022-data-engineering-workshop/venv/lib/python3.8/site-packages/airflow/example_dags/example_sla_dag.py took 0.182 seconds
[2022-08-29T20:39:25.921-0400] {processor.py:153} INFO - Started process (PID=16618) to work on /Users/jl/Documents/Repos/GHC-2022-data-engineering-workshop/venv/lib/python3.8/site-packages/airflow/example_dags/example_sla_dag.py
[2022-08-29T20:39:25.931-0400] {processor.py:640} INFO - Processing file /Users/jl/Documents/Repos/GHC-2022-data-engineering-workshop/venv/lib/python3.8/site-packages/airflow/example_dags/example_sla_dag.py for tasks to queue
[2022-08-29T20:39:25.933-0400] {logging_mixin.py:115} INFO - [2022-08-29T20:39:25.932-0400] {dagbag.py:508} INFO - Filling up the DagBag from /Users/jl/Documents/Repos/GHC-2022-data-engineering-workshop/venv/lib/python3.8/site-packages/airflow/example_dags/example_sla_dag.py
[2022-08-29T20:39:25.978-0400] {processor.py:650} INFO - DAG(s) dict_keys(['example_sla_dag']) retrieved from /Users/jl/Documents/Repos/GHC-2022-data-engineering-workshop/venv/lib/python3.8/site-packages/airflow/example_dags/example_sla_dag.py
[2022-08-29T20:39:26.070-0400] {logging_mixin.py:115} INFO - [2022-08-29T20:39:26.070-0400] {dag.py:2429} INFO - Sync 1 DAGs
[2022-08-29T20:39:26.095-0400] {logging_mixin.py:115} INFO - [2022-08-29T20:39:26.094-0400] {dag.py:2977} INFO - Setting next_dagrun for example_sla_dag to 2022-08-30T00:36:00+00:00, run_after=2022-08-30T00:38:00+00:00
[2022-08-29T20:39:26.111-0400] {processor.py:161} INFO - Processing /Users/jl/Documents/Repos/GHC-2022-data-engineering-workshop/venv/lib/python3.8/site-packages/airflow/example_dags/example_sla_dag.py took 0.191 seconds
[2022-08-29T20:41:09.541-0400] {processor.py:153} INFO - Started process (PID=16709) to work on /Users/jl/Documents/Repos/GHC-2022-data-engineering-workshop/venv/lib/python3.8/site-packages/airflow/example_dags/example_sla_dag.py
[2022-08-29T20:41:09.549-0400] {processor.py:640} INFO - Processing file /Users/jl/Documents/Repos/GHC-2022-data-engineering-workshop/venv/lib/python3.8/site-packages/airflow/example_dags/example_sla_dag.py for tasks to queue
[2022-08-29T20:41:09.550-0400] {logging_mixin.py:115} INFO - [2022-08-29T20:41:09.549-0400] {dagbag.py:508} INFO - Filling up the DagBag from /Users/jl/Documents/Repos/GHC-2022-data-engineering-workshop/venv/lib/python3.8/site-packages/airflow/example_dags/example_sla_dag.py
[2022-08-29T20:41:09.589-0400] {processor.py:650} INFO - DAG(s) dict_keys(['example_sla_dag']) retrieved from /Users/jl/Documents/Repos/GHC-2022-data-engineering-workshop/venv/lib/python3.8/site-packages/airflow/example_dags/example_sla_dag.py
[2022-08-29T20:41:09.666-0400] {logging_mixin.py:115} INFO - [2022-08-29T20:41:09.666-0400] {dag.py:2429} INFO - Sync 1 DAGs
[2022-08-29T20:41:09.688-0400] {logging_mixin.py:115} INFO - [2022-08-29T20:41:09.688-0400] {dag.py:2977} INFO - Setting next_dagrun for example_sla_dag to 2022-08-30T00:38:00+00:00, run_after=2022-08-30T00:40:00+00:00
[2022-08-29T20:41:09.702-0400] {processor.py:161} INFO - Processing /Users/jl/Documents/Repos/GHC-2022-data-engineering-workshop/venv/lib/python3.8/site-packages/airflow/example_dags/example_sla_dag.py took 0.162 seconds
[2022-08-29T20:43:02.557-0400] {processor.py:153} INFO - Started process (PID=16809) to work on /Users/jl/Documents/Repos/GHC-2022-data-engineering-workshop/venv/lib/python3.8/site-packages/airflow/example_dags/example_sla_dag.py
[2022-08-29T20:43:02.568-0400] {processor.py:640} INFO - Processing file /Users/jl/Documents/Repos/GHC-2022-data-engineering-workshop/venv/lib/python3.8/site-packages/airflow/example_dags/example_sla_dag.py for tasks to queue
[2022-08-29T20:43:02.569-0400] {logging_mixin.py:115} INFO - [2022-08-29T20:43:02.569-0400] {dagbag.py:508} INFO - Filling up the DagBag from /Users/jl/Documents/Repos/GHC-2022-data-engineering-workshop/venv/lib/python3.8/site-packages/airflow/example_dags/example_sla_dag.py
[2022-08-29T20:43:02.620-0400] {processor.py:650} INFO - DAG(s) dict_keys(['example_sla_dag']) retrieved from /Users/jl/Documents/Repos/GHC-2022-data-engineering-workshop/venv/lib/python3.8/site-packages/airflow/example_dags/example_sla_dag.py
[2022-08-29T20:43:02.707-0400] {logging_mixin.py:115} INFO - [2022-08-29T20:43:02.707-0400] {dag.py:2429} INFO - Sync 1 DAGs
[2022-08-29T20:43:02.730-0400] {logging_mixin.py:115} INFO - [2022-08-29T20:43:02.730-0400] {dag.py:2977} INFO - Setting next_dagrun for example_sla_dag to 2022-08-30T00:40:00+00:00, run_after=2022-08-30T00:42:00+00:00
[2022-08-29T20:43:02.746-0400] {processor.py:161} INFO - Processing /Users/jl/Documents/Repos/GHC-2022-data-engineering-workshop/venv/lib/python3.8/site-packages/airflow/example_dags/example_sla_dag.py took 0.190 seconds
[2022-08-29T20:45:02.420-0400] {processor.py:153} INFO - Started process (PID=16916) to work on /Users/jl/Documents/Repos/GHC-2022-data-engineering-workshop/venv/lib/python3.8/site-packages/airflow/example_dags/example_sla_dag.py
[2022-08-29T20:45:02.429-0400] {processor.py:640} INFO - Processing file /Users/jl/Documents/Repos/GHC-2022-data-engineering-workshop/venv/lib/python3.8/site-packages/airflow/example_dags/example_sla_dag.py for tasks to queue
[2022-08-29T20:45:02.430-0400] {logging_mixin.py:115} INFO - [2022-08-29T20:45:02.430-0400] {dagbag.py:508} INFO - Filling up the DagBag from /Users/jl/Documents/Repos/GHC-2022-data-engineering-workshop/venv/lib/python3.8/site-packages/airflow/example_dags/example_sla_dag.py
[2022-08-29T20:45:02.472-0400] {processor.py:650} INFO - DAG(s) dict_keys(['example_sla_dag']) retrieved from /Users/jl/Documents/Repos/GHC-2022-data-engineering-workshop/venv/lib/python3.8/site-packages/airflow/example_dags/example_sla_dag.py
[2022-08-29T20:45:02.550-0400] {logging_mixin.py:115} INFO - [2022-08-29T20:45:02.550-0400] {dag.py:2429} INFO - Sync 1 DAGs
[2022-08-29T20:45:02.574-0400] {logging_mixin.py:115} INFO - [2022-08-29T20:45:02.574-0400] {dag.py:2977} INFO - Setting next_dagrun for example_sla_dag to 2022-08-30T00:42:00+00:00, run_after=2022-08-30T00:44:00+00:00
[2022-08-29T20:45:02.588-0400] {processor.py:161} INFO - Processing /Users/jl/Documents/Repos/GHC-2022-data-engineering-workshop/venv/lib/python3.8/site-packages/airflow/example_dags/example_sla_dag.py took 0.169 seconds
[2022-08-29T20:46:40.181-0400] {processor.py:153} INFO - Started process (PID=17005) to work on /Users/jl/Documents/Repos/GHC-2022-data-engineering-workshop/venv/lib/python3.8/site-packages/airflow/example_dags/example_sla_dag.py
[2022-08-29T20:46:40.189-0400] {processor.py:640} INFO - Processing file /Users/jl/Documents/Repos/GHC-2022-data-engineering-workshop/venv/lib/python3.8/site-packages/airflow/example_dags/example_sla_dag.py for tasks to queue
[2022-08-29T20:46:40.190-0400] {logging_mixin.py:115} INFO - [2022-08-29T20:46:40.190-0400] {dagbag.py:508} INFO - Filling up the DagBag from /Users/jl/Documents/Repos/GHC-2022-data-engineering-workshop/venv/lib/python3.8/site-packages/airflow/example_dags/example_sla_dag.py
[2022-08-29T20:46:40.229-0400] {processor.py:650} INFO - DAG(s) dict_keys(['example_sla_dag']) retrieved from /Users/jl/Documents/Repos/GHC-2022-data-engineering-workshop/venv/lib/python3.8/site-packages/airflow/example_dags/example_sla_dag.py
[2022-08-29T20:46:40.307-0400] {logging_mixin.py:115} INFO - [2022-08-29T20:46:40.307-0400] {dag.py:2429} INFO - Sync 1 DAGs
[2022-08-29T20:46:40.329-0400] {logging_mixin.py:115} INFO - [2022-08-29T20:46:40.328-0400] {dag.py:2977} INFO - Setting next_dagrun for example_sla_dag to 2022-08-30T00:44:00+00:00, run_after=2022-08-30T00:46:00+00:00
[2022-08-29T20:46:40.343-0400] {processor.py:161} INFO - Processing /Users/jl/Documents/Repos/GHC-2022-data-engineering-workshop/venv/lib/python3.8/site-packages/airflow/example_dags/example_sla_dag.py took 0.163 seconds
[2022-08-29T20:48:36.069-0400] {processor.py:153} INFO - Started process (PID=17109) to work on /Users/jl/Documents/Repos/GHC-2022-data-engineering-workshop/venv/lib/python3.8/site-packages/airflow/example_dags/example_sla_dag.py
[2022-08-29T20:48:36.104-0400] {processor.py:640} INFO - Processing file /Users/jl/Documents/Repos/GHC-2022-data-engineering-workshop/venv/lib/python3.8/site-packages/airflow/example_dags/example_sla_dag.py for tasks to queue
[2022-08-29T20:48:36.107-0400] {logging_mixin.py:115} INFO - [2022-08-29T20:48:36.107-0400] {dagbag.py:508} INFO - Filling up the DagBag from /Users/jl/Documents/Repos/GHC-2022-data-engineering-workshop/venv/lib/python3.8/site-packages/airflow/example_dags/example_sla_dag.py
[2022-08-29T20:48:36.155-0400] {processor.py:650} INFO - DAG(s) dict_keys(['example_sla_dag']) retrieved from /Users/jl/Documents/Repos/GHC-2022-data-engineering-workshop/venv/lib/python3.8/site-packages/airflow/example_dags/example_sla_dag.py
[2022-08-29T20:48:36.239-0400] {logging_mixin.py:115} INFO - [2022-08-29T20:48:36.239-0400] {dag.py:2429} INFO - Sync 1 DAGs
[2022-08-29T20:48:36.263-0400] {logging_mixin.py:115} INFO - [2022-08-29T20:48:36.263-0400] {dag.py:2977} INFO - Setting next_dagrun for example_sla_dag to 2022-08-30T00:46:00+00:00, run_after=2022-08-30T00:48:00+00:00
[2022-08-29T20:48:36.281-0400] {processor.py:161} INFO - Processing /Users/jl/Documents/Repos/GHC-2022-data-engineering-workshop/venv/lib/python3.8/site-packages/airflow/example_dags/example_sla_dag.py took 0.213 seconds
[2022-08-29T20:50:14.368-0400] {processor.py:153} INFO - Started process (PID=17198) to work on /Users/jl/Documents/Repos/GHC-2022-data-engineering-workshop/venv/lib/python3.8/site-packages/airflow/example_dags/example_sla_dag.py
[2022-08-29T20:50:14.376-0400] {processor.py:640} INFO - Processing file /Users/jl/Documents/Repos/GHC-2022-data-engineering-workshop/venv/lib/python3.8/site-packages/airflow/example_dags/example_sla_dag.py for tasks to queue
[2022-08-29T20:50:14.377-0400] {logging_mixin.py:115} INFO - [2022-08-29T20:50:14.376-0400] {dagbag.py:508} INFO - Filling up the DagBag from /Users/jl/Documents/Repos/GHC-2022-data-engineering-workshop/venv/lib/python3.8/site-packages/airflow/example_dags/example_sla_dag.py
[2022-08-29T20:50:14.417-0400] {processor.py:650} INFO - DAG(s) dict_keys(['example_sla_dag']) retrieved from /Users/jl/Documents/Repos/GHC-2022-data-engineering-workshop/venv/lib/python3.8/site-packages/airflow/example_dags/example_sla_dag.py
[2022-08-29T20:50:14.495-0400] {logging_mixin.py:115} INFO - [2022-08-29T20:50:14.495-0400] {dag.py:2429} INFO - Sync 1 DAGs
[2022-08-29T20:50:14.517-0400] {logging_mixin.py:115} INFO - [2022-08-29T20:50:14.517-0400] {dag.py:2977} INFO - Setting next_dagrun for example_sla_dag to 2022-08-30T00:48:00+00:00, run_after=2022-08-30T00:50:00+00:00
[2022-08-29T20:50:14.531-0400] {processor.py:161} INFO - Processing /Users/jl/Documents/Repos/GHC-2022-data-engineering-workshop/venv/lib/python3.8/site-packages/airflow/example_dags/example_sla_dag.py took 0.165 seconds
[2022-08-29T20:51:50.654-0400] {processor.py:153} INFO - Started process (PID=17287) to work on /Users/jl/Documents/Repos/GHC-2022-data-engineering-workshop/venv/lib/python3.8/site-packages/airflow/example_dags/example_sla_dag.py
[2022-08-29T20:51:50.663-0400] {processor.py:640} INFO - Processing file /Users/jl/Documents/Repos/GHC-2022-data-engineering-workshop/venv/lib/python3.8/site-packages/airflow/example_dags/example_sla_dag.py for tasks to queue
[2022-08-29T20:51:50.664-0400] {logging_mixin.py:115} INFO - [2022-08-29T20:51:50.664-0400] {dagbag.py:508} INFO - Filling up the DagBag from /Users/jl/Documents/Repos/GHC-2022-data-engineering-workshop/venv/lib/python3.8/site-packages/airflow/example_dags/example_sla_dag.py
[2022-08-29T20:51:50.704-0400] {processor.py:650} INFO - DAG(s) dict_keys(['example_sla_dag']) retrieved from /Users/jl/Documents/Repos/GHC-2022-data-engineering-workshop/venv/lib/python3.8/site-packages/airflow/example_dags/example_sla_dag.py
[2022-08-29T20:51:50.789-0400] {logging_mixin.py:115} INFO - [2022-08-29T20:51:50.788-0400] {dag.py:2429} INFO - Sync 1 DAGs
[2022-08-29T20:51:50.810-0400] {logging_mixin.py:115} INFO - [2022-08-29T20:51:50.810-0400] {dag.py:2977} INFO - Setting next_dagrun for example_sla_dag to 2022-08-30T00:48:00+00:00, run_after=2022-08-30T00:50:00+00:00
[2022-08-29T20:51:50.824-0400] {processor.py:161} INFO - Processing /Users/jl/Documents/Repos/GHC-2022-data-engineering-workshop/venv/lib/python3.8/site-packages/airflow/example_dags/example_sla_dag.py took 0.171 seconds
[2022-08-29T20:53:35.855-0400] {processor.py:153} INFO - Started process (PID=17381) to work on /Users/jl/Documents/Repos/GHC-2022-data-engineering-workshop/venv/lib/python3.8/site-packages/airflow/example_dags/example_sla_dag.py
[2022-08-29T20:53:35.863-0400] {processor.py:640} INFO - Processing file /Users/jl/Documents/Repos/GHC-2022-data-engineering-workshop/venv/lib/python3.8/site-packages/airflow/example_dags/example_sla_dag.py for tasks to queue
[2022-08-29T20:53:35.864-0400] {logging_mixin.py:115} INFO - [2022-08-29T20:53:35.864-0400] {dagbag.py:508} INFO - Filling up the DagBag from /Users/jl/Documents/Repos/GHC-2022-data-engineering-workshop/venv/lib/python3.8/site-packages/airflow/example_dags/example_sla_dag.py
[2022-08-29T20:53:35.906-0400] {processor.py:650} INFO - DAG(s) dict_keys(['example_sla_dag']) retrieved from /Users/jl/Documents/Repos/GHC-2022-data-engineering-workshop/venv/lib/python3.8/site-packages/airflow/example_dags/example_sla_dag.py
[2022-08-29T20:53:35.985-0400] {logging_mixin.py:115} INFO - [2022-08-29T20:53:35.984-0400] {dag.py:2429} INFO - Sync 1 DAGs
[2022-08-29T20:53:36.006-0400] {logging_mixin.py:115} INFO - [2022-08-29T20:53:36.006-0400] {dag.py:2977} INFO - Setting next_dagrun for example_sla_dag to 2022-08-30T00:50:00+00:00, run_after=2022-08-30T00:52:00+00:00
[2022-08-29T20:53:36.020-0400] {processor.py:161} INFO - Processing /Users/jl/Documents/Repos/GHC-2022-data-engineering-workshop/venv/lib/python3.8/site-packages/airflow/example_dags/example_sla_dag.py took 0.166 seconds
[2022-08-29T20:55:39.610-0400] {processor.py:153} INFO - Started process (PID=17478) to work on /Users/jl/Documents/Repos/GHC-2022-data-engineering-workshop/venv/lib/python3.8/site-packages/airflow/example_dags/example_sla_dag.py
[2022-08-29T20:55:39.622-0400] {processor.py:640} INFO - Processing file /Users/jl/Documents/Repos/GHC-2022-data-engineering-workshop/venv/lib/python3.8/site-packages/airflow/example_dags/example_sla_dag.py for tasks to queue
[2022-08-29T20:55:39.622-0400] {logging_mixin.py:115} INFO - [2022-08-29T20:55:39.622-0400] {dagbag.py:508} INFO - Filling up the DagBag from /Users/jl/Documents/Repos/GHC-2022-data-engineering-workshop/venv/lib/python3.8/site-packages/airflow/example_dags/example_sla_dag.py
[2022-08-29T20:55:39.673-0400] {processor.py:650} INFO - DAG(s) dict_keys(['example_sla_dag']) retrieved from /Users/jl/Documents/Repos/GHC-2022-data-engineering-workshop/venv/lib/python3.8/site-packages/airflow/example_dags/example_sla_dag.py
[2022-08-29T20:55:39.769-0400] {logging_mixin.py:115} INFO - [2022-08-29T20:55:39.769-0400] {dag.py:2429} INFO - Sync 1 DAGs
[2022-08-29T20:55:39.792-0400] {logging_mixin.py:115} INFO - [2022-08-29T20:55:39.792-0400] {dag.py:2977} INFO - Setting next_dagrun for example_sla_dag to 2022-08-30T00:52:00+00:00, run_after=2022-08-30T00:54:00+00:00
[2022-08-29T20:55:39.806-0400] {processor.py:161} INFO - Processing /Users/jl/Documents/Repos/GHC-2022-data-engineering-workshop/venv/lib/python3.8/site-packages/airflow/example_dags/example_sla_dag.py took 0.198 seconds
[2022-08-29T20:57:24.639-0400] {processor.py:153} INFO - Started process (PID=17571) to work on /Users/jl/Documents/Repos/GHC-2022-data-engineering-workshop/venv/lib/python3.8/site-packages/airflow/example_dags/example_sla_dag.py
[2022-08-29T20:57:24.650-0400] {processor.py:640} INFO - Processing file /Users/jl/Documents/Repos/GHC-2022-data-engineering-workshop/venv/lib/python3.8/site-packages/airflow/example_dags/example_sla_dag.py for tasks to queue
[2022-08-29T20:57:24.650-0400] {logging_mixin.py:115} INFO - [2022-08-29T20:57:24.650-0400] {dagbag.py:508} INFO - Filling up the DagBag from /Users/jl/Documents/Repos/GHC-2022-data-engineering-workshop/venv/lib/python3.8/site-packages/airflow/example_dags/example_sla_dag.py
[2022-08-29T20:57:24.693-0400] {processor.py:650} INFO - DAG(s) dict_keys(['example_sla_dag']) retrieved from /Users/jl/Documents/Repos/GHC-2022-data-engineering-workshop/venv/lib/python3.8/site-packages/airflow/example_dags/example_sla_dag.py
[2022-08-29T20:57:24.773-0400] {logging_mixin.py:115} INFO - [2022-08-29T20:57:24.772-0400] {dag.py:2429} INFO - Sync 1 DAGs
[2022-08-29T20:57:24.795-0400] {logging_mixin.py:115} INFO - [2022-08-29T20:57:24.795-0400] {dag.py:2977} INFO - Setting next_dagrun for example_sla_dag to 2022-08-30T00:54:00+00:00, run_after=2022-08-30T00:56:00+00:00
[2022-08-29T20:57:24.810-0400] {processor.py:161} INFO - Processing /Users/jl/Documents/Repos/GHC-2022-data-engineering-workshop/venv/lib/python3.8/site-packages/airflow/example_dags/example_sla_dag.py took 0.172 seconds
[2022-08-29T20:59:52.865-0400] {processor.py:153} INFO - Started process (PID=17724) to work on /Users/jl/Documents/Repos/GHC-2022-data-engineering-workshop/venv/lib/python3.8/site-packages/airflow/example_dags/example_sla_dag.py
[2022-08-29T20:59:52.877-0400] {processor.py:640} INFO - Processing file /Users/jl/Documents/Repos/GHC-2022-data-engineering-workshop/venv/lib/python3.8/site-packages/airflow/example_dags/example_sla_dag.py for tasks to queue
[2022-08-29T20:59:52.878-0400] {logging_mixin.py:115} INFO - [2022-08-29T20:59:52.878-0400] {dagbag.py:508} INFO - Filling up the DagBag from /Users/jl/Documents/Repos/GHC-2022-data-engineering-workshop/venv/lib/python3.8/site-packages/airflow/example_dags/example_sla_dag.py
[2022-08-29T20:59:52.941-0400] {processor.py:650} INFO - DAG(s) dict_keys(['example_sla_dag']) retrieved from /Users/jl/Documents/Repos/GHC-2022-data-engineering-workshop/venv/lib/python3.8/site-packages/airflow/example_dags/example_sla_dag.py
[2022-08-29T20:59:53.034-0400] {logging_mixin.py:115} INFO - [2022-08-29T20:59:53.034-0400] {dag.py:2429} INFO - Sync 1 DAGs
[2022-08-29T20:59:53.058-0400] {logging_mixin.py:115} INFO - [2022-08-29T20:59:53.058-0400] {dag.py:2977} INFO - Setting next_dagrun for example_sla_dag to 2022-08-30T00:56:00+00:00, run_after=2022-08-30T00:58:00+00:00
[2022-08-29T20:59:53.082-0400] {processor.py:161} INFO - Processing /Users/jl/Documents/Repos/GHC-2022-data-engineering-workshop/venv/lib/python3.8/site-packages/airflow/example_dags/example_sla_dag.py took 0.218 seconds
[2022-08-29T21:01:45.729-0400] {processor.py:153} INFO - Started process (PID=17830) to work on /Users/jl/Documents/Repos/GHC-2022-data-engineering-workshop/venv/lib/python3.8/site-packages/airflow/example_dags/example_sla_dag.py
[2022-08-29T21:01:45.737-0400] {processor.py:640} INFO - Processing file /Users/jl/Documents/Repos/GHC-2022-data-engineering-workshop/venv/lib/python3.8/site-packages/airflow/example_dags/example_sla_dag.py for tasks to queue
[2022-08-29T21:01:45.737-0400] {logging_mixin.py:115} INFO - [2022-08-29T21:01:45.737-0400] {dagbag.py:508} INFO - Filling up the DagBag from /Users/jl/Documents/Repos/GHC-2022-data-engineering-workshop/venv/lib/python3.8/site-packages/airflow/example_dags/example_sla_dag.py
[2022-08-29T21:01:45.780-0400] {processor.py:650} INFO - DAG(s) dict_keys(['example_sla_dag']) retrieved from /Users/jl/Documents/Repos/GHC-2022-data-engineering-workshop/venv/lib/python3.8/site-packages/airflow/example_dags/example_sla_dag.py
[2022-08-29T21:01:45.857-0400] {logging_mixin.py:115} INFO - [2022-08-29T21:01:45.857-0400] {dag.py:2429} INFO - Sync 1 DAGs
[2022-08-29T21:01:45.879-0400] {logging_mixin.py:115} INFO - [2022-08-29T21:01:45.879-0400] {dag.py:2977} INFO - Setting next_dagrun for example_sla_dag to 2022-08-30T00:58:00+00:00, run_after=2022-08-30T01:00:00+00:00
[2022-08-29T21:01:45.893-0400] {processor.py:161} INFO - Processing /Users/jl/Documents/Repos/GHC-2022-data-engineering-workshop/venv/lib/python3.8/site-packages/airflow/example_dags/example_sla_dag.py took 0.166 seconds
[2022-08-29T21:03:44.235-0400] {processor.py:153} INFO - Started process (PID=17976) to work on /Users/jl/Documents/Repos/GHC-2022-data-engineering-workshop/venv/lib/python3.8/site-packages/airflow/example_dags/example_sla_dag.py
[2022-08-29T21:03:44.245-0400] {processor.py:640} INFO - Processing file /Users/jl/Documents/Repos/GHC-2022-data-engineering-workshop/venv/lib/python3.8/site-packages/airflow/example_dags/example_sla_dag.py for tasks to queue
[2022-08-29T21:03:44.246-0400] {logging_mixin.py:115} INFO - [2022-08-29T21:03:44.246-0400] {dagbag.py:508} INFO - Filling up the DagBag from /Users/jl/Documents/Repos/GHC-2022-data-engineering-workshop/venv/lib/python3.8/site-packages/airflow/example_dags/example_sla_dag.py
[2022-08-29T21:03:44.285-0400] {processor.py:650} INFO - DAG(s) dict_keys(['example_sla_dag']) retrieved from /Users/jl/Documents/Repos/GHC-2022-data-engineering-workshop/venv/lib/python3.8/site-packages/airflow/example_dags/example_sla_dag.py
[2022-08-29T21:03:44.363-0400] {logging_mixin.py:115} INFO - [2022-08-29T21:03:44.363-0400] {dag.py:2429} INFO - Sync 1 DAGs
[2022-08-29T21:03:44.384-0400] {logging_mixin.py:115} INFO - [2022-08-29T21:03:44.384-0400] {dag.py:2977} INFO - Setting next_dagrun for example_sla_dag to 2022-08-30T01:00:00+00:00, run_after=2022-08-30T01:02:00+00:00
[2022-08-29T21:03:44.399-0400] {processor.py:161} INFO - Processing /Users/jl/Documents/Repos/GHC-2022-data-engineering-workshop/venv/lib/python3.8/site-packages/airflow/example_dags/example_sla_dag.py took 0.164 seconds
[2022-08-29T21:05:18.829-0400] {processor.py:153} INFO - Started process (PID=18061) to work on /Users/jl/Documents/Repos/GHC-2022-data-engineering-workshop/venv/lib/python3.8/site-packages/airflow/example_dags/example_sla_dag.py
[2022-08-29T21:05:18.837-0400] {processor.py:640} INFO - Processing file /Users/jl/Documents/Repos/GHC-2022-data-engineering-workshop/venv/lib/python3.8/site-packages/airflow/example_dags/example_sla_dag.py for tasks to queue
[2022-08-29T21:05:18.838-0400] {logging_mixin.py:115} INFO - [2022-08-29T21:05:18.838-0400] {dagbag.py:508} INFO - Filling up the DagBag from /Users/jl/Documents/Repos/GHC-2022-data-engineering-workshop/venv/lib/python3.8/site-packages/airflow/example_dags/example_sla_dag.py
[2022-08-29T21:05:18.878-0400] {processor.py:650} INFO - DAG(s) dict_keys(['example_sla_dag']) retrieved from /Users/jl/Documents/Repos/GHC-2022-data-engineering-workshop/venv/lib/python3.8/site-packages/airflow/example_dags/example_sla_dag.py
[2022-08-29T21:05:18.959-0400] {logging_mixin.py:115} INFO - [2022-08-29T21:05:18.958-0400] {dag.py:2429} INFO - Sync 1 DAGs
[2022-08-29T21:05:18.981-0400] {logging_mixin.py:115} INFO - [2022-08-29T21:05:18.980-0400] {dag.py:2977} INFO - Setting next_dagrun for example_sla_dag to 2022-08-30T01:02:00+00:00, run_after=2022-08-30T01:04:00+00:00
[2022-08-29T21:05:18.996-0400] {processor.py:161} INFO - Processing /Users/jl/Documents/Repos/GHC-2022-data-engineering-workshop/venv/lib/python3.8/site-packages/airflow/example_dags/example_sla_dag.py took 0.169 seconds
[2022-08-29T21:06:53.361-0400] {processor.py:153} INFO - Started process (PID=18146) to work on /Users/jl/Documents/Repos/GHC-2022-data-engineering-workshop/venv/lib/python3.8/site-packages/airflow/example_dags/example_sla_dag.py
[2022-08-29T21:06:53.369-0400] {processor.py:640} INFO - Processing file /Users/jl/Documents/Repos/GHC-2022-data-engineering-workshop/venv/lib/python3.8/site-packages/airflow/example_dags/example_sla_dag.py for tasks to queue
[2022-08-29T21:06:53.370-0400] {logging_mixin.py:115} INFO - [2022-08-29T21:06:53.370-0400] {dagbag.py:508} INFO - Filling up the DagBag from /Users/jl/Documents/Repos/GHC-2022-data-engineering-workshop/venv/lib/python3.8/site-packages/airflow/example_dags/example_sla_dag.py
[2022-08-29T21:06:53.409-0400] {processor.py:650} INFO - DAG(s) dict_keys(['example_sla_dag']) retrieved from /Users/jl/Documents/Repos/GHC-2022-data-engineering-workshop/venv/lib/python3.8/site-packages/airflow/example_dags/example_sla_dag.py
[2022-08-29T21:06:53.487-0400] {logging_mixin.py:115} INFO - [2022-08-29T21:06:53.487-0400] {dag.py:2429} INFO - Sync 1 DAGs
[2022-08-29T21:06:53.509-0400] {logging_mixin.py:115} INFO - [2022-08-29T21:06:53.509-0400] {dag.py:2977} INFO - Setting next_dagrun for example_sla_dag to 2022-08-30T01:04:00+00:00, run_after=2022-08-30T01:06:00+00:00
[2022-08-29T21:06:53.523-0400] {processor.py:161} INFO - Processing /Users/jl/Documents/Repos/GHC-2022-data-engineering-workshop/venv/lib/python3.8/site-packages/airflow/example_dags/example_sla_dag.py took 0.163 seconds
[2022-08-29T21:08:30.426-0400] {processor.py:153} INFO - Started process (PID=18236) to work on /Users/jl/Documents/Repos/GHC-2022-data-engineering-workshop/venv/lib/python3.8/site-packages/airflow/example_dags/example_sla_dag.py
[2022-08-29T21:08:30.435-0400] {processor.py:640} INFO - Processing file /Users/jl/Documents/Repos/GHC-2022-data-engineering-workshop/venv/lib/python3.8/site-packages/airflow/example_dags/example_sla_dag.py for tasks to queue
[2022-08-29T21:08:30.435-0400] {logging_mixin.py:115} INFO - [2022-08-29T21:08:30.435-0400] {dagbag.py:508} INFO - Filling up the DagBag from /Users/jl/Documents/Repos/GHC-2022-data-engineering-workshop/venv/lib/python3.8/site-packages/airflow/example_dags/example_sla_dag.py
[2022-08-29T21:08:30.476-0400] {processor.py:650} INFO - DAG(s) dict_keys(['example_sla_dag']) retrieved from /Users/jl/Documents/Repos/GHC-2022-data-engineering-workshop/venv/lib/python3.8/site-packages/airflow/example_dags/example_sla_dag.py
[2022-08-29T21:08:30.556-0400] {logging_mixin.py:115} INFO - [2022-08-29T21:08:30.555-0400] {dag.py:2429} INFO - Sync 1 DAGs
[2022-08-29T21:08:30.578-0400] {logging_mixin.py:115} INFO - [2022-08-29T21:08:30.578-0400] {dag.py:2977} INFO - Setting next_dagrun for example_sla_dag to 2022-08-30T01:06:00+00:00, run_after=2022-08-30T01:08:00+00:00
[2022-08-29T21:08:30.593-0400] {processor.py:161} INFO - Processing /Users/jl/Documents/Repos/GHC-2022-data-engineering-workshop/venv/lib/python3.8/site-packages/airflow/example_dags/example_sla_dag.py took 0.168 seconds
[2022-08-29T21:10:07.774-0400] {processor.py:153} INFO - Started process (PID=18324) to work on /Users/jl/Documents/Repos/GHC-2022-data-engineering-workshop/venv/lib/python3.8/site-packages/airflow/example_dags/example_sla_dag.py
[2022-08-29T21:10:07.782-0400] {processor.py:640} INFO - Processing file /Users/jl/Documents/Repos/GHC-2022-data-engineering-workshop/venv/lib/python3.8/site-packages/airflow/example_dags/example_sla_dag.py for tasks to queue
[2022-08-29T21:10:07.783-0400] {logging_mixin.py:115} INFO - [2022-08-29T21:10:07.783-0400] {dagbag.py:508} INFO - Filling up the DagBag from /Users/jl/Documents/Repos/GHC-2022-data-engineering-workshop/venv/lib/python3.8/site-packages/airflow/example_dags/example_sla_dag.py
[2022-08-29T21:10:07.824-0400] {processor.py:650} INFO - DAG(s) dict_keys(['example_sla_dag']) retrieved from /Users/jl/Documents/Repos/GHC-2022-data-engineering-workshop/venv/lib/python3.8/site-packages/airflow/example_dags/example_sla_dag.py
[2022-08-29T21:10:07.906-0400] {logging_mixin.py:115} INFO - [2022-08-29T21:10:07.906-0400] {dag.py:2429} INFO - Sync 1 DAGs
[2022-08-29T21:10:07.929-0400] {logging_mixin.py:115} INFO - [2022-08-29T21:10:07.929-0400] {dag.py:2977} INFO - Setting next_dagrun for example_sla_dag to 2022-08-30T01:08:00+00:00, run_after=2022-08-30T01:10:00+00:00
[2022-08-29T21:10:07.944-0400] {processor.py:161} INFO - Processing /Users/jl/Documents/Repos/GHC-2022-data-engineering-workshop/venv/lib/python3.8/site-packages/airflow/example_dags/example_sla_dag.py took 0.171 seconds
[2022-08-29T21:11:50.202-0400] {processor.py:153} INFO - Started process (PID=18416) to work on /Users/jl/Documents/Repos/GHC-2022-data-engineering-workshop/venv/lib/python3.8/site-packages/airflow/example_dags/example_sla_dag.py
[2022-08-29T21:11:50.211-0400] {processor.py:640} INFO - Processing file /Users/jl/Documents/Repos/GHC-2022-data-engineering-workshop/venv/lib/python3.8/site-packages/airflow/example_dags/example_sla_dag.py for tasks to queue
[2022-08-29T21:11:50.212-0400] {logging_mixin.py:115} INFO - [2022-08-29T21:11:50.212-0400] {dagbag.py:508} INFO - Filling up the DagBag from /Users/jl/Documents/Repos/GHC-2022-data-engineering-workshop/venv/lib/python3.8/site-packages/airflow/example_dags/example_sla_dag.py
[2022-08-29T21:11:50.252-0400] {processor.py:650} INFO - DAG(s) dict_keys(['example_sla_dag']) retrieved from /Users/jl/Documents/Repos/GHC-2022-data-engineering-workshop/venv/lib/python3.8/site-packages/airflow/example_dags/example_sla_dag.py
[2022-08-29T21:11:50.335-0400] {logging_mixin.py:115} INFO - [2022-08-29T21:11:50.335-0400] {dag.py:2429} INFO - Sync 1 DAGs
[2022-08-29T21:11:50.363-0400] {logging_mixin.py:115} INFO - [2022-08-29T21:11:50.363-0400] {dag.py:2977} INFO - Setting next_dagrun for example_sla_dag to 2022-08-30T01:08:00+00:00, run_after=2022-08-30T01:10:00+00:00
[2022-08-29T21:11:50.378-0400] {processor.py:161} INFO - Processing /Users/jl/Documents/Repos/GHC-2022-data-engineering-workshop/venv/lib/python3.8/site-packages/airflow/example_dags/example_sla_dag.py took 0.176 seconds
[2022-08-29T21:13:47.668-0400] {processor.py:153} INFO - Started process (PID=18549) to work on /Users/jl/Documents/Repos/GHC-2022-data-engineering-workshop/venv/lib/python3.8/site-packages/airflow/example_dags/example_sla_dag.py
[2022-08-29T21:13:47.678-0400] {processor.py:640} INFO - Processing file /Users/jl/Documents/Repos/GHC-2022-data-engineering-workshop/venv/lib/python3.8/site-packages/airflow/example_dags/example_sla_dag.py for tasks to queue
[2022-08-29T21:13:47.679-0400] {logging_mixin.py:115} INFO - [2022-08-29T21:13:47.678-0400] {dagbag.py:508} INFO - Filling up the DagBag from /Users/jl/Documents/Repos/GHC-2022-data-engineering-workshop/venv/lib/python3.8/site-packages/airflow/example_dags/example_sla_dag.py
[2022-08-29T21:13:47.720-0400] {processor.py:650} INFO - DAG(s) dict_keys(['example_sla_dag']) retrieved from /Users/jl/Documents/Repos/GHC-2022-data-engineering-workshop/venv/lib/python3.8/site-packages/airflow/example_dags/example_sla_dag.py
[2022-08-29T21:13:47.800-0400] {logging_mixin.py:115} INFO - [2022-08-29T21:13:47.800-0400] {dag.py:2429} INFO - Sync 1 DAGs
[2022-08-29T21:13:47.822-0400] {logging_mixin.py:115} INFO - [2022-08-29T21:13:47.822-0400] {dag.py:2977} INFO - Setting next_dagrun for example_sla_dag to 2022-08-30T01:10:00+00:00, run_after=2022-08-30T01:12:00+00:00
[2022-08-29T21:13:47.835-0400] {processor.py:161} INFO - Processing /Users/jl/Documents/Repos/GHC-2022-data-engineering-workshop/venv/lib/python3.8/site-packages/airflow/example_dags/example_sla_dag.py took 0.168 seconds
[2022-08-29T21:15:28.107-0400] {processor.py:153} INFO - Started process (PID=18635) to work on /Users/jl/Documents/Repos/GHC-2022-data-engineering-workshop/venv/lib/python3.8/site-packages/airflow/example_dags/example_sla_dag.py
[2022-08-29T21:15:28.115-0400] {processor.py:640} INFO - Processing file /Users/jl/Documents/Repos/GHC-2022-data-engineering-workshop/venv/lib/python3.8/site-packages/airflow/example_dags/example_sla_dag.py for tasks to queue
[2022-08-29T21:15:28.116-0400] {logging_mixin.py:115} INFO - [2022-08-29T21:15:28.115-0400] {dagbag.py:508} INFO - Filling up the DagBag from /Users/jl/Documents/Repos/GHC-2022-data-engineering-workshop/venv/lib/python3.8/site-packages/airflow/example_dags/example_sla_dag.py
[2022-08-29T21:15:28.155-0400] {processor.py:650} INFO - DAG(s) dict_keys(['example_sla_dag']) retrieved from /Users/jl/Documents/Repos/GHC-2022-data-engineering-workshop/venv/lib/python3.8/site-packages/airflow/example_dags/example_sla_dag.py
[2022-08-29T21:15:28.232-0400] {logging_mixin.py:115} INFO - [2022-08-29T21:15:28.232-0400] {dag.py:2429} INFO - Sync 1 DAGs
[2022-08-29T21:15:28.254-0400] {logging_mixin.py:115} INFO - [2022-08-29T21:15:28.254-0400] {dag.py:2977} INFO - Setting next_dagrun for example_sla_dag to 2022-08-30T01:12:00+00:00, run_after=2022-08-30T01:14:00+00:00
[2022-08-29T21:15:28.268-0400] {processor.py:161} INFO - Processing /Users/jl/Documents/Repos/GHC-2022-data-engineering-workshop/venv/lib/python3.8/site-packages/airflow/example_dags/example_sla_dag.py took 0.162 seconds
[2022-08-29T21:16:58.724-0400] {processor.py:153} INFO - Started process (PID=18722) to work on /Users/jl/Documents/Repos/GHC-2022-data-engineering-workshop/venv/lib/python3.8/site-packages/airflow/example_dags/example_sla_dag.py
[2022-08-29T21:16:58.733-0400] {processor.py:640} INFO - Processing file /Users/jl/Documents/Repos/GHC-2022-data-engineering-workshop/venv/lib/python3.8/site-packages/airflow/example_dags/example_sla_dag.py for tasks to queue
[2022-08-29T21:16:58.733-0400] {logging_mixin.py:115} INFO - [2022-08-29T21:16:58.733-0400] {dagbag.py:508} INFO - Filling up the DagBag from /Users/jl/Documents/Repos/GHC-2022-data-engineering-workshop/venv/lib/python3.8/site-packages/airflow/example_dags/example_sla_dag.py
[2022-08-29T21:16:58.774-0400] {processor.py:650} INFO - DAG(s) dict_keys(['example_sla_dag']) retrieved from /Users/jl/Documents/Repos/GHC-2022-data-engineering-workshop/venv/lib/python3.8/site-packages/airflow/example_dags/example_sla_dag.py
[2022-08-29T21:16:58.853-0400] {logging_mixin.py:115} INFO - [2022-08-29T21:16:58.852-0400] {dag.py:2429} INFO - Sync 1 DAGs
[2022-08-29T21:16:58.875-0400] {logging_mixin.py:115} INFO - [2022-08-29T21:16:58.875-0400] {dag.py:2977} INFO - Setting next_dagrun for example_sla_dag to 2022-08-30T01:14:00+00:00, run_after=2022-08-30T01:16:00+00:00
[2022-08-29T21:16:58.888-0400] {processor.py:161} INFO - Processing /Users/jl/Documents/Repos/GHC-2022-data-engineering-workshop/venv/lib/python3.8/site-packages/airflow/example_dags/example_sla_dag.py took 0.165 seconds
[2022-08-29T21:18:29.585-0400] {processor.py:153} INFO - Started process (PID=18808) to work on /Users/jl/Documents/Repos/GHC-2022-data-engineering-workshop/venv/lib/python3.8/site-packages/airflow/example_dags/example_sla_dag.py
[2022-08-29T21:18:29.594-0400] {processor.py:640} INFO - Processing file /Users/jl/Documents/Repos/GHC-2022-data-engineering-workshop/venv/lib/python3.8/site-packages/airflow/example_dags/example_sla_dag.py for tasks to queue
[2022-08-29T21:18:29.594-0400] {logging_mixin.py:115} INFO - [2022-08-29T21:18:29.594-0400] {dagbag.py:508} INFO - Filling up the DagBag from /Users/jl/Documents/Repos/GHC-2022-data-engineering-workshop/venv/lib/python3.8/site-packages/airflow/example_dags/example_sla_dag.py
[2022-08-29T21:18:29.636-0400] {processor.py:650} INFO - DAG(s) dict_keys(['example_sla_dag']) retrieved from /Users/jl/Documents/Repos/GHC-2022-data-engineering-workshop/venv/lib/python3.8/site-packages/airflow/example_dags/example_sla_dag.py
[2022-08-29T21:18:29.714-0400] {logging_mixin.py:115} INFO - [2022-08-29T21:18:29.714-0400] {dag.py:2429} INFO - Sync 1 DAGs
[2022-08-29T21:18:29.736-0400] {logging_mixin.py:115} INFO - [2022-08-29T21:18:29.735-0400] {dag.py:2977} INFO - Setting next_dagrun for example_sla_dag to 2022-08-30T01:16:00+00:00, run_after=2022-08-30T01:18:00+00:00
[2022-08-29T21:18:29.750-0400] {processor.py:161} INFO - Processing /Users/jl/Documents/Repos/GHC-2022-data-engineering-workshop/venv/lib/python3.8/site-packages/airflow/example_dags/example_sla_dag.py took 0.166 seconds
[2022-08-29T21:20:08.030-0400] {processor.py:153} INFO - Started process (PID=18895) to work on /Users/jl/Documents/Repos/GHC-2022-data-engineering-workshop/venv/lib/python3.8/site-packages/airflow/example_dags/example_sla_dag.py
[2022-08-29T21:20:08.039-0400] {processor.py:640} INFO - Processing file /Users/jl/Documents/Repos/GHC-2022-data-engineering-workshop/venv/lib/python3.8/site-packages/airflow/example_dags/example_sla_dag.py for tasks to queue
[2022-08-29T21:20:08.039-0400] {logging_mixin.py:115} INFO - [2022-08-29T21:20:08.039-0400] {dagbag.py:508} INFO - Filling up the DagBag from /Users/jl/Documents/Repos/GHC-2022-data-engineering-workshop/venv/lib/python3.8/site-packages/airflow/example_dags/example_sla_dag.py
[2022-08-29T21:20:08.080-0400] {processor.py:650} INFO - DAG(s) dict_keys(['example_sla_dag']) retrieved from /Users/jl/Documents/Repos/GHC-2022-data-engineering-workshop/venv/lib/python3.8/site-packages/airflow/example_dags/example_sla_dag.py
[2022-08-29T21:20:08.157-0400] {logging_mixin.py:115} INFO - [2022-08-29T21:20:08.156-0400] {dag.py:2429} INFO - Sync 1 DAGs
[2022-08-29T21:20:08.178-0400] {logging_mixin.py:115} INFO - [2022-08-29T21:20:08.178-0400] {dag.py:2977} INFO - Setting next_dagrun for example_sla_dag to 2022-08-30T01:18:00+00:00, run_after=2022-08-30T01:20:00+00:00
[2022-08-29T21:20:08.192-0400] {processor.py:161} INFO - Processing /Users/jl/Documents/Repos/GHC-2022-data-engineering-workshop/venv/lib/python3.8/site-packages/airflow/example_dags/example_sla_dag.py took 0.164 seconds
[2022-08-29T21:21:42.671-0400] {processor.py:153} INFO - Started process (PID=18982) to work on /Users/jl/Documents/Repos/GHC-2022-data-engineering-workshop/venv/lib/python3.8/site-packages/airflow/example_dags/example_sla_dag.py
[2022-08-29T21:21:42.679-0400] {processor.py:640} INFO - Processing file /Users/jl/Documents/Repos/GHC-2022-data-engineering-workshop/venv/lib/python3.8/site-packages/airflow/example_dags/example_sla_dag.py for tasks to queue
[2022-08-29T21:21:42.680-0400] {logging_mixin.py:115} INFO - [2022-08-29T21:21:42.680-0400] {dagbag.py:508} INFO - Filling up the DagBag from /Users/jl/Documents/Repos/GHC-2022-data-engineering-workshop/venv/lib/python3.8/site-packages/airflow/example_dags/example_sla_dag.py
[2022-08-29T21:21:42.720-0400] {processor.py:650} INFO - DAG(s) dict_keys(['example_sla_dag']) retrieved from /Users/jl/Documents/Repos/GHC-2022-data-engineering-workshop/venv/lib/python3.8/site-packages/airflow/example_dags/example_sla_dag.py
[2022-08-29T21:21:42.798-0400] {logging_mixin.py:115} INFO - [2022-08-29T21:21:42.798-0400] {dag.py:2429} INFO - Sync 1 DAGs
[2022-08-29T21:21:42.819-0400] {logging_mixin.py:115} INFO - [2022-08-29T21:21:42.819-0400] {dag.py:2977} INFO - Setting next_dagrun for example_sla_dag to 2022-08-30T01:18:00+00:00, run_after=2022-08-30T01:20:00+00:00
[2022-08-29T21:21:42.834-0400] {processor.py:161} INFO - Processing /Users/jl/Documents/Repos/GHC-2022-data-engineering-workshop/venv/lib/python3.8/site-packages/airflow/example_dags/example_sla_dag.py took 0.164 seconds
[2022-08-29T21:23:20.120-0400] {processor.py:153} INFO - Started process (PID=19070) to work on /Users/jl/Documents/Repos/GHC-2022-data-engineering-workshop/venv/lib/python3.8/site-packages/airflow/example_dags/example_sla_dag.py
[2022-08-29T21:23:20.128-0400] {processor.py:640} INFO - Processing file /Users/jl/Documents/Repos/GHC-2022-data-engineering-workshop/venv/lib/python3.8/site-packages/airflow/example_dags/example_sla_dag.py for tasks to queue
[2022-08-29T21:23:20.129-0400] {logging_mixin.py:115} INFO - [2022-08-29T21:23:20.128-0400] {dagbag.py:508} INFO - Filling up the DagBag from /Users/jl/Documents/Repos/GHC-2022-data-engineering-workshop/venv/lib/python3.8/site-packages/airflow/example_dags/example_sla_dag.py
[2022-08-29T21:23:20.171-0400] {processor.py:650} INFO - DAG(s) dict_keys(['example_sla_dag']) retrieved from /Users/jl/Documents/Repos/GHC-2022-data-engineering-workshop/venv/lib/python3.8/site-packages/airflow/example_dags/example_sla_dag.py
[2022-08-29T21:23:20.249-0400] {logging_mixin.py:115} INFO - [2022-08-29T21:23:20.249-0400] {dag.py:2429} INFO - Sync 1 DAGs
[2022-08-29T21:23:20.272-0400] {logging_mixin.py:115} INFO - [2022-08-29T21:23:20.272-0400] {dag.py:2977} INFO - Setting next_dagrun for example_sla_dag to 2022-08-30T01:20:00+00:00, run_after=2022-08-30T01:22:00+00:00
[2022-08-29T21:23:20.286-0400] {processor.py:161} INFO - Processing /Users/jl/Documents/Repos/GHC-2022-data-engineering-workshop/venv/lib/python3.8/site-packages/airflow/example_dags/example_sla_dag.py took 0.167 seconds
[2022-08-29T21:24:57.884-0400] {processor.py:153} INFO - Started process (PID=19158) to work on /Users/jl/Documents/Repos/GHC-2022-data-engineering-workshop/venv/lib/python3.8/site-packages/airflow/example_dags/example_sla_dag.py
[2022-08-29T21:24:57.892-0400] {processor.py:640} INFO - Processing file /Users/jl/Documents/Repos/GHC-2022-data-engineering-workshop/venv/lib/python3.8/site-packages/airflow/example_dags/example_sla_dag.py for tasks to queue
[2022-08-29T21:24:57.893-0400] {logging_mixin.py:115} INFO - [2022-08-29T21:24:57.893-0400] {dagbag.py:508} INFO - Filling up the DagBag from /Users/jl/Documents/Repos/GHC-2022-data-engineering-workshop/venv/lib/python3.8/site-packages/airflow/example_dags/example_sla_dag.py
[2022-08-29T21:24:57.932-0400] {processor.py:650} INFO - DAG(s) dict_keys(['example_sla_dag']) retrieved from /Users/jl/Documents/Repos/GHC-2022-data-engineering-workshop/venv/lib/python3.8/site-packages/airflow/example_dags/example_sla_dag.py
[2022-08-29T21:24:58.010-0400] {logging_mixin.py:115} INFO - [2022-08-29T21:24:58.010-0400] {dag.py:2429} INFO - Sync 1 DAGs
[2022-08-29T21:24:58.032-0400] {logging_mixin.py:115} INFO - [2022-08-29T21:24:58.032-0400] {dag.py:2977} INFO - Setting next_dagrun for example_sla_dag to 2022-08-30T01:22:00+00:00, run_after=2022-08-30T01:24:00+00:00
[2022-08-29T21:24:58.046-0400] {processor.py:161} INFO - Processing /Users/jl/Documents/Repos/GHC-2022-data-engineering-workshop/venv/lib/python3.8/site-packages/airflow/example_dags/example_sla_dag.py took 0.163 seconds
[2022-08-29T21:26:28.885-0400] {processor.py:153} INFO - Started process (PID=19241) to work on /Users/jl/Documents/Repos/GHC-2022-data-engineering-workshop/venv/lib/python3.8/site-packages/airflow/example_dags/example_sla_dag.py
[2022-08-29T21:26:28.895-0400] {processor.py:640} INFO - Processing file /Users/jl/Documents/Repos/GHC-2022-data-engineering-workshop/venv/lib/python3.8/site-packages/airflow/example_dags/example_sla_dag.py for tasks to queue
[2022-08-29T21:26:28.896-0400] {logging_mixin.py:115} INFO - [2022-08-29T21:26:28.896-0400] {dagbag.py:508} INFO - Filling up the DagBag from /Users/jl/Documents/Repos/GHC-2022-data-engineering-workshop/venv/lib/python3.8/site-packages/airflow/example_dags/example_sla_dag.py
[2022-08-29T21:26:28.936-0400] {processor.py:650} INFO - DAG(s) dict_keys(['example_sla_dag']) retrieved from /Users/jl/Documents/Repos/GHC-2022-data-engineering-workshop/venv/lib/python3.8/site-packages/airflow/example_dags/example_sla_dag.py
[2022-08-29T21:26:29.015-0400] {logging_mixin.py:115} INFO - [2022-08-29T21:26:29.014-0400] {dag.py:2429} INFO - Sync 1 DAGs
[2022-08-29T21:26:29.036-0400] {logging_mixin.py:115} INFO - [2022-08-29T21:26:29.036-0400] {dag.py:2977} INFO - Setting next_dagrun for example_sla_dag to 2022-08-30T01:24:00+00:00, run_after=2022-08-30T01:26:00+00:00
[2022-08-29T21:26:29.050-0400] {processor.py:161} INFO - Processing /Users/jl/Documents/Repos/GHC-2022-data-engineering-workshop/venv/lib/python3.8/site-packages/airflow/example_dags/example_sla_dag.py took 0.166 seconds
[2022-08-29T21:28:13.515-0400] {processor.py:153} INFO - Started process (PID=19339) to work on /Users/jl/Documents/Repos/GHC-2022-data-engineering-workshop/venv/lib/python3.8/site-packages/airflow/example_dags/example_sla_dag.py
[2022-08-29T21:28:13.525-0400] {processor.py:640} INFO - Processing file /Users/jl/Documents/Repos/GHC-2022-data-engineering-workshop/venv/lib/python3.8/site-packages/airflow/example_dags/example_sla_dag.py for tasks to queue
[2022-08-29T21:28:13.526-0400] {logging_mixin.py:115} INFO - [2022-08-29T21:28:13.526-0400] {dagbag.py:508} INFO - Filling up the DagBag from /Users/jl/Documents/Repos/GHC-2022-data-engineering-workshop/venv/lib/python3.8/site-packages/airflow/example_dags/example_sla_dag.py
[2022-08-29T21:28:13.565-0400] {processor.py:650} INFO - DAG(s) dict_keys(['example_sla_dag']) retrieved from /Users/jl/Documents/Repos/GHC-2022-data-engineering-workshop/venv/lib/python3.8/site-packages/airflow/example_dags/example_sla_dag.py
[2022-08-29T21:28:13.643-0400] {logging_mixin.py:115} INFO - [2022-08-29T21:28:13.643-0400] {dag.py:2429} INFO - Sync 1 DAGs
[2022-08-29T21:28:13.664-0400] {logging_mixin.py:115} INFO - [2022-08-29T21:28:13.664-0400] {dag.py:2977} INFO - Setting next_dagrun for example_sla_dag to 2022-08-30T01:26:00+00:00, run_after=2022-08-30T01:28:00+00:00
[2022-08-29T21:28:13.679-0400] {processor.py:161} INFO - Processing /Users/jl/Documents/Repos/GHC-2022-data-engineering-workshop/venv/lib/python3.8/site-packages/airflow/example_dags/example_sla_dag.py took 0.165 seconds
[2022-08-29T21:29:53.846-0400] {processor.py:153} INFO - Started process (PID=19426) to work on /Users/jl/Documents/Repos/GHC-2022-data-engineering-workshop/venv/lib/python3.8/site-packages/airflow/example_dags/example_sla_dag.py
[2022-08-29T21:29:53.855-0400] {processor.py:640} INFO - Processing file /Users/jl/Documents/Repos/GHC-2022-data-engineering-workshop/venv/lib/python3.8/site-packages/airflow/example_dags/example_sla_dag.py for tasks to queue
[2022-08-29T21:29:53.855-0400] {logging_mixin.py:115} INFO - [2022-08-29T21:29:53.855-0400] {dagbag.py:508} INFO - Filling up the DagBag from /Users/jl/Documents/Repos/GHC-2022-data-engineering-workshop/venv/lib/python3.8/site-packages/airflow/example_dags/example_sla_dag.py
[2022-08-29T21:29:53.897-0400] {processor.py:650} INFO - DAG(s) dict_keys(['example_sla_dag']) retrieved from /Users/jl/Documents/Repos/GHC-2022-data-engineering-workshop/venv/lib/python3.8/site-packages/airflow/example_dags/example_sla_dag.py
[2022-08-29T21:29:53.978-0400] {logging_mixin.py:115} INFO - [2022-08-29T21:29:53.977-0400] {dag.py:2429} INFO - Sync 1 DAGs
[2022-08-29T21:29:54.001-0400] {logging_mixin.py:115} INFO - [2022-08-29T21:29:54.000-0400] {dag.py:2977} INFO - Setting next_dagrun for example_sla_dag to 2022-08-30T01:26:00+00:00, run_after=2022-08-30T01:28:00+00:00
[2022-08-29T21:29:54.015-0400] {processor.py:161} INFO - Processing /Users/jl/Documents/Repos/GHC-2022-data-engineering-workshop/venv/lib/python3.8/site-packages/airflow/example_dags/example_sla_dag.py took 0.170 seconds
[2022-08-29T21:31:51.269-0400] {processor.py:153} INFO - Started process (PID=19528) to work on /Users/jl/Documents/Repos/GHC-2022-data-engineering-workshop/venv/lib/python3.8/site-packages/airflow/example_dags/example_sla_dag.py
[2022-08-29T21:31:51.279-0400] {processor.py:640} INFO - Processing file /Users/jl/Documents/Repos/GHC-2022-data-engineering-workshop/venv/lib/python3.8/site-packages/airflow/example_dags/example_sla_dag.py for tasks to queue
[2022-08-29T21:31:51.280-0400] {logging_mixin.py:115} INFO - [2022-08-29T21:31:51.280-0400] {dagbag.py:508} INFO - Filling up the DagBag from /Users/jl/Documents/Repos/GHC-2022-data-engineering-workshop/venv/lib/python3.8/site-packages/airflow/example_dags/example_sla_dag.py
[2022-08-29T21:31:51.325-0400] {processor.py:650} INFO - DAG(s) dict_keys(['example_sla_dag']) retrieved from /Users/jl/Documents/Repos/GHC-2022-data-engineering-workshop/venv/lib/python3.8/site-packages/airflow/example_dags/example_sla_dag.py
[2022-08-29T21:31:51.406-0400] {logging_mixin.py:115} INFO - [2022-08-29T21:31:51.406-0400] {dag.py:2429} INFO - Sync 1 DAGs
[2022-08-29T21:31:51.429-0400] {logging_mixin.py:115} INFO - [2022-08-29T21:31:51.428-0400] {dag.py:2977} INFO - Setting next_dagrun for example_sla_dag to 2022-08-30T01:28:00+00:00, run_after=2022-08-30T01:30:00+00:00
[2022-08-29T21:31:51.443-0400] {processor.py:161} INFO - Processing /Users/jl/Documents/Repos/GHC-2022-data-engineering-workshop/venv/lib/python3.8/site-packages/airflow/example_dags/example_sla_dag.py took 0.175 seconds
[2022-08-29T21:33:44.098-0400] {processor.py:153} INFO - Started process (PID=19627) to work on /Users/jl/Documents/Repos/GHC-2022-data-engineering-workshop/venv/lib/python3.8/site-packages/airflow/example_dags/example_sla_dag.py
[2022-08-29T21:33:44.112-0400] {processor.py:640} INFO - Processing file /Users/jl/Documents/Repos/GHC-2022-data-engineering-workshop/venv/lib/python3.8/site-packages/airflow/example_dags/example_sla_dag.py for tasks to queue
[2022-08-29T21:33:44.113-0400] {logging_mixin.py:115} INFO - [2022-08-29T21:33:44.113-0400] {dagbag.py:508} INFO - Filling up the DagBag from /Users/jl/Documents/Repos/GHC-2022-data-engineering-workshop/venv/lib/python3.8/site-packages/airflow/example_dags/example_sla_dag.py
[2022-08-29T21:33:44.169-0400] {processor.py:650} INFO - DAG(s) dict_keys(['example_sla_dag']) retrieved from /Users/jl/Documents/Repos/GHC-2022-data-engineering-workshop/venv/lib/python3.8/site-packages/airflow/example_dags/example_sla_dag.py
[2022-08-29T21:33:44.284-0400] {logging_mixin.py:115} INFO - [2022-08-29T21:33:44.284-0400] {dag.py:2429} INFO - Sync 1 DAGs
[2022-08-29T21:33:44.314-0400] {logging_mixin.py:115} INFO - [2022-08-29T21:33:44.312-0400] {dag.py:2977} INFO - Setting next_dagrun for example_sla_dag to 2022-08-30T01:30:00+00:00, run_after=2022-08-30T01:32:00+00:00
[2022-08-29T21:33:44.329-0400] {processor.py:161} INFO - Processing /Users/jl/Documents/Repos/GHC-2022-data-engineering-workshop/venv/lib/python3.8/site-packages/airflow/example_dags/example_sla_dag.py took 0.233 seconds
[2022-08-29T21:36:39.680-0400] {processor.py:153} INFO - Started process (PID=19735) to work on /Users/jl/Documents/Repos/GHC-2022-data-engineering-workshop/venv/lib/python3.8/site-packages/airflow/example_dags/example_sla_dag.py
[2022-08-29T21:36:39.690-0400] {processor.py:640} INFO - Processing file /Users/jl/Documents/Repos/GHC-2022-data-engineering-workshop/venv/lib/python3.8/site-packages/airflow/example_dags/example_sla_dag.py for tasks to queue
[2022-08-29T21:36:39.690-0400] {logging_mixin.py:115} INFO - [2022-08-29T21:36:39.690-0400] {dagbag.py:508} INFO - Filling up the DagBag from /Users/jl/Documents/Repos/GHC-2022-data-engineering-workshop/venv/lib/python3.8/site-packages/airflow/example_dags/example_sla_dag.py
[2022-08-29T21:36:39.749-0400] {processor.py:650} INFO - DAG(s) dict_keys(['example_sla_dag']) retrieved from /Users/jl/Documents/Repos/GHC-2022-data-engineering-workshop/venv/lib/python3.8/site-packages/airflow/example_dags/example_sla_dag.py
[2022-08-29T21:36:39.866-0400] {logging_mixin.py:115} INFO - [2022-08-29T21:36:39.865-0400] {dag.py:2429} INFO - Sync 1 DAGs
[2022-08-29T21:36:39.906-0400] {logging_mixin.py:115} INFO - [2022-08-29T21:36:39.906-0400] {dag.py:2977} INFO - Setting next_dagrun for example_sla_dag to 2022-08-30T01:34:00+00:00, run_after=2022-08-30T01:36:00+00:00
[2022-08-29T21:36:39.925-0400] {processor.py:161} INFO - Processing /Users/jl/Documents/Repos/GHC-2022-data-engineering-workshop/venv/lib/python3.8/site-packages/airflow/example_dags/example_sla_dag.py took 0.247 seconds
[2022-08-29T21:38:01.117-0400] {processor.py:153} INFO - Started process (PID=19790) to work on /Users/jl/Documents/Repos/GHC-2022-data-engineering-workshop/venv/lib/python3.8/site-packages/airflow/example_dags/example_sla_dag.py
[2022-08-29T21:38:01.127-0400] {processor.py:640} INFO - Processing file /Users/jl/Documents/Repos/GHC-2022-data-engineering-workshop/venv/lib/python3.8/site-packages/airflow/example_dags/example_sla_dag.py for tasks to queue
[2022-08-29T21:38:01.127-0400] {logging_mixin.py:115} INFO - [2022-08-29T21:38:01.127-0400] {dagbag.py:508} INFO - Filling up the DagBag from /Users/jl/Documents/Repos/GHC-2022-data-engineering-workshop/venv/lib/python3.8/site-packages/airflow/example_dags/example_sla_dag.py
[2022-08-29T21:38:01.189-0400] {processor.py:650} INFO - DAG(s) dict_keys(['example_sla_dag']) retrieved from /Users/jl/Documents/Repos/GHC-2022-data-engineering-workshop/venv/lib/python3.8/site-packages/airflow/example_dags/example_sla_dag.py
[2022-08-29T21:38:01.298-0400] {logging_mixin.py:115} INFO - [2022-08-29T21:38:01.298-0400] {dag.py:2429} INFO - Sync 1 DAGs
[2022-08-29T21:38:01.325-0400] {logging_mixin.py:115} INFO - [2022-08-29T21:38:01.325-0400] {dag.py:2977} INFO - Setting next_dagrun for example_sla_dag to 2022-08-30T01:36:00+00:00, run_after=2022-08-30T01:38:00+00:00
[2022-08-29T21:38:01.341-0400] {processor.py:161} INFO - Processing /Users/jl/Documents/Repos/GHC-2022-data-engineering-workshop/venv/lib/python3.8/site-packages/airflow/example_dags/example_sla_dag.py took 0.226 seconds
[2022-08-29T21:39:26.914-0400] {processor.py:153} INFO - Started process (PID=19843) to work on /Users/jl/Documents/Repos/GHC-2022-data-engineering-workshop/venv/lib/python3.8/site-packages/airflow/example_dags/example_sla_dag.py
[2022-08-29T21:39:26.931-0400] {processor.py:640} INFO - Processing file /Users/jl/Documents/Repos/GHC-2022-data-engineering-workshop/venv/lib/python3.8/site-packages/airflow/example_dags/example_sla_dag.py for tasks to queue
[2022-08-29T21:39:26.933-0400] {logging_mixin.py:115} INFO - [2022-08-29T21:39:26.933-0400] {dagbag.py:508} INFO - Filling up the DagBag from /Users/jl/Documents/Repos/GHC-2022-data-engineering-workshop/venv/lib/python3.8/site-packages/airflow/example_dags/example_sla_dag.py
[2022-08-29T21:39:26.998-0400] {processor.py:650} INFO - DAG(s) dict_keys(['example_sla_dag']) retrieved from /Users/jl/Documents/Repos/GHC-2022-data-engineering-workshop/venv/lib/python3.8/site-packages/airflow/example_dags/example_sla_dag.py
[2022-08-29T21:39:27.118-0400] {logging_mixin.py:115} INFO - [2022-08-29T21:39:27.117-0400] {dag.py:2429} INFO - Sync 1 DAGs
[2022-08-29T21:39:27.146-0400] {logging_mixin.py:115} INFO - [2022-08-29T21:39:27.146-0400] {dag.py:2977} INFO - Setting next_dagrun for example_sla_dag to 2022-08-30T01:36:00+00:00, run_after=2022-08-30T01:38:00+00:00
[2022-08-29T21:39:27.161-0400] {processor.py:161} INFO - Processing /Users/jl/Documents/Repos/GHC-2022-data-engineering-workshop/venv/lib/python3.8/site-packages/airflow/example_dags/example_sla_dag.py took 0.249 seconds
[2022-08-29T21:41:57.947-0400] {processor.py:153} INFO - Started process (PID=19945) to work on /Users/jl/Documents/Repos/GHC-2022-data-engineering-workshop/venv/lib/python3.8/site-packages/airflow/example_dags/example_sla_dag.py
[2022-08-29T21:41:57.958-0400] {processor.py:640} INFO - Processing file /Users/jl/Documents/Repos/GHC-2022-data-engineering-workshop/venv/lib/python3.8/site-packages/airflow/example_dags/example_sla_dag.py for tasks to queue
[2022-08-29T21:41:57.959-0400] {logging_mixin.py:115} INFO - [2022-08-29T21:41:57.959-0400] {dagbag.py:508} INFO - Filling up the DagBag from /Users/jl/Documents/Repos/GHC-2022-data-engineering-workshop/venv/lib/python3.8/site-packages/airflow/example_dags/example_sla_dag.py
[2022-08-29T21:41:58.038-0400] {processor.py:650} INFO - DAG(s) dict_keys(['example_sla_dag']) retrieved from /Users/jl/Documents/Repos/GHC-2022-data-engineering-workshop/venv/lib/python3.8/site-packages/airflow/example_dags/example_sla_dag.py
[2022-08-29T21:41:58.147-0400] {logging_mixin.py:115} INFO - [2022-08-29T21:41:58.147-0400] {dag.py:2429} INFO - Sync 1 DAGs
[2022-08-29T21:41:58.174-0400] {logging_mixin.py:115} INFO - [2022-08-29T21:41:58.173-0400] {dag.py:2977} INFO - Setting next_dagrun for example_sla_dag to 2022-08-30T01:38:00+00:00, run_after=2022-08-30T01:40:00+00:00
[2022-08-29T21:41:58.191-0400] {processor.py:161} INFO - Processing /Users/jl/Documents/Repos/GHC-2022-data-engineering-workshop/venv/lib/python3.8/site-packages/airflow/example_dags/example_sla_dag.py took 0.245 seconds
[2022-08-29T21:43:36.294-0400] {processor.py:153} INFO - Started process (PID=20018) to work on /Users/jl/Documents/Repos/GHC-2022-data-engineering-workshop/venv/lib/python3.8/site-packages/airflow/example_dags/example_sla_dag.py
[2022-08-29T21:43:36.305-0400] {processor.py:640} INFO - Processing file /Users/jl/Documents/Repos/GHC-2022-data-engineering-workshop/venv/lib/python3.8/site-packages/airflow/example_dags/example_sla_dag.py for tasks to queue
[2022-08-29T21:43:36.306-0400] {logging_mixin.py:115} INFO - [2022-08-29T21:43:36.306-0400] {dagbag.py:508} INFO - Filling up the DagBag from /Users/jl/Documents/Repos/GHC-2022-data-engineering-workshop/venv/lib/python3.8/site-packages/airflow/example_dags/example_sla_dag.py
[2022-08-29T21:43:36.354-0400] {processor.py:650} INFO - DAG(s) dict_keys(['example_sla_dag']) retrieved from /Users/jl/Documents/Repos/GHC-2022-data-engineering-workshop/venv/lib/python3.8/site-packages/airflow/example_dags/example_sla_dag.py
[2022-08-29T21:43:36.456-0400] {logging_mixin.py:115} INFO - [2022-08-29T21:43:36.456-0400] {dag.py:2429} INFO - Sync 1 DAGs
[2022-08-29T21:43:36.487-0400] {logging_mixin.py:115} INFO - [2022-08-29T21:43:36.487-0400] {dag.py:2977} INFO - Setting next_dagrun for example_sla_dag to 2022-08-30T01:40:00+00:00, run_after=2022-08-30T01:42:00+00:00
[2022-08-29T21:43:36.504-0400] {processor.py:161} INFO - Processing /Users/jl/Documents/Repos/GHC-2022-data-engineering-workshop/venv/lib/python3.8/site-packages/airflow/example_dags/example_sla_dag.py took 0.211 seconds
[2022-08-29T21:46:01.849-0400] {processor.py:153} INFO - Started process (PID=20117) to work on /Users/jl/Documents/Repos/GHC-2022-data-engineering-workshop/venv/lib/python3.8/site-packages/airflow/example_dags/example_sla_dag.py
[2022-08-29T21:46:01.859-0400] {processor.py:640} INFO - Processing file /Users/jl/Documents/Repos/GHC-2022-data-engineering-workshop/venv/lib/python3.8/site-packages/airflow/example_dags/example_sla_dag.py for tasks to queue
[2022-08-29T21:46:01.860-0400] {logging_mixin.py:115} INFO - [2022-08-29T21:46:01.860-0400] {dagbag.py:508} INFO - Filling up the DagBag from /Users/jl/Documents/Repos/GHC-2022-data-engineering-workshop/venv/lib/python3.8/site-packages/airflow/example_dags/example_sla_dag.py
[2022-08-29T21:46:01.913-0400] {processor.py:650} INFO - DAG(s) dict_keys(['example_sla_dag']) retrieved from /Users/jl/Documents/Repos/GHC-2022-data-engineering-workshop/venv/lib/python3.8/site-packages/airflow/example_dags/example_sla_dag.py
[2022-08-29T21:46:02.006-0400] {logging_mixin.py:115} INFO - [2022-08-29T21:46:02.006-0400] {dag.py:2429} INFO - Sync 1 DAGs
[2022-08-29T21:46:02.032-0400] {logging_mixin.py:115} INFO - [2022-08-29T21:46:02.031-0400] {dag.py:2977} INFO - Setting next_dagrun for example_sla_dag to 2022-08-30T01:44:00+00:00, run_after=2022-08-30T01:46:00+00:00
[2022-08-29T21:46:02.048-0400] {processor.py:161} INFO - Processing /Users/jl/Documents/Repos/GHC-2022-data-engineering-workshop/venv/lib/python3.8/site-packages/airflow/example_dags/example_sla_dag.py took 0.200 seconds
[2022-08-29T21:47:20.198-0400] {processor.py:153} INFO - Started process (PID=20172) to work on /Users/jl/Documents/Repos/GHC-2022-data-engineering-workshop/venv/lib/python3.8/site-packages/airflow/example_dags/example_sla_dag.py
[2022-08-29T21:47:20.213-0400] {processor.py:640} INFO - Processing file /Users/jl/Documents/Repos/GHC-2022-data-engineering-workshop/venv/lib/python3.8/site-packages/airflow/example_dags/example_sla_dag.py for tasks to queue
[2022-08-29T21:47:20.214-0400] {logging_mixin.py:115} INFO - [2022-08-29T21:47:20.214-0400] {dagbag.py:508} INFO - Filling up the DagBag from /Users/jl/Documents/Repos/GHC-2022-data-engineering-workshop/venv/lib/python3.8/site-packages/airflow/example_dags/example_sla_dag.py
[2022-08-29T21:47:20.277-0400] {processor.py:650} INFO - DAG(s) dict_keys(['example_sla_dag']) retrieved from /Users/jl/Documents/Repos/GHC-2022-data-engineering-workshop/venv/lib/python3.8/site-packages/airflow/example_dags/example_sla_dag.py
[2022-08-29T21:47:20.398-0400] {logging_mixin.py:115} INFO - [2022-08-29T21:47:20.398-0400] {dag.py:2429} INFO - Sync 1 DAGs
[2022-08-29T21:47:20.439-0400] {logging_mixin.py:115} INFO - [2022-08-29T21:47:20.439-0400] {dag.py:2977} INFO - Setting next_dagrun for example_sla_dag to 2022-08-30T01:44:00+00:00, run_after=2022-08-30T01:46:00+00:00
[2022-08-29T21:47:20.458-0400] {processor.py:161} INFO - Processing /Users/jl/Documents/Repos/GHC-2022-data-engineering-workshop/venv/lib/python3.8/site-packages/airflow/example_dags/example_sla_dag.py took 0.260 seconds
[2022-08-29T21:49:44.203-0400] {processor.py:153} INFO - Started process (PID=20274) to work on /Users/jl/Documents/Repos/GHC-2022-data-engineering-workshop/venv/lib/python3.8/site-packages/airflow/example_dags/example_sla_dag.py
[2022-08-29T21:49:44.212-0400] {processor.py:640} INFO - Processing file /Users/jl/Documents/Repos/GHC-2022-data-engineering-workshop/venv/lib/python3.8/site-packages/airflow/example_dags/example_sla_dag.py for tasks to queue
[2022-08-29T21:49:44.213-0400] {logging_mixin.py:115} INFO - [2022-08-29T21:49:44.213-0400] {dagbag.py:508} INFO - Filling up the DagBag from /Users/jl/Documents/Repos/GHC-2022-data-engineering-workshop/venv/lib/python3.8/site-packages/airflow/example_dags/example_sla_dag.py
[2022-08-29T21:49:44.263-0400] {processor.py:650} INFO - DAG(s) dict_keys(['example_sla_dag']) retrieved from /Users/jl/Documents/Repos/GHC-2022-data-engineering-workshop/venv/lib/python3.8/site-packages/airflow/example_dags/example_sla_dag.py
[2022-08-29T21:49:44.374-0400] {logging_mixin.py:115} INFO - [2022-08-29T21:49:44.373-0400] {dag.py:2429} INFO - Sync 1 DAGs
[2022-08-29T21:49:44.407-0400] {logging_mixin.py:115} INFO - [2022-08-29T21:49:44.407-0400] {dag.py:2977} INFO - Setting next_dagrun for example_sla_dag to 2022-08-30T01:46:00+00:00, run_after=2022-08-30T01:48:00+00:00
[2022-08-29T21:49:44.428-0400] {processor.py:161} INFO - Processing /Users/jl/Documents/Repos/GHC-2022-data-engineering-workshop/venv/lib/python3.8/site-packages/airflow/example_dags/example_sla_dag.py took 0.226 seconds
[2022-08-29T21:52:11.264-0400] {processor.py:153} INFO - Started process (PID=20372) to work on /Users/jl/Documents/Repos/GHC-2022-data-engineering-workshop/venv/lib/python3.8/site-packages/airflow/example_dags/example_sla_dag.py
[2022-08-29T21:52:11.277-0400] {processor.py:640} INFO - Processing file /Users/jl/Documents/Repos/GHC-2022-data-engineering-workshop/venv/lib/python3.8/site-packages/airflow/example_dags/example_sla_dag.py for tasks to queue
[2022-08-29T21:52:11.278-0400] {logging_mixin.py:115} INFO - [2022-08-29T21:52:11.278-0400] {dagbag.py:508} INFO - Filling up the DagBag from /Users/jl/Documents/Repos/GHC-2022-data-engineering-workshop/venv/lib/python3.8/site-packages/airflow/example_dags/example_sla_dag.py
[2022-08-29T21:52:11.330-0400] {processor.py:650} INFO - DAG(s) dict_keys(['example_sla_dag']) retrieved from /Users/jl/Documents/Repos/GHC-2022-data-engineering-workshop/venv/lib/python3.8/site-packages/airflow/example_dags/example_sla_dag.py
[2022-08-29T21:52:11.449-0400] {logging_mixin.py:115} INFO - [2022-08-29T21:52:11.448-0400] {dag.py:2429} INFO - Sync 1 DAGs
[2022-08-29T21:52:11.487-0400] {logging_mixin.py:115} INFO - [2022-08-29T21:52:11.486-0400] {dag.py:2977} INFO - Setting next_dagrun for example_sla_dag to 2022-08-30T01:50:00+00:00, run_after=2022-08-30T01:52:00+00:00
[2022-08-29T21:52:11.511-0400] {processor.py:161} INFO - Processing /Users/jl/Documents/Repos/GHC-2022-data-engineering-workshop/venv/lib/python3.8/site-packages/airflow/example_dags/example_sla_dag.py took 0.250 seconds
