[2022-08-29T20:00:21.983-0400] {processor.py:153} INFO - Started process (PID=14365) to work on /Users/jl/Documents/Repos/GHC-2022-data-engineering-workshop/venv/lib/python3.8/site-packages/airflow/example_dags/example_branch_operator.py
[2022-08-29T20:00:21.991-0400] {processor.py:640} INFO - Processing file /Users/jl/Documents/Repos/GHC-2022-data-engineering-workshop/venv/lib/python3.8/site-packages/airflow/example_dags/example_branch_operator.py for tasks to queue
[2022-08-29T20:00:21.991-0400] {logging_mixin.py:115} INFO - [2022-08-29T20:00:21.991-0400] {dagbag.py:508} INFO - Filling up the DagBag from /Users/jl/Documents/Repos/GHC-2022-data-engineering-workshop/venv/lib/python3.8/site-packages/airflow/example_dags/example_branch_operator.py
[2022-08-29T20:00:22.027-0400] {processor.py:650} INFO - DAG(s) dict_keys(['example_branch_operator']) retrieved from /Users/jl/Documents/Repos/GHC-2022-data-engineering-workshop/venv/lib/python3.8/site-packages/airflow/example_dags/example_branch_operator.py
[2022-08-29T20:00:22.105-0400] {logging_mixin.py:115} INFO - [2022-08-29T20:00:22.104-0400] {dag.py:2429} INFO - Sync 1 DAGs
[2022-08-29T20:00:22.125-0400] {logging_mixin.py:115} INFO - [2022-08-29T20:00:22.125-0400] {dag.py:2977} INFO - Setting next_dagrun for example_branch_operator to 2022-08-29T00:00:00+00:00, run_after=2022-08-30T00:00:00+00:00
[2022-08-29T20:00:22.139-0400] {processor.py:161} INFO - Processing /Users/jl/Documents/Repos/GHC-2022-data-engineering-workshop/venv/lib/python3.8/site-packages/airflow/example_dags/example_branch_operator.py took 0.158 seconds
[2022-08-29T20:01:52.307-0400] {processor.py:153} INFO - Started process (PID=14448) to work on /Users/jl/Documents/Repos/GHC-2022-data-engineering-workshop/venv/lib/python3.8/site-packages/airflow/example_dags/example_branch_operator.py
[2022-08-29T20:01:52.315-0400] {processor.py:640} INFO - Processing file /Users/jl/Documents/Repos/GHC-2022-data-engineering-workshop/venv/lib/python3.8/site-packages/airflow/example_dags/example_branch_operator.py for tasks to queue
[2022-08-29T20:01:52.315-0400] {logging_mixin.py:115} INFO - [2022-08-29T20:01:52.315-0400] {dagbag.py:508} INFO - Filling up the DagBag from /Users/jl/Documents/Repos/GHC-2022-data-engineering-workshop/venv/lib/python3.8/site-packages/airflow/example_dags/example_branch_operator.py
[2022-08-29T20:01:52.349-0400] {processor.py:650} INFO - DAG(s) dict_keys(['example_branch_operator']) retrieved from /Users/jl/Documents/Repos/GHC-2022-data-engineering-workshop/venv/lib/python3.8/site-packages/airflow/example_dags/example_branch_operator.py
[2022-08-29T20:01:52.425-0400] {logging_mixin.py:115} INFO - [2022-08-29T20:01:52.425-0400] {dag.py:2429} INFO - Sync 1 DAGs
[2022-08-29T20:01:52.446-0400] {logging_mixin.py:115} INFO - [2022-08-29T20:01:52.446-0400] {dag.py:2977} INFO - Setting next_dagrun for example_branch_operator to 2022-08-29T00:00:00+00:00, run_after=2022-08-30T00:00:00+00:00
[2022-08-29T20:01:52.460-0400] {processor.py:161} INFO - Processing /Users/jl/Documents/Repos/GHC-2022-data-engineering-workshop/venv/lib/python3.8/site-packages/airflow/example_dags/example_branch_operator.py took 0.154 seconds
[2022-08-29T20:03:15.456-0400] {processor.py:153} INFO - Started process (PID=14528) to work on /Users/jl/Documents/Repos/GHC-2022-data-engineering-workshop/venv/lib/python3.8/site-packages/airflow/example_dags/example_branch_operator.py
[2022-08-29T20:03:15.465-0400] {processor.py:640} INFO - Processing file /Users/jl/Documents/Repos/GHC-2022-data-engineering-workshop/venv/lib/python3.8/site-packages/airflow/example_dags/example_branch_operator.py for tasks to queue
[2022-08-29T20:03:15.465-0400] {logging_mixin.py:115} INFO - [2022-08-29T20:03:15.465-0400] {dagbag.py:508} INFO - Filling up the DagBag from /Users/jl/Documents/Repos/GHC-2022-data-engineering-workshop/venv/lib/python3.8/site-packages/airflow/example_dags/example_branch_operator.py
[2022-08-29T20:03:15.499-0400] {processor.py:650} INFO - DAG(s) dict_keys(['example_branch_operator']) retrieved from /Users/jl/Documents/Repos/GHC-2022-data-engineering-workshop/venv/lib/python3.8/site-packages/airflow/example_dags/example_branch_operator.py
[2022-08-29T20:03:15.577-0400] {logging_mixin.py:115} INFO - [2022-08-29T20:03:15.577-0400] {dag.py:2429} INFO - Sync 1 DAGs
[2022-08-29T20:03:15.598-0400] {logging_mixin.py:115} INFO - [2022-08-29T20:03:15.597-0400] {dag.py:2977} INFO - Setting next_dagrun for example_branch_operator to 2022-08-29T00:00:00+00:00, run_after=2022-08-30T00:00:00+00:00
[2022-08-29T20:03:15.612-0400] {processor.py:161} INFO - Processing /Users/jl/Documents/Repos/GHC-2022-data-engineering-workshop/venv/lib/python3.8/site-packages/airflow/example_dags/example_branch_operator.py took 0.157 seconds
[2022-08-29T20:04:42.402-0400] {processor.py:153} INFO - Started process (PID=14609) to work on /Users/jl/Documents/Repos/GHC-2022-data-engineering-workshop/venv/lib/python3.8/site-packages/airflow/example_dags/example_branch_operator.py
[2022-08-29T20:04:42.410-0400] {processor.py:640} INFO - Processing file /Users/jl/Documents/Repos/GHC-2022-data-engineering-workshop/venv/lib/python3.8/site-packages/airflow/example_dags/example_branch_operator.py for tasks to queue
[2022-08-29T20:04:42.410-0400] {logging_mixin.py:115} INFO - [2022-08-29T20:04:42.410-0400] {dagbag.py:508} INFO - Filling up the DagBag from /Users/jl/Documents/Repos/GHC-2022-data-engineering-workshop/venv/lib/python3.8/site-packages/airflow/example_dags/example_branch_operator.py
[2022-08-29T20:04:42.444-0400] {processor.py:650} INFO - DAG(s) dict_keys(['example_branch_operator']) retrieved from /Users/jl/Documents/Repos/GHC-2022-data-engineering-workshop/venv/lib/python3.8/site-packages/airflow/example_dags/example_branch_operator.py
[2022-08-29T20:04:42.523-0400] {logging_mixin.py:115} INFO - [2022-08-29T20:04:42.522-0400] {dag.py:2429} INFO - Sync 1 DAGs
[2022-08-29T20:04:42.543-0400] {logging_mixin.py:115} INFO - [2022-08-29T20:04:42.543-0400] {dag.py:2977} INFO - Setting next_dagrun for example_branch_operator to 2022-08-29T00:00:00+00:00, run_after=2022-08-30T00:00:00+00:00
[2022-08-29T20:04:42.558-0400] {processor.py:161} INFO - Processing /Users/jl/Documents/Repos/GHC-2022-data-engineering-workshop/venv/lib/python3.8/site-packages/airflow/example_dags/example_branch_operator.py took 0.158 seconds
[2022-08-29T20:06:10.157-0400] {processor.py:153} INFO - Started process (PID=14690) to work on /Users/jl/Documents/Repos/GHC-2022-data-engineering-workshop/venv/lib/python3.8/site-packages/airflow/example_dags/example_branch_operator.py
[2022-08-29T20:06:10.165-0400] {processor.py:640} INFO - Processing file /Users/jl/Documents/Repos/GHC-2022-data-engineering-workshop/venv/lib/python3.8/site-packages/airflow/example_dags/example_branch_operator.py for tasks to queue
[2022-08-29T20:06:10.166-0400] {logging_mixin.py:115} INFO - [2022-08-29T20:06:10.166-0400] {dagbag.py:508} INFO - Filling up the DagBag from /Users/jl/Documents/Repos/GHC-2022-data-engineering-workshop/venv/lib/python3.8/site-packages/airflow/example_dags/example_branch_operator.py
[2022-08-29T20:06:10.199-0400] {processor.py:650} INFO - DAG(s) dict_keys(['example_branch_operator']) retrieved from /Users/jl/Documents/Repos/GHC-2022-data-engineering-workshop/venv/lib/python3.8/site-packages/airflow/example_dags/example_branch_operator.py
[2022-08-29T20:06:10.276-0400] {logging_mixin.py:115} INFO - [2022-08-29T20:06:10.276-0400] {dag.py:2429} INFO - Sync 1 DAGs
[2022-08-29T20:06:10.297-0400] {logging_mixin.py:115} INFO - [2022-08-29T20:06:10.297-0400] {dag.py:2977} INFO - Setting next_dagrun for example_branch_operator to 2022-08-29T00:00:00+00:00, run_after=2022-08-30T00:00:00+00:00
[2022-08-29T20:06:10.311-0400] {processor.py:161} INFO - Processing /Users/jl/Documents/Repos/GHC-2022-data-engineering-workshop/venv/lib/python3.8/site-packages/airflow/example_dags/example_branch_operator.py took 0.155 seconds
[2022-08-29T20:07:37.169-0400] {processor.py:153} INFO - Started process (PID=14773) to work on /Users/jl/Documents/Repos/GHC-2022-data-engineering-workshop/venv/lib/python3.8/site-packages/airflow/example_dags/example_branch_operator.py
[2022-08-29T20:07:37.177-0400] {processor.py:640} INFO - Processing file /Users/jl/Documents/Repos/GHC-2022-data-engineering-workshop/venv/lib/python3.8/site-packages/airflow/example_dags/example_branch_operator.py for tasks to queue
[2022-08-29T20:07:37.178-0400] {logging_mixin.py:115} INFO - [2022-08-29T20:07:37.177-0400] {dagbag.py:508} INFO - Filling up the DagBag from /Users/jl/Documents/Repos/GHC-2022-data-engineering-workshop/venv/lib/python3.8/site-packages/airflow/example_dags/example_branch_operator.py
[2022-08-29T20:07:37.214-0400] {processor.py:650} INFO - DAG(s) dict_keys(['example_branch_operator']) retrieved from /Users/jl/Documents/Repos/GHC-2022-data-engineering-workshop/venv/lib/python3.8/site-packages/airflow/example_dags/example_branch_operator.py
[2022-08-29T20:07:37.291-0400] {logging_mixin.py:115} INFO - [2022-08-29T20:07:37.291-0400] {dag.py:2429} INFO - Sync 1 DAGs
[2022-08-29T20:07:37.312-0400] {logging_mixin.py:115} INFO - [2022-08-29T20:07:37.312-0400] {dag.py:2977} INFO - Setting next_dagrun for example_branch_operator to 2022-08-29T00:00:00+00:00, run_after=2022-08-30T00:00:00+00:00
[2022-08-29T20:07:37.326-0400] {processor.py:161} INFO - Processing /Users/jl/Documents/Repos/GHC-2022-data-engineering-workshop/venv/lib/python3.8/site-packages/airflow/example_dags/example_branch_operator.py took 0.159 seconds
[2022-08-29T20:09:04.442-0400] {processor.py:153} INFO - Started process (PID=14853) to work on /Users/jl/Documents/Repos/GHC-2022-data-engineering-workshop/venv/lib/python3.8/site-packages/airflow/example_dags/example_branch_operator.py
[2022-08-29T20:09:04.451-0400] {processor.py:640} INFO - Processing file /Users/jl/Documents/Repos/GHC-2022-data-engineering-workshop/venv/lib/python3.8/site-packages/airflow/example_dags/example_branch_operator.py for tasks to queue
[2022-08-29T20:09:04.451-0400] {logging_mixin.py:115} INFO - [2022-08-29T20:09:04.451-0400] {dagbag.py:508} INFO - Filling up the DagBag from /Users/jl/Documents/Repos/GHC-2022-data-engineering-workshop/venv/lib/python3.8/site-packages/airflow/example_dags/example_branch_operator.py
[2022-08-29T20:09:04.485-0400] {processor.py:650} INFO - DAG(s) dict_keys(['example_branch_operator']) retrieved from /Users/jl/Documents/Repos/GHC-2022-data-engineering-workshop/venv/lib/python3.8/site-packages/airflow/example_dags/example_branch_operator.py
[2022-08-29T20:09:04.562-0400] {logging_mixin.py:115} INFO - [2022-08-29T20:09:04.562-0400] {dag.py:2429} INFO - Sync 1 DAGs
[2022-08-29T20:09:04.583-0400] {logging_mixin.py:115} INFO - [2022-08-29T20:09:04.582-0400] {dag.py:2977} INFO - Setting next_dagrun for example_branch_operator to 2022-08-29T00:00:00+00:00, run_after=2022-08-30T00:00:00+00:00
[2022-08-29T20:09:04.597-0400] {processor.py:161} INFO - Processing /Users/jl/Documents/Repos/GHC-2022-data-engineering-workshop/venv/lib/python3.8/site-packages/airflow/example_dags/example_branch_operator.py took 0.155 seconds
[2022-08-29T20:10:41.665-0400] {processor.py:153} INFO - Started process (PID=14942) to work on /Users/jl/Documents/Repos/GHC-2022-data-engineering-workshop/venv/lib/python3.8/site-packages/airflow/example_dags/example_branch_operator.py
[2022-08-29T20:10:41.675-0400] {processor.py:640} INFO - Processing file /Users/jl/Documents/Repos/GHC-2022-data-engineering-workshop/venv/lib/python3.8/site-packages/airflow/example_dags/example_branch_operator.py for tasks to queue
[2022-08-29T20:10:41.676-0400] {logging_mixin.py:115} INFO - [2022-08-29T20:10:41.675-0400] {dagbag.py:508} INFO - Filling up the DagBag from /Users/jl/Documents/Repos/GHC-2022-data-engineering-workshop/venv/lib/python3.8/site-packages/airflow/example_dags/example_branch_operator.py
[2022-08-29T20:10:41.710-0400] {processor.py:650} INFO - DAG(s) dict_keys(['example_branch_operator']) retrieved from /Users/jl/Documents/Repos/GHC-2022-data-engineering-workshop/venv/lib/python3.8/site-packages/airflow/example_dags/example_branch_operator.py
[2022-08-29T20:10:41.791-0400] {logging_mixin.py:115} INFO - [2022-08-29T20:10:41.791-0400] {dag.py:2429} INFO - Sync 1 DAGs
[2022-08-29T20:10:41.812-0400] {logging_mixin.py:115} INFO - [2022-08-29T20:10:41.811-0400] {dag.py:2977} INFO - Setting next_dagrun for example_branch_operator to 2022-08-29T00:00:00+00:00, run_after=2022-08-30T00:00:00+00:00
[2022-08-29T20:10:41.826-0400] {processor.py:161} INFO - Processing /Users/jl/Documents/Repos/GHC-2022-data-engineering-workshop/venv/lib/python3.8/site-packages/airflow/example_dags/example_branch_operator.py took 0.162 seconds
[2022-08-29T20:12:13.190-0400] {processor.py:153} INFO - Started process (PID=15027) to work on /Users/jl/Documents/Repos/GHC-2022-data-engineering-workshop/venv/lib/python3.8/site-packages/airflow/example_dags/example_branch_operator.py
[2022-08-29T20:12:13.199-0400] {processor.py:640} INFO - Processing file /Users/jl/Documents/Repos/GHC-2022-data-engineering-workshop/venv/lib/python3.8/site-packages/airflow/example_dags/example_branch_operator.py for tasks to queue
[2022-08-29T20:12:13.199-0400] {logging_mixin.py:115} INFO - [2022-08-29T20:12:13.199-0400] {dagbag.py:508} INFO - Filling up the DagBag from /Users/jl/Documents/Repos/GHC-2022-data-engineering-workshop/venv/lib/python3.8/site-packages/airflow/example_dags/example_branch_operator.py
[2022-08-29T20:12:13.232-0400] {processor.py:650} INFO - DAG(s) dict_keys(['example_branch_operator']) retrieved from /Users/jl/Documents/Repos/GHC-2022-data-engineering-workshop/venv/lib/python3.8/site-packages/airflow/example_dags/example_branch_operator.py
[2022-08-29T20:12:13.311-0400] {logging_mixin.py:115} INFO - [2022-08-29T20:12:13.311-0400] {dag.py:2429} INFO - Sync 1 DAGs
[2022-08-29T20:12:13.332-0400] {logging_mixin.py:115} INFO - [2022-08-29T20:12:13.332-0400] {dag.py:2977} INFO - Setting next_dagrun for example_branch_operator to 2022-08-29T00:00:00+00:00, run_after=2022-08-30T00:00:00+00:00
[2022-08-29T20:12:13.346-0400] {processor.py:161} INFO - Processing /Users/jl/Documents/Repos/GHC-2022-data-engineering-workshop/venv/lib/python3.8/site-packages/airflow/example_dags/example_branch_operator.py took 0.157 seconds
[2022-08-29T20:13:42.700-0400] {processor.py:153} INFO - Started process (PID=15110) to work on /Users/jl/Documents/Repos/GHC-2022-data-engineering-workshop/venv/lib/python3.8/site-packages/airflow/example_dags/example_branch_operator.py
[2022-08-29T20:13:42.708-0400] {processor.py:640} INFO - Processing file /Users/jl/Documents/Repos/GHC-2022-data-engineering-workshop/venv/lib/python3.8/site-packages/airflow/example_dags/example_branch_operator.py for tasks to queue
[2022-08-29T20:13:42.708-0400] {logging_mixin.py:115} INFO - [2022-08-29T20:13:42.708-0400] {dagbag.py:508} INFO - Filling up the DagBag from /Users/jl/Documents/Repos/GHC-2022-data-engineering-workshop/venv/lib/python3.8/site-packages/airflow/example_dags/example_branch_operator.py
[2022-08-29T20:13:42.742-0400] {processor.py:650} INFO - DAG(s) dict_keys(['example_branch_operator']) retrieved from /Users/jl/Documents/Repos/GHC-2022-data-engineering-workshop/venv/lib/python3.8/site-packages/airflow/example_dags/example_branch_operator.py
[2022-08-29T20:13:42.819-0400] {logging_mixin.py:115} INFO - [2022-08-29T20:13:42.819-0400] {dag.py:2429} INFO - Sync 1 DAGs
[2022-08-29T20:13:42.839-0400] {logging_mixin.py:115} INFO - [2022-08-29T20:13:42.839-0400] {dag.py:2977} INFO - Setting next_dagrun for example_branch_operator to 2022-08-29T00:00:00+00:00, run_after=2022-08-30T00:00:00+00:00
[2022-08-29T20:13:42.854-0400] {processor.py:161} INFO - Processing /Users/jl/Documents/Repos/GHC-2022-data-engineering-workshop/venv/lib/python3.8/site-packages/airflow/example_dags/example_branch_operator.py took 0.155 seconds
[2022-08-29T20:15:18.032-0400] {processor.py:153} INFO - Started process (PID=15226) to work on /Users/jl/Documents/Repos/GHC-2022-data-engineering-workshop/venv/lib/python3.8/site-packages/airflow/example_dags/example_branch_operator.py
[2022-08-29T20:15:18.040-0400] {processor.py:640} INFO - Processing file /Users/jl/Documents/Repos/GHC-2022-data-engineering-workshop/venv/lib/python3.8/site-packages/airflow/example_dags/example_branch_operator.py for tasks to queue
[2022-08-29T20:15:18.040-0400] {logging_mixin.py:115} INFO - [2022-08-29T20:15:18.040-0400] {dagbag.py:508} INFO - Filling up the DagBag from /Users/jl/Documents/Repos/GHC-2022-data-engineering-workshop/venv/lib/python3.8/site-packages/airflow/example_dags/example_branch_operator.py
[2022-08-29T20:15:18.074-0400] {processor.py:650} INFO - DAG(s) dict_keys(['example_branch_operator']) retrieved from /Users/jl/Documents/Repos/GHC-2022-data-engineering-workshop/venv/lib/python3.8/site-packages/airflow/example_dags/example_branch_operator.py
[2022-08-29T20:15:18.152-0400] {logging_mixin.py:115} INFO - [2022-08-29T20:15:18.151-0400] {dag.py:2429} INFO - Sync 1 DAGs
[2022-08-29T20:15:18.172-0400] {logging_mixin.py:115} INFO - [2022-08-29T20:15:18.172-0400] {dag.py:2977} INFO - Setting next_dagrun for example_branch_operator to 2022-08-29T00:00:00+00:00, run_after=2022-08-30T00:00:00+00:00
[2022-08-29T20:15:18.186-0400] {processor.py:161} INFO - Processing /Users/jl/Documents/Repos/GHC-2022-data-engineering-workshop/venv/lib/python3.8/site-packages/airflow/example_dags/example_branch_operator.py took 0.156 seconds
[2022-08-29T20:17:03.693-0400] {processor.py:153} INFO - Started process (PID=15314) to work on /Users/jl/Documents/Repos/GHC-2022-data-engineering-workshop/venv/lib/python3.8/site-packages/airflow/example_dags/example_branch_operator.py
[2022-08-29T20:17:03.705-0400] {processor.py:640} INFO - Processing file /Users/jl/Documents/Repos/GHC-2022-data-engineering-workshop/venv/lib/python3.8/site-packages/airflow/example_dags/example_branch_operator.py for tasks to queue
[2022-08-29T20:17:03.706-0400] {logging_mixin.py:115} INFO - [2022-08-29T20:17:03.705-0400] {dagbag.py:508} INFO - Filling up the DagBag from /Users/jl/Documents/Repos/GHC-2022-data-engineering-workshop/venv/lib/python3.8/site-packages/airflow/example_dags/example_branch_operator.py
[2022-08-29T20:17:03.742-0400] {processor.py:650} INFO - DAG(s) dict_keys(['example_branch_operator']) retrieved from /Users/jl/Documents/Repos/GHC-2022-data-engineering-workshop/venv/lib/python3.8/site-packages/airflow/example_dags/example_branch_operator.py
[2022-08-29T20:17:03.838-0400] {logging_mixin.py:115} INFO - [2022-08-29T20:17:03.838-0400] {dag.py:2429} INFO - Sync 1 DAGs
[2022-08-29T20:17:03.862-0400] {logging_mixin.py:115} INFO - [2022-08-29T20:17:03.862-0400] {dag.py:2977} INFO - Setting next_dagrun for example_branch_operator to 2022-08-29T00:00:00+00:00, run_after=2022-08-30T00:00:00+00:00
[2022-08-29T20:17:03.877-0400] {processor.py:161} INFO - Processing /Users/jl/Documents/Repos/GHC-2022-data-engineering-workshop/venv/lib/python3.8/site-packages/airflow/example_dags/example_branch_operator.py took 0.185 seconds
[2022-08-29T20:18:58.726-0400] {processor.py:153} INFO - Started process (PID=15450) to work on /Users/jl/Documents/Repos/GHC-2022-data-engineering-workshop/venv/lib/python3.8/site-packages/airflow/example_dags/example_branch_operator.py
[2022-08-29T20:18:58.745-0400] {processor.py:640} INFO - Processing file /Users/jl/Documents/Repos/GHC-2022-data-engineering-workshop/venv/lib/python3.8/site-packages/airflow/example_dags/example_branch_operator.py for tasks to queue
[2022-08-29T20:18:58.749-0400] {logging_mixin.py:115} INFO - [2022-08-29T20:18:58.745-0400] {dagbag.py:508} INFO - Filling up the DagBag from /Users/jl/Documents/Repos/GHC-2022-data-engineering-workshop/venv/lib/python3.8/site-packages/airflow/example_dags/example_branch_operator.py
[2022-08-29T20:18:58.805-0400] {processor.py:650} INFO - DAG(s) dict_keys(['example_branch_operator']) retrieved from /Users/jl/Documents/Repos/GHC-2022-data-engineering-workshop/venv/lib/python3.8/site-packages/airflow/example_dags/example_branch_operator.py
[2022-08-29T20:18:58.882-0400] {logging_mixin.py:115} INFO - [2022-08-29T20:18:58.882-0400] {dag.py:2429} INFO - Sync 1 DAGs
[2022-08-29T20:18:58.903-0400] {logging_mixin.py:115} INFO - [2022-08-29T20:18:58.903-0400] {dag.py:2977} INFO - Setting next_dagrun for example_branch_operator to 2022-08-29T00:00:00+00:00, run_after=2022-08-30T00:00:00+00:00
[2022-08-29T20:18:58.919-0400] {processor.py:161} INFO - Processing /Users/jl/Documents/Repos/GHC-2022-data-engineering-workshop/venv/lib/python3.8/site-packages/airflow/example_dags/example_branch_operator.py took 0.194 seconds
[2022-08-29T20:20:38.073-0400] {processor.py:153} INFO - Started process (PID=15539) to work on /Users/jl/Documents/Repos/GHC-2022-data-engineering-workshop/venv/lib/python3.8/site-packages/airflow/example_dags/example_branch_operator.py
[2022-08-29T20:20:38.083-0400] {processor.py:640} INFO - Processing file /Users/jl/Documents/Repos/GHC-2022-data-engineering-workshop/venv/lib/python3.8/site-packages/airflow/example_dags/example_branch_operator.py for tasks to queue
[2022-08-29T20:20:38.084-0400] {logging_mixin.py:115} INFO - [2022-08-29T20:20:38.083-0400] {dagbag.py:508} INFO - Filling up the DagBag from /Users/jl/Documents/Repos/GHC-2022-data-engineering-workshop/venv/lib/python3.8/site-packages/airflow/example_dags/example_branch_operator.py
[2022-08-29T20:20:38.119-0400] {processor.py:650} INFO - DAG(s) dict_keys(['example_branch_operator']) retrieved from /Users/jl/Documents/Repos/GHC-2022-data-engineering-workshop/venv/lib/python3.8/site-packages/airflow/example_dags/example_branch_operator.py
[2022-08-29T20:20:38.195-0400] {logging_mixin.py:115} INFO - [2022-08-29T20:20:38.195-0400] {dag.py:2429} INFO - Sync 1 DAGs
[2022-08-29T20:20:38.216-0400] {logging_mixin.py:115} INFO - [2022-08-29T20:20:38.216-0400] {dag.py:2977} INFO - Setting next_dagrun for example_branch_operator to 2022-08-29T00:00:00+00:00, run_after=2022-08-30T00:00:00+00:00
[2022-08-29T20:20:38.231-0400] {processor.py:161} INFO - Processing /Users/jl/Documents/Repos/GHC-2022-data-engineering-workshop/venv/lib/python3.8/site-packages/airflow/example_dags/example_branch_operator.py took 0.159 seconds
[2022-08-29T20:22:05.322-0400] {processor.py:153} INFO - Started process (PID=15622) to work on /Users/jl/Documents/Repos/GHC-2022-data-engineering-workshop/venv/lib/python3.8/site-packages/airflow/example_dags/example_branch_operator.py
[2022-08-29T20:22:05.331-0400] {processor.py:640} INFO - Processing file /Users/jl/Documents/Repos/GHC-2022-data-engineering-workshop/venv/lib/python3.8/site-packages/airflow/example_dags/example_branch_operator.py for tasks to queue
[2022-08-29T20:22:05.331-0400] {logging_mixin.py:115} INFO - [2022-08-29T20:22:05.331-0400] {dagbag.py:508} INFO - Filling up the DagBag from /Users/jl/Documents/Repos/GHC-2022-data-engineering-workshop/venv/lib/python3.8/site-packages/airflow/example_dags/example_branch_operator.py
[2022-08-29T20:22:05.364-0400] {processor.py:650} INFO - DAG(s) dict_keys(['example_branch_operator']) retrieved from /Users/jl/Documents/Repos/GHC-2022-data-engineering-workshop/venv/lib/python3.8/site-packages/airflow/example_dags/example_branch_operator.py
[2022-08-29T20:22:05.442-0400] {logging_mixin.py:115} INFO - [2022-08-29T20:22:05.442-0400] {dag.py:2429} INFO - Sync 1 DAGs
[2022-08-29T20:22:05.462-0400] {logging_mixin.py:115} INFO - [2022-08-29T20:22:05.462-0400] {dag.py:2977} INFO - Setting next_dagrun for example_branch_operator to 2022-08-29T00:00:00+00:00, run_after=2022-08-30T00:00:00+00:00
[2022-08-29T20:22:05.477-0400] {processor.py:161} INFO - Processing /Users/jl/Documents/Repos/GHC-2022-data-engineering-workshop/venv/lib/python3.8/site-packages/airflow/example_dags/example_branch_operator.py took 0.155 seconds
[2022-08-29T20:23:31.300-0400] {processor.py:153} INFO - Started process (PID=15703) to work on /Users/jl/Documents/Repos/GHC-2022-data-engineering-workshop/venv/lib/python3.8/site-packages/airflow/example_dags/example_branch_operator.py
[2022-08-29T20:23:31.309-0400] {processor.py:640} INFO - Processing file /Users/jl/Documents/Repos/GHC-2022-data-engineering-workshop/venv/lib/python3.8/site-packages/airflow/example_dags/example_branch_operator.py for tasks to queue
[2022-08-29T20:23:31.309-0400] {logging_mixin.py:115} INFO - [2022-08-29T20:23:31.309-0400] {dagbag.py:508} INFO - Filling up the DagBag from /Users/jl/Documents/Repos/GHC-2022-data-engineering-workshop/venv/lib/python3.8/site-packages/airflow/example_dags/example_branch_operator.py
[2022-08-29T20:23:31.343-0400] {processor.py:650} INFO - DAG(s) dict_keys(['example_branch_operator']) retrieved from /Users/jl/Documents/Repos/GHC-2022-data-engineering-workshop/venv/lib/python3.8/site-packages/airflow/example_dags/example_branch_operator.py
[2022-08-29T20:23:31.420-0400] {logging_mixin.py:115} INFO - [2022-08-29T20:23:31.420-0400] {dag.py:2429} INFO - Sync 1 DAGs
[2022-08-29T20:23:31.440-0400] {logging_mixin.py:115} INFO - [2022-08-29T20:23:31.440-0400] {dag.py:2977} INFO - Setting next_dagrun for example_branch_operator to 2022-08-29T00:00:00+00:00, run_after=2022-08-30T00:00:00+00:00
[2022-08-29T20:23:31.454-0400] {processor.py:161} INFO - Processing /Users/jl/Documents/Repos/GHC-2022-data-engineering-workshop/venv/lib/python3.8/site-packages/airflow/example_dags/example_branch_operator.py took 0.155 seconds
[2022-08-29T20:25:00.690-0400] {processor.py:153} INFO - Started process (PID=15786) to work on /Users/jl/Documents/Repos/GHC-2022-data-engineering-workshop/venv/lib/python3.8/site-packages/airflow/example_dags/example_branch_operator.py
[2022-08-29T20:25:00.705-0400] {processor.py:640} INFO - Processing file /Users/jl/Documents/Repos/GHC-2022-data-engineering-workshop/venv/lib/python3.8/site-packages/airflow/example_dags/example_branch_operator.py for tasks to queue
[2022-08-29T20:25:00.706-0400] {logging_mixin.py:115} INFO - [2022-08-29T20:25:00.706-0400] {dagbag.py:508} INFO - Filling up the DagBag from /Users/jl/Documents/Repos/GHC-2022-data-engineering-workshop/venv/lib/python3.8/site-packages/airflow/example_dags/example_branch_operator.py
[2022-08-29T20:25:00.760-0400] {processor.py:650} INFO - DAG(s) dict_keys(['example_branch_operator']) retrieved from /Users/jl/Documents/Repos/GHC-2022-data-engineering-workshop/venv/lib/python3.8/site-packages/airflow/example_dags/example_branch_operator.py
[2022-08-29T20:25:00.855-0400] {logging_mixin.py:115} INFO - [2022-08-29T20:25:00.855-0400] {dag.py:2429} INFO - Sync 1 DAGs
[2022-08-29T20:25:00.876-0400] {logging_mixin.py:115} INFO - [2022-08-29T20:25:00.876-0400] {dag.py:2977} INFO - Setting next_dagrun for example_branch_operator to 2022-08-29T00:00:00+00:00, run_after=2022-08-30T00:00:00+00:00
[2022-08-29T20:25:00.891-0400] {processor.py:161} INFO - Processing /Users/jl/Documents/Repos/GHC-2022-data-engineering-workshop/venv/lib/python3.8/site-packages/airflow/example_dags/example_branch_operator.py took 0.202 seconds
[2022-08-29T20:27:09.289-0400] {processor.py:153} INFO - Started process (PID=15909) to work on /Users/jl/Documents/Repos/GHC-2022-data-engineering-workshop/venv/lib/python3.8/site-packages/airflow/example_dags/example_branch_operator.py
[2022-08-29T20:27:09.302-0400] {processor.py:640} INFO - Processing file /Users/jl/Documents/Repos/GHC-2022-data-engineering-workshop/venv/lib/python3.8/site-packages/airflow/example_dags/example_branch_operator.py for tasks to queue
[2022-08-29T20:27:09.303-0400] {logging_mixin.py:115} INFO - [2022-08-29T20:27:09.302-0400] {dagbag.py:508} INFO - Filling up the DagBag from /Users/jl/Documents/Repos/GHC-2022-data-engineering-workshop/venv/lib/python3.8/site-packages/airflow/example_dags/example_branch_operator.py
[2022-08-29T20:27:09.347-0400] {processor.py:650} INFO - DAG(s) dict_keys(['example_branch_operator']) retrieved from /Users/jl/Documents/Repos/GHC-2022-data-engineering-workshop/venv/lib/python3.8/site-packages/airflow/example_dags/example_branch_operator.py
[2022-08-29T20:27:09.437-0400] {logging_mixin.py:115} INFO - [2022-08-29T20:27:09.437-0400] {dag.py:2429} INFO - Sync 1 DAGs
[2022-08-29T20:27:09.464-0400] {logging_mixin.py:115} INFO - [2022-08-29T20:27:09.464-0400] {dag.py:2977} INFO - Setting next_dagrun for example_branch_operator to 2022-08-29T00:00:00+00:00, run_after=2022-08-30T00:00:00+00:00
[2022-08-29T20:27:09.483-0400] {processor.py:161} INFO - Processing /Users/jl/Documents/Repos/GHC-2022-data-engineering-workshop/venv/lib/python3.8/site-packages/airflow/example_dags/example_branch_operator.py took 0.196 seconds
[2022-08-29T20:28:49.852-0400] {processor.py:153} INFO - Started process (PID=15999) to work on /Users/jl/Documents/Repos/GHC-2022-data-engineering-workshop/venv/lib/python3.8/site-packages/airflow/example_dags/example_branch_operator.py
[2022-08-29T20:28:49.860-0400] {processor.py:640} INFO - Processing file /Users/jl/Documents/Repos/GHC-2022-data-engineering-workshop/venv/lib/python3.8/site-packages/airflow/example_dags/example_branch_operator.py for tasks to queue
[2022-08-29T20:28:49.861-0400] {logging_mixin.py:115} INFO - [2022-08-29T20:28:49.861-0400] {dagbag.py:508} INFO - Filling up the DagBag from /Users/jl/Documents/Repos/GHC-2022-data-engineering-workshop/venv/lib/python3.8/site-packages/airflow/example_dags/example_branch_operator.py
[2022-08-29T20:28:49.901-0400] {processor.py:650} INFO - DAG(s) dict_keys(['example_branch_operator']) retrieved from /Users/jl/Documents/Repos/GHC-2022-data-engineering-workshop/venv/lib/python3.8/site-packages/airflow/example_dags/example_branch_operator.py
[2022-08-29T20:28:50.076-0400] {logging_mixin.py:115} INFO - [2022-08-29T20:28:50.075-0400] {dag.py:2429} INFO - Sync 1 DAGs
[2022-08-29T20:28:50.120-0400] {logging_mixin.py:115} INFO - [2022-08-29T20:28:50.120-0400] {dag.py:2977} INFO - Setting next_dagrun for example_branch_operator to 2022-08-29T00:00:00+00:00, run_after=2022-08-30T00:00:00+00:00
[2022-08-29T20:28:50.140-0400] {processor.py:161} INFO - Processing /Users/jl/Documents/Repos/GHC-2022-data-engineering-workshop/venv/lib/python3.8/site-packages/airflow/example_dags/example_branch_operator.py took 0.289 seconds
[2022-08-29T20:30:55.020-0400] {processor.py:153} INFO - Started process (PID=16114) to work on /Users/jl/Documents/Repos/GHC-2022-data-engineering-workshop/venv/lib/python3.8/site-packages/airflow/example_dags/example_branch_operator.py
[2022-08-29T20:30:55.032-0400] {processor.py:640} INFO - Processing file /Users/jl/Documents/Repos/GHC-2022-data-engineering-workshop/venv/lib/python3.8/site-packages/airflow/example_dags/example_branch_operator.py for tasks to queue
[2022-08-29T20:30:55.032-0400] {logging_mixin.py:115} INFO - [2022-08-29T20:30:55.032-0400] {dagbag.py:508} INFO - Filling up the DagBag from /Users/jl/Documents/Repos/GHC-2022-data-engineering-workshop/venv/lib/python3.8/site-packages/airflow/example_dags/example_branch_operator.py
[2022-08-29T20:30:55.105-0400] {processor.py:650} INFO - DAG(s) dict_keys(['example_branch_operator']) retrieved from /Users/jl/Documents/Repos/GHC-2022-data-engineering-workshop/venv/lib/python3.8/site-packages/airflow/example_dags/example_branch_operator.py
[2022-08-29T20:30:55.300-0400] {logging_mixin.py:115} INFO - [2022-08-29T20:30:55.300-0400] {dag.py:2429} INFO - Sync 1 DAGs
[2022-08-29T20:30:55.354-0400] {logging_mixin.py:115} INFO - [2022-08-29T20:30:55.354-0400] {dag.py:2977} INFO - Setting next_dagrun for example_branch_operator to 2022-08-29T00:00:00+00:00, run_after=2022-08-30T00:00:00+00:00
[2022-08-29T20:30:55.372-0400] {processor.py:161} INFO - Processing /Users/jl/Documents/Repos/GHC-2022-data-engineering-workshop/venv/lib/python3.8/site-packages/airflow/example_dags/example_branch_operator.py took 0.353 seconds
[2022-08-29T20:32:56.865-0400] {processor.py:153} INFO - Started process (PID=16232) to work on /Users/jl/Documents/Repos/GHC-2022-data-engineering-workshop/venv/lib/python3.8/site-packages/airflow/example_dags/example_branch_operator.py
[2022-08-29T20:32:56.890-0400] {processor.py:640} INFO - Processing file /Users/jl/Documents/Repos/GHC-2022-data-engineering-workshop/venv/lib/python3.8/site-packages/airflow/example_dags/example_branch_operator.py for tasks to queue
[2022-08-29T20:32:56.892-0400] {logging_mixin.py:115} INFO - [2022-08-29T20:32:56.892-0400] {dagbag.py:508} INFO - Filling up the DagBag from /Users/jl/Documents/Repos/GHC-2022-data-engineering-workshop/venv/lib/python3.8/site-packages/airflow/example_dags/example_branch_operator.py
[2022-08-29T20:32:56.984-0400] {processor.py:650} INFO - DAG(s) dict_keys(['example_branch_operator']) retrieved from /Users/jl/Documents/Repos/GHC-2022-data-engineering-workshop/venv/lib/python3.8/site-packages/airflow/example_dags/example_branch_operator.py
[2022-08-29T20:32:57.327-0400] {logging_mixin.py:115} INFO - [2022-08-29T20:32:57.327-0400] {dag.py:2429} INFO - Sync 1 DAGs
[2022-08-29T20:32:57.526-0400] {logging_mixin.py:115} INFO - [2022-08-29T20:32:57.525-0400] {dag.py:2977} INFO - Setting next_dagrun for example_branch_operator to 2022-08-29T00:00:00+00:00, run_after=2022-08-30T00:00:00+00:00
[2022-08-29T20:32:57.572-0400] {processor.py:161} INFO - Processing /Users/jl/Documents/Repos/GHC-2022-data-engineering-workshop/venv/lib/python3.8/site-packages/airflow/example_dags/example_branch_operator.py took 0.708 seconds
[2022-08-29T20:34:50.288-0400] {processor.py:153} INFO - Started process (PID=16333) to work on /Users/jl/Documents/Repos/GHC-2022-data-engineering-workshop/venv/lib/python3.8/site-packages/airflow/example_dags/example_branch_operator.py
[2022-08-29T20:34:50.297-0400] {processor.py:640} INFO - Processing file /Users/jl/Documents/Repos/GHC-2022-data-engineering-workshop/venv/lib/python3.8/site-packages/airflow/example_dags/example_branch_operator.py for tasks to queue
[2022-08-29T20:34:50.298-0400] {logging_mixin.py:115} INFO - [2022-08-29T20:34:50.297-0400] {dagbag.py:508} INFO - Filling up the DagBag from /Users/jl/Documents/Repos/GHC-2022-data-engineering-workshop/venv/lib/python3.8/site-packages/airflow/example_dags/example_branch_operator.py
[2022-08-29T20:34:50.334-0400] {processor.py:650} INFO - DAG(s) dict_keys(['example_branch_operator']) retrieved from /Users/jl/Documents/Repos/GHC-2022-data-engineering-workshop/venv/lib/python3.8/site-packages/airflow/example_dags/example_branch_operator.py
[2022-08-29T20:34:50.412-0400] {logging_mixin.py:115} INFO - [2022-08-29T20:34:50.412-0400] {dag.py:2429} INFO - Sync 1 DAGs
[2022-08-29T20:34:50.434-0400] {logging_mixin.py:115} INFO - [2022-08-29T20:34:50.433-0400] {dag.py:2977} INFO - Setting next_dagrun for example_branch_operator to 2022-08-29T00:00:00+00:00, run_after=2022-08-30T00:00:00+00:00
[2022-08-29T20:34:50.448-0400] {processor.py:161} INFO - Processing /Users/jl/Documents/Repos/GHC-2022-data-engineering-workshop/venv/lib/python3.8/site-packages/airflow/example_dags/example_branch_operator.py took 0.161 seconds
[2022-08-29T20:36:40.012-0400] {processor.py:153} INFO - Started process (PID=16459) to work on /Users/jl/Documents/Repos/GHC-2022-data-engineering-workshop/venv/lib/python3.8/site-packages/airflow/example_dags/example_branch_operator.py
[2022-08-29T20:36:40.023-0400] {processor.py:640} INFO - Processing file /Users/jl/Documents/Repos/GHC-2022-data-engineering-workshop/venv/lib/python3.8/site-packages/airflow/example_dags/example_branch_operator.py for tasks to queue
[2022-08-29T20:36:40.024-0400] {logging_mixin.py:115} INFO - [2022-08-29T20:36:40.024-0400] {dagbag.py:508} INFO - Filling up the DagBag from /Users/jl/Documents/Repos/GHC-2022-data-engineering-workshop/venv/lib/python3.8/site-packages/airflow/example_dags/example_branch_operator.py
[2022-08-29T20:36:40.068-0400] {processor.py:650} INFO - DAG(s) dict_keys(['example_branch_operator']) retrieved from /Users/jl/Documents/Repos/GHC-2022-data-engineering-workshop/venv/lib/python3.8/site-packages/airflow/example_dags/example_branch_operator.py
[2022-08-29T20:36:40.167-0400] {logging_mixin.py:115} INFO - [2022-08-29T20:36:40.167-0400] {dag.py:2429} INFO - Sync 1 DAGs
[2022-08-29T20:36:40.194-0400] {logging_mixin.py:115} INFO - [2022-08-29T20:36:40.194-0400] {dag.py:2977} INFO - Setting next_dagrun for example_branch_operator to 2022-08-29T00:00:00+00:00, run_after=2022-08-30T00:00:00+00:00
[2022-08-29T20:36:40.213-0400] {processor.py:161} INFO - Processing /Users/jl/Documents/Repos/GHC-2022-data-engineering-workshop/venv/lib/python3.8/site-packages/airflow/example_dags/example_branch_operator.py took 0.202 seconds
[2022-08-29T20:38:35.313-0400] {processor.py:153} INFO - Started process (PID=16573) to work on /Users/jl/Documents/Repos/GHC-2022-data-engineering-workshop/venv/lib/python3.8/site-packages/airflow/example_dags/example_branch_operator.py
[2022-08-29T20:38:35.323-0400] {processor.py:640} INFO - Processing file /Users/jl/Documents/Repos/GHC-2022-data-engineering-workshop/venv/lib/python3.8/site-packages/airflow/example_dags/example_branch_operator.py for tasks to queue
[2022-08-29T20:38:35.324-0400] {logging_mixin.py:115} INFO - [2022-08-29T20:38:35.324-0400] {dagbag.py:508} INFO - Filling up the DagBag from /Users/jl/Documents/Repos/GHC-2022-data-engineering-workshop/venv/lib/python3.8/site-packages/airflow/example_dags/example_branch_operator.py
[2022-08-29T20:38:35.358-0400] {processor.py:650} INFO - DAG(s) dict_keys(['example_branch_operator']) retrieved from /Users/jl/Documents/Repos/GHC-2022-data-engineering-workshop/venv/lib/python3.8/site-packages/airflow/example_dags/example_branch_operator.py
[2022-08-29T20:38:35.438-0400] {logging_mixin.py:115} INFO - [2022-08-29T20:38:35.438-0400] {dag.py:2429} INFO - Sync 1 DAGs
[2022-08-29T20:38:35.460-0400] {logging_mixin.py:115} INFO - [2022-08-29T20:38:35.460-0400] {dag.py:2977} INFO - Setting next_dagrun for example_branch_operator to 2022-08-29T00:00:00+00:00, run_after=2022-08-30T00:00:00+00:00
[2022-08-29T20:38:35.475-0400] {processor.py:161} INFO - Processing /Users/jl/Documents/Repos/GHC-2022-data-engineering-workshop/venv/lib/python3.8/site-packages/airflow/example_dags/example_branch_operator.py took 0.163 seconds
[2022-08-29T20:40:27.427-0400] {processor.py:153} INFO - Started process (PID=16672) to work on /Users/jl/Documents/Repos/GHC-2022-data-engineering-workshop/venv/lib/python3.8/site-packages/airflow/example_dags/example_branch_operator.py
[2022-08-29T20:40:27.437-0400] {processor.py:640} INFO - Processing file /Users/jl/Documents/Repos/GHC-2022-data-engineering-workshop/venv/lib/python3.8/site-packages/airflow/example_dags/example_branch_operator.py for tasks to queue
[2022-08-29T20:40:27.438-0400] {logging_mixin.py:115} INFO - [2022-08-29T20:40:27.438-0400] {dagbag.py:508} INFO - Filling up the DagBag from /Users/jl/Documents/Repos/GHC-2022-data-engineering-workshop/venv/lib/python3.8/site-packages/airflow/example_dags/example_branch_operator.py
[2022-08-29T20:40:27.472-0400] {processor.py:650} INFO - DAG(s) dict_keys(['example_branch_operator']) retrieved from /Users/jl/Documents/Repos/GHC-2022-data-engineering-workshop/venv/lib/python3.8/site-packages/airflow/example_dags/example_branch_operator.py
[2022-08-29T20:40:27.550-0400] {logging_mixin.py:115} INFO - [2022-08-29T20:40:27.549-0400] {dag.py:2429} INFO - Sync 1 DAGs
[2022-08-29T20:40:27.570-0400] {logging_mixin.py:115} INFO - [2022-08-29T20:40:27.570-0400] {dag.py:2977} INFO - Setting next_dagrun for example_branch_operator to 2022-08-29T00:00:00+00:00, run_after=2022-08-30T00:00:00+00:00
[2022-08-29T20:40:27.585-0400] {processor.py:161} INFO - Processing /Users/jl/Documents/Repos/GHC-2022-data-engineering-workshop/venv/lib/python3.8/site-packages/airflow/example_dags/example_branch_operator.py took 0.158 seconds
[2022-08-29T20:42:14.226-0400] {processor.py:153} INFO - Started process (PID=16767) to work on /Users/jl/Documents/Repos/GHC-2022-data-engineering-workshop/venv/lib/python3.8/site-packages/airflow/example_dags/example_branch_operator.py
[2022-08-29T20:42:14.237-0400] {processor.py:640} INFO - Processing file /Users/jl/Documents/Repos/GHC-2022-data-engineering-workshop/venv/lib/python3.8/site-packages/airflow/example_dags/example_branch_operator.py for tasks to queue
[2022-08-29T20:42:14.238-0400] {logging_mixin.py:115} INFO - [2022-08-29T20:42:14.238-0400] {dagbag.py:508} INFO - Filling up the DagBag from /Users/jl/Documents/Repos/GHC-2022-data-engineering-workshop/venv/lib/python3.8/site-packages/airflow/example_dags/example_branch_operator.py
[2022-08-29T20:42:14.276-0400] {processor.py:650} INFO - DAG(s) dict_keys(['example_branch_operator']) retrieved from /Users/jl/Documents/Repos/GHC-2022-data-engineering-workshop/venv/lib/python3.8/site-packages/airflow/example_dags/example_branch_operator.py
[2022-08-29T20:42:14.365-0400] {logging_mixin.py:115} INFO - [2022-08-29T20:42:14.365-0400] {dag.py:2429} INFO - Sync 1 DAGs
[2022-08-29T20:42:14.392-0400] {logging_mixin.py:115} INFO - [2022-08-29T20:42:14.392-0400] {dag.py:2977} INFO - Setting next_dagrun for example_branch_operator to 2022-08-29T00:00:00+00:00, run_after=2022-08-30T00:00:00+00:00
[2022-08-29T20:42:14.407-0400] {processor.py:161} INFO - Processing /Users/jl/Documents/Repos/GHC-2022-data-engineering-workshop/venv/lib/python3.8/site-packages/airflow/example_dags/example_branch_operator.py took 0.182 seconds
[2022-08-29T20:44:10.583-0400] {processor.py:153} INFO - Started process (PID=16870) to work on /Users/jl/Documents/Repos/GHC-2022-data-engineering-workshop/venv/lib/python3.8/site-packages/airflow/example_dags/example_branch_operator.py
[2022-08-29T20:44:10.593-0400] {processor.py:640} INFO - Processing file /Users/jl/Documents/Repos/GHC-2022-data-engineering-workshop/venv/lib/python3.8/site-packages/airflow/example_dags/example_branch_operator.py for tasks to queue
[2022-08-29T20:44:10.594-0400] {logging_mixin.py:115} INFO - [2022-08-29T20:44:10.594-0400] {dagbag.py:508} INFO - Filling up the DagBag from /Users/jl/Documents/Repos/GHC-2022-data-engineering-workshop/venv/lib/python3.8/site-packages/airflow/example_dags/example_branch_operator.py
[2022-08-29T20:44:10.629-0400] {processor.py:650} INFO - DAG(s) dict_keys(['example_branch_operator']) retrieved from /Users/jl/Documents/Repos/GHC-2022-data-engineering-workshop/venv/lib/python3.8/site-packages/airflow/example_dags/example_branch_operator.py
[2022-08-29T20:44:10.713-0400] {logging_mixin.py:115} INFO - [2022-08-29T20:44:10.713-0400] {dag.py:2429} INFO - Sync 1 DAGs
[2022-08-29T20:44:10.735-0400] {logging_mixin.py:115} INFO - [2022-08-29T20:44:10.735-0400] {dag.py:2977} INFO - Setting next_dagrun for example_branch_operator to 2022-08-29T00:00:00+00:00, run_after=2022-08-30T00:00:00+00:00
[2022-08-29T20:44:10.752-0400] {processor.py:161} INFO - Processing /Users/jl/Documents/Repos/GHC-2022-data-engineering-workshop/venv/lib/python3.8/site-packages/airflow/example_dags/example_branch_operator.py took 0.170 seconds
[2022-08-29T20:46:01.291-0400] {processor.py:153} INFO - Started process (PID=16972) to work on /Users/jl/Documents/Repos/GHC-2022-data-engineering-workshop/venv/lib/python3.8/site-packages/airflow/example_dags/example_branch_operator.py
[2022-08-29T20:46:01.301-0400] {processor.py:640} INFO - Processing file /Users/jl/Documents/Repos/GHC-2022-data-engineering-workshop/venv/lib/python3.8/site-packages/airflow/example_dags/example_branch_operator.py for tasks to queue
[2022-08-29T20:46:01.302-0400] {logging_mixin.py:115} INFO - [2022-08-29T20:46:01.301-0400] {dagbag.py:508} INFO - Filling up the DagBag from /Users/jl/Documents/Repos/GHC-2022-data-engineering-workshop/venv/lib/python3.8/site-packages/airflow/example_dags/example_branch_operator.py
[2022-08-29T20:46:01.336-0400] {processor.py:650} INFO - DAG(s) dict_keys(['example_branch_operator']) retrieved from /Users/jl/Documents/Repos/GHC-2022-data-engineering-workshop/venv/lib/python3.8/site-packages/airflow/example_dags/example_branch_operator.py
[2022-08-29T20:46:01.414-0400] {logging_mixin.py:115} INFO - [2022-08-29T20:46:01.414-0400] {dag.py:2429} INFO - Sync 1 DAGs
[2022-08-29T20:46:01.435-0400] {logging_mixin.py:115} INFO - [2022-08-29T20:46:01.434-0400] {dag.py:2977} INFO - Setting next_dagrun for example_branch_operator to 2022-08-29T00:00:00+00:00, run_after=2022-08-30T00:00:00+00:00
[2022-08-29T20:46:01.448-0400] {processor.py:161} INFO - Processing /Users/jl/Documents/Repos/GHC-2022-data-engineering-workshop/venv/lib/python3.8/site-packages/airflow/example_dags/example_branch_operator.py took 0.158 seconds
[2022-08-29T20:47:46.654-0400] {processor.py:153} INFO - Started process (PID=17069) to work on /Users/jl/Documents/Repos/GHC-2022-data-engineering-workshop/venv/lib/python3.8/site-packages/airflow/example_dags/example_branch_operator.py
[2022-08-29T20:47:46.664-0400] {processor.py:640} INFO - Processing file /Users/jl/Documents/Repos/GHC-2022-data-engineering-workshop/venv/lib/python3.8/site-packages/airflow/example_dags/example_branch_operator.py for tasks to queue
[2022-08-29T20:47:46.665-0400] {logging_mixin.py:115} INFO - [2022-08-29T20:47:46.665-0400] {dagbag.py:508} INFO - Filling up the DagBag from /Users/jl/Documents/Repos/GHC-2022-data-engineering-workshop/venv/lib/python3.8/site-packages/airflow/example_dags/example_branch_operator.py
[2022-08-29T20:47:46.698-0400] {processor.py:650} INFO - DAG(s) dict_keys(['example_branch_operator']) retrieved from /Users/jl/Documents/Repos/GHC-2022-data-engineering-workshop/venv/lib/python3.8/site-packages/airflow/example_dags/example_branch_operator.py
[2022-08-29T20:47:46.778-0400] {logging_mixin.py:115} INFO - [2022-08-29T20:47:46.778-0400] {dag.py:2429} INFO - Sync 1 DAGs
[2022-08-29T20:47:46.799-0400] {logging_mixin.py:115} INFO - [2022-08-29T20:47:46.799-0400] {dag.py:2977} INFO - Setting next_dagrun for example_branch_operator to 2022-08-29T00:00:00+00:00, run_after=2022-08-30T00:00:00+00:00
[2022-08-29T20:47:46.813-0400] {processor.py:161} INFO - Processing /Users/jl/Documents/Repos/GHC-2022-data-engineering-workshop/venv/lib/python3.8/site-packages/airflow/example_dags/example_branch_operator.py took 0.160 seconds
[2022-08-29T20:49:36.765-0400] {processor.py:153} INFO - Started process (PID=17163) to work on /Users/jl/Documents/Repos/GHC-2022-data-engineering-workshop/venv/lib/python3.8/site-packages/airflow/example_dags/example_branch_operator.py
[2022-08-29T20:49:36.775-0400] {processor.py:640} INFO - Processing file /Users/jl/Documents/Repos/GHC-2022-data-engineering-workshop/venv/lib/python3.8/site-packages/airflow/example_dags/example_branch_operator.py for tasks to queue
[2022-08-29T20:49:36.776-0400] {logging_mixin.py:115} INFO - [2022-08-29T20:49:36.775-0400] {dagbag.py:508} INFO - Filling up the DagBag from /Users/jl/Documents/Repos/GHC-2022-data-engineering-workshop/venv/lib/python3.8/site-packages/airflow/example_dags/example_branch_operator.py
[2022-08-29T20:49:36.810-0400] {processor.py:650} INFO - DAG(s) dict_keys(['example_branch_operator']) retrieved from /Users/jl/Documents/Repos/GHC-2022-data-engineering-workshop/venv/lib/python3.8/site-packages/airflow/example_dags/example_branch_operator.py
[2022-08-29T20:49:36.892-0400] {logging_mixin.py:115} INFO - [2022-08-29T20:49:36.892-0400] {dag.py:2429} INFO - Sync 1 DAGs
[2022-08-29T20:49:36.913-0400] {logging_mixin.py:115} INFO - [2022-08-29T20:49:36.913-0400] {dag.py:2977} INFO - Setting next_dagrun for example_branch_operator to 2022-08-29T00:00:00+00:00, run_after=2022-08-30T00:00:00+00:00
[2022-08-29T20:49:36.927-0400] {processor.py:161} INFO - Processing /Users/jl/Documents/Repos/GHC-2022-data-engineering-workshop/venv/lib/python3.8/site-packages/airflow/example_dags/example_branch_operator.py took 0.163 seconds
[2022-08-29T20:51:12.898-0400] {processor.py:153} INFO - Started process (PID=17251) to work on /Users/jl/Documents/Repos/GHC-2022-data-engineering-workshop/venv/lib/python3.8/site-packages/airflow/example_dags/example_branch_operator.py
[2022-08-29T20:51:12.906-0400] {processor.py:640} INFO - Processing file /Users/jl/Documents/Repos/GHC-2022-data-engineering-workshop/venv/lib/python3.8/site-packages/airflow/example_dags/example_branch_operator.py for tasks to queue
[2022-08-29T20:51:12.907-0400] {logging_mixin.py:115} INFO - [2022-08-29T20:51:12.907-0400] {dagbag.py:508} INFO - Filling up the DagBag from /Users/jl/Documents/Repos/GHC-2022-data-engineering-workshop/venv/lib/python3.8/site-packages/airflow/example_dags/example_branch_operator.py
[2022-08-29T20:51:12.940-0400] {processor.py:650} INFO - DAG(s) dict_keys(['example_branch_operator']) retrieved from /Users/jl/Documents/Repos/GHC-2022-data-engineering-workshop/venv/lib/python3.8/site-packages/airflow/example_dags/example_branch_operator.py
[2022-08-29T20:51:13.019-0400] {logging_mixin.py:115} INFO - [2022-08-29T20:51:13.018-0400] {dag.py:2429} INFO - Sync 1 DAGs
[2022-08-29T20:51:13.040-0400] {logging_mixin.py:115} INFO - [2022-08-29T20:51:13.040-0400] {dag.py:2977} INFO - Setting next_dagrun for example_branch_operator to 2022-08-29T00:00:00+00:00, run_after=2022-08-30T00:00:00+00:00
[2022-08-29T20:51:13.054-0400] {processor.py:161} INFO - Processing /Users/jl/Documents/Repos/GHC-2022-data-engineering-workshop/venv/lib/python3.8/site-packages/airflow/example_dags/example_branch_operator.py took 0.157 seconds
[2022-08-29T20:52:50.789-0400] {processor.py:153} INFO - Started process (PID=17344) to work on /Users/jl/Documents/Repos/GHC-2022-data-engineering-workshop/venv/lib/python3.8/site-packages/airflow/example_dags/example_branch_operator.py
[2022-08-29T20:52:50.797-0400] {processor.py:640} INFO - Processing file /Users/jl/Documents/Repos/GHC-2022-data-engineering-workshop/venv/lib/python3.8/site-packages/airflow/example_dags/example_branch_operator.py for tasks to queue
[2022-08-29T20:52:50.797-0400] {logging_mixin.py:115} INFO - [2022-08-29T20:52:50.797-0400] {dagbag.py:508} INFO - Filling up the DagBag from /Users/jl/Documents/Repos/GHC-2022-data-engineering-workshop/venv/lib/python3.8/site-packages/airflow/example_dags/example_branch_operator.py
[2022-08-29T20:52:50.831-0400] {processor.py:650} INFO - DAG(s) dict_keys(['example_branch_operator']) retrieved from /Users/jl/Documents/Repos/GHC-2022-data-engineering-workshop/venv/lib/python3.8/site-packages/airflow/example_dags/example_branch_operator.py
[2022-08-29T20:52:50.908-0400] {logging_mixin.py:115} INFO - [2022-08-29T20:52:50.907-0400] {dag.py:2429} INFO - Sync 1 DAGs
[2022-08-29T20:52:50.928-0400] {logging_mixin.py:115} INFO - [2022-08-29T20:52:50.928-0400] {dag.py:2977} INFO - Setting next_dagrun for example_branch_operator to 2022-08-29T00:00:00+00:00, run_after=2022-08-30T00:00:00+00:00
[2022-08-29T20:52:50.942-0400] {processor.py:161} INFO - Processing /Users/jl/Documents/Repos/GHC-2022-data-engineering-workshop/venv/lib/python3.8/site-packages/airflow/example_dags/example_branch_operator.py took 0.154 seconds
[2022-08-29T20:54:56.221-0400] {processor.py:153} INFO - Started process (PID=17442) to work on /Users/jl/Documents/Repos/GHC-2022-data-engineering-workshop/venv/lib/python3.8/site-packages/airflow/example_dags/example_branch_operator.py
[2022-08-29T20:54:56.231-0400] {processor.py:640} INFO - Processing file /Users/jl/Documents/Repos/GHC-2022-data-engineering-workshop/venv/lib/python3.8/site-packages/airflow/example_dags/example_branch_operator.py for tasks to queue
[2022-08-29T20:54:56.231-0400] {logging_mixin.py:115} INFO - [2022-08-29T20:54:56.231-0400] {dagbag.py:508} INFO - Filling up the DagBag from /Users/jl/Documents/Repos/GHC-2022-data-engineering-workshop/venv/lib/python3.8/site-packages/airflow/example_dags/example_branch_operator.py
[2022-08-29T20:54:56.274-0400] {processor.py:650} INFO - DAG(s) dict_keys(['example_branch_operator']) retrieved from /Users/jl/Documents/Repos/GHC-2022-data-engineering-workshop/venv/lib/python3.8/site-packages/airflow/example_dags/example_branch_operator.py
[2022-08-29T20:54:56.379-0400] {logging_mixin.py:115} INFO - [2022-08-29T20:54:56.379-0400] {dag.py:2429} INFO - Sync 1 DAGs
[2022-08-29T20:54:56.402-0400] {logging_mixin.py:115} INFO - [2022-08-29T20:54:56.402-0400] {dag.py:2977} INFO - Setting next_dagrun for example_branch_operator to 2022-08-29T00:00:00+00:00, run_after=2022-08-30T00:00:00+00:00
[2022-08-29T20:54:56.416-0400] {processor.py:161} INFO - Processing /Users/jl/Documents/Repos/GHC-2022-data-engineering-workshop/venv/lib/python3.8/site-packages/airflow/example_dags/example_branch_operator.py took 0.196 seconds
[2022-08-29T20:56:40.716-0400] {processor.py:153} INFO - Started process (PID=17532) to work on /Users/jl/Documents/Repos/GHC-2022-data-engineering-workshop/venv/lib/python3.8/site-packages/airflow/example_dags/example_branch_operator.py
[2022-08-29T20:56:40.724-0400] {processor.py:640} INFO - Processing file /Users/jl/Documents/Repos/GHC-2022-data-engineering-workshop/venv/lib/python3.8/site-packages/airflow/example_dags/example_branch_operator.py for tasks to queue
[2022-08-29T20:56:40.725-0400] {logging_mixin.py:115} INFO - [2022-08-29T20:56:40.724-0400] {dagbag.py:508} INFO - Filling up the DagBag from /Users/jl/Documents/Repos/GHC-2022-data-engineering-workshop/venv/lib/python3.8/site-packages/airflow/example_dags/example_branch_operator.py
[2022-08-29T20:56:40.758-0400] {processor.py:650} INFO - DAG(s) dict_keys(['example_branch_operator']) retrieved from /Users/jl/Documents/Repos/GHC-2022-data-engineering-workshop/venv/lib/python3.8/site-packages/airflow/example_dags/example_branch_operator.py
[2022-08-29T20:56:40.834-0400] {logging_mixin.py:115} INFO - [2022-08-29T20:56:40.834-0400] {dag.py:2429} INFO - Sync 1 DAGs
[2022-08-29T20:56:40.855-0400] {logging_mixin.py:115} INFO - [2022-08-29T20:56:40.855-0400] {dag.py:2977} INFO - Setting next_dagrun for example_branch_operator to 2022-08-29T00:00:00+00:00, run_after=2022-08-30T00:00:00+00:00
[2022-08-29T20:56:40.870-0400] {processor.py:161} INFO - Processing /Users/jl/Documents/Repos/GHC-2022-data-engineering-workshop/venv/lib/python3.8/site-packages/airflow/example_dags/example_branch_operator.py took 0.155 seconds
[2022-08-29T20:58:56.353-0400] {processor.py:153} INFO - Started process (PID=17648) to work on /Users/jl/Documents/Repos/GHC-2022-data-engineering-workshop/venv/lib/python3.8/site-packages/airflow/example_dags/example_branch_operator.py
[2022-08-29T20:58:56.371-0400] {processor.py:640} INFO - Processing file /Users/jl/Documents/Repos/GHC-2022-data-engineering-workshop/venv/lib/python3.8/site-packages/airflow/example_dags/example_branch_operator.py for tasks to queue
[2022-08-29T20:58:56.372-0400] {logging_mixin.py:115} INFO - [2022-08-29T20:58:56.372-0400] {dagbag.py:508} INFO - Filling up the DagBag from /Users/jl/Documents/Repos/GHC-2022-data-engineering-workshop/venv/lib/python3.8/site-packages/airflow/example_dags/example_branch_operator.py
[2022-08-29T20:58:56.451-0400] {processor.py:650} INFO - DAG(s) dict_keys(['example_branch_operator']) retrieved from /Users/jl/Documents/Repos/GHC-2022-data-engineering-workshop/venv/lib/python3.8/site-packages/airflow/example_dags/example_branch_operator.py
[2022-08-29T20:58:56.637-0400] {logging_mixin.py:115} INFO - [2022-08-29T20:58:56.637-0400] {dag.py:2429} INFO - Sync 1 DAGs
[2022-08-29T20:58:56.658-0400] {logging_mixin.py:115} INFO - [2022-08-29T20:58:56.658-0400] {dag.py:2977} INFO - Setting next_dagrun for example_branch_operator to 2022-08-29T00:00:00+00:00, run_after=2022-08-30T00:00:00+00:00
[2022-08-29T20:58:56.673-0400] {processor.py:161} INFO - Processing /Users/jl/Documents/Repos/GHC-2022-data-engineering-workshop/venv/lib/python3.8/site-packages/airflow/example_dags/example_branch_operator.py took 0.328 seconds
[2022-08-29T21:01:03.138-0400] {processor.py:153} INFO - Started process (PID=17791) to work on /Users/jl/Documents/Repos/GHC-2022-data-engineering-workshop/venv/lib/python3.8/site-packages/airflow/example_dags/example_branch_operator.py
[2022-08-29T21:01:03.146-0400] {processor.py:640} INFO - Processing file /Users/jl/Documents/Repos/GHC-2022-data-engineering-workshop/venv/lib/python3.8/site-packages/airflow/example_dags/example_branch_operator.py for tasks to queue
[2022-08-29T21:01:03.147-0400] {logging_mixin.py:115} INFO - [2022-08-29T21:01:03.147-0400] {dagbag.py:508} INFO - Filling up the DagBag from /Users/jl/Documents/Repos/GHC-2022-data-engineering-workshop/venv/lib/python3.8/site-packages/airflow/example_dags/example_branch_operator.py
[2022-08-29T21:01:03.183-0400] {processor.py:650} INFO - DAG(s) dict_keys(['example_branch_operator']) retrieved from /Users/jl/Documents/Repos/GHC-2022-data-engineering-workshop/venv/lib/python3.8/site-packages/airflow/example_dags/example_branch_operator.py
[2022-08-29T21:01:03.260-0400] {logging_mixin.py:115} INFO - [2022-08-29T21:01:03.260-0400] {dag.py:2429} INFO - Sync 1 DAGs
[2022-08-29T21:01:03.281-0400] {logging_mixin.py:115} INFO - [2022-08-29T21:01:03.281-0400] {dag.py:2977} INFO - Setting next_dagrun for example_branch_operator to 2022-08-29T00:00:00+00:00, run_after=2022-08-30T00:00:00+00:00
[2022-08-29T21:01:03.296-0400] {processor.py:161} INFO - Processing /Users/jl/Documents/Repos/GHC-2022-data-engineering-workshop/venv/lib/python3.8/site-packages/airflow/example_dags/example_branch_operator.py took 0.159 seconds
[2022-08-29T21:03:05.954-0400] {processor.py:153} INFO - Started process (PID=17943) to work on /Users/jl/Documents/Repos/GHC-2022-data-engineering-workshop/venv/lib/python3.8/site-packages/airflow/example_dags/example_branch_operator.py
[2022-08-29T21:03:05.964-0400] {processor.py:640} INFO - Processing file /Users/jl/Documents/Repos/GHC-2022-data-engineering-workshop/venv/lib/python3.8/site-packages/airflow/example_dags/example_branch_operator.py for tasks to queue
[2022-08-29T21:03:05.965-0400] {logging_mixin.py:115} INFO - [2022-08-29T21:03:05.964-0400] {dagbag.py:508} INFO - Filling up the DagBag from /Users/jl/Documents/Repos/GHC-2022-data-engineering-workshop/venv/lib/python3.8/site-packages/airflow/example_dags/example_branch_operator.py
[2022-08-29T21:03:05.998-0400] {processor.py:650} INFO - DAG(s) dict_keys(['example_branch_operator']) retrieved from /Users/jl/Documents/Repos/GHC-2022-data-engineering-workshop/venv/lib/python3.8/site-packages/airflow/example_dags/example_branch_operator.py
[2022-08-29T21:03:06.077-0400] {logging_mixin.py:115} INFO - [2022-08-29T21:03:06.077-0400] {dag.py:2429} INFO - Sync 1 DAGs
[2022-08-29T21:03:06.098-0400] {logging_mixin.py:115} INFO - [2022-08-29T21:03:06.097-0400] {dag.py:2977} INFO - Setting next_dagrun for example_branch_operator to 2022-08-29T00:00:00+00:00, run_after=2022-08-30T00:00:00+00:00
[2022-08-29T21:03:06.112-0400] {processor.py:161} INFO - Processing /Users/jl/Documents/Repos/GHC-2022-data-engineering-workshop/venv/lib/python3.8/site-packages/airflow/example_dags/example_branch_operator.py took 0.159 seconds
[2022-08-29T21:04:42.433-0400] {processor.py:153} INFO - Started process (PID=18028) to work on /Users/jl/Documents/Repos/GHC-2022-data-engineering-workshop/venv/lib/python3.8/site-packages/airflow/example_dags/example_branch_operator.py
[2022-08-29T21:04:42.441-0400] {processor.py:640} INFO - Processing file /Users/jl/Documents/Repos/GHC-2022-data-engineering-workshop/venv/lib/python3.8/site-packages/airflow/example_dags/example_branch_operator.py for tasks to queue
[2022-08-29T21:04:42.442-0400] {logging_mixin.py:115} INFO - [2022-08-29T21:04:42.442-0400] {dagbag.py:508} INFO - Filling up the DagBag from /Users/jl/Documents/Repos/GHC-2022-data-engineering-workshop/venv/lib/python3.8/site-packages/airflow/example_dags/example_branch_operator.py
[2022-08-29T21:04:42.475-0400] {processor.py:650} INFO - DAG(s) dict_keys(['example_branch_operator']) retrieved from /Users/jl/Documents/Repos/GHC-2022-data-engineering-workshop/venv/lib/python3.8/site-packages/airflow/example_dags/example_branch_operator.py
[2022-08-29T21:04:42.552-0400] {logging_mixin.py:115} INFO - [2022-08-29T21:04:42.552-0400] {dag.py:2429} INFO - Sync 1 DAGs
[2022-08-29T21:04:42.573-0400] {logging_mixin.py:115} INFO - [2022-08-29T21:04:42.573-0400] {dag.py:2977} INFO - Setting next_dagrun for example_branch_operator to 2022-08-29T00:00:00+00:00, run_after=2022-08-30T00:00:00+00:00
[2022-08-29T21:04:42.587-0400] {processor.py:161} INFO - Processing /Users/jl/Documents/Repos/GHC-2022-data-engineering-workshop/venv/lib/python3.8/site-packages/airflow/example_dags/example_branch_operator.py took 0.155 seconds
[2022-08-29T21:06:17.719-0400] {processor.py:153} INFO - Started process (PID=18114) to work on /Users/jl/Documents/Repos/GHC-2022-data-engineering-workshop/venv/lib/python3.8/site-packages/airflow/example_dags/example_branch_operator.py
[2022-08-29T21:06:17.728-0400] {processor.py:640} INFO - Processing file /Users/jl/Documents/Repos/GHC-2022-data-engineering-workshop/venv/lib/python3.8/site-packages/airflow/example_dags/example_branch_operator.py for tasks to queue
[2022-08-29T21:06:17.728-0400] {logging_mixin.py:115} INFO - [2022-08-29T21:06:17.728-0400] {dagbag.py:508} INFO - Filling up the DagBag from /Users/jl/Documents/Repos/GHC-2022-data-engineering-workshop/venv/lib/python3.8/site-packages/airflow/example_dags/example_branch_operator.py
[2022-08-29T21:06:17.762-0400] {processor.py:650} INFO - DAG(s) dict_keys(['example_branch_operator']) retrieved from /Users/jl/Documents/Repos/GHC-2022-data-engineering-workshop/venv/lib/python3.8/site-packages/airflow/example_dags/example_branch_operator.py
[2022-08-29T21:06:17.838-0400] {logging_mixin.py:115} INFO - [2022-08-29T21:06:17.838-0400] {dag.py:2429} INFO - Sync 1 DAGs
[2022-08-29T21:06:17.859-0400] {logging_mixin.py:115} INFO - [2022-08-29T21:06:17.859-0400] {dag.py:2977} INFO - Setting next_dagrun for example_branch_operator to 2022-08-29T00:00:00+00:00, run_after=2022-08-30T00:00:00+00:00
[2022-08-29T21:06:17.873-0400] {processor.py:161} INFO - Processing /Users/jl/Documents/Repos/GHC-2022-data-engineering-workshop/venv/lib/python3.8/site-packages/airflow/example_dags/example_branch_operator.py took 0.155 seconds
[2022-08-29T21:07:50.716-0400] {processor.py:153} INFO - Started process (PID=18202) to work on /Users/jl/Documents/Repos/GHC-2022-data-engineering-workshop/venv/lib/python3.8/site-packages/airflow/example_dags/example_branch_operator.py
[2022-08-29T21:07:50.724-0400] {processor.py:640} INFO - Processing file /Users/jl/Documents/Repos/GHC-2022-data-engineering-workshop/venv/lib/python3.8/site-packages/airflow/example_dags/example_branch_operator.py for tasks to queue
[2022-08-29T21:07:50.725-0400] {logging_mixin.py:115} INFO - [2022-08-29T21:07:50.725-0400] {dagbag.py:508} INFO - Filling up the DagBag from /Users/jl/Documents/Repos/GHC-2022-data-engineering-workshop/venv/lib/python3.8/site-packages/airflow/example_dags/example_branch_operator.py
[2022-08-29T21:07:50.758-0400] {processor.py:650} INFO - DAG(s) dict_keys(['example_branch_operator']) retrieved from /Users/jl/Documents/Repos/GHC-2022-data-engineering-workshop/venv/lib/python3.8/site-packages/airflow/example_dags/example_branch_operator.py
[2022-08-29T21:07:50.857-0400] {logging_mixin.py:115} INFO - [2022-08-29T21:07:50.857-0400] {dag.py:2429} INFO - Sync 1 DAGs
[2022-08-29T21:07:50.884-0400] {logging_mixin.py:115} INFO - [2022-08-29T21:07:50.883-0400] {dag.py:2977} INFO - Setting next_dagrun for example_branch_operator to 2022-08-29T00:00:00+00:00, run_after=2022-08-30T00:00:00+00:00
[2022-08-29T21:07:50.898-0400] {processor.py:161} INFO - Processing /Users/jl/Documents/Repos/GHC-2022-data-engineering-workshop/venv/lib/python3.8/site-packages/airflow/example_dags/example_branch_operator.py took 0.184 seconds
[2022-08-29T21:09:29.980-0400] {processor.py:153} INFO - Started process (PID=18292) to work on /Users/jl/Documents/Repos/GHC-2022-data-engineering-workshop/venv/lib/python3.8/site-packages/airflow/example_dags/example_branch_operator.py
[2022-08-29T21:09:29.988-0400] {processor.py:640} INFO - Processing file /Users/jl/Documents/Repos/GHC-2022-data-engineering-workshop/venv/lib/python3.8/site-packages/airflow/example_dags/example_branch_operator.py for tasks to queue
[2022-08-29T21:09:29.988-0400] {logging_mixin.py:115} INFO - [2022-08-29T21:09:29.988-0400] {dagbag.py:508} INFO - Filling up the DagBag from /Users/jl/Documents/Repos/GHC-2022-data-engineering-workshop/venv/lib/python3.8/site-packages/airflow/example_dags/example_branch_operator.py
[2022-08-29T21:09:30.024-0400] {processor.py:650} INFO - DAG(s) dict_keys(['example_branch_operator']) retrieved from /Users/jl/Documents/Repos/GHC-2022-data-engineering-workshop/venv/lib/python3.8/site-packages/airflow/example_dags/example_branch_operator.py
[2022-08-29T21:09:30.101-0400] {logging_mixin.py:115} INFO - [2022-08-29T21:09:30.101-0400] {dag.py:2429} INFO - Sync 1 DAGs
[2022-08-29T21:09:30.122-0400] {logging_mixin.py:115} INFO - [2022-08-29T21:09:30.122-0400] {dag.py:2977} INFO - Setting next_dagrun for example_branch_operator to 2022-08-29T00:00:00+00:00, run_after=2022-08-30T00:00:00+00:00
[2022-08-29T21:09:30.136-0400] {processor.py:161} INFO - Processing /Users/jl/Documents/Repos/GHC-2022-data-engineering-workshop/venv/lib/python3.8/site-packages/airflow/example_dags/example_branch_operator.py took 0.157 seconds
[2022-08-29T21:11:10.642-0400] {processor.py:153} INFO - Started process (PID=18376) to work on /Users/jl/Documents/Repos/GHC-2022-data-engineering-workshop/venv/lib/python3.8/site-packages/airflow/example_dags/example_branch_operator.py
[2022-08-29T21:11:10.650-0400] {processor.py:640} INFO - Processing file /Users/jl/Documents/Repos/GHC-2022-data-engineering-workshop/venv/lib/python3.8/site-packages/airflow/example_dags/example_branch_operator.py for tasks to queue
[2022-08-29T21:11:10.651-0400] {logging_mixin.py:115} INFO - [2022-08-29T21:11:10.651-0400] {dagbag.py:508} INFO - Filling up the DagBag from /Users/jl/Documents/Repos/GHC-2022-data-engineering-workshop/venv/lib/python3.8/site-packages/airflow/example_dags/example_branch_operator.py
[2022-08-29T21:11:10.684-0400] {processor.py:650} INFO - DAG(s) dict_keys(['example_branch_operator']) retrieved from /Users/jl/Documents/Repos/GHC-2022-data-engineering-workshop/venv/lib/python3.8/site-packages/airflow/example_dags/example_branch_operator.py
[2022-08-29T21:11:10.762-0400] {logging_mixin.py:115} INFO - [2022-08-29T21:11:10.762-0400] {dag.py:2429} INFO - Sync 1 DAGs
[2022-08-29T21:11:10.782-0400] {logging_mixin.py:115} INFO - [2022-08-29T21:11:10.782-0400] {dag.py:2977} INFO - Setting next_dagrun for example_branch_operator to 2022-08-29T00:00:00+00:00, run_after=2022-08-30T00:00:00+00:00
[2022-08-29T21:11:10.797-0400] {processor.py:161} INFO - Processing /Users/jl/Documents/Repos/GHC-2022-data-engineering-workshop/venv/lib/python3.8/site-packages/airflow/example_dags/example_branch_operator.py took 0.156 seconds
[2022-08-29T21:12:57.193-0400] {processor.py:153} INFO - Started process (PID=18482) to work on /Users/jl/Documents/Repos/GHC-2022-data-engineering-workshop/venv/lib/python3.8/site-packages/airflow/example_dags/example_branch_operator.py
[2022-08-29T21:12:57.202-0400] {processor.py:640} INFO - Processing file /Users/jl/Documents/Repos/GHC-2022-data-engineering-workshop/venv/lib/python3.8/site-packages/airflow/example_dags/example_branch_operator.py for tasks to queue
[2022-08-29T21:12:57.203-0400] {logging_mixin.py:115} INFO - [2022-08-29T21:12:57.203-0400] {dagbag.py:508} INFO - Filling up the DagBag from /Users/jl/Documents/Repos/GHC-2022-data-engineering-workshop/venv/lib/python3.8/site-packages/airflow/example_dags/example_branch_operator.py
[2022-08-29T21:12:57.236-0400] {processor.py:650} INFO - DAG(s) dict_keys(['example_branch_operator']) retrieved from /Users/jl/Documents/Repos/GHC-2022-data-engineering-workshop/venv/lib/python3.8/site-packages/airflow/example_dags/example_branch_operator.py
[2022-08-29T21:12:57.313-0400] {logging_mixin.py:115} INFO - [2022-08-29T21:12:57.313-0400] {dag.py:2429} INFO - Sync 1 DAGs
[2022-08-29T21:12:57.335-0400] {logging_mixin.py:115} INFO - [2022-08-29T21:12:57.334-0400] {dag.py:2977} INFO - Setting next_dagrun for example_branch_operator to 2022-08-29T00:00:00+00:00, run_after=2022-08-30T00:00:00+00:00
[2022-08-29T21:12:57.350-0400] {processor.py:161} INFO - Processing /Users/jl/Documents/Repos/GHC-2022-data-engineering-workshop/venv/lib/python3.8/site-packages/airflow/example_dags/example_branch_operator.py took 0.158 seconds
[2022-08-29T21:14:48.431-0400] {processor.py:153} INFO - Started process (PID=18601) to work on /Users/jl/Documents/Repos/GHC-2022-data-engineering-workshop/venv/lib/python3.8/site-packages/airflow/example_dags/example_branch_operator.py
[2022-08-29T21:14:48.441-0400] {processor.py:640} INFO - Processing file /Users/jl/Documents/Repos/GHC-2022-data-engineering-workshop/venv/lib/python3.8/site-packages/airflow/example_dags/example_branch_operator.py for tasks to queue
[2022-08-29T21:14:48.442-0400] {logging_mixin.py:115} INFO - [2022-08-29T21:14:48.441-0400] {dagbag.py:508} INFO - Filling up the DagBag from /Users/jl/Documents/Repos/GHC-2022-data-engineering-workshop/venv/lib/python3.8/site-packages/airflow/example_dags/example_branch_operator.py
[2022-08-29T21:14:48.476-0400] {processor.py:650} INFO - DAG(s) dict_keys(['example_branch_operator']) retrieved from /Users/jl/Documents/Repos/GHC-2022-data-engineering-workshop/venv/lib/python3.8/site-packages/airflow/example_dags/example_branch_operator.py
[2022-08-29T21:14:48.552-0400] {logging_mixin.py:115} INFO - [2022-08-29T21:14:48.552-0400] {dag.py:2429} INFO - Sync 1 DAGs
[2022-08-29T21:14:48.573-0400] {logging_mixin.py:115} INFO - [2022-08-29T21:14:48.573-0400] {dag.py:2977} INFO - Setting next_dagrun for example_branch_operator to 2022-08-29T00:00:00+00:00, run_after=2022-08-30T00:00:00+00:00
[2022-08-29T21:14:48.587-0400] {processor.py:161} INFO - Processing /Users/jl/Documents/Repos/GHC-2022-data-engineering-workshop/venv/lib/python3.8/site-packages/airflow/example_dags/example_branch_operator.py took 0.158 seconds
[2022-08-29T21:16:22.614-0400] {processor.py:153} INFO - Started process (PID=18686) to work on /Users/jl/Documents/Repos/GHC-2022-data-engineering-workshop/venv/lib/python3.8/site-packages/airflow/example_dags/example_branch_operator.py
[2022-08-29T21:16:22.622-0400] {processor.py:640} INFO - Processing file /Users/jl/Documents/Repos/GHC-2022-data-engineering-workshop/venv/lib/python3.8/site-packages/airflow/example_dags/example_branch_operator.py for tasks to queue
[2022-08-29T21:16:22.623-0400] {logging_mixin.py:115} INFO - [2022-08-29T21:16:22.622-0400] {dagbag.py:508} INFO - Filling up the DagBag from /Users/jl/Documents/Repos/GHC-2022-data-engineering-workshop/venv/lib/python3.8/site-packages/airflow/example_dags/example_branch_operator.py
[2022-08-29T21:16:22.656-0400] {processor.py:650} INFO - DAG(s) dict_keys(['example_branch_operator']) retrieved from /Users/jl/Documents/Repos/GHC-2022-data-engineering-workshop/venv/lib/python3.8/site-packages/airflow/example_dags/example_branch_operator.py
[2022-08-29T21:16:22.735-0400] {logging_mixin.py:115} INFO - [2022-08-29T21:16:22.734-0400] {dag.py:2429} INFO - Sync 1 DAGs
[2022-08-29T21:16:22.757-0400] {logging_mixin.py:115} INFO - [2022-08-29T21:16:22.757-0400] {dag.py:2977} INFO - Setting next_dagrun for example_branch_operator to 2022-08-29T00:00:00+00:00, run_after=2022-08-30T00:00:00+00:00
[2022-08-29T21:16:22.772-0400] {processor.py:161} INFO - Processing /Users/jl/Documents/Repos/GHC-2022-data-engineering-workshop/venv/lib/python3.8/site-packages/airflow/example_dags/example_branch_operator.py took 0.159 seconds
[2022-08-29T21:17:53.555-0400] {processor.py:153} INFO - Started process (PID=18776) to work on /Users/jl/Documents/Repos/GHC-2022-data-engineering-workshop/venv/lib/python3.8/site-packages/airflow/example_dags/example_branch_operator.py
[2022-08-29T21:17:53.563-0400] {processor.py:640} INFO - Processing file /Users/jl/Documents/Repos/GHC-2022-data-engineering-workshop/venv/lib/python3.8/site-packages/airflow/example_dags/example_branch_operator.py for tasks to queue
[2022-08-29T21:17:53.564-0400] {logging_mixin.py:115} INFO - [2022-08-29T21:17:53.564-0400] {dagbag.py:508} INFO - Filling up the DagBag from /Users/jl/Documents/Repos/GHC-2022-data-engineering-workshop/venv/lib/python3.8/site-packages/airflow/example_dags/example_branch_operator.py
[2022-08-29T21:17:53.598-0400] {processor.py:650} INFO - DAG(s) dict_keys(['example_branch_operator']) retrieved from /Users/jl/Documents/Repos/GHC-2022-data-engineering-workshop/venv/lib/python3.8/site-packages/airflow/example_dags/example_branch_operator.py
[2022-08-29T21:17:53.676-0400] {logging_mixin.py:115} INFO - [2022-08-29T21:17:53.676-0400] {dag.py:2429} INFO - Sync 1 DAGs
[2022-08-29T21:17:53.696-0400] {logging_mixin.py:115} INFO - [2022-08-29T21:17:53.696-0400] {dag.py:2977} INFO - Setting next_dagrun for example_branch_operator to 2022-08-29T00:00:00+00:00, run_after=2022-08-30T00:00:00+00:00
[2022-08-29T21:17:53.710-0400] {processor.py:161} INFO - Processing /Users/jl/Documents/Repos/GHC-2022-data-engineering-workshop/venv/lib/python3.8/site-packages/airflow/example_dags/example_branch_operator.py took 0.156 seconds
[2022-08-29T21:19:29.884-0400] {processor.py:153} INFO - Started process (PID=18860) to work on /Users/jl/Documents/Repos/GHC-2022-data-engineering-workshop/venv/lib/python3.8/site-packages/airflow/example_dags/example_branch_operator.py
[2022-08-29T21:19:29.894-0400] {processor.py:640} INFO - Processing file /Users/jl/Documents/Repos/GHC-2022-data-engineering-workshop/venv/lib/python3.8/site-packages/airflow/example_dags/example_branch_operator.py for tasks to queue
[2022-08-29T21:19:29.895-0400] {logging_mixin.py:115} INFO - [2022-08-29T21:19:29.895-0400] {dagbag.py:508} INFO - Filling up the DagBag from /Users/jl/Documents/Repos/GHC-2022-data-engineering-workshop/venv/lib/python3.8/site-packages/airflow/example_dags/example_branch_operator.py
[2022-08-29T21:19:29.929-0400] {processor.py:650} INFO - DAG(s) dict_keys(['example_branch_operator']) retrieved from /Users/jl/Documents/Repos/GHC-2022-data-engineering-workshop/venv/lib/python3.8/site-packages/airflow/example_dags/example_branch_operator.py
[2022-08-29T21:19:30.010-0400] {logging_mixin.py:115} INFO - [2022-08-29T21:19:30.009-0400] {dag.py:2429} INFO - Sync 1 DAGs
[2022-08-29T21:19:30.031-0400] {logging_mixin.py:115} INFO - [2022-08-29T21:19:30.031-0400] {dag.py:2977} INFO - Setting next_dagrun for example_branch_operator to 2022-08-29T00:00:00+00:00, run_after=2022-08-30T00:00:00+00:00
[2022-08-29T21:19:30.045-0400] {processor.py:161} INFO - Processing /Users/jl/Documents/Repos/GHC-2022-data-engineering-workshop/venv/lib/python3.8/site-packages/airflow/example_dags/example_branch_operator.py took 0.162 seconds
[2022-08-29T21:21:03.275-0400] {processor.py:153} INFO - Started process (PID=18946) to work on /Users/jl/Documents/Repos/GHC-2022-data-engineering-workshop/venv/lib/python3.8/site-packages/airflow/example_dags/example_branch_operator.py
[2022-08-29T21:21:03.284-0400] {processor.py:640} INFO - Processing file /Users/jl/Documents/Repos/GHC-2022-data-engineering-workshop/venv/lib/python3.8/site-packages/airflow/example_dags/example_branch_operator.py for tasks to queue
[2022-08-29T21:21:03.284-0400] {logging_mixin.py:115} INFO - [2022-08-29T21:21:03.284-0400] {dagbag.py:508} INFO - Filling up the DagBag from /Users/jl/Documents/Repos/GHC-2022-data-engineering-workshop/venv/lib/python3.8/site-packages/airflow/example_dags/example_branch_operator.py
[2022-08-29T21:21:03.318-0400] {processor.py:650} INFO - DAG(s) dict_keys(['example_branch_operator']) retrieved from /Users/jl/Documents/Repos/GHC-2022-data-engineering-workshop/venv/lib/python3.8/site-packages/airflow/example_dags/example_branch_operator.py
[2022-08-29T21:21:03.396-0400] {logging_mixin.py:115} INFO - [2022-08-29T21:21:03.396-0400] {dag.py:2429} INFO - Sync 1 DAGs
[2022-08-29T21:21:03.416-0400] {logging_mixin.py:115} INFO - [2022-08-29T21:21:03.416-0400] {dag.py:2977} INFO - Setting next_dagrun for example_branch_operator to 2022-08-29T00:00:00+00:00, run_after=2022-08-30T00:00:00+00:00
[2022-08-29T21:21:03.431-0400] {processor.py:161} INFO - Processing /Users/jl/Documents/Repos/GHC-2022-data-engineering-workshop/venv/lib/python3.8/site-packages/airflow/example_dags/example_branch_operator.py took 0.157 seconds
[2022-08-29T21:22:40.609-0400] {processor.py:153} INFO - Started process (PID=19034) to work on /Users/jl/Documents/Repos/GHC-2022-data-engineering-workshop/venv/lib/python3.8/site-packages/airflow/example_dags/example_branch_operator.py
[2022-08-29T21:22:40.617-0400] {processor.py:640} INFO - Processing file /Users/jl/Documents/Repos/GHC-2022-data-engineering-workshop/venv/lib/python3.8/site-packages/airflow/example_dags/example_branch_operator.py for tasks to queue
[2022-08-29T21:22:40.618-0400] {logging_mixin.py:115} INFO - [2022-08-29T21:22:40.618-0400] {dagbag.py:508} INFO - Filling up the DagBag from /Users/jl/Documents/Repos/GHC-2022-data-engineering-workshop/venv/lib/python3.8/site-packages/airflow/example_dags/example_branch_operator.py
[2022-08-29T21:22:40.651-0400] {processor.py:650} INFO - DAG(s) dict_keys(['example_branch_operator']) retrieved from /Users/jl/Documents/Repos/GHC-2022-data-engineering-workshop/venv/lib/python3.8/site-packages/airflow/example_dags/example_branch_operator.py
[2022-08-29T21:22:40.729-0400] {logging_mixin.py:115} INFO - [2022-08-29T21:22:40.729-0400] {dag.py:2429} INFO - Sync 1 DAGs
[2022-08-29T21:22:40.750-0400] {logging_mixin.py:115} INFO - [2022-08-29T21:22:40.750-0400] {dag.py:2977} INFO - Setting next_dagrun for example_branch_operator to 2022-08-29T00:00:00+00:00, run_after=2022-08-30T00:00:00+00:00
[2022-08-29T21:22:40.764-0400] {processor.py:161} INFO - Processing /Users/jl/Documents/Repos/GHC-2022-data-engineering-workshop/venv/lib/python3.8/site-packages/airflow/example_dags/example_branch_operator.py took 0.156 seconds
[2022-08-29T21:24:18.169-0400] {processor.py:153} INFO - Started process (PID=19124) to work on /Users/jl/Documents/Repos/GHC-2022-data-engineering-workshop/venv/lib/python3.8/site-packages/airflow/example_dags/example_branch_operator.py
[2022-08-29T21:24:18.177-0400] {processor.py:640} INFO - Processing file /Users/jl/Documents/Repos/GHC-2022-data-engineering-workshop/venv/lib/python3.8/site-packages/airflow/example_dags/example_branch_operator.py for tasks to queue
[2022-08-29T21:24:18.178-0400] {logging_mixin.py:115} INFO - [2022-08-29T21:24:18.177-0400] {dagbag.py:508} INFO - Filling up the DagBag from /Users/jl/Documents/Repos/GHC-2022-data-engineering-workshop/venv/lib/python3.8/site-packages/airflow/example_dags/example_branch_operator.py
[2022-08-29T21:24:18.211-0400] {processor.py:650} INFO - DAG(s) dict_keys(['example_branch_operator']) retrieved from /Users/jl/Documents/Repos/GHC-2022-data-engineering-workshop/venv/lib/python3.8/site-packages/airflow/example_dags/example_branch_operator.py
[2022-08-29T21:24:18.289-0400] {logging_mixin.py:115} INFO - [2022-08-29T21:24:18.288-0400] {dag.py:2429} INFO - Sync 1 DAGs
[2022-08-29T21:24:18.311-0400] {logging_mixin.py:115} INFO - [2022-08-29T21:24:18.311-0400] {dag.py:2977} INFO - Setting next_dagrun for example_branch_operator to 2022-08-29T00:00:00+00:00, run_after=2022-08-30T00:00:00+00:00
[2022-08-29T21:24:18.329-0400] {processor.py:161} INFO - Processing /Users/jl/Documents/Repos/GHC-2022-data-engineering-workshop/venv/lib/python3.8/site-packages/airflow/example_dags/example_branch_operator.py took 0.161 seconds
[2022-08-29T21:25:53.631-0400] {processor.py:153} INFO - Started process (PID=19208) to work on /Users/jl/Documents/Repos/GHC-2022-data-engineering-workshop/venv/lib/python3.8/site-packages/airflow/example_dags/example_branch_operator.py
[2022-08-29T21:25:53.641-0400] {processor.py:640} INFO - Processing file /Users/jl/Documents/Repos/GHC-2022-data-engineering-workshop/venv/lib/python3.8/site-packages/airflow/example_dags/example_branch_operator.py for tasks to queue
[2022-08-29T21:25:53.642-0400] {logging_mixin.py:115} INFO - [2022-08-29T21:25:53.642-0400] {dagbag.py:508} INFO - Filling up the DagBag from /Users/jl/Documents/Repos/GHC-2022-data-engineering-workshop/venv/lib/python3.8/site-packages/airflow/example_dags/example_branch_operator.py
[2022-08-29T21:25:53.676-0400] {processor.py:650} INFO - DAG(s) dict_keys(['example_branch_operator']) retrieved from /Users/jl/Documents/Repos/GHC-2022-data-engineering-workshop/venv/lib/python3.8/site-packages/airflow/example_dags/example_branch_operator.py
[2022-08-29T21:25:53.755-0400] {logging_mixin.py:115} INFO - [2022-08-29T21:25:53.755-0400] {dag.py:2429} INFO - Sync 1 DAGs
[2022-08-29T21:25:53.775-0400] {logging_mixin.py:115} INFO - [2022-08-29T21:25:53.775-0400] {dag.py:2977} INFO - Setting next_dagrun for example_branch_operator to 2022-08-29T00:00:00+00:00, run_after=2022-08-30T00:00:00+00:00
[2022-08-29T21:25:53.790-0400] {processor.py:161} INFO - Processing /Users/jl/Documents/Repos/GHC-2022-data-engineering-workshop/venv/lib/python3.8/site-packages/airflow/example_dags/example_branch_operator.py took 0.159 seconds
[2022-08-29T21:27:30.994-0400] {processor.py:153} INFO - Started process (PID=19294) to work on /Users/jl/Documents/Repos/GHC-2022-data-engineering-workshop/venv/lib/python3.8/site-packages/airflow/example_dags/example_branch_operator.py
[2022-08-29T21:27:31.004-0400] {processor.py:640} INFO - Processing file /Users/jl/Documents/Repos/GHC-2022-data-engineering-workshop/venv/lib/python3.8/site-packages/airflow/example_dags/example_branch_operator.py for tasks to queue
[2022-08-29T21:27:31.005-0400] {logging_mixin.py:115} INFO - [2022-08-29T21:27:31.005-0400] {dagbag.py:508} INFO - Filling up the DagBag from /Users/jl/Documents/Repos/GHC-2022-data-engineering-workshop/venv/lib/python3.8/site-packages/airflow/example_dags/example_branch_operator.py
[2022-08-29T21:27:31.048-0400] {processor.py:650} INFO - DAG(s) dict_keys(['example_branch_operator']) retrieved from /Users/jl/Documents/Repos/GHC-2022-data-engineering-workshop/venv/lib/python3.8/site-packages/airflow/example_dags/example_branch_operator.py
[2022-08-29T21:27:31.134-0400] {logging_mixin.py:115} INFO - [2022-08-29T21:27:31.134-0400] {dag.py:2429} INFO - Sync 1 DAGs
[2022-08-29T21:27:31.155-0400] {logging_mixin.py:115} INFO - [2022-08-29T21:27:31.155-0400] {dag.py:2977} INFO - Setting next_dagrun for example_branch_operator to 2022-08-29T00:00:00+00:00, run_after=2022-08-30T00:00:00+00:00
[2022-08-29T21:27:31.168-0400] {processor.py:161} INFO - Processing /Users/jl/Documents/Repos/GHC-2022-data-engineering-workshop/venv/lib/python3.8/site-packages/airflow/example_dags/example_branch_operator.py took 0.175 seconds
[2022-08-29T21:29:09.751-0400] {processor.py:153} INFO - Started process (PID=19390) to work on /Users/jl/Documents/Repos/GHC-2022-data-engineering-workshop/venv/lib/python3.8/site-packages/airflow/example_dags/example_branch_operator.py
[2022-08-29T21:29:09.759-0400] {processor.py:640} INFO - Processing file /Users/jl/Documents/Repos/GHC-2022-data-engineering-workshop/venv/lib/python3.8/site-packages/airflow/example_dags/example_branch_operator.py for tasks to queue
[2022-08-29T21:29:09.760-0400] {logging_mixin.py:115} INFO - [2022-08-29T21:29:09.760-0400] {dagbag.py:508} INFO - Filling up the DagBag from /Users/jl/Documents/Repos/GHC-2022-data-engineering-workshop/venv/lib/python3.8/site-packages/airflow/example_dags/example_branch_operator.py
[2022-08-29T21:29:09.793-0400] {processor.py:650} INFO - DAG(s) dict_keys(['example_branch_operator']) retrieved from /Users/jl/Documents/Repos/GHC-2022-data-engineering-workshop/venv/lib/python3.8/site-packages/airflow/example_dags/example_branch_operator.py
[2022-08-29T21:29:09.870-0400] {logging_mixin.py:115} INFO - [2022-08-29T21:29:09.870-0400] {dag.py:2429} INFO - Sync 1 DAGs
[2022-08-29T21:29:09.891-0400] {logging_mixin.py:115} INFO - [2022-08-29T21:29:09.891-0400] {dag.py:2977} INFO - Setting next_dagrun for example_branch_operator to 2022-08-29T00:00:00+00:00, run_after=2022-08-30T00:00:00+00:00
[2022-08-29T21:29:09.905-0400] {processor.py:161} INFO - Processing /Users/jl/Documents/Repos/GHC-2022-data-engineering-workshop/venv/lib/python3.8/site-packages/airflow/example_dags/example_branch_operator.py took 0.155 seconds
[2022-08-29T21:30:57.710-0400] {processor.py:153} INFO - Started process (PID=19479) to work on /Users/jl/Documents/Repos/GHC-2022-data-engineering-workshop/venv/lib/python3.8/site-packages/airflow/example_dags/example_branch_operator.py
[2022-08-29T21:30:57.721-0400] {processor.py:640} INFO - Processing file /Users/jl/Documents/Repos/GHC-2022-data-engineering-workshop/venv/lib/python3.8/site-packages/airflow/example_dags/example_branch_operator.py for tasks to queue
[2022-08-29T21:30:57.722-0400] {logging_mixin.py:115} INFO - [2022-08-29T21:30:57.722-0400] {dagbag.py:508} INFO - Filling up the DagBag from /Users/jl/Documents/Repos/GHC-2022-data-engineering-workshop/venv/lib/python3.8/site-packages/airflow/example_dags/example_branch_operator.py
[2022-08-29T21:30:57.765-0400] {processor.py:650} INFO - DAG(s) dict_keys(['example_branch_operator']) retrieved from /Users/jl/Documents/Repos/GHC-2022-data-engineering-workshop/venv/lib/python3.8/site-packages/airflow/example_dags/example_branch_operator.py
[2022-08-29T21:30:57.861-0400] {logging_mixin.py:115} INFO - [2022-08-29T21:30:57.861-0400] {dag.py:2429} INFO - Sync 1 DAGs
[2022-08-29T21:30:57.887-0400] {logging_mixin.py:115} INFO - [2022-08-29T21:30:57.887-0400] {dag.py:2977} INFO - Setting next_dagrun for example_branch_operator to 2022-08-29T00:00:00+00:00, run_after=2022-08-30T00:00:00+00:00
[2022-08-29T21:30:57.905-0400] {processor.py:161} INFO - Processing /Users/jl/Documents/Repos/GHC-2022-data-engineering-workshop/venv/lib/python3.8/site-packages/airflow/example_dags/example_branch_operator.py took 0.197 seconds
[2022-08-29T21:32:52.926-0400] {processor.py:153} INFO - Started process (PID=19589) to work on /Users/jl/Documents/Repos/GHC-2022-data-engineering-workshop/venv/lib/python3.8/site-packages/airflow/example_dags/example_branch_operator.py
[2022-08-29T21:32:52.939-0400] {processor.py:640} INFO - Processing file /Users/jl/Documents/Repos/GHC-2022-data-engineering-workshop/venv/lib/python3.8/site-packages/airflow/example_dags/example_branch_operator.py for tasks to queue
[2022-08-29T21:32:52.940-0400] {logging_mixin.py:115} INFO - [2022-08-29T21:32:52.939-0400] {dagbag.py:508} INFO - Filling up the DagBag from /Users/jl/Documents/Repos/GHC-2022-data-engineering-workshop/venv/lib/python3.8/site-packages/airflow/example_dags/example_branch_operator.py
[2022-08-29T21:32:52.980-0400] {processor.py:650} INFO - DAG(s) dict_keys(['example_branch_operator']) retrieved from /Users/jl/Documents/Repos/GHC-2022-data-engineering-workshop/venv/lib/python3.8/site-packages/airflow/example_dags/example_branch_operator.py
[2022-08-29T21:32:53.072-0400] {logging_mixin.py:115} INFO - [2022-08-29T21:32:53.072-0400] {dag.py:2429} INFO - Sync 1 DAGs
[2022-08-29T21:32:53.098-0400] {logging_mixin.py:115} INFO - [2022-08-29T21:32:53.098-0400] {dag.py:2977} INFO - Setting next_dagrun for example_branch_operator to 2022-08-29T00:00:00+00:00, run_after=2022-08-30T00:00:00+00:00
[2022-08-29T21:32:53.114-0400] {processor.py:161} INFO - Processing /Users/jl/Documents/Repos/GHC-2022-data-engineering-workshop/venv/lib/python3.8/site-packages/airflow/example_dags/example_branch_operator.py took 0.189 seconds
[2022-08-29T21:35:24.236-0400] {processor.py:153} INFO - Started process (PID=19693) to work on /Users/jl/Documents/Repos/GHC-2022-data-engineering-workshop/venv/lib/python3.8/site-packages/airflow/example_dags/example_branch_operator.py
[2022-08-29T21:35:24.253-0400] {processor.py:640} INFO - Processing file /Users/jl/Documents/Repos/GHC-2022-data-engineering-workshop/venv/lib/python3.8/site-packages/airflow/example_dags/example_branch_operator.py for tasks to queue
[2022-08-29T21:35:24.253-0400] {logging_mixin.py:115} INFO - [2022-08-29T21:35:24.253-0400] {dagbag.py:508} INFO - Filling up the DagBag from /Users/jl/Documents/Repos/GHC-2022-data-engineering-workshop/venv/lib/python3.8/site-packages/airflow/example_dags/example_branch_operator.py
[2022-08-29T21:35:24.310-0400] {processor.py:650} INFO - DAG(s) dict_keys(['example_branch_operator']) retrieved from /Users/jl/Documents/Repos/GHC-2022-data-engineering-workshop/venv/lib/python3.8/site-packages/airflow/example_dags/example_branch_operator.py
[2022-08-29T21:35:24.417-0400] {logging_mixin.py:115} INFO - [2022-08-29T21:35:24.416-0400] {dag.py:2429} INFO - Sync 1 DAGs
[2022-08-29T21:35:24.443-0400] {logging_mixin.py:115} INFO - [2022-08-29T21:35:24.443-0400] {dag.py:2977} INFO - Setting next_dagrun for example_branch_operator to 2022-08-29T00:00:00+00:00, run_after=2022-08-30T00:00:00+00:00
[2022-08-29T21:35:24.459-0400] {processor.py:161} INFO - Processing /Users/jl/Documents/Repos/GHC-2022-data-engineering-workshop/venv/lib/python3.8/site-packages/airflow/example_dags/example_branch_operator.py took 0.224 seconds
[2022-08-29T21:38:19.335-0400] {processor.py:153} INFO - Started process (PID=19800) to work on /Users/jl/Documents/Repos/GHC-2022-data-engineering-workshop/venv/lib/python3.8/site-packages/airflow/example_dags/example_branch_operator.py
[2022-08-29T21:38:19.348-0400] {processor.py:640} INFO - Processing file /Users/jl/Documents/Repos/GHC-2022-data-engineering-workshop/venv/lib/python3.8/site-packages/airflow/example_dags/example_branch_operator.py for tasks to queue
[2022-08-29T21:38:19.349-0400] {logging_mixin.py:115} INFO - [2022-08-29T21:38:19.349-0400] {dagbag.py:508} INFO - Filling up the DagBag from /Users/jl/Documents/Repos/GHC-2022-data-engineering-workshop/venv/lib/python3.8/site-packages/airflow/example_dags/example_branch_operator.py
[2022-08-29T21:38:19.423-0400] {processor.py:650} INFO - DAG(s) dict_keys(['example_branch_operator']) retrieved from /Users/jl/Documents/Repos/GHC-2022-data-engineering-workshop/venv/lib/python3.8/site-packages/airflow/example_dags/example_branch_operator.py
[2022-08-29T21:38:19.601-0400] {logging_mixin.py:115} INFO - [2022-08-29T21:38:19.601-0400] {dag.py:2429} INFO - Sync 1 DAGs
[2022-08-29T21:38:19.631-0400] {logging_mixin.py:115} INFO - [2022-08-29T21:38:19.631-0400] {dag.py:2977} INFO - Setting next_dagrun for example_branch_operator to 2022-08-29T00:00:00+00:00, run_after=2022-08-30T00:00:00+00:00
[2022-08-29T21:38:19.646-0400] {processor.py:161} INFO - Processing /Users/jl/Documents/Repos/GHC-2022-data-engineering-workshop/venv/lib/python3.8/site-packages/airflow/example_dags/example_branch_operator.py took 0.313 seconds
[2022-08-29T21:40:58.175-0400] {processor.py:153} INFO - Started process (PID=19904) to work on /Users/jl/Documents/Repos/GHC-2022-data-engineering-workshop/venv/lib/python3.8/site-packages/airflow/example_dags/example_branch_operator.py
[2022-08-29T21:40:58.191-0400] {processor.py:640} INFO - Processing file /Users/jl/Documents/Repos/GHC-2022-data-engineering-workshop/venv/lib/python3.8/site-packages/airflow/example_dags/example_branch_operator.py for tasks to queue
[2022-08-29T21:40:58.192-0400] {logging_mixin.py:115} INFO - [2022-08-29T21:40:58.192-0400] {dagbag.py:508} INFO - Filling up the DagBag from /Users/jl/Documents/Repos/GHC-2022-data-engineering-workshop/venv/lib/python3.8/site-packages/airflow/example_dags/example_branch_operator.py
[2022-08-29T21:40:58.252-0400] {processor.py:650} INFO - DAG(s) dict_keys(['example_branch_operator']) retrieved from /Users/jl/Documents/Repos/GHC-2022-data-engineering-workshop/venv/lib/python3.8/site-packages/airflow/example_dags/example_branch_operator.py
[2022-08-29T21:40:58.370-0400] {logging_mixin.py:115} INFO - [2022-08-29T21:40:58.370-0400] {dag.py:2429} INFO - Sync 1 DAGs
[2022-08-29T21:40:58.398-0400] {logging_mixin.py:115} INFO - [2022-08-29T21:40:58.398-0400] {dag.py:2977} INFO - Setting next_dagrun for example_branch_operator to 2022-08-29T00:00:00+00:00, run_after=2022-08-30T00:00:00+00:00
[2022-08-29T21:40:58.417-0400] {processor.py:161} INFO - Processing /Users/jl/Documents/Repos/GHC-2022-data-engineering-workshop/venv/lib/python3.8/site-packages/airflow/example_dags/example_branch_operator.py took 0.244 seconds
[2022-08-29T21:43:52.509-0400] {processor.py:153} INFO - Started process (PID=20028) to work on /Users/jl/Documents/Repos/GHC-2022-data-engineering-workshop/venv/lib/python3.8/site-packages/airflow/example_dags/example_branch_operator.py
[2022-08-29T21:43:52.523-0400] {processor.py:640} INFO - Processing file /Users/jl/Documents/Repos/GHC-2022-data-engineering-workshop/venv/lib/python3.8/site-packages/airflow/example_dags/example_branch_operator.py for tasks to queue
[2022-08-29T21:43:52.524-0400] {logging_mixin.py:115} INFO - [2022-08-29T21:43:52.524-0400] {dagbag.py:508} INFO - Filling up the DagBag from /Users/jl/Documents/Repos/GHC-2022-data-engineering-workshop/venv/lib/python3.8/site-packages/airflow/example_dags/example_branch_operator.py
[2022-08-29T21:43:52.575-0400] {processor.py:650} INFO - DAG(s) dict_keys(['example_branch_operator']) retrieved from /Users/jl/Documents/Repos/GHC-2022-data-engineering-workshop/venv/lib/python3.8/site-packages/airflow/example_dags/example_branch_operator.py
[2022-08-29T21:43:52.678-0400] {logging_mixin.py:115} INFO - [2022-08-29T21:43:52.677-0400] {dag.py:2429} INFO - Sync 1 DAGs
[2022-08-29T21:43:52.710-0400] {logging_mixin.py:115} INFO - [2022-08-29T21:43:52.710-0400] {dag.py:2977} INFO - Setting next_dagrun for example_branch_operator to 2022-08-29T00:00:00+00:00, run_after=2022-08-30T00:00:00+00:00
[2022-08-29T21:43:52.738-0400] {processor.py:161} INFO - Processing /Users/jl/Documents/Repos/GHC-2022-data-engineering-workshop/venv/lib/python3.8/site-packages/airflow/example_dags/example_branch_operator.py took 0.230 seconds
[2022-08-29T21:46:19.222-0400] {processor.py:153} INFO - Started process (PID=20131) to work on /Users/jl/Documents/Repos/GHC-2022-data-engineering-workshop/venv/lib/python3.8/site-packages/airflow/example_dags/example_branch_operator.py
[2022-08-29T21:46:19.231-0400] {processor.py:640} INFO - Processing file /Users/jl/Documents/Repos/GHC-2022-data-engineering-workshop/venv/lib/python3.8/site-packages/airflow/example_dags/example_branch_operator.py for tasks to queue
[2022-08-29T21:46:19.232-0400] {logging_mixin.py:115} INFO - [2022-08-29T21:46:19.232-0400] {dagbag.py:508} INFO - Filling up the DagBag from /Users/jl/Documents/Repos/GHC-2022-data-engineering-workshop/venv/lib/python3.8/site-packages/airflow/example_dags/example_branch_operator.py
[2022-08-29T21:46:19.271-0400] {processor.py:650} INFO - DAG(s) dict_keys(['example_branch_operator']) retrieved from /Users/jl/Documents/Repos/GHC-2022-data-engineering-workshop/venv/lib/python3.8/site-packages/airflow/example_dags/example_branch_operator.py
[2022-08-29T21:46:19.372-0400] {logging_mixin.py:115} INFO - [2022-08-29T21:46:19.372-0400] {dag.py:2429} INFO - Sync 1 DAGs
[2022-08-29T21:46:19.396-0400] {logging_mixin.py:115} INFO - [2022-08-29T21:46:19.396-0400] {dag.py:2977} INFO - Setting next_dagrun for example_branch_operator to 2022-08-29T00:00:00+00:00, run_after=2022-08-30T00:00:00+00:00
[2022-08-29T21:46:19.410-0400] {processor.py:161} INFO - Processing /Users/jl/Documents/Repos/GHC-2022-data-engineering-workshop/venv/lib/python3.8/site-packages/airflow/example_dags/example_branch_operator.py took 0.190 seconds
[2022-08-29T21:48:48.353-0400] {processor.py:153} INFO - Started process (PID=20234) to work on /Users/jl/Documents/Repos/GHC-2022-data-engineering-workshop/venv/lib/python3.8/site-packages/airflow/example_dags/example_branch_operator.py
[2022-08-29T21:48:48.363-0400] {processor.py:640} INFO - Processing file /Users/jl/Documents/Repos/GHC-2022-data-engineering-workshop/venv/lib/python3.8/site-packages/airflow/example_dags/example_branch_operator.py for tasks to queue
[2022-08-29T21:48:48.364-0400] {logging_mixin.py:115} INFO - [2022-08-29T21:48:48.363-0400] {dagbag.py:508} INFO - Filling up the DagBag from /Users/jl/Documents/Repos/GHC-2022-data-engineering-workshop/venv/lib/python3.8/site-packages/airflow/example_dags/example_branch_operator.py
[2022-08-29T21:48:48.405-0400] {processor.py:650} INFO - DAG(s) dict_keys(['example_branch_operator']) retrieved from /Users/jl/Documents/Repos/GHC-2022-data-engineering-workshop/venv/lib/python3.8/site-packages/airflow/example_dags/example_branch_operator.py
[2022-08-29T21:48:48.521-0400] {logging_mixin.py:115} INFO - [2022-08-29T21:48:48.521-0400] {dag.py:2429} INFO - Sync 1 DAGs
[2022-08-29T21:48:48.566-0400] {logging_mixin.py:115} INFO - [2022-08-29T21:48:48.565-0400] {dag.py:2977} INFO - Setting next_dagrun for example_branch_operator to 2022-08-29T00:00:00+00:00, run_after=2022-08-30T00:00:00+00:00
[2022-08-29T21:48:48.593-0400] {processor.py:161} INFO - Processing /Users/jl/Documents/Repos/GHC-2022-data-engineering-workshop/venv/lib/python3.8/site-packages/airflow/example_dags/example_branch_operator.py took 0.242 seconds
[2022-08-29T21:51:15.059-0400] {processor.py:153} INFO - Started process (PID=20335) to work on /Users/jl/Documents/Repos/GHC-2022-data-engineering-workshop/venv/lib/python3.8/site-packages/airflow/example_dags/example_branch_operator.py
[2022-08-29T21:51:15.070-0400] {processor.py:640} INFO - Processing file /Users/jl/Documents/Repos/GHC-2022-data-engineering-workshop/venv/lib/python3.8/site-packages/airflow/example_dags/example_branch_operator.py for tasks to queue
[2022-08-29T21:51:15.071-0400] {logging_mixin.py:115} INFO - [2022-08-29T21:51:15.071-0400] {dagbag.py:508} INFO - Filling up the DagBag from /Users/jl/Documents/Repos/GHC-2022-data-engineering-workshop/venv/lib/python3.8/site-packages/airflow/example_dags/example_branch_operator.py
[2022-08-29T21:51:15.114-0400] {processor.py:650} INFO - DAG(s) dict_keys(['example_branch_operator']) retrieved from /Users/jl/Documents/Repos/GHC-2022-data-engineering-workshop/venv/lib/python3.8/site-packages/airflow/example_dags/example_branch_operator.py
[2022-08-29T21:51:15.228-0400] {logging_mixin.py:115} INFO - [2022-08-29T21:51:15.228-0400] {dag.py:2429} INFO - Sync 1 DAGs
[2022-08-29T21:51:15.269-0400] {logging_mixin.py:115} INFO - [2022-08-29T21:51:15.269-0400] {dag.py:2977} INFO - Setting next_dagrun for example_branch_operator to 2022-08-29T00:00:00+00:00, run_after=2022-08-30T00:00:00+00:00
[2022-08-29T21:51:15.290-0400] {processor.py:161} INFO - Processing /Users/jl/Documents/Repos/GHC-2022-data-engineering-workshop/venv/lib/python3.8/site-packages/airflow/example_dags/example_branch_operator.py took 0.233 seconds
