[2022-08-29T20:01:14.688-0400] {processor.py:153} INFO - Started process (PID=14415) to work on /Users/jl/Documents/Repos/GHC-2022-data-engineering-workshop/venv/lib/python3.8/site-packages/airflow/example_dags/example_kubernetes_executor.py
[2022-08-29T20:01:14.696-0400] {processor.py:640} INFO - Processing file /Users/jl/Documents/Repos/GHC-2022-data-engineering-workshop/venv/lib/python3.8/site-packages/airflow/example_dags/example_kubernetes_executor.py for tasks to queue
[2022-08-29T20:01:14.697-0400] {logging_mixin.py:115} INFO - [2022-08-29T20:01:14.697-0400] {dagbag.py:508} INFO - Filling up the DagBag from /Users/jl/Documents/Repos/GHC-2022-data-engineering-workshop/venv/lib/python3.8/site-packages/airflow/example_dags/example_kubernetes_executor.py
[2022-08-29T20:01:14.728-0400] {logging_mixin.py:115} INFO - [2022-08-29T20:01:14.728-0400] {example_kubernetes_executor.py:39} WARNING - The example_kubernetes_executor example DAG requires the kubernetes provider. Please install it with: pip install apache-airflow[cncf.kubernetes]
[2022-08-29T20:01:14.728-0400] {processor.py:652} WARNING - No viable dags retrieved from /Users/jl/Documents/Repos/GHC-2022-data-engineering-workshop/venv/lib/python3.8/site-packages/airflow/example_dags/example_kubernetes_executor.py
[2022-08-29T20:01:14.778-0400] {processor.py:161} INFO - Processing /Users/jl/Documents/Repos/GHC-2022-data-engineering-workshop/venv/lib/python3.8/site-packages/airflow/example_dags/example_kubernetes_executor.py took 0.091 seconds
[2022-08-29T20:02:41.662-0400] {processor.py:153} INFO - Started process (PID=14498) to work on /Users/jl/Documents/Repos/GHC-2022-data-engineering-workshop/venv/lib/python3.8/site-packages/airflow/example_dags/example_kubernetes_executor.py
[2022-08-29T20:02:41.670-0400] {processor.py:640} INFO - Processing file /Users/jl/Documents/Repos/GHC-2022-data-engineering-workshop/venv/lib/python3.8/site-packages/airflow/example_dags/example_kubernetes_executor.py for tasks to queue
[2022-08-29T20:02:41.670-0400] {logging_mixin.py:115} INFO - [2022-08-29T20:02:41.670-0400] {dagbag.py:508} INFO - Filling up the DagBag from /Users/jl/Documents/Repos/GHC-2022-data-engineering-workshop/venv/lib/python3.8/site-packages/airflow/example_dags/example_kubernetes_executor.py
[2022-08-29T20:02:41.698-0400] {logging_mixin.py:115} INFO - [2022-08-29T20:02:41.698-0400] {example_kubernetes_executor.py:39} WARNING - The example_kubernetes_executor example DAG requires the kubernetes provider. Please install it with: pip install apache-airflow[cncf.kubernetes]
[2022-08-29T20:02:41.699-0400] {processor.py:652} WARNING - No viable dags retrieved from /Users/jl/Documents/Repos/GHC-2022-data-engineering-workshop/venv/lib/python3.8/site-packages/airflow/example_dags/example_kubernetes_executor.py
[2022-08-29T20:02:41.749-0400] {processor.py:161} INFO - Processing /Users/jl/Documents/Repos/GHC-2022-data-engineering-workshop/venv/lib/python3.8/site-packages/airflow/example_dags/example_kubernetes_executor.py took 0.089 seconds
[2022-08-29T20:04:07.281-0400] {processor.py:153} INFO - Started process (PID=14577) to work on /Users/jl/Documents/Repos/GHC-2022-data-engineering-workshop/venv/lib/python3.8/site-packages/airflow/example_dags/example_kubernetes_executor.py
[2022-08-29T20:04:07.289-0400] {processor.py:640} INFO - Processing file /Users/jl/Documents/Repos/GHC-2022-data-engineering-workshop/venv/lib/python3.8/site-packages/airflow/example_dags/example_kubernetes_executor.py for tasks to queue
[2022-08-29T20:04:07.290-0400] {logging_mixin.py:115} INFO - [2022-08-29T20:04:07.290-0400] {dagbag.py:508} INFO - Filling up the DagBag from /Users/jl/Documents/Repos/GHC-2022-data-engineering-workshop/venv/lib/python3.8/site-packages/airflow/example_dags/example_kubernetes_executor.py
[2022-08-29T20:04:07.318-0400] {logging_mixin.py:115} INFO - [2022-08-29T20:04:07.317-0400] {example_kubernetes_executor.py:39} WARNING - The example_kubernetes_executor example DAG requires the kubernetes provider. Please install it with: pip install apache-airflow[cncf.kubernetes]
[2022-08-29T20:04:07.318-0400] {processor.py:652} WARNING - No viable dags retrieved from /Users/jl/Documents/Repos/GHC-2022-data-engineering-workshop/venv/lib/python3.8/site-packages/airflow/example_dags/example_kubernetes_executor.py
[2022-08-29T20:04:07.367-0400] {processor.py:161} INFO - Processing /Users/jl/Documents/Repos/GHC-2022-data-engineering-workshop/venv/lib/python3.8/site-packages/airflow/example_dags/example_kubernetes_executor.py took 0.087 seconds
[2022-08-29T20:05:35.224-0400] {processor.py:153} INFO - Started process (PID=14658) to work on /Users/jl/Documents/Repos/GHC-2022-data-engineering-workshop/venv/lib/python3.8/site-packages/airflow/example_dags/example_kubernetes_executor.py
[2022-08-29T20:05:35.232-0400] {processor.py:640} INFO - Processing file /Users/jl/Documents/Repos/GHC-2022-data-engineering-workshop/venv/lib/python3.8/site-packages/airflow/example_dags/example_kubernetes_executor.py for tasks to queue
[2022-08-29T20:05:35.232-0400] {logging_mixin.py:115} INFO - [2022-08-29T20:05:35.232-0400] {dagbag.py:508} INFO - Filling up the DagBag from /Users/jl/Documents/Repos/GHC-2022-data-engineering-workshop/venv/lib/python3.8/site-packages/airflow/example_dags/example_kubernetes_executor.py
[2022-08-29T20:05:35.260-0400] {logging_mixin.py:115} INFO - [2022-08-29T20:05:35.260-0400] {example_kubernetes_executor.py:39} WARNING - The example_kubernetes_executor example DAG requires the kubernetes provider. Please install it with: pip install apache-airflow[cncf.kubernetes]
[2022-08-29T20:05:35.261-0400] {processor.py:652} WARNING - No viable dags retrieved from /Users/jl/Documents/Repos/GHC-2022-data-engineering-workshop/venv/lib/python3.8/site-packages/airflow/example_dags/example_kubernetes_executor.py
[2022-08-29T20:05:35.311-0400] {processor.py:161} INFO - Processing /Users/jl/Documents/Repos/GHC-2022-data-engineering-workshop/venv/lib/python3.8/site-packages/airflow/example_dags/example_kubernetes_executor.py took 0.089 seconds
[2022-08-29T20:07:01.739-0400] {processor.py:153} INFO - Started process (PID=14738) to work on /Users/jl/Documents/Repos/GHC-2022-data-engineering-workshop/venv/lib/python3.8/site-packages/airflow/example_dags/example_kubernetes_executor.py
[2022-08-29T20:07:01.748-0400] {processor.py:640} INFO - Processing file /Users/jl/Documents/Repos/GHC-2022-data-engineering-workshop/venv/lib/python3.8/site-packages/airflow/example_dags/example_kubernetes_executor.py for tasks to queue
[2022-08-29T20:07:01.748-0400] {logging_mixin.py:115} INFO - [2022-08-29T20:07:01.748-0400] {dagbag.py:508} INFO - Filling up the DagBag from /Users/jl/Documents/Repos/GHC-2022-data-engineering-workshop/venv/lib/python3.8/site-packages/airflow/example_dags/example_kubernetes_executor.py
[2022-08-29T20:07:01.777-0400] {logging_mixin.py:115} INFO - [2022-08-29T20:07:01.776-0400] {example_kubernetes_executor.py:39} WARNING - The example_kubernetes_executor example DAG requires the kubernetes provider. Please install it with: pip install apache-airflow[cncf.kubernetes]
[2022-08-29T20:07:01.777-0400] {processor.py:652} WARNING - No viable dags retrieved from /Users/jl/Documents/Repos/GHC-2022-data-engineering-workshop/venv/lib/python3.8/site-packages/airflow/example_dags/example_kubernetes_executor.py
[2022-08-29T20:07:01.827-0400] {processor.py:161} INFO - Processing /Users/jl/Documents/Repos/GHC-2022-data-engineering-workshop/venv/lib/python3.8/site-packages/airflow/example_dags/example_kubernetes_executor.py took 0.089 seconds
[2022-08-29T20:08:28.720-0400] {processor.py:153} INFO - Started process (PID=14821) to work on /Users/jl/Documents/Repos/GHC-2022-data-engineering-workshop/venv/lib/python3.8/site-packages/airflow/example_dags/example_kubernetes_executor.py
[2022-08-29T20:08:28.728-0400] {processor.py:640} INFO - Processing file /Users/jl/Documents/Repos/GHC-2022-data-engineering-workshop/venv/lib/python3.8/site-packages/airflow/example_dags/example_kubernetes_executor.py for tasks to queue
[2022-08-29T20:08:28.729-0400] {logging_mixin.py:115} INFO - [2022-08-29T20:08:28.728-0400] {dagbag.py:508} INFO - Filling up the DagBag from /Users/jl/Documents/Repos/GHC-2022-data-engineering-workshop/venv/lib/python3.8/site-packages/airflow/example_dags/example_kubernetes_executor.py
[2022-08-29T20:08:28.757-0400] {logging_mixin.py:115} INFO - [2022-08-29T20:08:28.757-0400] {example_kubernetes_executor.py:39} WARNING - The example_kubernetes_executor example DAG requires the kubernetes provider. Please install it with: pip install apache-airflow[cncf.kubernetes]
[2022-08-29T20:08:28.757-0400] {processor.py:652} WARNING - No viable dags retrieved from /Users/jl/Documents/Repos/GHC-2022-data-engineering-workshop/venv/lib/python3.8/site-packages/airflow/example_dags/example_kubernetes_executor.py
[2022-08-29T20:08:28.809-0400] {processor.py:161} INFO - Processing /Users/jl/Documents/Repos/GHC-2022-data-engineering-workshop/venv/lib/python3.8/site-packages/airflow/example_dags/example_kubernetes_executor.py took 0.089 seconds
[2022-08-29T20:10:00.648-0400] {processor.py:153} INFO - Started process (PID=14904) to work on /Users/jl/Documents/Repos/GHC-2022-data-engineering-workshop/venv/lib/python3.8/site-packages/airflow/example_dags/example_kubernetes_executor.py
[2022-08-29T20:10:00.660-0400] {processor.py:640} INFO - Processing file /Users/jl/Documents/Repos/GHC-2022-data-engineering-workshop/venv/lib/python3.8/site-packages/airflow/example_dags/example_kubernetes_executor.py for tasks to queue
[2022-08-29T20:10:00.661-0400] {logging_mixin.py:115} INFO - [2022-08-29T20:10:00.661-0400] {dagbag.py:508} INFO - Filling up the DagBag from /Users/jl/Documents/Repos/GHC-2022-data-engineering-workshop/venv/lib/python3.8/site-packages/airflow/example_dags/example_kubernetes_executor.py
[2022-08-29T20:10:00.703-0400] {logging_mixin.py:115} INFO - [2022-08-29T20:10:00.703-0400] {example_kubernetes_executor.py:39} WARNING - The example_kubernetes_executor example DAG requires the kubernetes provider. Please install it with: pip install apache-airflow[cncf.kubernetes]
[2022-08-29T20:10:00.704-0400] {processor.py:652} WARNING - No viable dags retrieved from /Users/jl/Documents/Repos/GHC-2022-data-engineering-workshop/venv/lib/python3.8/site-packages/airflow/example_dags/example_kubernetes_executor.py
[2022-08-29T20:10:00.762-0400] {processor.py:161} INFO - Processing /Users/jl/Documents/Repos/GHC-2022-data-engineering-workshop/venv/lib/python3.8/site-packages/airflow/example_dags/example_kubernetes_executor.py took 0.115 seconds
[2022-08-29T20:11:35.469-0400] {processor.py:153} INFO - Started process (PID=14993) to work on /Users/jl/Documents/Repos/GHC-2022-data-engineering-workshop/venv/lib/python3.8/site-packages/airflow/example_dags/example_kubernetes_executor.py
[2022-08-29T20:11:35.478-0400] {processor.py:640} INFO - Processing file /Users/jl/Documents/Repos/GHC-2022-data-engineering-workshop/venv/lib/python3.8/site-packages/airflow/example_dags/example_kubernetes_executor.py for tasks to queue
[2022-08-29T20:11:35.478-0400] {logging_mixin.py:115} INFO - [2022-08-29T20:11:35.478-0400] {dagbag.py:508} INFO - Filling up the DagBag from /Users/jl/Documents/Repos/GHC-2022-data-engineering-workshop/venv/lib/python3.8/site-packages/airflow/example_dags/example_kubernetes_executor.py
[2022-08-29T20:11:35.506-0400] {logging_mixin.py:115} INFO - [2022-08-29T20:11:35.506-0400] {example_kubernetes_executor.py:39} WARNING - The example_kubernetes_executor example DAG requires the kubernetes provider. Please install it with: pip install apache-airflow[cncf.kubernetes]
[2022-08-29T20:11:35.506-0400] {processor.py:652} WARNING - No viable dags retrieved from /Users/jl/Documents/Repos/GHC-2022-data-engineering-workshop/venv/lib/python3.8/site-packages/airflow/example_dags/example_kubernetes_executor.py
[2022-08-29T20:11:35.556-0400] {processor.py:161} INFO - Processing /Users/jl/Documents/Repos/GHC-2022-data-engineering-workshop/venv/lib/python3.8/site-packages/airflow/example_dags/example_kubernetes_executor.py took 0.088 seconds
[2022-08-29T20:13:05.596-0400] {processor.py:153} INFO - Started process (PID=15078) to work on /Users/jl/Documents/Repos/GHC-2022-data-engineering-workshop/venv/lib/python3.8/site-packages/airflow/example_dags/example_kubernetes_executor.py
[2022-08-29T20:13:05.604-0400] {processor.py:640} INFO - Processing file /Users/jl/Documents/Repos/GHC-2022-data-engineering-workshop/venv/lib/python3.8/site-packages/airflow/example_dags/example_kubernetes_executor.py for tasks to queue
[2022-08-29T20:13:05.605-0400] {logging_mixin.py:115} INFO - [2022-08-29T20:13:05.605-0400] {dagbag.py:508} INFO - Filling up the DagBag from /Users/jl/Documents/Repos/GHC-2022-data-engineering-workshop/venv/lib/python3.8/site-packages/airflow/example_dags/example_kubernetes_executor.py
[2022-08-29T20:13:05.634-0400] {logging_mixin.py:115} INFO - [2022-08-29T20:13:05.633-0400] {example_kubernetes_executor.py:39} WARNING - The example_kubernetes_executor example DAG requires the kubernetes provider. Please install it with: pip install apache-airflow[cncf.kubernetes]
[2022-08-29T20:13:05.634-0400] {processor.py:652} WARNING - No viable dags retrieved from /Users/jl/Documents/Repos/GHC-2022-data-engineering-workshop/venv/lib/python3.8/site-packages/airflow/example_dags/example_kubernetes_executor.py
[2022-08-29T20:13:05.683-0400] {processor.py:161} INFO - Processing /Users/jl/Documents/Repos/GHC-2022-data-engineering-workshop/venv/lib/python3.8/site-packages/airflow/example_dags/example_kubernetes_executor.py took 0.088 seconds
[2022-08-29T20:14:34.435-0400] {processor.py:153} INFO - Started process (PID=15158) to work on /Users/jl/Documents/Repos/GHC-2022-data-engineering-workshop/venv/lib/python3.8/site-packages/airflow/example_dags/example_kubernetes_executor.py
[2022-08-29T20:14:34.445-0400] {processor.py:640} INFO - Processing file /Users/jl/Documents/Repos/GHC-2022-data-engineering-workshop/venv/lib/python3.8/site-packages/airflow/example_dags/example_kubernetes_executor.py for tasks to queue
[2022-08-29T20:14:34.446-0400] {logging_mixin.py:115} INFO - [2022-08-29T20:14:34.446-0400] {dagbag.py:508} INFO - Filling up the DagBag from /Users/jl/Documents/Repos/GHC-2022-data-engineering-workshop/venv/lib/python3.8/site-packages/airflow/example_dags/example_kubernetes_executor.py
[2022-08-29T20:14:34.478-0400] {logging_mixin.py:115} INFO - [2022-08-29T20:14:34.478-0400] {example_kubernetes_executor.py:39} WARNING - The example_kubernetes_executor example DAG requires the kubernetes provider. Please install it with: pip install apache-airflow[cncf.kubernetes]
[2022-08-29T20:14:34.479-0400] {processor.py:652} WARNING - No viable dags retrieved from /Users/jl/Documents/Repos/GHC-2022-data-engineering-workshop/venv/lib/python3.8/site-packages/airflow/example_dags/example_kubernetes_executor.py
[2022-08-29T20:14:34.532-0400] {processor.py:161} INFO - Processing /Users/jl/Documents/Repos/GHC-2022-data-engineering-workshop/venv/lib/python3.8/site-packages/airflow/example_dags/example_kubernetes_executor.py took 0.098 seconds
[2022-08-29T20:16:16.509-0400] {processor.py:153} INFO - Started process (PID=15277) to work on /Users/jl/Documents/Repos/GHC-2022-data-engineering-workshop/venv/lib/python3.8/site-packages/airflow/example_dags/example_kubernetes_executor.py
[2022-08-29T20:16:16.519-0400] {processor.py:640} INFO - Processing file /Users/jl/Documents/Repos/GHC-2022-data-engineering-workshop/venv/lib/python3.8/site-packages/airflow/example_dags/example_kubernetes_executor.py for tasks to queue
[2022-08-29T20:16:16.520-0400] {logging_mixin.py:115} INFO - [2022-08-29T20:16:16.520-0400] {dagbag.py:508} INFO - Filling up the DagBag from /Users/jl/Documents/Repos/GHC-2022-data-engineering-workshop/venv/lib/python3.8/site-packages/airflow/example_dags/example_kubernetes_executor.py
[2022-08-29T20:16:16.560-0400] {logging_mixin.py:115} INFO - [2022-08-29T20:16:16.560-0400] {example_kubernetes_executor.py:39} WARNING - The example_kubernetes_executor example DAG requires the kubernetes provider. Please install it with: pip install apache-airflow[cncf.kubernetes]
[2022-08-29T20:16:16.561-0400] {processor.py:652} WARNING - No viable dags retrieved from /Users/jl/Documents/Repos/GHC-2022-data-engineering-workshop/venv/lib/python3.8/site-packages/airflow/example_dags/example_kubernetes_executor.py
[2022-08-29T20:16:16.637-0400] {processor.py:161} INFO - Processing /Users/jl/Documents/Repos/GHC-2022-data-engineering-workshop/venv/lib/python3.8/site-packages/airflow/example_dags/example_kubernetes_executor.py took 0.129 seconds
[2022-08-29T20:18:11.122-0400] {processor.py:153} INFO - Started process (PID=15396) to work on /Users/jl/Documents/Repos/GHC-2022-data-engineering-workshop/venv/lib/python3.8/site-packages/airflow/example_dags/example_kubernetes_executor.py
[2022-08-29T20:18:11.131-0400] {processor.py:640} INFO - Processing file /Users/jl/Documents/Repos/GHC-2022-data-engineering-workshop/venv/lib/python3.8/site-packages/airflow/example_dags/example_kubernetes_executor.py for tasks to queue
[2022-08-29T20:18:11.132-0400] {logging_mixin.py:115} INFO - [2022-08-29T20:18:11.131-0400] {dagbag.py:508} INFO - Filling up the DagBag from /Users/jl/Documents/Repos/GHC-2022-data-engineering-workshop/venv/lib/python3.8/site-packages/airflow/example_dags/example_kubernetes_executor.py
[2022-08-29T20:18:11.164-0400] {logging_mixin.py:115} INFO - [2022-08-29T20:18:11.164-0400] {example_kubernetes_executor.py:39} WARNING - The example_kubernetes_executor example DAG requires the kubernetes provider. Please install it with: pip install apache-airflow[cncf.kubernetes]
[2022-08-29T20:18:11.164-0400] {processor.py:652} WARNING - No viable dags retrieved from /Users/jl/Documents/Repos/GHC-2022-data-engineering-workshop/venv/lib/python3.8/site-packages/airflow/example_dags/example_kubernetes_executor.py
[2022-08-29T20:18:11.226-0400] {processor.py:161} INFO - Processing /Users/jl/Documents/Repos/GHC-2022-data-engineering-workshop/venv/lib/python3.8/site-packages/airflow/example_dags/example_kubernetes_executor.py took 0.105 seconds
[2022-08-29T20:19:58.954-0400] {processor.py:153} INFO - Started process (PID=15507) to work on /Users/jl/Documents/Repos/GHC-2022-data-engineering-workshop/venv/lib/python3.8/site-packages/airflow/example_dags/example_kubernetes_executor.py
[2022-08-29T20:19:58.964-0400] {processor.py:640} INFO - Processing file /Users/jl/Documents/Repos/GHC-2022-data-engineering-workshop/venv/lib/python3.8/site-packages/airflow/example_dags/example_kubernetes_executor.py for tasks to queue
[2022-08-29T20:19:58.965-0400] {logging_mixin.py:115} INFO - [2022-08-29T20:19:58.964-0400] {dagbag.py:508} INFO - Filling up the DagBag from /Users/jl/Documents/Repos/GHC-2022-data-engineering-workshop/venv/lib/python3.8/site-packages/airflow/example_dags/example_kubernetes_executor.py
[2022-08-29T20:19:58.995-0400] {logging_mixin.py:115} INFO - [2022-08-29T20:19:58.994-0400] {example_kubernetes_executor.py:39} WARNING - The example_kubernetes_executor example DAG requires the kubernetes provider. Please install it with: pip install apache-airflow[cncf.kubernetes]
[2022-08-29T20:19:58.995-0400] {processor.py:652} WARNING - No viable dags retrieved from /Users/jl/Documents/Repos/GHC-2022-data-engineering-workshop/venv/lib/python3.8/site-packages/airflow/example_dags/example_kubernetes_executor.py
[2022-08-29T20:19:59.046-0400] {processor.py:161} INFO - Processing /Users/jl/Documents/Repos/GHC-2022-data-engineering-workshop/venv/lib/python3.8/site-packages/airflow/example_dags/example_kubernetes_executor.py took 0.093 seconds
[2022-08-29T20:21:32.339-0400] {processor.py:153} INFO - Started process (PID=15592) to work on /Users/jl/Documents/Repos/GHC-2022-data-engineering-workshop/venv/lib/python3.8/site-packages/airflow/example_dags/example_kubernetes_executor.py
[2022-08-29T20:21:32.347-0400] {processor.py:640} INFO - Processing file /Users/jl/Documents/Repos/GHC-2022-data-engineering-workshop/venv/lib/python3.8/site-packages/airflow/example_dags/example_kubernetes_executor.py for tasks to queue
[2022-08-29T20:21:32.348-0400] {logging_mixin.py:115} INFO - [2022-08-29T20:21:32.348-0400] {dagbag.py:508} INFO - Filling up the DagBag from /Users/jl/Documents/Repos/GHC-2022-data-engineering-workshop/venv/lib/python3.8/site-packages/airflow/example_dags/example_kubernetes_executor.py
[2022-08-29T20:21:32.376-0400] {logging_mixin.py:115} INFO - [2022-08-29T20:21:32.376-0400] {example_kubernetes_executor.py:39} WARNING - The example_kubernetes_executor example DAG requires the kubernetes provider. Please install it with: pip install apache-airflow[cncf.kubernetes]
[2022-08-29T20:21:32.377-0400] {processor.py:652} WARNING - No viable dags retrieved from /Users/jl/Documents/Repos/GHC-2022-data-engineering-workshop/venv/lib/python3.8/site-packages/airflow/example_dags/example_kubernetes_executor.py
[2022-08-29T20:21:32.425-0400] {processor.py:161} INFO - Processing /Users/jl/Documents/Repos/GHC-2022-data-engineering-workshop/venv/lib/python3.8/site-packages/airflow/example_dags/example_kubernetes_executor.py took 0.087 seconds
[2022-08-29T20:22:56.161-0400] {processor.py:153} INFO - Started process (PID=15672) to work on /Users/jl/Documents/Repos/GHC-2022-data-engineering-workshop/venv/lib/python3.8/site-packages/airflow/example_dags/example_kubernetes_executor.py
[2022-08-29T20:22:56.169-0400] {processor.py:640} INFO - Processing file /Users/jl/Documents/Repos/GHC-2022-data-engineering-workshop/venv/lib/python3.8/site-packages/airflow/example_dags/example_kubernetes_executor.py for tasks to queue
[2022-08-29T20:22:56.169-0400] {logging_mixin.py:115} INFO - [2022-08-29T20:22:56.169-0400] {dagbag.py:508} INFO - Filling up the DagBag from /Users/jl/Documents/Repos/GHC-2022-data-engineering-workshop/venv/lib/python3.8/site-packages/airflow/example_dags/example_kubernetes_executor.py
[2022-08-29T20:22:56.197-0400] {logging_mixin.py:115} INFO - [2022-08-29T20:22:56.197-0400] {example_kubernetes_executor.py:39} WARNING - The example_kubernetes_executor example DAG requires the kubernetes provider. Please install it with: pip install apache-airflow[cncf.kubernetes]
[2022-08-29T20:22:56.198-0400] {processor.py:652} WARNING - No viable dags retrieved from /Users/jl/Documents/Repos/GHC-2022-data-engineering-workshop/venv/lib/python3.8/site-packages/airflow/example_dags/example_kubernetes_executor.py
[2022-08-29T20:22:56.247-0400] {processor.py:161} INFO - Processing /Users/jl/Documents/Repos/GHC-2022-data-engineering-workshop/venv/lib/python3.8/site-packages/airflow/example_dags/example_kubernetes_executor.py took 0.087 seconds
[2022-08-29T20:24:25.423-0400] {processor.py:153} INFO - Started process (PID=15753) to work on /Users/jl/Documents/Repos/GHC-2022-data-engineering-workshop/venv/lib/python3.8/site-packages/airflow/example_dags/example_kubernetes_executor.py
[2022-08-29T20:24:25.431-0400] {processor.py:640} INFO - Processing file /Users/jl/Documents/Repos/GHC-2022-data-engineering-workshop/venv/lib/python3.8/site-packages/airflow/example_dags/example_kubernetes_executor.py for tasks to queue
[2022-08-29T20:24:25.432-0400] {logging_mixin.py:115} INFO - [2022-08-29T20:24:25.432-0400] {dagbag.py:508} INFO - Filling up the DagBag from /Users/jl/Documents/Repos/GHC-2022-data-engineering-workshop/venv/lib/python3.8/site-packages/airflow/example_dags/example_kubernetes_executor.py
[2022-08-29T20:24:25.459-0400] {logging_mixin.py:115} INFO - [2022-08-29T20:24:25.459-0400] {example_kubernetes_executor.py:39} WARNING - The example_kubernetes_executor example DAG requires the kubernetes provider. Please install it with: pip install apache-airflow[cncf.kubernetes]
[2022-08-29T20:24:25.460-0400] {processor.py:652} WARNING - No viable dags retrieved from /Users/jl/Documents/Repos/GHC-2022-data-engineering-workshop/venv/lib/python3.8/site-packages/airflow/example_dags/example_kubernetes_executor.py
[2022-08-29T20:24:25.511-0400] {processor.py:161} INFO - Processing /Users/jl/Documents/Repos/GHC-2022-data-engineering-workshop/venv/lib/python3.8/site-packages/airflow/example_dags/example_kubernetes_executor.py took 0.089 seconds
[2022-08-29T20:26:08.012-0400] {processor.py:153} INFO - Started process (PID=15849) to work on /Users/jl/Documents/Repos/GHC-2022-data-engineering-workshop/venv/lib/python3.8/site-packages/airflow/example_dags/example_kubernetes_executor.py
[2022-08-29T20:26:08.116-0400] {processor.py:640} INFO - Processing file /Users/jl/Documents/Repos/GHC-2022-data-engineering-workshop/venv/lib/python3.8/site-packages/airflow/example_dags/example_kubernetes_executor.py for tasks to queue
[2022-08-29T20:26:08.179-0400] {logging_mixin.py:115} INFO - [2022-08-29T20:26:08.166-0400] {dagbag.py:508} INFO - Filling up the DagBag from /Users/jl/Documents/Repos/GHC-2022-data-engineering-workshop/venv/lib/python3.8/site-packages/airflow/example_dags/example_kubernetes_executor.py
[2022-08-29T20:26:08.341-0400] {logging_mixin.py:115} INFO - [2022-08-29T20:26:08.340-0400] {example_kubernetes_executor.py:39} WARNING - The example_kubernetes_executor example DAG requires the kubernetes provider. Please install it with: pip install apache-airflow[cncf.kubernetes]
[2022-08-29T20:26:08.341-0400] {processor.py:652} WARNING - No viable dags retrieved from /Users/jl/Documents/Repos/GHC-2022-data-engineering-workshop/venv/lib/python3.8/site-packages/airflow/example_dags/example_kubernetes_executor.py
[2022-08-29T20:26:08.527-0400] {processor.py:161} INFO - Processing /Users/jl/Documents/Repos/GHC-2022-data-engineering-workshop/venv/lib/python3.8/site-packages/airflow/example_dags/example_kubernetes_executor.py took 0.524 seconds
[2022-08-29T20:28:11.203-0400] {processor.py:153} INFO - Started process (PID=15967) to work on /Users/jl/Documents/Repos/GHC-2022-data-engineering-workshop/venv/lib/python3.8/site-packages/airflow/example_dags/example_kubernetes_executor.py
[2022-08-29T20:28:11.213-0400] {processor.py:640} INFO - Processing file /Users/jl/Documents/Repos/GHC-2022-data-engineering-workshop/venv/lib/python3.8/site-packages/airflow/example_dags/example_kubernetes_executor.py for tasks to queue
[2022-08-29T20:28:11.214-0400] {logging_mixin.py:115} INFO - [2022-08-29T20:28:11.214-0400] {dagbag.py:508} INFO - Filling up the DagBag from /Users/jl/Documents/Repos/GHC-2022-data-engineering-workshop/venv/lib/python3.8/site-packages/airflow/example_dags/example_kubernetes_executor.py
[2022-08-29T20:28:11.242-0400] {logging_mixin.py:115} INFO - [2022-08-29T20:28:11.242-0400] {example_kubernetes_executor.py:39} WARNING - The example_kubernetes_executor example DAG requires the kubernetes provider. Please install it with: pip install apache-airflow[cncf.kubernetes]
[2022-08-29T20:28:11.242-0400] {processor.py:652} WARNING - No viable dags retrieved from /Users/jl/Documents/Repos/GHC-2022-data-engineering-workshop/venv/lib/python3.8/site-packages/airflow/example_dags/example_kubernetes_executor.py
[2022-08-29T20:28:11.293-0400] {processor.py:161} INFO - Processing /Users/jl/Documents/Repos/GHC-2022-data-engineering-workshop/venv/lib/python3.8/site-packages/airflow/example_dags/example_kubernetes_executor.py took 0.091 seconds
[2022-08-29T20:29:55.794-0400] {processor.py:153} INFO - Started process (PID=16059) to work on /Users/jl/Documents/Repos/GHC-2022-data-engineering-workshop/venv/lib/python3.8/site-packages/airflow/example_dags/example_kubernetes_executor.py
[2022-08-29T20:29:55.805-0400] {processor.py:640} INFO - Processing file /Users/jl/Documents/Repos/GHC-2022-data-engineering-workshop/venv/lib/python3.8/site-packages/airflow/example_dags/example_kubernetes_executor.py for tasks to queue
[2022-08-29T20:29:55.806-0400] {logging_mixin.py:115} INFO - [2022-08-29T20:29:55.805-0400] {dagbag.py:508} INFO - Filling up the DagBag from /Users/jl/Documents/Repos/GHC-2022-data-engineering-workshop/venv/lib/python3.8/site-packages/airflow/example_dags/example_kubernetes_executor.py
[2022-08-29T20:29:55.844-0400] {logging_mixin.py:115} INFO - [2022-08-29T20:29:55.844-0400] {example_kubernetes_executor.py:39} WARNING - The example_kubernetes_executor example DAG requires the kubernetes provider. Please install it with: pip install apache-airflow[cncf.kubernetes]
[2022-08-29T20:29:55.845-0400] {processor.py:652} WARNING - No viable dags retrieved from /Users/jl/Documents/Repos/GHC-2022-data-engineering-workshop/venv/lib/python3.8/site-packages/airflow/example_dags/example_kubernetes_executor.py
[2022-08-29T20:29:55.908-0400] {processor.py:161} INFO - Processing /Users/jl/Documents/Repos/GHC-2022-data-engineering-workshop/venv/lib/python3.8/site-packages/airflow/example_dags/example_kubernetes_executor.py took 0.116 seconds
[2022-08-29T20:32:07.173-0400] {processor.py:153} INFO - Started process (PID=16177) to work on /Users/jl/Documents/Repos/GHC-2022-data-engineering-workshop/venv/lib/python3.8/site-packages/airflow/example_dags/example_kubernetes_executor.py
[2022-08-29T20:32:07.183-0400] {processor.py:640} INFO - Processing file /Users/jl/Documents/Repos/GHC-2022-data-engineering-workshop/venv/lib/python3.8/site-packages/airflow/example_dags/example_kubernetes_executor.py for tasks to queue
[2022-08-29T20:32:07.184-0400] {logging_mixin.py:115} INFO - [2022-08-29T20:32:07.184-0400] {dagbag.py:508} INFO - Filling up the DagBag from /Users/jl/Documents/Repos/GHC-2022-data-engineering-workshop/venv/lib/python3.8/site-packages/airflow/example_dags/example_kubernetes_executor.py
[2022-08-29T20:32:07.215-0400] {logging_mixin.py:115} INFO - [2022-08-29T20:32:07.214-0400] {example_kubernetes_executor.py:39} WARNING - The example_kubernetes_executor example DAG requires the kubernetes provider. Please install it with: pip install apache-airflow[cncf.kubernetes]
[2022-08-29T20:32:07.215-0400] {processor.py:652} WARNING - No viable dags retrieved from /Users/jl/Documents/Repos/GHC-2022-data-engineering-workshop/venv/lib/python3.8/site-packages/airflow/example_dags/example_kubernetes_executor.py
[2022-08-29T20:32:07.270-0400] {processor.py:161} INFO - Processing /Users/jl/Documents/Repos/GHC-2022-data-engineering-workshop/venv/lib/python3.8/site-packages/airflow/example_dags/example_kubernetes_executor.py took 0.097 seconds
[2022-08-29T20:34:10.481-0400] {processor.py:153} INFO - Started process (PID=16299) to work on /Users/jl/Documents/Repos/GHC-2022-data-engineering-workshop/venv/lib/python3.8/site-packages/airflow/example_dags/example_kubernetes_executor.py
[2022-08-29T20:34:10.491-0400] {processor.py:640} INFO - Processing file /Users/jl/Documents/Repos/GHC-2022-data-engineering-workshop/venv/lib/python3.8/site-packages/airflow/example_dags/example_kubernetes_executor.py for tasks to queue
[2022-08-29T20:34:10.492-0400] {logging_mixin.py:115} INFO - [2022-08-29T20:34:10.492-0400] {dagbag.py:508} INFO - Filling up the DagBag from /Users/jl/Documents/Repos/GHC-2022-data-engineering-workshop/venv/lib/python3.8/site-packages/airflow/example_dags/example_kubernetes_executor.py
[2022-08-29T20:34:10.523-0400] {logging_mixin.py:115} INFO - [2022-08-29T20:34:10.522-0400] {example_kubernetes_executor.py:39} WARNING - The example_kubernetes_executor example DAG requires the kubernetes provider. Please install it with: pip install apache-airflow[cncf.kubernetes]
[2022-08-29T20:34:10.523-0400] {processor.py:652} WARNING - No viable dags retrieved from /Users/jl/Documents/Repos/GHC-2022-data-engineering-workshop/venv/lib/python3.8/site-packages/airflow/example_dags/example_kubernetes_executor.py
[2022-08-29T20:34:10.573-0400] {processor.py:161} INFO - Processing /Users/jl/Documents/Repos/GHC-2022-data-engineering-workshop/venv/lib/python3.8/site-packages/airflow/example_dags/example_kubernetes_executor.py took 0.093 seconds
[2022-08-29T20:35:54.550-0400] {processor.py:153} INFO - Started process (PID=16419) to work on /Users/jl/Documents/Repos/GHC-2022-data-engineering-workshop/venv/lib/python3.8/site-packages/airflow/example_dags/example_kubernetes_executor.py
[2022-08-29T20:35:54.560-0400] {processor.py:640} INFO - Processing file /Users/jl/Documents/Repos/GHC-2022-data-engineering-workshop/venv/lib/python3.8/site-packages/airflow/example_dags/example_kubernetes_executor.py for tasks to queue
[2022-08-29T20:35:54.561-0400] {logging_mixin.py:115} INFO - [2022-08-29T20:35:54.561-0400] {dagbag.py:508} INFO - Filling up the DagBag from /Users/jl/Documents/Repos/GHC-2022-data-engineering-workshop/venv/lib/python3.8/site-packages/airflow/example_dags/example_kubernetes_executor.py
[2022-08-29T20:35:54.595-0400] {logging_mixin.py:115} INFO - [2022-08-29T20:35:54.595-0400] {example_kubernetes_executor.py:39} WARNING - The example_kubernetes_executor example DAG requires the kubernetes provider. Please install it with: pip install apache-airflow[cncf.kubernetes]
[2022-08-29T20:35:54.595-0400] {processor.py:652} WARNING - No viable dags retrieved from /Users/jl/Documents/Repos/GHC-2022-data-engineering-workshop/venv/lib/python3.8/site-packages/airflow/example_dags/example_kubernetes_executor.py
[2022-08-29T20:35:54.657-0400] {processor.py:161} INFO - Processing /Users/jl/Documents/Repos/GHC-2022-data-engineering-workshop/venv/lib/python3.8/site-packages/airflow/example_dags/example_kubernetes_executor.py took 0.108 seconds
[2022-08-29T20:37:43.664-0400] {processor.py:153} INFO - Started process (PID=16530) to work on /Users/jl/Documents/Repos/GHC-2022-data-engineering-workshop/venv/lib/python3.8/site-packages/airflow/example_dags/example_kubernetes_executor.py
[2022-08-29T20:37:43.673-0400] {processor.py:640} INFO - Processing file /Users/jl/Documents/Repos/GHC-2022-data-engineering-workshop/venv/lib/python3.8/site-packages/airflow/example_dags/example_kubernetes_executor.py for tasks to queue
[2022-08-29T20:37:43.673-0400] {logging_mixin.py:115} INFO - [2022-08-29T20:37:43.673-0400] {dagbag.py:508} INFO - Filling up the DagBag from /Users/jl/Documents/Repos/GHC-2022-data-engineering-workshop/venv/lib/python3.8/site-packages/airflow/example_dags/example_kubernetes_executor.py
[2022-08-29T20:37:43.703-0400] {logging_mixin.py:115} INFO - [2022-08-29T20:37:43.703-0400] {example_kubernetes_executor.py:39} WARNING - The example_kubernetes_executor example DAG requires the kubernetes provider. Please install it with: pip install apache-airflow[cncf.kubernetes]
[2022-08-29T20:37:43.704-0400] {processor.py:652} WARNING - No viable dags retrieved from /Users/jl/Documents/Repos/GHC-2022-data-engineering-workshop/venv/lib/python3.8/site-packages/airflow/example_dags/example_kubernetes_executor.py
[2022-08-29T20:37:43.759-0400] {processor.py:161} INFO - Processing /Users/jl/Documents/Repos/GHC-2022-data-engineering-workshop/venv/lib/python3.8/site-packages/airflow/example_dags/example_kubernetes_executor.py took 0.096 seconds
[2022-08-29T20:39:44.665-0400] {processor.py:153} INFO - Started process (PID=16636) to work on /Users/jl/Documents/Repos/GHC-2022-data-engineering-workshop/venv/lib/python3.8/site-packages/airflow/example_dags/example_kubernetes_executor.py
[2022-08-29T20:39:44.675-0400] {processor.py:640} INFO - Processing file /Users/jl/Documents/Repos/GHC-2022-data-engineering-workshop/venv/lib/python3.8/site-packages/airflow/example_dags/example_kubernetes_executor.py for tasks to queue
[2022-08-29T20:39:44.676-0400] {logging_mixin.py:115} INFO - [2022-08-29T20:39:44.676-0400] {dagbag.py:508} INFO - Filling up the DagBag from /Users/jl/Documents/Repos/GHC-2022-data-engineering-workshop/venv/lib/python3.8/site-packages/airflow/example_dags/example_kubernetes_executor.py
[2022-08-29T20:39:44.706-0400] {logging_mixin.py:115} INFO - [2022-08-29T20:39:44.706-0400] {example_kubernetes_executor.py:39} WARNING - The example_kubernetes_executor example DAG requires the kubernetes provider. Please install it with: pip install apache-airflow[cncf.kubernetes]
[2022-08-29T20:39:44.707-0400] {processor.py:652} WARNING - No viable dags retrieved from /Users/jl/Documents/Repos/GHC-2022-data-engineering-workshop/venv/lib/python3.8/site-packages/airflow/example_dags/example_kubernetes_executor.py
[2022-08-29T20:39:44.757-0400] {processor.py:161} INFO - Processing /Users/jl/Documents/Repos/GHC-2022-data-engineering-workshop/venv/lib/python3.8/site-packages/airflow/example_dags/example_kubernetes_executor.py took 0.093 seconds
[2022-08-29T20:41:30.917-0400] {processor.py:153} INFO - Started process (PID=16728) to work on /Users/jl/Documents/Repos/GHC-2022-data-engineering-workshop/venv/lib/python3.8/site-packages/airflow/example_dags/example_kubernetes_executor.py
[2022-08-29T20:41:30.926-0400] {processor.py:640} INFO - Processing file /Users/jl/Documents/Repos/GHC-2022-data-engineering-workshop/venv/lib/python3.8/site-packages/airflow/example_dags/example_kubernetes_executor.py for tasks to queue
[2022-08-29T20:41:30.927-0400] {logging_mixin.py:115} INFO - [2022-08-29T20:41:30.926-0400] {dagbag.py:508} INFO - Filling up the DagBag from /Users/jl/Documents/Repos/GHC-2022-data-engineering-workshop/venv/lib/python3.8/site-packages/airflow/example_dags/example_kubernetes_executor.py
[2022-08-29T20:41:30.958-0400] {logging_mixin.py:115} INFO - [2022-08-29T20:41:30.957-0400] {example_kubernetes_executor.py:39} WARNING - The example_kubernetes_executor example DAG requires the kubernetes provider. Please install it with: pip install apache-airflow[cncf.kubernetes]
[2022-08-29T20:41:30.958-0400] {processor.py:652} WARNING - No viable dags retrieved from /Users/jl/Documents/Repos/GHC-2022-data-engineering-workshop/venv/lib/python3.8/site-packages/airflow/example_dags/example_kubernetes_executor.py
[2022-08-29T20:41:31.029-0400] {processor.py:161} INFO - Processing /Users/jl/Documents/Repos/GHC-2022-data-engineering-workshop/venv/lib/python3.8/site-packages/airflow/example_dags/example_kubernetes_executor.py took 0.113 seconds
[2022-08-29T20:43:20.994-0400] {processor.py:153} INFO - Started process (PID=16827) to work on /Users/jl/Documents/Repos/GHC-2022-data-engineering-workshop/venv/lib/python3.8/site-packages/airflow/example_dags/example_kubernetes_executor.py
[2022-08-29T20:43:21.004-0400] {processor.py:640} INFO - Processing file /Users/jl/Documents/Repos/GHC-2022-data-engineering-workshop/venv/lib/python3.8/site-packages/airflow/example_dags/example_kubernetes_executor.py for tasks to queue
[2022-08-29T20:43:21.005-0400] {logging_mixin.py:115} INFO - [2022-08-29T20:43:21.005-0400] {dagbag.py:508} INFO - Filling up the DagBag from /Users/jl/Documents/Repos/GHC-2022-data-engineering-workshop/venv/lib/python3.8/site-packages/airflow/example_dags/example_kubernetes_executor.py
[2022-08-29T20:43:21.037-0400] {logging_mixin.py:115} INFO - [2022-08-29T20:43:21.037-0400] {example_kubernetes_executor.py:39} WARNING - The example_kubernetes_executor example DAG requires the kubernetes provider. Please install it with: pip install apache-airflow[cncf.kubernetes]
[2022-08-29T20:43:21.037-0400] {processor.py:652} WARNING - No viable dags retrieved from /Users/jl/Documents/Repos/GHC-2022-data-engineering-workshop/venv/lib/python3.8/site-packages/airflow/example_dags/example_kubernetes_executor.py
[2022-08-29T20:43:21.090-0400] {processor.py:161} INFO - Processing /Users/jl/Documents/Repos/GHC-2022-data-engineering-workshop/venv/lib/python3.8/site-packages/airflow/example_dags/example_kubernetes_executor.py took 0.097 seconds
[2022-08-29T20:45:20.525-0400] {processor.py:153} INFO - Started process (PID=16936) to work on /Users/jl/Documents/Repos/GHC-2022-data-engineering-workshop/venv/lib/python3.8/site-packages/airflow/example_dags/example_kubernetes_executor.py
[2022-08-29T20:45:20.535-0400] {processor.py:640} INFO - Processing file /Users/jl/Documents/Repos/GHC-2022-data-engineering-workshop/venv/lib/python3.8/site-packages/airflow/example_dags/example_kubernetes_executor.py for tasks to queue
[2022-08-29T20:45:20.536-0400] {logging_mixin.py:115} INFO - [2022-08-29T20:45:20.536-0400] {dagbag.py:508} INFO - Filling up the DagBag from /Users/jl/Documents/Repos/GHC-2022-data-engineering-workshop/venv/lib/python3.8/site-packages/airflow/example_dags/example_kubernetes_executor.py
[2022-08-29T20:45:20.566-0400] {logging_mixin.py:115} INFO - [2022-08-29T20:45:20.566-0400] {example_kubernetes_executor.py:39} WARNING - The example_kubernetes_executor example DAG requires the kubernetes provider. Please install it with: pip install apache-airflow[cncf.kubernetes]
[2022-08-29T20:45:20.566-0400] {processor.py:652} WARNING - No viable dags retrieved from /Users/jl/Documents/Repos/GHC-2022-data-engineering-workshop/venv/lib/python3.8/site-packages/airflow/example_dags/example_kubernetes_executor.py
[2022-08-29T20:45:20.618-0400] {processor.py:161} INFO - Processing /Users/jl/Documents/Repos/GHC-2022-data-engineering-workshop/venv/lib/python3.8/site-packages/airflow/example_dags/example_kubernetes_executor.py took 0.094 seconds
[2022-08-29T20:46:59.533-0400] {processor.py:153} INFO - Started process (PID=17025) to work on /Users/jl/Documents/Repos/GHC-2022-data-engineering-workshop/venv/lib/python3.8/site-packages/airflow/example_dags/example_kubernetes_executor.py
[2022-08-29T20:46:59.547-0400] {processor.py:640} INFO - Processing file /Users/jl/Documents/Repos/GHC-2022-data-engineering-workshop/venv/lib/python3.8/site-packages/airflow/example_dags/example_kubernetes_executor.py for tasks to queue
[2022-08-29T20:46:59.547-0400] {logging_mixin.py:115} INFO - [2022-08-29T20:46:59.547-0400] {dagbag.py:508} INFO - Filling up the DagBag from /Users/jl/Documents/Repos/GHC-2022-data-engineering-workshop/venv/lib/python3.8/site-packages/airflow/example_dags/example_kubernetes_executor.py
[2022-08-29T20:46:59.620-0400] {logging_mixin.py:115} INFO - [2022-08-29T20:46:59.620-0400] {example_kubernetes_executor.py:39} WARNING - The example_kubernetes_executor example DAG requires the kubernetes provider. Please install it with: pip install apache-airflow[cncf.kubernetes]
[2022-08-29T20:46:59.621-0400] {processor.py:652} WARNING - No viable dags retrieved from /Users/jl/Documents/Repos/GHC-2022-data-engineering-workshop/venv/lib/python3.8/site-packages/airflow/example_dags/example_kubernetes_executor.py
[2022-08-29T20:46:59.706-0400] {processor.py:161} INFO - Processing /Users/jl/Documents/Repos/GHC-2022-data-engineering-workshop/venv/lib/python3.8/site-packages/airflow/example_dags/example_kubernetes_executor.py took 0.174 seconds
[2022-08-29T20:48:55.239-0400] {processor.py:153} INFO - Started process (PID=17127) to work on /Users/jl/Documents/Repos/GHC-2022-data-engineering-workshop/venv/lib/python3.8/site-packages/airflow/example_dags/example_kubernetes_executor.py
[2022-08-29T20:48:55.249-0400] {processor.py:640} INFO - Processing file /Users/jl/Documents/Repos/GHC-2022-data-engineering-workshop/venv/lib/python3.8/site-packages/airflow/example_dags/example_kubernetes_executor.py for tasks to queue
[2022-08-29T20:48:55.250-0400] {logging_mixin.py:115} INFO - [2022-08-29T20:48:55.250-0400] {dagbag.py:508} INFO - Filling up the DagBag from /Users/jl/Documents/Repos/GHC-2022-data-engineering-workshop/venv/lib/python3.8/site-packages/airflow/example_dags/example_kubernetes_executor.py
[2022-08-29T20:48:55.280-0400] {logging_mixin.py:115} INFO - [2022-08-29T20:48:55.280-0400] {example_kubernetes_executor.py:39} WARNING - The example_kubernetes_executor example DAG requires the kubernetes provider. Please install it with: pip install apache-airflow[cncf.kubernetes]
[2022-08-29T20:48:55.280-0400] {processor.py:652} WARNING - No viable dags retrieved from /Users/jl/Documents/Repos/GHC-2022-data-engineering-workshop/venv/lib/python3.8/site-packages/airflow/example_dags/example_kubernetes_executor.py
[2022-08-29T20:48:55.333-0400] {processor.py:161} INFO - Processing /Users/jl/Documents/Repos/GHC-2022-data-engineering-workshop/venv/lib/python3.8/site-packages/airflow/example_dags/example_kubernetes_executor.py took 0.094 seconds
[2022-08-29T20:50:32.713-0400] {processor.py:153} INFO - Started process (PID=17216) to work on /Users/jl/Documents/Repos/GHC-2022-data-engineering-workshop/venv/lib/python3.8/site-packages/airflow/example_dags/example_kubernetes_executor.py
[2022-08-29T20:50:32.721-0400] {processor.py:640} INFO - Processing file /Users/jl/Documents/Repos/GHC-2022-data-engineering-workshop/venv/lib/python3.8/site-packages/airflow/example_dags/example_kubernetes_executor.py for tasks to queue
[2022-08-29T20:50:32.722-0400] {logging_mixin.py:115} INFO - [2022-08-29T20:50:32.722-0400] {dagbag.py:508} INFO - Filling up the DagBag from /Users/jl/Documents/Repos/GHC-2022-data-engineering-workshop/venv/lib/python3.8/site-packages/airflow/example_dags/example_kubernetes_executor.py
[2022-08-29T20:50:32.750-0400] {logging_mixin.py:115} INFO - [2022-08-29T20:50:32.750-0400] {example_kubernetes_executor.py:39} WARNING - The example_kubernetes_executor example DAG requires the kubernetes provider. Please install it with: pip install apache-airflow[cncf.kubernetes]
[2022-08-29T20:50:32.750-0400] {processor.py:652} WARNING - No viable dags retrieved from /Users/jl/Documents/Repos/GHC-2022-data-engineering-workshop/venv/lib/python3.8/site-packages/airflow/example_dags/example_kubernetes_executor.py
[2022-08-29T20:50:32.799-0400] {processor.py:161} INFO - Processing /Users/jl/Documents/Repos/GHC-2022-data-engineering-workshop/venv/lib/python3.8/site-packages/airflow/example_dags/example_kubernetes_executor.py took 0.087 seconds
[2022-08-29T20:52:09.492-0400] {processor.py:153} INFO - Started process (PID=17305) to work on /Users/jl/Documents/Repos/GHC-2022-data-engineering-workshop/venv/lib/python3.8/site-packages/airflow/example_dags/example_kubernetes_executor.py
[2022-08-29T20:52:09.500-0400] {processor.py:640} INFO - Processing file /Users/jl/Documents/Repos/GHC-2022-data-engineering-workshop/venv/lib/python3.8/site-packages/airflow/example_dags/example_kubernetes_executor.py for tasks to queue
[2022-08-29T20:52:09.501-0400] {logging_mixin.py:115} INFO - [2022-08-29T20:52:09.501-0400] {dagbag.py:508} INFO - Filling up the DagBag from /Users/jl/Documents/Repos/GHC-2022-data-engineering-workshop/venv/lib/python3.8/site-packages/airflow/example_dags/example_kubernetes_executor.py
[2022-08-29T20:52:09.529-0400] {logging_mixin.py:115} INFO - [2022-08-29T20:52:09.528-0400] {example_kubernetes_executor.py:39} WARNING - The example_kubernetes_executor example DAG requires the kubernetes provider. Please install it with: pip install apache-airflow[cncf.kubernetes]
[2022-08-29T20:52:09.529-0400] {processor.py:652} WARNING - No viable dags retrieved from /Users/jl/Documents/Repos/GHC-2022-data-engineering-workshop/venv/lib/python3.8/site-packages/airflow/example_dags/example_kubernetes_executor.py
[2022-08-29T20:52:09.580-0400] {processor.py:161} INFO - Processing /Users/jl/Documents/Repos/GHC-2022-data-engineering-workshop/venv/lib/python3.8/site-packages/airflow/example_dags/example_kubernetes_executor.py took 0.089 seconds
[2022-08-29T20:53:59.356-0400] {processor.py:153} INFO - Started process (PID=17399) to work on /Users/jl/Documents/Repos/GHC-2022-data-engineering-workshop/venv/lib/python3.8/site-packages/airflow/example_dags/example_kubernetes_executor.py
[2022-08-29T20:53:59.366-0400] {processor.py:640} INFO - Processing file /Users/jl/Documents/Repos/GHC-2022-data-engineering-workshop/venv/lib/python3.8/site-packages/airflow/example_dags/example_kubernetes_executor.py for tasks to queue
[2022-08-29T20:53:59.367-0400] {logging_mixin.py:115} INFO - [2022-08-29T20:53:59.367-0400] {dagbag.py:508} INFO - Filling up the DagBag from /Users/jl/Documents/Repos/GHC-2022-data-engineering-workshop/venv/lib/python3.8/site-packages/airflow/example_dags/example_kubernetes_executor.py
[2022-08-29T20:53:59.407-0400] {logging_mixin.py:115} INFO - [2022-08-29T20:53:59.406-0400] {example_kubernetes_executor.py:39} WARNING - The example_kubernetes_executor example DAG requires the kubernetes provider. Please install it with: pip install apache-airflow[cncf.kubernetes]
[2022-08-29T20:53:59.407-0400] {processor.py:652} WARNING - No viable dags retrieved from /Users/jl/Documents/Repos/GHC-2022-data-engineering-workshop/venv/lib/python3.8/site-packages/airflow/example_dags/example_kubernetes_executor.py
[2022-08-29T20:53:59.467-0400] {processor.py:161} INFO - Processing /Users/jl/Documents/Repos/GHC-2022-data-engineering-workshop/venv/lib/python3.8/site-packages/airflow/example_dags/example_kubernetes_executor.py took 0.112 seconds
[2022-08-29T20:55:58.725-0400] {processor.py:153} INFO - Started process (PID=17496) to work on /Users/jl/Documents/Repos/GHC-2022-data-engineering-workshop/venv/lib/python3.8/site-packages/airflow/example_dags/example_kubernetes_executor.py
[2022-08-29T20:55:58.735-0400] {processor.py:640} INFO - Processing file /Users/jl/Documents/Repos/GHC-2022-data-engineering-workshop/venv/lib/python3.8/site-packages/airflow/example_dags/example_kubernetes_executor.py for tasks to queue
[2022-08-29T20:55:58.736-0400] {logging_mixin.py:115} INFO - [2022-08-29T20:55:58.736-0400] {dagbag.py:508} INFO - Filling up the DagBag from /Users/jl/Documents/Repos/GHC-2022-data-engineering-workshop/venv/lib/python3.8/site-packages/airflow/example_dags/example_kubernetes_executor.py
[2022-08-29T20:55:58.766-0400] {logging_mixin.py:115} INFO - [2022-08-29T20:55:58.766-0400] {example_kubernetes_executor.py:39} WARNING - The example_kubernetes_executor example DAG requires the kubernetes provider. Please install it with: pip install apache-airflow[cncf.kubernetes]
[2022-08-29T20:55:58.767-0400] {processor.py:652} WARNING - No viable dags retrieved from /Users/jl/Documents/Repos/GHC-2022-data-engineering-workshop/venv/lib/python3.8/site-packages/airflow/example_dags/example_kubernetes_executor.py
[2022-08-29T20:55:58.818-0400] {processor.py:161} INFO - Processing /Users/jl/Documents/Repos/GHC-2022-data-engineering-workshop/venv/lib/python3.8/site-packages/airflow/example_dags/example_kubernetes_executor.py took 0.094 seconds
[2022-08-29T20:57:50.228-0400] {processor.py:153} INFO - Started process (PID=17598) to work on /Users/jl/Documents/Repos/GHC-2022-data-engineering-workshop/venv/lib/python3.8/site-packages/airflow/example_dags/example_kubernetes_executor.py
[2022-08-29T20:57:50.245-0400] {processor.py:640} INFO - Processing file /Users/jl/Documents/Repos/GHC-2022-data-engineering-workshop/venv/lib/python3.8/site-packages/airflow/example_dags/example_kubernetes_executor.py for tasks to queue
[2022-08-29T20:57:50.246-0400] {logging_mixin.py:115} INFO - [2022-08-29T20:57:50.246-0400] {dagbag.py:508} INFO - Filling up the DagBag from /Users/jl/Documents/Repos/GHC-2022-data-engineering-workshop/venv/lib/python3.8/site-packages/airflow/example_dags/example_kubernetes_executor.py
[2022-08-29T20:57:50.284-0400] {logging_mixin.py:115} INFO - [2022-08-29T20:57:50.284-0400] {example_kubernetes_executor.py:39} WARNING - The example_kubernetes_executor example DAG requires the kubernetes provider. Please install it with: pip install apache-airflow[cncf.kubernetes]
[2022-08-29T20:57:50.285-0400] {processor.py:652} WARNING - No viable dags retrieved from /Users/jl/Documents/Repos/GHC-2022-data-engineering-workshop/venv/lib/python3.8/site-packages/airflow/example_dags/example_kubernetes_executor.py
[2022-08-29T20:57:50.344-0400] {processor.py:161} INFO - Processing /Users/jl/Documents/Repos/GHC-2022-data-engineering-workshop/venv/lib/python3.8/site-packages/airflow/example_dags/example_kubernetes_executor.py took 0.117 seconds
[2022-08-29T21:00:13.164-0400] {processor.py:153} INFO - Started process (PID=17744) to work on /Users/jl/Documents/Repos/GHC-2022-data-engineering-workshop/venv/lib/python3.8/site-packages/airflow/example_dags/example_kubernetes_executor.py
[2022-08-29T21:00:13.174-0400] {processor.py:640} INFO - Processing file /Users/jl/Documents/Repos/GHC-2022-data-engineering-workshop/venv/lib/python3.8/site-packages/airflow/example_dags/example_kubernetes_executor.py for tasks to queue
[2022-08-29T21:00:13.175-0400] {logging_mixin.py:115} INFO - [2022-08-29T21:00:13.175-0400] {dagbag.py:508} INFO - Filling up the DagBag from /Users/jl/Documents/Repos/GHC-2022-data-engineering-workshop/venv/lib/python3.8/site-packages/airflow/example_dags/example_kubernetes_executor.py
[2022-08-29T21:00:13.207-0400] {logging_mixin.py:115} INFO - [2022-08-29T21:00:13.206-0400] {example_kubernetes_executor.py:39} WARNING - The example_kubernetes_executor example DAG requires the kubernetes provider. Please install it with: pip install apache-airflow[cncf.kubernetes]
[2022-08-29T21:00:13.207-0400] {processor.py:652} WARNING - No viable dags retrieved from /Users/jl/Documents/Repos/GHC-2022-data-engineering-workshop/venv/lib/python3.8/site-packages/airflow/example_dags/example_kubernetes_executor.py
[2022-08-29T21:00:13.261-0400] {processor.py:161} INFO - Processing /Users/jl/Documents/Repos/GHC-2022-data-engineering-workshop/venv/lib/python3.8/site-packages/airflow/example_dags/example_kubernetes_executor.py took 0.098 seconds
[2022-08-29T21:02:12.114-0400] {processor.py:153} INFO - Started process (PID=17871) to work on /Users/jl/Documents/Repos/GHC-2022-data-engineering-workshop/venv/lib/python3.8/site-packages/airflow/example_dags/example_kubernetes_executor.py
[2022-08-29T21:02:12.124-0400] {processor.py:640} INFO - Processing file /Users/jl/Documents/Repos/GHC-2022-data-engineering-workshop/venv/lib/python3.8/site-packages/airflow/example_dags/example_kubernetes_executor.py for tasks to queue
[2022-08-29T21:02:12.125-0400] {logging_mixin.py:115} INFO - [2022-08-29T21:02:12.125-0400] {dagbag.py:508} INFO - Filling up the DagBag from /Users/jl/Documents/Repos/GHC-2022-data-engineering-workshop/venv/lib/python3.8/site-packages/airflow/example_dags/example_kubernetes_executor.py
[2022-08-29T21:02:12.159-0400] {logging_mixin.py:115} INFO - [2022-08-29T21:02:12.159-0400] {example_kubernetes_executor.py:39} WARNING - The example_kubernetes_executor example DAG requires the kubernetes provider. Please install it with: pip install apache-airflow[cncf.kubernetes]
[2022-08-29T21:02:12.160-0400] {processor.py:652} WARNING - No viable dags retrieved from /Users/jl/Documents/Repos/GHC-2022-data-engineering-workshop/venv/lib/python3.8/site-packages/airflow/example_dags/example_kubernetes_executor.py
[2022-08-29T21:02:12.233-0400] {processor.py:161} INFO - Processing /Users/jl/Documents/Repos/GHC-2022-data-engineering-workshop/venv/lib/python3.8/site-packages/airflow/example_dags/example_kubernetes_executor.py took 0.121 seconds
[2022-08-29T21:04:02.988-0400] {processor.py:153} INFO - Started process (PID=17994) to work on /Users/jl/Documents/Repos/GHC-2022-data-engineering-workshop/venv/lib/python3.8/site-packages/airflow/example_dags/example_kubernetes_executor.py
[2022-08-29T21:04:02.997-0400] {processor.py:640} INFO - Processing file /Users/jl/Documents/Repos/GHC-2022-data-engineering-workshop/venv/lib/python3.8/site-packages/airflow/example_dags/example_kubernetes_executor.py for tasks to queue
[2022-08-29T21:04:02.997-0400] {logging_mixin.py:115} INFO - [2022-08-29T21:04:02.997-0400] {dagbag.py:508} INFO - Filling up the DagBag from /Users/jl/Documents/Repos/GHC-2022-data-engineering-workshop/venv/lib/python3.8/site-packages/airflow/example_dags/example_kubernetes_executor.py
[2022-08-29T21:04:03.025-0400] {logging_mixin.py:115} INFO - [2022-08-29T21:04:03.025-0400] {example_kubernetes_executor.py:39} WARNING - The example_kubernetes_executor example DAG requires the kubernetes provider. Please install it with: pip install apache-airflow[cncf.kubernetes]
[2022-08-29T21:04:03.025-0400] {processor.py:652} WARNING - No viable dags retrieved from /Users/jl/Documents/Repos/GHC-2022-data-engineering-workshop/venv/lib/python3.8/site-packages/airflow/example_dags/example_kubernetes_executor.py
[2022-08-29T21:04:03.075-0400] {processor.py:161} INFO - Processing /Users/jl/Documents/Repos/GHC-2022-data-engineering-workshop/venv/lib/python3.8/site-packages/airflow/example_dags/example_kubernetes_executor.py took 0.088 seconds
[2022-08-29T21:05:37.538-0400] {processor.py:153} INFO - Started process (PID=18079) to work on /Users/jl/Documents/Repos/GHC-2022-data-engineering-workshop/venv/lib/python3.8/site-packages/airflow/example_dags/example_kubernetes_executor.py
[2022-08-29T21:05:37.547-0400] {processor.py:640} INFO - Processing file /Users/jl/Documents/Repos/GHC-2022-data-engineering-workshop/venv/lib/python3.8/site-packages/airflow/example_dags/example_kubernetes_executor.py for tasks to queue
[2022-08-29T21:05:37.547-0400] {logging_mixin.py:115} INFO - [2022-08-29T21:05:37.547-0400] {dagbag.py:508} INFO - Filling up the DagBag from /Users/jl/Documents/Repos/GHC-2022-data-engineering-workshop/venv/lib/python3.8/site-packages/airflow/example_dags/example_kubernetes_executor.py
[2022-08-29T21:05:37.576-0400] {logging_mixin.py:115} INFO - [2022-08-29T21:05:37.575-0400] {example_kubernetes_executor.py:39} WARNING - The example_kubernetes_executor example DAG requires the kubernetes provider. Please install it with: pip install apache-airflow[cncf.kubernetes]
[2022-08-29T21:05:37.576-0400] {processor.py:652} WARNING - No viable dags retrieved from /Users/jl/Documents/Repos/GHC-2022-data-engineering-workshop/venv/lib/python3.8/site-packages/airflow/example_dags/example_kubernetes_executor.py
[2022-08-29T21:05:37.625-0400] {processor.py:161} INFO - Processing /Users/jl/Documents/Repos/GHC-2022-data-engineering-workshop/venv/lib/python3.8/site-packages/airflow/example_dags/example_kubernetes_executor.py took 0.088 seconds
[2022-08-29T21:07:11.801-0400] {processor.py:153} INFO - Started process (PID=18164) to work on /Users/jl/Documents/Repos/GHC-2022-data-engineering-workshop/venv/lib/python3.8/site-packages/airflow/example_dags/example_kubernetes_executor.py
[2022-08-29T21:07:11.809-0400] {processor.py:640} INFO - Processing file /Users/jl/Documents/Repos/GHC-2022-data-engineering-workshop/venv/lib/python3.8/site-packages/airflow/example_dags/example_kubernetes_executor.py for tasks to queue
[2022-08-29T21:07:11.810-0400] {logging_mixin.py:115} INFO - [2022-08-29T21:07:11.809-0400] {dagbag.py:508} INFO - Filling up the DagBag from /Users/jl/Documents/Repos/GHC-2022-data-engineering-workshop/venv/lib/python3.8/site-packages/airflow/example_dags/example_kubernetes_executor.py
[2022-08-29T21:07:11.837-0400] {logging_mixin.py:115} INFO - [2022-08-29T21:07:11.837-0400] {example_kubernetes_executor.py:39} WARNING - The example_kubernetes_executor example DAG requires the kubernetes provider. Please install it with: pip install apache-airflow[cncf.kubernetes]
[2022-08-29T21:07:11.838-0400] {processor.py:652} WARNING - No viable dags retrieved from /Users/jl/Documents/Repos/GHC-2022-data-engineering-workshop/venv/lib/python3.8/site-packages/airflow/example_dags/example_kubernetes_executor.py
[2022-08-29T21:07:11.887-0400] {processor.py:161} INFO - Processing /Users/jl/Documents/Repos/GHC-2022-data-engineering-workshop/venv/lib/python3.8/site-packages/airflow/example_dags/example_kubernetes_executor.py took 0.087 seconds
[2022-08-29T21:08:49.124-0400] {processor.py:153} INFO - Started process (PID=18255) to work on /Users/jl/Documents/Repos/GHC-2022-data-engineering-workshop/venv/lib/python3.8/site-packages/airflow/example_dags/example_kubernetes_executor.py
[2022-08-29T21:08:49.133-0400] {processor.py:640} INFO - Processing file /Users/jl/Documents/Repos/GHC-2022-data-engineering-workshop/venv/lib/python3.8/site-packages/airflow/example_dags/example_kubernetes_executor.py for tasks to queue
[2022-08-29T21:08:49.133-0400] {logging_mixin.py:115} INFO - [2022-08-29T21:08:49.133-0400] {dagbag.py:508} INFO - Filling up the DagBag from /Users/jl/Documents/Repos/GHC-2022-data-engineering-workshop/venv/lib/python3.8/site-packages/airflow/example_dags/example_kubernetes_executor.py
[2022-08-29T21:08:49.162-0400] {logging_mixin.py:115} INFO - [2022-08-29T21:08:49.161-0400] {example_kubernetes_executor.py:39} WARNING - The example_kubernetes_executor example DAG requires the kubernetes provider. Please install it with: pip install apache-airflow[cncf.kubernetes]
[2022-08-29T21:08:49.162-0400] {processor.py:652} WARNING - No viable dags retrieved from /Users/jl/Documents/Repos/GHC-2022-data-engineering-workshop/venv/lib/python3.8/site-packages/airflow/example_dags/example_kubernetes_executor.py
[2022-08-29T21:08:49.211-0400] {processor.py:161} INFO - Processing /Users/jl/Documents/Repos/GHC-2022-data-engineering-workshop/venv/lib/python3.8/site-packages/airflow/example_dags/example_kubernetes_executor.py took 0.088 seconds
[2022-08-29T21:10:26.467-0400] {processor.py:153} INFO - Started process (PID=18342) to work on /Users/jl/Documents/Repos/GHC-2022-data-engineering-workshop/venv/lib/python3.8/site-packages/airflow/example_dags/example_kubernetes_executor.py
[2022-08-29T21:10:26.475-0400] {processor.py:640} INFO - Processing file /Users/jl/Documents/Repos/GHC-2022-data-engineering-workshop/venv/lib/python3.8/site-packages/airflow/example_dags/example_kubernetes_executor.py for tasks to queue
[2022-08-29T21:10:26.475-0400] {logging_mixin.py:115} INFO - [2022-08-29T21:10:26.475-0400] {dagbag.py:508} INFO - Filling up the DagBag from /Users/jl/Documents/Repos/GHC-2022-data-engineering-workshop/venv/lib/python3.8/site-packages/airflow/example_dags/example_kubernetes_executor.py
[2022-08-29T21:10:26.504-0400] {logging_mixin.py:115} INFO - [2022-08-29T21:10:26.503-0400] {example_kubernetes_executor.py:39} WARNING - The example_kubernetes_executor example DAG requires the kubernetes provider. Please install it with: pip install apache-airflow[cncf.kubernetes]
[2022-08-29T21:10:26.504-0400] {processor.py:652} WARNING - No viable dags retrieved from /Users/jl/Documents/Repos/GHC-2022-data-engineering-workshop/venv/lib/python3.8/site-packages/airflow/example_dags/example_kubernetes_executor.py
[2022-08-29T21:10:26.553-0400] {processor.py:161} INFO - Processing /Users/jl/Documents/Repos/GHC-2022-data-engineering-workshop/venv/lib/python3.8/site-packages/airflow/example_dags/example_kubernetes_executor.py took 0.088 seconds
[2022-08-29T21:12:09.009-0400] {processor.py:153} INFO - Started process (PID=18434) to work on /Users/jl/Documents/Repos/GHC-2022-data-engineering-workshop/venv/lib/python3.8/site-packages/airflow/example_dags/example_kubernetes_executor.py
[2022-08-29T21:12:09.019-0400] {processor.py:640} INFO - Processing file /Users/jl/Documents/Repos/GHC-2022-data-engineering-workshop/venv/lib/python3.8/site-packages/airflow/example_dags/example_kubernetes_executor.py for tasks to queue
[2022-08-29T21:12:09.020-0400] {logging_mixin.py:115} INFO - [2022-08-29T21:12:09.020-0400] {dagbag.py:508} INFO - Filling up the DagBag from /Users/jl/Documents/Repos/GHC-2022-data-engineering-workshop/venv/lib/python3.8/site-packages/airflow/example_dags/example_kubernetes_executor.py
[2022-08-29T21:12:09.048-0400] {logging_mixin.py:115} INFO - [2022-08-29T21:12:09.048-0400] {example_kubernetes_executor.py:39} WARNING - The example_kubernetes_executor example DAG requires the kubernetes provider. Please install it with: pip install apache-airflow[cncf.kubernetes]
[2022-08-29T21:12:09.048-0400] {processor.py:652} WARNING - No viable dags retrieved from /Users/jl/Documents/Repos/GHC-2022-data-engineering-workshop/venv/lib/python3.8/site-packages/airflow/example_dags/example_kubernetes_executor.py
[2022-08-29T21:12:09.099-0400] {processor.py:161} INFO - Processing /Users/jl/Documents/Repos/GHC-2022-data-engineering-workshop/venv/lib/python3.8/site-packages/airflow/example_dags/example_kubernetes_executor.py took 0.091 seconds
[2022-08-29T21:14:06.494-0400] {processor.py:153} INFO - Started process (PID=18567) to work on /Users/jl/Documents/Repos/GHC-2022-data-engineering-workshop/venv/lib/python3.8/site-packages/airflow/example_dags/example_kubernetes_executor.py
[2022-08-29T21:14:06.504-0400] {processor.py:640} INFO - Processing file /Users/jl/Documents/Repos/GHC-2022-data-engineering-workshop/venv/lib/python3.8/site-packages/airflow/example_dags/example_kubernetes_executor.py for tasks to queue
[2022-08-29T21:14:06.505-0400] {logging_mixin.py:115} INFO - [2022-08-29T21:14:06.505-0400] {dagbag.py:508} INFO - Filling up the DagBag from /Users/jl/Documents/Repos/GHC-2022-data-engineering-workshop/venv/lib/python3.8/site-packages/airflow/example_dags/example_kubernetes_executor.py
[2022-08-29T21:14:06.537-0400] {logging_mixin.py:115} INFO - [2022-08-29T21:14:06.537-0400] {example_kubernetes_executor.py:39} WARNING - The example_kubernetes_executor example DAG requires the kubernetes provider. Please install it with: pip install apache-airflow[cncf.kubernetes]
[2022-08-29T21:14:06.537-0400] {processor.py:652} WARNING - No viable dags retrieved from /Users/jl/Documents/Repos/GHC-2022-data-engineering-workshop/venv/lib/python3.8/site-packages/airflow/example_dags/example_kubernetes_executor.py
[2022-08-29T21:14:06.587-0400] {processor.py:161} INFO - Processing /Users/jl/Documents/Repos/GHC-2022-data-engineering-workshop/venv/lib/python3.8/site-packages/airflow/example_dags/example_kubernetes_executor.py took 0.094 seconds
[2022-08-29T21:15:46.047-0400] {processor.py:153} INFO - Started process (PID=18653) to work on /Users/jl/Documents/Repos/GHC-2022-data-engineering-workshop/venv/lib/python3.8/site-packages/airflow/example_dags/example_kubernetes_executor.py
[2022-08-29T21:15:46.055-0400] {processor.py:640} INFO - Processing file /Users/jl/Documents/Repos/GHC-2022-data-engineering-workshop/venv/lib/python3.8/site-packages/airflow/example_dags/example_kubernetes_executor.py for tasks to queue
[2022-08-29T21:15:46.056-0400] {logging_mixin.py:115} INFO - [2022-08-29T21:15:46.056-0400] {dagbag.py:508} INFO - Filling up the DagBag from /Users/jl/Documents/Repos/GHC-2022-data-engineering-workshop/venv/lib/python3.8/site-packages/airflow/example_dags/example_kubernetes_executor.py
[2022-08-29T21:15:46.084-0400] {logging_mixin.py:115} INFO - [2022-08-29T21:15:46.084-0400] {example_kubernetes_executor.py:39} WARNING - The example_kubernetes_executor example DAG requires the kubernetes provider. Please install it with: pip install apache-airflow[cncf.kubernetes]
[2022-08-29T21:15:46.084-0400] {processor.py:652} WARNING - No viable dags retrieved from /Users/jl/Documents/Repos/GHC-2022-data-engineering-workshop/venv/lib/python3.8/site-packages/airflow/example_dags/example_kubernetes_executor.py
[2022-08-29T21:15:46.134-0400] {processor.py:161} INFO - Processing /Users/jl/Documents/Repos/GHC-2022-data-engineering-workshop/venv/lib/python3.8/site-packages/airflow/example_dags/example_kubernetes_executor.py took 0.088 seconds
[2022-08-29T21:17:16.885-0400] {processor.py:153} INFO - Started process (PID=18740) to work on /Users/jl/Documents/Repos/GHC-2022-data-engineering-workshop/venv/lib/python3.8/site-packages/airflow/example_dags/example_kubernetes_executor.py
[2022-08-29T21:17:16.894-0400] {processor.py:640} INFO - Processing file /Users/jl/Documents/Repos/GHC-2022-data-engineering-workshop/venv/lib/python3.8/site-packages/airflow/example_dags/example_kubernetes_executor.py for tasks to queue
[2022-08-29T21:17:16.894-0400] {logging_mixin.py:115} INFO - [2022-08-29T21:17:16.894-0400] {dagbag.py:508} INFO - Filling up the DagBag from /Users/jl/Documents/Repos/GHC-2022-data-engineering-workshop/venv/lib/python3.8/site-packages/airflow/example_dags/example_kubernetes_executor.py
[2022-08-29T21:17:16.922-0400] {logging_mixin.py:115} INFO - [2022-08-29T21:17:16.922-0400] {example_kubernetes_executor.py:39} WARNING - The example_kubernetes_executor example DAG requires the kubernetes provider. Please install it with: pip install apache-airflow[cncf.kubernetes]
[2022-08-29T21:17:16.922-0400] {processor.py:652} WARNING - No viable dags retrieved from /Users/jl/Documents/Repos/GHC-2022-data-engineering-workshop/venv/lib/python3.8/site-packages/airflow/example_dags/example_kubernetes_executor.py
[2022-08-29T21:17:16.972-0400] {processor.py:161} INFO - Processing /Users/jl/Documents/Repos/GHC-2022-data-engineering-workshop/venv/lib/python3.8/site-packages/airflow/example_dags/example_kubernetes_executor.py took 0.087 seconds
[2022-08-29T21:18:48.247-0400] {processor.py:153} INFO - Started process (PID=18826) to work on /Users/jl/Documents/Repos/GHC-2022-data-engineering-workshop/venv/lib/python3.8/site-packages/airflow/example_dags/example_kubernetes_executor.py
[2022-08-29T21:18:48.256-0400] {processor.py:640} INFO - Processing file /Users/jl/Documents/Repos/GHC-2022-data-engineering-workshop/venv/lib/python3.8/site-packages/airflow/example_dags/example_kubernetes_executor.py for tasks to queue
[2022-08-29T21:18:48.257-0400] {logging_mixin.py:115} INFO - [2022-08-29T21:18:48.257-0400] {dagbag.py:508} INFO - Filling up the DagBag from /Users/jl/Documents/Repos/GHC-2022-data-engineering-workshop/venv/lib/python3.8/site-packages/airflow/example_dags/example_kubernetes_executor.py
[2022-08-29T21:18:48.289-0400] {logging_mixin.py:115} INFO - [2022-08-29T21:18:48.289-0400] {example_kubernetes_executor.py:39} WARNING - The example_kubernetes_executor example DAG requires the kubernetes provider. Please install it with: pip install apache-airflow[cncf.kubernetes]
[2022-08-29T21:18:48.290-0400] {processor.py:652} WARNING - No viable dags retrieved from /Users/jl/Documents/Repos/GHC-2022-data-engineering-workshop/venv/lib/python3.8/site-packages/airflow/example_dags/example_kubernetes_executor.py
[2022-08-29T21:18:48.343-0400] {processor.py:161} INFO - Processing /Users/jl/Documents/Repos/GHC-2022-data-engineering-workshop/venv/lib/python3.8/site-packages/airflow/example_dags/example_kubernetes_executor.py took 0.097 seconds
[2022-08-29T21:20:25.555-0400] {processor.py:153} INFO - Started process (PID=18913) to work on /Users/jl/Documents/Repos/GHC-2022-data-engineering-workshop/venv/lib/python3.8/site-packages/airflow/example_dags/example_kubernetes_executor.py
[2022-08-29T21:20:25.564-0400] {processor.py:640} INFO - Processing file /Users/jl/Documents/Repos/GHC-2022-data-engineering-workshop/venv/lib/python3.8/site-packages/airflow/example_dags/example_kubernetes_executor.py for tasks to queue
[2022-08-29T21:20:25.564-0400] {logging_mixin.py:115} INFO - [2022-08-29T21:20:25.564-0400] {dagbag.py:508} INFO - Filling up the DagBag from /Users/jl/Documents/Repos/GHC-2022-data-engineering-workshop/venv/lib/python3.8/site-packages/airflow/example_dags/example_kubernetes_executor.py
[2022-08-29T21:20:25.592-0400] {logging_mixin.py:115} INFO - [2022-08-29T21:20:25.592-0400] {example_kubernetes_executor.py:39} WARNING - The example_kubernetes_executor example DAG requires the kubernetes provider. Please install it with: pip install apache-airflow[cncf.kubernetes]
[2022-08-29T21:20:25.592-0400] {processor.py:652} WARNING - No viable dags retrieved from /Users/jl/Documents/Repos/GHC-2022-data-engineering-workshop/venv/lib/python3.8/site-packages/airflow/example_dags/example_kubernetes_executor.py
[2022-08-29T21:20:25.642-0400] {processor.py:161} INFO - Processing /Users/jl/Documents/Repos/GHC-2022-data-engineering-workshop/venv/lib/python3.8/site-packages/airflow/example_dags/example_kubernetes_executor.py took 0.088 seconds
[2022-08-29T21:22:01.151-0400] {processor.py:153} INFO - Started process (PID=19000) to work on /Users/jl/Documents/Repos/GHC-2022-data-engineering-workshop/venv/lib/python3.8/site-packages/airflow/example_dags/example_kubernetes_executor.py
[2022-08-29T21:22:01.159-0400] {processor.py:640} INFO - Processing file /Users/jl/Documents/Repos/GHC-2022-data-engineering-workshop/venv/lib/python3.8/site-packages/airflow/example_dags/example_kubernetes_executor.py for tasks to queue
[2022-08-29T21:22:01.160-0400] {logging_mixin.py:115} INFO - [2022-08-29T21:22:01.160-0400] {dagbag.py:508} INFO - Filling up the DagBag from /Users/jl/Documents/Repos/GHC-2022-data-engineering-workshop/venv/lib/python3.8/site-packages/airflow/example_dags/example_kubernetes_executor.py
[2022-08-29T21:22:01.189-0400] {logging_mixin.py:115} INFO - [2022-08-29T21:22:01.188-0400] {example_kubernetes_executor.py:39} WARNING - The example_kubernetes_executor example DAG requires the kubernetes provider. Please install it with: pip install apache-airflow[cncf.kubernetes]
[2022-08-29T21:22:01.189-0400] {processor.py:652} WARNING - No viable dags retrieved from /Users/jl/Documents/Repos/GHC-2022-data-engineering-workshop/venv/lib/python3.8/site-packages/airflow/example_dags/example_kubernetes_executor.py
[2022-08-29T21:22:01.240-0400] {processor.py:161} INFO - Processing /Users/jl/Documents/Repos/GHC-2022-data-engineering-workshop/venv/lib/python3.8/site-packages/airflow/example_dags/example_kubernetes_executor.py took 0.089 seconds
[2022-08-29T21:23:38.717-0400] {processor.py:153} INFO - Started process (PID=19089) to work on /Users/jl/Documents/Repos/GHC-2022-data-engineering-workshop/venv/lib/python3.8/site-packages/airflow/example_dags/example_kubernetes_executor.py
[2022-08-29T21:23:38.725-0400] {processor.py:640} INFO - Processing file /Users/jl/Documents/Repos/GHC-2022-data-engineering-workshop/venv/lib/python3.8/site-packages/airflow/example_dags/example_kubernetes_executor.py for tasks to queue
[2022-08-29T21:23:38.726-0400] {logging_mixin.py:115} INFO - [2022-08-29T21:23:38.725-0400] {dagbag.py:508} INFO - Filling up the DagBag from /Users/jl/Documents/Repos/GHC-2022-data-engineering-workshop/venv/lib/python3.8/site-packages/airflow/example_dags/example_kubernetes_executor.py
[2022-08-29T21:23:38.753-0400] {logging_mixin.py:115} INFO - [2022-08-29T21:23:38.753-0400] {example_kubernetes_executor.py:39} WARNING - The example_kubernetes_executor example DAG requires the kubernetes provider. Please install it with: pip install apache-airflow[cncf.kubernetes]
[2022-08-29T21:23:38.754-0400] {processor.py:652} WARNING - No viable dags retrieved from /Users/jl/Documents/Repos/GHC-2022-data-engineering-workshop/venv/lib/python3.8/site-packages/airflow/example_dags/example_kubernetes_executor.py
[2022-08-29T21:23:38.805-0400] {processor.py:161} INFO - Processing /Users/jl/Documents/Repos/GHC-2022-data-engineering-workshop/venv/lib/python3.8/site-packages/airflow/example_dags/example_kubernetes_executor.py took 0.089 seconds
[2022-08-29T21:25:16.343-0400] {processor.py:153} INFO - Started process (PID=19176) to work on /Users/jl/Documents/Repos/GHC-2022-data-engineering-workshop/venv/lib/python3.8/site-packages/airflow/example_dags/example_kubernetes_executor.py
[2022-08-29T21:25:16.351-0400] {processor.py:640} INFO - Processing file /Users/jl/Documents/Repos/GHC-2022-data-engineering-workshop/venv/lib/python3.8/site-packages/airflow/example_dags/example_kubernetes_executor.py for tasks to queue
[2022-08-29T21:25:16.352-0400] {logging_mixin.py:115} INFO - [2022-08-29T21:25:16.352-0400] {dagbag.py:508} INFO - Filling up the DagBag from /Users/jl/Documents/Repos/GHC-2022-data-engineering-workshop/venv/lib/python3.8/site-packages/airflow/example_dags/example_kubernetes_executor.py
[2022-08-29T21:25:16.380-0400] {logging_mixin.py:115} INFO - [2022-08-29T21:25:16.380-0400] {example_kubernetes_executor.py:39} WARNING - The example_kubernetes_executor example DAG requires the kubernetes provider. Please install it with: pip install apache-airflow[cncf.kubernetes]
[2022-08-29T21:25:16.380-0400] {processor.py:652} WARNING - No viable dags retrieved from /Users/jl/Documents/Repos/GHC-2022-data-engineering-workshop/venv/lib/python3.8/site-packages/airflow/example_dags/example_kubernetes_executor.py
[2022-08-29T21:25:16.430-0400] {processor.py:161} INFO - Processing /Users/jl/Documents/Repos/GHC-2022-data-engineering-workshop/venv/lib/python3.8/site-packages/airflow/example_dags/example_kubernetes_executor.py took 0.088 seconds
[2022-08-29T21:26:47.840-0400] {processor.py:153} INFO - Started process (PID=19259) to work on /Users/jl/Documents/Repos/GHC-2022-data-engineering-workshop/venv/lib/python3.8/site-packages/airflow/example_dags/example_kubernetes_executor.py
[2022-08-29T21:26:47.849-0400] {processor.py:640} INFO - Processing file /Users/jl/Documents/Repos/GHC-2022-data-engineering-workshop/venv/lib/python3.8/site-packages/airflow/example_dags/example_kubernetes_executor.py for tasks to queue
[2022-08-29T21:26:47.850-0400] {logging_mixin.py:115} INFO - [2022-08-29T21:26:47.850-0400] {dagbag.py:508} INFO - Filling up the DagBag from /Users/jl/Documents/Repos/GHC-2022-data-engineering-workshop/venv/lib/python3.8/site-packages/airflow/example_dags/example_kubernetes_executor.py
[2022-08-29T21:26:47.881-0400] {logging_mixin.py:115} INFO - [2022-08-29T21:26:47.881-0400] {example_kubernetes_executor.py:39} WARNING - The example_kubernetes_executor example DAG requires the kubernetes provider. Please install it with: pip install apache-airflow[cncf.kubernetes]
[2022-08-29T21:26:47.881-0400] {processor.py:652} WARNING - No viable dags retrieved from /Users/jl/Documents/Repos/GHC-2022-data-engineering-workshop/venv/lib/python3.8/site-packages/airflow/example_dags/example_kubernetes_executor.py
[2022-08-29T21:26:47.931-0400] {processor.py:161} INFO - Processing /Users/jl/Documents/Repos/GHC-2022-data-engineering-workshop/venv/lib/python3.8/site-packages/airflow/example_dags/example_kubernetes_executor.py took 0.093 seconds
[2022-08-29T21:28:30.018-0400] {processor.py:153} INFO - Started process (PID=19357) to work on /Users/jl/Documents/Repos/GHC-2022-data-engineering-workshop/venv/lib/python3.8/site-packages/airflow/example_dags/example_kubernetes_executor.py
[2022-08-29T21:28:30.028-0400] {processor.py:640} INFO - Processing file /Users/jl/Documents/Repos/GHC-2022-data-engineering-workshop/venv/lib/python3.8/site-packages/airflow/example_dags/example_kubernetes_executor.py for tasks to queue
[2022-08-29T21:28:30.028-0400] {logging_mixin.py:115} INFO - [2022-08-29T21:28:30.028-0400] {dagbag.py:508} INFO - Filling up the DagBag from /Users/jl/Documents/Repos/GHC-2022-data-engineering-workshop/venv/lib/python3.8/site-packages/airflow/example_dags/example_kubernetes_executor.py
[2022-08-29T21:28:30.056-0400] {logging_mixin.py:115} INFO - [2022-08-29T21:28:30.056-0400] {example_kubernetes_executor.py:39} WARNING - The example_kubernetes_executor example DAG requires the kubernetes provider. Please install it with: pip install apache-airflow[cncf.kubernetes]
[2022-08-29T21:28:30.057-0400] {processor.py:652} WARNING - No viable dags retrieved from /Users/jl/Documents/Repos/GHC-2022-data-engineering-workshop/venv/lib/python3.8/site-packages/airflow/example_dags/example_kubernetes_executor.py
[2022-08-29T21:28:30.105-0400] {processor.py:161} INFO - Processing /Users/jl/Documents/Repos/GHC-2022-data-engineering-workshop/venv/lib/python3.8/site-packages/airflow/example_dags/example_kubernetes_executor.py took 0.089 seconds
[2022-08-29T21:30:12.222-0400] {processor.py:153} INFO - Started process (PID=19445) to work on /Users/jl/Documents/Repos/GHC-2022-data-engineering-workshop/venv/lib/python3.8/site-packages/airflow/example_dags/example_kubernetes_executor.py
[2022-08-29T21:30:12.232-0400] {processor.py:640} INFO - Processing file /Users/jl/Documents/Repos/GHC-2022-data-engineering-workshop/venv/lib/python3.8/site-packages/airflow/example_dags/example_kubernetes_executor.py for tasks to queue
[2022-08-29T21:30:12.233-0400] {logging_mixin.py:115} INFO - [2022-08-29T21:30:12.233-0400] {dagbag.py:508} INFO - Filling up the DagBag from /Users/jl/Documents/Repos/GHC-2022-data-engineering-workshop/venv/lib/python3.8/site-packages/airflow/example_dags/example_kubernetes_executor.py
[2022-08-29T21:30:12.262-0400] {logging_mixin.py:115} INFO - [2022-08-29T21:30:12.262-0400] {example_kubernetes_executor.py:39} WARNING - The example_kubernetes_executor example DAG requires the kubernetes provider. Please install it with: pip install apache-airflow[cncf.kubernetes]
[2022-08-29T21:30:12.262-0400] {processor.py:652} WARNING - No viable dags retrieved from /Users/jl/Documents/Repos/GHC-2022-data-engineering-workshop/venv/lib/python3.8/site-packages/airflow/example_dags/example_kubernetes_executor.py
[2022-08-29T21:30:12.315-0400] {processor.py:161} INFO - Processing /Users/jl/Documents/Repos/GHC-2022-data-engineering-workshop/venv/lib/python3.8/site-packages/airflow/example_dags/example_kubernetes_executor.py took 0.095 seconds
[2022-08-29T21:32:10.341-0400] {processor.py:153} INFO - Started process (PID=19546) to work on /Users/jl/Documents/Repos/GHC-2022-data-engineering-workshop/venv/lib/python3.8/site-packages/airflow/example_dags/example_kubernetes_executor.py
[2022-08-29T21:32:10.351-0400] {processor.py:640} INFO - Processing file /Users/jl/Documents/Repos/GHC-2022-data-engineering-workshop/venv/lib/python3.8/site-packages/airflow/example_dags/example_kubernetes_executor.py for tasks to queue
[2022-08-29T21:32:10.353-0400] {logging_mixin.py:115} INFO - [2022-08-29T21:32:10.353-0400] {dagbag.py:508} INFO - Filling up the DagBag from /Users/jl/Documents/Repos/GHC-2022-data-engineering-workshop/venv/lib/python3.8/site-packages/airflow/example_dags/example_kubernetes_executor.py
[2022-08-29T21:32:10.385-0400] {logging_mixin.py:115} INFO - [2022-08-29T21:32:10.384-0400] {example_kubernetes_executor.py:39} WARNING - The example_kubernetes_executor example DAG requires the kubernetes provider. Please install it with: pip install apache-airflow[cncf.kubernetes]
[2022-08-29T21:32:10.385-0400] {processor.py:652} WARNING - No viable dags retrieved from /Users/jl/Documents/Repos/GHC-2022-data-engineering-workshop/venv/lib/python3.8/site-packages/airflow/example_dags/example_kubernetes_executor.py
[2022-08-29T21:32:10.438-0400] {processor.py:161} INFO - Processing /Users/jl/Documents/Repos/GHC-2022-data-engineering-workshop/venv/lib/python3.8/site-packages/airflow/example_dags/example_kubernetes_executor.py took 0.098 seconds
[2022-08-29T21:34:11.734-0400] {processor.py:153} INFO - Started process (PID=19647) to work on /Users/jl/Documents/Repos/GHC-2022-data-engineering-workshop/venv/lib/python3.8/site-packages/airflow/example_dags/example_kubernetes_executor.py
[2022-08-29T21:34:11.746-0400] {processor.py:640} INFO - Processing file /Users/jl/Documents/Repos/GHC-2022-data-engineering-workshop/venv/lib/python3.8/site-packages/airflow/example_dags/example_kubernetes_executor.py for tasks to queue
[2022-08-29T21:34:11.747-0400] {logging_mixin.py:115} INFO - [2022-08-29T21:34:11.746-0400] {dagbag.py:508} INFO - Filling up the DagBag from /Users/jl/Documents/Repos/GHC-2022-data-engineering-workshop/venv/lib/python3.8/site-packages/airflow/example_dags/example_kubernetes_executor.py
[2022-08-29T21:34:11.793-0400] {logging_mixin.py:115} INFO - [2022-08-29T21:34:11.792-0400] {example_kubernetes_executor.py:39} WARNING - The example_kubernetes_executor example DAG requires the kubernetes provider. Please install it with: pip install apache-airflow[cncf.kubernetes]
[2022-08-29T21:34:11.793-0400] {processor.py:652} WARNING - No viable dags retrieved from /Users/jl/Documents/Repos/GHC-2022-data-engineering-workshop/venv/lib/python3.8/site-packages/airflow/example_dags/example_kubernetes_executor.py
[2022-08-29T21:34:11.861-0400] {processor.py:161} INFO - Processing /Users/jl/Documents/Repos/GHC-2022-data-engineering-workshop/venv/lib/python3.8/site-packages/airflow/example_dags/example_kubernetes_executor.py took 0.128 seconds
[2022-08-29T21:37:06.124-0400] {processor.py:153} INFO - Started process (PID=19754) to work on /Users/jl/Documents/Repos/GHC-2022-data-engineering-workshop/venv/lib/python3.8/site-packages/airflow/example_dags/example_kubernetes_executor.py
[2022-08-29T21:37:06.141-0400] {processor.py:640} INFO - Processing file /Users/jl/Documents/Repos/GHC-2022-data-engineering-workshop/venv/lib/python3.8/site-packages/airflow/example_dags/example_kubernetes_executor.py for tasks to queue
[2022-08-29T21:37:06.141-0400] {logging_mixin.py:115} INFO - [2022-08-29T21:37:06.141-0400] {dagbag.py:508} INFO - Filling up the DagBag from /Users/jl/Documents/Repos/GHC-2022-data-engineering-workshop/venv/lib/python3.8/site-packages/airflow/example_dags/example_kubernetes_executor.py
[2022-08-29T21:37:06.186-0400] {logging_mixin.py:115} INFO - [2022-08-29T21:37:06.186-0400] {example_kubernetes_executor.py:39} WARNING - The example_kubernetes_executor example DAG requires the kubernetes provider. Please install it with: pip install apache-airflow[cncf.kubernetes]
[2022-08-29T21:37:06.186-0400] {processor.py:652} WARNING - No viable dags retrieved from /Users/jl/Documents/Repos/GHC-2022-data-engineering-workshop/venv/lib/python3.8/site-packages/airflow/example_dags/example_kubernetes_executor.py
[2022-08-29T21:37:06.272-0400] {processor.py:161} INFO - Processing /Users/jl/Documents/Repos/GHC-2022-data-engineering-workshop/venv/lib/python3.8/site-packages/airflow/example_dags/example_kubernetes_executor.py took 0.151 seconds
[2022-08-29T21:39:51.521-0400] {processor.py:153} INFO - Started process (PID=19861) to work on /Users/jl/Documents/Repos/GHC-2022-data-engineering-workshop/venv/lib/python3.8/site-packages/airflow/example_dags/example_kubernetes_executor.py
[2022-08-29T21:39:51.532-0400] {processor.py:640} INFO - Processing file /Users/jl/Documents/Repos/GHC-2022-data-engineering-workshop/venv/lib/python3.8/site-packages/airflow/example_dags/example_kubernetes_executor.py for tasks to queue
[2022-08-29T21:39:51.533-0400] {logging_mixin.py:115} INFO - [2022-08-29T21:39:51.533-0400] {dagbag.py:508} INFO - Filling up the DagBag from /Users/jl/Documents/Repos/GHC-2022-data-engineering-workshop/venv/lib/python3.8/site-packages/airflow/example_dags/example_kubernetes_executor.py
[2022-08-29T21:39:51.568-0400] {logging_mixin.py:115} INFO - [2022-08-29T21:39:51.568-0400] {example_kubernetes_executor.py:39} WARNING - The example_kubernetes_executor example DAG requires the kubernetes provider. Please install it with: pip install apache-airflow[cncf.kubernetes]
[2022-08-29T21:39:51.568-0400] {processor.py:652} WARNING - No viable dags retrieved from /Users/jl/Documents/Repos/GHC-2022-data-engineering-workshop/venv/lib/python3.8/site-packages/airflow/example_dags/example_kubernetes_executor.py
[2022-08-29T21:39:51.626-0400] {processor.py:161} INFO - Processing /Users/jl/Documents/Repos/GHC-2022-data-engineering-workshop/venv/lib/python3.8/site-packages/airflow/example_dags/example_kubernetes_executor.py took 0.106 seconds
[2022-08-29T21:42:25.708-0400] {processor.py:153} INFO - Started process (PID=19964) to work on /Users/jl/Documents/Repos/GHC-2022-data-engineering-workshop/venv/lib/python3.8/site-packages/airflow/example_dags/example_kubernetes_executor.py
[2022-08-29T21:42:25.721-0400] {processor.py:640} INFO - Processing file /Users/jl/Documents/Repos/GHC-2022-data-engineering-workshop/venv/lib/python3.8/site-packages/airflow/example_dags/example_kubernetes_executor.py for tasks to queue
[2022-08-29T21:42:25.722-0400] {logging_mixin.py:115} INFO - [2022-08-29T21:42:25.721-0400] {dagbag.py:508} INFO - Filling up the DagBag from /Users/jl/Documents/Repos/GHC-2022-data-engineering-workshop/venv/lib/python3.8/site-packages/airflow/example_dags/example_kubernetes_executor.py
[2022-08-29T21:42:25.764-0400] {logging_mixin.py:115} INFO - [2022-08-29T21:42:25.763-0400] {example_kubernetes_executor.py:39} WARNING - The example_kubernetes_executor example DAG requires the kubernetes provider. Please install it with: pip install apache-airflow[cncf.kubernetes]
[2022-08-29T21:42:25.764-0400] {processor.py:652} WARNING - No viable dags retrieved from /Users/jl/Documents/Repos/GHC-2022-data-engineering-workshop/venv/lib/python3.8/site-packages/airflow/example_dags/example_kubernetes_executor.py
[2022-08-29T21:42:25.833-0400] {processor.py:161} INFO - Processing /Users/jl/Documents/Repos/GHC-2022-data-engineering-workshop/venv/lib/python3.8/site-packages/airflow/example_dags/example_kubernetes_executor.py took 0.125 seconds
[2022-08-29T21:45:15.745-0400] {processor.py:153} INFO - Started process (PID=20087) to work on /Users/jl/Documents/Repos/GHC-2022-data-engineering-workshop/venv/lib/python3.8/site-packages/airflow/example_dags/example_kubernetes_executor.py
[2022-08-29T21:45:15.758-0400] {processor.py:640} INFO - Processing file /Users/jl/Documents/Repos/GHC-2022-data-engineering-workshop/venv/lib/python3.8/site-packages/airflow/example_dags/example_kubernetes_executor.py for tasks to queue
[2022-08-29T21:45:15.759-0400] {logging_mixin.py:115} INFO - [2022-08-29T21:45:15.759-0400] {dagbag.py:508} INFO - Filling up the DagBag from /Users/jl/Documents/Repos/GHC-2022-data-engineering-workshop/venv/lib/python3.8/site-packages/airflow/example_dags/example_kubernetes_executor.py
[2022-08-29T21:45:15.804-0400] {logging_mixin.py:115} INFO - [2022-08-29T21:45:15.804-0400] {example_kubernetes_executor.py:39} WARNING - The example_kubernetes_executor example DAG requires the kubernetes provider. Please install it with: pip install apache-airflow[cncf.kubernetes]
[2022-08-29T21:45:15.804-0400] {processor.py:652} WARNING - No viable dags retrieved from /Users/jl/Documents/Repos/GHC-2022-data-engineering-workshop/venv/lib/python3.8/site-packages/airflow/example_dags/example_kubernetes_executor.py
[2022-08-29T21:45:15.874-0400] {processor.py:161} INFO - Processing /Users/jl/Documents/Repos/GHC-2022-data-engineering-workshop/venv/lib/python3.8/site-packages/airflow/example_dags/example_kubernetes_executor.py took 0.131 seconds
[2022-08-29T21:47:45.354-0400] {processor.py:153} INFO - Started process (PID=20190) to work on /Users/jl/Documents/Repos/GHC-2022-data-engineering-workshop/venv/lib/python3.8/site-packages/airflow/example_dags/example_kubernetes_executor.py
[2022-08-29T21:47:45.367-0400] {processor.py:640} INFO - Processing file /Users/jl/Documents/Repos/GHC-2022-data-engineering-workshop/venv/lib/python3.8/site-packages/airflow/example_dags/example_kubernetes_executor.py for tasks to queue
[2022-08-29T21:47:45.368-0400] {logging_mixin.py:115} INFO - [2022-08-29T21:47:45.368-0400] {dagbag.py:508} INFO - Filling up the DagBag from /Users/jl/Documents/Repos/GHC-2022-data-engineering-workshop/venv/lib/python3.8/site-packages/airflow/example_dags/example_kubernetes_executor.py
[2022-08-29T21:47:45.404-0400] {logging_mixin.py:115} INFO - [2022-08-29T21:47:45.404-0400] {example_kubernetes_executor.py:39} WARNING - The example_kubernetes_executor example DAG requires the kubernetes provider. Please install it with: pip install apache-airflow[cncf.kubernetes]
[2022-08-29T21:47:45.405-0400] {processor.py:652} WARNING - No viable dags retrieved from /Users/jl/Documents/Repos/GHC-2022-data-engineering-workshop/venv/lib/python3.8/site-packages/airflow/example_dags/example_kubernetes_executor.py
[2022-08-29T21:47:45.475-0400] {processor.py:161} INFO - Processing /Users/jl/Documents/Repos/GHC-2022-data-engineering-workshop/venv/lib/python3.8/site-packages/airflow/example_dags/example_kubernetes_executor.py took 0.122 seconds
[2022-08-29T21:50:09.399-0400] {processor.py:153} INFO - Started process (PID=20292) to work on /Users/jl/Documents/Repos/GHC-2022-data-engineering-workshop/venv/lib/python3.8/site-packages/airflow/example_dags/example_kubernetes_executor.py
[2022-08-29T21:50:09.408-0400] {processor.py:640} INFO - Processing file /Users/jl/Documents/Repos/GHC-2022-data-engineering-workshop/venv/lib/python3.8/site-packages/airflow/example_dags/example_kubernetes_executor.py for tasks to queue
[2022-08-29T21:50:09.409-0400] {logging_mixin.py:115} INFO - [2022-08-29T21:50:09.409-0400] {dagbag.py:508} INFO - Filling up the DagBag from /Users/jl/Documents/Repos/GHC-2022-data-engineering-workshop/venv/lib/python3.8/site-packages/airflow/example_dags/example_kubernetes_executor.py
[2022-08-29T21:50:09.444-0400] {logging_mixin.py:115} INFO - [2022-08-29T21:50:09.444-0400] {example_kubernetes_executor.py:39} WARNING - The example_kubernetes_executor example DAG requires the kubernetes provider. Please install it with: pip install apache-airflow[cncf.kubernetes]
[2022-08-29T21:50:09.444-0400] {processor.py:652} WARNING - No viable dags retrieved from /Users/jl/Documents/Repos/GHC-2022-data-engineering-workshop/venv/lib/python3.8/site-packages/airflow/example_dags/example_kubernetes_executor.py
[2022-08-29T21:50:09.519-0400] {processor.py:161} INFO - Processing /Users/jl/Documents/Repos/GHC-2022-data-engineering-workshop/venv/lib/python3.8/site-packages/airflow/example_dags/example_kubernetes_executor.py took 0.121 seconds
[2022-08-29T21:52:37.877-0400] {processor.py:153} INFO - Started process (PID=20390) to work on /Users/jl/Documents/Repos/GHC-2022-data-engineering-workshop/venv/lib/python3.8/site-packages/airflow/example_dags/example_kubernetes_executor.py
[2022-08-29T21:52:37.891-0400] {processor.py:640} INFO - Processing file /Users/jl/Documents/Repos/GHC-2022-data-engineering-workshop/venv/lib/python3.8/site-packages/airflow/example_dags/example_kubernetes_executor.py for tasks to queue
[2022-08-29T21:52:37.892-0400] {logging_mixin.py:115} INFO - [2022-08-29T21:52:37.891-0400] {dagbag.py:508} INFO - Filling up the DagBag from /Users/jl/Documents/Repos/GHC-2022-data-engineering-workshop/venv/lib/python3.8/site-packages/airflow/example_dags/example_kubernetes_executor.py
[2022-08-29T21:52:37.940-0400] {logging_mixin.py:115} INFO - [2022-08-29T21:52:37.939-0400] {example_kubernetes_executor.py:39} WARNING - The example_kubernetes_executor example DAG requires the kubernetes provider. Please install it with: pip install apache-airflow[cncf.kubernetes]
[2022-08-29T21:52:37.942-0400] {processor.py:652} WARNING - No viable dags retrieved from /Users/jl/Documents/Repos/GHC-2022-data-engineering-workshop/venv/lib/python3.8/site-packages/airflow/example_dags/example_kubernetes_executor.py
[2022-08-29T21:52:38.026-0400] {processor.py:161} INFO - Processing /Users/jl/Documents/Repos/GHC-2022-data-engineering-workshop/venv/lib/python3.8/site-packages/airflow/example_dags/example_kubernetes_executor.py took 0.151 seconds
