[2022-08-29T20:00:48.924-0400] {processor.py:153} INFO - Started process (PID=14389) to work on /Users/jl/Documents/Repos/GHC-2022-data-engineering-workshop/venv/lib/python3.8/site-packages/airflow/example_dags/example_task_group_decorator.py
[2022-08-29T20:00:48.932-0400] {processor.py:640} INFO - Processing file /Users/jl/Documents/Repos/GHC-2022-data-engineering-workshop/venv/lib/python3.8/site-packages/airflow/example_dags/example_task_group_decorator.py for tasks to queue
[2022-08-29T20:00:48.933-0400] {logging_mixin.py:115} INFO - [2022-08-29T20:00:48.933-0400] {dagbag.py:508} INFO - Filling up the DagBag from /Users/jl/Documents/Repos/GHC-2022-data-engineering-workshop/venv/lib/python3.8/site-packages/airflow/example_dags/example_task_group_decorator.py
[2022-08-29T20:00:48.985-0400] {processor.py:650} INFO - DAG(s) dict_keys(['example_task_group_decorator']) retrieved from /Users/jl/Documents/Repos/GHC-2022-data-engineering-workshop/venv/lib/python3.8/site-packages/airflow/example_dags/example_task_group_decorator.py
[2022-08-29T20:00:49.709-0400] {logging_mixin.py:115} INFO - [2022-08-29T20:00:49.708-0400] {dag.py:2429} INFO - Sync 1 DAGs
[2022-08-29T20:00:49.727-0400] {logging_mixin.py:115} INFO - [2022-08-29T20:00:49.727-0400] {dag.py:2977} INFO - Setting next_dagrun for example_task_group_decorator to 2022-08-29T00:00:49.727415+00:00, run_after=2022-08-30T00:00:49.727415+00:00
[2022-08-29T20:00:49.744-0400] {processor.py:161} INFO - Processing /Users/jl/Documents/Repos/GHC-2022-data-engineering-workshop/venv/lib/python3.8/site-packages/airflow/example_dags/example_task_group_decorator.py took 0.821 seconds
[2022-08-29T20:02:17.768-0400] {processor.py:153} INFO - Started process (PID=14472) to work on /Users/jl/Documents/Repos/GHC-2022-data-engineering-workshop/venv/lib/python3.8/site-packages/airflow/example_dags/example_task_group_decorator.py
[2022-08-29T20:02:17.776-0400] {processor.py:640} INFO - Processing file /Users/jl/Documents/Repos/GHC-2022-data-engineering-workshop/venv/lib/python3.8/site-packages/airflow/example_dags/example_task_group_decorator.py for tasks to queue
[2022-08-29T20:02:17.777-0400] {logging_mixin.py:115} INFO - [2022-08-29T20:02:17.777-0400] {dagbag.py:508} INFO - Filling up the DagBag from /Users/jl/Documents/Repos/GHC-2022-data-engineering-workshop/venv/lib/python3.8/site-packages/airflow/example_dags/example_task_group_decorator.py
[2022-08-29T20:02:17.826-0400] {processor.py:650} INFO - DAG(s) dict_keys(['example_task_group_decorator']) retrieved from /Users/jl/Documents/Repos/GHC-2022-data-engineering-workshop/venv/lib/python3.8/site-packages/airflow/example_dags/example_task_group_decorator.py
[2022-08-29T20:02:18.540-0400] {logging_mixin.py:115} INFO - [2022-08-29T20:02:18.540-0400] {dag.py:2429} INFO - Sync 1 DAGs
[2022-08-29T20:02:18.559-0400] {logging_mixin.py:115} INFO - [2022-08-29T20:02:18.558-0400] {dag.py:2977} INFO - Setting next_dagrun for example_task_group_decorator to 2022-08-29T00:02:18.558803+00:00, run_after=2022-08-30T00:02:18.558803+00:00
[2022-08-29T20:02:18.575-0400] {processor.py:161} INFO - Processing /Users/jl/Documents/Repos/GHC-2022-data-engineering-workshop/venv/lib/python3.8/site-packages/airflow/example_dags/example_task_group_decorator.py took 0.808 seconds
[2022-08-29T20:03:41.824-0400] {processor.py:153} INFO - Started process (PID=14553) to work on /Users/jl/Documents/Repos/GHC-2022-data-engineering-workshop/venv/lib/python3.8/site-packages/airflow/example_dags/example_task_group_decorator.py
[2022-08-29T20:03:41.832-0400] {processor.py:640} INFO - Processing file /Users/jl/Documents/Repos/GHC-2022-data-engineering-workshop/venv/lib/python3.8/site-packages/airflow/example_dags/example_task_group_decorator.py for tasks to queue
[2022-08-29T20:03:41.833-0400] {logging_mixin.py:115} INFO - [2022-08-29T20:03:41.833-0400] {dagbag.py:508} INFO - Filling up the DagBag from /Users/jl/Documents/Repos/GHC-2022-data-engineering-workshop/venv/lib/python3.8/site-packages/airflow/example_dags/example_task_group_decorator.py
[2022-08-29T20:03:41.882-0400] {processor.py:650} INFO - DAG(s) dict_keys(['example_task_group_decorator']) retrieved from /Users/jl/Documents/Repos/GHC-2022-data-engineering-workshop/venv/lib/python3.8/site-packages/airflow/example_dags/example_task_group_decorator.py
[2022-08-29T20:03:42.602-0400] {logging_mixin.py:115} INFO - [2022-08-29T20:03:42.602-0400] {dag.py:2429} INFO - Sync 1 DAGs
[2022-08-29T20:03:42.620-0400] {logging_mixin.py:115} INFO - [2022-08-29T20:03:42.620-0400] {dag.py:2977} INFO - Setting next_dagrun for example_task_group_decorator to 2022-08-29T00:03:42.620559+00:00, run_after=2022-08-30T00:03:42.620559+00:00
[2022-08-29T20:03:42.637-0400] {processor.py:161} INFO - Processing /Users/jl/Documents/Repos/GHC-2022-data-engineering-workshop/venv/lib/python3.8/site-packages/airflow/example_dags/example_task_group_decorator.py took 0.814 seconds
[2022-08-29T20:05:09.554-0400] {processor.py:153} INFO - Started process (PID=14633) to work on /Users/jl/Documents/Repos/GHC-2022-data-engineering-workshop/venv/lib/python3.8/site-packages/airflow/example_dags/example_task_group_decorator.py
[2022-08-29T20:05:09.563-0400] {processor.py:640} INFO - Processing file /Users/jl/Documents/Repos/GHC-2022-data-engineering-workshop/venv/lib/python3.8/site-packages/airflow/example_dags/example_task_group_decorator.py for tasks to queue
[2022-08-29T20:05:09.563-0400] {logging_mixin.py:115} INFO - [2022-08-29T20:05:09.563-0400] {dagbag.py:508} INFO - Filling up the DagBag from /Users/jl/Documents/Repos/GHC-2022-data-engineering-workshop/venv/lib/python3.8/site-packages/airflow/example_dags/example_task_group_decorator.py
[2022-08-29T20:05:09.613-0400] {processor.py:650} INFO - DAG(s) dict_keys(['example_task_group_decorator']) retrieved from /Users/jl/Documents/Repos/GHC-2022-data-engineering-workshop/venv/lib/python3.8/site-packages/airflow/example_dags/example_task_group_decorator.py
[2022-08-29T20:05:10.330-0400] {logging_mixin.py:115} INFO - [2022-08-29T20:05:10.330-0400] {dag.py:2429} INFO - Sync 1 DAGs
[2022-08-29T20:05:10.349-0400] {logging_mixin.py:115} INFO - [2022-08-29T20:05:10.348-0400] {dag.py:2977} INFO - Setting next_dagrun for example_task_group_decorator to 2022-08-29T00:05:10.348613+00:00, run_after=2022-08-30T00:05:10.348613+00:00
[2022-08-29T20:05:10.364-0400] {processor.py:161} INFO - Processing /Users/jl/Documents/Repos/GHC-2022-data-engineering-workshop/venv/lib/python3.8/site-packages/airflow/example_dags/example_task_group_decorator.py took 0.811 seconds
[2022-08-29T20:06:36.803-0400] {processor.py:153} INFO - Started process (PID=14714) to work on /Users/jl/Documents/Repos/GHC-2022-data-engineering-workshop/venv/lib/python3.8/site-packages/airflow/example_dags/example_task_group_decorator.py
[2022-08-29T20:06:36.812-0400] {processor.py:640} INFO - Processing file /Users/jl/Documents/Repos/GHC-2022-data-engineering-workshop/venv/lib/python3.8/site-packages/airflow/example_dags/example_task_group_decorator.py for tasks to queue
[2022-08-29T20:06:36.812-0400] {logging_mixin.py:115} INFO - [2022-08-29T20:06:36.812-0400] {dagbag.py:508} INFO - Filling up the DagBag from /Users/jl/Documents/Repos/GHC-2022-data-engineering-workshop/venv/lib/python3.8/site-packages/airflow/example_dags/example_task_group_decorator.py
[2022-08-29T20:06:36.861-0400] {processor.py:650} INFO - DAG(s) dict_keys(['example_task_group_decorator']) retrieved from /Users/jl/Documents/Repos/GHC-2022-data-engineering-workshop/venv/lib/python3.8/site-packages/airflow/example_dags/example_task_group_decorator.py
[2022-08-29T20:06:37.576-0400] {logging_mixin.py:115} INFO - [2022-08-29T20:06:37.576-0400] {dag.py:2429} INFO - Sync 1 DAGs
[2022-08-29T20:06:37.594-0400] {logging_mixin.py:115} INFO - [2022-08-29T20:06:37.594-0400] {dag.py:2977} INFO - Setting next_dagrun for example_task_group_decorator to 2022-08-29T00:06:37.594610+00:00, run_after=2022-08-30T00:06:37.594610+00:00
[2022-08-29T20:06:37.611-0400] {processor.py:161} INFO - Processing /Users/jl/Documents/Repos/GHC-2022-data-engineering-workshop/venv/lib/python3.8/site-packages/airflow/example_dags/example_task_group_decorator.py took 0.808 seconds
[2022-08-29T20:08:02.328-0400] {processor.py:153} INFO - Started process (PID=14796) to work on /Users/jl/Documents/Repos/GHC-2022-data-engineering-workshop/venv/lib/python3.8/site-packages/airflow/example_dags/example_task_group_decorator.py
[2022-08-29T20:08:02.336-0400] {processor.py:640} INFO - Processing file /Users/jl/Documents/Repos/GHC-2022-data-engineering-workshop/venv/lib/python3.8/site-packages/airflow/example_dags/example_task_group_decorator.py for tasks to queue
[2022-08-29T20:08:02.336-0400] {logging_mixin.py:115} INFO - [2022-08-29T20:08:02.336-0400] {dagbag.py:508} INFO - Filling up the DagBag from /Users/jl/Documents/Repos/GHC-2022-data-engineering-workshop/venv/lib/python3.8/site-packages/airflow/example_dags/example_task_group_decorator.py
[2022-08-29T20:08:02.388-0400] {processor.py:650} INFO - DAG(s) dict_keys(['example_task_group_decorator']) retrieved from /Users/jl/Documents/Repos/GHC-2022-data-engineering-workshop/venv/lib/python3.8/site-packages/airflow/example_dags/example_task_group_decorator.py
[2022-08-29T20:08:03.112-0400] {logging_mixin.py:115} INFO - [2022-08-29T20:08:03.112-0400] {dag.py:2429} INFO - Sync 1 DAGs
[2022-08-29T20:08:03.131-0400] {logging_mixin.py:115} INFO - [2022-08-29T20:08:03.131-0400] {dag.py:2977} INFO - Setting next_dagrun for example_task_group_decorator to 2022-08-29T00:08:03.130870+00:00, run_after=2022-08-30T00:08:03.130870+00:00
[2022-08-29T20:08:03.153-0400] {processor.py:161} INFO - Processing /Users/jl/Documents/Repos/GHC-2022-data-engineering-workshop/venv/lib/python3.8/site-packages/airflow/example_dags/example_task_group_decorator.py took 0.826 seconds
[2022-08-29T20:09:31.843-0400] {processor.py:153} INFO - Started process (PID=14878) to work on /Users/jl/Documents/Repos/GHC-2022-data-engineering-workshop/venv/lib/python3.8/site-packages/airflow/example_dags/example_task_group_decorator.py
[2022-08-29T20:09:31.853-0400] {processor.py:640} INFO - Processing file /Users/jl/Documents/Repos/GHC-2022-data-engineering-workshop/venv/lib/python3.8/site-packages/airflow/example_dags/example_task_group_decorator.py for tasks to queue
[2022-08-29T20:09:31.854-0400] {logging_mixin.py:115} INFO - [2022-08-29T20:09:31.854-0400] {dagbag.py:508} INFO - Filling up the DagBag from /Users/jl/Documents/Repos/GHC-2022-data-engineering-workshop/venv/lib/python3.8/site-packages/airflow/example_dags/example_task_group_decorator.py
[2022-08-29T20:09:31.906-0400] {processor.py:650} INFO - DAG(s) dict_keys(['example_task_group_decorator']) retrieved from /Users/jl/Documents/Repos/GHC-2022-data-engineering-workshop/venv/lib/python3.8/site-packages/airflow/example_dags/example_task_group_decorator.py
[2022-08-29T20:09:32.624-0400] {logging_mixin.py:115} INFO - [2022-08-29T20:09:32.624-0400] {dag.py:2429} INFO - Sync 1 DAGs
[2022-08-29T20:09:32.643-0400] {logging_mixin.py:115} INFO - [2022-08-29T20:09:32.643-0400] {dag.py:2977} INFO - Setting next_dagrun for example_task_group_decorator to 2022-08-29T00:09:32.643331+00:00, run_after=2022-08-30T00:09:32.643331+00:00
[2022-08-29T20:09:32.659-0400] {processor.py:161} INFO - Processing /Users/jl/Documents/Repos/GHC-2022-data-engineering-workshop/venv/lib/python3.8/site-packages/airflow/example_dags/example_task_group_decorator.py took 0.816 seconds
[2022-08-29T20:11:10.362-0400] {processor.py:153} INFO - Started process (PID=14968) to work on /Users/jl/Documents/Repos/GHC-2022-data-engineering-workshop/venv/lib/python3.8/site-packages/airflow/example_dags/example_task_group_decorator.py
[2022-08-29T20:11:10.372-0400] {processor.py:640} INFO - Processing file /Users/jl/Documents/Repos/GHC-2022-data-engineering-workshop/venv/lib/python3.8/site-packages/airflow/example_dags/example_task_group_decorator.py for tasks to queue
[2022-08-29T20:11:10.373-0400] {logging_mixin.py:115} INFO - [2022-08-29T20:11:10.373-0400] {dagbag.py:508} INFO - Filling up the DagBag from /Users/jl/Documents/Repos/GHC-2022-data-engineering-workshop/venv/lib/python3.8/site-packages/airflow/example_dags/example_task_group_decorator.py
[2022-08-29T20:11:10.424-0400] {processor.py:650} INFO - DAG(s) dict_keys(['example_task_group_decorator']) retrieved from /Users/jl/Documents/Repos/GHC-2022-data-engineering-workshop/venv/lib/python3.8/site-packages/airflow/example_dags/example_task_group_decorator.py
[2022-08-29T20:11:11.141-0400] {logging_mixin.py:115} INFO - [2022-08-29T20:11:11.140-0400] {dag.py:2429} INFO - Sync 1 DAGs
[2022-08-29T20:11:11.160-0400] {logging_mixin.py:115} INFO - [2022-08-29T20:11:11.159-0400] {dag.py:2977} INFO - Setting next_dagrun for example_task_group_decorator to 2022-08-29T00:11:11.159702+00:00, run_after=2022-08-30T00:11:11.159702+00:00
[2022-08-29T20:11:11.175-0400] {processor.py:161} INFO - Processing /Users/jl/Documents/Repos/GHC-2022-data-engineering-workshop/venv/lib/python3.8/site-packages/airflow/example_dags/example_task_group_decorator.py took 0.814 seconds
[2022-08-29T20:12:40.726-0400] {processor.py:153} INFO - Started process (PID=15053) to work on /Users/jl/Documents/Repos/GHC-2022-data-engineering-workshop/venv/lib/python3.8/site-packages/airflow/example_dags/example_task_group_decorator.py
[2022-08-29T20:12:40.734-0400] {processor.py:640} INFO - Processing file /Users/jl/Documents/Repos/GHC-2022-data-engineering-workshop/venv/lib/python3.8/site-packages/airflow/example_dags/example_task_group_decorator.py for tasks to queue
[2022-08-29T20:12:40.735-0400] {logging_mixin.py:115} INFO - [2022-08-29T20:12:40.734-0400] {dagbag.py:508} INFO - Filling up the DagBag from /Users/jl/Documents/Repos/GHC-2022-data-engineering-workshop/venv/lib/python3.8/site-packages/airflow/example_dags/example_task_group_decorator.py
[2022-08-29T20:12:40.783-0400] {processor.py:650} INFO - DAG(s) dict_keys(['example_task_group_decorator']) retrieved from /Users/jl/Documents/Repos/GHC-2022-data-engineering-workshop/venv/lib/python3.8/site-packages/airflow/example_dags/example_task_group_decorator.py
[2022-08-29T20:12:41.499-0400] {logging_mixin.py:115} INFO - [2022-08-29T20:12:41.498-0400] {dag.py:2429} INFO - Sync 1 DAGs
[2022-08-29T20:12:41.517-0400] {logging_mixin.py:115} INFO - [2022-08-29T20:12:41.517-0400] {dag.py:2977} INFO - Setting next_dagrun for example_task_group_decorator to 2022-08-29T00:12:41.517255+00:00, run_after=2022-08-30T00:12:41.517255+00:00
[2022-08-29T20:12:41.534-0400] {processor.py:161} INFO - Processing /Users/jl/Documents/Repos/GHC-2022-data-engineering-workshop/venv/lib/python3.8/site-packages/airflow/example_dags/example_task_group_decorator.py took 0.809 seconds
[2022-08-29T20:14:09.190-0400] {processor.py:153} INFO - Started process (PID=15134) to work on /Users/jl/Documents/Repos/GHC-2022-data-engineering-workshop/venv/lib/python3.8/site-packages/airflow/example_dags/example_task_group_decorator.py
[2022-08-29T20:14:09.198-0400] {processor.py:640} INFO - Processing file /Users/jl/Documents/Repos/GHC-2022-data-engineering-workshop/venv/lib/python3.8/site-packages/airflow/example_dags/example_task_group_decorator.py for tasks to queue
[2022-08-29T20:14:09.199-0400] {logging_mixin.py:115} INFO - [2022-08-29T20:14:09.199-0400] {dagbag.py:508} INFO - Filling up the DagBag from /Users/jl/Documents/Repos/GHC-2022-data-engineering-workshop/venv/lib/python3.8/site-packages/airflow/example_dags/example_task_group_decorator.py
[2022-08-29T20:14:09.249-0400] {processor.py:650} INFO - DAG(s) dict_keys(['example_task_group_decorator']) retrieved from /Users/jl/Documents/Repos/GHC-2022-data-engineering-workshop/venv/lib/python3.8/site-packages/airflow/example_dags/example_task_group_decorator.py
[2022-08-29T20:14:09.975-0400] {logging_mixin.py:115} INFO - [2022-08-29T20:14:09.975-0400] {dag.py:2429} INFO - Sync 1 DAGs
[2022-08-29T20:14:09.994-0400] {logging_mixin.py:115} INFO - [2022-08-29T20:14:09.993-0400] {dag.py:2977} INFO - Setting next_dagrun for example_task_group_decorator to 2022-08-29T00:14:09.993763+00:00, run_after=2022-08-30T00:14:09.993763+00:00
[2022-08-29T20:14:10.009-0400] {processor.py:161} INFO - Processing /Users/jl/Documents/Repos/GHC-2022-data-engineering-workshop/venv/lib/python3.8/site-packages/airflow/example_dags/example_task_group_decorator.py took 0.820 seconds
[2022-08-29T20:15:48.426-0400] {processor.py:153} INFO - Started process (PID=15252) to work on /Users/jl/Documents/Repos/GHC-2022-data-engineering-workshop/venv/lib/python3.8/site-packages/airflow/example_dags/example_task_group_decorator.py
[2022-08-29T20:15:48.439-0400] {processor.py:640} INFO - Processing file /Users/jl/Documents/Repos/GHC-2022-data-engineering-workshop/venv/lib/python3.8/site-packages/airflow/example_dags/example_task_group_decorator.py for tasks to queue
[2022-08-29T20:15:48.440-0400] {logging_mixin.py:115} INFO - [2022-08-29T20:15:48.440-0400] {dagbag.py:508} INFO - Filling up the DagBag from /Users/jl/Documents/Repos/GHC-2022-data-engineering-workshop/venv/lib/python3.8/site-packages/airflow/example_dags/example_task_group_decorator.py
[2022-08-29T20:15:48.604-0400] {processor.py:650} INFO - DAG(s) dict_keys(['example_task_group_decorator']) retrieved from /Users/jl/Documents/Repos/GHC-2022-data-engineering-workshop/venv/lib/python3.8/site-packages/airflow/example_dags/example_task_group_decorator.py
[2022-08-29T20:15:49.358-0400] {logging_mixin.py:115} INFO - [2022-08-29T20:15:49.358-0400] {dag.py:2429} INFO - Sync 1 DAGs
[2022-08-29T20:15:49.377-0400] {logging_mixin.py:115} INFO - [2022-08-29T20:15:49.376-0400] {dag.py:2977} INFO - Setting next_dagrun for example_task_group_decorator to 2022-08-29T00:15:49.376715+00:00, run_after=2022-08-30T00:15:49.376715+00:00
[2022-08-29T20:15:49.394-0400] {processor.py:161} INFO - Processing /Users/jl/Documents/Repos/GHC-2022-data-engineering-workshop/venv/lib/python3.8/site-packages/airflow/example_dags/example_task_group_decorator.py took 0.969 seconds
[2022-08-29T20:17:40.770-0400] {processor.py:153} INFO - Started process (PID=15364) to work on /Users/jl/Documents/Repos/GHC-2022-data-engineering-workshop/venv/lib/python3.8/site-packages/airflow/example_dags/example_task_group_decorator.py
[2022-08-29T20:17:40.786-0400] {processor.py:640} INFO - Processing file /Users/jl/Documents/Repos/GHC-2022-data-engineering-workshop/venv/lib/python3.8/site-packages/airflow/example_dags/example_task_group_decorator.py for tasks to queue
[2022-08-29T20:17:40.787-0400] {logging_mixin.py:115} INFO - [2022-08-29T20:17:40.787-0400] {dagbag.py:508} INFO - Filling up the DagBag from /Users/jl/Documents/Repos/GHC-2022-data-engineering-workshop/venv/lib/python3.8/site-packages/airflow/example_dags/example_task_group_decorator.py
[2022-08-29T20:17:40.898-0400] {processor.py:650} INFO - DAG(s) dict_keys(['example_task_group_decorator']) retrieved from /Users/jl/Documents/Repos/GHC-2022-data-engineering-workshop/venv/lib/python3.8/site-packages/airflow/example_dags/example_task_group_decorator.py
[2022-08-29T20:17:42.142-0400] {logging_mixin.py:115} INFO - [2022-08-29T20:17:42.142-0400] {dag.py:2429} INFO - Sync 1 DAGs
[2022-08-29T20:17:42.162-0400] {logging_mixin.py:115} INFO - [2022-08-29T20:17:42.162-0400] {dag.py:2977} INFO - Setting next_dagrun for example_task_group_decorator to 2022-08-29T00:17:42.162214+00:00, run_after=2022-08-30T00:17:42.162214+00:00
[2022-08-29T20:17:42.178-0400] {processor.py:161} INFO - Processing /Users/jl/Documents/Repos/GHC-2022-data-engineering-workshop/venv/lib/python3.8/site-packages/airflow/example_dags/example_task_group_decorator.py took 1.409 seconds
[2022-08-29T20:18:40.909-0400] {processor.py:153} INFO - Started process (PID=15424) to work on /Users/jl/Documents/Repos/GHC-2022-data-engineering-workshop/venv/lib/python3.8/site-packages/airflow/example_dags/example_task_group_decorator.py
[2022-08-29T20:18:40.918-0400] {processor.py:640} INFO - Processing file /Users/jl/Documents/Repos/GHC-2022-data-engineering-workshop/venv/lib/python3.8/site-packages/airflow/example_dags/example_task_group_decorator.py for tasks to queue
[2022-08-29T20:18:40.918-0400] {logging_mixin.py:115} INFO - [2022-08-29T20:18:40.918-0400] {dagbag.py:508} INFO - Filling up the DagBag from /Users/jl/Documents/Repos/GHC-2022-data-engineering-workshop/venv/lib/python3.8/site-packages/airflow/example_dags/example_task_group_decorator.py
[2022-08-29T20:18:40.967-0400] {processor.py:650} INFO - DAG(s) dict_keys(['example_task_group_decorator']) retrieved from /Users/jl/Documents/Repos/GHC-2022-data-engineering-workshop/venv/lib/python3.8/site-packages/airflow/example_dags/example_task_group_decorator.py
[2022-08-29T20:18:41.686-0400] {logging_mixin.py:115} INFO - [2022-08-29T20:18:41.685-0400] {dag.py:2429} INFO - Sync 1 DAGs
[2022-08-29T20:18:41.704-0400] {logging_mixin.py:115} INFO - [2022-08-29T20:18:41.704-0400] {dag.py:2977} INFO - Setting next_dagrun for example_task_group_decorator to 2022-08-29T00:18:41.704302+00:00, run_after=2022-08-30T00:18:41.704302+00:00
[2022-08-29T20:18:41.721-0400] {processor.py:161} INFO - Processing /Users/jl/Documents/Repos/GHC-2022-data-engineering-workshop/venv/lib/python3.8/site-packages/airflow/example_dags/example_task_group_decorator.py took 0.812 seconds
[2022-08-29T20:20:23.437-0400] {processor.py:153} INFO - Started process (PID=15527) to work on /Users/jl/Documents/Repos/GHC-2022-data-engineering-workshop/venv/lib/python3.8/site-packages/airflow/example_dags/example_task_group_decorator.py
[2022-08-29T20:20:23.447-0400] {processor.py:640} INFO - Processing file /Users/jl/Documents/Repos/GHC-2022-data-engineering-workshop/venv/lib/python3.8/site-packages/airflow/example_dags/example_task_group_decorator.py for tasks to queue
[2022-08-29T20:20:23.448-0400] {logging_mixin.py:115} INFO - [2022-08-29T20:20:23.448-0400] {dagbag.py:508} INFO - Filling up the DagBag from /Users/jl/Documents/Repos/GHC-2022-data-engineering-workshop/venv/lib/python3.8/site-packages/airflow/example_dags/example_task_group_decorator.py
[2022-08-29T20:20:23.499-0400] {processor.py:650} INFO - DAG(s) dict_keys(['example_task_group_decorator']) retrieved from /Users/jl/Documents/Repos/GHC-2022-data-engineering-workshop/venv/lib/python3.8/site-packages/airflow/example_dags/example_task_group_decorator.py
[2022-08-29T20:20:24.230-0400] {logging_mixin.py:115} INFO - [2022-08-29T20:20:24.229-0400] {dag.py:2429} INFO - Sync 1 DAGs
[2022-08-29T20:20:24.249-0400] {logging_mixin.py:115} INFO - [2022-08-29T20:20:24.249-0400] {dag.py:2977} INFO - Setting next_dagrun for example_task_group_decorator to 2022-08-29T00:20:24.248838+00:00, run_after=2022-08-30T00:20:24.248838+00:00
[2022-08-29T20:20:24.265-0400] {processor.py:161} INFO - Processing /Users/jl/Documents/Repos/GHC-2022-data-engineering-workshop/venv/lib/python3.8/site-packages/airflow/example_dags/example_task_group_decorator.py took 0.828 seconds
[2022-08-29T20:21:51.789-0400] {processor.py:153} INFO - Started process (PID=15610) to work on /Users/jl/Documents/Repos/GHC-2022-data-engineering-workshop/venv/lib/python3.8/site-packages/airflow/example_dags/example_task_group_decorator.py
[2022-08-29T20:21:51.797-0400] {processor.py:640} INFO - Processing file /Users/jl/Documents/Repos/GHC-2022-data-engineering-workshop/venv/lib/python3.8/site-packages/airflow/example_dags/example_task_group_decorator.py for tasks to queue
[2022-08-29T20:21:51.798-0400] {logging_mixin.py:115} INFO - [2022-08-29T20:21:51.798-0400] {dagbag.py:508} INFO - Filling up the DagBag from /Users/jl/Documents/Repos/GHC-2022-data-engineering-workshop/venv/lib/python3.8/site-packages/airflow/example_dags/example_task_group_decorator.py
[2022-08-29T20:21:51.848-0400] {processor.py:650} INFO - DAG(s) dict_keys(['example_task_group_decorator']) retrieved from /Users/jl/Documents/Repos/GHC-2022-data-engineering-workshop/venv/lib/python3.8/site-packages/airflow/example_dags/example_task_group_decorator.py
[2022-08-29T20:21:52.568-0400] {logging_mixin.py:115} INFO - [2022-08-29T20:21:52.568-0400] {dag.py:2429} INFO - Sync 1 DAGs
[2022-08-29T20:21:52.587-0400] {logging_mixin.py:115} INFO - [2022-08-29T20:21:52.587-0400] {dag.py:2977} INFO - Setting next_dagrun for example_task_group_decorator to 2022-08-29T00:21:52.586922+00:00, run_after=2022-08-30T00:21:52.586922+00:00
[2022-08-29T20:21:52.603-0400] {processor.py:161} INFO - Processing /Users/jl/Documents/Repos/GHC-2022-data-engineering-workshop/venv/lib/python3.8/site-packages/airflow/example_dags/example_task_group_decorator.py took 0.814 seconds
[2022-08-29T20:23:17.605-0400] {processor.py:153} INFO - Started process (PID=15691) to work on /Users/jl/Documents/Repos/GHC-2022-data-engineering-workshop/venv/lib/python3.8/site-packages/airflow/example_dags/example_task_group_decorator.py
[2022-08-29T20:23:17.613-0400] {processor.py:640} INFO - Processing file /Users/jl/Documents/Repos/GHC-2022-data-engineering-workshop/venv/lib/python3.8/site-packages/airflow/example_dags/example_task_group_decorator.py for tasks to queue
[2022-08-29T20:23:17.614-0400] {logging_mixin.py:115} INFO - [2022-08-29T20:23:17.614-0400] {dagbag.py:508} INFO - Filling up the DagBag from /Users/jl/Documents/Repos/GHC-2022-data-engineering-workshop/venv/lib/python3.8/site-packages/airflow/example_dags/example_task_group_decorator.py
[2022-08-29T20:23:17.663-0400] {processor.py:650} INFO - DAG(s) dict_keys(['example_task_group_decorator']) retrieved from /Users/jl/Documents/Repos/GHC-2022-data-engineering-workshop/venv/lib/python3.8/site-packages/airflow/example_dags/example_task_group_decorator.py
[2022-08-29T20:23:18.379-0400] {logging_mixin.py:115} INFO - [2022-08-29T20:23:18.378-0400] {dag.py:2429} INFO - Sync 1 DAGs
[2022-08-29T20:23:18.397-0400] {logging_mixin.py:115} INFO - [2022-08-29T20:23:18.397-0400] {dag.py:2977} INFO - Setting next_dagrun for example_task_group_decorator to 2022-08-29T00:23:18.397433+00:00, run_after=2022-08-30T00:23:18.397433+00:00
[2022-08-29T20:23:18.414-0400] {processor.py:161} INFO - Processing /Users/jl/Documents/Repos/GHC-2022-data-engineering-workshop/venv/lib/python3.8/site-packages/airflow/example_dags/example_task_group_decorator.py took 0.810 seconds
[2022-08-29T20:24:46.024-0400] {processor.py:153} INFO - Started process (PID=15771) to work on /Users/jl/Documents/Repos/GHC-2022-data-engineering-workshop/venv/lib/python3.8/site-packages/airflow/example_dags/example_task_group_decorator.py
[2022-08-29T20:24:46.032-0400] {processor.py:640} INFO - Processing file /Users/jl/Documents/Repos/GHC-2022-data-engineering-workshop/venv/lib/python3.8/site-packages/airflow/example_dags/example_task_group_decorator.py for tasks to queue
[2022-08-29T20:24:46.033-0400] {logging_mixin.py:115} INFO - [2022-08-29T20:24:46.033-0400] {dagbag.py:508} INFO - Filling up the DagBag from /Users/jl/Documents/Repos/GHC-2022-data-engineering-workshop/venv/lib/python3.8/site-packages/airflow/example_dags/example_task_group_decorator.py
[2022-08-29T20:24:46.083-0400] {processor.py:650} INFO - DAG(s) dict_keys(['example_task_group_decorator']) retrieved from /Users/jl/Documents/Repos/GHC-2022-data-engineering-workshop/venv/lib/python3.8/site-packages/airflow/example_dags/example_task_group_decorator.py
[2022-08-29T20:24:46.801-0400] {logging_mixin.py:115} INFO - [2022-08-29T20:24:46.801-0400] {dag.py:2429} INFO - Sync 1 DAGs
[2022-08-29T20:24:46.821-0400] {logging_mixin.py:115} INFO - [2022-08-29T20:24:46.821-0400] {dag.py:2977} INFO - Setting next_dagrun for example_task_group_decorator to 2022-08-29T00:24:46.820920+00:00, run_after=2022-08-30T00:24:46.820920+00:00
[2022-08-29T20:24:46.837-0400] {processor.py:161} INFO - Processing /Users/jl/Documents/Repos/GHC-2022-data-engineering-workshop/venv/lib/python3.8/site-packages/airflow/example_dags/example_task_group_decorator.py took 0.814 seconds
[2022-08-29T20:26:49.800-0400] {processor.py:153} INFO - Started process (PID=15893) to work on /Users/jl/Documents/Repos/GHC-2022-data-engineering-workshop/venv/lib/python3.8/site-packages/airflow/example_dags/example_task_group_decorator.py
[2022-08-29T20:26:49.810-0400] {processor.py:640} INFO - Processing file /Users/jl/Documents/Repos/GHC-2022-data-engineering-workshop/venv/lib/python3.8/site-packages/airflow/example_dags/example_task_group_decorator.py for tasks to queue
[2022-08-29T20:26:49.810-0400] {logging_mixin.py:115} INFO - [2022-08-29T20:26:49.810-0400] {dagbag.py:508} INFO - Filling up the DagBag from /Users/jl/Documents/Repos/GHC-2022-data-engineering-workshop/venv/lib/python3.8/site-packages/airflow/example_dags/example_task_group_decorator.py
[2022-08-29T20:26:49.863-0400] {processor.py:650} INFO - DAG(s) dict_keys(['example_task_group_decorator']) retrieved from /Users/jl/Documents/Repos/GHC-2022-data-engineering-workshop/venv/lib/python3.8/site-packages/airflow/example_dags/example_task_group_decorator.py
[2022-08-29T20:26:50.610-0400] {logging_mixin.py:115} INFO - [2022-08-29T20:26:50.610-0400] {dag.py:2429} INFO - Sync 1 DAGs
[2022-08-29T20:26:50.629-0400] {logging_mixin.py:115} INFO - [2022-08-29T20:26:50.629-0400] {dag.py:2977} INFO - Setting next_dagrun for example_task_group_decorator to 2022-08-29T00:26:50.629154+00:00, run_after=2022-08-30T00:26:50.629154+00:00
[2022-08-29T20:26:50.646-0400] {processor.py:161} INFO - Processing /Users/jl/Documents/Repos/GHC-2022-data-engineering-workshop/venv/lib/python3.8/site-packages/airflow/example_dags/example_task_group_decorator.py took 0.847 seconds
[2022-08-29T20:28:30.854-0400] {processor.py:153} INFO - Started process (PID=15983) to work on /Users/jl/Documents/Repos/GHC-2022-data-engineering-workshop/venv/lib/python3.8/site-packages/airflow/example_dags/example_task_group_decorator.py
[2022-08-29T20:28:30.862-0400] {processor.py:640} INFO - Processing file /Users/jl/Documents/Repos/GHC-2022-data-engineering-workshop/venv/lib/python3.8/site-packages/airflow/example_dags/example_task_group_decorator.py for tasks to queue
[2022-08-29T20:28:30.863-0400] {logging_mixin.py:115} INFO - [2022-08-29T20:28:30.863-0400] {dagbag.py:508} INFO - Filling up the DagBag from /Users/jl/Documents/Repos/GHC-2022-data-engineering-workshop/venv/lib/python3.8/site-packages/airflow/example_dags/example_task_group_decorator.py
[2022-08-29T20:28:30.912-0400] {processor.py:650} INFO - DAG(s) dict_keys(['example_task_group_decorator']) retrieved from /Users/jl/Documents/Repos/GHC-2022-data-engineering-workshop/venv/lib/python3.8/site-packages/airflow/example_dags/example_task_group_decorator.py
[2022-08-29T20:28:31.633-0400] {logging_mixin.py:115} INFO - [2022-08-29T20:28:31.633-0400] {dag.py:2429} INFO - Sync 1 DAGs
[2022-08-29T20:28:31.652-0400] {logging_mixin.py:115} INFO - [2022-08-29T20:28:31.652-0400] {dag.py:2977} INFO - Setting next_dagrun for example_task_group_decorator to 2022-08-29T00:28:31.652485+00:00, run_after=2022-08-30T00:28:31.652485+00:00
[2022-08-29T20:28:31.669-0400] {processor.py:161} INFO - Processing /Users/jl/Documents/Repos/GHC-2022-data-engineering-workshop/venv/lib/python3.8/site-packages/airflow/example_dags/example_task_group_decorator.py took 0.815 seconds
[2022-08-29T20:30:28.776-0400] {processor.py:153} INFO - Started process (PID=16093) to work on /Users/jl/Documents/Repos/GHC-2022-data-engineering-workshop/venv/lib/python3.8/site-packages/airflow/example_dags/example_task_group_decorator.py
[2022-08-29T20:30:28.786-0400] {processor.py:640} INFO - Processing file /Users/jl/Documents/Repos/GHC-2022-data-engineering-workshop/venv/lib/python3.8/site-packages/airflow/example_dags/example_task_group_decorator.py for tasks to queue
[2022-08-29T20:30:28.787-0400] {logging_mixin.py:115} INFO - [2022-08-29T20:30:28.787-0400] {dagbag.py:508} INFO - Filling up the DagBag from /Users/jl/Documents/Repos/GHC-2022-data-engineering-workshop/venv/lib/python3.8/site-packages/airflow/example_dags/example_task_group_decorator.py
[2022-08-29T20:30:28.836-0400] {processor.py:650} INFO - DAG(s) dict_keys(['example_task_group_decorator']) retrieved from /Users/jl/Documents/Repos/GHC-2022-data-engineering-workshop/venv/lib/python3.8/site-packages/airflow/example_dags/example_task_group_decorator.py
[2022-08-29T20:30:29.572-0400] {logging_mixin.py:115} INFO - [2022-08-29T20:30:29.571-0400] {dag.py:2429} INFO - Sync 1 DAGs
[2022-08-29T20:30:29.591-0400] {logging_mixin.py:115} INFO - [2022-08-29T20:30:29.591-0400] {dag.py:2977} INFO - Setting next_dagrun for example_task_group_decorator to 2022-08-29T00:30:29.590974+00:00, run_after=2022-08-30T00:30:29.590974+00:00
[2022-08-29T20:30:29.605-0400] {processor.py:161} INFO - Processing /Users/jl/Documents/Repos/GHC-2022-data-engineering-workshop/venv/lib/python3.8/site-packages/airflow/example_dags/example_task_group_decorator.py took 0.830 seconds
[2022-08-29T20:31:40.358-0400] {processor.py:153} INFO - Started process (PID=16153) to work on /Users/jl/Documents/Repos/GHC-2022-data-engineering-workshop/venv/lib/python3.8/site-packages/airflow/example_dags/example_task_group_decorator.py
[2022-08-29T20:31:40.368-0400] {processor.py:640} INFO - Processing file /Users/jl/Documents/Repos/GHC-2022-data-engineering-workshop/venv/lib/python3.8/site-packages/airflow/example_dags/example_task_group_decorator.py for tasks to queue
[2022-08-29T20:31:40.368-0400] {logging_mixin.py:115} INFO - [2022-08-29T20:31:40.368-0400] {dagbag.py:508} INFO - Filling up the DagBag from /Users/jl/Documents/Repos/GHC-2022-data-engineering-workshop/venv/lib/python3.8/site-packages/airflow/example_dags/example_task_group_decorator.py
[2022-08-29T20:31:40.427-0400] {processor.py:650} INFO - DAG(s) dict_keys(['example_task_group_decorator']) retrieved from /Users/jl/Documents/Repos/GHC-2022-data-engineering-workshop/venv/lib/python3.8/site-packages/airflow/example_dags/example_task_group_decorator.py
[2022-08-29T20:31:41.233-0400] {logging_mixin.py:115} INFO - [2022-08-29T20:31:41.232-0400] {dag.py:2429} INFO - Sync 1 DAGs
[2022-08-29T20:31:41.251-0400] {logging_mixin.py:115} INFO - [2022-08-29T20:31:41.251-0400] {dag.py:2977} INFO - Setting next_dagrun for example_task_group_decorator to 2022-08-29T00:31:41.250897+00:00, run_after=2022-08-30T00:31:41.250897+00:00
[2022-08-29T20:31:41.266-0400] {processor.py:161} INFO - Processing /Users/jl/Documents/Repos/GHC-2022-data-engineering-workshop/venv/lib/python3.8/site-packages/airflow/example_dags/example_task_group_decorator.py took 0.909 seconds
[2022-08-29T20:33:42.953-0400] {processor.py:153} INFO - Started process (PID=16275) to work on /Users/jl/Documents/Repos/GHC-2022-data-engineering-workshop/venv/lib/python3.8/site-packages/airflow/example_dags/example_task_group_decorator.py
[2022-08-29T20:33:42.963-0400] {processor.py:640} INFO - Processing file /Users/jl/Documents/Repos/GHC-2022-data-engineering-workshop/venv/lib/python3.8/site-packages/airflow/example_dags/example_task_group_decorator.py for tasks to queue
[2022-08-29T20:33:42.964-0400] {logging_mixin.py:115} INFO - [2022-08-29T20:33:42.964-0400] {dagbag.py:508} INFO - Filling up the DagBag from /Users/jl/Documents/Repos/GHC-2022-data-engineering-workshop/venv/lib/python3.8/site-packages/airflow/example_dags/example_task_group_decorator.py
[2022-08-29T20:33:43.020-0400] {processor.py:650} INFO - DAG(s) dict_keys(['example_task_group_decorator']) retrieved from /Users/jl/Documents/Repos/GHC-2022-data-engineering-workshop/venv/lib/python3.8/site-packages/airflow/example_dags/example_task_group_decorator.py
[2022-08-29T20:33:43.900-0400] {logging_mixin.py:115} INFO - [2022-08-29T20:33:43.900-0400] {dag.py:2429} INFO - Sync 1 DAGs
[2022-08-29T20:33:43.918-0400] {logging_mixin.py:115} INFO - [2022-08-29T20:33:43.918-0400] {dag.py:2977} INFO - Setting next_dagrun for example_task_group_decorator to 2022-08-29T00:33:43.918281+00:00, run_after=2022-08-30T00:33:43.918281+00:00
[2022-08-29T20:33:43.934-0400] {processor.py:161} INFO - Processing /Users/jl/Documents/Repos/GHC-2022-data-engineering-workshop/venv/lib/python3.8/site-packages/airflow/example_dags/example_task_group_decorator.py took 0.982 seconds
[2022-08-29T20:35:24.138-0400] {processor.py:153} INFO - Started process (PID=16373) to work on /Users/jl/Documents/Repos/GHC-2022-data-engineering-workshop/venv/lib/python3.8/site-packages/airflow/example_dags/example_task_group_decorator.py
[2022-08-29T20:35:24.147-0400] {processor.py:640} INFO - Processing file /Users/jl/Documents/Repos/GHC-2022-data-engineering-workshop/venv/lib/python3.8/site-packages/airflow/example_dags/example_task_group_decorator.py for tasks to queue
[2022-08-29T20:35:24.147-0400] {logging_mixin.py:115} INFO - [2022-08-29T20:35:24.147-0400] {dagbag.py:508} INFO - Filling up the DagBag from /Users/jl/Documents/Repos/GHC-2022-data-engineering-workshop/venv/lib/python3.8/site-packages/airflow/example_dags/example_task_group_decorator.py
[2022-08-29T20:35:24.199-0400] {processor.py:650} INFO - DAG(s) dict_keys(['example_task_group_decorator']) retrieved from /Users/jl/Documents/Repos/GHC-2022-data-engineering-workshop/venv/lib/python3.8/site-packages/airflow/example_dags/example_task_group_decorator.py
[2022-08-29T20:35:25.133-0400] {logging_mixin.py:115} INFO - [2022-08-29T20:35:25.132-0400] {dag.py:2429} INFO - Sync 1 DAGs
[2022-08-29T20:35:25.159-0400] {logging_mixin.py:115} INFO - [2022-08-29T20:35:25.159-0400] {dag.py:2977} INFO - Setting next_dagrun for example_task_group_decorator to 2022-08-29T00:35:25.159571+00:00, run_after=2022-08-30T00:35:25.159571+00:00
[2022-08-29T20:35:25.178-0400] {processor.py:161} INFO - Processing /Users/jl/Documents/Repos/GHC-2022-data-engineering-workshop/venv/lib/python3.8/site-packages/airflow/example_dags/example_task_group_decorator.py took 1.041 seconds
[2022-08-29T20:37:13.451-0400] {processor.py:153} INFO - Started process (PID=16500) to work on /Users/jl/Documents/Repos/GHC-2022-data-engineering-workshop/venv/lib/python3.8/site-packages/airflow/example_dags/example_task_group_decorator.py
[2022-08-29T20:37:13.461-0400] {processor.py:640} INFO - Processing file /Users/jl/Documents/Repos/GHC-2022-data-engineering-workshop/venv/lib/python3.8/site-packages/airflow/example_dags/example_task_group_decorator.py for tasks to queue
[2022-08-29T20:37:13.461-0400] {logging_mixin.py:115} INFO - [2022-08-29T20:37:13.461-0400] {dagbag.py:508} INFO - Filling up the DagBag from /Users/jl/Documents/Repos/GHC-2022-data-engineering-workshop/venv/lib/python3.8/site-packages/airflow/example_dags/example_task_group_decorator.py
[2022-08-29T20:37:13.513-0400] {processor.py:650} INFO - DAG(s) dict_keys(['example_task_group_decorator']) retrieved from /Users/jl/Documents/Repos/GHC-2022-data-engineering-workshop/venv/lib/python3.8/site-packages/airflow/example_dags/example_task_group_decorator.py
[2022-08-29T20:37:14.271-0400] {logging_mixin.py:115} INFO - [2022-08-29T20:37:14.270-0400] {dag.py:2429} INFO - Sync 1 DAGs
[2022-08-29T20:37:14.290-0400] {logging_mixin.py:115} INFO - [2022-08-29T20:37:14.289-0400] {dag.py:2977} INFO - Setting next_dagrun for example_task_group_decorator to 2022-08-29T00:37:14.289815+00:00, run_after=2022-08-30T00:37:14.289815+00:00
[2022-08-29T20:37:14.305-0400] {processor.py:161} INFO - Processing /Users/jl/Documents/Repos/GHC-2022-data-engineering-workshop/venv/lib/python3.8/site-packages/airflow/example_dags/example_task_group_decorator.py took 0.855 seconds
[2022-08-29T20:39:16.408-0400] {processor.py:153} INFO - Started process (PID=16611) to work on /Users/jl/Documents/Repos/GHC-2022-data-engineering-workshop/venv/lib/python3.8/site-packages/airflow/example_dags/example_task_group_decorator.py
[2022-08-29T20:39:16.420-0400] {processor.py:640} INFO - Processing file /Users/jl/Documents/Repos/GHC-2022-data-engineering-workshop/venv/lib/python3.8/site-packages/airflow/example_dags/example_task_group_decorator.py for tasks to queue
[2022-08-29T20:39:16.420-0400] {logging_mixin.py:115} INFO - [2022-08-29T20:39:16.420-0400] {dagbag.py:508} INFO - Filling up the DagBag from /Users/jl/Documents/Repos/GHC-2022-data-engineering-workshop/venv/lib/python3.8/site-packages/airflow/example_dags/example_task_group_decorator.py
[2022-08-29T20:39:16.531-0400] {processor.py:650} INFO - DAG(s) dict_keys(['example_task_group_decorator']) retrieved from /Users/jl/Documents/Repos/GHC-2022-data-engineering-workshop/venv/lib/python3.8/site-packages/airflow/example_dags/example_task_group_decorator.py
[2022-08-29T20:39:17.551-0400] {logging_mixin.py:115} INFO - [2022-08-29T20:39:17.551-0400] {dag.py:2429} INFO - Sync 1 DAGs
[2022-08-29T20:39:17.582-0400] {logging_mixin.py:115} INFO - [2022-08-29T20:39:17.581-0400] {dag.py:2977} INFO - Setting next_dagrun for example_task_group_decorator to 2022-08-29T00:39:17.580890+00:00, run_after=2022-08-30T00:39:17.580890+00:00
[2022-08-29T20:39:17.619-0400] {processor.py:161} INFO - Processing /Users/jl/Documents/Repos/GHC-2022-data-engineering-workshop/venv/lib/python3.8/site-packages/airflow/example_dags/example_task_group_decorator.py took 1.213 seconds
[2022-08-29T20:41:01.189-0400] {processor.py:153} INFO - Started process (PID=16703) to work on /Users/jl/Documents/Repos/GHC-2022-data-engineering-workshop/venv/lib/python3.8/site-packages/airflow/example_dags/example_task_group_decorator.py
[2022-08-29T20:41:01.197-0400] {processor.py:640} INFO - Processing file /Users/jl/Documents/Repos/GHC-2022-data-engineering-workshop/venv/lib/python3.8/site-packages/airflow/example_dags/example_task_group_decorator.py for tasks to queue
[2022-08-29T20:41:01.197-0400] {logging_mixin.py:115} INFO - [2022-08-29T20:41:01.197-0400] {dagbag.py:508} INFO - Filling up the DagBag from /Users/jl/Documents/Repos/GHC-2022-data-engineering-workshop/venv/lib/python3.8/site-packages/airflow/example_dags/example_task_group_decorator.py
[2022-08-29T20:41:01.249-0400] {processor.py:650} INFO - DAG(s) dict_keys(['example_task_group_decorator']) retrieved from /Users/jl/Documents/Repos/GHC-2022-data-engineering-workshop/venv/lib/python3.8/site-packages/airflow/example_dags/example_task_group_decorator.py
[2022-08-29T20:41:02.097-0400] {logging_mixin.py:115} INFO - [2022-08-29T20:41:02.097-0400] {dag.py:2429} INFO - Sync 1 DAGs
[2022-08-29T20:41:02.119-0400] {logging_mixin.py:115} INFO - [2022-08-29T20:41:02.118-0400] {dag.py:2977} INFO - Setting next_dagrun for example_task_group_decorator to 2022-08-29T00:41:02.118796+00:00, run_after=2022-08-30T00:41:02.118796+00:00
[2022-08-29T20:41:02.137-0400] {processor.py:161} INFO - Processing /Users/jl/Documents/Repos/GHC-2022-data-engineering-workshop/venv/lib/python3.8/site-packages/airflow/example_dags/example_task_group_decorator.py took 0.950 seconds
[2022-08-29T20:42:53.381-0400] {processor.py:153} INFO - Started process (PID=16803) to work on /Users/jl/Documents/Repos/GHC-2022-data-engineering-workshop/venv/lib/python3.8/site-packages/airflow/example_dags/example_task_group_decorator.py
[2022-08-29T20:42:53.390-0400] {processor.py:640} INFO - Processing file /Users/jl/Documents/Repos/GHC-2022-data-engineering-workshop/venv/lib/python3.8/site-packages/airflow/example_dags/example_task_group_decorator.py for tasks to queue
[2022-08-29T20:42:53.391-0400] {logging_mixin.py:115} INFO - [2022-08-29T20:42:53.391-0400] {dagbag.py:508} INFO - Filling up the DagBag from /Users/jl/Documents/Repos/GHC-2022-data-engineering-workshop/venv/lib/python3.8/site-packages/airflow/example_dags/example_task_group_decorator.py
[2022-08-29T20:42:53.443-0400] {processor.py:650} INFO - DAG(s) dict_keys(['example_task_group_decorator']) retrieved from /Users/jl/Documents/Repos/GHC-2022-data-engineering-workshop/venv/lib/python3.8/site-packages/airflow/example_dags/example_task_group_decorator.py
[2022-08-29T20:42:54.604-0400] {logging_mixin.py:115} INFO - [2022-08-29T20:42:54.603-0400] {dag.py:2429} INFO - Sync 1 DAGs
[2022-08-29T20:42:54.694-0400] {logging_mixin.py:115} INFO - [2022-08-29T20:42:54.694-0400] {dag.py:2977} INFO - Setting next_dagrun for example_task_group_decorator to 2022-08-29T00:42:54.694151+00:00, run_after=2022-08-30T00:42:54.694151+00:00
[2022-08-29T20:42:54.716-0400] {processor.py:161} INFO - Processing /Users/jl/Documents/Repos/GHC-2022-data-engineering-workshop/venv/lib/python3.8/site-packages/airflow/example_dags/example_task_group_decorator.py took 1.336 seconds
[2022-08-29T20:44:50.700-0400] {processor.py:153} INFO - Started process (PID=16904) to work on /Users/jl/Documents/Repos/GHC-2022-data-engineering-workshop/venv/lib/python3.8/site-packages/airflow/example_dags/example_task_group_decorator.py
[2022-08-29T20:44:50.712-0400] {processor.py:640} INFO - Processing file /Users/jl/Documents/Repos/GHC-2022-data-engineering-workshop/venv/lib/python3.8/site-packages/airflow/example_dags/example_task_group_decorator.py for tasks to queue
[2022-08-29T20:44:50.713-0400] {logging_mixin.py:115} INFO - [2022-08-29T20:44:50.713-0400] {dagbag.py:508} INFO - Filling up the DagBag from /Users/jl/Documents/Repos/GHC-2022-data-engineering-workshop/venv/lib/python3.8/site-packages/airflow/example_dags/example_task_group_decorator.py
[2022-08-29T20:44:50.777-0400] {processor.py:650} INFO - DAG(s) dict_keys(['example_task_group_decorator']) retrieved from /Users/jl/Documents/Repos/GHC-2022-data-engineering-workshop/venv/lib/python3.8/site-packages/airflow/example_dags/example_task_group_decorator.py
[2022-08-29T20:44:51.731-0400] {logging_mixin.py:115} INFO - [2022-08-29T20:44:51.731-0400] {dag.py:2429} INFO - Sync 1 DAGs
[2022-08-29T20:44:51.756-0400] {logging_mixin.py:115} INFO - [2022-08-29T20:44:51.756-0400] {dag.py:2977} INFO - Setting next_dagrun for example_task_group_decorator to 2022-08-29T00:44:51.756572+00:00, run_after=2022-08-30T00:44:51.756572+00:00
[2022-08-29T20:44:51.776-0400] {processor.py:161} INFO - Processing /Users/jl/Documents/Repos/GHC-2022-data-engineering-workshop/venv/lib/python3.8/site-packages/airflow/example_dags/example_task_group_decorator.py took 1.077 seconds
[2022-08-29T20:46:32.564-0400] {processor.py:153} INFO - Started process (PID=16999) to work on /Users/jl/Documents/Repos/GHC-2022-data-engineering-workshop/venv/lib/python3.8/site-packages/airflow/example_dags/example_task_group_decorator.py
[2022-08-29T20:46:32.572-0400] {processor.py:640} INFO - Processing file /Users/jl/Documents/Repos/GHC-2022-data-engineering-workshop/venv/lib/python3.8/site-packages/airflow/example_dags/example_task_group_decorator.py for tasks to queue
[2022-08-29T20:46:32.572-0400] {logging_mixin.py:115} INFO - [2022-08-29T20:46:32.572-0400] {dagbag.py:508} INFO - Filling up the DagBag from /Users/jl/Documents/Repos/GHC-2022-data-engineering-workshop/venv/lib/python3.8/site-packages/airflow/example_dags/example_task_group_decorator.py
[2022-08-29T20:46:32.626-0400] {processor.py:650} INFO - DAG(s) dict_keys(['example_task_group_decorator']) retrieved from /Users/jl/Documents/Repos/GHC-2022-data-engineering-workshop/venv/lib/python3.8/site-packages/airflow/example_dags/example_task_group_decorator.py
[2022-08-29T20:46:33.350-0400] {logging_mixin.py:115} INFO - [2022-08-29T20:46:33.349-0400] {dag.py:2429} INFO - Sync 1 DAGs
[2022-08-29T20:46:33.368-0400] {logging_mixin.py:115} INFO - [2022-08-29T20:46:33.368-0400] {dag.py:2977} INFO - Setting next_dagrun for example_task_group_decorator to 2022-08-29T00:46:33.368283+00:00, run_after=2022-08-30T00:46:33.368283+00:00
[2022-08-29T20:46:33.384-0400] {processor.py:161} INFO - Processing /Users/jl/Documents/Repos/GHC-2022-data-engineering-workshop/venv/lib/python3.8/site-packages/airflow/example_dags/example_task_group_decorator.py took 0.822 seconds
[2022-08-29T20:48:28.038-0400] {processor.py:153} INFO - Started process (PID=17103) to work on /Users/jl/Documents/Repos/GHC-2022-data-engineering-workshop/venv/lib/python3.8/site-packages/airflow/example_dags/example_task_group_decorator.py
[2022-08-29T20:48:28.048-0400] {processor.py:640} INFO - Processing file /Users/jl/Documents/Repos/GHC-2022-data-engineering-workshop/venv/lib/python3.8/site-packages/airflow/example_dags/example_task_group_decorator.py for tasks to queue
[2022-08-29T20:48:28.049-0400] {logging_mixin.py:115} INFO - [2022-08-29T20:48:28.049-0400] {dagbag.py:508} INFO - Filling up the DagBag from /Users/jl/Documents/Repos/GHC-2022-data-engineering-workshop/venv/lib/python3.8/site-packages/airflow/example_dags/example_task_group_decorator.py
[2022-08-29T20:48:28.107-0400] {processor.py:650} INFO - DAG(s) dict_keys(['example_task_group_decorator']) retrieved from /Users/jl/Documents/Repos/GHC-2022-data-engineering-workshop/venv/lib/python3.8/site-packages/airflow/example_dags/example_task_group_decorator.py
[2022-08-29T20:48:29.015-0400] {logging_mixin.py:115} INFO - [2022-08-29T20:48:29.015-0400] {dag.py:2429} INFO - Sync 1 DAGs
[2022-08-29T20:48:29.037-0400] {logging_mixin.py:115} INFO - [2022-08-29T20:48:29.037-0400] {dag.py:2977} INFO - Setting next_dagrun for example_task_group_decorator to 2022-08-29T00:48:29.037367+00:00, run_after=2022-08-30T00:48:29.037367+00:00
[2022-08-29T20:48:29.058-0400] {processor.py:161} INFO - Processing /Users/jl/Documents/Repos/GHC-2022-data-engineering-workshop/venv/lib/python3.8/site-packages/airflow/example_dags/example_task_group_decorator.py took 1.021 seconds
[2022-08-29T20:50:07.976-0400] {processor.py:153} INFO - Started process (PID=17192) to work on /Users/jl/Documents/Repos/GHC-2022-data-engineering-workshop/venv/lib/python3.8/site-packages/airflow/example_dags/example_task_group_decorator.py
[2022-08-29T20:50:07.984-0400] {processor.py:640} INFO - Processing file /Users/jl/Documents/Repos/GHC-2022-data-engineering-workshop/venv/lib/python3.8/site-packages/airflow/example_dags/example_task_group_decorator.py for tasks to queue
[2022-08-29T20:50:07.984-0400] {logging_mixin.py:115} INFO - [2022-08-29T20:50:07.984-0400] {dagbag.py:508} INFO - Filling up the DagBag from /Users/jl/Documents/Repos/GHC-2022-data-engineering-workshop/venv/lib/python3.8/site-packages/airflow/example_dags/example_task_group_decorator.py
[2022-08-29T20:50:08.034-0400] {processor.py:650} INFO - DAG(s) dict_keys(['example_task_group_decorator']) retrieved from /Users/jl/Documents/Repos/GHC-2022-data-engineering-workshop/venv/lib/python3.8/site-packages/airflow/example_dags/example_task_group_decorator.py
[2022-08-29T20:50:08.767-0400] {logging_mixin.py:115} INFO - [2022-08-29T20:50:08.767-0400] {dag.py:2429} INFO - Sync 1 DAGs
[2022-08-29T20:50:08.786-0400] {logging_mixin.py:115} INFO - [2022-08-29T20:50:08.785-0400] {dag.py:2977} INFO - Setting next_dagrun for example_task_group_decorator to 2022-08-29T00:50:08.785816+00:00, run_after=2022-08-30T00:50:08.785816+00:00
[2022-08-29T20:50:08.802-0400] {processor.py:161} INFO - Processing /Users/jl/Documents/Repos/GHC-2022-data-engineering-workshop/venv/lib/python3.8/site-packages/airflow/example_dags/example_task_group_decorator.py took 0.827 seconds
[2022-08-29T20:51:43.520-0400] {processor.py:153} INFO - Started process (PID=17280) to work on /Users/jl/Documents/Repos/GHC-2022-data-engineering-workshop/venv/lib/python3.8/site-packages/airflow/example_dags/example_task_group_decorator.py
[2022-08-29T20:51:43.528-0400] {processor.py:640} INFO - Processing file /Users/jl/Documents/Repos/GHC-2022-data-engineering-workshop/venv/lib/python3.8/site-packages/airflow/example_dags/example_task_group_decorator.py for tasks to queue
[2022-08-29T20:51:43.529-0400] {logging_mixin.py:115} INFO - [2022-08-29T20:51:43.529-0400] {dagbag.py:508} INFO - Filling up the DagBag from /Users/jl/Documents/Repos/GHC-2022-data-engineering-workshop/venv/lib/python3.8/site-packages/airflow/example_dags/example_task_group_decorator.py
[2022-08-29T20:51:43.577-0400] {processor.py:650} INFO - DAG(s) dict_keys(['example_task_group_decorator']) retrieved from /Users/jl/Documents/Repos/GHC-2022-data-engineering-workshop/venv/lib/python3.8/site-packages/airflow/example_dags/example_task_group_decorator.py
[2022-08-29T20:51:44.347-0400] {logging_mixin.py:115} INFO - [2022-08-29T20:51:44.346-0400] {dag.py:2429} INFO - Sync 1 DAGs
[2022-08-29T20:51:44.368-0400] {logging_mixin.py:115} INFO - [2022-08-29T20:51:44.367-0400] {dag.py:2977} INFO - Setting next_dagrun for example_task_group_decorator to 2022-08-29T00:51:44.367748+00:00, run_after=2022-08-30T00:51:44.367748+00:00
[2022-08-29T20:51:44.385-0400] {processor.py:161} INFO - Processing /Users/jl/Documents/Repos/GHC-2022-data-engineering-workshop/venv/lib/python3.8/site-packages/airflow/example_dags/example_task_group_decorator.py took 0.866 seconds
[2022-08-29T20:53:26.998-0400] {processor.py:153} INFO - Started process (PID=17374) to work on /Users/jl/Documents/Repos/GHC-2022-data-engineering-workshop/venv/lib/python3.8/site-packages/airflow/example_dags/example_task_group_decorator.py
[2022-08-29T20:53:27.009-0400] {processor.py:640} INFO - Processing file /Users/jl/Documents/Repos/GHC-2022-data-engineering-workshop/venv/lib/python3.8/site-packages/airflow/example_dags/example_task_group_decorator.py for tasks to queue
[2022-08-29T20:53:27.010-0400] {logging_mixin.py:115} INFO - [2022-08-29T20:53:27.009-0400] {dagbag.py:508} INFO - Filling up the DagBag from /Users/jl/Documents/Repos/GHC-2022-data-engineering-workshop/venv/lib/python3.8/site-packages/airflow/example_dags/example_task_group_decorator.py
[2022-08-29T20:53:27.073-0400] {processor.py:650} INFO - DAG(s) dict_keys(['example_task_group_decorator']) retrieved from /Users/jl/Documents/Repos/GHC-2022-data-engineering-workshop/venv/lib/python3.8/site-packages/airflow/example_dags/example_task_group_decorator.py
[2022-08-29T20:53:27.884-0400] {logging_mixin.py:115} INFO - [2022-08-29T20:53:27.884-0400] {dag.py:2429} INFO - Sync 1 DAGs
[2022-08-29T20:53:27.907-0400] {logging_mixin.py:115} INFO - [2022-08-29T20:53:27.907-0400] {dag.py:2977} INFO - Setting next_dagrun for example_task_group_decorator to 2022-08-29T00:53:27.907332+00:00, run_after=2022-08-30T00:53:27.907332+00:00
[2022-08-29T20:53:27.925-0400] {processor.py:161} INFO - Processing /Users/jl/Documents/Repos/GHC-2022-data-engineering-workshop/venv/lib/python3.8/site-packages/airflow/example_dags/example_task_group_decorator.py took 0.928 seconds
[2022-08-29T20:54:40.771-0400] {processor.py:153} INFO - Started process (PID=17429) to work on /Users/jl/Documents/Repos/GHC-2022-data-engineering-workshop/venv/lib/python3.8/site-packages/airflow/example_dags/example_task_group_decorator.py
[2022-08-29T20:54:40.781-0400] {processor.py:640} INFO - Processing file /Users/jl/Documents/Repos/GHC-2022-data-engineering-workshop/venv/lib/python3.8/site-packages/airflow/example_dags/example_task_group_decorator.py for tasks to queue
[2022-08-29T20:54:40.781-0400] {logging_mixin.py:115} INFO - [2022-08-29T20:54:40.781-0400] {dagbag.py:508} INFO - Filling up the DagBag from /Users/jl/Documents/Repos/GHC-2022-data-engineering-workshop/venv/lib/python3.8/site-packages/airflow/example_dags/example_task_group_decorator.py
[2022-08-29T20:54:40.832-0400] {processor.py:650} INFO - DAG(s) dict_keys(['example_task_group_decorator']) retrieved from /Users/jl/Documents/Repos/GHC-2022-data-engineering-workshop/venv/lib/python3.8/site-packages/airflow/example_dags/example_task_group_decorator.py
[2022-08-29T20:54:41.559-0400] {logging_mixin.py:115} INFO - [2022-08-29T20:54:41.559-0400] {dag.py:2429} INFO - Sync 1 DAGs
[2022-08-29T20:54:41.578-0400] {logging_mixin.py:115} INFO - [2022-08-29T20:54:41.578-0400] {dag.py:2977} INFO - Setting next_dagrun for example_task_group_decorator to 2022-08-29T00:54:41.578054+00:00, run_after=2022-08-30T00:54:41.578054+00:00
[2022-08-29T20:54:41.593-0400] {processor.py:161} INFO - Processing /Users/jl/Documents/Repos/GHC-2022-data-engineering-workshop/venv/lib/python3.8/site-packages/airflow/example_dags/example_task_group_decorator.py took 0.823 seconds
[2022-08-29T20:56:27.480-0400] {processor.py:153} INFO - Started process (PID=17520) to work on /Users/jl/Documents/Repos/GHC-2022-data-engineering-workshop/venv/lib/python3.8/site-packages/airflow/example_dags/example_task_group_decorator.py
[2022-08-29T20:56:27.488-0400] {processor.py:640} INFO - Processing file /Users/jl/Documents/Repos/GHC-2022-data-engineering-workshop/venv/lib/python3.8/site-packages/airflow/example_dags/example_task_group_decorator.py for tasks to queue
[2022-08-29T20:56:27.488-0400] {logging_mixin.py:115} INFO - [2022-08-29T20:56:27.488-0400] {dagbag.py:508} INFO - Filling up the DagBag from /Users/jl/Documents/Repos/GHC-2022-data-engineering-workshop/venv/lib/python3.8/site-packages/airflow/example_dags/example_task_group_decorator.py
[2022-08-29T20:56:27.538-0400] {processor.py:650} INFO - DAG(s) dict_keys(['example_task_group_decorator']) retrieved from /Users/jl/Documents/Repos/GHC-2022-data-engineering-workshop/venv/lib/python3.8/site-packages/airflow/example_dags/example_task_group_decorator.py
[2022-08-29T20:56:28.258-0400] {logging_mixin.py:115} INFO - [2022-08-29T20:56:28.257-0400] {dag.py:2429} INFO - Sync 1 DAGs
[2022-08-29T20:56:28.277-0400] {logging_mixin.py:115} INFO - [2022-08-29T20:56:28.277-0400] {dag.py:2977} INFO - Setting next_dagrun for example_task_group_decorator to 2022-08-29T00:56:28.277181+00:00, run_after=2022-08-30T00:56:28.277181+00:00
[2022-08-29T20:56:28.294-0400] {processor.py:161} INFO - Processing /Users/jl/Documents/Repos/GHC-2022-data-engineering-workshop/venv/lib/python3.8/site-packages/airflow/example_dags/example_task_group_decorator.py took 0.815 seconds
[2022-08-29T20:58:36.755-0400] {processor.py:153} INFO - Started process (PID=17628) to work on /Users/jl/Documents/Repos/GHC-2022-data-engineering-workshop/venv/lib/python3.8/site-packages/airflow/example_dags/example_task_group_decorator.py
[2022-08-29T20:58:36.765-0400] {processor.py:640} INFO - Processing file /Users/jl/Documents/Repos/GHC-2022-data-engineering-workshop/venv/lib/python3.8/site-packages/airflow/example_dags/example_task_group_decorator.py for tasks to queue
[2022-08-29T20:58:36.766-0400] {logging_mixin.py:115} INFO - [2022-08-29T20:58:36.765-0400] {dagbag.py:508} INFO - Filling up the DagBag from /Users/jl/Documents/Repos/GHC-2022-data-engineering-workshop/venv/lib/python3.8/site-packages/airflow/example_dags/example_task_group_decorator.py
[2022-08-29T20:58:36.828-0400] {processor.py:650} INFO - DAG(s) dict_keys(['example_task_group_decorator']) retrieved from /Users/jl/Documents/Repos/GHC-2022-data-engineering-workshop/venv/lib/python3.8/site-packages/airflow/example_dags/example_task_group_decorator.py
[2022-08-29T20:58:37.822-0400] {logging_mixin.py:115} INFO - [2022-08-29T20:58:37.822-0400] {dag.py:2429} INFO - Sync 1 DAGs
[2022-08-29T20:58:37.845-0400] {logging_mixin.py:115} INFO - [2022-08-29T20:58:37.844-0400] {dag.py:2977} INFO - Setting next_dagrun for example_task_group_decorator to 2022-08-29T00:58:37.844705+00:00, run_after=2022-08-30T00:58:37.844705+00:00
[2022-08-29T20:58:37.866-0400] {processor.py:161} INFO - Processing /Users/jl/Documents/Repos/GHC-2022-data-engineering-workshop/venv/lib/python3.8/site-packages/airflow/example_dags/example_task_group_decorator.py took 1.113 seconds
[2022-08-29T21:00:42.280-0400] {processor.py:153} INFO - Started process (PID=17773) to work on /Users/jl/Documents/Repos/GHC-2022-data-engineering-workshop/venv/lib/python3.8/site-packages/airflow/example_dags/example_task_group_decorator.py
[2022-08-29T21:00:42.302-0400] {processor.py:640} INFO - Processing file /Users/jl/Documents/Repos/GHC-2022-data-engineering-workshop/venv/lib/python3.8/site-packages/airflow/example_dags/example_task_group_decorator.py for tasks to queue
[2022-08-29T21:00:42.303-0400] {logging_mixin.py:115} INFO - [2022-08-29T21:00:42.303-0400] {dagbag.py:508} INFO - Filling up the DagBag from /Users/jl/Documents/Repos/GHC-2022-data-engineering-workshop/venv/lib/python3.8/site-packages/airflow/example_dags/example_task_group_decorator.py
[2022-08-29T21:00:42.381-0400] {processor.py:650} INFO - DAG(s) dict_keys(['example_task_group_decorator']) retrieved from /Users/jl/Documents/Repos/GHC-2022-data-engineering-workshop/venv/lib/python3.8/site-packages/airflow/example_dags/example_task_group_decorator.py
[2022-08-29T21:00:43.577-0400] {logging_mixin.py:115} INFO - [2022-08-29T21:00:43.577-0400] {dag.py:2429} INFO - Sync 1 DAGs
[2022-08-29T21:00:43.609-0400] {logging_mixin.py:115} INFO - [2022-08-29T21:00:43.609-0400] {dag.py:2977} INFO - Setting next_dagrun for example_task_group_decorator to 2022-08-29T01:00:43.609007+00:00, run_after=2022-08-30T01:00:43.609007+00:00
[2022-08-29T21:00:43.624-0400] {processor.py:161} INFO - Processing /Users/jl/Documents/Repos/GHC-2022-data-engineering-workshop/venv/lib/python3.8/site-packages/airflow/example_dags/example_task_group_decorator.py took 1.345 seconds
