[2022-08-29T20:00:15.207-0400] {processor.py:153} INFO - Started process (PID=14359) to work on /Users/jl/Documents/Repos/GHC-2022-data-engineering-workshop/venv/lib/python3.8/site-packages/airflow/example_dags/example_complex.py
[2022-08-29T20:00:15.216-0400] {processor.py:640} INFO - Processing file /Users/jl/Documents/Repos/GHC-2022-data-engineering-workshop/venv/lib/python3.8/site-packages/airflow/example_dags/example_complex.py for tasks to queue
[2022-08-29T20:00:15.217-0400] {logging_mixin.py:115} INFO - [2022-08-29T20:00:15.216-0400] {dagbag.py:508} INFO - Filling up the DagBag from /Users/jl/Documents/Repos/GHC-2022-data-engineering-workshop/venv/lib/python3.8/site-packages/airflow/example_dags/example_complex.py
[2022-08-29T20:00:15.238-0400] {processor.py:650} INFO - DAG(s) dict_keys(['example_complex']) retrieved from /Users/jl/Documents/Repos/GHC-2022-data-engineering-workshop/venv/lib/python3.8/site-packages/airflow/example_dags/example_complex.py
[2022-08-29T20:00:15.326-0400] {logging_mixin.py:115} INFO - [2022-08-29T20:00:15.325-0400] {dag.py:2429} INFO - Sync 1 DAGs
[2022-08-29T20:00:15.343-0400] {logging_mixin.py:115} INFO - [2022-08-29T20:00:15.343-0400] {dag.py:2977} INFO - Setting next_dagrun for example_complex to None, run_after=None
[2022-08-29T20:00:15.359-0400] {processor.py:161} INFO - Processing /Users/jl/Documents/Repos/GHC-2022-data-engineering-workshop/venv/lib/python3.8/site-packages/airflow/example_dags/example_complex.py took 0.152 seconds
[2022-08-29T20:01:46.041-0400] {processor.py:153} INFO - Started process (PID=14442) to work on /Users/jl/Documents/Repos/GHC-2022-data-engineering-workshop/venv/lib/python3.8/site-packages/airflow/example_dags/example_complex.py
[2022-08-29T20:01:46.049-0400] {processor.py:640} INFO - Processing file /Users/jl/Documents/Repos/GHC-2022-data-engineering-workshop/venv/lib/python3.8/site-packages/airflow/example_dags/example_complex.py for tasks to queue
[2022-08-29T20:01:46.050-0400] {logging_mixin.py:115} INFO - [2022-08-29T20:01:46.049-0400] {dagbag.py:508} INFO - Filling up the DagBag from /Users/jl/Documents/Repos/GHC-2022-data-engineering-workshop/venv/lib/python3.8/site-packages/airflow/example_dags/example_complex.py
[2022-08-29T20:01:46.072-0400] {processor.py:650} INFO - DAG(s) dict_keys(['example_complex']) retrieved from /Users/jl/Documents/Repos/GHC-2022-data-engineering-workshop/venv/lib/python3.8/site-packages/airflow/example_dags/example_complex.py
[2022-08-29T20:01:46.155-0400] {logging_mixin.py:115} INFO - [2022-08-29T20:01:46.154-0400] {dag.py:2429} INFO - Sync 1 DAGs
[2022-08-29T20:01:46.172-0400] {logging_mixin.py:115} INFO - [2022-08-29T20:01:46.171-0400] {dag.py:2977} INFO - Setting next_dagrun for example_complex to None, run_after=None
[2022-08-29T20:01:46.187-0400] {processor.py:161} INFO - Processing /Users/jl/Documents/Repos/GHC-2022-data-engineering-workshop/venv/lib/python3.8/site-packages/airflow/example_dags/example_complex.py took 0.147 seconds
[2022-08-29T20:03:09.410-0400] {processor.py:153} INFO - Started process (PID=14522) to work on /Users/jl/Documents/Repos/GHC-2022-data-engineering-workshop/venv/lib/python3.8/site-packages/airflow/example_dags/example_complex.py
[2022-08-29T20:03:09.418-0400] {processor.py:640} INFO - Processing file /Users/jl/Documents/Repos/GHC-2022-data-engineering-workshop/venv/lib/python3.8/site-packages/airflow/example_dags/example_complex.py for tasks to queue
[2022-08-29T20:03:09.419-0400] {logging_mixin.py:115} INFO - [2022-08-29T20:03:09.418-0400] {dagbag.py:508} INFO - Filling up the DagBag from /Users/jl/Documents/Repos/GHC-2022-data-engineering-workshop/venv/lib/python3.8/site-packages/airflow/example_dags/example_complex.py
[2022-08-29T20:03:09.441-0400] {processor.py:650} INFO - DAG(s) dict_keys(['example_complex']) retrieved from /Users/jl/Documents/Repos/GHC-2022-data-engineering-workshop/venv/lib/python3.8/site-packages/airflow/example_dags/example_complex.py
[2022-08-29T20:03:09.523-0400] {logging_mixin.py:115} INFO - [2022-08-29T20:03:09.523-0400] {dag.py:2429} INFO - Sync 1 DAGs
[2022-08-29T20:03:09.541-0400] {logging_mixin.py:115} INFO - [2022-08-29T20:03:09.540-0400] {dag.py:2977} INFO - Setting next_dagrun for example_complex to None, run_after=None
[2022-08-29T20:03:09.556-0400] {processor.py:161} INFO - Processing /Users/jl/Documents/Repos/GHC-2022-data-engineering-workshop/venv/lib/python3.8/site-packages/airflow/example_dags/example_complex.py took 0.147 seconds
[2022-08-29T20:04:36.394-0400] {processor.py:153} INFO - Started process (PID=14603) to work on /Users/jl/Documents/Repos/GHC-2022-data-engineering-workshop/venv/lib/python3.8/site-packages/airflow/example_dags/example_complex.py
[2022-08-29T20:04:36.403-0400] {processor.py:640} INFO - Processing file /Users/jl/Documents/Repos/GHC-2022-data-engineering-workshop/venv/lib/python3.8/site-packages/airflow/example_dags/example_complex.py for tasks to queue
[2022-08-29T20:04:36.403-0400] {logging_mixin.py:115} INFO - [2022-08-29T20:04:36.403-0400] {dagbag.py:508} INFO - Filling up the DagBag from /Users/jl/Documents/Repos/GHC-2022-data-engineering-workshop/venv/lib/python3.8/site-packages/airflow/example_dags/example_complex.py
[2022-08-29T20:04:36.425-0400] {processor.py:650} INFO - DAG(s) dict_keys(['example_complex']) retrieved from /Users/jl/Documents/Repos/GHC-2022-data-engineering-workshop/venv/lib/python3.8/site-packages/airflow/example_dags/example_complex.py
[2022-08-29T20:04:36.508-0400] {logging_mixin.py:115} INFO - [2022-08-29T20:04:36.508-0400] {dag.py:2429} INFO - Sync 1 DAGs
[2022-08-29T20:04:36.525-0400] {logging_mixin.py:115} INFO - [2022-08-29T20:04:36.525-0400] {dag.py:2977} INFO - Setting next_dagrun for example_complex to None, run_after=None
[2022-08-29T20:04:36.541-0400] {processor.py:161} INFO - Processing /Users/jl/Documents/Repos/GHC-2022-data-engineering-workshop/venv/lib/python3.8/site-packages/airflow/example_dags/example_complex.py took 0.147 seconds
[2022-08-29T20:06:04.182-0400] {processor.py:153} INFO - Started process (PID=14684) to work on /Users/jl/Documents/Repos/GHC-2022-data-engineering-workshop/venv/lib/python3.8/site-packages/airflow/example_dags/example_complex.py
[2022-08-29T20:06:04.190-0400] {processor.py:640} INFO - Processing file /Users/jl/Documents/Repos/GHC-2022-data-engineering-workshop/venv/lib/python3.8/site-packages/airflow/example_dags/example_complex.py for tasks to queue
[2022-08-29T20:06:04.190-0400] {logging_mixin.py:115} INFO - [2022-08-29T20:06:04.190-0400] {dagbag.py:508} INFO - Filling up the DagBag from /Users/jl/Documents/Repos/GHC-2022-data-engineering-workshop/venv/lib/python3.8/site-packages/airflow/example_dags/example_complex.py
[2022-08-29T20:06:04.213-0400] {processor.py:650} INFO - DAG(s) dict_keys(['example_complex']) retrieved from /Users/jl/Documents/Repos/GHC-2022-data-engineering-workshop/venv/lib/python3.8/site-packages/airflow/example_dags/example_complex.py
[2022-08-29T20:06:04.295-0400] {logging_mixin.py:115} INFO - [2022-08-29T20:06:04.295-0400] {dag.py:2429} INFO - Sync 1 DAGs
[2022-08-29T20:06:04.313-0400] {logging_mixin.py:115} INFO - [2022-08-29T20:06:04.313-0400] {dag.py:2977} INFO - Setting next_dagrun for example_complex to None, run_after=None
[2022-08-29T20:06:04.328-0400] {processor.py:161} INFO - Processing /Users/jl/Documents/Repos/GHC-2022-data-engineering-workshop/venv/lib/python3.8/site-packages/airflow/example_dags/example_complex.py took 0.148 seconds
[2022-08-29T20:07:30.873-0400] {processor.py:153} INFO - Started process (PID=14767) to work on /Users/jl/Documents/Repos/GHC-2022-data-engineering-workshop/venv/lib/python3.8/site-packages/airflow/example_dags/example_complex.py
[2022-08-29T20:07:30.881-0400] {processor.py:640} INFO - Processing file /Users/jl/Documents/Repos/GHC-2022-data-engineering-workshop/venv/lib/python3.8/site-packages/airflow/example_dags/example_complex.py for tasks to queue
[2022-08-29T20:07:30.882-0400] {logging_mixin.py:115} INFO - [2022-08-29T20:07:30.881-0400] {dagbag.py:508} INFO - Filling up the DagBag from /Users/jl/Documents/Repos/GHC-2022-data-engineering-workshop/venv/lib/python3.8/site-packages/airflow/example_dags/example_complex.py
[2022-08-29T20:07:30.903-0400] {processor.py:650} INFO - DAG(s) dict_keys(['example_complex']) retrieved from /Users/jl/Documents/Repos/GHC-2022-data-engineering-workshop/venv/lib/python3.8/site-packages/airflow/example_dags/example_complex.py
[2022-08-29T20:07:30.987-0400] {logging_mixin.py:115} INFO - [2022-08-29T20:07:30.986-0400] {dag.py:2429} INFO - Sync 1 DAGs
[2022-08-29T20:07:31.004-0400] {logging_mixin.py:115} INFO - [2022-08-29T20:07:31.004-0400] {dag.py:2977} INFO - Setting next_dagrun for example_complex to None, run_after=None
[2022-08-29T20:07:31.019-0400] {processor.py:161} INFO - Processing /Users/jl/Documents/Repos/GHC-2022-data-engineering-workshop/venv/lib/python3.8/site-packages/airflow/example_dags/example_complex.py took 0.148 seconds
[2022-08-29T20:08:58.507-0400] {processor.py:153} INFO - Started process (PID=14847) to work on /Users/jl/Documents/Repos/GHC-2022-data-engineering-workshop/venv/lib/python3.8/site-packages/airflow/example_dags/example_complex.py
[2022-08-29T20:08:58.515-0400] {processor.py:640} INFO - Processing file /Users/jl/Documents/Repos/GHC-2022-data-engineering-workshop/venv/lib/python3.8/site-packages/airflow/example_dags/example_complex.py for tasks to queue
[2022-08-29T20:08:58.516-0400] {logging_mixin.py:115} INFO - [2022-08-29T20:08:58.516-0400] {dagbag.py:508} INFO - Filling up the DagBag from /Users/jl/Documents/Repos/GHC-2022-data-engineering-workshop/venv/lib/python3.8/site-packages/airflow/example_dags/example_complex.py
[2022-08-29T20:08:58.538-0400] {processor.py:650} INFO - DAG(s) dict_keys(['example_complex']) retrieved from /Users/jl/Documents/Repos/GHC-2022-data-engineering-workshop/venv/lib/python3.8/site-packages/airflow/example_dags/example_complex.py
[2022-08-29T20:08:58.621-0400] {logging_mixin.py:115} INFO - [2022-08-29T20:08:58.621-0400] {dag.py:2429} INFO - Sync 1 DAGs
[2022-08-29T20:08:58.638-0400] {logging_mixin.py:115} INFO - [2022-08-29T20:08:58.638-0400] {dag.py:2977} INFO - Setting next_dagrun for example_complex to None, run_after=None
[2022-08-29T20:08:58.653-0400] {processor.py:161} INFO - Processing /Users/jl/Documents/Repos/GHC-2022-data-engineering-workshop/venv/lib/python3.8/site-packages/airflow/example_dags/example_complex.py took 0.147 seconds
[2022-08-29T20:10:36.101-0400] {processor.py:153} INFO - Started process (PID=14936) to work on /Users/jl/Documents/Repos/GHC-2022-data-engineering-workshop/venv/lib/python3.8/site-packages/airflow/example_dags/example_complex.py
[2022-08-29T20:10:36.111-0400] {processor.py:640} INFO - Processing file /Users/jl/Documents/Repos/GHC-2022-data-engineering-workshop/venv/lib/python3.8/site-packages/airflow/example_dags/example_complex.py for tasks to queue
[2022-08-29T20:10:36.112-0400] {logging_mixin.py:115} INFO - [2022-08-29T20:10:36.112-0400] {dagbag.py:508} INFO - Filling up the DagBag from /Users/jl/Documents/Repos/GHC-2022-data-engineering-workshop/venv/lib/python3.8/site-packages/airflow/example_dags/example_complex.py
[2022-08-29T20:10:36.136-0400] {processor.py:650} INFO - DAG(s) dict_keys(['example_complex']) retrieved from /Users/jl/Documents/Repos/GHC-2022-data-engineering-workshop/venv/lib/python3.8/site-packages/airflow/example_dags/example_complex.py
[2022-08-29T20:10:36.219-0400] {logging_mixin.py:115} INFO - [2022-08-29T20:10:36.219-0400] {dag.py:2429} INFO - Sync 1 DAGs
[2022-08-29T20:10:36.237-0400] {logging_mixin.py:115} INFO - [2022-08-29T20:10:36.237-0400] {dag.py:2977} INFO - Setting next_dagrun for example_complex to None, run_after=None
[2022-08-29T20:10:36.253-0400] {processor.py:161} INFO - Processing /Users/jl/Documents/Repos/GHC-2022-data-engineering-workshop/venv/lib/python3.8/site-packages/airflow/example_dags/example_complex.py took 0.153 seconds
[2022-08-29T20:12:06.924-0400] {processor.py:153} INFO - Started process (PID=15021) to work on /Users/jl/Documents/Repos/GHC-2022-data-engineering-workshop/venv/lib/python3.8/site-packages/airflow/example_dags/example_complex.py
[2022-08-29T20:12:06.933-0400] {processor.py:640} INFO - Processing file /Users/jl/Documents/Repos/GHC-2022-data-engineering-workshop/venv/lib/python3.8/site-packages/airflow/example_dags/example_complex.py for tasks to queue
[2022-08-29T20:12:06.933-0400] {logging_mixin.py:115} INFO - [2022-08-29T20:12:06.933-0400] {dagbag.py:508} INFO - Filling up the DagBag from /Users/jl/Documents/Repos/GHC-2022-data-engineering-workshop/venv/lib/python3.8/site-packages/airflow/example_dags/example_complex.py
[2022-08-29T20:12:06.956-0400] {processor.py:650} INFO - DAG(s) dict_keys(['example_complex']) retrieved from /Users/jl/Documents/Repos/GHC-2022-data-engineering-workshop/venv/lib/python3.8/site-packages/airflow/example_dags/example_complex.py
[2022-08-29T20:12:07.038-0400] {logging_mixin.py:115} INFO - [2022-08-29T20:12:07.038-0400] {dag.py:2429} INFO - Sync 1 DAGs
[2022-08-29T20:12:07.055-0400] {logging_mixin.py:115} INFO - [2022-08-29T20:12:07.055-0400] {dag.py:2977} INFO - Setting next_dagrun for example_complex to None, run_after=None
[2022-08-29T20:12:07.071-0400] {processor.py:161} INFO - Processing /Users/jl/Documents/Repos/GHC-2022-data-engineering-workshop/venv/lib/python3.8/site-packages/airflow/example_dags/example_complex.py took 0.148 seconds
[2022-08-29T20:13:36.563-0400] {processor.py:153} INFO - Started process (PID=15104) to work on /Users/jl/Documents/Repos/GHC-2022-data-engineering-workshop/venv/lib/python3.8/site-packages/airflow/example_dags/example_complex.py
[2022-08-29T20:13:36.571-0400] {processor.py:640} INFO - Processing file /Users/jl/Documents/Repos/GHC-2022-data-engineering-workshop/venv/lib/python3.8/site-packages/airflow/example_dags/example_complex.py for tasks to queue
[2022-08-29T20:13:36.572-0400] {logging_mixin.py:115} INFO - [2022-08-29T20:13:36.571-0400] {dagbag.py:508} INFO - Filling up the DagBag from /Users/jl/Documents/Repos/GHC-2022-data-engineering-workshop/venv/lib/python3.8/site-packages/airflow/example_dags/example_complex.py
[2022-08-29T20:13:36.594-0400] {processor.py:650} INFO - DAG(s) dict_keys(['example_complex']) retrieved from /Users/jl/Documents/Repos/GHC-2022-data-engineering-workshop/venv/lib/python3.8/site-packages/airflow/example_dags/example_complex.py
[2022-08-29T20:13:36.678-0400] {logging_mixin.py:115} INFO - [2022-08-29T20:13:36.678-0400] {dag.py:2429} INFO - Sync 1 DAGs
[2022-08-29T20:13:36.696-0400] {logging_mixin.py:115} INFO - [2022-08-29T20:13:36.696-0400] {dag.py:2977} INFO - Setting next_dagrun for example_complex to None, run_after=None
[2022-08-29T20:13:36.711-0400] {processor.py:161} INFO - Processing /Users/jl/Documents/Repos/GHC-2022-data-engineering-workshop/venv/lib/python3.8/site-packages/airflow/example_dags/example_complex.py took 0.150 seconds
[2022-08-29T20:15:10.812-0400] {processor.py:153} INFO - Started process (PID=15219) to work on /Users/jl/Documents/Repos/GHC-2022-data-engineering-workshop/venv/lib/python3.8/site-packages/airflow/example_dags/example_complex.py
[2022-08-29T20:15:10.825-0400] {processor.py:640} INFO - Processing file /Users/jl/Documents/Repos/GHC-2022-data-engineering-workshop/venv/lib/python3.8/site-packages/airflow/example_dags/example_complex.py for tasks to queue
[2022-08-29T20:15:10.825-0400] {logging_mixin.py:115} INFO - [2022-08-29T20:15:10.825-0400] {dagbag.py:508} INFO - Filling up the DagBag from /Users/jl/Documents/Repos/GHC-2022-data-engineering-workshop/venv/lib/python3.8/site-packages/airflow/example_dags/example_complex.py
[2022-08-29T20:15:10.858-0400] {processor.py:650} INFO - DAG(s) dict_keys(['example_complex']) retrieved from /Users/jl/Documents/Repos/GHC-2022-data-engineering-workshop/venv/lib/python3.8/site-packages/airflow/example_dags/example_complex.py
[2022-08-29T20:15:10.959-0400] {logging_mixin.py:115} INFO - [2022-08-29T20:15:10.959-0400] {dag.py:2429} INFO - Sync 1 DAGs
[2022-08-29T20:15:10.977-0400] {logging_mixin.py:115} INFO - [2022-08-29T20:15:10.976-0400] {dag.py:2977} INFO - Setting next_dagrun for example_complex to None, run_after=None
[2022-08-29T20:15:10.993-0400] {processor.py:161} INFO - Processing /Users/jl/Documents/Repos/GHC-2022-data-engineering-workshop/venv/lib/python3.8/site-packages/airflow/example_dags/example_complex.py took 0.182 seconds
[2022-08-29T20:16:55.569-0400] {processor.py:153} INFO - Started process (PID=15308) to work on /Users/jl/Documents/Repos/GHC-2022-data-engineering-workshop/venv/lib/python3.8/site-packages/airflow/example_dags/example_complex.py
[2022-08-29T20:16:55.578-0400] {processor.py:640} INFO - Processing file /Users/jl/Documents/Repos/GHC-2022-data-engineering-workshop/venv/lib/python3.8/site-packages/airflow/example_dags/example_complex.py for tasks to queue
[2022-08-29T20:16:55.578-0400] {logging_mixin.py:115} INFO - [2022-08-29T20:16:55.578-0400] {dagbag.py:508} INFO - Filling up the DagBag from /Users/jl/Documents/Repos/GHC-2022-data-engineering-workshop/venv/lib/python3.8/site-packages/airflow/example_dags/example_complex.py
[2022-08-29T20:16:55.602-0400] {processor.py:650} INFO - DAG(s) dict_keys(['example_complex']) retrieved from /Users/jl/Documents/Repos/GHC-2022-data-engineering-workshop/venv/lib/python3.8/site-packages/airflow/example_dags/example_complex.py
[2022-08-29T20:16:55.690-0400] {logging_mixin.py:115} INFO - [2022-08-29T20:16:55.690-0400] {dag.py:2429} INFO - Sync 1 DAGs
[2022-08-29T20:16:55.709-0400] {logging_mixin.py:115} INFO - [2022-08-29T20:16:55.709-0400] {dag.py:2977} INFO - Setting next_dagrun for example_complex to None, run_after=None
[2022-08-29T20:16:55.726-0400] {processor.py:161} INFO - Processing /Users/jl/Documents/Repos/GHC-2022-data-engineering-workshop/venv/lib/python3.8/site-packages/airflow/example_dags/example_complex.py took 0.158 seconds
[2022-08-29T20:18:49.313-0400] {processor.py:153} INFO - Started process (PID=15437) to work on /Users/jl/Documents/Repos/GHC-2022-data-engineering-workshop/venv/lib/python3.8/site-packages/airflow/example_dags/example_complex.py
[2022-08-29T20:18:49.322-0400] {processor.py:640} INFO - Processing file /Users/jl/Documents/Repos/GHC-2022-data-engineering-workshop/venv/lib/python3.8/site-packages/airflow/example_dags/example_complex.py for tasks to queue
[2022-08-29T20:18:49.323-0400] {logging_mixin.py:115} INFO - [2022-08-29T20:18:49.322-0400] {dagbag.py:508} INFO - Filling up the DagBag from /Users/jl/Documents/Repos/GHC-2022-data-engineering-workshop/venv/lib/python3.8/site-packages/airflow/example_dags/example_complex.py
[2022-08-29T20:18:49.348-0400] {processor.py:650} INFO - DAG(s) dict_keys(['example_complex']) retrieved from /Users/jl/Documents/Repos/GHC-2022-data-engineering-workshop/venv/lib/python3.8/site-packages/airflow/example_dags/example_complex.py
[2022-08-29T20:18:49.460-0400] {logging_mixin.py:115} INFO - [2022-08-29T20:18:49.460-0400] {dag.py:2429} INFO - Sync 1 DAGs
[2022-08-29T20:18:49.489-0400] {logging_mixin.py:115} INFO - [2022-08-29T20:18:49.489-0400] {dag.py:2977} INFO - Setting next_dagrun for example_complex to None, run_after=None
[2022-08-29T20:18:49.527-0400] {processor.py:161} INFO - Processing /Users/jl/Documents/Repos/GHC-2022-data-engineering-workshop/venv/lib/python3.8/site-packages/airflow/example_dags/example_complex.py took 0.215 seconds
[2022-08-29T20:20:31.805-0400] {processor.py:153} INFO - Started process (PID=15533) to work on /Users/jl/Documents/Repos/GHC-2022-data-engineering-workshop/venv/lib/python3.8/site-packages/airflow/example_dags/example_complex.py
[2022-08-29T20:20:31.815-0400] {processor.py:640} INFO - Processing file /Users/jl/Documents/Repos/GHC-2022-data-engineering-workshop/venv/lib/python3.8/site-packages/airflow/example_dags/example_complex.py for tasks to queue
[2022-08-29T20:20:31.816-0400] {logging_mixin.py:115} INFO - [2022-08-29T20:20:31.816-0400] {dagbag.py:508} INFO - Filling up the DagBag from /Users/jl/Documents/Repos/GHC-2022-data-engineering-workshop/venv/lib/python3.8/site-packages/airflow/example_dags/example_complex.py
[2022-08-29T20:20:31.841-0400] {processor.py:650} INFO - DAG(s) dict_keys(['example_complex']) retrieved from /Users/jl/Documents/Repos/GHC-2022-data-engineering-workshop/venv/lib/python3.8/site-packages/airflow/example_dags/example_complex.py
[2022-08-29T20:20:31.924-0400] {logging_mixin.py:115} INFO - [2022-08-29T20:20:31.923-0400] {dag.py:2429} INFO - Sync 1 DAGs
[2022-08-29T20:20:31.941-0400] {logging_mixin.py:115} INFO - [2022-08-29T20:20:31.941-0400] {dag.py:2977} INFO - Setting next_dagrun for example_complex to None, run_after=None
[2022-08-29T20:20:31.956-0400] {processor.py:161} INFO - Processing /Users/jl/Documents/Repos/GHC-2022-data-engineering-workshop/venv/lib/python3.8/site-packages/airflow/example_dags/example_complex.py took 0.152 seconds
[2022-08-29T20:21:59.496-0400] {processor.py:153} INFO - Started process (PID=15616) to work on /Users/jl/Documents/Repos/GHC-2022-data-engineering-workshop/venv/lib/python3.8/site-packages/airflow/example_dags/example_complex.py
[2022-08-29T20:21:59.504-0400] {processor.py:640} INFO - Processing file /Users/jl/Documents/Repos/GHC-2022-data-engineering-workshop/venv/lib/python3.8/site-packages/airflow/example_dags/example_complex.py for tasks to queue
[2022-08-29T20:21:59.505-0400] {logging_mixin.py:115} INFO - [2022-08-29T20:21:59.505-0400] {dagbag.py:508} INFO - Filling up the DagBag from /Users/jl/Documents/Repos/GHC-2022-data-engineering-workshop/venv/lib/python3.8/site-packages/airflow/example_dags/example_complex.py
[2022-08-29T20:21:59.527-0400] {processor.py:650} INFO - DAG(s) dict_keys(['example_complex']) retrieved from /Users/jl/Documents/Repos/GHC-2022-data-engineering-workshop/venv/lib/python3.8/site-packages/airflow/example_dags/example_complex.py
[2022-08-29T20:21:59.609-0400] {logging_mixin.py:115} INFO - [2022-08-29T20:21:59.609-0400] {dag.py:2429} INFO - Sync 1 DAGs
[2022-08-29T20:21:59.626-0400] {logging_mixin.py:115} INFO - [2022-08-29T20:21:59.625-0400] {dag.py:2977} INFO - Setting next_dagrun for example_complex to None, run_after=None
[2022-08-29T20:21:59.641-0400] {processor.py:161} INFO - Processing /Users/jl/Documents/Repos/GHC-2022-data-engineering-workshop/venv/lib/python3.8/site-packages/airflow/example_dags/example_complex.py took 0.146 seconds
[2022-08-29T20:23:25.051-0400] {processor.py:153} INFO - Started process (PID=15697) to work on /Users/jl/Documents/Repos/GHC-2022-data-engineering-workshop/venv/lib/python3.8/site-packages/airflow/example_dags/example_complex.py
[2022-08-29T20:23:25.059-0400] {processor.py:640} INFO - Processing file /Users/jl/Documents/Repos/GHC-2022-data-engineering-workshop/venv/lib/python3.8/site-packages/airflow/example_dags/example_complex.py for tasks to queue
[2022-08-29T20:23:25.060-0400] {logging_mixin.py:115} INFO - [2022-08-29T20:23:25.059-0400] {dagbag.py:508} INFO - Filling up the DagBag from /Users/jl/Documents/Repos/GHC-2022-data-engineering-workshop/venv/lib/python3.8/site-packages/airflow/example_dags/example_complex.py
[2022-08-29T20:23:25.082-0400] {processor.py:650} INFO - DAG(s) dict_keys(['example_complex']) retrieved from /Users/jl/Documents/Repos/GHC-2022-data-engineering-workshop/venv/lib/python3.8/site-packages/airflow/example_dags/example_complex.py
[2022-08-29T20:23:25.164-0400] {logging_mixin.py:115} INFO - [2022-08-29T20:23:25.163-0400] {dag.py:2429} INFO - Sync 1 DAGs
[2022-08-29T20:23:25.181-0400] {logging_mixin.py:115} INFO - [2022-08-29T20:23:25.180-0400] {dag.py:2977} INFO - Setting next_dagrun for example_complex to None, run_after=None
[2022-08-29T20:23:25.196-0400] {processor.py:161} INFO - Processing /Users/jl/Documents/Repos/GHC-2022-data-engineering-workshop/venv/lib/python3.8/site-packages/airflow/example_dags/example_complex.py took 0.146 seconds
[2022-08-29T20:24:54.447-0400] {processor.py:153} INFO - Started process (PID=15780) to work on /Users/jl/Documents/Repos/GHC-2022-data-engineering-workshop/venv/lib/python3.8/site-packages/airflow/example_dags/example_complex.py
[2022-08-29T20:24:54.455-0400] {processor.py:640} INFO - Processing file /Users/jl/Documents/Repos/GHC-2022-data-engineering-workshop/venv/lib/python3.8/site-packages/airflow/example_dags/example_complex.py for tasks to queue
[2022-08-29T20:24:54.456-0400] {logging_mixin.py:115} INFO - [2022-08-29T20:24:54.456-0400] {dagbag.py:508} INFO - Filling up the DagBag from /Users/jl/Documents/Repos/GHC-2022-data-engineering-workshop/venv/lib/python3.8/site-packages/airflow/example_dags/example_complex.py
[2022-08-29T20:24:54.478-0400] {processor.py:650} INFO - DAG(s) dict_keys(['example_complex']) retrieved from /Users/jl/Documents/Repos/GHC-2022-data-engineering-workshop/venv/lib/python3.8/site-packages/airflow/example_dags/example_complex.py
[2022-08-29T20:24:54.562-0400] {logging_mixin.py:115} INFO - [2022-08-29T20:24:54.562-0400] {dag.py:2429} INFO - Sync 1 DAGs
[2022-08-29T20:24:54.579-0400] {logging_mixin.py:115} INFO - [2022-08-29T20:24:54.579-0400] {dag.py:2977} INFO - Setting next_dagrun for example_complex to None, run_after=None
[2022-08-29T20:24:54.595-0400] {processor.py:161} INFO - Processing /Users/jl/Documents/Repos/GHC-2022-data-engineering-workshop/venv/lib/python3.8/site-packages/airflow/example_dags/example_complex.py took 0.149 seconds
[2022-08-29T20:27:02.685-0400] {processor.py:153} INFO - Started process (PID=15903) to work on /Users/jl/Documents/Repos/GHC-2022-data-engineering-workshop/venv/lib/python3.8/site-packages/airflow/example_dags/example_complex.py
[2022-08-29T20:27:02.696-0400] {processor.py:640} INFO - Processing file /Users/jl/Documents/Repos/GHC-2022-data-engineering-workshop/venv/lib/python3.8/site-packages/airflow/example_dags/example_complex.py for tasks to queue
[2022-08-29T20:27:02.696-0400] {logging_mixin.py:115} INFO - [2022-08-29T20:27:02.696-0400] {dagbag.py:508} INFO - Filling up the DagBag from /Users/jl/Documents/Repos/GHC-2022-data-engineering-workshop/venv/lib/python3.8/site-packages/airflow/example_dags/example_complex.py
[2022-08-29T20:27:02.722-0400] {processor.py:650} INFO - DAG(s) dict_keys(['example_complex']) retrieved from /Users/jl/Documents/Repos/GHC-2022-data-engineering-workshop/venv/lib/python3.8/site-packages/airflow/example_dags/example_complex.py
[2022-08-29T20:27:02.804-0400] {logging_mixin.py:115} INFO - [2022-08-29T20:27:02.804-0400] {dag.py:2429} INFO - Sync 1 DAGs
[2022-08-29T20:27:02.821-0400] {logging_mixin.py:115} INFO - [2022-08-29T20:27:02.821-0400] {dag.py:2977} INFO - Setting next_dagrun for example_complex to None, run_after=None
[2022-08-29T20:27:02.836-0400] {processor.py:161} INFO - Processing /Users/jl/Documents/Repos/GHC-2022-data-engineering-workshop/venv/lib/python3.8/site-packages/airflow/example_dags/example_complex.py took 0.152 seconds
[2022-08-29T20:28:43.188-0400] {processor.py:153} INFO - Started process (PID=15993) to work on /Users/jl/Documents/Repos/GHC-2022-data-engineering-workshop/venv/lib/python3.8/site-packages/airflow/example_dags/example_complex.py
[2022-08-29T20:28:43.196-0400] {processor.py:640} INFO - Processing file /Users/jl/Documents/Repos/GHC-2022-data-engineering-workshop/venv/lib/python3.8/site-packages/airflow/example_dags/example_complex.py for tasks to queue
[2022-08-29T20:28:43.196-0400] {logging_mixin.py:115} INFO - [2022-08-29T20:28:43.196-0400] {dagbag.py:508} INFO - Filling up the DagBag from /Users/jl/Documents/Repos/GHC-2022-data-engineering-workshop/venv/lib/python3.8/site-packages/airflow/example_dags/example_complex.py
[2022-08-29T20:28:43.219-0400] {processor.py:650} INFO - DAG(s) dict_keys(['example_complex']) retrieved from /Users/jl/Documents/Repos/GHC-2022-data-engineering-workshop/venv/lib/python3.8/site-packages/airflow/example_dags/example_complex.py
[2022-08-29T20:28:43.300-0400] {logging_mixin.py:115} INFO - [2022-08-29T20:28:43.299-0400] {dag.py:2429} INFO - Sync 1 DAGs
[2022-08-29T20:28:43.318-0400] {logging_mixin.py:115} INFO - [2022-08-29T20:28:43.318-0400] {dag.py:2977} INFO - Setting next_dagrun for example_complex to None, run_after=None
[2022-08-29T20:28:43.334-0400] {processor.py:161} INFO - Processing /Users/jl/Documents/Repos/GHC-2022-data-engineering-workshop/venv/lib/python3.8/site-packages/airflow/example_dags/example_complex.py took 0.147 seconds
[2022-08-29T20:30:45.021-0400] {processor.py:153} INFO - Started process (PID=16105) to work on /Users/jl/Documents/Repos/GHC-2022-data-engineering-workshop/venv/lib/python3.8/site-packages/airflow/example_dags/example_complex.py
[2022-08-29T20:30:45.032-0400] {processor.py:640} INFO - Processing file /Users/jl/Documents/Repos/GHC-2022-data-engineering-workshop/venv/lib/python3.8/site-packages/airflow/example_dags/example_complex.py for tasks to queue
[2022-08-29T20:30:45.032-0400] {logging_mixin.py:115} INFO - [2022-08-29T20:30:45.032-0400] {dagbag.py:508} INFO - Filling up the DagBag from /Users/jl/Documents/Repos/GHC-2022-data-engineering-workshop/venv/lib/python3.8/site-packages/airflow/example_dags/example_complex.py
[2022-08-29T20:30:45.059-0400] {processor.py:650} INFO - DAG(s) dict_keys(['example_complex']) retrieved from /Users/jl/Documents/Repos/GHC-2022-data-engineering-workshop/venv/lib/python3.8/site-packages/airflow/example_dags/example_complex.py
[2022-08-29T20:30:45.153-0400] {logging_mixin.py:115} INFO - [2022-08-29T20:30:45.152-0400] {dag.py:2429} INFO - Sync 1 DAGs
[2022-08-29T20:30:45.172-0400] {logging_mixin.py:115} INFO - [2022-08-29T20:30:45.172-0400] {dag.py:2977} INFO - Setting next_dagrun for example_complex to None, run_after=None
[2022-08-29T20:30:45.188-0400] {processor.py:161} INFO - Processing /Users/jl/Documents/Repos/GHC-2022-data-engineering-workshop/venv/lib/python3.8/site-packages/airflow/example_dags/example_complex.py took 0.168 seconds
[2022-08-29T20:32:47.322-0400] {processor.py:153} INFO - Started process (PID=16226) to work on /Users/jl/Documents/Repos/GHC-2022-data-engineering-workshop/venv/lib/python3.8/site-packages/airflow/example_dags/example_complex.py
[2022-08-29T20:32:47.333-0400] {processor.py:640} INFO - Processing file /Users/jl/Documents/Repos/GHC-2022-data-engineering-workshop/venv/lib/python3.8/site-packages/airflow/example_dags/example_complex.py for tasks to queue
[2022-08-29T20:32:47.334-0400] {logging_mixin.py:115} INFO - [2022-08-29T20:32:47.334-0400] {dagbag.py:508} INFO - Filling up the DagBag from /Users/jl/Documents/Repos/GHC-2022-data-engineering-workshop/venv/lib/python3.8/site-packages/airflow/example_dags/example_complex.py
[2022-08-29T20:32:47.359-0400] {processor.py:650} INFO - DAG(s) dict_keys(['example_complex']) retrieved from /Users/jl/Documents/Repos/GHC-2022-data-engineering-workshop/venv/lib/python3.8/site-packages/airflow/example_dags/example_complex.py
[2022-08-29T20:32:47.448-0400] {logging_mixin.py:115} INFO - [2022-08-29T20:32:47.448-0400] {dag.py:2429} INFO - Sync 1 DAGs
[2022-08-29T20:32:47.466-0400] {logging_mixin.py:115} INFO - [2022-08-29T20:32:47.465-0400] {dag.py:2977} INFO - Setting next_dagrun for example_complex to None, run_after=None
[2022-08-29T20:32:47.481-0400] {processor.py:161} INFO - Processing /Users/jl/Documents/Repos/GHC-2022-data-engineering-workshop/venv/lib/python3.8/site-packages/airflow/example_dags/example_complex.py took 0.160 seconds
[2022-08-29T20:34:43.535-0400] {processor.py:153} INFO - Started process (PID=16327) to work on /Users/jl/Documents/Repos/GHC-2022-data-engineering-workshop/venv/lib/python3.8/site-packages/airflow/example_dags/example_complex.py
[2022-08-29T20:34:43.545-0400] {processor.py:640} INFO - Processing file /Users/jl/Documents/Repos/GHC-2022-data-engineering-workshop/venv/lib/python3.8/site-packages/airflow/example_dags/example_complex.py for tasks to queue
[2022-08-29T20:34:43.545-0400] {logging_mixin.py:115} INFO - [2022-08-29T20:34:43.545-0400] {dagbag.py:508} INFO - Filling up the DagBag from /Users/jl/Documents/Repos/GHC-2022-data-engineering-workshop/venv/lib/python3.8/site-packages/airflow/example_dags/example_complex.py
[2022-08-29T20:34:43.569-0400] {processor.py:650} INFO - DAG(s) dict_keys(['example_complex']) retrieved from /Users/jl/Documents/Repos/GHC-2022-data-engineering-workshop/venv/lib/python3.8/site-packages/airflow/example_dags/example_complex.py
[2022-08-29T20:34:43.653-0400] {logging_mixin.py:115} INFO - [2022-08-29T20:34:43.653-0400] {dag.py:2429} INFO - Sync 1 DAGs
[2022-08-29T20:34:43.670-0400] {logging_mixin.py:115} INFO - [2022-08-29T20:34:43.670-0400] {dag.py:2977} INFO - Setting next_dagrun for example_complex to None, run_after=None
[2022-08-29T20:34:43.685-0400] {processor.py:161} INFO - Processing /Users/jl/Documents/Repos/GHC-2022-data-engineering-workshop/venv/lib/python3.8/site-packages/airflow/example_dags/example_complex.py took 0.151 seconds
[2022-08-29T20:36:33.284-0400] {processor.py:153} INFO - Started process (PID=16453) to work on /Users/jl/Documents/Repos/GHC-2022-data-engineering-workshop/venv/lib/python3.8/site-packages/airflow/example_dags/example_complex.py
[2022-08-29T20:36:33.294-0400] {processor.py:640} INFO - Processing file /Users/jl/Documents/Repos/GHC-2022-data-engineering-workshop/venv/lib/python3.8/site-packages/airflow/example_dags/example_complex.py for tasks to queue
[2022-08-29T20:36:33.295-0400] {logging_mixin.py:115} INFO - [2022-08-29T20:36:33.294-0400] {dagbag.py:508} INFO - Filling up the DagBag from /Users/jl/Documents/Repos/GHC-2022-data-engineering-workshop/venv/lib/python3.8/site-packages/airflow/example_dags/example_complex.py
[2022-08-29T20:36:33.319-0400] {processor.py:650} INFO - DAG(s) dict_keys(['example_complex']) retrieved from /Users/jl/Documents/Repos/GHC-2022-data-engineering-workshop/venv/lib/python3.8/site-packages/airflow/example_dags/example_complex.py
[2022-08-29T20:36:33.404-0400] {logging_mixin.py:115} INFO - [2022-08-29T20:36:33.403-0400] {dag.py:2429} INFO - Sync 1 DAGs
[2022-08-29T20:36:33.421-0400] {logging_mixin.py:115} INFO - [2022-08-29T20:36:33.421-0400] {dag.py:2977} INFO - Setting next_dagrun for example_complex to None, run_after=None
[2022-08-29T20:36:33.438-0400] {processor.py:161} INFO - Processing /Users/jl/Documents/Repos/GHC-2022-data-engineering-workshop/venv/lib/python3.8/site-packages/airflow/example_dags/example_complex.py took 0.155 seconds
[2022-08-29T20:38:27.391-0400] {processor.py:153} INFO - Started process (PID=16567) to work on /Users/jl/Documents/Repos/GHC-2022-data-engineering-workshop/venv/lib/python3.8/site-packages/airflow/example_dags/example_complex.py
[2022-08-29T20:38:27.402-0400] {processor.py:640} INFO - Processing file /Users/jl/Documents/Repos/GHC-2022-data-engineering-workshop/venv/lib/python3.8/site-packages/airflow/example_dags/example_complex.py for tasks to queue
[2022-08-29T20:38:27.402-0400] {logging_mixin.py:115} INFO - [2022-08-29T20:38:27.402-0400] {dagbag.py:508} INFO - Filling up the DagBag from /Users/jl/Documents/Repos/GHC-2022-data-engineering-workshop/venv/lib/python3.8/site-packages/airflow/example_dags/example_complex.py
[2022-08-29T20:38:27.434-0400] {processor.py:650} INFO - DAG(s) dict_keys(['example_complex']) retrieved from /Users/jl/Documents/Repos/GHC-2022-data-engineering-workshop/venv/lib/python3.8/site-packages/airflow/example_dags/example_complex.py
[2022-08-29T20:38:27.525-0400] {logging_mixin.py:115} INFO - [2022-08-29T20:38:27.524-0400] {dag.py:2429} INFO - Sync 1 DAGs
[2022-08-29T20:38:27.545-0400] {logging_mixin.py:115} INFO - [2022-08-29T20:38:27.545-0400] {dag.py:2977} INFO - Setting next_dagrun for example_complex to None, run_after=None
[2022-08-29T20:38:27.566-0400] {processor.py:161} INFO - Processing /Users/jl/Documents/Repos/GHC-2022-data-engineering-workshop/venv/lib/python3.8/site-packages/airflow/example_dags/example_complex.py took 0.176 seconds
[2022-08-29T20:40:21.545-0400] {processor.py:153} INFO - Started process (PID=16666) to work on /Users/jl/Documents/Repos/GHC-2022-data-engineering-workshop/venv/lib/python3.8/site-packages/airflow/example_dags/example_complex.py
[2022-08-29T20:40:21.555-0400] {processor.py:640} INFO - Processing file /Users/jl/Documents/Repos/GHC-2022-data-engineering-workshop/venv/lib/python3.8/site-packages/airflow/example_dags/example_complex.py for tasks to queue
[2022-08-29T20:40:21.556-0400] {logging_mixin.py:115} INFO - [2022-08-29T20:40:21.556-0400] {dagbag.py:508} INFO - Filling up the DagBag from /Users/jl/Documents/Repos/GHC-2022-data-engineering-workshop/venv/lib/python3.8/site-packages/airflow/example_dags/example_complex.py
[2022-08-29T20:40:21.579-0400] {processor.py:650} INFO - DAG(s) dict_keys(['example_complex']) retrieved from /Users/jl/Documents/Repos/GHC-2022-data-engineering-workshop/venv/lib/python3.8/site-packages/airflow/example_dags/example_complex.py
[2022-08-29T20:40:21.664-0400] {logging_mixin.py:115} INFO - [2022-08-29T20:40:21.664-0400] {dag.py:2429} INFO - Sync 1 DAGs
[2022-08-29T20:40:21.681-0400] {logging_mixin.py:115} INFO - [2022-08-29T20:40:21.681-0400] {dag.py:2977} INFO - Setting next_dagrun for example_complex to None, run_after=None
[2022-08-29T20:40:21.696-0400] {processor.py:161} INFO - Processing /Users/jl/Documents/Repos/GHC-2022-data-engineering-workshop/venv/lib/python3.8/site-packages/airflow/example_dags/example_complex.py took 0.152 seconds
[2022-08-29T20:42:07.953-0400] {processor.py:153} INFO - Started process (PID=16761) to work on /Users/jl/Documents/Repos/GHC-2022-data-engineering-workshop/venv/lib/python3.8/site-packages/airflow/example_dags/example_complex.py
[2022-08-29T20:42:07.963-0400] {processor.py:640} INFO - Processing file /Users/jl/Documents/Repos/GHC-2022-data-engineering-workshop/venv/lib/python3.8/site-packages/airflow/example_dags/example_complex.py for tasks to queue
[2022-08-29T20:42:07.964-0400] {logging_mixin.py:115} INFO - [2022-08-29T20:42:07.964-0400] {dagbag.py:508} INFO - Filling up the DagBag from /Users/jl/Documents/Repos/GHC-2022-data-engineering-workshop/venv/lib/python3.8/site-packages/airflow/example_dags/example_complex.py
[2022-08-29T20:42:07.988-0400] {processor.py:650} INFO - DAG(s) dict_keys(['example_complex']) retrieved from /Users/jl/Documents/Repos/GHC-2022-data-engineering-workshop/venv/lib/python3.8/site-packages/airflow/example_dags/example_complex.py
[2022-08-29T20:42:08.073-0400] {logging_mixin.py:115} INFO - [2022-08-29T20:42:08.073-0400] {dag.py:2429} INFO - Sync 1 DAGs
[2022-08-29T20:42:08.091-0400] {logging_mixin.py:115} INFO - [2022-08-29T20:42:08.091-0400] {dag.py:2977} INFO - Setting next_dagrun for example_complex to None, run_after=None
[2022-08-29T20:42:08.105-0400] {processor.py:161} INFO - Processing /Users/jl/Documents/Repos/GHC-2022-data-engineering-workshop/venv/lib/python3.8/site-packages/airflow/example_dags/example_complex.py took 0.153 seconds
[2022-08-29T20:44:03.646-0400] {processor.py:153} INFO - Started process (PID=16864) to work on /Users/jl/Documents/Repos/GHC-2022-data-engineering-workshop/venv/lib/python3.8/site-packages/airflow/example_dags/example_complex.py
[2022-08-29T20:44:03.656-0400] {processor.py:640} INFO - Processing file /Users/jl/Documents/Repos/GHC-2022-data-engineering-workshop/venv/lib/python3.8/site-packages/airflow/example_dags/example_complex.py for tasks to queue
[2022-08-29T20:44:03.658-0400] {logging_mixin.py:115} INFO - [2022-08-29T20:44:03.657-0400] {dagbag.py:508} INFO - Filling up the DagBag from /Users/jl/Documents/Repos/GHC-2022-data-engineering-workshop/venv/lib/python3.8/site-packages/airflow/example_dags/example_complex.py
[2022-08-29T20:44:03.691-0400] {processor.py:650} INFO - DAG(s) dict_keys(['example_complex']) retrieved from /Users/jl/Documents/Repos/GHC-2022-data-engineering-workshop/venv/lib/python3.8/site-packages/airflow/example_dags/example_complex.py
[2022-08-29T20:44:03.775-0400] {logging_mixin.py:115} INFO - [2022-08-29T20:44:03.775-0400] {dag.py:2429} INFO - Sync 1 DAGs
[2022-08-29T20:44:03.793-0400] {logging_mixin.py:115} INFO - [2022-08-29T20:44:03.793-0400] {dag.py:2977} INFO - Setting next_dagrun for example_complex to None, run_after=None
[2022-08-29T20:44:03.810-0400] {processor.py:161} INFO - Processing /Users/jl/Documents/Repos/GHC-2022-data-engineering-workshop/venv/lib/python3.8/site-packages/airflow/example_dags/example_complex.py took 0.165 seconds
[2022-08-29T20:45:55.028-0400] {processor.py:153} INFO - Started process (PID=16966) to work on /Users/jl/Documents/Repos/GHC-2022-data-engineering-workshop/venv/lib/python3.8/site-packages/airflow/example_dags/example_complex.py
[2022-08-29T20:45:55.038-0400] {processor.py:640} INFO - Processing file /Users/jl/Documents/Repos/GHC-2022-data-engineering-workshop/venv/lib/python3.8/site-packages/airflow/example_dags/example_complex.py for tasks to queue
[2022-08-29T20:45:55.039-0400] {logging_mixin.py:115} INFO - [2022-08-29T20:45:55.038-0400] {dagbag.py:508} INFO - Filling up the DagBag from /Users/jl/Documents/Repos/GHC-2022-data-engineering-workshop/venv/lib/python3.8/site-packages/airflow/example_dags/example_complex.py
[2022-08-29T20:45:55.062-0400] {processor.py:650} INFO - DAG(s) dict_keys(['example_complex']) retrieved from /Users/jl/Documents/Repos/GHC-2022-data-engineering-workshop/venv/lib/python3.8/site-packages/airflow/example_dags/example_complex.py
[2022-08-29T20:45:55.146-0400] {logging_mixin.py:115} INFO - [2022-08-29T20:45:55.145-0400] {dag.py:2429} INFO - Sync 1 DAGs
[2022-08-29T20:45:55.163-0400] {logging_mixin.py:115} INFO - [2022-08-29T20:45:55.162-0400] {dag.py:2977} INFO - Setting next_dagrun for example_complex to None, run_after=None
[2022-08-29T20:45:55.178-0400] {processor.py:161} INFO - Processing /Users/jl/Documents/Repos/GHC-2022-data-engineering-workshop/venv/lib/python3.8/site-packages/airflow/example_dags/example_complex.py took 0.151 seconds
[2022-08-29T20:47:38.866-0400] {processor.py:153} INFO - Started process (PID=17059) to work on /Users/jl/Documents/Repos/GHC-2022-data-engineering-workshop/venv/lib/python3.8/site-packages/airflow/example_dags/example_complex.py
[2022-08-29T20:47:38.876-0400] {processor.py:640} INFO - Processing file /Users/jl/Documents/Repos/GHC-2022-data-engineering-workshop/venv/lib/python3.8/site-packages/airflow/example_dags/example_complex.py for tasks to queue
[2022-08-29T20:47:38.877-0400] {logging_mixin.py:115} INFO - [2022-08-29T20:47:38.876-0400] {dagbag.py:508} INFO - Filling up the DagBag from /Users/jl/Documents/Repos/GHC-2022-data-engineering-workshop/venv/lib/python3.8/site-packages/airflow/example_dags/example_complex.py
[2022-08-29T20:47:38.918-0400] {processor.py:650} INFO - DAG(s) dict_keys(['example_complex']) retrieved from /Users/jl/Documents/Repos/GHC-2022-data-engineering-workshop/venv/lib/python3.8/site-packages/airflow/example_dags/example_complex.py
[2022-08-29T20:47:39.026-0400] {logging_mixin.py:115} INFO - [2022-08-29T20:47:39.026-0400] {dag.py:2429} INFO - Sync 1 DAGs
[2022-08-29T20:47:39.046-0400] {logging_mixin.py:115} INFO - [2022-08-29T20:47:39.046-0400] {dag.py:2977} INFO - Setting next_dagrun for example_complex to None, run_after=None
[2022-08-29T20:47:39.062-0400] {processor.py:161} INFO - Processing /Users/jl/Documents/Repos/GHC-2022-data-engineering-workshop/venv/lib/python3.8/site-packages/airflow/example_dags/example_complex.py took 0.197 seconds
[2022-08-29T20:49:30.790-0400] {processor.py:153} INFO - Started process (PID=17157) to work on /Users/jl/Documents/Repos/GHC-2022-data-engineering-workshop/venv/lib/python3.8/site-packages/airflow/example_dags/example_complex.py
[2022-08-29T20:49:30.800-0400] {processor.py:640} INFO - Processing file /Users/jl/Documents/Repos/GHC-2022-data-engineering-workshop/venv/lib/python3.8/site-packages/airflow/example_dags/example_complex.py for tasks to queue
[2022-08-29T20:49:30.801-0400] {logging_mixin.py:115} INFO - [2022-08-29T20:49:30.801-0400] {dagbag.py:508} INFO - Filling up the DagBag from /Users/jl/Documents/Repos/GHC-2022-data-engineering-workshop/venv/lib/python3.8/site-packages/airflow/example_dags/example_complex.py
[2022-08-29T20:49:30.825-0400] {processor.py:650} INFO - DAG(s) dict_keys(['example_complex']) retrieved from /Users/jl/Documents/Repos/GHC-2022-data-engineering-workshop/venv/lib/python3.8/site-packages/airflow/example_dags/example_complex.py
[2022-08-29T20:49:30.911-0400] {logging_mixin.py:115} INFO - [2022-08-29T20:49:30.910-0400] {dag.py:2429} INFO - Sync 1 DAGs
[2022-08-29T20:49:30.928-0400] {logging_mixin.py:115} INFO - [2022-08-29T20:49:30.928-0400] {dag.py:2977} INFO - Setting next_dagrun for example_complex to None, run_after=None
[2022-08-29T20:49:30.943-0400] {processor.py:161} INFO - Processing /Users/jl/Documents/Repos/GHC-2022-data-engineering-workshop/venv/lib/python3.8/site-packages/airflow/example_dags/example_complex.py took 0.154 seconds
[2022-08-29T20:51:06.968-0400] {processor.py:153} INFO - Started process (PID=17245) to work on /Users/jl/Documents/Repos/GHC-2022-data-engineering-workshop/venv/lib/python3.8/site-packages/airflow/example_dags/example_complex.py
[2022-08-29T20:51:06.976-0400] {processor.py:640} INFO - Processing file /Users/jl/Documents/Repos/GHC-2022-data-engineering-workshop/venv/lib/python3.8/site-packages/airflow/example_dags/example_complex.py for tasks to queue
[2022-08-29T20:51:06.977-0400] {logging_mixin.py:115} INFO - [2022-08-29T20:51:06.977-0400] {dagbag.py:508} INFO - Filling up the DagBag from /Users/jl/Documents/Repos/GHC-2022-data-engineering-workshop/venv/lib/python3.8/site-packages/airflow/example_dags/example_complex.py
[2022-08-29T20:51:06.999-0400] {processor.py:650} INFO - DAG(s) dict_keys(['example_complex']) retrieved from /Users/jl/Documents/Repos/GHC-2022-data-engineering-workshop/venv/lib/python3.8/site-packages/airflow/example_dags/example_complex.py
[2022-08-29T20:51:07.082-0400] {logging_mixin.py:115} INFO - [2022-08-29T20:51:07.082-0400] {dag.py:2429} INFO - Sync 1 DAGs
[2022-08-29T20:51:07.100-0400] {logging_mixin.py:115} INFO - [2022-08-29T20:51:07.100-0400] {dag.py:2977} INFO - Setting next_dagrun for example_complex to None, run_after=None
[2022-08-29T20:51:07.115-0400] {processor.py:161} INFO - Processing /Users/jl/Documents/Repos/GHC-2022-data-engineering-workshop/venv/lib/python3.8/site-packages/airflow/example_dags/example_complex.py took 0.148 seconds
[2022-08-29T20:52:44.571-0400] {processor.py:153} INFO - Started process (PID=17338) to work on /Users/jl/Documents/Repos/GHC-2022-data-engineering-workshop/venv/lib/python3.8/site-packages/airflow/example_dags/example_complex.py
[2022-08-29T20:52:44.579-0400] {processor.py:640} INFO - Processing file /Users/jl/Documents/Repos/GHC-2022-data-engineering-workshop/venv/lib/python3.8/site-packages/airflow/example_dags/example_complex.py for tasks to queue
[2022-08-29T20:52:44.580-0400] {logging_mixin.py:115} INFO - [2022-08-29T20:52:44.580-0400] {dagbag.py:508} INFO - Filling up the DagBag from /Users/jl/Documents/Repos/GHC-2022-data-engineering-workshop/venv/lib/python3.8/site-packages/airflow/example_dags/example_complex.py
[2022-08-29T20:52:44.602-0400] {processor.py:650} INFO - DAG(s) dict_keys(['example_complex']) retrieved from /Users/jl/Documents/Repos/GHC-2022-data-engineering-workshop/venv/lib/python3.8/site-packages/airflow/example_dags/example_complex.py
[2022-08-29T20:52:44.685-0400] {logging_mixin.py:115} INFO - [2022-08-29T20:52:44.685-0400] {dag.py:2429} INFO - Sync 1 DAGs
[2022-08-29T20:52:44.703-0400] {logging_mixin.py:115} INFO - [2022-08-29T20:52:44.703-0400] {dag.py:2977} INFO - Setting next_dagrun for example_complex to None, run_after=None
[2022-08-29T20:52:44.719-0400] {processor.py:161} INFO - Processing /Users/jl/Documents/Repos/GHC-2022-data-engineering-workshop/venv/lib/python3.8/site-packages/airflow/example_dags/example_complex.py took 0.148 seconds
[2022-08-29T20:54:49.747-0400] {processor.py:153} INFO - Started process (PID=17436) to work on /Users/jl/Documents/Repos/GHC-2022-data-engineering-workshop/venv/lib/python3.8/site-packages/airflow/example_dags/example_complex.py
[2022-08-29T20:54:49.760-0400] {processor.py:640} INFO - Processing file /Users/jl/Documents/Repos/GHC-2022-data-engineering-workshop/venv/lib/python3.8/site-packages/airflow/example_dags/example_complex.py for tasks to queue
[2022-08-29T20:54:49.760-0400] {logging_mixin.py:115} INFO - [2022-08-29T20:54:49.760-0400] {dagbag.py:508} INFO - Filling up the DagBag from /Users/jl/Documents/Repos/GHC-2022-data-engineering-workshop/venv/lib/python3.8/site-packages/airflow/example_dags/example_complex.py
[2022-08-29T20:54:49.790-0400] {processor.py:650} INFO - DAG(s) dict_keys(['example_complex']) retrieved from /Users/jl/Documents/Repos/GHC-2022-data-engineering-workshop/venv/lib/python3.8/site-packages/airflow/example_dags/example_complex.py
[2022-08-29T20:54:49.884-0400] {logging_mixin.py:115} INFO - [2022-08-29T20:54:49.883-0400] {dag.py:2429} INFO - Sync 1 DAGs
[2022-08-29T20:54:49.902-0400] {logging_mixin.py:115} INFO - [2022-08-29T20:54:49.902-0400] {dag.py:2977} INFO - Setting next_dagrun for example_complex to None, run_after=None
[2022-08-29T20:54:49.921-0400] {processor.py:161} INFO - Processing /Users/jl/Documents/Repos/GHC-2022-data-engineering-workshop/venv/lib/python3.8/site-packages/airflow/example_dags/example_complex.py took 0.174 seconds
[2022-08-29T20:56:34.469-0400] {processor.py:153} INFO - Started process (PID=17526) to work on /Users/jl/Documents/Repos/GHC-2022-data-engineering-workshop/venv/lib/python3.8/site-packages/airflow/example_dags/example_complex.py
[2022-08-29T20:56:34.477-0400] {processor.py:640} INFO - Processing file /Users/jl/Documents/Repos/GHC-2022-data-engineering-workshop/venv/lib/python3.8/site-packages/airflow/example_dags/example_complex.py for tasks to queue
[2022-08-29T20:56:34.478-0400] {logging_mixin.py:115} INFO - [2022-08-29T20:56:34.478-0400] {dagbag.py:508} INFO - Filling up the DagBag from /Users/jl/Documents/Repos/GHC-2022-data-engineering-workshop/venv/lib/python3.8/site-packages/airflow/example_dags/example_complex.py
[2022-08-29T20:56:34.500-0400] {processor.py:650} INFO - DAG(s) dict_keys(['example_complex']) retrieved from /Users/jl/Documents/Repos/GHC-2022-data-engineering-workshop/venv/lib/python3.8/site-packages/airflow/example_dags/example_complex.py
[2022-08-29T20:56:34.583-0400] {logging_mixin.py:115} INFO - [2022-08-29T20:56:34.583-0400] {dag.py:2429} INFO - Sync 1 DAGs
[2022-08-29T20:56:34.600-0400] {logging_mixin.py:115} INFO - [2022-08-29T20:56:34.600-0400] {dag.py:2977} INFO - Setting next_dagrun for example_complex to None, run_after=None
[2022-08-29T20:56:34.615-0400] {processor.py:161} INFO - Processing /Users/jl/Documents/Repos/GHC-2022-data-engineering-workshop/venv/lib/python3.8/site-packages/airflow/example_dags/example_complex.py took 0.147 seconds
[2022-08-29T20:58:48.368-0400] {processor.py:153} INFO - Started process (PID=17642) to work on /Users/jl/Documents/Repos/GHC-2022-data-engineering-workshop/venv/lib/python3.8/site-packages/airflow/example_dags/example_complex.py
[2022-08-29T20:58:48.384-0400] {processor.py:640} INFO - Processing file /Users/jl/Documents/Repos/GHC-2022-data-engineering-workshop/venv/lib/python3.8/site-packages/airflow/example_dags/example_complex.py for tasks to queue
[2022-08-29T20:58:48.384-0400] {logging_mixin.py:115} INFO - [2022-08-29T20:58:48.384-0400] {dagbag.py:508} INFO - Filling up the DagBag from /Users/jl/Documents/Repos/GHC-2022-data-engineering-workshop/venv/lib/python3.8/site-packages/airflow/example_dags/example_complex.py
[2022-08-29T20:58:48.415-0400] {processor.py:650} INFO - DAG(s) dict_keys(['example_complex']) retrieved from /Users/jl/Documents/Repos/GHC-2022-data-engineering-workshop/venv/lib/python3.8/site-packages/airflow/example_dags/example_complex.py
[2022-08-29T20:58:48.502-0400] {logging_mixin.py:115} INFO - [2022-08-29T20:58:48.502-0400] {dag.py:2429} INFO - Sync 1 DAGs
[2022-08-29T20:58:48.519-0400] {logging_mixin.py:115} INFO - [2022-08-29T20:58:48.519-0400] {dag.py:2977} INFO - Setting next_dagrun for example_complex to None, run_after=None
[2022-08-29T20:58:48.534-0400] {processor.py:161} INFO - Processing /Users/jl/Documents/Repos/GHC-2022-data-engineering-workshop/venv/lib/python3.8/site-packages/airflow/example_dags/example_complex.py took 0.169 seconds
[2022-08-29T21:00:56.178-0400] {processor.py:153} INFO - Started process (PID=17783) to work on /Users/jl/Documents/Repos/GHC-2022-data-engineering-workshop/venv/lib/python3.8/site-packages/airflow/example_dags/example_complex.py
[2022-08-29T21:00:56.190-0400] {processor.py:640} INFO - Processing file /Users/jl/Documents/Repos/GHC-2022-data-engineering-workshop/venv/lib/python3.8/site-packages/airflow/example_dags/example_complex.py for tasks to queue
[2022-08-29T21:00:56.190-0400] {logging_mixin.py:115} INFO - [2022-08-29T21:00:56.190-0400] {dagbag.py:508} INFO - Filling up the DagBag from /Users/jl/Documents/Repos/GHC-2022-data-engineering-workshop/venv/lib/python3.8/site-packages/airflow/example_dags/example_complex.py
[2022-08-29T21:00:56.219-0400] {processor.py:650} INFO - DAG(s) dict_keys(['example_complex']) retrieved from /Users/jl/Documents/Repos/GHC-2022-data-engineering-workshop/venv/lib/python3.8/site-packages/airflow/example_dags/example_complex.py
[2022-08-29T21:00:56.328-0400] {logging_mixin.py:115} INFO - [2022-08-29T21:00:56.328-0400] {dag.py:2429} INFO - Sync 1 DAGs
[2022-08-29T21:00:56.359-0400] {logging_mixin.py:115} INFO - [2022-08-29T21:00:56.359-0400] {dag.py:2977} INFO - Setting next_dagrun for example_complex to None, run_after=None
[2022-08-29T21:00:56.378-0400] {processor.py:161} INFO - Processing /Users/jl/Documents/Repos/GHC-2022-data-engineering-workshop/venv/lib/python3.8/site-packages/airflow/example_dags/example_complex.py took 0.201 seconds
