[2022-08-29T20:00:51.940-0400] {processor.py:153} INFO - Started process (PID=14391) to work on /Users/jl/Documents/Repos/GHC-2022-data-engineering-workshop/venv/lib/python3.8/site-packages/airflow/example_dags/example_task_group.py
[2022-08-29T20:00:51.949-0400] {processor.py:640} INFO - Processing file /Users/jl/Documents/Repos/GHC-2022-data-engineering-workshop/venv/lib/python3.8/site-packages/airflow/example_dags/example_task_group.py for tasks to queue
[2022-08-29T20:00:51.949-0400] {logging_mixin.py:115} INFO - [2022-08-29T20:00:51.949-0400] {dagbag.py:508} INFO - Filling up the DagBag from /Users/jl/Documents/Repos/GHC-2022-data-engineering-workshop/venv/lib/python3.8/site-packages/airflow/example_dags/example_task_group.py
[2022-08-29T20:00:51.968-0400] {processor.py:650} INFO - DAG(s) dict_keys(['example_task_group']) retrieved from /Users/jl/Documents/Repos/GHC-2022-data-engineering-workshop/venv/lib/python3.8/site-packages/airflow/example_dags/example_task_group.py
[2022-08-29T20:00:52.047-0400] {logging_mixin.py:115} INFO - [2022-08-29T20:00:52.047-0400] {dag.py:2429} INFO - Sync 1 DAGs
[2022-08-29T20:00:52.064-0400] {logging_mixin.py:115} INFO - [2022-08-29T20:00:52.064-0400] {dag.py:2977} INFO - Setting next_dagrun for example_task_group to 2022-08-29T00:00:52.064508+00:00, run_after=2022-08-30T00:00:52.064508+00:00
[2022-08-29T20:00:52.080-0400] {processor.py:161} INFO - Processing /Users/jl/Documents/Repos/GHC-2022-data-engineering-workshop/venv/lib/python3.8/site-packages/airflow/example_dags/example_task_group.py took 0.141 seconds
[2022-08-29T20:02:20.681-0400] {processor.py:153} INFO - Started process (PID=14474) to work on /Users/jl/Documents/Repos/GHC-2022-data-engineering-workshop/venv/lib/python3.8/site-packages/airflow/example_dags/example_task_group.py
[2022-08-29T20:02:20.689-0400] {processor.py:640} INFO - Processing file /Users/jl/Documents/Repos/GHC-2022-data-engineering-workshop/venv/lib/python3.8/site-packages/airflow/example_dags/example_task_group.py for tasks to queue
[2022-08-29T20:02:20.689-0400] {logging_mixin.py:115} INFO - [2022-08-29T20:02:20.689-0400] {dagbag.py:508} INFO - Filling up the DagBag from /Users/jl/Documents/Repos/GHC-2022-data-engineering-workshop/venv/lib/python3.8/site-packages/airflow/example_dags/example_task_group.py
[2022-08-29T20:02:20.706-0400] {processor.py:650} INFO - DAG(s) dict_keys(['example_task_group']) retrieved from /Users/jl/Documents/Repos/GHC-2022-data-engineering-workshop/venv/lib/python3.8/site-packages/airflow/example_dags/example_task_group.py
[2022-08-29T20:02:20.785-0400] {logging_mixin.py:115} INFO - [2022-08-29T20:02:20.784-0400] {dag.py:2429} INFO - Sync 1 DAGs
[2022-08-29T20:02:20.802-0400] {logging_mixin.py:115} INFO - [2022-08-29T20:02:20.802-0400] {dag.py:2977} INFO - Setting next_dagrun for example_task_group to 2022-08-29T00:02:20.801844+00:00, run_after=2022-08-30T00:02:20.801844+00:00
[2022-08-29T20:02:20.817-0400] {processor.py:161} INFO - Processing /Users/jl/Documents/Repos/GHC-2022-data-engineering-workshop/venv/lib/python3.8/site-packages/airflow/example_dags/example_task_group.py took 0.138 seconds
[2022-08-29T20:03:44.824-0400] {processor.py:153} INFO - Started process (PID=14555) to work on /Users/jl/Documents/Repos/GHC-2022-data-engineering-workshop/venv/lib/python3.8/site-packages/airflow/example_dags/example_task_group.py
[2022-08-29T20:03:44.832-0400] {processor.py:640} INFO - Processing file /Users/jl/Documents/Repos/GHC-2022-data-engineering-workshop/venv/lib/python3.8/site-packages/airflow/example_dags/example_task_group.py for tasks to queue
[2022-08-29T20:03:44.833-0400] {logging_mixin.py:115} INFO - [2022-08-29T20:03:44.833-0400] {dagbag.py:508} INFO - Filling up the DagBag from /Users/jl/Documents/Repos/GHC-2022-data-engineering-workshop/venv/lib/python3.8/site-packages/airflow/example_dags/example_task_group.py
[2022-08-29T20:03:44.849-0400] {processor.py:650} INFO - DAG(s) dict_keys(['example_task_group']) retrieved from /Users/jl/Documents/Repos/GHC-2022-data-engineering-workshop/venv/lib/python3.8/site-packages/airflow/example_dags/example_task_group.py
[2022-08-29T20:03:44.928-0400] {logging_mixin.py:115} INFO - [2022-08-29T20:03:44.927-0400] {dag.py:2429} INFO - Sync 1 DAGs
[2022-08-29T20:03:44.945-0400] {logging_mixin.py:115} INFO - [2022-08-29T20:03:44.945-0400] {dag.py:2977} INFO - Setting next_dagrun for example_task_group to 2022-08-29T00:03:44.945092+00:00, run_after=2022-08-30T00:03:44.945092+00:00
[2022-08-29T20:03:44.961-0400] {processor.py:161} INFO - Processing /Users/jl/Documents/Repos/GHC-2022-data-engineering-workshop/venv/lib/python3.8/site-packages/airflow/example_dags/example_task_group.py took 0.138 seconds
[2022-08-29T20:05:12.533-0400] {processor.py:153} INFO - Started process (PID=14635) to work on /Users/jl/Documents/Repos/GHC-2022-data-engineering-workshop/venv/lib/python3.8/site-packages/airflow/example_dags/example_task_group.py
[2022-08-29T20:05:12.541-0400] {processor.py:640} INFO - Processing file /Users/jl/Documents/Repos/GHC-2022-data-engineering-workshop/venv/lib/python3.8/site-packages/airflow/example_dags/example_task_group.py for tasks to queue
[2022-08-29T20:05:12.542-0400] {logging_mixin.py:115} INFO - [2022-08-29T20:05:12.542-0400] {dagbag.py:508} INFO - Filling up the DagBag from /Users/jl/Documents/Repos/GHC-2022-data-engineering-workshop/venv/lib/python3.8/site-packages/airflow/example_dags/example_task_group.py
[2022-08-29T20:05:12.560-0400] {processor.py:650} INFO - DAG(s) dict_keys(['example_task_group']) retrieved from /Users/jl/Documents/Repos/GHC-2022-data-engineering-workshop/venv/lib/python3.8/site-packages/airflow/example_dags/example_task_group.py
[2022-08-29T20:05:12.639-0400] {logging_mixin.py:115} INFO - [2022-08-29T20:05:12.638-0400] {dag.py:2429} INFO - Sync 1 DAGs
[2022-08-29T20:05:12.656-0400] {logging_mixin.py:115} INFO - [2022-08-29T20:05:12.655-0400] {dag.py:2977} INFO - Setting next_dagrun for example_task_group to 2022-08-29T00:05:12.655653+00:00, run_after=2022-08-30T00:05:12.655653+00:00
[2022-08-29T20:05:12.672-0400] {processor.py:161} INFO - Processing /Users/jl/Documents/Repos/GHC-2022-data-engineering-workshop/venv/lib/python3.8/site-packages/airflow/example_dags/example_task_group.py took 0.140 seconds
[2022-08-29T20:06:38.844-0400] {processor.py:153} INFO - Started process (PID=14716) to work on /Users/jl/Documents/Repos/GHC-2022-data-engineering-workshop/venv/lib/python3.8/site-packages/airflow/example_dags/example_task_group.py
[2022-08-29T20:06:38.853-0400] {processor.py:640} INFO - Processing file /Users/jl/Documents/Repos/GHC-2022-data-engineering-workshop/venv/lib/python3.8/site-packages/airflow/example_dags/example_task_group.py for tasks to queue
[2022-08-29T20:06:38.853-0400] {logging_mixin.py:115} INFO - [2022-08-29T20:06:38.853-0400] {dagbag.py:508} INFO - Filling up the DagBag from /Users/jl/Documents/Repos/GHC-2022-data-engineering-workshop/venv/lib/python3.8/site-packages/airflow/example_dags/example_task_group.py
[2022-08-29T20:06:38.869-0400] {processor.py:650} INFO - DAG(s) dict_keys(['example_task_group']) retrieved from /Users/jl/Documents/Repos/GHC-2022-data-engineering-workshop/venv/lib/python3.8/site-packages/airflow/example_dags/example_task_group.py
[2022-08-29T20:06:38.950-0400] {logging_mixin.py:115} INFO - [2022-08-29T20:06:38.950-0400] {dag.py:2429} INFO - Sync 1 DAGs
[2022-08-29T20:06:38.967-0400] {logging_mixin.py:115} INFO - [2022-08-29T20:06:38.967-0400] {dag.py:2977} INFO - Setting next_dagrun for example_task_group to 2022-08-29T00:06:38.967567+00:00, run_after=2022-08-30T00:06:38.967567+00:00
[2022-08-29T20:06:38.983-0400] {processor.py:161} INFO - Processing /Users/jl/Documents/Repos/GHC-2022-data-engineering-workshop/venv/lib/python3.8/site-packages/airflow/example_dags/example_task_group.py took 0.140 seconds
[2022-08-29T20:08:05.349-0400] {processor.py:153} INFO - Started process (PID=14798) to work on /Users/jl/Documents/Repos/GHC-2022-data-engineering-workshop/venv/lib/python3.8/site-packages/airflow/example_dags/example_task_group.py
[2022-08-29T20:08:05.357-0400] {processor.py:640} INFO - Processing file /Users/jl/Documents/Repos/GHC-2022-data-engineering-workshop/venv/lib/python3.8/site-packages/airflow/example_dags/example_task_group.py for tasks to queue
[2022-08-29T20:08:05.358-0400] {logging_mixin.py:115} INFO - [2022-08-29T20:08:05.358-0400] {dagbag.py:508} INFO - Filling up the DagBag from /Users/jl/Documents/Repos/GHC-2022-data-engineering-workshop/venv/lib/python3.8/site-packages/airflow/example_dags/example_task_group.py
[2022-08-29T20:08:05.374-0400] {processor.py:650} INFO - DAG(s) dict_keys(['example_task_group']) retrieved from /Users/jl/Documents/Repos/GHC-2022-data-engineering-workshop/venv/lib/python3.8/site-packages/airflow/example_dags/example_task_group.py
[2022-08-29T20:08:05.454-0400] {logging_mixin.py:115} INFO - [2022-08-29T20:08:05.454-0400] {dag.py:2429} INFO - Sync 1 DAGs
[2022-08-29T20:08:05.471-0400] {logging_mixin.py:115} INFO - [2022-08-29T20:08:05.471-0400] {dag.py:2977} INFO - Setting next_dagrun for example_task_group to 2022-08-29T00:08:05.471302+00:00, run_after=2022-08-30T00:08:05.471302+00:00
[2022-08-29T20:08:05.486-0400] {processor.py:161} INFO - Processing /Users/jl/Documents/Repos/GHC-2022-data-engineering-workshop/venv/lib/python3.8/site-packages/airflow/example_dags/example_task_group.py took 0.139 seconds
[2022-08-29T20:09:34.842-0400] {processor.py:153} INFO - Started process (PID=14880) to work on /Users/jl/Documents/Repos/GHC-2022-data-engineering-workshop/venv/lib/python3.8/site-packages/airflow/example_dags/example_task_group.py
[2022-08-29T20:09:34.852-0400] {processor.py:640} INFO - Processing file /Users/jl/Documents/Repos/GHC-2022-data-engineering-workshop/venv/lib/python3.8/site-packages/airflow/example_dags/example_task_group.py for tasks to queue
[2022-08-29T20:09:34.853-0400] {logging_mixin.py:115} INFO - [2022-08-29T20:09:34.853-0400] {dagbag.py:508} INFO - Filling up the DagBag from /Users/jl/Documents/Repos/GHC-2022-data-engineering-workshop/venv/lib/python3.8/site-packages/airflow/example_dags/example_task_group.py
[2022-08-29T20:09:34.870-0400] {processor.py:650} INFO - DAG(s) dict_keys(['example_task_group']) retrieved from /Users/jl/Documents/Repos/GHC-2022-data-engineering-workshop/venv/lib/python3.8/site-packages/airflow/example_dags/example_task_group.py
[2022-08-29T20:09:34.948-0400] {logging_mixin.py:115} INFO - [2022-08-29T20:09:34.948-0400] {dag.py:2429} INFO - Sync 1 DAGs
[2022-08-29T20:09:34.965-0400] {logging_mixin.py:115} INFO - [2022-08-29T20:09:34.965-0400] {dag.py:2977} INFO - Setting next_dagrun for example_task_group to 2022-08-29T00:09:34.965301+00:00, run_after=2022-08-30T00:09:34.965301+00:00
[2022-08-29T20:09:34.981-0400] {processor.py:161} INFO - Processing /Users/jl/Documents/Repos/GHC-2022-data-engineering-workshop/venv/lib/python3.8/site-packages/airflow/example_dags/example_task_group.py took 0.140 seconds
[2022-08-29T20:11:13.375-0400] {processor.py:153} INFO - Started process (PID=14970) to work on /Users/jl/Documents/Repos/GHC-2022-data-engineering-workshop/venv/lib/python3.8/site-packages/airflow/example_dags/example_task_group.py
[2022-08-29T20:11:13.385-0400] {processor.py:640} INFO - Processing file /Users/jl/Documents/Repos/GHC-2022-data-engineering-workshop/venv/lib/python3.8/site-packages/airflow/example_dags/example_task_group.py for tasks to queue
[2022-08-29T20:11:13.386-0400] {logging_mixin.py:115} INFO - [2022-08-29T20:11:13.386-0400] {dagbag.py:508} INFO - Filling up the DagBag from /Users/jl/Documents/Repos/GHC-2022-data-engineering-workshop/venv/lib/python3.8/site-packages/airflow/example_dags/example_task_group.py
[2022-08-29T20:11:13.403-0400] {processor.py:650} INFO - DAG(s) dict_keys(['example_task_group']) retrieved from /Users/jl/Documents/Repos/GHC-2022-data-engineering-workshop/venv/lib/python3.8/site-packages/airflow/example_dags/example_task_group.py
[2022-08-29T20:11:13.509-0400] {logging_mixin.py:115} INFO - [2022-08-29T20:11:13.509-0400] {dag.py:2429} INFO - Sync 1 DAGs
[2022-08-29T20:11:13.526-0400] {logging_mixin.py:115} INFO - [2022-08-29T20:11:13.526-0400] {dag.py:2977} INFO - Setting next_dagrun for example_task_group to 2022-08-29T00:11:13.525982+00:00, run_after=2022-08-30T00:11:13.525982+00:00
[2022-08-29T20:11:13.541-0400] {processor.py:161} INFO - Processing /Users/jl/Documents/Repos/GHC-2022-data-engineering-workshop/venv/lib/python3.8/site-packages/airflow/example_dags/example_task_group.py took 0.167 seconds
[2022-08-29T20:12:42.713-0400] {processor.py:153} INFO - Started process (PID=15055) to work on /Users/jl/Documents/Repos/GHC-2022-data-engineering-workshop/venv/lib/python3.8/site-packages/airflow/example_dags/example_task_group.py
[2022-08-29T20:12:42.721-0400] {processor.py:640} INFO - Processing file /Users/jl/Documents/Repos/GHC-2022-data-engineering-workshop/venv/lib/python3.8/site-packages/airflow/example_dags/example_task_group.py for tasks to queue
[2022-08-29T20:12:42.721-0400] {logging_mixin.py:115} INFO - [2022-08-29T20:12:42.721-0400] {dagbag.py:508} INFO - Filling up the DagBag from /Users/jl/Documents/Repos/GHC-2022-data-engineering-workshop/venv/lib/python3.8/site-packages/airflow/example_dags/example_task_group.py
[2022-08-29T20:12:42.737-0400] {processor.py:650} INFO - DAG(s) dict_keys(['example_task_group']) retrieved from /Users/jl/Documents/Repos/GHC-2022-data-engineering-workshop/venv/lib/python3.8/site-packages/airflow/example_dags/example_task_group.py
[2022-08-29T20:12:42.822-0400] {logging_mixin.py:115} INFO - [2022-08-29T20:12:42.822-0400] {dag.py:2429} INFO - Sync 1 DAGs
[2022-08-29T20:12:42.840-0400] {logging_mixin.py:115} INFO - [2022-08-29T20:12:42.840-0400] {dag.py:2977} INFO - Setting next_dagrun for example_task_group to 2022-08-29T00:12:42.840115+00:00, run_after=2022-08-30T00:12:42.840115+00:00
[2022-08-29T20:12:42.855-0400] {processor.py:161} INFO - Processing /Users/jl/Documents/Repos/GHC-2022-data-engineering-workshop/venv/lib/python3.8/site-packages/airflow/example_dags/example_task_group.py took 0.143 seconds
[2022-08-29T20:14:12.213-0400] {processor.py:153} INFO - Started process (PID=15136) to work on /Users/jl/Documents/Repos/GHC-2022-data-engineering-workshop/venv/lib/python3.8/site-packages/airflow/example_dags/example_task_group.py
[2022-08-29T20:14:12.221-0400] {processor.py:640} INFO - Processing file /Users/jl/Documents/Repos/GHC-2022-data-engineering-workshop/venv/lib/python3.8/site-packages/airflow/example_dags/example_task_group.py for tasks to queue
[2022-08-29T20:14:12.222-0400] {logging_mixin.py:115} INFO - [2022-08-29T20:14:12.222-0400] {dagbag.py:508} INFO - Filling up the DagBag from /Users/jl/Documents/Repos/GHC-2022-data-engineering-workshop/venv/lib/python3.8/site-packages/airflow/example_dags/example_task_group.py
[2022-08-29T20:14:12.239-0400] {processor.py:650} INFO - DAG(s) dict_keys(['example_task_group']) retrieved from /Users/jl/Documents/Repos/GHC-2022-data-engineering-workshop/venv/lib/python3.8/site-packages/airflow/example_dags/example_task_group.py
[2022-08-29T20:14:12.319-0400] {logging_mixin.py:115} INFO - [2022-08-29T20:14:12.319-0400] {dag.py:2429} INFO - Sync 1 DAGs
[2022-08-29T20:14:12.337-0400] {logging_mixin.py:115} INFO - [2022-08-29T20:14:12.336-0400] {dag.py:2977} INFO - Setting next_dagrun for example_task_group to 2022-08-29T00:14:12.336647+00:00, run_after=2022-08-30T00:14:12.336647+00:00
[2022-08-29T20:14:12.352-0400] {processor.py:161} INFO - Processing /Users/jl/Documents/Repos/GHC-2022-data-engineering-workshop/venv/lib/python3.8/site-packages/airflow/example_dags/example_task_group.py took 0.140 seconds
[2022-08-29T20:15:51.595-0400] {processor.py:153} INFO - Started process (PID=15254) to work on /Users/jl/Documents/Repos/GHC-2022-data-engineering-workshop/venv/lib/python3.8/site-packages/airflow/example_dags/example_task_group.py
[2022-08-29T20:15:51.603-0400] {processor.py:640} INFO - Processing file /Users/jl/Documents/Repos/GHC-2022-data-engineering-workshop/venv/lib/python3.8/site-packages/airflow/example_dags/example_task_group.py for tasks to queue
[2022-08-29T20:15:51.604-0400] {logging_mixin.py:115} INFO - [2022-08-29T20:15:51.604-0400] {dagbag.py:508} INFO - Filling up the DagBag from /Users/jl/Documents/Repos/GHC-2022-data-engineering-workshop/venv/lib/python3.8/site-packages/airflow/example_dags/example_task_group.py
[2022-08-29T20:15:51.621-0400] {processor.py:650} INFO - DAG(s) dict_keys(['example_task_group']) retrieved from /Users/jl/Documents/Repos/GHC-2022-data-engineering-workshop/venv/lib/python3.8/site-packages/airflow/example_dags/example_task_group.py
[2022-08-29T20:15:51.698-0400] {logging_mixin.py:115} INFO - [2022-08-29T20:15:51.698-0400] {dag.py:2429} INFO - Sync 1 DAGs
[2022-08-29T20:15:51.716-0400] {logging_mixin.py:115} INFO - [2022-08-29T20:15:51.715-0400] {dag.py:2977} INFO - Setting next_dagrun for example_task_group to 2022-08-29T00:15:51.715689+00:00, run_after=2022-08-30T00:15:51.715689+00:00
[2022-08-29T20:15:51.731-0400] {processor.py:161} INFO - Processing /Users/jl/Documents/Repos/GHC-2022-data-engineering-workshop/venv/lib/python3.8/site-packages/airflow/example_dags/example_task_group.py took 0.137 seconds
[2022-08-29T20:17:44.916-0400] {processor.py:153} INFO - Started process (PID=15368) to work on /Users/jl/Documents/Repos/GHC-2022-data-engineering-workshop/venv/lib/python3.8/site-packages/airflow/example_dags/example_task_group.py
[2022-08-29T20:17:44.925-0400] {processor.py:640} INFO - Processing file /Users/jl/Documents/Repos/GHC-2022-data-engineering-workshop/venv/lib/python3.8/site-packages/airflow/example_dags/example_task_group.py for tasks to queue
[2022-08-29T20:17:44.925-0400] {logging_mixin.py:115} INFO - [2022-08-29T20:17:44.925-0400] {dagbag.py:508} INFO - Filling up the DagBag from /Users/jl/Documents/Repos/GHC-2022-data-engineering-workshop/venv/lib/python3.8/site-packages/airflow/example_dags/example_task_group.py
[2022-08-29T20:17:44.943-0400] {processor.py:650} INFO - DAG(s) dict_keys(['example_task_group']) retrieved from /Users/jl/Documents/Repos/GHC-2022-data-engineering-workshop/venv/lib/python3.8/site-packages/airflow/example_dags/example_task_group.py
[2022-08-29T20:17:45.158-0400] {logging_mixin.py:115} INFO - [2022-08-29T20:17:45.156-0400] {dag.py:2429} INFO - Sync 1 DAGs
[2022-08-29T20:17:45.203-0400] {logging_mixin.py:115} INFO - [2022-08-29T20:17:45.202-0400] {dag.py:2977} INFO - Setting next_dagrun for example_task_group to 2022-08-29T00:17:45.202780+00:00, run_after=2022-08-30T00:17:45.202780+00:00
[2022-08-29T20:17:45.236-0400] {processor.py:161} INFO - Processing /Users/jl/Documents/Repos/GHC-2022-data-engineering-workshop/venv/lib/python3.8/site-packages/airflow/example_dags/example_task_group.py took 0.322 seconds
[2022-08-29T20:19:36.020-0400] {processor.py:153} INFO - Started process (PID=15485) to work on /Users/jl/Documents/Repos/GHC-2022-data-engineering-workshop/venv/lib/python3.8/site-packages/airflow/example_dags/example_task_group.py
[2022-08-29T20:19:36.030-0400] {processor.py:640} INFO - Processing file /Users/jl/Documents/Repos/GHC-2022-data-engineering-workshop/venv/lib/python3.8/site-packages/airflow/example_dags/example_task_group.py for tasks to queue
[2022-08-29T20:19:36.031-0400] {logging_mixin.py:115} INFO - [2022-08-29T20:19:36.031-0400] {dagbag.py:508} INFO - Filling up the DagBag from /Users/jl/Documents/Repos/GHC-2022-data-engineering-workshop/venv/lib/python3.8/site-packages/airflow/example_dags/example_task_group.py
[2022-08-29T20:19:36.049-0400] {processor.py:650} INFO - DAG(s) dict_keys(['example_task_group']) retrieved from /Users/jl/Documents/Repos/GHC-2022-data-engineering-workshop/venv/lib/python3.8/site-packages/airflow/example_dags/example_task_group.py
[2022-08-29T20:19:36.128-0400] {logging_mixin.py:115} INFO - [2022-08-29T20:19:36.127-0400] {dag.py:2429} INFO - Sync 1 DAGs
[2022-08-29T20:19:36.145-0400] {logging_mixin.py:115} INFO - [2022-08-29T20:19:36.144-0400] {dag.py:2977} INFO - Setting next_dagrun for example_task_group to 2022-08-29T00:19:36.144792+00:00, run_after=2022-08-30T00:19:36.144792+00:00
[2022-08-29T20:19:36.160-0400] {processor.py:161} INFO - Processing /Users/jl/Documents/Repos/GHC-2022-data-engineering-workshop/venv/lib/python3.8/site-packages/airflow/example_dags/example_task_group.py took 0.141 seconds
[2022-08-29T20:21:09.266-0400] {processor.py:153} INFO - Started process (PID=15567) to work on /Users/jl/Documents/Repos/GHC-2022-data-engineering-workshop/venv/lib/python3.8/site-packages/airflow/example_dags/example_task_group.py
[2022-08-29T20:21:09.275-0400] {processor.py:640} INFO - Processing file /Users/jl/Documents/Repos/GHC-2022-data-engineering-workshop/venv/lib/python3.8/site-packages/airflow/example_dags/example_task_group.py for tasks to queue
[2022-08-29T20:21:09.276-0400] {logging_mixin.py:115} INFO - [2022-08-29T20:21:09.275-0400] {dagbag.py:508} INFO - Filling up the DagBag from /Users/jl/Documents/Repos/GHC-2022-data-engineering-workshop/venv/lib/python3.8/site-packages/airflow/example_dags/example_task_group.py
[2022-08-29T20:21:09.292-0400] {processor.py:650} INFO - DAG(s) dict_keys(['example_task_group']) retrieved from /Users/jl/Documents/Repos/GHC-2022-data-engineering-workshop/venv/lib/python3.8/site-packages/airflow/example_dags/example_task_group.py
[2022-08-29T20:21:09.368-0400] {logging_mixin.py:115} INFO - [2022-08-29T20:21:09.368-0400] {dag.py:2429} INFO - Sync 1 DAGs
[2022-08-29T20:21:09.386-0400] {logging_mixin.py:115} INFO - [2022-08-29T20:21:09.385-0400] {dag.py:2977} INFO - Setting next_dagrun for example_task_group to 2022-08-29T00:21:09.385693+00:00, run_after=2022-08-30T00:21:09.385693+00:00
[2022-08-29T20:21:09.401-0400] {processor.py:161} INFO - Processing /Users/jl/Documents/Repos/GHC-2022-data-engineering-workshop/venv/lib/python3.8/site-packages/airflow/example_dags/example_task_group.py took 0.136 seconds
[2022-08-29T20:22:34.182-0400] {processor.py:153} INFO - Started process (PID=15650) to work on /Users/jl/Documents/Repos/GHC-2022-data-engineering-workshop/venv/lib/python3.8/site-packages/airflow/example_dags/example_task_group.py
[2022-08-29T20:22:34.190-0400] {processor.py:640} INFO - Processing file /Users/jl/Documents/Repos/GHC-2022-data-engineering-workshop/venv/lib/python3.8/site-packages/airflow/example_dags/example_task_group.py for tasks to queue
[2022-08-29T20:22:34.190-0400] {logging_mixin.py:115} INFO - [2022-08-29T20:22:34.190-0400] {dagbag.py:508} INFO - Filling up the DagBag from /Users/jl/Documents/Repos/GHC-2022-data-engineering-workshop/venv/lib/python3.8/site-packages/airflow/example_dags/example_task_group.py
[2022-08-29T20:22:34.206-0400] {processor.py:650} INFO - DAG(s) dict_keys(['example_task_group']) retrieved from /Users/jl/Documents/Repos/GHC-2022-data-engineering-workshop/venv/lib/python3.8/site-packages/airflow/example_dags/example_task_group.py
[2022-08-29T20:22:34.284-0400] {logging_mixin.py:115} INFO - [2022-08-29T20:22:34.284-0400] {dag.py:2429} INFO - Sync 1 DAGs
[2022-08-29T20:22:34.301-0400] {logging_mixin.py:115} INFO - [2022-08-29T20:22:34.301-0400] {dag.py:2977} INFO - Setting next_dagrun for example_task_group to 2022-08-29T00:22:34.301201+00:00, run_after=2022-08-30T00:22:34.301201+00:00
[2022-08-29T20:22:34.316-0400] {processor.py:161} INFO - Processing /Users/jl/Documents/Repos/GHC-2022-data-engineering-workshop/venv/lib/python3.8/site-packages/airflow/example_dags/example_task_group.py took 0.135 seconds
[2022-08-29T20:24:02.306-0400] {processor.py:153} INFO - Started process (PID=15731) to work on /Users/jl/Documents/Repos/GHC-2022-data-engineering-workshop/venv/lib/python3.8/site-packages/airflow/example_dags/example_task_group.py
[2022-08-29T20:24:02.314-0400] {processor.py:640} INFO - Processing file /Users/jl/Documents/Repos/GHC-2022-data-engineering-workshop/venv/lib/python3.8/site-packages/airflow/example_dags/example_task_group.py for tasks to queue
[2022-08-29T20:24:02.315-0400] {logging_mixin.py:115} INFO - [2022-08-29T20:24:02.314-0400] {dagbag.py:508} INFO - Filling up the DagBag from /Users/jl/Documents/Repos/GHC-2022-data-engineering-workshop/venv/lib/python3.8/site-packages/airflow/example_dags/example_task_group.py
[2022-08-29T20:24:02.331-0400] {processor.py:650} INFO - DAG(s) dict_keys(['example_task_group']) retrieved from /Users/jl/Documents/Repos/GHC-2022-data-engineering-workshop/venv/lib/python3.8/site-packages/airflow/example_dags/example_task_group.py
[2022-08-29T20:24:02.408-0400] {logging_mixin.py:115} INFO - [2022-08-29T20:24:02.407-0400] {dag.py:2429} INFO - Sync 1 DAGs
[2022-08-29T20:24:02.424-0400] {logging_mixin.py:115} INFO - [2022-08-29T20:24:02.424-0400] {dag.py:2977} INFO - Setting next_dagrun for example_task_group to 2022-08-29T00:24:02.424479+00:00, run_after=2022-08-30T00:24:02.424479+00:00
[2022-08-29T20:24:02.440-0400] {processor.py:161} INFO - Processing /Users/jl/Documents/Repos/GHC-2022-data-engineering-workshop/venv/lib/python3.8/site-packages/airflow/example_dags/example_task_group.py took 0.135 seconds
[2022-08-29T20:25:36.480-0400] {processor.py:153} INFO - Started process (PID=15817) to work on /Users/jl/Documents/Repos/GHC-2022-data-engineering-workshop/venv/lib/python3.8/site-packages/airflow/example_dags/example_task_group.py
[2022-08-29T20:25:36.490-0400] {processor.py:640} INFO - Processing file /Users/jl/Documents/Repos/GHC-2022-data-engineering-workshop/venv/lib/python3.8/site-packages/airflow/example_dags/example_task_group.py for tasks to queue
[2022-08-29T20:25:36.491-0400] {logging_mixin.py:115} INFO - [2022-08-29T20:25:36.490-0400] {dagbag.py:508} INFO - Filling up the DagBag from /Users/jl/Documents/Repos/GHC-2022-data-engineering-workshop/venv/lib/python3.8/site-packages/airflow/example_dags/example_task_group.py
[2022-08-29T20:25:36.508-0400] {processor.py:650} INFO - DAG(s) dict_keys(['example_task_group']) retrieved from /Users/jl/Documents/Repos/GHC-2022-data-engineering-workshop/venv/lib/python3.8/site-packages/airflow/example_dags/example_task_group.py
[2022-08-29T20:25:36.591-0400] {logging_mixin.py:115} INFO - [2022-08-29T20:25:36.591-0400] {dag.py:2429} INFO - Sync 1 DAGs
[2022-08-29T20:25:36.612-0400] {logging_mixin.py:115} INFO - [2022-08-29T20:25:36.612-0400] {dag.py:2977} INFO - Setting next_dagrun for example_task_group to 2022-08-29T00:25:36.612345+00:00, run_after=2022-08-30T00:25:36.612345+00:00
[2022-08-29T20:25:36.633-0400] {processor.py:161} INFO - Processing /Users/jl/Documents/Repos/GHC-2022-data-engineering-workshop/venv/lib/python3.8/site-packages/airflow/example_dags/example_task_group.py took 0.154 seconds
[2022-08-29T20:26:52.872-0400] {processor.py:153} INFO - Started process (PID=15895) to work on /Users/jl/Documents/Repos/GHC-2022-data-engineering-workshop/venv/lib/python3.8/site-packages/airflow/example_dags/example_task_group.py
[2022-08-29T20:26:52.882-0400] {processor.py:640} INFO - Processing file /Users/jl/Documents/Repos/GHC-2022-data-engineering-workshop/venv/lib/python3.8/site-packages/airflow/example_dags/example_task_group.py for tasks to queue
[2022-08-29T20:26:52.883-0400] {logging_mixin.py:115} INFO - [2022-08-29T20:26:52.882-0400] {dagbag.py:508} INFO - Filling up the DagBag from /Users/jl/Documents/Repos/GHC-2022-data-engineering-workshop/venv/lib/python3.8/site-packages/airflow/example_dags/example_task_group.py
[2022-08-29T20:26:52.900-0400] {processor.py:650} INFO - DAG(s) dict_keys(['example_task_group']) retrieved from /Users/jl/Documents/Repos/GHC-2022-data-engineering-workshop/venv/lib/python3.8/site-packages/airflow/example_dags/example_task_group.py
[2022-08-29T20:26:52.981-0400] {logging_mixin.py:115} INFO - [2022-08-29T20:26:52.980-0400] {dag.py:2429} INFO - Sync 1 DAGs
[2022-08-29T20:26:53.000-0400] {logging_mixin.py:115} INFO - [2022-08-29T20:26:53.000-0400] {dag.py:2977} INFO - Setting next_dagrun for example_task_group to 2022-08-29T00:26:52.999850+00:00, run_after=2022-08-30T00:26:52.999850+00:00
[2022-08-29T20:26:53.014-0400] {processor.py:161} INFO - Processing /Users/jl/Documents/Repos/GHC-2022-data-engineering-workshop/venv/lib/python3.8/site-packages/airflow/example_dags/example_task_group.py took 0.144 seconds
[2022-08-29T20:28:33.846-0400] {processor.py:153} INFO - Started process (PID=15985) to work on /Users/jl/Documents/Repos/GHC-2022-data-engineering-workshop/venv/lib/python3.8/site-packages/airflow/example_dags/example_task_group.py
[2022-08-29T20:28:33.854-0400] {processor.py:640} INFO - Processing file /Users/jl/Documents/Repos/GHC-2022-data-engineering-workshop/venv/lib/python3.8/site-packages/airflow/example_dags/example_task_group.py for tasks to queue
[2022-08-29T20:28:33.854-0400] {logging_mixin.py:115} INFO - [2022-08-29T20:28:33.854-0400] {dagbag.py:508} INFO - Filling up the DagBag from /Users/jl/Documents/Repos/GHC-2022-data-engineering-workshop/venv/lib/python3.8/site-packages/airflow/example_dags/example_task_group.py
[2022-08-29T20:28:33.871-0400] {processor.py:650} INFO - DAG(s) dict_keys(['example_task_group']) retrieved from /Users/jl/Documents/Repos/GHC-2022-data-engineering-workshop/venv/lib/python3.8/site-packages/airflow/example_dags/example_task_group.py
[2022-08-29T20:28:33.953-0400] {logging_mixin.py:115} INFO - [2022-08-29T20:28:33.953-0400] {dag.py:2429} INFO - Sync 1 DAGs
[2022-08-29T20:28:33.971-0400] {logging_mixin.py:115} INFO - [2022-08-29T20:28:33.970-0400] {dag.py:2977} INFO - Setting next_dagrun for example_task_group to 2022-08-29T00:28:33.970784+00:00, run_after=2022-08-30T00:28:33.970784+00:00
[2022-08-29T20:28:33.986-0400] {processor.py:161} INFO - Processing /Users/jl/Documents/Repos/GHC-2022-data-engineering-workshop/venv/lib/python3.8/site-packages/airflow/example_dags/example_task_group.py took 0.142 seconds
[2022-08-29T20:30:32.313-0400] {processor.py:153} INFO - Started process (PID=16095) to work on /Users/jl/Documents/Repos/GHC-2022-data-engineering-workshop/venv/lib/python3.8/site-packages/airflow/example_dags/example_task_group.py
[2022-08-29T20:30:32.327-0400] {processor.py:640} INFO - Processing file /Users/jl/Documents/Repos/GHC-2022-data-engineering-workshop/venv/lib/python3.8/site-packages/airflow/example_dags/example_task_group.py for tasks to queue
[2022-08-29T20:30:32.327-0400] {logging_mixin.py:115} INFO - [2022-08-29T20:30:32.327-0400] {dagbag.py:508} INFO - Filling up the DagBag from /Users/jl/Documents/Repos/GHC-2022-data-engineering-workshop/venv/lib/python3.8/site-packages/airflow/example_dags/example_task_group.py
[2022-08-29T20:30:32.361-0400] {processor.py:650} INFO - DAG(s) dict_keys(['example_task_group']) retrieved from /Users/jl/Documents/Repos/GHC-2022-data-engineering-workshop/venv/lib/python3.8/site-packages/airflow/example_dags/example_task_group.py
[2022-08-29T20:30:32.554-0400] {logging_mixin.py:115} INFO - [2022-08-29T20:30:32.553-0400] {dag.py:2429} INFO - Sync 1 DAGs
[2022-08-29T20:30:32.586-0400] {logging_mixin.py:115} INFO - [2022-08-29T20:30:32.586-0400] {dag.py:2977} INFO - Setting next_dagrun for example_task_group to 2022-08-29T00:30:32.586029+00:00, run_after=2022-08-30T00:30:32.586029+00:00
[2022-08-29T20:30:32.606-0400] {processor.py:161} INFO - Processing /Users/jl/Documents/Repos/GHC-2022-data-engineering-workshop/venv/lib/python3.8/site-packages/airflow/example_dags/example_task_group.py took 0.295 seconds
[2022-08-29T20:31:43.481-0400] {processor.py:153} INFO - Started process (PID=16155) to work on /Users/jl/Documents/Repos/GHC-2022-data-engineering-workshop/venv/lib/python3.8/site-packages/airflow/example_dags/example_task_group.py
[2022-08-29T20:31:43.491-0400] {processor.py:640} INFO - Processing file /Users/jl/Documents/Repos/GHC-2022-data-engineering-workshop/venv/lib/python3.8/site-packages/airflow/example_dags/example_task_group.py for tasks to queue
[2022-08-29T20:31:43.491-0400] {logging_mixin.py:115} INFO - [2022-08-29T20:31:43.491-0400] {dagbag.py:508} INFO - Filling up the DagBag from /Users/jl/Documents/Repos/GHC-2022-data-engineering-workshop/venv/lib/python3.8/site-packages/airflow/example_dags/example_task_group.py
[2022-08-29T20:31:43.509-0400] {processor.py:650} INFO - DAG(s) dict_keys(['example_task_group']) retrieved from /Users/jl/Documents/Repos/GHC-2022-data-engineering-workshop/venv/lib/python3.8/site-packages/airflow/example_dags/example_task_group.py
[2022-08-29T20:31:43.587-0400] {logging_mixin.py:115} INFO - [2022-08-29T20:31:43.587-0400] {dag.py:2429} INFO - Sync 1 DAGs
[2022-08-29T20:31:43.605-0400] {logging_mixin.py:115} INFO - [2022-08-29T20:31:43.605-0400] {dag.py:2977} INFO - Setting next_dagrun for example_task_group to 2022-08-29T00:31:43.605283+00:00, run_after=2022-08-30T00:31:43.605283+00:00
[2022-08-29T20:31:43.620-0400] {processor.py:161} INFO - Processing /Users/jl/Documents/Repos/GHC-2022-data-engineering-workshop/venv/lib/python3.8/site-packages/airflow/example_dags/example_task_group.py took 0.141 seconds
[2022-08-29T20:33:45.855-0400] {processor.py:153} INFO - Started process (PID=16277) to work on /Users/jl/Documents/Repos/GHC-2022-data-engineering-workshop/venv/lib/python3.8/site-packages/airflow/example_dags/example_task_group.py
[2022-08-29T20:33:45.871-0400] {processor.py:640} INFO - Processing file /Users/jl/Documents/Repos/GHC-2022-data-engineering-workshop/venv/lib/python3.8/site-packages/airflow/example_dags/example_task_group.py for tasks to queue
[2022-08-29T20:33:45.873-0400] {logging_mixin.py:115} INFO - [2022-08-29T20:33:45.872-0400] {dagbag.py:508} INFO - Filling up the DagBag from /Users/jl/Documents/Repos/GHC-2022-data-engineering-workshop/venv/lib/python3.8/site-packages/airflow/example_dags/example_task_group.py
[2022-08-29T20:33:45.914-0400] {processor.py:650} INFO - DAG(s) dict_keys(['example_task_group']) retrieved from /Users/jl/Documents/Repos/GHC-2022-data-engineering-workshop/venv/lib/python3.8/site-packages/airflow/example_dags/example_task_group.py
[2022-08-29T20:33:46.107-0400] {logging_mixin.py:115} INFO - [2022-08-29T20:33:46.106-0400] {dag.py:2429} INFO - Sync 1 DAGs
[2022-08-29T20:33:46.127-0400] {logging_mixin.py:115} INFO - [2022-08-29T20:33:46.127-0400] {dag.py:2977} INFO - Setting next_dagrun for example_task_group to 2022-08-29T00:33:46.127461+00:00, run_after=2022-08-30T00:33:46.127461+00:00
[2022-08-29T20:33:46.145-0400] {processor.py:161} INFO - Processing /Users/jl/Documents/Repos/GHC-2022-data-engineering-workshop/venv/lib/python3.8/site-packages/airflow/example_dags/example_task_group.py took 0.293 seconds
[2022-08-29T20:35:26.929-0400] {processor.py:153} INFO - Started process (PID=16377) to work on /Users/jl/Documents/Repos/GHC-2022-data-engineering-workshop/venv/lib/python3.8/site-packages/airflow/example_dags/example_task_group.py
[2022-08-29T20:35:26.939-0400] {processor.py:640} INFO - Processing file /Users/jl/Documents/Repos/GHC-2022-data-engineering-workshop/venv/lib/python3.8/site-packages/airflow/example_dags/example_task_group.py for tasks to queue
[2022-08-29T20:35:26.940-0400] {logging_mixin.py:115} INFO - [2022-08-29T20:35:26.940-0400] {dagbag.py:508} INFO - Filling up the DagBag from /Users/jl/Documents/Repos/GHC-2022-data-engineering-workshop/venv/lib/python3.8/site-packages/airflow/example_dags/example_task_group.py
[2022-08-29T20:35:26.957-0400] {processor.py:650} INFO - DAG(s) dict_keys(['example_task_group']) retrieved from /Users/jl/Documents/Repos/GHC-2022-data-engineering-workshop/venv/lib/python3.8/site-packages/airflow/example_dags/example_task_group.py
[2022-08-29T20:35:27.044-0400] {logging_mixin.py:115} INFO - [2022-08-29T20:35:27.043-0400] {dag.py:2429} INFO - Sync 1 DAGs
[2022-08-29T20:35:27.066-0400] {logging_mixin.py:115} INFO - [2022-08-29T20:35:27.065-0400] {dag.py:2977} INFO - Setting next_dagrun for example_task_group to 2022-08-29T00:35:27.065658+00:00, run_after=2022-08-30T00:35:27.065658+00:00
[2022-08-29T20:35:27.083-0400] {processor.py:161} INFO - Processing /Users/jl/Documents/Repos/GHC-2022-data-engineering-workshop/venv/lib/python3.8/site-packages/airflow/example_dags/example_task_group.py took 0.155 seconds
[2022-08-29T20:37:16.602-0400] {processor.py:153} INFO - Started process (PID=16504) to work on /Users/jl/Documents/Repos/GHC-2022-data-engineering-workshop/venv/lib/python3.8/site-packages/airflow/example_dags/example_task_group.py
[2022-08-29T20:37:16.613-0400] {processor.py:640} INFO - Processing file /Users/jl/Documents/Repos/GHC-2022-data-engineering-workshop/venv/lib/python3.8/site-packages/airflow/example_dags/example_task_group.py for tasks to queue
[2022-08-29T20:37:16.614-0400] {logging_mixin.py:115} INFO - [2022-08-29T20:37:16.614-0400] {dagbag.py:508} INFO - Filling up the DagBag from /Users/jl/Documents/Repos/GHC-2022-data-engineering-workshop/venv/lib/python3.8/site-packages/airflow/example_dags/example_task_group.py
[2022-08-29T20:37:16.636-0400] {processor.py:650} INFO - DAG(s) dict_keys(['example_task_group']) retrieved from /Users/jl/Documents/Repos/GHC-2022-data-engineering-workshop/venv/lib/python3.8/site-packages/airflow/example_dags/example_task_group.py
[2022-08-29T20:37:16.724-0400] {logging_mixin.py:115} INFO - [2022-08-29T20:37:16.724-0400] {dag.py:2429} INFO - Sync 1 DAGs
[2022-08-29T20:37:16.743-0400] {logging_mixin.py:115} INFO - [2022-08-29T20:37:16.743-0400] {dag.py:2977} INFO - Setting next_dagrun for example_task_group to 2022-08-29T00:37:16.743427+00:00, run_after=2022-08-30T00:37:16.743427+00:00
[2022-08-29T20:37:16.768-0400] {processor.py:161} INFO - Processing /Users/jl/Documents/Repos/GHC-2022-data-engineering-workshop/venv/lib/python3.8/site-packages/airflow/example_dags/example_task_group.py took 0.166 seconds
[2022-08-29T20:39:20.361-0400] {processor.py:153} INFO - Started process (PID=16613) to work on /Users/jl/Documents/Repos/GHC-2022-data-engineering-workshop/venv/lib/python3.8/site-packages/airflow/example_dags/example_task_group.py
[2022-08-29T20:39:20.371-0400] {processor.py:640} INFO - Processing file /Users/jl/Documents/Repos/GHC-2022-data-engineering-workshop/venv/lib/python3.8/site-packages/airflow/example_dags/example_task_group.py for tasks to queue
[2022-08-29T20:39:20.372-0400] {logging_mixin.py:115} INFO - [2022-08-29T20:39:20.372-0400] {dagbag.py:508} INFO - Filling up the DagBag from /Users/jl/Documents/Repos/GHC-2022-data-engineering-workshop/venv/lib/python3.8/site-packages/airflow/example_dags/example_task_group.py
[2022-08-29T20:39:20.393-0400] {processor.py:650} INFO - DAG(s) dict_keys(['example_task_group']) retrieved from /Users/jl/Documents/Repos/GHC-2022-data-engineering-workshop/venv/lib/python3.8/site-packages/airflow/example_dags/example_task_group.py
[2022-08-29T20:39:20.481-0400] {logging_mixin.py:115} INFO - [2022-08-29T20:39:20.481-0400] {dag.py:2429} INFO - Sync 1 DAGs
[2022-08-29T20:39:20.499-0400] {logging_mixin.py:115} INFO - [2022-08-29T20:39:20.499-0400] {dag.py:2977} INFO - Setting next_dagrun for example_task_group to 2022-08-29T00:39:20.499521+00:00, run_after=2022-08-30T00:39:20.499521+00:00
[2022-08-29T20:39:20.515-0400] {processor.py:161} INFO - Processing /Users/jl/Documents/Repos/GHC-2022-data-engineering-workshop/venv/lib/python3.8/site-packages/airflow/example_dags/example_task_group.py took 0.155 seconds
[2022-08-29T20:41:04.508-0400] {processor.py:153} INFO - Started process (PID=16705) to work on /Users/jl/Documents/Repos/GHC-2022-data-engineering-workshop/venv/lib/python3.8/site-packages/airflow/example_dags/example_task_group.py
[2022-08-29T20:41:04.516-0400] {processor.py:640} INFO - Processing file /Users/jl/Documents/Repos/GHC-2022-data-engineering-workshop/venv/lib/python3.8/site-packages/airflow/example_dags/example_task_group.py for tasks to queue
[2022-08-29T20:41:04.517-0400] {logging_mixin.py:115} INFO - [2022-08-29T20:41:04.517-0400] {dagbag.py:508} INFO - Filling up the DagBag from /Users/jl/Documents/Repos/GHC-2022-data-engineering-workshop/venv/lib/python3.8/site-packages/airflow/example_dags/example_task_group.py
[2022-08-29T20:41:04.535-0400] {processor.py:650} INFO - DAG(s) dict_keys(['example_task_group']) retrieved from /Users/jl/Documents/Repos/GHC-2022-data-engineering-workshop/venv/lib/python3.8/site-packages/airflow/example_dags/example_task_group.py
[2022-08-29T20:41:04.617-0400] {logging_mixin.py:115} INFO - [2022-08-29T20:41:04.617-0400] {dag.py:2429} INFO - Sync 1 DAGs
[2022-08-29T20:41:04.635-0400] {logging_mixin.py:115} INFO - [2022-08-29T20:41:04.635-0400] {dag.py:2977} INFO - Setting next_dagrun for example_task_group to 2022-08-29T00:41:04.635607+00:00, run_after=2022-08-30T00:41:04.635607+00:00
[2022-08-29T20:41:04.652-0400] {processor.py:161} INFO - Processing /Users/jl/Documents/Repos/GHC-2022-data-engineering-workshop/venv/lib/python3.8/site-packages/airflow/example_dags/example_task_group.py took 0.145 seconds
[2022-08-29T20:42:56.990-0400] {processor.py:153} INFO - Started process (PID=16805) to work on /Users/jl/Documents/Repos/GHC-2022-data-engineering-workshop/venv/lib/python3.8/site-packages/airflow/example_dags/example_task_group.py
[2022-08-29T20:42:57.001-0400] {processor.py:640} INFO - Processing file /Users/jl/Documents/Repos/GHC-2022-data-engineering-workshop/venv/lib/python3.8/site-packages/airflow/example_dags/example_task_group.py for tasks to queue
[2022-08-29T20:42:57.002-0400] {logging_mixin.py:115} INFO - [2022-08-29T20:42:57.002-0400] {dagbag.py:508} INFO - Filling up the DagBag from /Users/jl/Documents/Repos/GHC-2022-data-engineering-workshop/venv/lib/python3.8/site-packages/airflow/example_dags/example_task_group.py
[2022-08-29T20:42:57.019-0400] {processor.py:650} INFO - DAG(s) dict_keys(['example_task_group']) retrieved from /Users/jl/Documents/Repos/GHC-2022-data-engineering-workshop/venv/lib/python3.8/site-packages/airflow/example_dags/example_task_group.py
[2022-08-29T20:42:57.108-0400] {logging_mixin.py:115} INFO - [2022-08-29T20:42:57.107-0400] {dag.py:2429} INFO - Sync 1 DAGs
[2022-08-29T20:42:57.133-0400] {logging_mixin.py:115} INFO - [2022-08-29T20:42:57.132-0400] {dag.py:2977} INFO - Setting next_dagrun for example_task_group to 2022-08-29T00:42:57.132711+00:00, run_after=2022-08-30T00:42:57.132711+00:00
[2022-08-29T20:42:57.156-0400] {processor.py:161} INFO - Processing /Users/jl/Documents/Repos/GHC-2022-data-engineering-workshop/venv/lib/python3.8/site-packages/airflow/example_dags/example_task_group.py took 0.167 seconds
[2022-08-29T20:44:55.557-0400] {processor.py:153} INFO - Started process (PID=16907) to work on /Users/jl/Documents/Repos/GHC-2022-data-engineering-workshop/venv/lib/python3.8/site-packages/airflow/example_dags/example_task_group.py
[2022-08-29T20:44:55.571-0400] {processor.py:640} INFO - Processing file /Users/jl/Documents/Repos/GHC-2022-data-engineering-workshop/venv/lib/python3.8/site-packages/airflow/example_dags/example_task_group.py for tasks to queue
[2022-08-29T20:44:55.573-0400] {logging_mixin.py:115} INFO - [2022-08-29T20:44:55.573-0400] {dagbag.py:508} INFO - Filling up the DagBag from /Users/jl/Documents/Repos/GHC-2022-data-engineering-workshop/venv/lib/python3.8/site-packages/airflow/example_dags/example_task_group.py
[2022-08-29T20:44:55.631-0400] {processor.py:650} INFO - DAG(s) dict_keys(['example_task_group']) retrieved from /Users/jl/Documents/Repos/GHC-2022-data-engineering-workshop/venv/lib/python3.8/site-packages/airflow/example_dags/example_task_group.py
[2022-08-29T20:44:55.756-0400] {logging_mixin.py:115} INFO - [2022-08-29T20:44:55.755-0400] {dag.py:2429} INFO - Sync 1 DAGs
[2022-08-29T20:44:55.776-0400] {logging_mixin.py:115} INFO - [2022-08-29T20:44:55.776-0400] {dag.py:2977} INFO - Setting next_dagrun for example_task_group to 2022-08-29T00:44:55.775804+00:00, run_after=2022-08-30T00:44:55.775804+00:00
[2022-08-29T20:44:55.793-0400] {processor.py:161} INFO - Processing /Users/jl/Documents/Repos/GHC-2022-data-engineering-workshop/venv/lib/python3.8/site-packages/airflow/example_dags/example_task_group.py took 0.238 seconds
[2022-08-29T20:46:35.565-0400] {processor.py:153} INFO - Started process (PID=17001) to work on /Users/jl/Documents/Repos/GHC-2022-data-engineering-workshop/venv/lib/python3.8/site-packages/airflow/example_dags/example_task_group.py
[2022-08-29T20:46:35.573-0400] {processor.py:640} INFO - Processing file /Users/jl/Documents/Repos/GHC-2022-data-engineering-workshop/venv/lib/python3.8/site-packages/airflow/example_dags/example_task_group.py for tasks to queue
[2022-08-29T20:46:35.573-0400] {logging_mixin.py:115} INFO - [2022-08-29T20:46:35.573-0400] {dagbag.py:508} INFO - Filling up the DagBag from /Users/jl/Documents/Repos/GHC-2022-data-engineering-workshop/venv/lib/python3.8/site-packages/airflow/example_dags/example_task_group.py
[2022-08-29T20:46:35.589-0400] {processor.py:650} INFO - DAG(s) dict_keys(['example_task_group']) retrieved from /Users/jl/Documents/Repos/GHC-2022-data-engineering-workshop/venv/lib/python3.8/site-packages/airflow/example_dags/example_task_group.py
[2022-08-29T20:46:35.672-0400] {logging_mixin.py:115} INFO - [2022-08-29T20:46:35.672-0400] {dag.py:2429} INFO - Sync 1 DAGs
[2022-08-29T20:46:35.689-0400] {logging_mixin.py:115} INFO - [2022-08-29T20:46:35.689-0400] {dag.py:2977} INFO - Setting next_dagrun for example_task_group to 2022-08-29T00:46:35.689033+00:00, run_after=2022-08-30T00:46:35.689033+00:00
[2022-08-29T20:46:35.705-0400] {processor.py:161} INFO - Processing /Users/jl/Documents/Repos/GHC-2022-data-engineering-workshop/venv/lib/python3.8/site-packages/airflow/example_dags/example_task_group.py took 0.141 seconds
[2022-08-29T20:48:31.233-0400] {processor.py:153} INFO - Started process (PID=17105) to work on /Users/jl/Documents/Repos/GHC-2022-data-engineering-workshop/venv/lib/python3.8/site-packages/airflow/example_dags/example_task_group.py
[2022-08-29T20:48:31.244-0400] {processor.py:640} INFO - Processing file /Users/jl/Documents/Repos/GHC-2022-data-engineering-workshop/venv/lib/python3.8/site-packages/airflow/example_dags/example_task_group.py for tasks to queue
[2022-08-29T20:48:31.244-0400] {logging_mixin.py:115} INFO - [2022-08-29T20:48:31.244-0400] {dagbag.py:508} INFO - Filling up the DagBag from /Users/jl/Documents/Repos/GHC-2022-data-engineering-workshop/venv/lib/python3.8/site-packages/airflow/example_dags/example_task_group.py
[2022-08-29T20:48:31.261-0400] {processor.py:650} INFO - DAG(s) dict_keys(['example_task_group']) retrieved from /Users/jl/Documents/Repos/GHC-2022-data-engineering-workshop/venv/lib/python3.8/site-packages/airflow/example_dags/example_task_group.py
[2022-08-29T20:48:31.339-0400] {logging_mixin.py:115} INFO - [2022-08-29T20:48:31.338-0400] {dag.py:2429} INFO - Sync 1 DAGs
[2022-08-29T20:48:31.356-0400] {logging_mixin.py:115} INFO - [2022-08-29T20:48:31.356-0400] {dag.py:2977} INFO - Setting next_dagrun for example_task_group to 2022-08-29T00:48:31.356104+00:00, run_after=2022-08-30T00:48:31.356104+00:00
[2022-08-29T20:48:31.372-0400] {processor.py:161} INFO - Processing /Users/jl/Documents/Repos/GHC-2022-data-engineering-workshop/venv/lib/python3.8/site-packages/airflow/example_dags/example_task_group.py took 0.139 seconds
[2022-08-29T20:50:10.704-0400] {processor.py:153} INFO - Started process (PID=17194) to work on /Users/jl/Documents/Repos/GHC-2022-data-engineering-workshop/venv/lib/python3.8/site-packages/airflow/example_dags/example_task_group.py
[2022-08-29T20:50:10.712-0400] {processor.py:640} INFO - Processing file /Users/jl/Documents/Repos/GHC-2022-data-engineering-workshop/venv/lib/python3.8/site-packages/airflow/example_dags/example_task_group.py for tasks to queue
[2022-08-29T20:50:10.712-0400] {logging_mixin.py:115} INFO - [2022-08-29T20:50:10.712-0400] {dagbag.py:508} INFO - Filling up the DagBag from /Users/jl/Documents/Repos/GHC-2022-data-engineering-workshop/venv/lib/python3.8/site-packages/airflow/example_dags/example_task_group.py
[2022-08-29T20:50:10.729-0400] {processor.py:650} INFO - DAG(s) dict_keys(['example_task_group']) retrieved from /Users/jl/Documents/Repos/GHC-2022-data-engineering-workshop/venv/lib/python3.8/site-packages/airflow/example_dags/example_task_group.py
[2022-08-29T20:50:10.808-0400] {logging_mixin.py:115} INFO - [2022-08-29T20:50:10.808-0400] {dag.py:2429} INFO - Sync 1 DAGs
[2022-08-29T20:50:10.825-0400] {logging_mixin.py:115} INFO - [2022-08-29T20:50:10.825-0400] {dag.py:2977} INFO - Setting next_dagrun for example_task_group to 2022-08-29T00:50:10.825420+00:00, run_after=2022-08-30T00:50:10.825420+00:00
[2022-08-29T20:50:10.841-0400] {processor.py:161} INFO - Processing /Users/jl/Documents/Repos/GHC-2022-data-engineering-workshop/venv/lib/python3.8/site-packages/airflow/example_dags/example_task_group.py took 0.139 seconds
[2022-08-29T20:51:46.642-0400] {processor.py:153} INFO - Started process (PID=17283) to work on /Users/jl/Documents/Repos/GHC-2022-data-engineering-workshop/venv/lib/python3.8/site-packages/airflow/example_dags/example_task_group.py
[2022-08-29T20:51:46.651-0400] {processor.py:640} INFO - Processing file /Users/jl/Documents/Repos/GHC-2022-data-engineering-workshop/venv/lib/python3.8/site-packages/airflow/example_dags/example_task_group.py for tasks to queue
[2022-08-29T20:51:46.651-0400] {logging_mixin.py:115} INFO - [2022-08-29T20:51:46.651-0400] {dagbag.py:508} INFO - Filling up the DagBag from /Users/jl/Documents/Repos/GHC-2022-data-engineering-workshop/venv/lib/python3.8/site-packages/airflow/example_dags/example_task_group.py
[2022-08-29T20:51:46.667-0400] {processor.py:650} INFO - DAG(s) dict_keys(['example_task_group']) retrieved from /Users/jl/Documents/Repos/GHC-2022-data-engineering-workshop/venv/lib/python3.8/site-packages/airflow/example_dags/example_task_group.py
[2022-08-29T20:51:46.751-0400] {logging_mixin.py:115} INFO - [2022-08-29T20:51:46.751-0400] {dag.py:2429} INFO - Sync 1 DAGs
[2022-08-29T20:51:46.768-0400] {logging_mixin.py:115} INFO - [2022-08-29T20:51:46.768-0400] {dag.py:2977} INFO - Setting next_dagrun for example_task_group to 2022-08-29T00:51:46.768444+00:00, run_after=2022-08-30T00:51:46.768444+00:00
[2022-08-29T20:51:46.784-0400] {processor.py:161} INFO - Processing /Users/jl/Documents/Repos/GHC-2022-data-engineering-workshop/venv/lib/python3.8/site-packages/airflow/example_dags/example_task_group.py took 0.142 seconds
[2022-08-29T20:53:30.749-0400] {processor.py:153} INFO - Started process (PID=17376) to work on /Users/jl/Documents/Repos/GHC-2022-data-engineering-workshop/venv/lib/python3.8/site-packages/airflow/example_dags/example_task_group.py
[2022-08-29T20:53:30.789-0400] {processor.py:640} INFO - Processing file /Users/jl/Documents/Repos/GHC-2022-data-engineering-workshop/venv/lib/python3.8/site-packages/airflow/example_dags/example_task_group.py for tasks to queue
[2022-08-29T20:53:30.790-0400] {logging_mixin.py:115} INFO - [2022-08-29T20:53:30.790-0400] {dagbag.py:508} INFO - Filling up the DagBag from /Users/jl/Documents/Repos/GHC-2022-data-engineering-workshop/venv/lib/python3.8/site-packages/airflow/example_dags/example_task_group.py
[2022-08-29T20:53:30.839-0400] {processor.py:650} INFO - DAG(s) dict_keys(['example_task_group']) retrieved from /Users/jl/Documents/Repos/GHC-2022-data-engineering-workshop/venv/lib/python3.8/site-packages/airflow/example_dags/example_task_group.py
[2022-08-29T20:53:30.983-0400] {logging_mixin.py:115} INFO - [2022-08-29T20:53:30.983-0400] {dag.py:2429} INFO - Sync 1 DAGs
[2022-08-29T20:53:31.009-0400] {logging_mixin.py:115} INFO - [2022-08-29T20:53:31.009-0400] {dag.py:2977} INFO - Setting next_dagrun for example_task_group to 2022-08-29T00:53:31.009063+00:00, run_after=2022-08-30T00:53:31.009063+00:00
[2022-08-29T20:53:31.029-0400] {processor.py:161} INFO - Processing /Users/jl/Documents/Repos/GHC-2022-data-engineering-workshop/venv/lib/python3.8/site-packages/airflow/example_dags/example_task_group.py took 0.284 seconds
[2022-08-29T20:55:35.455-0400] {processor.py:153} INFO - Started process (PID=17474) to work on /Users/jl/Documents/Repos/GHC-2022-data-engineering-workshop/venv/lib/python3.8/site-packages/airflow/example_dags/example_task_group.py
[2022-08-29T20:55:35.465-0400] {processor.py:640} INFO - Processing file /Users/jl/Documents/Repos/GHC-2022-data-engineering-workshop/venv/lib/python3.8/site-packages/airflow/example_dags/example_task_group.py for tasks to queue
[2022-08-29T20:55:35.466-0400] {logging_mixin.py:115} INFO - [2022-08-29T20:55:35.466-0400] {dagbag.py:508} INFO - Filling up the DagBag from /Users/jl/Documents/Repos/GHC-2022-data-engineering-workshop/venv/lib/python3.8/site-packages/airflow/example_dags/example_task_group.py
[2022-08-29T20:55:35.484-0400] {processor.py:650} INFO - DAG(s) dict_keys(['example_task_group']) retrieved from /Users/jl/Documents/Repos/GHC-2022-data-engineering-workshop/venv/lib/python3.8/site-packages/airflow/example_dags/example_task_group.py
[2022-08-29T20:55:35.563-0400] {logging_mixin.py:115} INFO - [2022-08-29T20:55:35.563-0400] {dag.py:2429} INFO - Sync 1 DAGs
[2022-08-29T20:55:35.581-0400] {logging_mixin.py:115} INFO - [2022-08-29T20:55:35.581-0400] {dag.py:2977} INFO - Setting next_dagrun for example_task_group to 2022-08-29T00:55:35.581413+00:00, run_after=2022-08-30T00:55:35.581413+00:00
[2022-08-29T20:55:35.597-0400] {processor.py:161} INFO - Processing /Users/jl/Documents/Repos/GHC-2022-data-engineering-workshop/venv/lib/python3.8/site-packages/airflow/example_dags/example_task_group.py took 0.143 seconds
[2022-08-29T20:57:19.152-0400] {processor.py:153} INFO - Started process (PID=17565) to work on /Users/jl/Documents/Repos/GHC-2022-data-engineering-workshop/venv/lib/python3.8/site-packages/airflow/example_dags/example_task_group.py
[2022-08-29T20:57:19.161-0400] {processor.py:640} INFO - Processing file /Users/jl/Documents/Repos/GHC-2022-data-engineering-workshop/venv/lib/python3.8/site-packages/airflow/example_dags/example_task_group.py for tasks to queue
[2022-08-29T20:57:19.162-0400] {logging_mixin.py:115} INFO - [2022-08-29T20:57:19.162-0400] {dagbag.py:508} INFO - Filling up the DagBag from /Users/jl/Documents/Repos/GHC-2022-data-engineering-workshop/venv/lib/python3.8/site-packages/airflow/example_dags/example_task_group.py
[2022-08-29T20:57:19.183-0400] {processor.py:650} INFO - DAG(s) dict_keys(['example_task_group']) retrieved from /Users/jl/Documents/Repos/GHC-2022-data-engineering-workshop/venv/lib/python3.8/site-packages/airflow/example_dags/example_task_group.py
[2022-08-29T20:57:19.273-0400] {logging_mixin.py:115} INFO - [2022-08-29T20:57:19.273-0400] {dag.py:2429} INFO - Sync 1 DAGs
[2022-08-29T20:57:19.295-0400] {logging_mixin.py:115} INFO - [2022-08-29T20:57:19.295-0400] {dag.py:2977} INFO - Setting next_dagrun for example_task_group to 2022-08-29T00:57:19.295617+00:00, run_after=2022-08-30T00:57:19.295617+00:00
[2022-08-29T20:57:19.310-0400] {processor.py:161} INFO - Processing /Users/jl/Documents/Repos/GHC-2022-data-engineering-workshop/venv/lib/python3.8/site-packages/airflow/example_dags/example_task_group.py took 0.160 seconds
[2022-08-29T20:58:40.099-0400] {processor.py:153} INFO - Started process (PID=17630) to work on /Users/jl/Documents/Repos/GHC-2022-data-engineering-workshop/venv/lib/python3.8/site-packages/airflow/example_dags/example_task_group.py
[2022-08-29T20:58:40.109-0400] {processor.py:640} INFO - Processing file /Users/jl/Documents/Repos/GHC-2022-data-engineering-workshop/venv/lib/python3.8/site-packages/airflow/example_dags/example_task_group.py for tasks to queue
[2022-08-29T20:58:40.110-0400] {logging_mixin.py:115} INFO - [2022-08-29T20:58:40.110-0400] {dagbag.py:508} INFO - Filling up the DagBag from /Users/jl/Documents/Repos/GHC-2022-data-engineering-workshop/venv/lib/python3.8/site-packages/airflow/example_dags/example_task_group.py
[2022-08-29T20:58:40.128-0400] {processor.py:650} INFO - DAG(s) dict_keys(['example_task_group']) retrieved from /Users/jl/Documents/Repos/GHC-2022-data-engineering-workshop/venv/lib/python3.8/site-packages/airflow/example_dags/example_task_group.py
[2022-08-29T20:58:40.206-0400] {logging_mixin.py:115} INFO - [2022-08-29T20:58:40.206-0400] {dag.py:2429} INFO - Sync 1 DAGs
[2022-08-29T20:58:40.223-0400] {logging_mixin.py:115} INFO - [2022-08-29T20:58:40.223-0400] {dag.py:2977} INFO - Setting next_dagrun for example_task_group to 2022-08-29T00:58:40.223042+00:00, run_after=2022-08-30T00:58:40.223042+00:00
[2022-08-29T20:58:40.239-0400] {processor.py:161} INFO - Processing /Users/jl/Documents/Repos/GHC-2022-data-engineering-workshop/venv/lib/python3.8/site-packages/airflow/example_dags/example_task_group.py took 0.141 seconds
[2022-08-29T21:00:46.245-0400] {processor.py:153} INFO - Started process (PID=17777) to work on /Users/jl/Documents/Repos/GHC-2022-data-engineering-workshop/venv/lib/python3.8/site-packages/airflow/example_dags/example_task_group.py
[2022-08-29T21:00:46.255-0400] {processor.py:640} INFO - Processing file /Users/jl/Documents/Repos/GHC-2022-data-engineering-workshop/venv/lib/python3.8/site-packages/airflow/example_dags/example_task_group.py for tasks to queue
[2022-08-29T21:00:46.256-0400] {logging_mixin.py:115} INFO - [2022-08-29T21:00:46.256-0400] {dagbag.py:508} INFO - Filling up the DagBag from /Users/jl/Documents/Repos/GHC-2022-data-engineering-workshop/venv/lib/python3.8/site-packages/airflow/example_dags/example_task_group.py
[2022-08-29T21:00:46.284-0400] {processor.py:650} INFO - DAG(s) dict_keys(['example_task_group']) retrieved from /Users/jl/Documents/Repos/GHC-2022-data-engineering-workshop/venv/lib/python3.8/site-packages/airflow/example_dags/example_task_group.py
[2022-08-29T21:00:46.401-0400] {logging_mixin.py:115} INFO - [2022-08-29T21:00:46.401-0400] {dag.py:2429} INFO - Sync 1 DAGs
[2022-08-29T21:00:46.436-0400] {logging_mixin.py:115} INFO - [2022-08-29T21:00:46.435-0400] {dag.py:2977} INFO - Setting next_dagrun for example_task_group to 2022-08-29T01:00:46.435230+00:00, run_after=2022-08-30T01:00:46.435230+00:00
[2022-08-29T21:00:46.457-0400] {processor.py:161} INFO - Processing /Users/jl/Documents/Repos/GHC-2022-data-engineering-workshop/venv/lib/python3.8/site-packages/airflow/example_dags/example_task_group.py took 0.214 seconds
