[2022-08-29T20:01:12.926-0400] {processor.py:153} INFO - Started process (PID=14411) to work on /Users/jl/Documents/Repos/GHC-2022-data-engineering-workshop/venv/lib/python3.8/site-packages/airflow/example_dags/example_latest_only.py
[2022-08-29T20:01:12.934-0400] {processor.py:640} INFO - Processing file /Users/jl/Documents/Repos/GHC-2022-data-engineering-workshop/venv/lib/python3.8/site-packages/airflow/example_dags/example_latest_only.py for tasks to queue
[2022-08-29T20:01:12.935-0400] {logging_mixin.py:115} INFO - [2022-08-29T20:01:12.935-0400] {dagbag.py:508} INFO - Filling up the DagBag from /Users/jl/Documents/Repos/GHC-2022-data-engineering-workshop/venv/lib/python3.8/site-packages/airflow/example_dags/example_latest_only.py
[2022-08-29T20:01:12.951-0400] {processor.py:650} INFO - DAG(s) dict_keys(['latest_only']) retrieved from /Users/jl/Documents/Repos/GHC-2022-data-engineering-workshop/venv/lib/python3.8/site-packages/airflow/example_dags/example_latest_only.py
[2022-08-29T20:01:13.028-0400] {logging_mixin.py:115} INFO - [2022-08-29T20:01:13.027-0400] {dag.py:2429} INFO - Sync 1 DAGs
[2022-08-29T20:01:13.045-0400] {logging_mixin.py:115} INFO - [2022-08-29T20:01:13.045-0400] {dag.py:2977} INFO - Setting next_dagrun for latest_only to 2022-08-29T20:01:13.045349+00:00, run_after=2022-08-30T00:01:13.045349+00:00
[2022-08-29T20:01:13.060-0400] {processor.py:161} INFO - Processing /Users/jl/Documents/Repos/GHC-2022-data-engineering-workshop/venv/lib/python3.8/site-packages/airflow/example_dags/example_latest_only.py took 0.136 seconds
[2022-08-29T20:02:40.355-0400] {processor.py:153} INFO - Started process (PID=14496) to work on /Users/jl/Documents/Repos/GHC-2022-data-engineering-workshop/venv/lib/python3.8/site-packages/airflow/example_dags/example_latest_only.py
[2022-08-29T20:02:40.363-0400] {processor.py:640} INFO - Processing file /Users/jl/Documents/Repos/GHC-2022-data-engineering-workshop/venv/lib/python3.8/site-packages/airflow/example_dags/example_latest_only.py for tasks to queue
[2022-08-29T20:02:40.364-0400] {logging_mixin.py:115} INFO - [2022-08-29T20:02:40.363-0400] {dagbag.py:508} INFO - Filling up the DagBag from /Users/jl/Documents/Repos/GHC-2022-data-engineering-workshop/venv/lib/python3.8/site-packages/airflow/example_dags/example_latest_only.py
[2022-08-29T20:02:40.378-0400] {processor.py:650} INFO - DAG(s) dict_keys(['latest_only']) retrieved from /Users/jl/Documents/Repos/GHC-2022-data-engineering-workshop/venv/lib/python3.8/site-packages/airflow/example_dags/example_latest_only.py
[2022-08-29T20:02:40.454-0400] {logging_mixin.py:115} INFO - [2022-08-29T20:02:40.454-0400] {dag.py:2429} INFO - Sync 1 DAGs
[2022-08-29T20:02:40.472-0400] {logging_mixin.py:115} INFO - [2022-08-29T20:02:40.472-0400] {dag.py:2977} INFO - Setting next_dagrun for latest_only to 2022-08-29T20:02:40.472084+00:00, run_after=2022-08-30T00:02:40.472084+00:00
[2022-08-29T20:02:40.488-0400] {processor.py:161} INFO - Processing /Users/jl/Documents/Repos/GHC-2022-data-engineering-workshop/venv/lib/python3.8/site-packages/airflow/example_dags/example_latest_only.py took 0.134 seconds
[2022-08-29T20:04:05.518-0400] {processor.py:153} INFO - Started process (PID=14575) to work on /Users/jl/Documents/Repos/GHC-2022-data-engineering-workshop/venv/lib/python3.8/site-packages/airflow/example_dags/example_latest_only.py
[2022-08-29T20:04:05.526-0400] {processor.py:640} INFO - Processing file /Users/jl/Documents/Repos/GHC-2022-data-engineering-workshop/venv/lib/python3.8/site-packages/airflow/example_dags/example_latest_only.py for tasks to queue
[2022-08-29T20:04:05.526-0400] {logging_mixin.py:115} INFO - [2022-08-29T20:04:05.526-0400] {dagbag.py:508} INFO - Filling up the DagBag from /Users/jl/Documents/Repos/GHC-2022-data-engineering-workshop/venv/lib/python3.8/site-packages/airflow/example_dags/example_latest_only.py
[2022-08-29T20:04:05.541-0400] {processor.py:650} INFO - DAG(s) dict_keys(['latest_only']) retrieved from /Users/jl/Documents/Repos/GHC-2022-data-engineering-workshop/venv/lib/python3.8/site-packages/airflow/example_dags/example_latest_only.py
[2022-08-29T20:04:05.618-0400] {logging_mixin.py:115} INFO - [2022-08-29T20:04:05.617-0400] {dag.py:2429} INFO - Sync 1 DAGs
[2022-08-29T20:04:05.635-0400] {logging_mixin.py:115} INFO - [2022-08-29T20:04:05.635-0400] {dag.py:2977} INFO - Setting next_dagrun for latest_only to 2022-08-29T20:04:05.635176+00:00, run_after=2022-08-30T00:04:05.635176+00:00
[2022-08-29T20:04:05.650-0400] {processor.py:161} INFO - Processing /Users/jl/Documents/Repos/GHC-2022-data-engineering-workshop/venv/lib/python3.8/site-packages/airflow/example_dags/example_latest_only.py took 0.134 seconds
[2022-08-29T20:05:33.657-0400] {processor.py:153} INFO - Started process (PID=14656) to work on /Users/jl/Documents/Repos/GHC-2022-data-engineering-workshop/venv/lib/python3.8/site-packages/airflow/example_dags/example_latest_only.py
[2022-08-29T20:05:33.665-0400] {processor.py:640} INFO - Processing file /Users/jl/Documents/Repos/GHC-2022-data-engineering-workshop/venv/lib/python3.8/site-packages/airflow/example_dags/example_latest_only.py for tasks to queue
[2022-08-29T20:05:33.666-0400] {logging_mixin.py:115} INFO - [2022-08-29T20:05:33.666-0400] {dagbag.py:508} INFO - Filling up the DagBag from /Users/jl/Documents/Repos/GHC-2022-data-engineering-workshop/venv/lib/python3.8/site-packages/airflow/example_dags/example_latest_only.py
[2022-08-29T20:05:33.680-0400] {processor.py:650} INFO - DAG(s) dict_keys(['latest_only']) retrieved from /Users/jl/Documents/Repos/GHC-2022-data-engineering-workshop/venv/lib/python3.8/site-packages/airflow/example_dags/example_latest_only.py
[2022-08-29T20:05:33.758-0400] {logging_mixin.py:115} INFO - [2022-08-29T20:05:33.758-0400] {dag.py:2429} INFO - Sync 1 DAGs
[2022-08-29T20:05:33.776-0400] {logging_mixin.py:115} INFO - [2022-08-29T20:05:33.775-0400] {dag.py:2977} INFO - Setting next_dagrun for latest_only to 2022-08-29T20:05:33.775651+00:00, run_after=2022-08-30T00:05:33.775651+00:00
[2022-08-29T20:05:33.791-0400] {processor.py:161} INFO - Processing /Users/jl/Documents/Repos/GHC-2022-data-engineering-workshop/venv/lib/python3.8/site-packages/airflow/example_dags/example_latest_only.py took 0.135 seconds
[2022-08-29T20:06:59.491-0400] {processor.py:153} INFO - Started process (PID=14736) to work on /Users/jl/Documents/Repos/GHC-2022-data-engineering-workshop/venv/lib/python3.8/site-packages/airflow/example_dags/example_latest_only.py
[2022-08-29T20:06:59.499-0400] {processor.py:640} INFO - Processing file /Users/jl/Documents/Repos/GHC-2022-data-engineering-workshop/venv/lib/python3.8/site-packages/airflow/example_dags/example_latest_only.py for tasks to queue
[2022-08-29T20:06:59.500-0400] {logging_mixin.py:115} INFO - [2022-08-29T20:06:59.499-0400] {dagbag.py:508} INFO - Filling up the DagBag from /Users/jl/Documents/Repos/GHC-2022-data-engineering-workshop/venv/lib/python3.8/site-packages/airflow/example_dags/example_latest_only.py
[2022-08-29T20:06:59.514-0400] {processor.py:650} INFO - DAG(s) dict_keys(['latest_only']) retrieved from /Users/jl/Documents/Repos/GHC-2022-data-engineering-workshop/venv/lib/python3.8/site-packages/airflow/example_dags/example_latest_only.py
[2022-08-29T20:06:59.591-0400] {logging_mixin.py:115} INFO - [2022-08-29T20:06:59.591-0400] {dag.py:2429} INFO - Sync 1 DAGs
[2022-08-29T20:06:59.608-0400] {logging_mixin.py:115} INFO - [2022-08-29T20:06:59.608-0400] {dag.py:2977} INFO - Setting next_dagrun for latest_only to 2022-08-29T20:06:59.608430+00:00, run_after=2022-08-30T00:06:59.608430+00:00
[2022-08-29T20:06:59.624-0400] {processor.py:161} INFO - Processing /Users/jl/Documents/Repos/GHC-2022-data-engineering-workshop/venv/lib/python3.8/site-packages/airflow/example_dags/example_latest_only.py took 0.134 seconds
[2022-08-29T20:08:26.473-0400] {processor.py:153} INFO - Started process (PID=14819) to work on /Users/jl/Documents/Repos/GHC-2022-data-engineering-workshop/venv/lib/python3.8/site-packages/airflow/example_dags/example_latest_only.py
[2022-08-29T20:08:26.481-0400] {processor.py:640} INFO - Processing file /Users/jl/Documents/Repos/GHC-2022-data-engineering-workshop/venv/lib/python3.8/site-packages/airflow/example_dags/example_latest_only.py for tasks to queue
[2022-08-29T20:08:26.482-0400] {logging_mixin.py:115} INFO - [2022-08-29T20:08:26.482-0400] {dagbag.py:508} INFO - Filling up the DagBag from /Users/jl/Documents/Repos/GHC-2022-data-engineering-workshop/venv/lib/python3.8/site-packages/airflow/example_dags/example_latest_only.py
[2022-08-29T20:08:26.497-0400] {processor.py:650} INFO - DAG(s) dict_keys(['latest_only']) retrieved from /Users/jl/Documents/Repos/GHC-2022-data-engineering-workshop/venv/lib/python3.8/site-packages/airflow/example_dags/example_latest_only.py
[2022-08-29T20:08:26.575-0400] {logging_mixin.py:115} INFO - [2022-08-29T20:08:26.575-0400] {dag.py:2429} INFO - Sync 1 DAGs
[2022-08-29T20:08:26.592-0400] {logging_mixin.py:115} INFO - [2022-08-29T20:08:26.592-0400] {dag.py:2977} INFO - Setting next_dagrun for latest_only to 2022-08-29T20:08:26.592382+00:00, run_after=2022-08-30T00:08:26.592382+00:00
[2022-08-29T20:08:26.608-0400] {processor.py:161} INFO - Processing /Users/jl/Documents/Repos/GHC-2022-data-engineering-workshop/venv/lib/python3.8/site-packages/airflow/example_dags/example_latest_only.py took 0.137 seconds
[2022-08-29T20:09:57.705-0400] {processor.py:153} INFO - Started process (PID=14902) to work on /Users/jl/Documents/Repos/GHC-2022-data-engineering-workshop/venv/lib/python3.8/site-packages/airflow/example_dags/example_latest_only.py
[2022-08-29T20:09:57.715-0400] {processor.py:640} INFO - Processing file /Users/jl/Documents/Repos/GHC-2022-data-engineering-workshop/venv/lib/python3.8/site-packages/airflow/example_dags/example_latest_only.py for tasks to queue
[2022-08-29T20:09:57.716-0400] {logging_mixin.py:115} INFO - [2022-08-29T20:09:57.716-0400] {dagbag.py:508} INFO - Filling up the DagBag from /Users/jl/Documents/Repos/GHC-2022-data-engineering-workshop/venv/lib/python3.8/site-packages/airflow/example_dags/example_latest_only.py
[2022-08-29T20:09:57.732-0400] {processor.py:650} INFO - DAG(s) dict_keys(['latest_only']) retrieved from /Users/jl/Documents/Repos/GHC-2022-data-engineering-workshop/venv/lib/python3.8/site-packages/airflow/example_dags/example_latest_only.py
[2022-08-29T20:09:57.810-0400] {logging_mixin.py:115} INFO - [2022-08-29T20:09:57.810-0400] {dag.py:2429} INFO - Sync 1 DAGs
[2022-08-29T20:09:57.830-0400] {logging_mixin.py:115} INFO - [2022-08-29T20:09:57.829-0400] {dag.py:2977} INFO - Setting next_dagrun for latest_only to 2022-08-29T20:09:57.829498+00:00, run_after=2022-08-30T00:09:57.829498+00:00
[2022-08-29T20:09:57.846-0400] {processor.py:161} INFO - Processing /Users/jl/Documents/Repos/GHC-2022-data-engineering-workshop/venv/lib/python3.8/site-packages/airflow/example_dags/example_latest_only.py took 0.142 seconds
[2022-08-29T20:11:34.083-0400] {processor.py:153} INFO - Started process (PID=14991) to work on /Users/jl/Documents/Repos/GHC-2022-data-engineering-workshop/venv/lib/python3.8/site-packages/airflow/example_dags/example_latest_only.py
[2022-08-29T20:11:34.092-0400] {processor.py:640} INFO - Processing file /Users/jl/Documents/Repos/GHC-2022-data-engineering-workshop/venv/lib/python3.8/site-packages/airflow/example_dags/example_latest_only.py for tasks to queue
[2022-08-29T20:11:34.092-0400] {logging_mixin.py:115} INFO - [2022-08-29T20:11:34.092-0400] {dagbag.py:508} INFO - Filling up the DagBag from /Users/jl/Documents/Repos/GHC-2022-data-engineering-workshop/venv/lib/python3.8/site-packages/airflow/example_dags/example_latest_only.py
[2022-08-29T20:11:34.106-0400] {processor.py:650} INFO - DAG(s) dict_keys(['latest_only']) retrieved from /Users/jl/Documents/Repos/GHC-2022-data-engineering-workshop/venv/lib/python3.8/site-packages/airflow/example_dags/example_latest_only.py
[2022-08-29T20:11:34.183-0400] {logging_mixin.py:115} INFO - [2022-08-29T20:11:34.182-0400] {dag.py:2429} INFO - Sync 1 DAGs
[2022-08-29T20:11:34.200-0400] {logging_mixin.py:115} INFO - [2022-08-29T20:11:34.200-0400] {dag.py:2977} INFO - Setting next_dagrun for latest_only to 2022-08-29T20:11:34.200223+00:00, run_after=2022-08-30T00:11:34.200223+00:00
[2022-08-29T20:11:34.216-0400] {processor.py:161} INFO - Processing /Users/jl/Documents/Repos/GHC-2022-data-engineering-workshop/venv/lib/python3.8/site-packages/airflow/example_dags/example_latest_only.py took 0.135 seconds
[2022-08-29T20:13:03.602-0400] {processor.py:153} INFO - Started process (PID=15076) to work on /Users/jl/Documents/Repos/GHC-2022-data-engineering-workshop/venv/lib/python3.8/site-packages/airflow/example_dags/example_latest_only.py
[2022-08-29T20:13:03.611-0400] {processor.py:640} INFO - Processing file /Users/jl/Documents/Repos/GHC-2022-data-engineering-workshop/venv/lib/python3.8/site-packages/airflow/example_dags/example_latest_only.py for tasks to queue
[2022-08-29T20:13:03.611-0400] {logging_mixin.py:115} INFO - [2022-08-29T20:13:03.611-0400] {dagbag.py:508} INFO - Filling up the DagBag from /Users/jl/Documents/Repos/GHC-2022-data-engineering-workshop/venv/lib/python3.8/site-packages/airflow/example_dags/example_latest_only.py
[2022-08-29T20:13:03.626-0400] {processor.py:650} INFO - DAG(s) dict_keys(['latest_only']) retrieved from /Users/jl/Documents/Repos/GHC-2022-data-engineering-workshop/venv/lib/python3.8/site-packages/airflow/example_dags/example_latest_only.py
[2022-08-29T20:13:03.702-0400] {logging_mixin.py:115} INFO - [2022-08-29T20:13:03.702-0400] {dag.py:2429} INFO - Sync 1 DAGs
[2022-08-29T20:13:03.720-0400] {logging_mixin.py:115} INFO - [2022-08-29T20:13:03.719-0400] {dag.py:2977} INFO - Setting next_dagrun for latest_only to 2022-08-29T20:13:03.719629+00:00, run_after=2022-08-30T00:13:03.719629+00:00
[2022-08-29T20:13:03.735-0400] {processor.py:161} INFO - Processing /Users/jl/Documents/Repos/GHC-2022-data-engineering-workshop/venv/lib/python3.8/site-packages/airflow/example_dags/example_latest_only.py took 0.134 seconds
[2022-08-29T20:14:32.019-0400] {processor.py:153} INFO - Started process (PID=15156) to work on /Users/jl/Documents/Repos/GHC-2022-data-engineering-workshop/venv/lib/python3.8/site-packages/airflow/example_dags/example_latest_only.py
[2022-08-29T20:14:32.030-0400] {processor.py:640} INFO - Processing file /Users/jl/Documents/Repos/GHC-2022-data-engineering-workshop/venv/lib/python3.8/site-packages/airflow/example_dags/example_latest_only.py for tasks to queue
[2022-08-29T20:14:32.030-0400] {logging_mixin.py:115} INFO - [2022-08-29T20:14:32.030-0400] {dagbag.py:508} INFO - Filling up the DagBag from /Users/jl/Documents/Repos/GHC-2022-data-engineering-workshop/venv/lib/python3.8/site-packages/airflow/example_dags/example_latest_only.py
[2022-08-29T20:14:32.051-0400] {processor.py:650} INFO - DAG(s) dict_keys(['latest_only']) retrieved from /Users/jl/Documents/Repos/GHC-2022-data-engineering-workshop/venv/lib/python3.8/site-packages/airflow/example_dags/example_latest_only.py
[2022-08-29T20:14:32.143-0400] {logging_mixin.py:115} INFO - [2022-08-29T20:14:32.142-0400] {dag.py:2429} INFO - Sync 1 DAGs
[2022-08-29T20:14:32.162-0400] {logging_mixin.py:115} INFO - [2022-08-29T20:14:32.162-0400] {dag.py:2977} INFO - Setting next_dagrun for latest_only to 2022-08-29T20:14:32.162359+00:00, run_after=2022-08-30T00:14:32.162359+00:00
[2022-08-29T20:14:32.183-0400] {processor.py:161} INFO - Processing /Users/jl/Documents/Repos/GHC-2022-data-engineering-workshop/venv/lib/python3.8/site-packages/airflow/example_dags/example_latest_only.py took 0.165 seconds
[2022-08-29T20:16:14.846-0400] {processor.py:153} INFO - Started process (PID=15274) to work on /Users/jl/Documents/Repos/GHC-2022-data-engineering-workshop/venv/lib/python3.8/site-packages/airflow/example_dags/example_latest_only.py
[2022-08-29T20:16:14.858-0400] {processor.py:640} INFO - Processing file /Users/jl/Documents/Repos/GHC-2022-data-engineering-workshop/venv/lib/python3.8/site-packages/airflow/example_dags/example_latest_only.py for tasks to queue
[2022-08-29T20:16:14.859-0400] {logging_mixin.py:115} INFO - [2022-08-29T20:16:14.859-0400] {dagbag.py:508} INFO - Filling up the DagBag from /Users/jl/Documents/Repos/GHC-2022-data-engineering-workshop/venv/lib/python3.8/site-packages/airflow/example_dags/example_latest_only.py
[2022-08-29T20:16:14.880-0400] {processor.py:650} INFO - DAG(s) dict_keys(['latest_only']) retrieved from /Users/jl/Documents/Repos/GHC-2022-data-engineering-workshop/venv/lib/python3.8/site-packages/airflow/example_dags/example_latest_only.py
[2022-08-29T20:16:15.014-0400] {logging_mixin.py:115} INFO - [2022-08-29T20:16:15.013-0400] {dag.py:2429} INFO - Sync 1 DAGs
[2022-08-29T20:16:15.046-0400] {logging_mixin.py:115} INFO - [2022-08-29T20:16:15.045-0400] {dag.py:2977} INFO - Setting next_dagrun for latest_only to 2022-08-29T20:16:15.045438+00:00, run_after=2022-08-30T00:16:15.045438+00:00
[2022-08-29T20:16:15.068-0400] {processor.py:161} INFO - Processing /Users/jl/Documents/Repos/GHC-2022-data-engineering-workshop/venv/lib/python3.8/site-packages/airflow/example_dags/example_latest_only.py took 0.223 seconds
[2022-08-29T20:18:08.556-0400] {processor.py:153} INFO - Started process (PID=15394) to work on /Users/jl/Documents/Repos/GHC-2022-data-engineering-workshop/venv/lib/python3.8/site-packages/airflow/example_dags/example_latest_only.py
[2022-08-29T20:18:08.564-0400] {processor.py:640} INFO - Processing file /Users/jl/Documents/Repos/GHC-2022-data-engineering-workshop/venv/lib/python3.8/site-packages/airflow/example_dags/example_latest_only.py for tasks to queue
[2022-08-29T20:18:08.565-0400] {logging_mixin.py:115} INFO - [2022-08-29T20:18:08.564-0400] {dagbag.py:508} INFO - Filling up the DagBag from /Users/jl/Documents/Repos/GHC-2022-data-engineering-workshop/venv/lib/python3.8/site-packages/airflow/example_dags/example_latest_only.py
[2022-08-29T20:18:08.579-0400] {processor.py:650} INFO - DAG(s) dict_keys(['latest_only']) retrieved from /Users/jl/Documents/Repos/GHC-2022-data-engineering-workshop/venv/lib/python3.8/site-packages/airflow/example_dags/example_latest_only.py
[2022-08-29T20:18:08.658-0400] {logging_mixin.py:115} INFO - [2022-08-29T20:18:08.658-0400] {dag.py:2429} INFO - Sync 1 DAGs
[2022-08-29T20:18:08.676-0400] {logging_mixin.py:115} INFO - [2022-08-29T20:18:08.675-0400] {dag.py:2977} INFO - Setting next_dagrun for latest_only to 2022-08-29T20:18:08.675618+00:00, run_after=2022-08-30T00:18:08.675618+00:00
[2022-08-29T20:18:08.692-0400] {processor.py:161} INFO - Processing /Users/jl/Documents/Repos/GHC-2022-data-engineering-workshop/venv/lib/python3.8/site-packages/airflow/example_dags/example_latest_only.py took 0.137 seconds
[2022-08-29T20:19:56.698-0400] {processor.py:153} INFO - Started process (PID=15505) to work on /Users/jl/Documents/Repos/GHC-2022-data-engineering-workshop/venv/lib/python3.8/site-packages/airflow/example_dags/example_latest_only.py
[2022-08-29T20:19:56.708-0400] {processor.py:640} INFO - Processing file /Users/jl/Documents/Repos/GHC-2022-data-engineering-workshop/venv/lib/python3.8/site-packages/airflow/example_dags/example_latest_only.py for tasks to queue
[2022-08-29T20:19:56.709-0400] {logging_mixin.py:115} INFO - [2022-08-29T20:19:56.709-0400] {dagbag.py:508} INFO - Filling up the DagBag from /Users/jl/Documents/Repos/GHC-2022-data-engineering-workshop/venv/lib/python3.8/site-packages/airflow/example_dags/example_latest_only.py
[2022-08-29T20:19:56.724-0400] {processor.py:650} INFO - DAG(s) dict_keys(['latest_only']) retrieved from /Users/jl/Documents/Repos/GHC-2022-data-engineering-workshop/venv/lib/python3.8/site-packages/airflow/example_dags/example_latest_only.py
[2022-08-29T20:19:56.801-0400] {logging_mixin.py:115} INFO - [2022-08-29T20:19:56.801-0400] {dag.py:2429} INFO - Sync 1 DAGs
[2022-08-29T20:19:56.818-0400] {logging_mixin.py:115} INFO - [2022-08-29T20:19:56.818-0400] {dag.py:2977} INFO - Setting next_dagrun for latest_only to 2022-08-29T20:19:56.817962+00:00, run_after=2022-08-30T00:19:56.817962+00:00
[2022-08-29T20:19:56.833-0400] {processor.py:161} INFO - Processing /Users/jl/Documents/Repos/GHC-2022-data-engineering-workshop/venv/lib/python3.8/site-packages/airflow/example_dags/example_latest_only.py took 0.136 seconds
[2022-08-29T20:21:30.105-0400] {processor.py:153} INFO - Started process (PID=15590) to work on /Users/jl/Documents/Repos/GHC-2022-data-engineering-workshop/venv/lib/python3.8/site-packages/airflow/example_dags/example_latest_only.py
[2022-08-29T20:21:30.113-0400] {processor.py:640} INFO - Processing file /Users/jl/Documents/Repos/GHC-2022-data-engineering-workshop/venv/lib/python3.8/site-packages/airflow/example_dags/example_latest_only.py for tasks to queue
[2022-08-29T20:21:30.114-0400] {logging_mixin.py:115} INFO - [2022-08-29T20:21:30.114-0400] {dagbag.py:508} INFO - Filling up the DagBag from /Users/jl/Documents/Repos/GHC-2022-data-engineering-workshop/venv/lib/python3.8/site-packages/airflow/example_dags/example_latest_only.py
[2022-08-29T20:21:30.128-0400] {processor.py:650} INFO - DAG(s) dict_keys(['latest_only']) retrieved from /Users/jl/Documents/Repos/GHC-2022-data-engineering-workshop/venv/lib/python3.8/site-packages/airflow/example_dags/example_latest_only.py
[2022-08-29T20:21:30.204-0400] {logging_mixin.py:115} INFO - [2022-08-29T20:21:30.204-0400] {dag.py:2429} INFO - Sync 1 DAGs
[2022-08-29T20:21:30.223-0400] {logging_mixin.py:115} INFO - [2022-08-29T20:21:30.223-0400] {dag.py:2977} INFO - Setting next_dagrun for latest_only to 2022-08-29T20:21:30.223261+00:00, run_after=2022-08-30T00:21:30.223261+00:00
[2022-08-29T20:21:30.243-0400] {processor.py:161} INFO - Processing /Users/jl/Documents/Repos/GHC-2022-data-engineering-workshop/venv/lib/python3.8/site-packages/airflow/example_dags/example_latest_only.py took 0.139 seconds
[2022-08-29T20:22:54.817-0400] {processor.py:153} INFO - Started process (PID=15670) to work on /Users/jl/Documents/Repos/GHC-2022-data-engineering-workshop/venv/lib/python3.8/site-packages/airflow/example_dags/example_latest_only.py
[2022-08-29T20:22:54.825-0400] {processor.py:640} INFO - Processing file /Users/jl/Documents/Repos/GHC-2022-data-engineering-workshop/venv/lib/python3.8/site-packages/airflow/example_dags/example_latest_only.py for tasks to queue
[2022-08-29T20:22:54.826-0400] {logging_mixin.py:115} INFO - [2022-08-29T20:22:54.826-0400] {dagbag.py:508} INFO - Filling up the DagBag from /Users/jl/Documents/Repos/GHC-2022-data-engineering-workshop/venv/lib/python3.8/site-packages/airflow/example_dags/example_latest_only.py
[2022-08-29T20:22:54.840-0400] {processor.py:650} INFO - DAG(s) dict_keys(['latest_only']) retrieved from /Users/jl/Documents/Repos/GHC-2022-data-engineering-workshop/venv/lib/python3.8/site-packages/airflow/example_dags/example_latest_only.py
[2022-08-29T20:22:54.916-0400] {logging_mixin.py:115} INFO - [2022-08-29T20:22:54.915-0400] {dag.py:2429} INFO - Sync 1 DAGs
[2022-08-29T20:22:54.933-0400] {logging_mixin.py:115} INFO - [2022-08-29T20:22:54.933-0400] {dag.py:2977} INFO - Setting next_dagrun for latest_only to 2022-08-29T20:22:54.932633+00:00, run_after=2022-08-30T00:22:54.932633+00:00
[2022-08-29T20:22:54.949-0400] {processor.py:161} INFO - Processing /Users/jl/Documents/Repos/GHC-2022-data-engineering-workshop/venv/lib/python3.8/site-packages/airflow/example_dags/example_latest_only.py took 0.133 seconds
[2022-08-29T20:24:23.185-0400] {processor.py:153} INFO - Started process (PID=15751) to work on /Users/jl/Documents/Repos/GHC-2022-data-engineering-workshop/venv/lib/python3.8/site-packages/airflow/example_dags/example_latest_only.py
[2022-08-29T20:24:23.193-0400] {processor.py:640} INFO - Processing file /Users/jl/Documents/Repos/GHC-2022-data-engineering-workshop/venv/lib/python3.8/site-packages/airflow/example_dags/example_latest_only.py for tasks to queue
[2022-08-29T20:24:23.194-0400] {logging_mixin.py:115} INFO - [2022-08-29T20:24:23.194-0400] {dagbag.py:508} INFO - Filling up the DagBag from /Users/jl/Documents/Repos/GHC-2022-data-engineering-workshop/venv/lib/python3.8/site-packages/airflow/example_dags/example_latest_only.py
[2022-08-29T20:24:23.208-0400] {processor.py:650} INFO - DAG(s) dict_keys(['latest_only']) retrieved from /Users/jl/Documents/Repos/GHC-2022-data-engineering-workshop/venv/lib/python3.8/site-packages/airflow/example_dags/example_latest_only.py
[2022-08-29T20:24:23.285-0400] {logging_mixin.py:115} INFO - [2022-08-29T20:24:23.285-0400] {dag.py:2429} INFO - Sync 1 DAGs
[2022-08-29T20:24:23.304-0400] {logging_mixin.py:115} INFO - [2022-08-29T20:24:23.303-0400] {dag.py:2977} INFO - Setting next_dagrun for latest_only to 2022-08-29T20:24:23.303462+00:00, run_after=2022-08-30T00:24:23.303462+00:00
[2022-08-29T20:24:23.320-0400] {processor.py:161} INFO - Processing /Users/jl/Documents/Repos/GHC-2022-data-engineering-workshop/venv/lib/python3.8/site-packages/airflow/example_dags/example_latest_only.py took 0.136 seconds
[2022-08-29T20:26:04.550-0400] {processor.py:153} INFO - Started process (PID=15847) to work on /Users/jl/Documents/Repos/GHC-2022-data-engineering-workshop/venv/lib/python3.8/site-packages/airflow/example_dags/example_latest_only.py
[2022-08-29T20:26:04.562-0400] {processor.py:640} INFO - Processing file /Users/jl/Documents/Repos/GHC-2022-data-engineering-workshop/venv/lib/python3.8/site-packages/airflow/example_dags/example_latest_only.py for tasks to queue
[2022-08-29T20:26:04.563-0400] {logging_mixin.py:115} INFO - [2022-08-29T20:26:04.562-0400] {dagbag.py:508} INFO - Filling up the DagBag from /Users/jl/Documents/Repos/GHC-2022-data-engineering-workshop/venv/lib/python3.8/site-packages/airflow/example_dags/example_latest_only.py
[2022-08-29T20:26:04.580-0400] {processor.py:650} INFO - DAG(s) dict_keys(['latest_only']) retrieved from /Users/jl/Documents/Repos/GHC-2022-data-engineering-workshop/venv/lib/python3.8/site-packages/airflow/example_dags/example_latest_only.py
[2022-08-29T20:26:04.668-0400] {logging_mixin.py:115} INFO - [2022-08-29T20:26:04.668-0400] {dag.py:2429} INFO - Sync 1 DAGs
[2022-08-29T20:26:04.690-0400] {logging_mixin.py:115} INFO - [2022-08-29T20:26:04.690-0400] {dag.py:2977} INFO - Setting next_dagrun for latest_only to 2022-08-29T20:26:04.689848+00:00, run_after=2022-08-30T00:26:04.689848+00:00
[2022-08-29T20:26:04.707-0400] {processor.py:161} INFO - Processing /Users/jl/Documents/Repos/GHC-2022-data-engineering-workshop/venv/lib/python3.8/site-packages/airflow/example_dags/example_latest_only.py took 0.159 seconds
[2022-08-29T20:28:09.429-0400] {processor.py:153} INFO - Started process (PID=15965) to work on /Users/jl/Documents/Repos/GHC-2022-data-engineering-workshop/venv/lib/python3.8/site-packages/airflow/example_dags/example_latest_only.py
[2022-08-29T20:28:09.439-0400] {processor.py:640} INFO - Processing file /Users/jl/Documents/Repos/GHC-2022-data-engineering-workshop/venv/lib/python3.8/site-packages/airflow/example_dags/example_latest_only.py for tasks to queue
[2022-08-29T20:28:09.440-0400] {logging_mixin.py:115} INFO - [2022-08-29T20:28:09.440-0400] {dagbag.py:508} INFO - Filling up the DagBag from /Users/jl/Documents/Repos/GHC-2022-data-engineering-workshop/venv/lib/python3.8/site-packages/airflow/example_dags/example_latest_only.py
[2022-08-29T20:28:09.454-0400] {processor.py:650} INFO - DAG(s) dict_keys(['latest_only']) retrieved from /Users/jl/Documents/Repos/GHC-2022-data-engineering-workshop/venv/lib/python3.8/site-packages/airflow/example_dags/example_latest_only.py
[2022-08-29T20:28:09.531-0400] {logging_mixin.py:115} INFO - [2022-08-29T20:28:09.531-0400] {dag.py:2429} INFO - Sync 1 DAGs
[2022-08-29T20:28:09.548-0400] {logging_mixin.py:115} INFO - [2022-08-29T20:28:09.548-0400] {dag.py:2977} INFO - Setting next_dagrun for latest_only to 2022-08-29T20:28:09.547879+00:00, run_after=2022-08-30T00:28:09.547879+00:00
[2022-08-29T20:28:09.563-0400] {processor.py:161} INFO - Processing /Users/jl/Documents/Repos/GHC-2022-data-engineering-workshop/venv/lib/python3.8/site-packages/airflow/example_dags/example_latest_only.py took 0.135 seconds
[2022-08-29T20:29:52.768-0400] {processor.py:153} INFO - Started process (PID=16055) to work on /Users/jl/Documents/Repos/GHC-2022-data-engineering-workshop/venv/lib/python3.8/site-packages/airflow/example_dags/example_latest_only.py
[2022-08-29T20:29:52.781-0400] {processor.py:640} INFO - Processing file /Users/jl/Documents/Repos/GHC-2022-data-engineering-workshop/venv/lib/python3.8/site-packages/airflow/example_dags/example_latest_only.py for tasks to queue
[2022-08-29T20:29:52.782-0400] {logging_mixin.py:115} INFO - [2022-08-29T20:29:52.782-0400] {dagbag.py:508} INFO - Filling up the DagBag from /Users/jl/Documents/Repos/GHC-2022-data-engineering-workshop/venv/lib/python3.8/site-packages/airflow/example_dags/example_latest_only.py
[2022-08-29T20:29:52.806-0400] {processor.py:650} INFO - DAG(s) dict_keys(['latest_only']) retrieved from /Users/jl/Documents/Repos/GHC-2022-data-engineering-workshop/venv/lib/python3.8/site-packages/airflow/example_dags/example_latest_only.py
[2022-08-29T20:29:53.111-0400] {logging_mixin.py:115} INFO - [2022-08-29T20:29:53.111-0400] {dag.py:2429} INFO - Sync 1 DAGs
[2022-08-29T20:29:53.145-0400] {logging_mixin.py:115} INFO - [2022-08-29T20:29:53.145-0400] {dag.py:2977} INFO - Setting next_dagrun for latest_only to 2022-08-29T20:29:53.145052+00:00, run_after=2022-08-30T00:29:53.145052+00:00
[2022-08-29T20:29:53.166-0400] {processor.py:161} INFO - Processing /Users/jl/Documents/Repos/GHC-2022-data-engineering-workshop/venv/lib/python3.8/site-packages/airflow/example_dags/example_latest_only.py took 0.399 seconds
[2022-08-29T20:32:04.604-0400] {processor.py:153} INFO - Started process (PID=16175) to work on /Users/jl/Documents/Repos/GHC-2022-data-engineering-workshop/venv/lib/python3.8/site-packages/airflow/example_dags/example_latest_only.py
[2022-08-29T20:32:04.620-0400] {processor.py:640} INFO - Processing file /Users/jl/Documents/Repos/GHC-2022-data-engineering-workshop/venv/lib/python3.8/site-packages/airflow/example_dags/example_latest_only.py for tasks to queue
[2022-08-29T20:32:04.620-0400] {logging_mixin.py:115} INFO - [2022-08-29T20:32:04.620-0400] {dagbag.py:508} INFO - Filling up the DagBag from /Users/jl/Documents/Repos/GHC-2022-data-engineering-workshop/venv/lib/python3.8/site-packages/airflow/example_dags/example_latest_only.py
[2022-08-29T20:32:04.647-0400] {processor.py:650} INFO - DAG(s) dict_keys(['latest_only']) retrieved from /Users/jl/Documents/Repos/GHC-2022-data-engineering-workshop/venv/lib/python3.8/site-packages/airflow/example_dags/example_latest_only.py
[2022-08-29T20:32:04.786-0400] {logging_mixin.py:115} INFO - [2022-08-29T20:32:04.786-0400] {dag.py:2429} INFO - Sync 1 DAGs
[2022-08-29T20:32:04.827-0400] {logging_mixin.py:115} INFO - [2022-08-29T20:32:04.826-0400] {dag.py:2977} INFO - Setting next_dagrun for latest_only to 2022-08-29T20:32:04.826622+00:00, run_after=2022-08-30T00:32:04.826622+00:00
[2022-08-29T20:32:04.854-0400] {processor.py:161} INFO - Processing /Users/jl/Documents/Repos/GHC-2022-data-engineering-workshop/venv/lib/python3.8/site-packages/airflow/example_dags/example_latest_only.py took 0.252 seconds
[2022-08-29T20:34:08.227-0400] {processor.py:153} INFO - Started process (PID=16297) to work on /Users/jl/Documents/Repos/GHC-2022-data-engineering-workshop/venv/lib/python3.8/site-packages/airflow/example_dags/example_latest_only.py
[2022-08-29T20:34:08.236-0400] {processor.py:640} INFO - Processing file /Users/jl/Documents/Repos/GHC-2022-data-engineering-workshop/venv/lib/python3.8/site-packages/airflow/example_dags/example_latest_only.py for tasks to queue
[2022-08-29T20:34:08.237-0400] {logging_mixin.py:115} INFO - [2022-08-29T20:34:08.237-0400] {dagbag.py:508} INFO - Filling up the DagBag from /Users/jl/Documents/Repos/GHC-2022-data-engineering-workshop/venv/lib/python3.8/site-packages/airflow/example_dags/example_latest_only.py
[2022-08-29T20:34:08.252-0400] {processor.py:650} INFO - DAG(s) dict_keys(['latest_only']) retrieved from /Users/jl/Documents/Repos/GHC-2022-data-engineering-workshop/venv/lib/python3.8/site-packages/airflow/example_dags/example_latest_only.py
[2022-08-29T20:34:08.329-0400] {logging_mixin.py:115} INFO - [2022-08-29T20:34:08.329-0400] {dag.py:2429} INFO - Sync 1 DAGs
[2022-08-29T20:34:08.347-0400] {logging_mixin.py:115} INFO - [2022-08-29T20:34:08.346-0400] {dag.py:2977} INFO - Setting next_dagrun for latest_only to 2022-08-29T20:34:08.346691+00:00, run_after=2022-08-30T00:34:08.346691+00:00
[2022-08-29T20:34:08.363-0400] {processor.py:161} INFO - Processing /Users/jl/Documents/Repos/GHC-2022-data-engineering-workshop/venv/lib/python3.8/site-packages/airflow/example_dags/example_latest_only.py took 0.137 seconds
[2022-08-29T20:35:52.033-0400] {processor.py:153} INFO - Started process (PID=16417) to work on /Users/jl/Documents/Repos/GHC-2022-data-engineering-workshop/venv/lib/python3.8/site-packages/airflow/example_dags/example_latest_only.py
[2022-08-29T20:35:52.046-0400] {processor.py:640} INFO - Processing file /Users/jl/Documents/Repos/GHC-2022-data-engineering-workshop/venv/lib/python3.8/site-packages/airflow/example_dags/example_latest_only.py for tasks to queue
[2022-08-29T20:35:52.046-0400] {logging_mixin.py:115} INFO - [2022-08-29T20:35:52.046-0400] {dagbag.py:508} INFO - Filling up the DagBag from /Users/jl/Documents/Repos/GHC-2022-data-engineering-workshop/venv/lib/python3.8/site-packages/airflow/example_dags/example_latest_only.py
[2022-08-29T20:35:52.063-0400] {processor.py:650} INFO - DAG(s) dict_keys(['latest_only']) retrieved from /Users/jl/Documents/Repos/GHC-2022-data-engineering-workshop/venv/lib/python3.8/site-packages/airflow/example_dags/example_latest_only.py
[2022-08-29T20:35:52.161-0400] {logging_mixin.py:115} INFO - [2022-08-29T20:35:52.161-0400] {dag.py:2429} INFO - Sync 1 DAGs
[2022-08-29T20:35:52.186-0400] {logging_mixin.py:115} INFO - [2022-08-29T20:35:52.185-0400] {dag.py:2977} INFO - Setting next_dagrun for latest_only to 2022-08-29T20:35:52.184538+00:00, run_after=2022-08-30T00:35:52.184538+00:00
[2022-08-29T20:35:52.209-0400] {processor.py:161} INFO - Processing /Users/jl/Documents/Repos/GHC-2022-data-engineering-workshop/venv/lib/python3.8/site-packages/airflow/example_dags/example_latest_only.py took 0.177 seconds
[2022-08-29T20:37:40.525-0400] {processor.py:153} INFO - Started process (PID=16526) to work on /Users/jl/Documents/Repos/GHC-2022-data-engineering-workshop/venv/lib/python3.8/site-packages/airflow/example_dags/example_latest_only.py
[2022-08-29T20:37:40.537-0400] {processor.py:640} INFO - Processing file /Users/jl/Documents/Repos/GHC-2022-data-engineering-workshop/venv/lib/python3.8/site-packages/airflow/example_dags/example_latest_only.py for tasks to queue
[2022-08-29T20:37:40.538-0400] {logging_mixin.py:115} INFO - [2022-08-29T20:37:40.538-0400] {dagbag.py:508} INFO - Filling up the DagBag from /Users/jl/Documents/Repos/GHC-2022-data-engineering-workshop/venv/lib/python3.8/site-packages/airflow/example_dags/example_latest_only.py
[2022-08-29T20:37:40.554-0400] {processor.py:650} INFO - DAG(s) dict_keys(['latest_only']) retrieved from /Users/jl/Documents/Repos/GHC-2022-data-engineering-workshop/venv/lib/python3.8/site-packages/airflow/example_dags/example_latest_only.py
[2022-08-29T20:37:40.642-0400] {logging_mixin.py:115} INFO - [2022-08-29T20:37:40.642-0400] {dag.py:2429} INFO - Sync 1 DAGs
[2022-08-29T20:37:40.671-0400] {logging_mixin.py:115} INFO - [2022-08-29T20:37:40.670-0400] {dag.py:2977} INFO - Setting next_dagrun for latest_only to 2022-08-29T20:37:40.670484+00:00, run_after=2022-08-30T00:37:40.670484+00:00
[2022-08-29T20:37:40.698-0400] {processor.py:161} INFO - Processing /Users/jl/Documents/Repos/GHC-2022-data-engineering-workshop/venv/lib/python3.8/site-packages/airflow/example_dags/example_latest_only.py took 0.176 seconds
[2022-08-29T20:39:42.900-0400] {processor.py:153} INFO - Started process (PID=16634) to work on /Users/jl/Documents/Repos/GHC-2022-data-engineering-workshop/venv/lib/python3.8/site-packages/airflow/example_dags/example_latest_only.py
[2022-08-29T20:39:42.910-0400] {processor.py:640} INFO - Processing file /Users/jl/Documents/Repos/GHC-2022-data-engineering-workshop/venv/lib/python3.8/site-packages/airflow/example_dags/example_latest_only.py for tasks to queue
[2022-08-29T20:39:42.911-0400] {logging_mixin.py:115} INFO - [2022-08-29T20:39:42.911-0400] {dagbag.py:508} INFO - Filling up the DagBag from /Users/jl/Documents/Repos/GHC-2022-data-engineering-workshop/venv/lib/python3.8/site-packages/airflow/example_dags/example_latest_only.py
[2022-08-29T20:39:42.927-0400] {processor.py:650} INFO - DAG(s) dict_keys(['latest_only']) retrieved from /Users/jl/Documents/Repos/GHC-2022-data-engineering-workshop/venv/lib/python3.8/site-packages/airflow/example_dags/example_latest_only.py
[2022-08-29T20:39:43.004-0400] {logging_mixin.py:115} INFO - [2022-08-29T20:39:43.004-0400] {dag.py:2429} INFO - Sync 1 DAGs
[2022-08-29T20:39:43.023-0400] {logging_mixin.py:115} INFO - [2022-08-29T20:39:43.023-0400] {dag.py:2977} INFO - Setting next_dagrun for latest_only to 2022-08-29T20:39:43.023163+00:00, run_after=2022-08-30T00:39:43.023163+00:00
[2022-08-29T20:39:43.042-0400] {processor.py:161} INFO - Processing /Users/jl/Documents/Repos/GHC-2022-data-engineering-workshop/venv/lib/python3.8/site-packages/airflow/example_dags/example_latest_only.py took 0.143 seconds
[2022-08-29T20:41:28.610-0400] {processor.py:153} INFO - Started process (PID=16726) to work on /Users/jl/Documents/Repos/GHC-2022-data-engineering-workshop/venv/lib/python3.8/site-packages/airflow/example_dags/example_latest_only.py
[2022-08-29T20:41:28.619-0400] {processor.py:640} INFO - Processing file /Users/jl/Documents/Repos/GHC-2022-data-engineering-workshop/venv/lib/python3.8/site-packages/airflow/example_dags/example_latest_only.py for tasks to queue
[2022-08-29T20:41:28.620-0400] {logging_mixin.py:115} INFO - [2022-08-29T20:41:28.620-0400] {dagbag.py:508} INFO - Filling up the DagBag from /Users/jl/Documents/Repos/GHC-2022-data-engineering-workshop/venv/lib/python3.8/site-packages/airflow/example_dags/example_latest_only.py
[2022-08-29T20:41:28.638-0400] {processor.py:650} INFO - DAG(s) dict_keys(['latest_only']) retrieved from /Users/jl/Documents/Repos/GHC-2022-data-engineering-workshop/venv/lib/python3.8/site-packages/airflow/example_dags/example_latest_only.py
[2022-08-29T20:41:28.714-0400] {logging_mixin.py:115} INFO - [2022-08-29T20:41:28.714-0400] {dag.py:2429} INFO - Sync 1 DAGs
[2022-08-29T20:41:28.733-0400] {logging_mixin.py:115} INFO - [2022-08-29T20:41:28.732-0400] {dag.py:2977} INFO - Setting next_dagrun for latest_only to 2022-08-29T20:41:28.732551+00:00, run_after=2022-08-30T00:41:28.732551+00:00
[2022-08-29T20:41:28.748-0400] {processor.py:161} INFO - Processing /Users/jl/Documents/Repos/GHC-2022-data-engineering-workshop/venv/lib/python3.8/site-packages/airflow/example_dags/example_latest_only.py took 0.140 seconds
[2022-08-29T20:43:18.982-0400] {processor.py:153} INFO - Started process (PID=16825) to work on /Users/jl/Documents/Repos/GHC-2022-data-engineering-workshop/venv/lib/python3.8/site-packages/airflow/example_dags/example_latest_only.py
[2022-08-29T20:43:18.992-0400] {processor.py:640} INFO - Processing file /Users/jl/Documents/Repos/GHC-2022-data-engineering-workshop/venv/lib/python3.8/site-packages/airflow/example_dags/example_latest_only.py for tasks to queue
[2022-08-29T20:43:18.993-0400] {logging_mixin.py:115} INFO - [2022-08-29T20:43:18.993-0400] {dagbag.py:508} INFO - Filling up the DagBag from /Users/jl/Documents/Repos/GHC-2022-data-engineering-workshop/venv/lib/python3.8/site-packages/airflow/example_dags/example_latest_only.py
[2022-08-29T20:43:19.009-0400] {processor.py:650} INFO - DAG(s) dict_keys(['latest_only']) retrieved from /Users/jl/Documents/Repos/GHC-2022-data-engineering-workshop/venv/lib/python3.8/site-packages/airflow/example_dags/example_latest_only.py
[2022-08-29T20:43:19.088-0400] {logging_mixin.py:115} INFO - [2022-08-29T20:43:19.087-0400] {dag.py:2429} INFO - Sync 1 DAGs
[2022-08-29T20:43:19.106-0400] {logging_mixin.py:115} INFO - [2022-08-29T20:43:19.106-0400] {dag.py:2977} INFO - Setting next_dagrun for latest_only to 2022-08-29T20:43:19.106086+00:00, run_after=2022-08-30T00:43:19.106086+00:00
[2022-08-29T20:43:19.123-0400] {processor.py:161} INFO - Processing /Users/jl/Documents/Repos/GHC-2022-data-engineering-workshop/venv/lib/python3.8/site-packages/airflow/example_dags/example_latest_only.py took 0.142 seconds
[2022-08-29T20:45:18.277-0400] {processor.py:153} INFO - Started process (PID=16934) to work on /Users/jl/Documents/Repos/GHC-2022-data-engineering-workshop/venv/lib/python3.8/site-packages/airflow/example_dags/example_latest_only.py
[2022-08-29T20:45:18.287-0400] {processor.py:640} INFO - Processing file /Users/jl/Documents/Repos/GHC-2022-data-engineering-workshop/venv/lib/python3.8/site-packages/airflow/example_dags/example_latest_only.py for tasks to queue
[2022-08-29T20:45:18.288-0400] {logging_mixin.py:115} INFO - [2022-08-29T20:45:18.287-0400] {dagbag.py:508} INFO - Filling up the DagBag from /Users/jl/Documents/Repos/GHC-2022-data-engineering-workshop/venv/lib/python3.8/site-packages/airflow/example_dags/example_latest_only.py
[2022-08-29T20:45:18.303-0400] {processor.py:650} INFO - DAG(s) dict_keys(['latest_only']) retrieved from /Users/jl/Documents/Repos/GHC-2022-data-engineering-workshop/venv/lib/python3.8/site-packages/airflow/example_dags/example_latest_only.py
[2022-08-29T20:45:18.380-0400] {logging_mixin.py:115} INFO - [2022-08-29T20:45:18.380-0400] {dag.py:2429} INFO - Sync 1 DAGs
[2022-08-29T20:45:18.397-0400] {logging_mixin.py:115} INFO - [2022-08-29T20:45:18.397-0400] {dag.py:2977} INFO - Setting next_dagrun for latest_only to 2022-08-29T20:45:18.397233+00:00, run_after=2022-08-30T00:45:18.397233+00:00
[2022-08-29T20:45:18.413-0400] {processor.py:161} INFO - Processing /Users/jl/Documents/Repos/GHC-2022-data-engineering-workshop/venv/lib/python3.8/site-packages/airflow/example_dags/example_latest_only.py took 0.137 seconds
[2022-08-29T20:46:57.765-0400] {processor.py:153} INFO - Started process (PID=17021) to work on /Users/jl/Documents/Repos/GHC-2022-data-engineering-workshop/venv/lib/python3.8/site-packages/airflow/example_dags/example_latest_only.py
[2022-08-29T20:46:57.778-0400] {processor.py:640} INFO - Processing file /Users/jl/Documents/Repos/GHC-2022-data-engineering-workshop/venv/lib/python3.8/site-packages/airflow/example_dags/example_latest_only.py for tasks to queue
[2022-08-29T20:46:57.779-0400] {logging_mixin.py:115} INFO - [2022-08-29T20:46:57.779-0400] {dagbag.py:508} INFO - Filling up the DagBag from /Users/jl/Documents/Repos/GHC-2022-data-engineering-workshop/venv/lib/python3.8/site-packages/airflow/example_dags/example_latest_only.py
[2022-08-29T20:46:57.803-0400] {processor.py:650} INFO - DAG(s) dict_keys(['latest_only']) retrieved from /Users/jl/Documents/Repos/GHC-2022-data-engineering-workshop/venv/lib/python3.8/site-packages/airflow/example_dags/example_latest_only.py
[2022-08-29T20:46:57.907-0400] {logging_mixin.py:115} INFO - [2022-08-29T20:46:57.907-0400] {dag.py:2429} INFO - Sync 1 DAGs
[2022-08-29T20:46:57.930-0400] {logging_mixin.py:115} INFO - [2022-08-29T20:46:57.930-0400] {dag.py:2977} INFO - Setting next_dagrun for latest_only to 2022-08-29T20:46:57.929226+00:00, run_after=2022-08-30T00:46:57.929226+00:00
[2022-08-29T20:46:57.949-0400] {processor.py:161} INFO - Processing /Users/jl/Documents/Repos/GHC-2022-data-engineering-workshop/venv/lib/python3.8/site-packages/airflow/example_dags/example_latest_only.py took 0.187 seconds
[2022-08-29T20:48:52.778-0400] {processor.py:153} INFO - Started process (PID=17125) to work on /Users/jl/Documents/Repos/GHC-2022-data-engineering-workshop/venv/lib/python3.8/site-packages/airflow/example_dags/example_latest_only.py
[2022-08-29T20:48:52.788-0400] {processor.py:640} INFO - Processing file /Users/jl/Documents/Repos/GHC-2022-data-engineering-workshop/venv/lib/python3.8/site-packages/airflow/example_dags/example_latest_only.py for tasks to queue
[2022-08-29T20:48:52.789-0400] {logging_mixin.py:115} INFO - [2022-08-29T20:48:52.789-0400] {dagbag.py:508} INFO - Filling up the DagBag from /Users/jl/Documents/Repos/GHC-2022-data-engineering-workshop/venv/lib/python3.8/site-packages/airflow/example_dags/example_latest_only.py
[2022-08-29T20:48:52.807-0400] {processor.py:650} INFO - DAG(s) dict_keys(['latest_only']) retrieved from /Users/jl/Documents/Repos/GHC-2022-data-engineering-workshop/venv/lib/python3.8/site-packages/airflow/example_dags/example_latest_only.py
[2022-08-29T20:48:52.897-0400] {logging_mixin.py:115} INFO - [2022-08-29T20:48:52.897-0400] {dag.py:2429} INFO - Sync 1 DAGs
[2022-08-29T20:48:52.918-0400] {logging_mixin.py:115} INFO - [2022-08-29T20:48:52.918-0400] {dag.py:2977} INFO - Setting next_dagrun for latest_only to 2022-08-29T20:48:52.917810+00:00, run_after=2022-08-30T00:48:52.917810+00:00
[2022-08-29T20:48:52.942-0400] {processor.py:161} INFO - Processing /Users/jl/Documents/Repos/GHC-2022-data-engineering-workshop/venv/lib/python3.8/site-packages/airflow/example_dags/example_latest_only.py took 0.165 seconds
[2022-08-29T20:50:30.478-0400] {processor.py:153} INFO - Started process (PID=17214) to work on /Users/jl/Documents/Repos/GHC-2022-data-engineering-workshop/venv/lib/python3.8/site-packages/airflow/example_dags/example_latest_only.py
[2022-08-29T20:50:30.486-0400] {processor.py:640} INFO - Processing file /Users/jl/Documents/Repos/GHC-2022-data-engineering-workshop/venv/lib/python3.8/site-packages/airflow/example_dags/example_latest_only.py for tasks to queue
[2022-08-29T20:50:30.487-0400] {logging_mixin.py:115} INFO - [2022-08-29T20:50:30.487-0400] {dagbag.py:508} INFO - Filling up the DagBag from /Users/jl/Documents/Repos/GHC-2022-data-engineering-workshop/venv/lib/python3.8/site-packages/airflow/example_dags/example_latest_only.py
[2022-08-29T20:50:30.502-0400] {processor.py:650} INFO - DAG(s) dict_keys(['latest_only']) retrieved from /Users/jl/Documents/Repos/GHC-2022-data-engineering-workshop/venv/lib/python3.8/site-packages/airflow/example_dags/example_latest_only.py
[2022-08-29T20:50:30.579-0400] {logging_mixin.py:115} INFO - [2022-08-29T20:50:30.578-0400] {dag.py:2429} INFO - Sync 1 DAGs
[2022-08-29T20:50:30.596-0400] {logging_mixin.py:115} INFO - [2022-08-29T20:50:30.596-0400] {dag.py:2977} INFO - Setting next_dagrun for latest_only to 2022-08-29T20:50:30.596210+00:00, run_after=2022-08-30T00:50:30.596210+00:00
[2022-08-29T20:50:30.612-0400] {processor.py:161} INFO - Processing /Users/jl/Documents/Repos/GHC-2022-data-engineering-workshop/venv/lib/python3.8/site-packages/airflow/example_dags/example_latest_only.py took 0.135 seconds
[2022-08-29T20:52:07.725-0400] {processor.py:153} INFO - Started process (PID=17303) to work on /Users/jl/Documents/Repos/GHC-2022-data-engineering-workshop/venv/lib/python3.8/site-packages/airflow/example_dags/example_latest_only.py
[2022-08-29T20:52:07.733-0400] {processor.py:640} INFO - Processing file /Users/jl/Documents/Repos/GHC-2022-data-engineering-workshop/venv/lib/python3.8/site-packages/airflow/example_dags/example_latest_only.py for tasks to queue
[2022-08-29T20:52:07.734-0400] {logging_mixin.py:115} INFO - [2022-08-29T20:52:07.734-0400] {dagbag.py:508} INFO - Filling up the DagBag from /Users/jl/Documents/Repos/GHC-2022-data-engineering-workshop/venv/lib/python3.8/site-packages/airflow/example_dags/example_latest_only.py
[2022-08-29T20:52:07.748-0400] {processor.py:650} INFO - DAG(s) dict_keys(['latest_only']) retrieved from /Users/jl/Documents/Repos/GHC-2022-data-engineering-workshop/venv/lib/python3.8/site-packages/airflow/example_dags/example_latest_only.py
[2022-08-29T20:52:07.825-0400] {logging_mixin.py:115} INFO - [2022-08-29T20:52:07.824-0400] {dag.py:2429} INFO - Sync 1 DAGs
[2022-08-29T20:52:07.842-0400] {logging_mixin.py:115} INFO - [2022-08-29T20:52:07.842-0400] {dag.py:2977} INFO - Setting next_dagrun for latest_only to 2022-08-29T20:52:07.842047+00:00, run_after=2022-08-30T00:52:07.842047+00:00
[2022-08-29T20:52:07.858-0400] {processor.py:161} INFO - Processing /Users/jl/Documents/Repos/GHC-2022-data-engineering-workshop/venv/lib/python3.8/site-packages/airflow/example_dags/example_latest_only.py took 0.133 seconds
[2022-08-29T20:53:57.002-0400] {processor.py:153} INFO - Started process (PID=17397) to work on /Users/jl/Documents/Repos/GHC-2022-data-engineering-workshop/venv/lib/python3.8/site-packages/airflow/example_dags/example_latest_only.py
[2022-08-29T20:53:57.012-0400] {processor.py:640} INFO - Processing file /Users/jl/Documents/Repos/GHC-2022-data-engineering-workshop/venv/lib/python3.8/site-packages/airflow/example_dags/example_latest_only.py for tasks to queue
[2022-08-29T20:53:57.013-0400] {logging_mixin.py:115} INFO - [2022-08-29T20:53:57.013-0400] {dagbag.py:508} INFO - Filling up the DagBag from /Users/jl/Documents/Repos/GHC-2022-data-engineering-workshop/venv/lib/python3.8/site-packages/airflow/example_dags/example_latest_only.py
[2022-08-29T20:53:57.031-0400] {processor.py:650} INFO - DAG(s) dict_keys(['latest_only']) retrieved from /Users/jl/Documents/Repos/GHC-2022-data-engineering-workshop/venv/lib/python3.8/site-packages/airflow/example_dags/example_latest_only.py
[2022-08-29T20:53:57.109-0400] {logging_mixin.py:115} INFO - [2022-08-29T20:53:57.108-0400] {dag.py:2429} INFO - Sync 1 DAGs
[2022-08-29T20:53:57.127-0400] {logging_mixin.py:115} INFO - [2022-08-29T20:53:57.127-0400] {dag.py:2977} INFO - Setting next_dagrun for latest_only to 2022-08-29T20:53:57.126724+00:00, run_after=2022-08-30T00:53:57.126724+00:00
[2022-08-29T20:53:57.143-0400] {processor.py:161} INFO - Processing /Users/jl/Documents/Repos/GHC-2022-data-engineering-workshop/venv/lib/python3.8/site-packages/airflow/example_dags/example_latest_only.py took 0.142 seconds
[2022-08-29T20:55:57.238-0400] {processor.py:153} INFO - Started process (PID=17494) to work on /Users/jl/Documents/Repos/GHC-2022-data-engineering-workshop/venv/lib/python3.8/site-packages/airflow/example_dags/example_latest_only.py
[2022-08-29T20:55:57.247-0400] {processor.py:640} INFO - Processing file /Users/jl/Documents/Repos/GHC-2022-data-engineering-workshop/venv/lib/python3.8/site-packages/airflow/example_dags/example_latest_only.py for tasks to queue
[2022-08-29T20:55:57.248-0400] {logging_mixin.py:115} INFO - [2022-08-29T20:55:57.248-0400] {dagbag.py:508} INFO - Filling up the DagBag from /Users/jl/Documents/Repos/GHC-2022-data-engineering-workshop/venv/lib/python3.8/site-packages/airflow/example_dags/example_latest_only.py
[2022-08-29T20:55:57.264-0400] {processor.py:650} INFO - DAG(s) dict_keys(['latest_only']) retrieved from /Users/jl/Documents/Repos/GHC-2022-data-engineering-workshop/venv/lib/python3.8/site-packages/airflow/example_dags/example_latest_only.py
[2022-08-29T20:55:57.341-0400] {logging_mixin.py:115} INFO - [2022-08-29T20:55:57.341-0400] {dag.py:2429} INFO - Sync 1 DAGs
[2022-08-29T20:55:57.359-0400] {logging_mixin.py:115} INFO - [2022-08-29T20:55:57.359-0400] {dag.py:2977} INFO - Setting next_dagrun for latest_only to 2022-08-29T20:55:57.359203+00:00, run_after=2022-08-30T00:55:57.359203+00:00
[2022-08-29T20:55:57.375-0400] {processor.py:161} INFO - Processing /Users/jl/Documents/Repos/GHC-2022-data-engineering-workshop/venv/lib/python3.8/site-packages/airflow/example_dags/example_latest_only.py took 0.138 seconds
[2022-08-29T20:57:47.310-0400] {processor.py:153} INFO - Started process (PID=17593) to work on /Users/jl/Documents/Repos/GHC-2022-data-engineering-workshop/venv/lib/python3.8/site-packages/airflow/example_dags/example_latest_only.py
[2022-08-29T20:57:47.320-0400] {processor.py:640} INFO - Processing file /Users/jl/Documents/Repos/GHC-2022-data-engineering-workshop/venv/lib/python3.8/site-packages/airflow/example_dags/example_latest_only.py for tasks to queue
[2022-08-29T20:57:47.321-0400] {logging_mixin.py:115} INFO - [2022-08-29T20:57:47.321-0400] {dagbag.py:508} INFO - Filling up the DagBag from /Users/jl/Documents/Repos/GHC-2022-data-engineering-workshop/venv/lib/python3.8/site-packages/airflow/example_dags/example_latest_only.py
[2022-08-29T20:57:47.339-0400] {processor.py:650} INFO - DAG(s) dict_keys(['latest_only']) retrieved from /Users/jl/Documents/Repos/GHC-2022-data-engineering-workshop/venv/lib/python3.8/site-packages/airflow/example_dags/example_latest_only.py
[2022-08-29T20:57:47.639-0400] {logging_mixin.py:115} INFO - [2022-08-29T20:57:47.638-0400] {dag.py:2429} INFO - Sync 1 DAGs
[2022-08-29T20:57:47.660-0400] {logging_mixin.py:115} INFO - [2022-08-29T20:57:47.660-0400] {dag.py:2977} INFO - Setting next_dagrun for latest_only to 2022-08-29T20:57:47.659867+00:00, run_after=2022-08-30T00:57:47.659867+00:00
[2022-08-29T20:57:47.681-0400] {processor.py:161} INFO - Processing /Users/jl/Documents/Repos/GHC-2022-data-engineering-workshop/venv/lib/python3.8/site-packages/airflow/example_dags/example_latest_only.py took 0.372 seconds
[2022-08-29T21:00:11.253-0400] {processor.py:153} INFO - Started process (PID=17742) to work on /Users/jl/Documents/Repos/GHC-2022-data-engineering-workshop/venv/lib/python3.8/site-packages/airflow/example_dags/example_latest_only.py
[2022-08-29T21:00:11.267-0400] {processor.py:640} INFO - Processing file /Users/jl/Documents/Repos/GHC-2022-data-engineering-workshop/venv/lib/python3.8/site-packages/airflow/example_dags/example_latest_only.py for tasks to queue
[2022-08-29T21:00:11.268-0400] {logging_mixin.py:115} INFO - [2022-08-29T21:00:11.268-0400] {dagbag.py:508} INFO - Filling up the DagBag from /Users/jl/Documents/Repos/GHC-2022-data-engineering-workshop/venv/lib/python3.8/site-packages/airflow/example_dags/example_latest_only.py
[2022-08-29T21:00:11.290-0400] {processor.py:650} INFO - DAG(s) dict_keys(['latest_only']) retrieved from /Users/jl/Documents/Repos/GHC-2022-data-engineering-workshop/venv/lib/python3.8/site-packages/airflow/example_dags/example_latest_only.py
[2022-08-29T21:00:11.396-0400] {logging_mixin.py:115} INFO - [2022-08-29T21:00:11.396-0400] {dag.py:2429} INFO - Sync 1 DAGs
[2022-08-29T21:00:11.428-0400] {logging_mixin.py:115} INFO - [2022-08-29T21:00:11.428-0400] {dag.py:2977} INFO - Setting next_dagrun for latest_only to 2022-08-29T21:00:11.428126+00:00, run_after=2022-08-30T01:00:11.428126+00:00
[2022-08-29T21:00:11.452-0400] {processor.py:161} INFO - Processing /Users/jl/Documents/Repos/GHC-2022-data-engineering-workshop/venv/lib/python3.8/site-packages/airflow/example_dags/example_latest_only.py took 0.200 seconds
[2022-08-29T21:02:08.829-0400] {processor.py:153} INFO - Started process (PID=17867) to work on /Users/jl/Documents/Repos/GHC-2022-data-engineering-workshop/venv/lib/python3.8/site-packages/airflow/example_dags/example_latest_only.py
[2022-08-29T21:02:08.837-0400] {processor.py:640} INFO - Processing file /Users/jl/Documents/Repos/GHC-2022-data-engineering-workshop/venv/lib/python3.8/site-packages/airflow/example_dags/example_latest_only.py for tasks to queue
[2022-08-29T21:02:08.838-0400] {logging_mixin.py:115} INFO - [2022-08-29T21:02:08.837-0400] {dagbag.py:508} INFO - Filling up the DagBag from /Users/jl/Documents/Repos/GHC-2022-data-engineering-workshop/venv/lib/python3.8/site-packages/airflow/example_dags/example_latest_only.py
[2022-08-29T21:02:08.852-0400] {processor.py:650} INFO - DAG(s) dict_keys(['latest_only']) retrieved from /Users/jl/Documents/Repos/GHC-2022-data-engineering-workshop/venv/lib/python3.8/site-packages/airflow/example_dags/example_latest_only.py
[2022-08-29T21:02:09.007-0400] {logging_mixin.py:115} INFO - [2022-08-29T21:02:09.007-0400] {dag.py:2429} INFO - Sync 1 DAGs
[2022-08-29T21:02:09.032-0400] {logging_mixin.py:115} INFO - [2022-08-29T21:02:09.031-0400] {dag.py:2977} INFO - Setting next_dagrun for latest_only to 2022-08-29T21:02:09.031095+00:00, run_after=2022-08-30T01:02:09.031095+00:00
[2022-08-29T21:02:09.048-0400] {processor.py:161} INFO - Processing /Users/jl/Documents/Repos/GHC-2022-data-engineering-workshop/venv/lib/python3.8/site-packages/airflow/example_dags/example_latest_only.py took 0.221 seconds
[2022-08-29T21:04:00.767-0400] {processor.py:153} INFO - Started process (PID=17992) to work on /Users/jl/Documents/Repos/GHC-2022-data-engineering-workshop/venv/lib/python3.8/site-packages/airflow/example_dags/example_latest_only.py
[2022-08-29T21:04:00.776-0400] {processor.py:640} INFO - Processing file /Users/jl/Documents/Repos/GHC-2022-data-engineering-workshop/venv/lib/python3.8/site-packages/airflow/example_dags/example_latest_only.py for tasks to queue
[2022-08-29T21:04:00.776-0400] {logging_mixin.py:115} INFO - [2022-08-29T21:04:00.776-0400] {dagbag.py:508} INFO - Filling up the DagBag from /Users/jl/Documents/Repos/GHC-2022-data-engineering-workshop/venv/lib/python3.8/site-packages/airflow/example_dags/example_latest_only.py
[2022-08-29T21:04:00.790-0400] {processor.py:650} INFO - DAG(s) dict_keys(['latest_only']) retrieved from /Users/jl/Documents/Repos/GHC-2022-data-engineering-workshop/venv/lib/python3.8/site-packages/airflow/example_dags/example_latest_only.py
[2022-08-29T21:04:00.867-0400] {logging_mixin.py:115} INFO - [2022-08-29T21:04:00.866-0400] {dag.py:2429} INFO - Sync 1 DAGs
[2022-08-29T21:04:00.884-0400] {logging_mixin.py:115} INFO - [2022-08-29T21:04:00.884-0400] {dag.py:2977} INFO - Setting next_dagrun for latest_only to 2022-08-29T21:04:00.884116+00:00, run_after=2022-08-30T01:04:00.884116+00:00
[2022-08-29T21:04:00.900-0400] {processor.py:161} INFO - Processing /Users/jl/Documents/Repos/GHC-2022-data-engineering-workshop/venv/lib/python3.8/site-packages/airflow/example_dags/example_latest_only.py took 0.134 seconds
[2022-08-29T21:05:35.830-0400] {processor.py:153} INFO - Started process (PID=18077) to work on /Users/jl/Documents/Repos/GHC-2022-data-engineering-workshop/venv/lib/python3.8/site-packages/airflow/example_dags/example_latest_only.py
[2022-08-29T21:05:35.838-0400] {processor.py:640} INFO - Processing file /Users/jl/Documents/Repos/GHC-2022-data-engineering-workshop/venv/lib/python3.8/site-packages/airflow/example_dags/example_latest_only.py for tasks to queue
[2022-08-29T21:05:35.839-0400] {logging_mixin.py:115} INFO - [2022-08-29T21:05:35.839-0400] {dagbag.py:508} INFO - Filling up the DagBag from /Users/jl/Documents/Repos/GHC-2022-data-engineering-workshop/venv/lib/python3.8/site-packages/airflow/example_dags/example_latest_only.py
[2022-08-29T21:05:35.853-0400] {processor.py:650} INFO - DAG(s) dict_keys(['latest_only']) retrieved from /Users/jl/Documents/Repos/GHC-2022-data-engineering-workshop/venv/lib/python3.8/site-packages/airflow/example_dags/example_latest_only.py
[2022-08-29T21:05:35.931-0400] {logging_mixin.py:115} INFO - [2022-08-29T21:05:35.931-0400] {dag.py:2429} INFO - Sync 1 DAGs
[2022-08-29T21:05:35.949-0400] {logging_mixin.py:115} INFO - [2022-08-29T21:05:35.948-0400] {dag.py:2977} INFO - Setting next_dagrun for latest_only to 2022-08-29T21:05:35.948685+00:00, run_after=2022-08-30T01:05:35.948685+00:00
[2022-08-29T21:05:35.965-0400] {processor.py:161} INFO - Processing /Users/jl/Documents/Repos/GHC-2022-data-engineering-workshop/venv/lib/python3.8/site-packages/airflow/example_dags/example_latest_only.py took 0.136 seconds
[2022-08-29T21:07:10.045-0400] {processor.py:153} INFO - Started process (PID=18162) to work on /Users/jl/Documents/Repos/GHC-2022-data-engineering-workshop/venv/lib/python3.8/site-packages/airflow/example_dags/example_latest_only.py
[2022-08-29T21:07:10.054-0400] {processor.py:640} INFO - Processing file /Users/jl/Documents/Repos/GHC-2022-data-engineering-workshop/venv/lib/python3.8/site-packages/airflow/example_dags/example_latest_only.py for tasks to queue
[2022-08-29T21:07:10.054-0400] {logging_mixin.py:115} INFO - [2022-08-29T21:07:10.054-0400] {dagbag.py:508} INFO - Filling up the DagBag from /Users/jl/Documents/Repos/GHC-2022-data-engineering-workshop/venv/lib/python3.8/site-packages/airflow/example_dags/example_latest_only.py
[2022-08-29T21:07:10.069-0400] {processor.py:650} INFO - DAG(s) dict_keys(['latest_only']) retrieved from /Users/jl/Documents/Repos/GHC-2022-data-engineering-workshop/venv/lib/python3.8/site-packages/airflow/example_dags/example_latest_only.py
[2022-08-29T21:07:10.146-0400] {logging_mixin.py:115} INFO - [2022-08-29T21:07:10.146-0400] {dag.py:2429} INFO - Sync 1 DAGs
[2022-08-29T21:07:10.164-0400] {logging_mixin.py:115} INFO - [2022-08-29T21:07:10.164-0400] {dag.py:2977} INFO - Setting next_dagrun for latest_only to 2022-08-29T21:07:10.164240+00:00, run_after=2022-08-30T01:07:10.164240+00:00
[2022-08-29T21:07:10.180-0400] {processor.py:161} INFO - Processing /Users/jl/Documents/Repos/GHC-2022-data-engineering-workshop/venv/lib/python3.8/site-packages/airflow/example_dags/example_latest_only.py took 0.136 seconds
[2022-08-29T21:08:47.349-0400] {processor.py:153} INFO - Started process (PID=18253) to work on /Users/jl/Documents/Repos/GHC-2022-data-engineering-workshop/venv/lib/python3.8/site-packages/airflow/example_dags/example_latest_only.py
[2022-08-29T21:08:47.357-0400] {processor.py:640} INFO - Processing file /Users/jl/Documents/Repos/GHC-2022-data-engineering-workshop/venv/lib/python3.8/site-packages/airflow/example_dags/example_latest_only.py for tasks to queue
[2022-08-29T21:08:47.358-0400] {logging_mixin.py:115} INFO - [2022-08-29T21:08:47.358-0400] {dagbag.py:508} INFO - Filling up the DagBag from /Users/jl/Documents/Repos/GHC-2022-data-engineering-workshop/venv/lib/python3.8/site-packages/airflow/example_dags/example_latest_only.py
[2022-08-29T21:08:47.372-0400] {processor.py:650} INFO - DAG(s) dict_keys(['latest_only']) retrieved from /Users/jl/Documents/Repos/GHC-2022-data-engineering-workshop/venv/lib/python3.8/site-packages/airflow/example_dags/example_latest_only.py
[2022-08-29T21:08:47.449-0400] {logging_mixin.py:115} INFO - [2022-08-29T21:08:47.449-0400] {dag.py:2429} INFO - Sync 1 DAGs
[2022-08-29T21:08:47.466-0400] {logging_mixin.py:115} INFO - [2022-08-29T21:08:47.466-0400] {dag.py:2977} INFO - Setting next_dagrun for latest_only to 2022-08-29T21:08:47.466214+00:00, run_after=2022-08-30T01:08:47.466214+00:00
[2022-08-29T21:08:47.482-0400] {processor.py:161} INFO - Processing /Users/jl/Documents/Repos/GHC-2022-data-engineering-workshop/venv/lib/python3.8/site-packages/airflow/example_dags/example_latest_only.py took 0.134 seconds
[2022-08-29T21:10:24.224-0400] {processor.py:153} INFO - Started process (PID=18340) to work on /Users/jl/Documents/Repos/GHC-2022-data-engineering-workshop/venv/lib/python3.8/site-packages/airflow/example_dags/example_latest_only.py
[2022-08-29T21:10:24.232-0400] {processor.py:640} INFO - Processing file /Users/jl/Documents/Repos/GHC-2022-data-engineering-workshop/venv/lib/python3.8/site-packages/airflow/example_dags/example_latest_only.py for tasks to queue
[2022-08-29T21:10:24.232-0400] {logging_mixin.py:115} INFO - [2022-08-29T21:10:24.232-0400] {dagbag.py:508} INFO - Filling up the DagBag from /Users/jl/Documents/Repos/GHC-2022-data-engineering-workshop/venv/lib/python3.8/site-packages/airflow/example_dags/example_latest_only.py
[2022-08-29T21:10:24.247-0400] {processor.py:650} INFO - DAG(s) dict_keys(['latest_only']) retrieved from /Users/jl/Documents/Repos/GHC-2022-data-engineering-workshop/venv/lib/python3.8/site-packages/airflow/example_dags/example_latest_only.py
[2022-08-29T21:10:24.327-0400] {logging_mixin.py:115} INFO - [2022-08-29T21:10:24.327-0400] {dag.py:2429} INFO - Sync 1 DAGs
[2022-08-29T21:10:24.345-0400] {logging_mixin.py:115} INFO - [2022-08-29T21:10:24.345-0400] {dag.py:2977} INFO - Setting next_dagrun for latest_only to 2022-08-29T21:10:24.345141+00:00, run_after=2022-08-30T01:10:24.345141+00:00
[2022-08-29T21:10:24.362-0400] {processor.py:161} INFO - Processing /Users/jl/Documents/Repos/GHC-2022-data-engineering-workshop/venv/lib/python3.8/site-packages/airflow/example_dags/example_latest_only.py took 0.139 seconds
[2022-08-29T21:12:07.281-0400] {processor.py:153} INFO - Started process (PID=18432) to work on /Users/jl/Documents/Repos/GHC-2022-data-engineering-workshop/venv/lib/python3.8/site-packages/airflow/example_dags/example_latest_only.py
[2022-08-29T21:12:07.289-0400] {processor.py:640} INFO - Processing file /Users/jl/Documents/Repos/GHC-2022-data-engineering-workshop/venv/lib/python3.8/site-packages/airflow/example_dags/example_latest_only.py for tasks to queue
[2022-08-29T21:12:07.290-0400] {logging_mixin.py:115} INFO - [2022-08-29T21:12:07.289-0400] {dagbag.py:508} INFO - Filling up the DagBag from /Users/jl/Documents/Repos/GHC-2022-data-engineering-workshop/venv/lib/python3.8/site-packages/airflow/example_dags/example_latest_only.py
[2022-08-29T21:12:07.304-0400] {processor.py:650} INFO - DAG(s) dict_keys(['latest_only']) retrieved from /Users/jl/Documents/Repos/GHC-2022-data-engineering-workshop/venv/lib/python3.8/site-packages/airflow/example_dags/example_latest_only.py
[2022-08-29T21:12:07.380-0400] {logging_mixin.py:115} INFO - [2022-08-29T21:12:07.380-0400] {dag.py:2429} INFO - Sync 1 DAGs
[2022-08-29T21:12:07.398-0400] {logging_mixin.py:115} INFO - [2022-08-29T21:12:07.398-0400] {dag.py:2977} INFO - Setting next_dagrun for latest_only to 2022-08-29T21:12:07.397638+00:00, run_after=2022-08-30T01:12:07.397638+00:00
[2022-08-29T21:12:07.415-0400] {processor.py:161} INFO - Processing /Users/jl/Documents/Repos/GHC-2022-data-engineering-workshop/venv/lib/python3.8/site-packages/airflow/example_dags/example_latest_only.py took 0.135 seconds
[2022-08-29T21:14:04.227-0400] {processor.py:153} INFO - Started process (PID=18565) to work on /Users/jl/Documents/Repos/GHC-2022-data-engineering-workshop/venv/lib/python3.8/site-packages/airflow/example_dags/example_latest_only.py
[2022-08-29T21:14:04.236-0400] {processor.py:640} INFO - Processing file /Users/jl/Documents/Repos/GHC-2022-data-engineering-workshop/venv/lib/python3.8/site-packages/airflow/example_dags/example_latest_only.py for tasks to queue
[2022-08-29T21:14:04.237-0400] {logging_mixin.py:115} INFO - [2022-08-29T21:14:04.237-0400] {dagbag.py:508} INFO - Filling up the DagBag from /Users/jl/Documents/Repos/GHC-2022-data-engineering-workshop/venv/lib/python3.8/site-packages/airflow/example_dags/example_latest_only.py
[2022-08-29T21:14:04.253-0400] {processor.py:650} INFO - DAG(s) dict_keys(['latest_only']) retrieved from /Users/jl/Documents/Repos/GHC-2022-data-engineering-workshop/venv/lib/python3.8/site-packages/airflow/example_dags/example_latest_only.py
[2022-08-29T21:14:04.332-0400] {logging_mixin.py:115} INFO - [2022-08-29T21:14:04.331-0400] {dag.py:2429} INFO - Sync 1 DAGs
[2022-08-29T21:14:04.351-0400] {logging_mixin.py:115} INFO - [2022-08-29T21:14:04.351-0400] {dag.py:2977} INFO - Setting next_dagrun for latest_only to 2022-08-29T21:14:04.350932+00:00, run_after=2022-08-30T01:14:04.350932+00:00
[2022-08-29T21:14:04.367-0400] {processor.py:161} INFO - Processing /Users/jl/Documents/Repos/GHC-2022-data-engineering-workshop/venv/lib/python3.8/site-packages/airflow/example_dags/example_latest_only.py took 0.141 seconds
[2022-08-29T21:15:43.807-0400] {processor.py:153} INFO - Started process (PID=18651) to work on /Users/jl/Documents/Repos/GHC-2022-data-engineering-workshop/venv/lib/python3.8/site-packages/airflow/example_dags/example_latest_only.py
[2022-08-29T21:15:43.816-0400] {processor.py:640} INFO - Processing file /Users/jl/Documents/Repos/GHC-2022-data-engineering-workshop/venv/lib/python3.8/site-packages/airflow/example_dags/example_latest_only.py for tasks to queue
[2022-08-29T21:15:43.816-0400] {logging_mixin.py:115} INFO - [2022-08-29T21:15:43.816-0400] {dagbag.py:508} INFO - Filling up the DagBag from /Users/jl/Documents/Repos/GHC-2022-data-engineering-workshop/venv/lib/python3.8/site-packages/airflow/example_dags/example_latest_only.py
[2022-08-29T21:15:43.830-0400] {processor.py:650} INFO - DAG(s) dict_keys(['latest_only']) retrieved from /Users/jl/Documents/Repos/GHC-2022-data-engineering-workshop/venv/lib/python3.8/site-packages/airflow/example_dags/example_latest_only.py
[2022-08-29T21:15:43.910-0400] {logging_mixin.py:115} INFO - [2022-08-29T21:15:43.910-0400] {dag.py:2429} INFO - Sync 1 DAGs
[2022-08-29T21:15:43.929-0400] {logging_mixin.py:115} INFO - [2022-08-29T21:15:43.929-0400] {dag.py:2977} INFO - Setting next_dagrun for latest_only to 2022-08-29T21:15:43.928851+00:00, run_after=2022-08-30T01:15:43.928851+00:00
[2022-08-29T21:15:43.945-0400] {processor.py:161} INFO - Processing /Users/jl/Documents/Repos/GHC-2022-data-engineering-workshop/venv/lib/python3.8/site-packages/airflow/example_dags/example_latest_only.py took 0.138 seconds
[2022-08-29T21:17:14.651-0400] {processor.py:153} INFO - Started process (PID=18738) to work on /Users/jl/Documents/Repos/GHC-2022-data-engineering-workshop/venv/lib/python3.8/site-packages/airflow/example_dags/example_latest_only.py
[2022-08-29T21:17:14.660-0400] {processor.py:640} INFO - Processing file /Users/jl/Documents/Repos/GHC-2022-data-engineering-workshop/venv/lib/python3.8/site-packages/airflow/example_dags/example_latest_only.py for tasks to queue
[2022-08-29T21:17:14.661-0400] {logging_mixin.py:115} INFO - [2022-08-29T21:17:14.661-0400] {dagbag.py:508} INFO - Filling up the DagBag from /Users/jl/Documents/Repos/GHC-2022-data-engineering-workshop/venv/lib/python3.8/site-packages/airflow/example_dags/example_latest_only.py
[2022-08-29T21:17:14.675-0400] {processor.py:650} INFO - DAG(s) dict_keys(['latest_only']) retrieved from /Users/jl/Documents/Repos/GHC-2022-data-engineering-workshop/venv/lib/python3.8/site-packages/airflow/example_dags/example_latest_only.py
[2022-08-29T21:17:14.751-0400] {logging_mixin.py:115} INFO - [2022-08-29T21:17:14.751-0400] {dag.py:2429} INFO - Sync 1 DAGs
[2022-08-29T21:17:14.770-0400] {logging_mixin.py:115} INFO - [2022-08-29T21:17:14.769-0400] {dag.py:2977} INFO - Setting next_dagrun for latest_only to 2022-08-29T21:17:14.769695+00:00, run_after=2022-08-30T01:17:14.769695+00:00
[2022-08-29T21:17:14.785-0400] {processor.py:161} INFO - Processing /Users/jl/Documents/Repos/GHC-2022-data-engineering-workshop/venv/lib/python3.8/site-packages/airflow/example_dags/example_latest_only.py took 0.135 seconds
[2022-08-29T21:18:45.847-0400] {processor.py:153} INFO - Started process (PID=18824) to work on /Users/jl/Documents/Repos/GHC-2022-data-engineering-workshop/venv/lib/python3.8/site-packages/airflow/example_dags/example_latest_only.py
[2022-08-29T21:18:45.855-0400] {processor.py:640} INFO - Processing file /Users/jl/Documents/Repos/GHC-2022-data-engineering-workshop/venv/lib/python3.8/site-packages/airflow/example_dags/example_latest_only.py for tasks to queue
[2022-08-29T21:18:45.856-0400] {logging_mixin.py:115} INFO - [2022-08-29T21:18:45.856-0400] {dagbag.py:508} INFO - Filling up the DagBag from /Users/jl/Documents/Repos/GHC-2022-data-engineering-workshop/venv/lib/python3.8/site-packages/airflow/example_dags/example_latest_only.py
[2022-08-29T21:18:45.871-0400] {processor.py:650} INFO - DAG(s) dict_keys(['latest_only']) retrieved from /Users/jl/Documents/Repos/GHC-2022-data-engineering-workshop/venv/lib/python3.8/site-packages/airflow/example_dags/example_latest_only.py
[2022-08-29T21:18:45.950-0400] {logging_mixin.py:115} INFO - [2022-08-29T21:18:45.950-0400] {dag.py:2429} INFO - Sync 1 DAGs
[2022-08-29T21:18:45.967-0400] {logging_mixin.py:115} INFO - [2022-08-29T21:18:45.967-0400] {dag.py:2977} INFO - Setting next_dagrun for latest_only to 2022-08-29T21:18:45.967104+00:00, run_after=2022-08-30T01:18:45.967104+00:00
[2022-08-29T21:18:45.983-0400] {processor.py:161} INFO - Processing /Users/jl/Documents/Repos/GHC-2022-data-engineering-workshop/venv/lib/python3.8/site-packages/airflow/example_dags/example_latest_only.py took 0.137 seconds
[2022-08-29T21:20:24.185-0400] {processor.py:153} INFO - Started process (PID=18911) to work on /Users/jl/Documents/Repos/GHC-2022-data-engineering-workshop/venv/lib/python3.8/site-packages/airflow/example_dags/example_latest_only.py
[2022-08-29T21:20:24.194-0400] {processor.py:640} INFO - Processing file /Users/jl/Documents/Repos/GHC-2022-data-engineering-workshop/venv/lib/python3.8/site-packages/airflow/example_dags/example_latest_only.py for tasks to queue
[2022-08-29T21:20:24.195-0400] {logging_mixin.py:115} INFO - [2022-08-29T21:20:24.194-0400] {dagbag.py:508} INFO - Filling up the DagBag from /Users/jl/Documents/Repos/GHC-2022-data-engineering-workshop/venv/lib/python3.8/site-packages/airflow/example_dags/example_latest_only.py
[2022-08-29T21:20:24.209-0400] {processor.py:650} INFO - DAG(s) dict_keys(['latest_only']) retrieved from /Users/jl/Documents/Repos/GHC-2022-data-engineering-workshop/venv/lib/python3.8/site-packages/airflow/example_dags/example_latest_only.py
[2022-08-29T21:20:24.287-0400] {logging_mixin.py:115} INFO - [2022-08-29T21:20:24.286-0400] {dag.py:2429} INFO - Sync 1 DAGs
[2022-08-29T21:20:24.304-0400] {logging_mixin.py:115} INFO - [2022-08-29T21:20:24.304-0400] {dag.py:2977} INFO - Setting next_dagrun for latest_only to 2022-08-29T21:20:24.303881+00:00, run_after=2022-08-30T01:20:24.303881+00:00
[2022-08-29T21:20:24.319-0400] {processor.py:161} INFO - Processing /Users/jl/Documents/Repos/GHC-2022-data-engineering-workshop/venv/lib/python3.8/site-packages/airflow/example_dags/example_latest_only.py took 0.135 seconds
[2022-08-29T21:21:58.916-0400] {processor.py:153} INFO - Started process (PID=18998) to work on /Users/jl/Documents/Repos/GHC-2022-data-engineering-workshop/venv/lib/python3.8/site-packages/airflow/example_dags/example_latest_only.py
[2022-08-29T21:21:58.924-0400] {processor.py:640} INFO - Processing file /Users/jl/Documents/Repos/GHC-2022-data-engineering-workshop/venv/lib/python3.8/site-packages/airflow/example_dags/example_latest_only.py for tasks to queue
[2022-08-29T21:21:58.925-0400] {logging_mixin.py:115} INFO - [2022-08-29T21:21:58.925-0400] {dagbag.py:508} INFO - Filling up the DagBag from /Users/jl/Documents/Repos/GHC-2022-data-engineering-workshop/venv/lib/python3.8/site-packages/airflow/example_dags/example_latest_only.py
[2022-08-29T21:21:58.939-0400] {processor.py:650} INFO - DAG(s) dict_keys(['latest_only']) retrieved from /Users/jl/Documents/Repos/GHC-2022-data-engineering-workshop/venv/lib/python3.8/site-packages/airflow/example_dags/example_latest_only.py
[2022-08-29T21:21:59.016-0400] {logging_mixin.py:115} INFO - [2022-08-29T21:21:59.016-0400] {dag.py:2429} INFO - Sync 1 DAGs
[2022-08-29T21:21:59.034-0400] {logging_mixin.py:115} INFO - [2022-08-29T21:21:59.034-0400] {dag.py:2977} INFO - Setting next_dagrun for latest_only to 2022-08-29T21:21:59.033938+00:00, run_after=2022-08-30T01:21:59.033938+00:00
[2022-08-29T21:21:59.050-0400] {processor.py:161} INFO - Processing /Users/jl/Documents/Repos/GHC-2022-data-engineering-workshop/venv/lib/python3.8/site-packages/airflow/example_dags/example_latest_only.py took 0.135 seconds
[2022-08-29T21:23:36.486-0400] {processor.py:153} INFO - Started process (PID=19086) to work on /Users/jl/Documents/Repos/GHC-2022-data-engineering-workshop/venv/lib/python3.8/site-packages/airflow/example_dags/example_latest_only.py
[2022-08-29T21:23:36.494-0400] {processor.py:640} INFO - Processing file /Users/jl/Documents/Repos/GHC-2022-data-engineering-workshop/venv/lib/python3.8/site-packages/airflow/example_dags/example_latest_only.py for tasks to queue
[2022-08-29T21:23:36.494-0400] {logging_mixin.py:115} INFO - [2022-08-29T21:23:36.494-0400] {dagbag.py:508} INFO - Filling up the DagBag from /Users/jl/Documents/Repos/GHC-2022-data-engineering-workshop/venv/lib/python3.8/site-packages/airflow/example_dags/example_latest_only.py
[2022-08-29T21:23:36.509-0400] {processor.py:650} INFO - DAG(s) dict_keys(['latest_only']) retrieved from /Users/jl/Documents/Repos/GHC-2022-data-engineering-workshop/venv/lib/python3.8/site-packages/airflow/example_dags/example_latest_only.py
[2022-08-29T21:23:36.588-0400] {logging_mixin.py:115} INFO - [2022-08-29T21:23:36.588-0400] {dag.py:2429} INFO - Sync 1 DAGs
[2022-08-29T21:23:36.606-0400] {logging_mixin.py:115} INFO - [2022-08-29T21:23:36.605-0400] {dag.py:2977} INFO - Setting next_dagrun for latest_only to 2022-08-29T21:23:36.605550+00:00, run_after=2022-08-30T01:23:36.605550+00:00
[2022-08-29T21:23:36.622-0400] {processor.py:161} INFO - Processing /Users/jl/Documents/Repos/GHC-2022-data-engineering-workshop/venv/lib/python3.8/site-packages/airflow/example_dags/example_latest_only.py took 0.137 seconds
[2022-08-29T21:25:14.115-0400] {processor.py:153} INFO - Started process (PID=19174) to work on /Users/jl/Documents/Repos/GHC-2022-data-engineering-workshop/venv/lib/python3.8/site-packages/airflow/example_dags/example_latest_only.py
[2022-08-29T21:25:14.123-0400] {processor.py:640} INFO - Processing file /Users/jl/Documents/Repos/GHC-2022-data-engineering-workshop/venv/lib/python3.8/site-packages/airflow/example_dags/example_latest_only.py for tasks to queue
[2022-08-29T21:25:14.124-0400] {logging_mixin.py:115} INFO - [2022-08-29T21:25:14.124-0400] {dagbag.py:508} INFO - Filling up the DagBag from /Users/jl/Documents/Repos/GHC-2022-data-engineering-workshop/venv/lib/python3.8/site-packages/airflow/example_dags/example_latest_only.py
[2022-08-29T21:25:14.138-0400] {processor.py:650} INFO - DAG(s) dict_keys(['latest_only']) retrieved from /Users/jl/Documents/Repos/GHC-2022-data-engineering-workshop/venv/lib/python3.8/site-packages/airflow/example_dags/example_latest_only.py
[2022-08-29T21:25:14.214-0400] {logging_mixin.py:115} INFO - [2022-08-29T21:25:14.214-0400] {dag.py:2429} INFO - Sync 1 DAGs
[2022-08-29T21:25:14.232-0400] {logging_mixin.py:115} INFO - [2022-08-29T21:25:14.232-0400] {dag.py:2977} INFO - Setting next_dagrun for latest_only to 2022-08-29T21:25:14.231897+00:00, run_after=2022-08-30T01:25:14.231897+00:00
[2022-08-29T21:25:14.248-0400] {processor.py:161} INFO - Processing /Users/jl/Documents/Repos/GHC-2022-data-engineering-workshop/venv/lib/python3.8/site-packages/airflow/example_dags/example_latest_only.py took 0.134 seconds
[2022-08-29T21:26:45.597-0400] {processor.py:153} INFO - Started process (PID=19257) to work on /Users/jl/Documents/Repos/GHC-2022-data-engineering-workshop/venv/lib/python3.8/site-packages/airflow/example_dags/example_latest_only.py
[2022-08-29T21:26:45.607-0400] {processor.py:640} INFO - Processing file /Users/jl/Documents/Repos/GHC-2022-data-engineering-workshop/venv/lib/python3.8/site-packages/airflow/example_dags/example_latest_only.py for tasks to queue
[2022-08-29T21:26:45.608-0400] {logging_mixin.py:115} INFO - [2022-08-29T21:26:45.608-0400] {dagbag.py:508} INFO - Filling up the DagBag from /Users/jl/Documents/Repos/GHC-2022-data-engineering-workshop/venv/lib/python3.8/site-packages/airflow/example_dags/example_latest_only.py
[2022-08-29T21:26:45.624-0400] {processor.py:650} INFO - DAG(s) dict_keys(['latest_only']) retrieved from /Users/jl/Documents/Repos/GHC-2022-data-engineering-workshop/venv/lib/python3.8/site-packages/airflow/example_dags/example_latest_only.py
[2022-08-29T21:26:45.701-0400] {logging_mixin.py:115} INFO - [2022-08-29T21:26:45.700-0400] {dag.py:2429} INFO - Sync 1 DAGs
[2022-08-29T21:26:45.718-0400] {logging_mixin.py:115} INFO - [2022-08-29T21:26:45.718-0400] {dag.py:2977} INFO - Setting next_dagrun for latest_only to 2022-08-29T21:26:45.718262+00:00, run_after=2022-08-30T01:26:45.718262+00:00
[2022-08-29T21:26:45.734-0400] {processor.py:161} INFO - Processing /Users/jl/Documents/Repos/GHC-2022-data-engineering-workshop/venv/lib/python3.8/site-packages/airflow/example_dags/example_latest_only.py took 0.137 seconds
[2022-08-29T21:28:28.767-0400] {processor.py:153} INFO - Started process (PID=19355) to work on /Users/jl/Documents/Repos/GHC-2022-data-engineering-workshop/venv/lib/python3.8/site-packages/airflow/example_dags/example_latest_only.py
[2022-08-29T21:28:28.777-0400] {processor.py:640} INFO - Processing file /Users/jl/Documents/Repos/GHC-2022-data-engineering-workshop/venv/lib/python3.8/site-packages/airflow/example_dags/example_latest_only.py for tasks to queue
[2022-08-29T21:28:28.778-0400] {logging_mixin.py:115} INFO - [2022-08-29T21:28:28.778-0400] {dagbag.py:508} INFO - Filling up the DagBag from /Users/jl/Documents/Repos/GHC-2022-data-engineering-workshop/venv/lib/python3.8/site-packages/airflow/example_dags/example_latest_only.py
[2022-08-29T21:28:28.792-0400] {processor.py:650} INFO - DAG(s) dict_keys(['latest_only']) retrieved from /Users/jl/Documents/Repos/GHC-2022-data-engineering-workshop/venv/lib/python3.8/site-packages/airflow/example_dags/example_latest_only.py
[2022-08-29T21:28:28.868-0400] {logging_mixin.py:115} INFO - [2022-08-29T21:28:28.868-0400] {dag.py:2429} INFO - Sync 1 DAGs
[2022-08-29T21:28:28.885-0400] {logging_mixin.py:115} INFO - [2022-08-29T21:28:28.885-0400] {dag.py:2977} INFO - Setting next_dagrun for latest_only to 2022-08-29T21:28:28.885209+00:00, run_after=2022-08-30T01:28:28.885209+00:00
[2022-08-29T21:28:28.901-0400] {processor.py:161} INFO - Processing /Users/jl/Documents/Repos/GHC-2022-data-engineering-workshop/venv/lib/python3.8/site-packages/airflow/example_dags/example_latest_only.py took 0.135 seconds
[2022-08-29T21:30:09.800-0400] {processor.py:153} INFO - Started process (PID=19443) to work on /Users/jl/Documents/Repos/GHC-2022-data-engineering-workshop/venv/lib/python3.8/site-packages/airflow/example_dags/example_latest_only.py
[2022-08-29T21:30:09.808-0400] {processor.py:640} INFO - Processing file /Users/jl/Documents/Repos/GHC-2022-data-engineering-workshop/venv/lib/python3.8/site-packages/airflow/example_dags/example_latest_only.py for tasks to queue
[2022-08-29T21:30:09.809-0400] {logging_mixin.py:115} INFO - [2022-08-29T21:30:09.809-0400] {dagbag.py:508} INFO - Filling up the DagBag from /Users/jl/Documents/Repos/GHC-2022-data-engineering-workshop/venv/lib/python3.8/site-packages/airflow/example_dags/example_latest_only.py
[2022-08-29T21:30:09.823-0400] {processor.py:650} INFO - DAG(s) dict_keys(['latest_only']) retrieved from /Users/jl/Documents/Repos/GHC-2022-data-engineering-workshop/venv/lib/python3.8/site-packages/airflow/example_dags/example_latest_only.py
[2022-08-29T21:30:09.903-0400] {logging_mixin.py:115} INFO - [2022-08-29T21:30:09.903-0400] {dag.py:2429} INFO - Sync 1 DAGs
[2022-08-29T21:30:09.922-0400] {logging_mixin.py:115} INFO - [2022-08-29T21:30:09.922-0400] {dag.py:2977} INFO - Setting next_dagrun for latest_only to 2022-08-29T21:30:09.922160+00:00, run_after=2022-08-30T01:30:09.922160+00:00
[2022-08-29T21:30:09.939-0400] {processor.py:161} INFO - Processing /Users/jl/Documents/Repos/GHC-2022-data-engineering-workshop/venv/lib/python3.8/site-packages/airflow/example_dags/example_latest_only.py took 0.140 seconds
[2022-08-29T21:32:08.672-0400] {processor.py:153} INFO - Started process (PID=19544) to work on /Users/jl/Documents/Repos/GHC-2022-data-engineering-workshop/venv/lib/python3.8/site-packages/airflow/example_dags/example_latest_only.py
[2022-08-29T21:32:08.683-0400] {processor.py:640} INFO - Processing file /Users/jl/Documents/Repos/GHC-2022-data-engineering-workshop/venv/lib/python3.8/site-packages/airflow/example_dags/example_latest_only.py for tasks to queue
[2022-08-29T21:32:08.684-0400] {logging_mixin.py:115} INFO - [2022-08-29T21:32:08.684-0400] {dagbag.py:508} INFO - Filling up the DagBag from /Users/jl/Documents/Repos/GHC-2022-data-engineering-workshop/venv/lib/python3.8/site-packages/airflow/example_dags/example_latest_only.py
[2022-08-29T21:32:08.702-0400] {processor.py:650} INFO - DAG(s) dict_keys(['latest_only']) retrieved from /Users/jl/Documents/Repos/GHC-2022-data-engineering-workshop/venv/lib/python3.8/site-packages/airflow/example_dags/example_latest_only.py
[2022-08-29T21:32:08.781-0400] {logging_mixin.py:115} INFO - [2022-08-29T21:32:08.781-0400] {dag.py:2429} INFO - Sync 1 DAGs
[2022-08-29T21:32:08.800-0400] {logging_mixin.py:115} INFO - [2022-08-29T21:32:08.800-0400] {dag.py:2977} INFO - Setting next_dagrun for latest_only to 2022-08-29T21:32:08.799715+00:00, run_after=2022-08-30T01:32:08.799715+00:00
[2022-08-29T21:32:08.816-0400] {processor.py:161} INFO - Processing /Users/jl/Documents/Repos/GHC-2022-data-engineering-workshop/venv/lib/python3.8/site-packages/airflow/example_dags/example_latest_only.py took 0.145 seconds
[2022-08-29T21:34:08.865-0400] {processor.py:153} INFO - Started process (PID=19645) to work on /Users/jl/Documents/Repos/GHC-2022-data-engineering-workshop/venv/lib/python3.8/site-packages/airflow/example_dags/example_latest_only.py
[2022-08-29T21:34:08.875-0400] {processor.py:640} INFO - Processing file /Users/jl/Documents/Repos/GHC-2022-data-engineering-workshop/venv/lib/python3.8/site-packages/airflow/example_dags/example_latest_only.py for tasks to queue
[2022-08-29T21:34:08.876-0400] {logging_mixin.py:115} INFO - [2022-08-29T21:34:08.876-0400] {dagbag.py:508} INFO - Filling up the DagBag from /Users/jl/Documents/Repos/GHC-2022-data-engineering-workshop/venv/lib/python3.8/site-packages/airflow/example_dags/example_latest_only.py
[2022-08-29T21:34:08.902-0400] {processor.py:650} INFO - DAG(s) dict_keys(['latest_only']) retrieved from /Users/jl/Documents/Repos/GHC-2022-data-engineering-workshop/venv/lib/python3.8/site-packages/airflow/example_dags/example_latest_only.py
[2022-08-29T21:34:09.003-0400] {logging_mixin.py:115} INFO - [2022-08-29T21:34:09.003-0400] {dag.py:2429} INFO - Sync 1 DAGs
[2022-08-29T21:34:09.026-0400] {logging_mixin.py:115} INFO - [2022-08-29T21:34:09.025-0400] {dag.py:2977} INFO - Setting next_dagrun for latest_only to 2022-08-29T21:34:09.025618+00:00, run_after=2022-08-30T01:34:09.025618+00:00
[2022-08-29T21:34:09.045-0400] {processor.py:161} INFO - Processing /Users/jl/Documents/Repos/GHC-2022-data-engineering-workshop/venv/lib/python3.8/site-packages/airflow/example_dags/example_latest_only.py took 0.183 seconds
[2022-08-29T21:37:03.274-0400] {processor.py:153} INFO - Started process (PID=19752) to work on /Users/jl/Documents/Repos/GHC-2022-data-engineering-workshop/venv/lib/python3.8/site-packages/airflow/example_dags/example_latest_only.py
[2022-08-29T21:37:03.286-0400] {processor.py:640} INFO - Processing file /Users/jl/Documents/Repos/GHC-2022-data-engineering-workshop/venv/lib/python3.8/site-packages/airflow/example_dags/example_latest_only.py for tasks to queue
[2022-08-29T21:37:03.287-0400] {logging_mixin.py:115} INFO - [2022-08-29T21:37:03.287-0400] {dagbag.py:508} INFO - Filling up the DagBag from /Users/jl/Documents/Repos/GHC-2022-data-engineering-workshop/venv/lib/python3.8/site-packages/airflow/example_dags/example_latest_only.py
[2022-08-29T21:37:03.307-0400] {processor.py:650} INFO - DAG(s) dict_keys(['latest_only']) retrieved from /Users/jl/Documents/Repos/GHC-2022-data-engineering-workshop/venv/lib/python3.8/site-packages/airflow/example_dags/example_latest_only.py
[2022-08-29T21:37:03.417-0400] {logging_mixin.py:115} INFO - [2022-08-29T21:37:03.417-0400] {dag.py:2429} INFO - Sync 1 DAGs
[2022-08-29T21:37:03.444-0400] {logging_mixin.py:115} INFO - [2022-08-29T21:37:03.444-0400] {dag.py:2977} INFO - Setting next_dagrun for latest_only to 2022-08-29T21:37:03.444086+00:00, run_after=2022-08-30T01:37:03.444086+00:00
[2022-08-29T21:37:03.474-0400] {processor.py:161} INFO - Processing /Users/jl/Documents/Repos/GHC-2022-data-engineering-workshop/venv/lib/python3.8/site-packages/airflow/example_dags/example_latest_only.py took 0.201 seconds
[2022-08-29T21:39:49.064-0400] {processor.py:153} INFO - Started process (PID=19859) to work on /Users/jl/Documents/Repos/GHC-2022-data-engineering-workshop/venv/lib/python3.8/site-packages/airflow/example_dags/example_latest_only.py
[2022-08-29T21:39:49.077-0400] {processor.py:640} INFO - Processing file /Users/jl/Documents/Repos/GHC-2022-data-engineering-workshop/venv/lib/python3.8/site-packages/airflow/example_dags/example_latest_only.py for tasks to queue
[2022-08-29T21:39:49.080-0400] {logging_mixin.py:115} INFO - [2022-08-29T21:39:49.079-0400] {dagbag.py:508} INFO - Filling up the DagBag from /Users/jl/Documents/Repos/GHC-2022-data-engineering-workshop/venv/lib/python3.8/site-packages/airflow/example_dags/example_latest_only.py
[2022-08-29T21:39:49.104-0400] {processor.py:650} INFO - DAG(s) dict_keys(['latest_only']) retrieved from /Users/jl/Documents/Repos/GHC-2022-data-engineering-workshop/venv/lib/python3.8/site-packages/airflow/example_dags/example_latest_only.py
[2022-08-29T21:39:49.205-0400] {logging_mixin.py:115} INFO - [2022-08-29T21:39:49.205-0400] {dag.py:2429} INFO - Sync 1 DAGs
[2022-08-29T21:39:49.229-0400] {logging_mixin.py:115} INFO - [2022-08-29T21:39:49.229-0400] {dag.py:2977} INFO - Setting next_dagrun for latest_only to 2022-08-29T21:39:49.229003+00:00, run_after=2022-08-30T01:39:49.229003+00:00
[2022-08-29T21:39:49.251-0400] {processor.py:161} INFO - Processing /Users/jl/Documents/Repos/GHC-2022-data-engineering-workshop/venv/lib/python3.8/site-packages/airflow/example_dags/example_latest_only.py took 0.188 seconds
[2022-08-29T21:42:22.081-0400] {processor.py:153} INFO - Started process (PID=19962) to work on /Users/jl/Documents/Repos/GHC-2022-data-engineering-workshop/venv/lib/python3.8/site-packages/airflow/example_dags/example_latest_only.py
[2022-08-29T21:42:22.092-0400] {processor.py:640} INFO - Processing file /Users/jl/Documents/Repos/GHC-2022-data-engineering-workshop/venv/lib/python3.8/site-packages/airflow/example_dags/example_latest_only.py for tasks to queue
[2022-08-29T21:42:22.093-0400] {logging_mixin.py:115} INFO - [2022-08-29T21:42:22.093-0400] {dagbag.py:508} INFO - Filling up the DagBag from /Users/jl/Documents/Repos/GHC-2022-data-engineering-workshop/venv/lib/python3.8/site-packages/airflow/example_dags/example_latest_only.py
[2022-08-29T21:42:22.111-0400] {processor.py:650} INFO - DAG(s) dict_keys(['latest_only']) retrieved from /Users/jl/Documents/Repos/GHC-2022-data-engineering-workshop/venv/lib/python3.8/site-packages/airflow/example_dags/example_latest_only.py
[2022-08-29T21:42:22.203-0400] {logging_mixin.py:115} INFO - [2022-08-29T21:42:22.203-0400] {dag.py:2429} INFO - Sync 1 DAGs
[2022-08-29T21:42:22.231-0400] {logging_mixin.py:115} INFO - [2022-08-29T21:42:22.231-0400] {dag.py:2977} INFO - Setting next_dagrun for latest_only to 2022-08-29T21:42:22.230411+00:00, run_after=2022-08-30T01:42:22.230411+00:00
[2022-08-29T21:42:22.252-0400] {processor.py:161} INFO - Processing /Users/jl/Documents/Repos/GHC-2022-data-engineering-workshop/venv/lib/python3.8/site-packages/airflow/example_dags/example_latest_only.py took 0.172 seconds
[2022-08-29T21:45:12.978-0400] {processor.py:153} INFO - Started process (PID=20085) to work on /Users/jl/Documents/Repos/GHC-2022-data-engineering-workshop/venv/lib/python3.8/site-packages/airflow/example_dags/example_latest_only.py
[2022-08-29T21:45:12.989-0400] {processor.py:640} INFO - Processing file /Users/jl/Documents/Repos/GHC-2022-data-engineering-workshop/venv/lib/python3.8/site-packages/airflow/example_dags/example_latest_only.py for tasks to queue
[2022-08-29T21:45:12.990-0400] {logging_mixin.py:115} INFO - [2022-08-29T21:45:12.990-0400] {dagbag.py:508} INFO - Filling up the DagBag from /Users/jl/Documents/Repos/GHC-2022-data-engineering-workshop/venv/lib/python3.8/site-packages/airflow/example_dags/example_latest_only.py
[2022-08-29T21:45:13.009-0400] {processor.py:650} INFO - DAG(s) dict_keys(['latest_only']) retrieved from /Users/jl/Documents/Repos/GHC-2022-data-engineering-workshop/venv/lib/python3.8/site-packages/airflow/example_dags/example_latest_only.py
[2022-08-29T21:45:13.110-0400] {logging_mixin.py:115} INFO - [2022-08-29T21:45:13.109-0400] {dag.py:2429} INFO - Sync 1 DAGs
[2022-08-29T21:45:13.135-0400] {logging_mixin.py:115} INFO - [2022-08-29T21:45:13.135-0400] {dag.py:2977} INFO - Setting next_dagrun for latest_only to 2022-08-29T21:45:13.135212+00:00, run_after=2022-08-30T01:45:13.135212+00:00
[2022-08-29T21:45:13.154-0400] {processor.py:161} INFO - Processing /Users/jl/Documents/Repos/GHC-2022-data-engineering-workshop/venv/lib/python3.8/site-packages/airflow/example_dags/example_latest_only.py took 0.177 seconds
[2022-08-29T21:47:42.671-0400] {processor.py:153} INFO - Started process (PID=20188) to work on /Users/jl/Documents/Repos/GHC-2022-data-engineering-workshop/venv/lib/python3.8/site-packages/airflow/example_dags/example_latest_only.py
[2022-08-29T21:47:42.681-0400] {processor.py:640} INFO - Processing file /Users/jl/Documents/Repos/GHC-2022-data-engineering-workshop/venv/lib/python3.8/site-packages/airflow/example_dags/example_latest_only.py for tasks to queue
[2022-08-29T21:47:42.681-0400] {logging_mixin.py:115} INFO - [2022-08-29T21:47:42.681-0400] {dagbag.py:508} INFO - Filling up the DagBag from /Users/jl/Documents/Repos/GHC-2022-data-engineering-workshop/venv/lib/python3.8/site-packages/airflow/example_dags/example_latest_only.py
[2022-08-29T21:47:42.698-0400] {processor.py:650} INFO - DAG(s) dict_keys(['latest_only']) retrieved from /Users/jl/Documents/Repos/GHC-2022-data-engineering-workshop/venv/lib/python3.8/site-packages/airflow/example_dags/example_latest_only.py
[2022-08-29T21:47:42.801-0400] {logging_mixin.py:115} INFO - [2022-08-29T21:47:42.800-0400] {dag.py:2429} INFO - Sync 1 DAGs
[2022-08-29T21:47:42.824-0400] {logging_mixin.py:115} INFO - [2022-08-29T21:47:42.824-0400] {dag.py:2977} INFO - Setting next_dagrun for latest_only to 2022-08-29T21:47:42.823600+00:00, run_after=2022-08-30T01:47:42.823600+00:00
[2022-08-29T21:47:42.842-0400] {processor.py:161} INFO - Processing /Users/jl/Documents/Repos/GHC-2022-data-engineering-workshop/venv/lib/python3.8/site-packages/airflow/example_dags/example_latest_only.py took 0.174 seconds
[2022-08-29T21:50:06.576-0400] {processor.py:153} INFO - Started process (PID=20290) to work on /Users/jl/Documents/Repos/GHC-2022-data-engineering-workshop/venv/lib/python3.8/site-packages/airflow/example_dags/example_latest_only.py
[2022-08-29T21:50:06.585-0400] {processor.py:640} INFO - Processing file /Users/jl/Documents/Repos/GHC-2022-data-engineering-workshop/venv/lib/python3.8/site-packages/airflow/example_dags/example_latest_only.py for tasks to queue
[2022-08-29T21:50:06.586-0400] {logging_mixin.py:115} INFO - [2022-08-29T21:50:06.586-0400] {dagbag.py:508} INFO - Filling up the DagBag from /Users/jl/Documents/Repos/GHC-2022-data-engineering-workshop/venv/lib/python3.8/site-packages/airflow/example_dags/example_latest_only.py
[2022-08-29T21:50:06.608-0400] {processor.py:650} INFO - DAG(s) dict_keys(['latest_only']) retrieved from /Users/jl/Documents/Repos/GHC-2022-data-engineering-workshop/venv/lib/python3.8/site-packages/airflow/example_dags/example_latest_only.py
[2022-08-29T21:50:06.718-0400] {logging_mixin.py:115} INFO - [2022-08-29T21:50:06.717-0400] {dag.py:2429} INFO - Sync 1 DAGs
[2022-08-29T21:50:06.749-0400] {logging_mixin.py:115} INFO - [2022-08-29T21:50:06.749-0400] {dag.py:2977} INFO - Setting next_dagrun for latest_only to 2022-08-29T21:50:06.748821+00:00, run_after=2022-08-30T01:50:06.748821+00:00
[2022-08-29T21:50:06.778-0400] {processor.py:161} INFO - Processing /Users/jl/Documents/Repos/GHC-2022-data-engineering-workshop/venv/lib/python3.8/site-packages/airflow/example_dags/example_latest_only.py took 0.204 seconds
[2022-08-29T21:52:34.887-0400] {processor.py:153} INFO - Started process (PID=20388) to work on /Users/jl/Documents/Repos/GHC-2022-data-engineering-workshop/venv/lib/python3.8/site-packages/airflow/example_dags/example_latest_only.py
[2022-08-29T21:52:34.899-0400] {processor.py:640} INFO - Processing file /Users/jl/Documents/Repos/GHC-2022-data-engineering-workshop/venv/lib/python3.8/site-packages/airflow/example_dags/example_latest_only.py for tasks to queue
[2022-08-29T21:52:34.902-0400] {logging_mixin.py:115} INFO - [2022-08-29T21:52:34.900-0400] {dagbag.py:508} INFO - Filling up the DagBag from /Users/jl/Documents/Repos/GHC-2022-data-engineering-workshop/venv/lib/python3.8/site-packages/airflow/example_dags/example_latest_only.py
[2022-08-29T21:52:34.933-0400] {processor.py:650} INFO - DAG(s) dict_keys(['latest_only']) retrieved from /Users/jl/Documents/Repos/GHC-2022-data-engineering-workshop/venv/lib/python3.8/site-packages/airflow/example_dags/example_latest_only.py
[2022-08-29T21:52:35.059-0400] {logging_mixin.py:115} INFO - [2022-08-29T21:52:35.059-0400] {dag.py:2429} INFO - Sync 1 DAGs
[2022-08-29T21:52:35.087-0400] {logging_mixin.py:115} INFO - [2022-08-29T21:52:35.087-0400] {dag.py:2977} INFO - Setting next_dagrun for latest_only to 2022-08-29T21:52:35.087161+00:00, run_after=2022-08-30T01:52:35.087161+00:00
[2022-08-29T21:52:35.110-0400] {processor.py:161} INFO - Processing /Users/jl/Documents/Repos/GHC-2022-data-engineering-workshop/venv/lib/python3.8/site-packages/airflow/example_dags/example_latest_only.py took 0.224 seconds
