[2022-08-29T20:00:25.833-0400] {processor.py:153} INFO - Started process (PID=14369) to work on /Users/jl/Documents/Repos/GHC-2022-data-engineering-workshop/venv/lib/python3.8/site-packages/airflow/example_dags/example_branch_day_of_week_operator.py
[2022-08-29T20:00:25.841-0400] {processor.py:640} INFO - Processing file /Users/jl/Documents/Repos/GHC-2022-data-engineering-workshop/venv/lib/python3.8/site-packages/airflow/example_dags/example_branch_day_of_week_operator.py for tasks to queue
[2022-08-29T20:00:25.842-0400] {logging_mixin.py:115} INFO - [2022-08-29T20:00:25.841-0400] {dagbag.py:508} INFO - Filling up the DagBag from /Users/jl/Documents/Repos/GHC-2022-data-engineering-workshop/venv/lib/python3.8/site-packages/airflow/example_dags/example_branch_day_of_week_operator.py
[2022-08-29T20:00:25.864-0400] {processor.py:650} INFO - DAG(s) dict_keys(['example_weekday_branch_operator']) retrieved from /Users/jl/Documents/Repos/GHC-2022-data-engineering-workshop/venv/lib/python3.8/site-packages/airflow/example_dags/example_branch_day_of_week_operator.py
[2022-08-29T20:00:25.941-0400] {logging_mixin.py:115} INFO - [2022-08-29T20:00:25.941-0400] {dag.py:2429} INFO - Sync 1 DAGs
[2022-08-29T20:00:25.961-0400] {logging_mixin.py:115} INFO - [2022-08-29T20:00:25.961-0400] {dag.py:2977} INFO - Setting next_dagrun for example_weekday_branch_operator to 2022-08-29T00:00:00+00:00, run_after=2022-08-30T00:00:00+00:00
[2022-08-29T20:00:25.978-0400] {processor.py:161} INFO - Processing /Users/jl/Documents/Repos/GHC-2022-data-engineering-workshop/venv/lib/python3.8/site-packages/airflow/example_dags/example_branch_day_of_week_operator.py took 0.146 seconds
[2022-08-29T20:01:56.311-0400] {processor.py:153} INFO - Started process (PID=14452) to work on /Users/jl/Documents/Repos/GHC-2022-data-engineering-workshop/venv/lib/python3.8/site-packages/airflow/example_dags/example_branch_day_of_week_operator.py
[2022-08-29T20:01:56.319-0400] {processor.py:640} INFO - Processing file /Users/jl/Documents/Repos/GHC-2022-data-engineering-workshop/venv/lib/python3.8/site-packages/airflow/example_dags/example_branch_day_of_week_operator.py for tasks to queue
[2022-08-29T20:01:56.320-0400] {logging_mixin.py:115} INFO - [2022-08-29T20:01:56.320-0400] {dagbag.py:508} INFO - Filling up the DagBag from /Users/jl/Documents/Repos/GHC-2022-data-engineering-workshop/venv/lib/python3.8/site-packages/airflow/example_dags/example_branch_day_of_week_operator.py
[2022-08-29T20:01:56.338-0400] {processor.py:650} INFO - DAG(s) dict_keys(['example_weekday_branch_operator']) retrieved from /Users/jl/Documents/Repos/GHC-2022-data-engineering-workshop/venv/lib/python3.8/site-packages/airflow/example_dags/example_branch_day_of_week_operator.py
[2022-08-29T20:01:56.414-0400] {logging_mixin.py:115} INFO - [2022-08-29T20:01:56.413-0400] {dag.py:2429} INFO - Sync 1 DAGs
[2022-08-29T20:01:56.433-0400] {logging_mixin.py:115} INFO - [2022-08-29T20:01:56.433-0400] {dag.py:2977} INFO - Setting next_dagrun for example_weekday_branch_operator to 2022-08-29T00:00:00+00:00, run_after=2022-08-30T00:00:00+00:00
[2022-08-29T20:01:56.449-0400] {processor.py:161} INFO - Processing /Users/jl/Documents/Repos/GHC-2022-data-engineering-workshop/venv/lib/python3.8/site-packages/airflow/example_dags/example_branch_day_of_week_operator.py took 0.139 seconds
[2022-08-29T20:03:19.464-0400] {processor.py:153} INFO - Started process (PID=14532) to work on /Users/jl/Documents/Repos/GHC-2022-data-engineering-workshop/venv/lib/python3.8/site-packages/airflow/example_dags/example_branch_day_of_week_operator.py
[2022-08-29T20:03:19.472-0400] {processor.py:640} INFO - Processing file /Users/jl/Documents/Repos/GHC-2022-data-engineering-workshop/venv/lib/python3.8/site-packages/airflow/example_dags/example_branch_day_of_week_operator.py for tasks to queue
[2022-08-29T20:03:19.473-0400] {logging_mixin.py:115} INFO - [2022-08-29T20:03:19.473-0400] {dagbag.py:508} INFO - Filling up the DagBag from /Users/jl/Documents/Repos/GHC-2022-data-engineering-workshop/venv/lib/python3.8/site-packages/airflow/example_dags/example_branch_day_of_week_operator.py
[2022-08-29T20:03:19.490-0400] {processor.py:650} INFO - DAG(s) dict_keys(['example_weekday_branch_operator']) retrieved from /Users/jl/Documents/Repos/GHC-2022-data-engineering-workshop/venv/lib/python3.8/site-packages/airflow/example_dags/example_branch_day_of_week_operator.py
[2022-08-29T20:03:19.567-0400] {logging_mixin.py:115} INFO - [2022-08-29T20:03:19.567-0400] {dag.py:2429} INFO - Sync 1 DAGs
[2022-08-29T20:03:19.586-0400] {logging_mixin.py:115} INFO - [2022-08-29T20:03:19.586-0400] {dag.py:2977} INFO - Setting next_dagrun for example_weekday_branch_operator to 2022-08-29T00:00:00+00:00, run_after=2022-08-30T00:00:00+00:00
[2022-08-29T20:03:19.602-0400] {processor.py:161} INFO - Processing /Users/jl/Documents/Repos/GHC-2022-data-engineering-workshop/venv/lib/python3.8/site-packages/airflow/example_dags/example_branch_day_of_week_operator.py took 0.139 seconds
[2022-08-29T20:04:46.915-0400] {processor.py:153} INFO - Started process (PID=14613) to work on /Users/jl/Documents/Repos/GHC-2022-data-engineering-workshop/venv/lib/python3.8/site-packages/airflow/example_dags/example_branch_day_of_week_operator.py
[2022-08-29T20:04:46.923-0400] {processor.py:640} INFO - Processing file /Users/jl/Documents/Repos/GHC-2022-data-engineering-workshop/venv/lib/python3.8/site-packages/airflow/example_dags/example_branch_day_of_week_operator.py for tasks to queue
[2022-08-29T20:04:46.924-0400] {logging_mixin.py:115} INFO - [2022-08-29T20:04:46.924-0400] {dagbag.py:508} INFO - Filling up the DagBag from /Users/jl/Documents/Repos/GHC-2022-data-engineering-workshop/venv/lib/python3.8/site-packages/airflow/example_dags/example_branch_day_of_week_operator.py
[2022-08-29T20:04:46.941-0400] {processor.py:650} INFO - DAG(s) dict_keys(['example_weekday_branch_operator']) retrieved from /Users/jl/Documents/Repos/GHC-2022-data-engineering-workshop/venv/lib/python3.8/site-packages/airflow/example_dags/example_branch_day_of_week_operator.py
[2022-08-29T20:04:47.021-0400] {logging_mixin.py:115} INFO - [2022-08-29T20:04:47.020-0400] {dag.py:2429} INFO - Sync 1 DAGs
[2022-08-29T20:04:47.040-0400] {logging_mixin.py:115} INFO - [2022-08-29T20:04:47.040-0400] {dag.py:2977} INFO - Setting next_dagrun for example_weekday_branch_operator to 2022-08-29T00:00:00+00:00, run_after=2022-08-30T00:00:00+00:00
[2022-08-29T20:04:47.055-0400] {processor.py:161} INFO - Processing /Users/jl/Documents/Repos/GHC-2022-data-engineering-workshop/venv/lib/python3.8/site-packages/airflow/example_dags/example_branch_day_of_week_operator.py took 0.141 seconds
[2022-08-29T20:06:14.445-0400] {processor.py:153} INFO - Started process (PID=14694) to work on /Users/jl/Documents/Repos/GHC-2022-data-engineering-workshop/venv/lib/python3.8/site-packages/airflow/example_dags/example_branch_day_of_week_operator.py
[2022-08-29T20:06:14.453-0400] {processor.py:640} INFO - Processing file /Users/jl/Documents/Repos/GHC-2022-data-engineering-workshop/venv/lib/python3.8/site-packages/airflow/example_dags/example_branch_day_of_week_operator.py for tasks to queue
[2022-08-29T20:06:14.454-0400] {logging_mixin.py:115} INFO - [2022-08-29T20:06:14.453-0400] {dagbag.py:508} INFO - Filling up the DagBag from /Users/jl/Documents/Repos/GHC-2022-data-engineering-workshop/venv/lib/python3.8/site-packages/airflow/example_dags/example_branch_day_of_week_operator.py
[2022-08-29T20:06:14.471-0400] {processor.py:650} INFO - DAG(s) dict_keys(['example_weekday_branch_operator']) retrieved from /Users/jl/Documents/Repos/GHC-2022-data-engineering-workshop/venv/lib/python3.8/site-packages/airflow/example_dags/example_branch_day_of_week_operator.py
[2022-08-29T20:06:14.548-0400] {logging_mixin.py:115} INFO - [2022-08-29T20:06:14.548-0400] {dag.py:2429} INFO - Sync 1 DAGs
[2022-08-29T20:06:14.567-0400] {logging_mixin.py:115} INFO - [2022-08-29T20:06:14.567-0400] {dag.py:2977} INFO - Setting next_dagrun for example_weekday_branch_operator to 2022-08-29T00:00:00+00:00, run_after=2022-08-30T00:00:00+00:00
[2022-08-29T20:06:14.582-0400] {processor.py:161} INFO - Processing /Users/jl/Documents/Repos/GHC-2022-data-engineering-workshop/venv/lib/python3.8/site-packages/airflow/example_dags/example_branch_day_of_week_operator.py took 0.138 seconds
[2022-08-29T20:07:41.657-0400] {processor.py:153} INFO - Started process (PID=14777) to work on /Users/jl/Documents/Repos/GHC-2022-data-engineering-workshop/venv/lib/python3.8/site-packages/airflow/example_dags/example_branch_day_of_week_operator.py
[2022-08-29T20:07:41.665-0400] {processor.py:640} INFO - Processing file /Users/jl/Documents/Repos/GHC-2022-data-engineering-workshop/venv/lib/python3.8/site-packages/airflow/example_dags/example_branch_day_of_week_operator.py for tasks to queue
[2022-08-29T20:07:41.666-0400] {logging_mixin.py:115} INFO - [2022-08-29T20:07:41.665-0400] {dagbag.py:508} INFO - Filling up the DagBag from /Users/jl/Documents/Repos/GHC-2022-data-engineering-workshop/venv/lib/python3.8/site-packages/airflow/example_dags/example_branch_day_of_week_operator.py
[2022-08-29T20:07:41.685-0400] {processor.py:650} INFO - DAG(s) dict_keys(['example_weekday_branch_operator']) retrieved from /Users/jl/Documents/Repos/GHC-2022-data-engineering-workshop/venv/lib/python3.8/site-packages/airflow/example_dags/example_branch_day_of_week_operator.py
[2022-08-29T20:07:41.774-0400] {logging_mixin.py:115} INFO - [2022-08-29T20:07:41.774-0400] {dag.py:2429} INFO - Sync 1 DAGs
[2022-08-29T20:07:41.793-0400] {logging_mixin.py:115} INFO - [2022-08-29T20:07:41.793-0400] {dag.py:2977} INFO - Setting next_dagrun for example_weekday_branch_operator to 2022-08-29T00:00:00+00:00, run_after=2022-08-30T00:00:00+00:00
[2022-08-29T20:07:41.810-0400] {processor.py:161} INFO - Processing /Users/jl/Documents/Repos/GHC-2022-data-engineering-workshop/venv/lib/python3.8/site-packages/airflow/example_dags/example_branch_day_of_week_operator.py took 0.154 seconds
[2022-08-29T20:09:08.938-0400] {processor.py:153} INFO - Started process (PID=14857) to work on /Users/jl/Documents/Repos/GHC-2022-data-engineering-workshop/venv/lib/python3.8/site-packages/airflow/example_dags/example_branch_day_of_week_operator.py
[2022-08-29T20:09:08.946-0400] {processor.py:640} INFO - Processing file /Users/jl/Documents/Repos/GHC-2022-data-engineering-workshop/venv/lib/python3.8/site-packages/airflow/example_dags/example_branch_day_of_week_operator.py for tasks to queue
[2022-08-29T20:09:08.947-0400] {logging_mixin.py:115} INFO - [2022-08-29T20:09:08.946-0400] {dagbag.py:508} INFO - Filling up the DagBag from /Users/jl/Documents/Repos/GHC-2022-data-engineering-workshop/venv/lib/python3.8/site-packages/airflow/example_dags/example_branch_day_of_week_operator.py
[2022-08-29T20:09:08.964-0400] {processor.py:650} INFO - DAG(s) dict_keys(['example_weekday_branch_operator']) retrieved from /Users/jl/Documents/Repos/GHC-2022-data-engineering-workshop/venv/lib/python3.8/site-packages/airflow/example_dags/example_branch_day_of_week_operator.py
[2022-08-29T20:09:09.040-0400] {logging_mixin.py:115} INFO - [2022-08-29T20:09:09.039-0400] {dag.py:2429} INFO - Sync 1 DAGs
[2022-08-29T20:09:09.059-0400] {logging_mixin.py:115} INFO - [2022-08-29T20:09:09.059-0400] {dag.py:2977} INFO - Setting next_dagrun for example_weekday_branch_operator to 2022-08-29T00:00:00+00:00, run_after=2022-08-30T00:00:00+00:00
[2022-08-29T20:09:09.074-0400] {processor.py:161} INFO - Processing /Users/jl/Documents/Repos/GHC-2022-data-engineering-workshop/venv/lib/python3.8/site-packages/airflow/example_dags/example_branch_day_of_week_operator.py took 0.138 seconds
[2022-08-29T20:10:46.209-0400] {processor.py:153} INFO - Started process (PID=14946) to work on /Users/jl/Documents/Repos/GHC-2022-data-engineering-workshop/venv/lib/python3.8/site-packages/airflow/example_dags/example_branch_day_of_week_operator.py
[2022-08-29T20:10:46.219-0400] {processor.py:640} INFO - Processing file /Users/jl/Documents/Repos/GHC-2022-data-engineering-workshop/venv/lib/python3.8/site-packages/airflow/example_dags/example_branch_day_of_week_operator.py for tasks to queue
[2022-08-29T20:10:46.220-0400] {logging_mixin.py:115} INFO - [2022-08-29T20:10:46.220-0400] {dagbag.py:508} INFO - Filling up the DagBag from /Users/jl/Documents/Repos/GHC-2022-data-engineering-workshop/venv/lib/python3.8/site-packages/airflow/example_dags/example_branch_day_of_week_operator.py
[2022-08-29T20:10:46.240-0400] {processor.py:650} INFO - DAG(s) dict_keys(['example_weekday_branch_operator']) retrieved from /Users/jl/Documents/Repos/GHC-2022-data-engineering-workshop/venv/lib/python3.8/site-packages/airflow/example_dags/example_branch_day_of_week_operator.py
[2022-08-29T20:10:46.318-0400] {logging_mixin.py:115} INFO - [2022-08-29T20:10:46.318-0400] {dag.py:2429} INFO - Sync 1 DAGs
[2022-08-29T20:10:46.337-0400] {logging_mixin.py:115} INFO - [2022-08-29T20:10:46.337-0400] {dag.py:2977} INFO - Setting next_dagrun for example_weekday_branch_operator to 2022-08-29T00:00:00+00:00, run_after=2022-08-30T00:00:00+00:00
[2022-08-29T20:10:46.353-0400] {processor.py:161} INFO - Processing /Users/jl/Documents/Repos/GHC-2022-data-engineering-workshop/venv/lib/python3.8/site-packages/airflow/example_dags/example_branch_day_of_week_operator.py took 0.144 seconds
[2022-08-29T20:12:17.697-0400] {processor.py:153} INFO - Started process (PID=15031) to work on /Users/jl/Documents/Repos/GHC-2022-data-engineering-workshop/venv/lib/python3.8/site-packages/airflow/example_dags/example_branch_day_of_week_operator.py
[2022-08-29T20:12:17.706-0400] {processor.py:640} INFO - Processing file /Users/jl/Documents/Repos/GHC-2022-data-engineering-workshop/venv/lib/python3.8/site-packages/airflow/example_dags/example_branch_day_of_week_operator.py for tasks to queue
[2022-08-29T20:12:17.706-0400] {logging_mixin.py:115} INFO - [2022-08-29T20:12:17.706-0400] {dagbag.py:508} INFO - Filling up the DagBag from /Users/jl/Documents/Repos/GHC-2022-data-engineering-workshop/venv/lib/python3.8/site-packages/airflow/example_dags/example_branch_day_of_week_operator.py
[2022-08-29T20:12:17.723-0400] {processor.py:650} INFO - DAG(s) dict_keys(['example_weekday_branch_operator']) retrieved from /Users/jl/Documents/Repos/GHC-2022-data-engineering-workshop/venv/lib/python3.8/site-packages/airflow/example_dags/example_branch_day_of_week_operator.py
[2022-08-29T20:12:17.799-0400] {logging_mixin.py:115} INFO - [2022-08-29T20:12:17.799-0400] {dag.py:2429} INFO - Sync 1 DAGs
[2022-08-29T20:12:17.818-0400] {logging_mixin.py:115} INFO - [2022-08-29T20:12:17.818-0400] {dag.py:2977} INFO - Setting next_dagrun for example_weekday_branch_operator to 2022-08-29T00:00:00+00:00, run_after=2022-08-30T00:00:00+00:00
[2022-08-29T20:12:17.834-0400] {processor.py:161} INFO - Processing /Users/jl/Documents/Repos/GHC-2022-data-engineering-workshop/venv/lib/python3.8/site-packages/airflow/example_dags/example_branch_day_of_week_operator.py took 0.138 seconds
[2022-08-29T20:13:46.707-0400] {processor.py:153} INFO - Started process (PID=15114) to work on /Users/jl/Documents/Repos/GHC-2022-data-engineering-workshop/venv/lib/python3.8/site-packages/airflow/example_dags/example_branch_day_of_week_operator.py
[2022-08-29T20:13:46.716-0400] {processor.py:640} INFO - Processing file /Users/jl/Documents/Repos/GHC-2022-data-engineering-workshop/venv/lib/python3.8/site-packages/airflow/example_dags/example_branch_day_of_week_operator.py for tasks to queue
[2022-08-29T20:13:46.716-0400] {logging_mixin.py:115} INFO - [2022-08-29T20:13:46.716-0400] {dagbag.py:508} INFO - Filling up the DagBag from /Users/jl/Documents/Repos/GHC-2022-data-engineering-workshop/venv/lib/python3.8/site-packages/airflow/example_dags/example_branch_day_of_week_operator.py
[2022-08-29T20:13:46.734-0400] {processor.py:650} INFO - DAG(s) dict_keys(['example_weekday_branch_operator']) retrieved from /Users/jl/Documents/Repos/GHC-2022-data-engineering-workshop/venv/lib/python3.8/site-packages/airflow/example_dags/example_branch_day_of_week_operator.py
[2022-08-29T20:13:46.810-0400] {logging_mixin.py:115} INFO - [2022-08-29T20:13:46.809-0400] {dag.py:2429} INFO - Sync 1 DAGs
[2022-08-29T20:13:46.829-0400] {logging_mixin.py:115} INFO - [2022-08-29T20:13:46.829-0400] {dag.py:2977} INFO - Setting next_dagrun for example_weekday_branch_operator to 2022-08-29T00:00:00+00:00, run_after=2022-08-30T00:00:00+00:00
[2022-08-29T20:13:46.844-0400] {processor.py:161} INFO - Processing /Users/jl/Documents/Repos/GHC-2022-data-engineering-workshop/venv/lib/python3.8/site-packages/airflow/example_dags/example_branch_day_of_week_operator.py took 0.138 seconds
[2022-08-29T20:15:21.932-0400] {processor.py:153} INFO - Started process (PID=15230) to work on /Users/jl/Documents/Repos/GHC-2022-data-engineering-workshop/venv/lib/python3.8/site-packages/airflow/example_dags/example_branch_day_of_week_operator.py
[2022-08-29T20:15:21.941-0400] {processor.py:640} INFO - Processing file /Users/jl/Documents/Repos/GHC-2022-data-engineering-workshop/venv/lib/python3.8/site-packages/airflow/example_dags/example_branch_day_of_week_operator.py for tasks to queue
[2022-08-29T20:15:21.941-0400] {logging_mixin.py:115} INFO - [2022-08-29T20:15:21.941-0400] {dagbag.py:508} INFO - Filling up the DagBag from /Users/jl/Documents/Repos/GHC-2022-data-engineering-workshop/venv/lib/python3.8/site-packages/airflow/example_dags/example_branch_day_of_week_operator.py
[2022-08-29T20:15:21.959-0400] {processor.py:650} INFO - DAG(s) dict_keys(['example_weekday_branch_operator']) retrieved from /Users/jl/Documents/Repos/GHC-2022-data-engineering-workshop/venv/lib/python3.8/site-packages/airflow/example_dags/example_branch_day_of_week_operator.py
[2022-08-29T20:15:22.037-0400] {logging_mixin.py:115} INFO - [2022-08-29T20:15:22.036-0400] {dag.py:2429} INFO - Sync 1 DAGs
[2022-08-29T20:15:22.056-0400] {logging_mixin.py:115} INFO - [2022-08-29T20:15:22.056-0400] {dag.py:2977} INFO - Setting next_dagrun for example_weekday_branch_operator to 2022-08-29T00:00:00+00:00, run_after=2022-08-30T00:00:00+00:00
[2022-08-29T20:15:22.072-0400] {processor.py:161} INFO - Processing /Users/jl/Documents/Repos/GHC-2022-data-engineering-workshop/venv/lib/python3.8/site-packages/airflow/example_dags/example_branch_day_of_week_operator.py took 0.140 seconds
[2022-08-29T20:17:08.473-0400] {processor.py:153} INFO - Started process (PID=15327) to work on /Users/jl/Documents/Repos/GHC-2022-data-engineering-workshop/venv/lib/python3.8/site-packages/airflow/example_dags/example_branch_day_of_week_operator.py
[2022-08-29T20:17:08.481-0400] {processor.py:640} INFO - Processing file /Users/jl/Documents/Repos/GHC-2022-data-engineering-workshop/venv/lib/python3.8/site-packages/airflow/example_dags/example_branch_day_of_week_operator.py for tasks to queue
[2022-08-29T20:17:08.482-0400] {logging_mixin.py:115} INFO - [2022-08-29T20:17:08.481-0400] {dagbag.py:508} INFO - Filling up the DagBag from /Users/jl/Documents/Repos/GHC-2022-data-engineering-workshop/venv/lib/python3.8/site-packages/airflow/example_dags/example_branch_day_of_week_operator.py
[2022-08-29T20:17:08.500-0400] {processor.py:650} INFO - DAG(s) dict_keys(['example_weekday_branch_operator']) retrieved from /Users/jl/Documents/Repos/GHC-2022-data-engineering-workshop/venv/lib/python3.8/site-packages/airflow/example_dags/example_branch_day_of_week_operator.py
[2022-08-29T20:17:08.576-0400] {logging_mixin.py:115} INFO - [2022-08-29T20:17:08.576-0400] {dag.py:2429} INFO - Sync 1 DAGs
[2022-08-29T20:17:08.598-0400] {logging_mixin.py:115} INFO - [2022-08-29T20:17:08.597-0400] {dag.py:2977} INFO - Setting next_dagrun for example_weekday_branch_operator to 2022-08-29T00:00:00+00:00, run_after=2022-08-30T00:00:00+00:00
[2022-08-29T20:17:08.617-0400] {processor.py:161} INFO - Processing /Users/jl/Documents/Repos/GHC-2022-data-engineering-workshop/venv/lib/python3.8/site-packages/airflow/example_dags/example_branch_day_of_week_operator.py took 0.145 seconds
[2022-08-29T20:19:03.419-0400] {processor.py:153} INFO - Started process (PID=15458) to work on /Users/jl/Documents/Repos/GHC-2022-data-engineering-workshop/venv/lib/python3.8/site-packages/airflow/example_dags/example_branch_day_of_week_operator.py
[2022-08-29T20:19:03.430-0400] {processor.py:640} INFO - Processing file /Users/jl/Documents/Repos/GHC-2022-data-engineering-workshop/venv/lib/python3.8/site-packages/airflow/example_dags/example_branch_day_of_week_operator.py for tasks to queue
[2022-08-29T20:19:03.431-0400] {logging_mixin.py:115} INFO - [2022-08-29T20:19:03.430-0400] {dagbag.py:508} INFO - Filling up the DagBag from /Users/jl/Documents/Repos/GHC-2022-data-engineering-workshop/venv/lib/python3.8/site-packages/airflow/example_dags/example_branch_day_of_week_operator.py
[2022-08-29T20:19:03.449-0400] {processor.py:650} INFO - DAG(s) dict_keys(['example_weekday_branch_operator']) retrieved from /Users/jl/Documents/Repos/GHC-2022-data-engineering-workshop/venv/lib/python3.8/site-packages/airflow/example_dags/example_branch_day_of_week_operator.py
[2022-08-29T20:19:03.525-0400] {logging_mixin.py:115} INFO - [2022-08-29T20:19:03.524-0400] {dag.py:2429} INFO - Sync 1 DAGs
[2022-08-29T20:19:03.545-0400] {logging_mixin.py:115} INFO - [2022-08-29T20:19:03.545-0400] {dag.py:2977} INFO - Setting next_dagrun for example_weekday_branch_operator to 2022-08-29T00:00:00+00:00, run_after=2022-08-30T00:00:00+00:00
[2022-08-29T20:19:03.560-0400] {processor.py:161} INFO - Processing /Users/jl/Documents/Repos/GHC-2022-data-engineering-workshop/venv/lib/python3.8/site-packages/airflow/example_dags/example_branch_day_of_week_operator.py took 0.142 seconds
[2022-08-29T20:20:42.576-0400] {processor.py:153} INFO - Started process (PID=15543) to work on /Users/jl/Documents/Repos/GHC-2022-data-engineering-workshop/venv/lib/python3.8/site-packages/airflow/example_dags/example_branch_day_of_week_operator.py
[2022-08-29T20:20:42.585-0400] {processor.py:640} INFO - Processing file /Users/jl/Documents/Repos/GHC-2022-data-engineering-workshop/venv/lib/python3.8/site-packages/airflow/example_dags/example_branch_day_of_week_operator.py for tasks to queue
[2022-08-29T20:20:42.586-0400] {logging_mixin.py:115} INFO - [2022-08-29T20:20:42.586-0400] {dagbag.py:508} INFO - Filling up the DagBag from /Users/jl/Documents/Repos/GHC-2022-data-engineering-workshop/venv/lib/python3.8/site-packages/airflow/example_dags/example_branch_day_of_week_operator.py
[2022-08-29T20:20:42.606-0400] {processor.py:650} INFO - DAG(s) dict_keys(['example_weekday_branch_operator']) retrieved from /Users/jl/Documents/Repos/GHC-2022-data-engineering-workshop/venv/lib/python3.8/site-packages/airflow/example_dags/example_branch_day_of_week_operator.py
[2022-08-29T20:20:42.684-0400] {logging_mixin.py:115} INFO - [2022-08-29T20:20:42.683-0400] {dag.py:2429} INFO - Sync 1 DAGs
[2022-08-29T20:20:42.703-0400] {logging_mixin.py:115} INFO - [2022-08-29T20:20:42.703-0400] {dag.py:2977} INFO - Setting next_dagrun for example_weekday_branch_operator to 2022-08-29T00:00:00+00:00, run_after=2022-08-30T00:00:00+00:00
[2022-08-29T20:20:42.719-0400] {processor.py:161} INFO - Processing /Users/jl/Documents/Repos/GHC-2022-data-engineering-workshop/venv/lib/python3.8/site-packages/airflow/example_dags/example_branch_day_of_week_operator.py took 0.144 seconds
[2022-08-29T20:22:09.835-0400] {processor.py:153} INFO - Started process (PID=15626) to work on /Users/jl/Documents/Repos/GHC-2022-data-engineering-workshop/venv/lib/python3.8/site-packages/airflow/example_dags/example_branch_day_of_week_operator.py
[2022-08-29T20:22:09.843-0400] {processor.py:640} INFO - Processing file /Users/jl/Documents/Repos/GHC-2022-data-engineering-workshop/venv/lib/python3.8/site-packages/airflow/example_dags/example_branch_day_of_week_operator.py for tasks to queue
[2022-08-29T20:22:09.844-0400] {logging_mixin.py:115} INFO - [2022-08-29T20:22:09.844-0400] {dagbag.py:508} INFO - Filling up the DagBag from /Users/jl/Documents/Repos/GHC-2022-data-engineering-workshop/venv/lib/python3.8/site-packages/airflow/example_dags/example_branch_day_of_week_operator.py
[2022-08-29T20:22:09.861-0400] {processor.py:650} INFO - DAG(s) dict_keys(['example_weekday_branch_operator']) retrieved from /Users/jl/Documents/Repos/GHC-2022-data-engineering-workshop/venv/lib/python3.8/site-packages/airflow/example_dags/example_branch_day_of_week_operator.py
[2022-08-29T20:22:09.936-0400] {logging_mixin.py:115} INFO - [2022-08-29T20:22:09.936-0400] {dag.py:2429} INFO - Sync 1 DAGs
[2022-08-29T20:22:09.956-0400] {logging_mixin.py:115} INFO - [2022-08-29T20:22:09.956-0400] {dag.py:2977} INFO - Setting next_dagrun for example_weekday_branch_operator to 2022-08-29T00:00:00+00:00, run_after=2022-08-30T00:00:00+00:00
[2022-08-29T20:22:09.972-0400] {processor.py:161} INFO - Processing /Users/jl/Documents/Repos/GHC-2022-data-engineering-workshop/venv/lib/python3.8/site-packages/airflow/example_dags/example_branch_day_of_week_operator.py took 0.138 seconds
[2022-08-29T20:23:35.809-0400] {processor.py:153} INFO - Started process (PID=15707) to work on /Users/jl/Documents/Repos/GHC-2022-data-engineering-workshop/venv/lib/python3.8/site-packages/airflow/example_dags/example_branch_day_of_week_operator.py
[2022-08-29T20:23:35.817-0400] {processor.py:640} INFO - Processing file /Users/jl/Documents/Repos/GHC-2022-data-engineering-workshop/venv/lib/python3.8/site-packages/airflow/example_dags/example_branch_day_of_week_operator.py for tasks to queue
[2022-08-29T20:23:35.818-0400] {logging_mixin.py:115} INFO - [2022-08-29T20:23:35.818-0400] {dagbag.py:508} INFO - Filling up the DagBag from /Users/jl/Documents/Repos/GHC-2022-data-engineering-workshop/venv/lib/python3.8/site-packages/airflow/example_dags/example_branch_day_of_week_operator.py
[2022-08-29T20:23:35.835-0400] {processor.py:650} INFO - DAG(s) dict_keys(['example_weekday_branch_operator']) retrieved from /Users/jl/Documents/Repos/GHC-2022-data-engineering-workshop/venv/lib/python3.8/site-packages/airflow/example_dags/example_branch_day_of_week_operator.py
[2022-08-29T20:23:35.911-0400] {logging_mixin.py:115} INFO - [2022-08-29T20:23:35.911-0400] {dag.py:2429} INFO - Sync 1 DAGs
[2022-08-29T20:23:35.930-0400] {logging_mixin.py:115} INFO - [2022-08-29T20:23:35.930-0400] {dag.py:2977} INFO - Setting next_dagrun for example_weekday_branch_operator to 2022-08-29T00:00:00+00:00, run_after=2022-08-30T00:00:00+00:00
[2022-08-29T20:23:35.946-0400] {processor.py:161} INFO - Processing /Users/jl/Documents/Repos/GHC-2022-data-engineering-workshop/venv/lib/python3.8/site-packages/airflow/example_dags/example_branch_day_of_week_operator.py took 0.138 seconds
[2022-08-29T20:25:05.612-0400] {processor.py:153} INFO - Started process (PID=15790) to work on /Users/jl/Documents/Repos/GHC-2022-data-engineering-workshop/venv/lib/python3.8/site-packages/airflow/example_dags/example_branch_day_of_week_operator.py
[2022-08-29T20:25:05.633-0400] {processor.py:640} INFO - Processing file /Users/jl/Documents/Repos/GHC-2022-data-engineering-workshop/venv/lib/python3.8/site-packages/airflow/example_dags/example_branch_day_of_week_operator.py for tasks to queue
[2022-08-29T20:25:05.638-0400] {logging_mixin.py:115} INFO - [2022-08-29T20:25:05.638-0400] {dagbag.py:508} INFO - Filling up the DagBag from /Users/jl/Documents/Repos/GHC-2022-data-engineering-workshop/venv/lib/python3.8/site-packages/airflow/example_dags/example_branch_day_of_week_operator.py
[2022-08-29T20:25:05.661-0400] {processor.py:650} INFO - DAG(s) dict_keys(['example_weekday_branch_operator']) retrieved from /Users/jl/Documents/Repos/GHC-2022-data-engineering-workshop/venv/lib/python3.8/site-packages/airflow/example_dags/example_branch_day_of_week_operator.py
[2022-08-29T20:25:05.738-0400] {logging_mixin.py:115} INFO - [2022-08-29T20:25:05.738-0400] {dag.py:2429} INFO - Sync 1 DAGs
[2022-08-29T20:25:05.775-0400] {logging_mixin.py:115} INFO - [2022-08-29T20:25:05.775-0400] {dag.py:2977} INFO - Setting next_dagrun for example_weekday_branch_operator to 2022-08-29T00:00:00+00:00, run_after=2022-08-30T00:00:00+00:00
[2022-08-29T20:25:05.791-0400] {processor.py:161} INFO - Processing /Users/jl/Documents/Repos/GHC-2022-data-engineering-workshop/venv/lib/python3.8/site-packages/airflow/example_dags/example_branch_day_of_week_operator.py took 0.182 seconds
[2022-08-29T20:27:15.256-0400] {processor.py:153} INFO - Started process (PID=15915) to work on /Users/jl/Documents/Repos/GHC-2022-data-engineering-workshop/venv/lib/python3.8/site-packages/airflow/example_dags/example_branch_day_of_week_operator.py
[2022-08-29T20:27:15.266-0400] {processor.py:640} INFO - Processing file /Users/jl/Documents/Repos/GHC-2022-data-engineering-workshop/venv/lib/python3.8/site-packages/airflow/example_dags/example_branch_day_of_week_operator.py for tasks to queue
[2022-08-29T20:27:15.267-0400] {logging_mixin.py:115} INFO - [2022-08-29T20:27:15.267-0400] {dagbag.py:508} INFO - Filling up the DagBag from /Users/jl/Documents/Repos/GHC-2022-data-engineering-workshop/venv/lib/python3.8/site-packages/airflow/example_dags/example_branch_day_of_week_operator.py
[2022-08-29T20:27:15.290-0400] {processor.py:650} INFO - DAG(s) dict_keys(['example_weekday_branch_operator']) retrieved from /Users/jl/Documents/Repos/GHC-2022-data-engineering-workshop/venv/lib/python3.8/site-packages/airflow/example_dags/example_branch_day_of_week_operator.py
[2022-08-29T20:27:15.370-0400] {logging_mixin.py:115} INFO - [2022-08-29T20:27:15.370-0400] {dag.py:2429} INFO - Sync 1 DAGs
[2022-08-29T20:27:15.390-0400] {logging_mixin.py:115} INFO - [2022-08-29T20:27:15.390-0400] {dag.py:2977} INFO - Setting next_dagrun for example_weekday_branch_operator to 2022-08-29T00:00:00+00:00, run_after=2022-08-30T00:00:00+00:00
[2022-08-29T20:27:15.406-0400] {processor.py:161} INFO - Processing /Users/jl/Documents/Repos/GHC-2022-data-engineering-workshop/venv/lib/python3.8/site-packages/airflow/example_dags/example_branch_day_of_week_operator.py took 0.151 seconds
[2022-08-29T20:28:53.823-0400] {processor.py:153} INFO - Started process (PID=16003) to work on /Users/jl/Documents/Repos/GHC-2022-data-engineering-workshop/venv/lib/python3.8/site-packages/airflow/example_dags/example_branch_day_of_week_operator.py
[2022-08-29T20:28:53.831-0400] {processor.py:640} INFO - Processing file /Users/jl/Documents/Repos/GHC-2022-data-engineering-workshop/venv/lib/python3.8/site-packages/airflow/example_dags/example_branch_day_of_week_operator.py for tasks to queue
[2022-08-29T20:28:53.832-0400] {logging_mixin.py:115} INFO - [2022-08-29T20:28:53.832-0400] {dagbag.py:508} INFO - Filling up the DagBag from /Users/jl/Documents/Repos/GHC-2022-data-engineering-workshop/venv/lib/python3.8/site-packages/airflow/example_dags/example_branch_day_of_week_operator.py
[2022-08-29T20:28:53.849-0400] {processor.py:650} INFO - DAG(s) dict_keys(['example_weekday_branch_operator']) retrieved from /Users/jl/Documents/Repos/GHC-2022-data-engineering-workshop/venv/lib/python3.8/site-packages/airflow/example_dags/example_branch_day_of_week_operator.py
[2022-08-29T20:28:53.925-0400] {logging_mixin.py:115} INFO - [2022-08-29T20:28:53.924-0400] {dag.py:2429} INFO - Sync 1 DAGs
[2022-08-29T20:28:53.944-0400] {logging_mixin.py:115} INFO - [2022-08-29T20:28:53.944-0400] {dag.py:2977} INFO - Setting next_dagrun for example_weekday_branch_operator to 2022-08-29T00:00:00+00:00, run_after=2022-08-30T00:00:00+00:00
[2022-08-29T20:28:53.961-0400] {processor.py:161} INFO - Processing /Users/jl/Documents/Repos/GHC-2022-data-engineering-workshop/venv/lib/python3.8/site-packages/airflow/example_dags/example_branch_day_of_week_operator.py took 0.139 seconds
[2022-08-29T20:31:00.494-0400] {processor.py:153} INFO - Started process (PID=16120) to work on /Users/jl/Documents/Repos/GHC-2022-data-engineering-workshop/venv/lib/python3.8/site-packages/airflow/example_dags/example_branch_day_of_week_operator.py
[2022-08-29T20:31:00.510-0400] {processor.py:640} INFO - Processing file /Users/jl/Documents/Repos/GHC-2022-data-engineering-workshop/venv/lib/python3.8/site-packages/airflow/example_dags/example_branch_day_of_week_operator.py for tasks to queue
[2022-08-29T20:31:00.511-0400] {logging_mixin.py:115} INFO - [2022-08-29T20:31:00.510-0400] {dagbag.py:508} INFO - Filling up the DagBag from /Users/jl/Documents/Repos/GHC-2022-data-engineering-workshop/venv/lib/python3.8/site-packages/airflow/example_dags/example_branch_day_of_week_operator.py
[2022-08-29T20:31:00.543-0400] {processor.py:650} INFO - DAG(s) dict_keys(['example_weekday_branch_operator']) retrieved from /Users/jl/Documents/Repos/GHC-2022-data-engineering-workshop/venv/lib/python3.8/site-packages/airflow/example_dags/example_branch_day_of_week_operator.py
[2022-08-29T20:31:00.652-0400] {logging_mixin.py:115} INFO - [2022-08-29T20:31:00.651-0400] {dag.py:2429} INFO - Sync 1 DAGs
[2022-08-29T20:31:00.676-0400] {logging_mixin.py:115} INFO - [2022-08-29T20:31:00.676-0400] {dag.py:2977} INFO - Setting next_dagrun for example_weekday_branch_operator to 2022-08-29T00:00:00+00:00, run_after=2022-08-30T00:00:00+00:00
[2022-08-29T20:31:00.696-0400] {processor.py:161} INFO - Processing /Users/jl/Documents/Repos/GHC-2022-data-engineering-workshop/venv/lib/python3.8/site-packages/airflow/example_dags/example_branch_day_of_week_operator.py took 0.204 seconds
[2022-08-29T20:33:02.402-0400] {processor.py:153} INFO - Started process (PID=16242) to work on /Users/jl/Documents/Repos/GHC-2022-data-engineering-workshop/venv/lib/python3.8/site-packages/airflow/example_dags/example_branch_day_of_week_operator.py
[2022-08-29T20:33:02.412-0400] {processor.py:640} INFO - Processing file /Users/jl/Documents/Repos/GHC-2022-data-engineering-workshop/venv/lib/python3.8/site-packages/airflow/example_dags/example_branch_day_of_week_operator.py for tasks to queue
[2022-08-29T20:33:02.413-0400] {logging_mixin.py:115} INFO - [2022-08-29T20:33:02.412-0400] {dagbag.py:508} INFO - Filling up the DagBag from /Users/jl/Documents/Repos/GHC-2022-data-engineering-workshop/venv/lib/python3.8/site-packages/airflow/example_dags/example_branch_day_of_week_operator.py
[2022-08-29T20:33:02.430-0400] {processor.py:650} INFO - DAG(s) dict_keys(['example_weekday_branch_operator']) retrieved from /Users/jl/Documents/Repos/GHC-2022-data-engineering-workshop/venv/lib/python3.8/site-packages/airflow/example_dags/example_branch_day_of_week_operator.py
[2022-08-29T20:33:02.509-0400] {logging_mixin.py:115} INFO - [2022-08-29T20:33:02.508-0400] {dag.py:2429} INFO - Sync 1 DAGs
[2022-08-29T20:33:02.529-0400] {logging_mixin.py:115} INFO - [2022-08-29T20:33:02.529-0400] {dag.py:2977} INFO - Setting next_dagrun for example_weekday_branch_operator to 2022-08-29T00:00:00+00:00, run_after=2022-08-30T00:00:00+00:00
[2022-08-29T20:33:02.545-0400] {processor.py:161} INFO - Processing /Users/jl/Documents/Repos/GHC-2022-data-engineering-workshop/venv/lib/python3.8/site-packages/airflow/example_dags/example_branch_day_of_week_operator.py took 0.143 seconds
[2022-08-29T20:34:55.812-0400] {processor.py:153} INFO - Started process (PID=16341) to work on /Users/jl/Documents/Repos/GHC-2022-data-engineering-workshop/venv/lib/python3.8/site-packages/airflow/example_dags/example_branch_day_of_week_operator.py
[2022-08-29T20:34:55.822-0400] {processor.py:640} INFO - Processing file /Users/jl/Documents/Repos/GHC-2022-data-engineering-workshop/venv/lib/python3.8/site-packages/airflow/example_dags/example_branch_day_of_week_operator.py for tasks to queue
[2022-08-29T20:34:55.823-0400] {logging_mixin.py:115} INFO - [2022-08-29T20:34:55.823-0400] {dagbag.py:508} INFO - Filling up the DagBag from /Users/jl/Documents/Repos/GHC-2022-data-engineering-workshop/venv/lib/python3.8/site-packages/airflow/example_dags/example_branch_day_of_week_operator.py
[2022-08-29T20:34:55.844-0400] {processor.py:650} INFO - DAG(s) dict_keys(['example_weekday_branch_operator']) retrieved from /Users/jl/Documents/Repos/GHC-2022-data-engineering-workshop/venv/lib/python3.8/site-packages/airflow/example_dags/example_branch_day_of_week_operator.py
[2022-08-29T20:34:55.922-0400] {logging_mixin.py:115} INFO - [2022-08-29T20:34:55.922-0400] {dag.py:2429} INFO - Sync 1 DAGs
[2022-08-29T20:34:55.941-0400] {logging_mixin.py:115} INFO - [2022-08-29T20:34:55.941-0400] {dag.py:2977} INFO - Setting next_dagrun for example_weekday_branch_operator to 2022-08-29T00:00:00+00:00, run_after=2022-08-30T00:00:00+00:00
[2022-08-29T20:34:55.957-0400] {processor.py:161} INFO - Processing /Users/jl/Documents/Repos/GHC-2022-data-engineering-workshop/venv/lib/python3.8/site-packages/airflow/example_dags/example_branch_day_of_week_operator.py took 0.146 seconds
[2022-08-29T20:36:45.381-0400] {processor.py:153} INFO - Started process (PID=16463) to work on /Users/jl/Documents/Repos/GHC-2022-data-engineering-workshop/venv/lib/python3.8/site-packages/airflow/example_dags/example_branch_day_of_week_operator.py
[2022-08-29T20:36:45.393-0400] {processor.py:640} INFO - Processing file /Users/jl/Documents/Repos/GHC-2022-data-engineering-workshop/venv/lib/python3.8/site-packages/airflow/example_dags/example_branch_day_of_week_operator.py for tasks to queue
[2022-08-29T20:36:45.393-0400] {logging_mixin.py:115} INFO - [2022-08-29T20:36:45.393-0400] {dagbag.py:508} INFO - Filling up the DagBag from /Users/jl/Documents/Repos/GHC-2022-data-engineering-workshop/venv/lib/python3.8/site-packages/airflow/example_dags/example_branch_day_of_week_operator.py
[2022-08-29T20:36:45.418-0400] {processor.py:650} INFO - DAG(s) dict_keys(['example_weekday_branch_operator']) retrieved from /Users/jl/Documents/Repos/GHC-2022-data-engineering-workshop/venv/lib/python3.8/site-packages/airflow/example_dags/example_branch_day_of_week_operator.py
[2022-08-29T20:36:45.528-0400] {logging_mixin.py:115} INFO - [2022-08-29T20:36:45.526-0400] {dag.py:2429} INFO - Sync 1 DAGs
[2022-08-29T20:36:45.554-0400] {logging_mixin.py:115} INFO - [2022-08-29T20:36:45.553-0400] {dag.py:2977} INFO - Setting next_dagrun for example_weekday_branch_operator to 2022-08-29T00:00:00+00:00, run_after=2022-08-30T00:00:00+00:00
[2022-08-29T20:36:45.577-0400] {processor.py:161} INFO - Processing /Users/jl/Documents/Repos/GHC-2022-data-engineering-workshop/venv/lib/python3.8/site-packages/airflow/example_dags/example_branch_day_of_week_operator.py took 0.197 seconds
[2022-08-29T20:38:39.454-0400] {processor.py:153} INFO - Started process (PID=16583) to work on /Users/jl/Documents/Repos/GHC-2022-data-engineering-workshop/venv/lib/python3.8/site-packages/airflow/example_dags/example_branch_day_of_week_operator.py
[2022-08-29T20:38:39.464-0400] {processor.py:640} INFO - Processing file /Users/jl/Documents/Repos/GHC-2022-data-engineering-workshop/venv/lib/python3.8/site-packages/airflow/example_dags/example_branch_day_of_week_operator.py for tasks to queue
[2022-08-29T20:38:39.465-0400] {logging_mixin.py:115} INFO - [2022-08-29T20:38:39.464-0400] {dagbag.py:508} INFO - Filling up the DagBag from /Users/jl/Documents/Repos/GHC-2022-data-engineering-workshop/venv/lib/python3.8/site-packages/airflow/example_dags/example_branch_day_of_week_operator.py
[2022-08-29T20:38:39.495-0400] {processor.py:650} INFO - DAG(s) dict_keys(['example_weekday_branch_operator']) retrieved from /Users/jl/Documents/Repos/GHC-2022-data-engineering-workshop/venv/lib/python3.8/site-packages/airflow/example_dags/example_branch_day_of_week_operator.py
[2022-08-29T20:38:39.606-0400] {logging_mixin.py:115} INFO - [2022-08-29T20:38:39.605-0400] {dag.py:2429} INFO - Sync 1 DAGs
[2022-08-29T20:38:39.630-0400] {logging_mixin.py:115} INFO - [2022-08-29T20:38:39.629-0400] {dag.py:2977} INFO - Setting next_dagrun for example_weekday_branch_operator to 2022-08-29T00:00:00+00:00, run_after=2022-08-30T00:00:00+00:00
[2022-08-29T20:38:39.648-0400] {processor.py:161} INFO - Processing /Users/jl/Documents/Repos/GHC-2022-data-engineering-workshop/venv/lib/python3.8/site-packages/airflow/example_dags/example_branch_day_of_week_operator.py took 0.196 seconds
[2022-08-29T20:40:31.411-0400] {processor.py:153} INFO - Started process (PID=16676) to work on /Users/jl/Documents/Repos/GHC-2022-data-engineering-workshop/venv/lib/python3.8/site-packages/airflow/example_dags/example_branch_day_of_week_operator.py
[2022-08-29T20:40:31.421-0400] {processor.py:640} INFO - Processing file /Users/jl/Documents/Repos/GHC-2022-data-engineering-workshop/venv/lib/python3.8/site-packages/airflow/example_dags/example_branch_day_of_week_operator.py for tasks to queue
[2022-08-29T20:40:31.422-0400] {logging_mixin.py:115} INFO - [2022-08-29T20:40:31.422-0400] {dagbag.py:508} INFO - Filling up the DagBag from /Users/jl/Documents/Repos/GHC-2022-data-engineering-workshop/venv/lib/python3.8/site-packages/airflow/example_dags/example_branch_day_of_week_operator.py
[2022-08-29T20:40:31.441-0400] {processor.py:650} INFO - DAG(s) dict_keys(['example_weekday_branch_operator']) retrieved from /Users/jl/Documents/Repos/GHC-2022-data-engineering-workshop/venv/lib/python3.8/site-packages/airflow/example_dags/example_branch_day_of_week_operator.py
[2022-08-29T20:40:31.518-0400] {logging_mixin.py:115} INFO - [2022-08-29T20:40:31.518-0400] {dag.py:2429} INFO - Sync 1 DAGs
[2022-08-29T20:40:31.537-0400] {logging_mixin.py:115} INFO - [2022-08-29T20:40:31.537-0400] {dag.py:2977} INFO - Setting next_dagrun for example_weekday_branch_operator to 2022-08-29T00:00:00+00:00, run_after=2022-08-30T00:00:00+00:00
[2022-08-29T20:40:31.552-0400] {processor.py:161} INFO - Processing /Users/jl/Documents/Repos/GHC-2022-data-engineering-workshop/venv/lib/python3.8/site-packages/airflow/example_dags/example_branch_day_of_week_operator.py took 0.142 seconds
[2022-08-29T20:42:18.711-0400] {processor.py:153} INFO - Started process (PID=16771) to work on /Users/jl/Documents/Repos/GHC-2022-data-engineering-workshop/venv/lib/python3.8/site-packages/airflow/example_dags/example_branch_day_of_week_operator.py
[2022-08-29T20:42:18.724-0400] {processor.py:640} INFO - Processing file /Users/jl/Documents/Repos/GHC-2022-data-engineering-workshop/venv/lib/python3.8/site-packages/airflow/example_dags/example_branch_day_of_week_operator.py for tasks to queue
[2022-08-29T20:42:18.724-0400] {logging_mixin.py:115} INFO - [2022-08-29T20:42:18.724-0400] {dagbag.py:508} INFO - Filling up the DagBag from /Users/jl/Documents/Repos/GHC-2022-data-engineering-workshop/venv/lib/python3.8/site-packages/airflow/example_dags/example_branch_day_of_week_operator.py
[2022-08-29T20:42:18.750-0400] {processor.py:650} INFO - DAG(s) dict_keys(['example_weekday_branch_operator']) retrieved from /Users/jl/Documents/Repos/GHC-2022-data-engineering-workshop/venv/lib/python3.8/site-packages/airflow/example_dags/example_branch_day_of_week_operator.py
[2022-08-29T20:42:18.839-0400] {logging_mixin.py:115} INFO - [2022-08-29T20:42:18.838-0400] {dag.py:2429} INFO - Sync 1 DAGs
[2022-08-29T20:42:18.872-0400] {logging_mixin.py:115} INFO - [2022-08-29T20:42:18.871-0400] {dag.py:2977} INFO - Setting next_dagrun for example_weekday_branch_operator to 2022-08-29T00:00:00+00:00, run_after=2022-08-30T00:00:00+00:00
[2022-08-29T20:42:18.894-0400] {processor.py:161} INFO - Processing /Users/jl/Documents/Repos/GHC-2022-data-engineering-workshop/venv/lib/python3.8/site-packages/airflow/example_dags/example_branch_day_of_week_operator.py took 0.184 seconds
[2022-08-29T20:44:15.402-0400] {processor.py:153} INFO - Started process (PID=16876) to work on /Users/jl/Documents/Repos/GHC-2022-data-engineering-workshop/venv/lib/python3.8/site-packages/airflow/example_dags/example_branch_day_of_week_operator.py
[2022-08-29T20:44:15.412-0400] {processor.py:640} INFO - Processing file /Users/jl/Documents/Repos/GHC-2022-data-engineering-workshop/venv/lib/python3.8/site-packages/airflow/example_dags/example_branch_day_of_week_operator.py for tasks to queue
[2022-08-29T20:44:15.413-0400] {logging_mixin.py:115} INFO - [2022-08-29T20:44:15.413-0400] {dagbag.py:508} INFO - Filling up the DagBag from /Users/jl/Documents/Repos/GHC-2022-data-engineering-workshop/venv/lib/python3.8/site-packages/airflow/example_dags/example_branch_day_of_week_operator.py
[2022-08-29T20:44:15.436-0400] {processor.py:650} INFO - DAG(s) dict_keys(['example_weekday_branch_operator']) retrieved from /Users/jl/Documents/Repos/GHC-2022-data-engineering-workshop/venv/lib/python3.8/site-packages/airflow/example_dags/example_branch_day_of_week_operator.py
[2022-08-29T20:44:15.525-0400] {logging_mixin.py:115} INFO - [2022-08-29T20:44:15.524-0400] {dag.py:2429} INFO - Sync 1 DAGs
[2022-08-29T20:44:15.546-0400] {logging_mixin.py:115} INFO - [2022-08-29T20:44:15.546-0400] {dag.py:2977} INFO - Setting next_dagrun for example_weekday_branch_operator to 2022-08-29T00:00:00+00:00, run_after=2022-08-30T00:00:00+00:00
[2022-08-29T20:44:15.564-0400] {processor.py:161} INFO - Processing /Users/jl/Documents/Repos/GHC-2022-data-engineering-workshop/venv/lib/python3.8/site-packages/airflow/example_dags/example_branch_day_of_week_operator.py took 0.163 seconds
[2022-08-29T20:46:05.801-0400] {processor.py:153} INFO - Started process (PID=16976) to work on /Users/jl/Documents/Repos/GHC-2022-data-engineering-workshop/venv/lib/python3.8/site-packages/airflow/example_dags/example_branch_day_of_week_operator.py
[2022-08-29T20:46:05.811-0400] {processor.py:640} INFO - Processing file /Users/jl/Documents/Repos/GHC-2022-data-engineering-workshop/venv/lib/python3.8/site-packages/airflow/example_dags/example_branch_day_of_week_operator.py for tasks to queue
[2022-08-29T20:46:05.812-0400] {logging_mixin.py:115} INFO - [2022-08-29T20:46:05.812-0400] {dagbag.py:508} INFO - Filling up the DagBag from /Users/jl/Documents/Repos/GHC-2022-data-engineering-workshop/venv/lib/python3.8/site-packages/airflow/example_dags/example_branch_day_of_week_operator.py
[2022-08-29T20:46:05.832-0400] {processor.py:650} INFO - DAG(s) dict_keys(['example_weekday_branch_operator']) retrieved from /Users/jl/Documents/Repos/GHC-2022-data-engineering-workshop/venv/lib/python3.8/site-packages/airflow/example_dags/example_branch_day_of_week_operator.py
[2022-08-29T20:46:05.908-0400] {logging_mixin.py:115} INFO - [2022-08-29T20:46:05.908-0400] {dag.py:2429} INFO - Sync 1 DAGs
[2022-08-29T20:46:05.928-0400] {logging_mixin.py:115} INFO - [2022-08-29T20:46:05.928-0400] {dag.py:2977} INFO - Setting next_dagrun for example_weekday_branch_operator to 2022-08-29T00:00:00+00:00, run_after=2022-08-30T00:00:00+00:00
[2022-08-29T20:46:05.944-0400] {processor.py:161} INFO - Processing /Users/jl/Documents/Repos/GHC-2022-data-engineering-workshop/venv/lib/python3.8/site-packages/airflow/example_dags/example_branch_day_of_week_operator.py took 0.143 seconds
[2022-08-29T20:47:50.572-0400] {processor.py:153} INFO - Started process (PID=17073) to work on /Users/jl/Documents/Repos/GHC-2022-data-engineering-workshop/venv/lib/python3.8/site-packages/airflow/example_dags/example_branch_day_of_week_operator.py
[2022-08-29T20:47:50.582-0400] {processor.py:640} INFO - Processing file /Users/jl/Documents/Repos/GHC-2022-data-engineering-workshop/venv/lib/python3.8/site-packages/airflow/example_dags/example_branch_day_of_week_operator.py for tasks to queue
[2022-08-29T20:47:50.582-0400] {logging_mixin.py:115} INFO - [2022-08-29T20:47:50.582-0400] {dagbag.py:508} INFO - Filling up the DagBag from /Users/jl/Documents/Repos/GHC-2022-data-engineering-workshop/venv/lib/python3.8/site-packages/airflow/example_dags/example_branch_day_of_week_operator.py
[2022-08-29T20:47:50.603-0400] {processor.py:650} INFO - DAG(s) dict_keys(['example_weekday_branch_operator']) retrieved from /Users/jl/Documents/Repos/GHC-2022-data-engineering-workshop/venv/lib/python3.8/site-packages/airflow/example_dags/example_branch_day_of_week_operator.py
[2022-08-29T20:47:50.679-0400] {logging_mixin.py:115} INFO - [2022-08-29T20:47:50.679-0400] {dag.py:2429} INFO - Sync 1 DAGs
[2022-08-29T20:47:50.701-0400] {logging_mixin.py:115} INFO - [2022-08-29T20:47:50.700-0400] {dag.py:2977} INFO - Setting next_dagrun for example_weekday_branch_operator to 2022-08-29T00:00:00+00:00, run_after=2022-08-30T00:00:00+00:00
[2022-08-29T20:47:50.714-0400] {processor.py:161} INFO - Processing /Users/jl/Documents/Repos/GHC-2022-data-engineering-workshop/venv/lib/python3.8/site-packages/airflow/example_dags/example_branch_day_of_week_operator.py took 0.144 seconds
[2022-08-29T20:49:41.255-0400] {processor.py:153} INFO - Started process (PID=17167) to work on /Users/jl/Documents/Repos/GHC-2022-data-engineering-workshop/venv/lib/python3.8/site-packages/airflow/example_dags/example_branch_day_of_week_operator.py
[2022-08-29T20:49:41.265-0400] {processor.py:640} INFO - Processing file /Users/jl/Documents/Repos/GHC-2022-data-engineering-workshop/venv/lib/python3.8/site-packages/airflow/example_dags/example_branch_day_of_week_operator.py for tasks to queue
[2022-08-29T20:49:41.266-0400] {logging_mixin.py:115} INFO - [2022-08-29T20:49:41.265-0400] {dagbag.py:508} INFO - Filling up the DagBag from /Users/jl/Documents/Repos/GHC-2022-data-engineering-workshop/venv/lib/python3.8/site-packages/airflow/example_dags/example_branch_day_of_week_operator.py
[2022-08-29T20:49:41.286-0400] {processor.py:650} INFO - DAG(s) dict_keys(['example_weekday_branch_operator']) retrieved from /Users/jl/Documents/Repos/GHC-2022-data-engineering-workshop/venv/lib/python3.8/site-packages/airflow/example_dags/example_branch_day_of_week_operator.py
[2022-08-29T20:49:41.364-0400] {logging_mixin.py:115} INFO - [2022-08-29T20:49:41.364-0400] {dag.py:2429} INFO - Sync 1 DAGs
[2022-08-29T20:49:41.383-0400] {logging_mixin.py:115} INFO - [2022-08-29T20:49:41.383-0400] {dag.py:2977} INFO - Setting next_dagrun for example_weekday_branch_operator to 2022-08-29T00:00:00+00:00, run_after=2022-08-30T00:00:00+00:00
[2022-08-29T20:49:41.399-0400] {processor.py:161} INFO - Processing /Users/jl/Documents/Repos/GHC-2022-data-engineering-workshop/venv/lib/python3.8/site-packages/airflow/example_dags/example_branch_day_of_week_operator.py took 0.145 seconds
[2022-08-29T20:51:16.890-0400] {processor.py:153} INFO - Started process (PID=17255) to work on /Users/jl/Documents/Repos/GHC-2022-data-engineering-workshop/venv/lib/python3.8/site-packages/airflow/example_dags/example_branch_day_of_week_operator.py
[2022-08-29T20:51:16.899-0400] {processor.py:640} INFO - Processing file /Users/jl/Documents/Repos/GHC-2022-data-engineering-workshop/venv/lib/python3.8/site-packages/airflow/example_dags/example_branch_day_of_week_operator.py for tasks to queue
[2022-08-29T20:51:16.899-0400] {logging_mixin.py:115} INFO - [2022-08-29T20:51:16.899-0400] {dagbag.py:508} INFO - Filling up the DagBag from /Users/jl/Documents/Repos/GHC-2022-data-engineering-workshop/venv/lib/python3.8/site-packages/airflow/example_dags/example_branch_day_of_week_operator.py
[2022-08-29T20:51:16.917-0400] {processor.py:650} INFO - DAG(s) dict_keys(['example_weekday_branch_operator']) retrieved from /Users/jl/Documents/Repos/GHC-2022-data-engineering-workshop/venv/lib/python3.8/site-packages/airflow/example_dags/example_branch_day_of_week_operator.py
[2022-08-29T20:51:16.993-0400] {logging_mixin.py:115} INFO - [2022-08-29T20:51:16.993-0400] {dag.py:2429} INFO - Sync 1 DAGs
[2022-08-29T20:51:17.012-0400] {logging_mixin.py:115} INFO - [2022-08-29T20:51:17.012-0400] {dag.py:2977} INFO - Setting next_dagrun for example_weekday_branch_operator to 2022-08-29T00:00:00+00:00, run_after=2022-08-30T00:00:00+00:00
[2022-08-29T20:51:17.028-0400] {processor.py:161} INFO - Processing /Users/jl/Documents/Repos/GHC-2022-data-engineering-workshop/venv/lib/python3.8/site-packages/airflow/example_dags/example_branch_day_of_week_operator.py took 0.138 seconds
[2022-08-29T20:52:55.294-0400] {processor.py:153} INFO - Started process (PID=17348) to work on /Users/jl/Documents/Repos/GHC-2022-data-engineering-workshop/venv/lib/python3.8/site-packages/airflow/example_dags/example_branch_day_of_week_operator.py
[2022-08-29T20:52:55.302-0400] {processor.py:640} INFO - Processing file /Users/jl/Documents/Repos/GHC-2022-data-engineering-workshop/venv/lib/python3.8/site-packages/airflow/example_dags/example_branch_day_of_week_operator.py for tasks to queue
[2022-08-29T20:52:55.303-0400] {logging_mixin.py:115} INFO - [2022-08-29T20:52:55.303-0400] {dagbag.py:508} INFO - Filling up the DagBag from /Users/jl/Documents/Repos/GHC-2022-data-engineering-workshop/venv/lib/python3.8/site-packages/airflow/example_dags/example_branch_day_of_week_operator.py
[2022-08-29T20:52:55.320-0400] {processor.py:650} INFO - DAG(s) dict_keys(['example_weekday_branch_operator']) retrieved from /Users/jl/Documents/Repos/GHC-2022-data-engineering-workshop/venv/lib/python3.8/site-packages/airflow/example_dags/example_branch_day_of_week_operator.py
[2022-08-29T20:52:55.396-0400] {logging_mixin.py:115} INFO - [2022-08-29T20:52:55.396-0400] {dag.py:2429} INFO - Sync 1 DAGs
[2022-08-29T20:52:55.418-0400] {logging_mixin.py:115} INFO - [2022-08-29T20:52:55.418-0400] {dag.py:2977} INFO - Setting next_dagrun for example_weekday_branch_operator to 2022-08-29T00:00:00+00:00, run_after=2022-08-30T00:00:00+00:00
[2022-08-29T20:52:55.433-0400] {processor.py:161} INFO - Processing /Users/jl/Documents/Repos/GHC-2022-data-engineering-workshop/venv/lib/python3.8/site-packages/airflow/example_dags/example_branch_day_of_week_operator.py took 0.140 seconds
[2022-08-29T20:55:00.904-0400] {processor.py:153} INFO - Started process (PID=17446) to work on /Users/jl/Documents/Repos/GHC-2022-data-engineering-workshop/venv/lib/python3.8/site-packages/airflow/example_dags/example_branch_day_of_week_operator.py
[2022-08-29T20:55:00.913-0400] {processor.py:640} INFO - Processing file /Users/jl/Documents/Repos/GHC-2022-data-engineering-workshop/venv/lib/python3.8/site-packages/airflow/example_dags/example_branch_day_of_week_operator.py for tasks to queue
[2022-08-29T20:55:00.914-0400] {logging_mixin.py:115} INFO - [2022-08-29T20:55:00.914-0400] {dagbag.py:508} INFO - Filling up the DagBag from /Users/jl/Documents/Repos/GHC-2022-data-engineering-workshop/venv/lib/python3.8/site-packages/airflow/example_dags/example_branch_day_of_week_operator.py
[2022-08-29T20:55:00.936-0400] {processor.py:650} INFO - DAG(s) dict_keys(['example_weekday_branch_operator']) retrieved from /Users/jl/Documents/Repos/GHC-2022-data-engineering-workshop/venv/lib/python3.8/site-packages/airflow/example_dags/example_branch_day_of_week_operator.py
[2022-08-29T20:55:01.013-0400] {logging_mixin.py:115} INFO - [2022-08-29T20:55:01.012-0400] {dag.py:2429} INFO - Sync 1 DAGs
[2022-08-29T20:55:01.032-0400] {logging_mixin.py:115} INFO - [2022-08-29T20:55:01.032-0400] {dag.py:2977} INFO - Setting next_dagrun for example_weekday_branch_operator to 2022-08-29T00:00:00+00:00, run_after=2022-08-30T00:00:00+00:00
[2022-08-29T20:55:01.048-0400] {processor.py:161} INFO - Processing /Users/jl/Documents/Repos/GHC-2022-data-engineering-workshop/venv/lib/python3.8/site-packages/airflow/example_dags/example_branch_day_of_week_operator.py took 0.144 seconds
[2022-08-29T20:56:45.227-0400] {processor.py:153} INFO - Started process (PID=17536) to work on /Users/jl/Documents/Repos/GHC-2022-data-engineering-workshop/venv/lib/python3.8/site-packages/airflow/example_dags/example_branch_day_of_week_operator.py
[2022-08-29T20:56:45.235-0400] {processor.py:640} INFO - Processing file /Users/jl/Documents/Repos/GHC-2022-data-engineering-workshop/venv/lib/python3.8/site-packages/airflow/example_dags/example_branch_day_of_week_operator.py for tasks to queue
[2022-08-29T20:56:45.236-0400] {logging_mixin.py:115} INFO - [2022-08-29T20:56:45.236-0400] {dagbag.py:508} INFO - Filling up the DagBag from /Users/jl/Documents/Repos/GHC-2022-data-engineering-workshop/venv/lib/python3.8/site-packages/airflow/example_dags/example_branch_day_of_week_operator.py
[2022-08-29T20:56:45.254-0400] {processor.py:650} INFO - DAG(s) dict_keys(['example_weekday_branch_operator']) retrieved from /Users/jl/Documents/Repos/GHC-2022-data-engineering-workshop/venv/lib/python3.8/site-packages/airflow/example_dags/example_branch_day_of_week_operator.py
[2022-08-29T20:56:45.330-0400] {logging_mixin.py:115} INFO - [2022-08-29T20:56:45.329-0400] {dag.py:2429} INFO - Sync 1 DAGs
[2022-08-29T20:56:45.349-0400] {logging_mixin.py:115} INFO - [2022-08-29T20:56:45.349-0400] {dag.py:2977} INFO - Setting next_dagrun for example_weekday_branch_operator to 2022-08-29T00:00:00+00:00, run_after=2022-08-30T00:00:00+00:00
[2022-08-29T20:56:45.364-0400] {processor.py:161} INFO - Processing /Users/jl/Documents/Repos/GHC-2022-data-engineering-workshop/venv/lib/python3.8/site-packages/airflow/example_dags/example_branch_day_of_week_operator.py took 0.138 seconds
[2022-08-29T20:59:01.434-0400] {processor.py:153} INFO - Started process (PID=17654) to work on /Users/jl/Documents/Repos/GHC-2022-data-engineering-workshop/venv/lib/python3.8/site-packages/airflow/example_dags/example_branch_day_of_week_operator.py
[2022-08-29T20:59:01.445-0400] {processor.py:640} INFO - Processing file /Users/jl/Documents/Repos/GHC-2022-data-engineering-workshop/venv/lib/python3.8/site-packages/airflow/example_dags/example_branch_day_of_week_operator.py for tasks to queue
[2022-08-29T20:59:01.446-0400] {logging_mixin.py:115} INFO - [2022-08-29T20:59:01.446-0400] {dagbag.py:508} INFO - Filling up the DagBag from /Users/jl/Documents/Repos/GHC-2022-data-engineering-workshop/venv/lib/python3.8/site-packages/airflow/example_dags/example_branch_day_of_week_operator.py
[2022-08-29T20:59:01.469-0400] {processor.py:650} INFO - DAG(s) dict_keys(['example_weekday_branch_operator']) retrieved from /Users/jl/Documents/Repos/GHC-2022-data-engineering-workshop/venv/lib/python3.8/site-packages/airflow/example_dags/example_branch_day_of_week_operator.py
[2022-08-29T20:59:01.551-0400] {logging_mixin.py:115} INFO - [2022-08-29T20:59:01.551-0400] {dag.py:2429} INFO - Sync 1 DAGs
[2022-08-29T20:59:01.570-0400] {logging_mixin.py:115} INFO - [2022-08-29T20:59:01.570-0400] {dag.py:2977} INFO - Setting next_dagrun for example_weekday_branch_operator to 2022-08-29T00:00:00+00:00, run_after=2022-08-30T00:00:00+00:00
[2022-08-29T20:59:01.586-0400] {processor.py:161} INFO - Processing /Users/jl/Documents/Repos/GHC-2022-data-engineering-workshop/venv/lib/python3.8/site-packages/airflow/example_dags/example_branch_day_of_week_operator.py took 0.153 seconds
[2022-08-29T21:01:07.272-0400] {processor.py:153} INFO - Started process (PID=17797) to work on /Users/jl/Documents/Repos/GHC-2022-data-engineering-workshop/venv/lib/python3.8/site-packages/airflow/example_dags/example_branch_day_of_week_operator.py
[2022-08-29T21:01:07.280-0400] {processor.py:640} INFO - Processing file /Users/jl/Documents/Repos/GHC-2022-data-engineering-workshop/venv/lib/python3.8/site-packages/airflow/example_dags/example_branch_day_of_week_operator.py for tasks to queue
[2022-08-29T21:01:07.280-0400] {logging_mixin.py:115} INFO - [2022-08-29T21:01:07.280-0400] {dagbag.py:508} INFO - Filling up the DagBag from /Users/jl/Documents/Repos/GHC-2022-data-engineering-workshop/venv/lib/python3.8/site-packages/airflow/example_dags/example_branch_day_of_week_operator.py
[2022-08-29T21:01:07.304-0400] {processor.py:650} INFO - DAG(s) dict_keys(['example_weekday_branch_operator']) retrieved from /Users/jl/Documents/Repos/GHC-2022-data-engineering-workshop/venv/lib/python3.8/site-packages/airflow/example_dags/example_branch_day_of_week_operator.py
[2022-08-29T21:01:07.381-0400] {logging_mixin.py:115} INFO - [2022-08-29T21:01:07.380-0400] {dag.py:2429} INFO - Sync 1 DAGs
[2022-08-29T21:01:07.400-0400] {logging_mixin.py:115} INFO - [2022-08-29T21:01:07.400-0400] {dag.py:2977} INFO - Setting next_dagrun for example_weekday_branch_operator to 2022-08-29T00:00:00+00:00, run_after=2022-08-30T00:00:00+00:00
[2022-08-29T21:01:07.415-0400] {processor.py:161} INFO - Processing /Users/jl/Documents/Repos/GHC-2022-data-engineering-workshop/venv/lib/python3.8/site-packages/airflow/example_dags/example_branch_day_of_week_operator.py took 0.145 seconds
