[2022-08-29T20:00:24.238-0400] {processor.py:153} INFO - Started process (PID=14367) to work on /Users/jl/Documents/Repos/GHC-2022-data-engineering-workshop/venv/lib/python3.8/site-packages/airflow/example_dags/example_branch_labels.py
[2022-08-29T20:00:24.246-0400] {processor.py:640} INFO - Processing file /Users/jl/Documents/Repos/GHC-2022-data-engineering-workshop/venv/lib/python3.8/site-packages/airflow/example_dags/example_branch_labels.py for tasks to queue
[2022-08-29T20:00:24.247-0400] {logging_mixin.py:115} INFO - [2022-08-29T20:00:24.247-0400] {dagbag.py:508} INFO - Filling up the DagBag from /Users/jl/Documents/Repos/GHC-2022-data-engineering-workshop/venv/lib/python3.8/site-packages/airflow/example_dags/example_branch_labels.py
[2022-08-29T20:00:24.266-0400] {processor.py:650} INFO - DAG(s) dict_keys(['example_branch_labels']) retrieved from /Users/jl/Documents/Repos/GHC-2022-data-engineering-workshop/venv/lib/python3.8/site-packages/airflow/example_dags/example_branch_labels.py
[2022-08-29T20:00:24.343-0400] {logging_mixin.py:115} INFO - [2022-08-29T20:00:24.343-0400] {dag.py:2429} INFO - Sync 1 DAGs
[2022-08-29T20:00:24.362-0400] {logging_mixin.py:115} INFO - [2022-08-29T20:00:24.362-0400] {dag.py:2977} INFO - Setting next_dagrun for example_branch_labels to 2022-08-29T00:00:00+00:00, run_after=2022-08-30T00:00:00+00:00
[2022-08-29T20:00:24.378-0400] {processor.py:161} INFO - Processing /Users/jl/Documents/Repos/GHC-2022-data-engineering-workshop/venv/lib/python3.8/site-packages/airflow/example_dags/example_branch_labels.py took 0.141 seconds
[2022-08-29T20:01:54.554-0400] {processor.py:153} INFO - Started process (PID=14450) to work on /Users/jl/Documents/Repos/GHC-2022-data-engineering-workshop/venv/lib/python3.8/site-packages/airflow/example_dags/example_branch_labels.py
[2022-08-29T20:01:54.562-0400] {processor.py:640} INFO - Processing file /Users/jl/Documents/Repos/GHC-2022-data-engineering-workshop/venv/lib/python3.8/site-packages/airflow/example_dags/example_branch_labels.py for tasks to queue
[2022-08-29T20:01:54.563-0400] {logging_mixin.py:115} INFO - [2022-08-29T20:01:54.563-0400] {dagbag.py:508} INFO - Filling up the DagBag from /Users/jl/Documents/Repos/GHC-2022-data-engineering-workshop/venv/lib/python3.8/site-packages/airflow/example_dags/example_branch_labels.py
[2022-08-29T20:01:54.580-0400] {processor.py:650} INFO - DAG(s) dict_keys(['example_branch_labels']) retrieved from /Users/jl/Documents/Repos/GHC-2022-data-engineering-workshop/venv/lib/python3.8/site-packages/airflow/example_dags/example_branch_labels.py
[2022-08-29T20:01:54.655-0400] {logging_mixin.py:115} INFO - [2022-08-29T20:01:54.655-0400] {dag.py:2429} INFO - Sync 1 DAGs
[2022-08-29T20:01:54.675-0400] {logging_mixin.py:115} INFO - [2022-08-29T20:01:54.675-0400] {dag.py:2977} INFO - Setting next_dagrun for example_branch_labels to 2022-08-29T00:00:00+00:00, run_after=2022-08-30T00:00:00+00:00
[2022-08-29T20:01:54.690-0400] {processor.py:161} INFO - Processing /Users/jl/Documents/Repos/GHC-2022-data-engineering-workshop/venv/lib/python3.8/site-packages/airflow/example_dags/example_branch_labels.py took 0.137 seconds
[2022-08-29T20:03:17.706-0400] {processor.py:153} INFO - Started process (PID=14530) to work on /Users/jl/Documents/Repos/GHC-2022-data-engineering-workshop/venv/lib/python3.8/site-packages/airflow/example_dags/example_branch_labels.py
[2022-08-29T20:03:17.714-0400] {processor.py:640} INFO - Processing file /Users/jl/Documents/Repos/GHC-2022-data-engineering-workshop/venv/lib/python3.8/site-packages/airflow/example_dags/example_branch_labels.py for tasks to queue
[2022-08-29T20:03:17.715-0400] {logging_mixin.py:115} INFO - [2022-08-29T20:03:17.715-0400] {dagbag.py:508} INFO - Filling up the DagBag from /Users/jl/Documents/Repos/GHC-2022-data-engineering-workshop/venv/lib/python3.8/site-packages/airflow/example_dags/example_branch_labels.py
[2022-08-29T20:03:17.732-0400] {processor.py:650} INFO - DAG(s) dict_keys(['example_branch_labels']) retrieved from /Users/jl/Documents/Repos/GHC-2022-data-engineering-workshop/venv/lib/python3.8/site-packages/airflow/example_dags/example_branch_labels.py
[2022-08-29T20:03:17.809-0400] {logging_mixin.py:115} INFO - [2022-08-29T20:03:17.808-0400] {dag.py:2429} INFO - Sync 1 DAGs
[2022-08-29T20:03:17.828-0400] {logging_mixin.py:115} INFO - [2022-08-29T20:03:17.828-0400] {dag.py:2977} INFO - Setting next_dagrun for example_branch_labels to 2022-08-29T00:00:00+00:00, run_after=2022-08-30T00:00:00+00:00
[2022-08-29T20:03:17.843-0400] {processor.py:161} INFO - Processing /Users/jl/Documents/Repos/GHC-2022-data-engineering-workshop/venv/lib/python3.8/site-packages/airflow/example_dags/example_branch_labels.py took 0.138 seconds
[2022-08-29T20:04:44.683-0400] {processor.py:153} INFO - Started process (PID=14611) to work on /Users/jl/Documents/Repos/GHC-2022-data-engineering-workshop/venv/lib/python3.8/site-packages/airflow/example_dags/example_branch_labels.py
[2022-08-29T20:04:44.691-0400] {processor.py:640} INFO - Processing file /Users/jl/Documents/Repos/GHC-2022-data-engineering-workshop/venv/lib/python3.8/site-packages/airflow/example_dags/example_branch_labels.py for tasks to queue
[2022-08-29T20:04:44.692-0400] {logging_mixin.py:115} INFO - [2022-08-29T20:04:44.692-0400] {dagbag.py:508} INFO - Filling up the DagBag from /Users/jl/Documents/Repos/GHC-2022-data-engineering-workshop/venv/lib/python3.8/site-packages/airflow/example_dags/example_branch_labels.py
[2022-08-29T20:04:44.709-0400] {processor.py:650} INFO - DAG(s) dict_keys(['example_branch_labels']) retrieved from /Users/jl/Documents/Repos/GHC-2022-data-engineering-workshop/venv/lib/python3.8/site-packages/airflow/example_dags/example_branch_labels.py
[2022-08-29T20:04:44.785-0400] {logging_mixin.py:115} INFO - [2022-08-29T20:04:44.785-0400] {dag.py:2429} INFO - Sync 1 DAGs
[2022-08-29T20:04:44.805-0400] {logging_mixin.py:115} INFO - [2022-08-29T20:04:44.804-0400] {dag.py:2977} INFO - Setting next_dagrun for example_branch_labels to 2022-08-29T00:00:00+00:00, run_after=2022-08-30T00:00:00+00:00
[2022-08-29T20:04:44.820-0400] {processor.py:161} INFO - Processing /Users/jl/Documents/Repos/GHC-2022-data-engineering-workshop/venv/lib/python3.8/site-packages/airflow/example_dags/example_branch_labels.py took 0.137 seconds
[2022-08-29T20:06:12.405-0400] {processor.py:153} INFO - Started process (PID=14692) to work on /Users/jl/Documents/Repos/GHC-2022-data-engineering-workshop/venv/lib/python3.8/site-packages/airflow/example_dags/example_branch_labels.py
[2022-08-29T20:06:12.414-0400] {processor.py:640} INFO - Processing file /Users/jl/Documents/Repos/GHC-2022-data-engineering-workshop/venv/lib/python3.8/site-packages/airflow/example_dags/example_branch_labels.py for tasks to queue
[2022-08-29T20:06:12.414-0400] {logging_mixin.py:115} INFO - [2022-08-29T20:06:12.414-0400] {dagbag.py:508} INFO - Filling up the DagBag from /Users/jl/Documents/Repos/GHC-2022-data-engineering-workshop/venv/lib/python3.8/site-packages/airflow/example_dags/example_branch_labels.py
[2022-08-29T20:06:12.431-0400] {processor.py:650} INFO - DAG(s) dict_keys(['example_branch_labels']) retrieved from /Users/jl/Documents/Repos/GHC-2022-data-engineering-workshop/venv/lib/python3.8/site-packages/airflow/example_dags/example_branch_labels.py
[2022-08-29T20:06:12.511-0400] {logging_mixin.py:115} INFO - [2022-08-29T20:06:12.510-0400] {dag.py:2429} INFO - Sync 1 DAGs
[2022-08-29T20:06:12.530-0400] {logging_mixin.py:115} INFO - [2022-08-29T20:06:12.530-0400] {dag.py:2977} INFO - Setting next_dagrun for example_branch_labels to 2022-08-29T00:00:00+00:00, run_after=2022-08-30T00:00:00+00:00
[2022-08-29T20:06:12.546-0400] {processor.py:161} INFO - Processing /Users/jl/Documents/Repos/GHC-2022-data-engineering-workshop/venv/lib/python3.8/site-packages/airflow/example_dags/example_branch_labels.py took 0.142 seconds
[2022-08-29T20:07:39.431-0400] {processor.py:153} INFO - Started process (PID=14775) to work on /Users/jl/Documents/Repos/GHC-2022-data-engineering-workshop/venv/lib/python3.8/site-packages/airflow/example_dags/example_branch_labels.py
[2022-08-29T20:07:39.439-0400] {processor.py:640} INFO - Processing file /Users/jl/Documents/Repos/GHC-2022-data-engineering-workshop/venv/lib/python3.8/site-packages/airflow/example_dags/example_branch_labels.py for tasks to queue
[2022-08-29T20:07:39.439-0400] {logging_mixin.py:115} INFO - [2022-08-29T20:07:39.439-0400] {dagbag.py:508} INFO - Filling up the DagBag from /Users/jl/Documents/Repos/GHC-2022-data-engineering-workshop/venv/lib/python3.8/site-packages/airflow/example_dags/example_branch_labels.py
[2022-08-29T20:07:39.456-0400] {processor.py:650} INFO - DAG(s) dict_keys(['example_branch_labels']) retrieved from /Users/jl/Documents/Repos/GHC-2022-data-engineering-workshop/venv/lib/python3.8/site-packages/airflow/example_dags/example_branch_labels.py
[2022-08-29T20:07:39.531-0400] {logging_mixin.py:115} INFO - [2022-08-29T20:07:39.531-0400] {dag.py:2429} INFO - Sync 1 DAGs
[2022-08-29T20:07:39.551-0400] {logging_mixin.py:115} INFO - [2022-08-29T20:07:39.550-0400] {dag.py:2977} INFO - Setting next_dagrun for example_branch_labels to 2022-08-29T00:00:00+00:00, run_after=2022-08-30T00:00:00+00:00
[2022-08-29T20:07:39.566-0400] {processor.py:161} INFO - Processing /Users/jl/Documents/Repos/GHC-2022-data-engineering-workshop/venv/lib/python3.8/site-packages/airflow/example_dags/example_branch_labels.py took 0.137 seconds
[2022-08-29T20:09:06.716-0400] {processor.py:153} INFO - Started process (PID=14855) to work on /Users/jl/Documents/Repos/GHC-2022-data-engineering-workshop/venv/lib/python3.8/site-packages/airflow/example_dags/example_branch_labels.py
[2022-08-29T20:09:06.724-0400] {processor.py:640} INFO - Processing file /Users/jl/Documents/Repos/GHC-2022-data-engineering-workshop/venv/lib/python3.8/site-packages/airflow/example_dags/example_branch_labels.py for tasks to queue
[2022-08-29T20:09:06.725-0400] {logging_mixin.py:115} INFO - [2022-08-29T20:09:06.724-0400] {dagbag.py:508} INFO - Filling up the DagBag from /Users/jl/Documents/Repos/GHC-2022-data-engineering-workshop/venv/lib/python3.8/site-packages/airflow/example_dags/example_branch_labels.py
[2022-08-29T20:09:06.742-0400] {processor.py:650} INFO - DAG(s) dict_keys(['example_branch_labels']) retrieved from /Users/jl/Documents/Repos/GHC-2022-data-engineering-workshop/venv/lib/python3.8/site-packages/airflow/example_dags/example_branch_labels.py
[2022-08-29T20:09:06.820-0400] {logging_mixin.py:115} INFO - [2022-08-29T20:09:06.820-0400] {dag.py:2429} INFO - Sync 1 DAGs
[2022-08-29T20:09:06.839-0400] {logging_mixin.py:115} INFO - [2022-08-29T20:09:06.839-0400] {dag.py:2977} INFO - Setting next_dagrun for example_branch_labels to 2022-08-29T00:00:00+00:00, run_after=2022-08-30T00:00:00+00:00
[2022-08-29T20:09:06.854-0400] {processor.py:161} INFO - Processing /Users/jl/Documents/Repos/GHC-2022-data-engineering-workshop/venv/lib/python3.8/site-packages/airflow/example_dags/example_branch_labels.py took 0.140 seconds
[2022-08-29T20:10:43.953-0400] {processor.py:153} INFO - Started process (PID=14944) to work on /Users/jl/Documents/Repos/GHC-2022-data-engineering-workshop/venv/lib/python3.8/site-packages/airflow/example_dags/example_branch_labels.py
[2022-08-29T20:10:43.964-0400] {processor.py:640} INFO - Processing file /Users/jl/Documents/Repos/GHC-2022-data-engineering-workshop/venv/lib/python3.8/site-packages/airflow/example_dags/example_branch_labels.py for tasks to queue
[2022-08-29T20:10:43.965-0400] {logging_mixin.py:115} INFO - [2022-08-29T20:10:43.965-0400] {dagbag.py:508} INFO - Filling up the DagBag from /Users/jl/Documents/Repos/GHC-2022-data-engineering-workshop/venv/lib/python3.8/site-packages/airflow/example_dags/example_branch_labels.py
[2022-08-29T20:10:43.983-0400] {processor.py:650} INFO - DAG(s) dict_keys(['example_branch_labels']) retrieved from /Users/jl/Documents/Repos/GHC-2022-data-engineering-workshop/venv/lib/python3.8/site-packages/airflow/example_dags/example_branch_labels.py
[2022-08-29T20:10:44.059-0400] {logging_mixin.py:115} INFO - [2022-08-29T20:10:44.059-0400] {dag.py:2429} INFO - Sync 1 DAGs
[2022-08-29T20:10:44.078-0400] {logging_mixin.py:115} INFO - [2022-08-29T20:10:44.078-0400] {dag.py:2977} INFO - Setting next_dagrun for example_branch_labels to 2022-08-29T00:00:00+00:00, run_after=2022-08-30T00:00:00+00:00
[2022-08-29T20:10:44.094-0400] {processor.py:161} INFO - Processing /Users/jl/Documents/Repos/GHC-2022-data-engineering-workshop/venv/lib/python3.8/site-packages/airflow/example_dags/example_branch_labels.py took 0.142 seconds
[2022-08-29T20:12:15.458-0400] {processor.py:153} INFO - Started process (PID=15029) to work on /Users/jl/Documents/Repos/GHC-2022-data-engineering-workshop/venv/lib/python3.8/site-packages/airflow/example_dags/example_branch_labels.py
[2022-08-29T20:12:15.466-0400] {processor.py:640} INFO - Processing file /Users/jl/Documents/Repos/GHC-2022-data-engineering-workshop/venv/lib/python3.8/site-packages/airflow/example_dags/example_branch_labels.py for tasks to queue
[2022-08-29T20:12:15.466-0400] {logging_mixin.py:115} INFO - [2022-08-29T20:12:15.466-0400] {dagbag.py:508} INFO - Filling up the DagBag from /Users/jl/Documents/Repos/GHC-2022-data-engineering-workshop/venv/lib/python3.8/site-packages/airflow/example_dags/example_branch_labels.py
[2022-08-29T20:12:15.483-0400] {processor.py:650} INFO - DAG(s) dict_keys(['example_branch_labels']) retrieved from /Users/jl/Documents/Repos/GHC-2022-data-engineering-workshop/venv/lib/python3.8/site-packages/airflow/example_dags/example_branch_labels.py
[2022-08-29T20:12:15.559-0400] {logging_mixin.py:115} INFO - [2022-08-29T20:12:15.559-0400] {dag.py:2429} INFO - Sync 1 DAGs
[2022-08-29T20:12:15.578-0400] {logging_mixin.py:115} INFO - [2022-08-29T20:12:15.578-0400] {dag.py:2977} INFO - Setting next_dagrun for example_branch_labels to 2022-08-29T00:00:00+00:00, run_after=2022-08-30T00:00:00+00:00
[2022-08-29T20:12:15.594-0400] {processor.py:161} INFO - Processing /Users/jl/Documents/Repos/GHC-2022-data-engineering-workshop/venv/lib/python3.8/site-packages/airflow/example_dags/example_branch_labels.py took 0.137 seconds
[2022-08-29T20:13:44.973-0400] {processor.py:153} INFO - Started process (PID=15112) to work on /Users/jl/Documents/Repos/GHC-2022-data-engineering-workshop/venv/lib/python3.8/site-packages/airflow/example_dags/example_branch_labels.py
[2022-08-29T20:13:44.981-0400] {processor.py:640} INFO - Processing file /Users/jl/Documents/Repos/GHC-2022-data-engineering-workshop/venv/lib/python3.8/site-packages/airflow/example_dags/example_branch_labels.py for tasks to queue
[2022-08-29T20:13:44.981-0400] {logging_mixin.py:115} INFO - [2022-08-29T20:13:44.981-0400] {dagbag.py:508} INFO - Filling up the DagBag from /Users/jl/Documents/Repos/GHC-2022-data-engineering-workshop/venv/lib/python3.8/site-packages/airflow/example_dags/example_branch_labels.py
[2022-08-29T20:13:45.001-0400] {processor.py:650} INFO - DAG(s) dict_keys(['example_branch_labels']) retrieved from /Users/jl/Documents/Repos/GHC-2022-data-engineering-workshop/venv/lib/python3.8/site-packages/airflow/example_dags/example_branch_labels.py
[2022-08-29T20:13:45.082-0400] {logging_mixin.py:115} INFO - [2022-08-29T20:13:45.081-0400] {dag.py:2429} INFO - Sync 1 DAGs
[2022-08-29T20:13:45.101-0400] {logging_mixin.py:115} INFO - [2022-08-29T20:13:45.100-0400] {dag.py:2977} INFO - Setting next_dagrun for example_branch_labels to 2022-08-29T00:00:00+00:00, run_after=2022-08-30T00:00:00+00:00
[2022-08-29T20:13:45.116-0400] {processor.py:161} INFO - Processing /Users/jl/Documents/Repos/GHC-2022-data-engineering-workshop/venv/lib/python3.8/site-packages/airflow/example_dags/example_branch_labels.py took 0.144 seconds
[2022-08-29T20:15:19.676-0400] {processor.py:153} INFO - Started process (PID=15228) to work on /Users/jl/Documents/Repos/GHC-2022-data-engineering-workshop/venv/lib/python3.8/site-packages/airflow/example_dags/example_branch_labels.py
[2022-08-29T20:15:19.685-0400] {processor.py:640} INFO - Processing file /Users/jl/Documents/Repos/GHC-2022-data-engineering-workshop/venv/lib/python3.8/site-packages/airflow/example_dags/example_branch_labels.py for tasks to queue
[2022-08-29T20:15:19.685-0400] {logging_mixin.py:115} INFO - [2022-08-29T20:15:19.685-0400] {dagbag.py:508} INFO - Filling up the DagBag from /Users/jl/Documents/Repos/GHC-2022-data-engineering-workshop/venv/lib/python3.8/site-packages/airflow/example_dags/example_branch_labels.py
[2022-08-29T20:15:19.701-0400] {processor.py:650} INFO - DAG(s) dict_keys(['example_branch_labels']) retrieved from /Users/jl/Documents/Repos/GHC-2022-data-engineering-workshop/venv/lib/python3.8/site-packages/airflow/example_dags/example_branch_labels.py
[2022-08-29T20:15:19.778-0400] {logging_mixin.py:115} INFO - [2022-08-29T20:15:19.777-0400] {dag.py:2429} INFO - Sync 1 DAGs
[2022-08-29T20:15:19.797-0400] {logging_mixin.py:115} INFO - [2022-08-29T20:15:19.797-0400] {dag.py:2977} INFO - Setting next_dagrun for example_branch_labels to 2022-08-29T00:00:00+00:00, run_after=2022-08-30T00:00:00+00:00
[2022-08-29T20:15:19.813-0400] {processor.py:161} INFO - Processing /Users/jl/Documents/Repos/GHC-2022-data-engineering-workshop/venv/lib/python3.8/site-packages/airflow/example_dags/example_branch_labels.py took 0.138 seconds
[2022-08-29T20:17:06.236-0400] {processor.py:153} INFO - Started process (PID=15325) to work on /Users/jl/Documents/Repos/GHC-2022-data-engineering-workshop/venv/lib/python3.8/site-packages/airflow/example_dags/example_branch_labels.py
[2022-08-29T20:17:06.244-0400] {processor.py:640} INFO - Processing file /Users/jl/Documents/Repos/GHC-2022-data-engineering-workshop/venv/lib/python3.8/site-packages/airflow/example_dags/example_branch_labels.py for tasks to queue
[2022-08-29T20:17:06.244-0400] {logging_mixin.py:115} INFO - [2022-08-29T20:17:06.244-0400] {dagbag.py:508} INFO - Filling up the DagBag from /Users/jl/Documents/Repos/GHC-2022-data-engineering-workshop/venv/lib/python3.8/site-packages/airflow/example_dags/example_branch_labels.py
[2022-08-29T20:17:06.261-0400] {processor.py:650} INFO - DAG(s) dict_keys(['example_branch_labels']) retrieved from /Users/jl/Documents/Repos/GHC-2022-data-engineering-workshop/venv/lib/python3.8/site-packages/airflow/example_dags/example_branch_labels.py
[2022-08-29T20:17:06.339-0400] {logging_mixin.py:115} INFO - [2022-08-29T20:17:06.338-0400] {dag.py:2429} INFO - Sync 1 DAGs
[2022-08-29T20:17:06.358-0400] {logging_mixin.py:115} INFO - [2022-08-29T20:17:06.358-0400] {dag.py:2977} INFO - Setting next_dagrun for example_branch_labels to 2022-08-29T00:00:00+00:00, run_after=2022-08-30T00:00:00+00:00
[2022-08-29T20:17:06.374-0400] {processor.py:161} INFO - Processing /Users/jl/Documents/Repos/GHC-2022-data-engineering-workshop/venv/lib/python3.8/site-packages/airflow/example_dags/example_branch_labels.py took 0.139 seconds
[2022-08-29T20:19:01.535-0400] {processor.py:153} INFO - Started process (PID=15456) to work on /Users/jl/Documents/Repos/GHC-2022-data-engineering-workshop/venv/lib/python3.8/site-packages/airflow/example_dags/example_branch_labels.py
[2022-08-29T20:19:01.547-0400] {processor.py:640} INFO - Processing file /Users/jl/Documents/Repos/GHC-2022-data-engineering-workshop/venv/lib/python3.8/site-packages/airflow/example_dags/example_branch_labels.py for tasks to queue
[2022-08-29T20:19:01.548-0400] {logging_mixin.py:115} INFO - [2022-08-29T20:19:01.548-0400] {dagbag.py:508} INFO - Filling up the DagBag from /Users/jl/Documents/Repos/GHC-2022-data-engineering-workshop/venv/lib/python3.8/site-packages/airflow/example_dags/example_branch_labels.py
[2022-08-29T20:19:01.570-0400] {processor.py:650} INFO - DAG(s) dict_keys(['example_branch_labels']) retrieved from /Users/jl/Documents/Repos/GHC-2022-data-engineering-workshop/venv/lib/python3.8/site-packages/airflow/example_dags/example_branch_labels.py
[2022-08-29T20:19:01.748-0400] {logging_mixin.py:115} INFO - [2022-08-29T20:19:01.746-0400] {dag.py:2429} INFO - Sync 1 DAGs
[2022-08-29T20:19:01.807-0400] {logging_mixin.py:115} INFO - [2022-08-29T20:19:01.806-0400] {dag.py:2977} INFO - Setting next_dagrun for example_branch_labels to 2022-08-29T00:00:00+00:00, run_after=2022-08-30T00:00:00+00:00
[2022-08-29T20:19:01.840-0400] {processor.py:161} INFO - Processing /Users/jl/Documents/Repos/GHC-2022-data-engineering-workshop/venv/lib/python3.8/site-packages/airflow/example_dags/example_branch_labels.py took 0.306 seconds
[2022-08-29T20:20:40.339-0400] {processor.py:153} INFO - Started process (PID=15541) to work on /Users/jl/Documents/Repos/GHC-2022-data-engineering-workshop/venv/lib/python3.8/site-packages/airflow/example_dags/example_branch_labels.py
[2022-08-29T20:20:40.349-0400] {processor.py:640} INFO - Processing file /Users/jl/Documents/Repos/GHC-2022-data-engineering-workshop/venv/lib/python3.8/site-packages/airflow/example_dags/example_branch_labels.py for tasks to queue
[2022-08-29T20:20:40.350-0400] {logging_mixin.py:115} INFO - [2022-08-29T20:20:40.349-0400] {dagbag.py:508} INFO - Filling up the DagBag from /Users/jl/Documents/Repos/GHC-2022-data-engineering-workshop/venv/lib/python3.8/site-packages/airflow/example_dags/example_branch_labels.py
[2022-08-29T20:20:40.369-0400] {processor.py:650} INFO - DAG(s) dict_keys(['example_branch_labels']) retrieved from /Users/jl/Documents/Repos/GHC-2022-data-engineering-workshop/venv/lib/python3.8/site-packages/airflow/example_dags/example_branch_labels.py
[2022-08-29T20:20:40.445-0400] {logging_mixin.py:115} INFO - [2022-08-29T20:20:40.445-0400] {dag.py:2429} INFO - Sync 1 DAGs
[2022-08-29T20:20:40.465-0400] {logging_mixin.py:115} INFO - [2022-08-29T20:20:40.464-0400] {dag.py:2977} INFO - Setting next_dagrun for example_branch_labels to 2022-08-29T00:00:00+00:00, run_after=2022-08-30T00:00:00+00:00
[2022-08-29T20:20:40.481-0400] {processor.py:161} INFO - Processing /Users/jl/Documents/Repos/GHC-2022-data-engineering-workshop/venv/lib/python3.8/site-packages/airflow/example_dags/example_branch_labels.py took 0.143 seconds
[2022-08-29T20:22:07.589-0400] {processor.py:153} INFO - Started process (PID=15624) to work on /Users/jl/Documents/Repos/GHC-2022-data-engineering-workshop/venv/lib/python3.8/site-packages/airflow/example_dags/example_branch_labels.py
[2022-08-29T20:22:07.597-0400] {processor.py:640} INFO - Processing file /Users/jl/Documents/Repos/GHC-2022-data-engineering-workshop/venv/lib/python3.8/site-packages/airflow/example_dags/example_branch_labels.py for tasks to queue
[2022-08-29T20:22:07.597-0400] {logging_mixin.py:115} INFO - [2022-08-29T20:22:07.597-0400] {dagbag.py:508} INFO - Filling up the DagBag from /Users/jl/Documents/Repos/GHC-2022-data-engineering-workshop/venv/lib/python3.8/site-packages/airflow/example_dags/example_branch_labels.py
[2022-08-29T20:22:07.614-0400] {processor.py:650} INFO - DAG(s) dict_keys(['example_branch_labels']) retrieved from /Users/jl/Documents/Repos/GHC-2022-data-engineering-workshop/venv/lib/python3.8/site-packages/airflow/example_dags/example_branch_labels.py
[2022-08-29T20:22:07.691-0400] {logging_mixin.py:115} INFO - [2022-08-29T20:22:07.690-0400] {dag.py:2429} INFO - Sync 1 DAGs
[2022-08-29T20:22:07.710-0400] {logging_mixin.py:115} INFO - [2022-08-29T20:22:07.710-0400] {dag.py:2977} INFO - Setting next_dagrun for example_branch_labels to 2022-08-29T00:00:00+00:00, run_after=2022-08-30T00:00:00+00:00
[2022-08-29T20:22:07.725-0400] {processor.py:161} INFO - Processing /Users/jl/Documents/Repos/GHC-2022-data-engineering-workshop/venv/lib/python3.8/site-packages/airflow/example_dags/example_branch_labels.py took 0.137 seconds
[2022-08-29T20:23:33.563-0400] {processor.py:153} INFO - Started process (PID=15705) to work on /Users/jl/Documents/Repos/GHC-2022-data-engineering-workshop/venv/lib/python3.8/site-packages/airflow/example_dags/example_branch_labels.py
[2022-08-29T20:23:33.571-0400] {processor.py:640} INFO - Processing file /Users/jl/Documents/Repos/GHC-2022-data-engineering-workshop/venv/lib/python3.8/site-packages/airflow/example_dags/example_branch_labels.py for tasks to queue
[2022-08-29T20:23:33.572-0400] {logging_mixin.py:115} INFO - [2022-08-29T20:23:33.572-0400] {dagbag.py:508} INFO - Filling up the DagBag from /Users/jl/Documents/Repos/GHC-2022-data-engineering-workshop/venv/lib/python3.8/site-packages/airflow/example_dags/example_branch_labels.py
[2022-08-29T20:23:33.588-0400] {processor.py:650} INFO - DAG(s) dict_keys(['example_branch_labels']) retrieved from /Users/jl/Documents/Repos/GHC-2022-data-engineering-workshop/venv/lib/python3.8/site-packages/airflow/example_dags/example_branch_labels.py
[2022-08-29T20:23:33.665-0400] {logging_mixin.py:115} INFO - [2022-08-29T20:23:33.664-0400] {dag.py:2429} INFO - Sync 1 DAGs
[2022-08-29T20:23:33.683-0400] {logging_mixin.py:115} INFO - [2022-08-29T20:23:33.683-0400] {dag.py:2977} INFO - Setting next_dagrun for example_branch_labels to 2022-08-29T00:00:00+00:00, run_after=2022-08-30T00:00:00+00:00
[2022-08-29T20:23:33.699-0400] {processor.py:161} INFO - Processing /Users/jl/Documents/Repos/GHC-2022-data-engineering-workshop/venv/lib/python3.8/site-packages/airflow/example_dags/example_branch_labels.py took 0.137 seconds
[2022-08-29T20:25:03.303-0400] {processor.py:153} INFO - Started process (PID=15788) to work on /Users/jl/Documents/Repos/GHC-2022-data-engineering-workshop/venv/lib/python3.8/site-packages/airflow/example_dags/example_branch_labels.py
[2022-08-29T20:25:03.311-0400] {processor.py:640} INFO - Processing file /Users/jl/Documents/Repos/GHC-2022-data-engineering-workshop/venv/lib/python3.8/site-packages/airflow/example_dags/example_branch_labels.py for tasks to queue
[2022-08-29T20:25:03.312-0400] {logging_mixin.py:115} INFO - [2022-08-29T20:25:03.312-0400] {dagbag.py:508} INFO - Filling up the DagBag from /Users/jl/Documents/Repos/GHC-2022-data-engineering-workshop/venv/lib/python3.8/site-packages/airflow/example_dags/example_branch_labels.py
[2022-08-29T20:25:03.328-0400] {processor.py:650} INFO - DAG(s) dict_keys(['example_branch_labels']) retrieved from /Users/jl/Documents/Repos/GHC-2022-data-engineering-workshop/venv/lib/python3.8/site-packages/airflow/example_dags/example_branch_labels.py
[2022-08-29T20:25:03.405-0400] {logging_mixin.py:115} INFO - [2022-08-29T20:25:03.405-0400] {dag.py:2429} INFO - Sync 1 DAGs
[2022-08-29T20:25:03.424-0400] {logging_mixin.py:115} INFO - [2022-08-29T20:25:03.424-0400] {dag.py:2977} INFO - Setting next_dagrun for example_branch_labels to 2022-08-29T00:00:00+00:00, run_after=2022-08-30T00:00:00+00:00
[2022-08-29T20:25:03.439-0400] {processor.py:161} INFO - Processing /Users/jl/Documents/Repos/GHC-2022-data-engineering-workshop/venv/lib/python3.8/site-packages/airflow/example_dags/example_branch_labels.py took 0.137 seconds
[2022-08-29T20:27:12.590-0400] {processor.py:153} INFO - Started process (PID=15913) to work on /Users/jl/Documents/Repos/GHC-2022-data-engineering-workshop/venv/lib/python3.8/site-packages/airflow/example_dags/example_branch_labels.py
[2022-08-29T20:27:12.627-0400] {processor.py:640} INFO - Processing file /Users/jl/Documents/Repos/GHC-2022-data-engineering-workshop/venv/lib/python3.8/site-packages/airflow/example_dags/example_branch_labels.py for tasks to queue
[2022-08-29T20:27:12.628-0400] {logging_mixin.py:115} INFO - [2022-08-29T20:27:12.627-0400] {dagbag.py:508} INFO - Filling up the DagBag from /Users/jl/Documents/Repos/GHC-2022-data-engineering-workshop/venv/lib/python3.8/site-packages/airflow/example_dags/example_branch_labels.py
[2022-08-29T20:27:12.654-0400] {processor.py:650} INFO - DAG(s) dict_keys(['example_branch_labels']) retrieved from /Users/jl/Documents/Repos/GHC-2022-data-engineering-workshop/venv/lib/python3.8/site-packages/airflow/example_dags/example_branch_labels.py
[2022-08-29T20:27:12.780-0400] {logging_mixin.py:115} INFO - [2022-08-29T20:27:12.778-0400] {dag.py:2429} INFO - Sync 1 DAGs
[2022-08-29T20:27:12.804-0400] {logging_mixin.py:115} INFO - [2022-08-29T20:27:12.804-0400] {dag.py:2977} INFO - Setting next_dagrun for example_branch_labels to 2022-08-29T00:00:00+00:00, run_after=2022-08-30T00:00:00+00:00
[2022-08-29T20:27:12.821-0400] {processor.py:161} INFO - Processing /Users/jl/Documents/Repos/GHC-2022-data-engineering-workshop/venv/lib/python3.8/site-packages/airflow/example_dags/example_branch_labels.py took 0.233 seconds
[2022-08-29T20:28:52.456-0400] {processor.py:153} INFO - Started process (PID=16001) to work on /Users/jl/Documents/Repos/GHC-2022-data-engineering-workshop/venv/lib/python3.8/site-packages/airflow/example_dags/example_branch_labels.py
[2022-08-29T20:28:52.464-0400] {processor.py:640} INFO - Processing file /Users/jl/Documents/Repos/GHC-2022-data-engineering-workshop/venv/lib/python3.8/site-packages/airflow/example_dags/example_branch_labels.py for tasks to queue
[2022-08-29T20:28:52.465-0400] {logging_mixin.py:115} INFO - [2022-08-29T20:28:52.465-0400] {dagbag.py:508} INFO - Filling up the DagBag from /Users/jl/Documents/Repos/GHC-2022-data-engineering-workshop/venv/lib/python3.8/site-packages/airflow/example_dags/example_branch_labels.py
[2022-08-29T20:28:52.482-0400] {processor.py:650} INFO - DAG(s) dict_keys(['example_branch_labels']) retrieved from /Users/jl/Documents/Repos/GHC-2022-data-engineering-workshop/venv/lib/python3.8/site-packages/airflow/example_dags/example_branch_labels.py
[2022-08-29T20:28:52.559-0400] {logging_mixin.py:115} INFO - [2022-08-29T20:28:52.558-0400] {dag.py:2429} INFO - Sync 1 DAGs
[2022-08-29T20:28:52.578-0400] {logging_mixin.py:115} INFO - [2022-08-29T20:28:52.577-0400] {dag.py:2977} INFO - Setting next_dagrun for example_branch_labels to 2022-08-29T00:00:00+00:00, run_after=2022-08-30T00:00:00+00:00
[2022-08-29T20:28:52.593-0400] {processor.py:161} INFO - Processing /Users/jl/Documents/Repos/GHC-2022-data-engineering-workshop/venv/lib/python3.8/site-packages/airflow/example_dags/example_branch_labels.py took 0.138 seconds
[2022-08-29T20:30:57.729-0400] {processor.py:153} INFO - Started process (PID=16118) to work on /Users/jl/Documents/Repos/GHC-2022-data-engineering-workshop/venv/lib/python3.8/site-packages/airflow/example_dags/example_branch_labels.py
[2022-08-29T20:30:57.741-0400] {processor.py:640} INFO - Processing file /Users/jl/Documents/Repos/GHC-2022-data-engineering-workshop/venv/lib/python3.8/site-packages/airflow/example_dags/example_branch_labels.py for tasks to queue
[2022-08-29T20:30:57.743-0400] {logging_mixin.py:115} INFO - [2022-08-29T20:30:57.742-0400] {dagbag.py:508} INFO - Filling up the DagBag from /Users/jl/Documents/Repos/GHC-2022-data-engineering-workshop/venv/lib/python3.8/site-packages/airflow/example_dags/example_branch_labels.py
[2022-08-29T20:30:57.773-0400] {processor.py:650} INFO - DAG(s) dict_keys(['example_branch_labels']) retrieved from /Users/jl/Documents/Repos/GHC-2022-data-engineering-workshop/venv/lib/python3.8/site-packages/airflow/example_dags/example_branch_labels.py
[2022-08-29T20:30:57.906-0400] {logging_mixin.py:115} INFO - [2022-08-29T20:30:57.905-0400] {dag.py:2429} INFO - Sync 1 DAGs
[2022-08-29T20:30:57.940-0400] {logging_mixin.py:115} INFO - [2022-08-29T20:30:57.940-0400] {dag.py:2977} INFO - Setting next_dagrun for example_branch_labels to 2022-08-29T00:00:00+00:00, run_after=2022-08-30T00:00:00+00:00
[2022-08-29T20:30:57.966-0400] {processor.py:161} INFO - Processing /Users/jl/Documents/Repos/GHC-2022-data-engineering-workshop/venv/lib/python3.8/site-packages/airflow/example_dags/example_branch_labels.py took 0.239 seconds
[2022-08-29T20:33:00.106-0400] {processor.py:153} INFO - Started process (PID=16240) to work on /Users/jl/Documents/Repos/GHC-2022-data-engineering-workshop/venv/lib/python3.8/site-packages/airflow/example_dags/example_branch_labels.py
[2022-08-29T20:33:00.117-0400] {processor.py:640} INFO - Processing file /Users/jl/Documents/Repos/GHC-2022-data-engineering-workshop/venv/lib/python3.8/site-packages/airflow/example_dags/example_branch_labels.py for tasks to queue
[2022-08-29T20:33:00.118-0400] {logging_mixin.py:115} INFO - [2022-08-29T20:33:00.118-0400] {dagbag.py:508} INFO - Filling up the DagBag from /Users/jl/Documents/Repos/GHC-2022-data-engineering-workshop/venv/lib/python3.8/site-packages/airflow/example_dags/example_branch_labels.py
[2022-08-29T20:33:00.136-0400] {processor.py:650} INFO - DAG(s) dict_keys(['example_branch_labels']) retrieved from /Users/jl/Documents/Repos/GHC-2022-data-engineering-workshop/venv/lib/python3.8/site-packages/airflow/example_dags/example_branch_labels.py
[2022-08-29T20:33:00.217-0400] {logging_mixin.py:115} INFO - [2022-08-29T20:33:00.217-0400] {dag.py:2429} INFO - Sync 1 DAGs
[2022-08-29T20:33:00.238-0400] {logging_mixin.py:115} INFO - [2022-08-29T20:33:00.238-0400] {dag.py:2977} INFO - Setting next_dagrun for example_branch_labels to 2022-08-29T00:00:00+00:00, run_after=2022-08-30T00:00:00+00:00
[2022-08-29T20:33:00.255-0400] {processor.py:161} INFO - Processing /Users/jl/Documents/Repos/GHC-2022-data-engineering-workshop/venv/lib/python3.8/site-packages/airflow/example_dags/example_branch_labels.py took 0.150 seconds
[2022-08-29T20:34:53.530-0400] {processor.py:153} INFO - Started process (PID=16335) to work on /Users/jl/Documents/Repos/GHC-2022-data-engineering-workshop/venv/lib/python3.8/site-packages/airflow/example_dags/example_branch_labels.py
[2022-08-29T20:34:53.540-0400] {processor.py:640} INFO - Processing file /Users/jl/Documents/Repos/GHC-2022-data-engineering-workshop/venv/lib/python3.8/site-packages/airflow/example_dags/example_branch_labels.py for tasks to queue
[2022-08-29T20:34:53.541-0400] {logging_mixin.py:115} INFO - [2022-08-29T20:34:53.541-0400] {dagbag.py:508} INFO - Filling up the DagBag from /Users/jl/Documents/Repos/GHC-2022-data-engineering-workshop/venv/lib/python3.8/site-packages/airflow/example_dags/example_branch_labels.py
[2022-08-29T20:34:53.566-0400] {processor.py:650} INFO - DAG(s) dict_keys(['example_branch_labels']) retrieved from /Users/jl/Documents/Repos/GHC-2022-data-engineering-workshop/venv/lib/python3.8/site-packages/airflow/example_dags/example_branch_labels.py
[2022-08-29T20:34:53.653-0400] {logging_mixin.py:115} INFO - [2022-08-29T20:34:53.652-0400] {dag.py:2429} INFO - Sync 1 DAGs
[2022-08-29T20:34:53.674-0400] {logging_mixin.py:115} INFO - [2022-08-29T20:34:53.673-0400] {dag.py:2977} INFO - Setting next_dagrun for example_branch_labels to 2022-08-29T00:00:00+00:00, run_after=2022-08-30T00:00:00+00:00
[2022-08-29T20:34:53.688-0400] {processor.py:161} INFO - Processing /Users/jl/Documents/Repos/GHC-2022-data-engineering-workshop/venv/lib/python3.8/site-packages/airflow/example_dags/example_branch_labels.py took 0.159 seconds
[2022-08-29T20:36:42.670-0400] {processor.py:153} INFO - Started process (PID=16461) to work on /Users/jl/Documents/Repos/GHC-2022-data-engineering-workshop/venv/lib/python3.8/site-packages/airflow/example_dags/example_branch_labels.py
[2022-08-29T20:36:42.681-0400] {processor.py:640} INFO - Processing file /Users/jl/Documents/Repos/GHC-2022-data-engineering-workshop/venv/lib/python3.8/site-packages/airflow/example_dags/example_branch_labels.py for tasks to queue
[2022-08-29T20:36:42.681-0400] {logging_mixin.py:115} INFO - [2022-08-29T20:36:42.681-0400] {dagbag.py:508} INFO - Filling up the DagBag from /Users/jl/Documents/Repos/GHC-2022-data-engineering-workshop/venv/lib/python3.8/site-packages/airflow/example_dags/example_branch_labels.py
[2022-08-29T20:36:42.702-0400] {processor.py:650} INFO - DAG(s) dict_keys(['example_branch_labels']) retrieved from /Users/jl/Documents/Repos/GHC-2022-data-engineering-workshop/venv/lib/python3.8/site-packages/airflow/example_dags/example_branch_labels.py
[2022-08-29T20:36:42.803-0400] {logging_mixin.py:115} INFO - [2022-08-29T20:36:42.803-0400] {dag.py:2429} INFO - Sync 1 DAGs
[2022-08-29T20:36:42.826-0400] {logging_mixin.py:115} INFO - [2022-08-29T20:36:42.825-0400] {dag.py:2977} INFO - Setting next_dagrun for example_branch_labels to 2022-08-29T00:00:00+00:00, run_after=2022-08-30T00:00:00+00:00
[2022-08-29T20:36:42.842-0400] {processor.py:161} INFO - Processing /Users/jl/Documents/Repos/GHC-2022-data-engineering-workshop/venv/lib/python3.8/site-packages/airflow/example_dags/example_branch_labels.py took 0.173 seconds
[2022-08-29T20:38:36.955-0400] {processor.py:153} INFO - Started process (PID=16581) to work on /Users/jl/Documents/Repos/GHC-2022-data-engineering-workshop/venv/lib/python3.8/site-packages/airflow/example_dags/example_branch_labels.py
[2022-08-29T20:38:36.965-0400] {processor.py:640} INFO - Processing file /Users/jl/Documents/Repos/GHC-2022-data-engineering-workshop/venv/lib/python3.8/site-packages/airflow/example_dags/example_branch_labels.py for tasks to queue
[2022-08-29T20:38:36.966-0400] {logging_mixin.py:115} INFO - [2022-08-29T20:38:36.965-0400] {dagbag.py:508} INFO - Filling up the DagBag from /Users/jl/Documents/Repos/GHC-2022-data-engineering-workshop/venv/lib/python3.8/site-packages/airflow/example_dags/example_branch_labels.py
[2022-08-29T20:38:36.984-0400] {processor.py:650} INFO - DAG(s) dict_keys(['example_branch_labels']) retrieved from /Users/jl/Documents/Repos/GHC-2022-data-engineering-workshop/venv/lib/python3.8/site-packages/airflow/example_dags/example_branch_labels.py
[2022-08-29T20:38:37.066-0400] {logging_mixin.py:115} INFO - [2022-08-29T20:38:37.065-0400] {dag.py:2429} INFO - Sync 1 DAGs
[2022-08-29T20:38:37.087-0400] {logging_mixin.py:115} INFO - [2022-08-29T20:38:37.086-0400] {dag.py:2977} INFO - Setting next_dagrun for example_branch_labels to 2022-08-29T00:00:00+00:00, run_after=2022-08-30T00:00:00+00:00
[2022-08-29T20:38:37.103-0400] {processor.py:161} INFO - Processing /Users/jl/Documents/Repos/GHC-2022-data-engineering-workshop/venv/lib/python3.8/site-packages/airflow/example_dags/example_branch_labels.py took 0.149 seconds
[2022-08-29T20:40:29.169-0400] {processor.py:153} INFO - Started process (PID=16674) to work on /Users/jl/Documents/Repos/GHC-2022-data-engineering-workshop/venv/lib/python3.8/site-packages/airflow/example_dags/example_branch_labels.py
[2022-08-29T20:40:29.179-0400] {processor.py:640} INFO - Processing file /Users/jl/Documents/Repos/GHC-2022-data-engineering-workshop/venv/lib/python3.8/site-packages/airflow/example_dags/example_branch_labels.py for tasks to queue
[2022-08-29T20:40:29.179-0400] {logging_mixin.py:115} INFO - [2022-08-29T20:40:29.179-0400] {dagbag.py:508} INFO - Filling up the DagBag from /Users/jl/Documents/Repos/GHC-2022-data-engineering-workshop/venv/lib/python3.8/site-packages/airflow/example_dags/example_branch_labels.py
[2022-08-29T20:40:29.198-0400] {processor.py:650} INFO - DAG(s) dict_keys(['example_branch_labels']) retrieved from /Users/jl/Documents/Repos/GHC-2022-data-engineering-workshop/venv/lib/python3.8/site-packages/airflow/example_dags/example_branch_labels.py
[2022-08-29T20:40:29.276-0400] {logging_mixin.py:115} INFO - [2022-08-29T20:40:29.276-0400] {dag.py:2429} INFO - Sync 1 DAGs
[2022-08-29T20:40:29.295-0400] {logging_mixin.py:115} INFO - [2022-08-29T20:40:29.295-0400] {dag.py:2977} INFO - Setting next_dagrun for example_branch_labels to 2022-08-29T00:00:00+00:00, run_after=2022-08-30T00:00:00+00:00
[2022-08-29T20:40:29.310-0400] {processor.py:161} INFO - Processing /Users/jl/Documents/Repos/GHC-2022-data-engineering-workshop/venv/lib/python3.8/site-packages/airflow/example_dags/example_branch_labels.py took 0.143 seconds
[2022-08-29T20:42:15.978-0400] {processor.py:153} INFO - Started process (PID=16769) to work on /Users/jl/Documents/Repos/GHC-2022-data-engineering-workshop/venv/lib/python3.8/site-packages/airflow/example_dags/example_branch_labels.py
[2022-08-29T20:42:15.988-0400] {processor.py:640} INFO - Processing file /Users/jl/Documents/Repos/GHC-2022-data-engineering-workshop/venv/lib/python3.8/site-packages/airflow/example_dags/example_branch_labels.py for tasks to queue
[2022-08-29T20:42:15.989-0400] {logging_mixin.py:115} INFO - [2022-08-29T20:42:15.989-0400] {dagbag.py:508} INFO - Filling up the DagBag from /Users/jl/Documents/Repos/GHC-2022-data-engineering-workshop/venv/lib/python3.8/site-packages/airflow/example_dags/example_branch_labels.py
[2022-08-29T20:42:16.006-0400] {processor.py:650} INFO - DAG(s) dict_keys(['example_branch_labels']) retrieved from /Users/jl/Documents/Repos/GHC-2022-data-engineering-workshop/venv/lib/python3.8/site-packages/airflow/example_dags/example_branch_labels.py
[2022-08-29T20:42:16.084-0400] {logging_mixin.py:115} INFO - [2022-08-29T20:42:16.083-0400] {dag.py:2429} INFO - Sync 1 DAGs
[2022-08-29T20:42:16.103-0400] {logging_mixin.py:115} INFO - [2022-08-29T20:42:16.102-0400] {dag.py:2977} INFO - Setting next_dagrun for example_branch_labels to 2022-08-29T00:00:00+00:00, run_after=2022-08-30T00:00:00+00:00
[2022-08-29T20:42:16.118-0400] {processor.py:161} INFO - Processing /Users/jl/Documents/Repos/GHC-2022-data-engineering-workshop/venv/lib/python3.8/site-packages/airflow/example_dags/example_branch_labels.py took 0.141 seconds
[2022-08-29T20:44:12.739-0400] {processor.py:153} INFO - Started process (PID=16872) to work on /Users/jl/Documents/Repos/GHC-2022-data-engineering-workshop/venv/lib/python3.8/site-packages/airflow/example_dags/example_branch_labels.py
[2022-08-29T20:44:12.752-0400] {processor.py:640} INFO - Processing file /Users/jl/Documents/Repos/GHC-2022-data-engineering-workshop/venv/lib/python3.8/site-packages/airflow/example_dags/example_branch_labels.py for tasks to queue
[2022-08-29T20:44:12.753-0400] {logging_mixin.py:115} INFO - [2022-08-29T20:44:12.753-0400] {dagbag.py:508} INFO - Filling up the DagBag from /Users/jl/Documents/Repos/GHC-2022-data-engineering-workshop/venv/lib/python3.8/site-packages/airflow/example_dags/example_branch_labels.py
[2022-08-29T20:44:12.775-0400] {processor.py:650} INFO - DAG(s) dict_keys(['example_branch_labels']) retrieved from /Users/jl/Documents/Repos/GHC-2022-data-engineering-workshop/venv/lib/python3.8/site-packages/airflow/example_dags/example_branch_labels.py
[2022-08-29T20:44:12.860-0400] {logging_mixin.py:115} INFO - [2022-08-29T20:44:12.860-0400] {dag.py:2429} INFO - Sync 1 DAGs
[2022-08-29T20:44:12.879-0400] {logging_mixin.py:115} INFO - [2022-08-29T20:44:12.879-0400] {dag.py:2977} INFO - Setting next_dagrun for example_branch_labels to 2022-08-29T00:00:00+00:00, run_after=2022-08-30T00:00:00+00:00
[2022-08-29T20:44:12.895-0400] {processor.py:161} INFO - Processing /Users/jl/Documents/Repos/GHC-2022-data-engineering-workshop/venv/lib/python3.8/site-packages/airflow/example_dags/example_branch_labels.py took 0.157 seconds
[2022-08-29T20:46:03.552-0400] {processor.py:153} INFO - Started process (PID=16974) to work on /Users/jl/Documents/Repos/GHC-2022-data-engineering-workshop/venv/lib/python3.8/site-packages/airflow/example_dags/example_branch_labels.py
[2022-08-29T20:46:03.562-0400] {processor.py:640} INFO - Processing file /Users/jl/Documents/Repos/GHC-2022-data-engineering-workshop/venv/lib/python3.8/site-packages/airflow/example_dags/example_branch_labels.py for tasks to queue
[2022-08-29T20:46:03.562-0400] {logging_mixin.py:115} INFO - [2022-08-29T20:46:03.562-0400] {dagbag.py:508} INFO - Filling up the DagBag from /Users/jl/Documents/Repos/GHC-2022-data-engineering-workshop/venv/lib/python3.8/site-packages/airflow/example_dags/example_branch_labels.py
[2022-08-29T20:46:03.580-0400] {processor.py:650} INFO - DAG(s) dict_keys(['example_branch_labels']) retrieved from /Users/jl/Documents/Repos/GHC-2022-data-engineering-workshop/venv/lib/python3.8/site-packages/airflow/example_dags/example_branch_labels.py
[2022-08-29T20:46:03.664-0400] {logging_mixin.py:115} INFO - [2022-08-29T20:46:03.663-0400] {dag.py:2429} INFO - Sync 1 DAGs
[2022-08-29T20:46:03.686-0400] {logging_mixin.py:115} INFO - [2022-08-29T20:46:03.685-0400] {dag.py:2977} INFO - Setting next_dagrun for example_branch_labels to 2022-08-29T00:00:00+00:00, run_after=2022-08-30T00:00:00+00:00
[2022-08-29T20:46:03.700-0400] {processor.py:161} INFO - Processing /Users/jl/Documents/Repos/GHC-2022-data-engineering-workshop/venv/lib/python3.8/site-packages/airflow/example_dags/example_branch_labels.py took 0.150 seconds
[2022-08-29T20:47:48.918-0400] {processor.py:153} INFO - Started process (PID=17071) to work on /Users/jl/Documents/Repos/GHC-2022-data-engineering-workshop/venv/lib/python3.8/site-packages/airflow/example_dags/example_branch_labels.py
[2022-08-29T20:47:48.928-0400] {processor.py:640} INFO - Processing file /Users/jl/Documents/Repos/GHC-2022-data-engineering-workshop/venv/lib/python3.8/site-packages/airflow/example_dags/example_branch_labels.py for tasks to queue
[2022-08-29T20:47:48.929-0400] {logging_mixin.py:115} INFO - [2022-08-29T20:47:48.929-0400] {dagbag.py:508} INFO - Filling up the DagBag from /Users/jl/Documents/Repos/GHC-2022-data-engineering-workshop/venv/lib/python3.8/site-packages/airflow/example_dags/example_branch_labels.py
[2022-08-29T20:47:48.947-0400] {processor.py:650} INFO - DAG(s) dict_keys(['example_branch_labels']) retrieved from /Users/jl/Documents/Repos/GHC-2022-data-engineering-workshop/venv/lib/python3.8/site-packages/airflow/example_dags/example_branch_labels.py
[2022-08-29T20:47:49.032-0400] {logging_mixin.py:115} INFO - [2022-08-29T20:47:49.032-0400] {dag.py:2429} INFO - Sync 1 DAGs
[2022-08-29T20:47:49.051-0400] {logging_mixin.py:115} INFO - [2022-08-29T20:47:49.051-0400] {dag.py:2977} INFO - Setting next_dagrun for example_branch_labels to 2022-08-29T00:00:00+00:00, run_after=2022-08-30T00:00:00+00:00
[2022-08-29T20:47:49.066-0400] {processor.py:161} INFO - Processing /Users/jl/Documents/Repos/GHC-2022-data-engineering-workshop/venv/lib/python3.8/site-packages/airflow/example_dags/example_branch_labels.py took 0.149 seconds
[2022-08-29T20:49:39.028-0400] {processor.py:153} INFO - Started process (PID=17165) to work on /Users/jl/Documents/Repos/GHC-2022-data-engineering-workshop/venv/lib/python3.8/site-packages/airflow/example_dags/example_branch_labels.py
[2022-08-29T20:49:39.038-0400] {processor.py:640} INFO - Processing file /Users/jl/Documents/Repos/GHC-2022-data-engineering-workshop/venv/lib/python3.8/site-packages/airflow/example_dags/example_branch_labels.py for tasks to queue
[2022-08-29T20:49:39.039-0400] {logging_mixin.py:115} INFO - [2022-08-29T20:49:39.039-0400] {dagbag.py:508} INFO - Filling up the DagBag from /Users/jl/Documents/Repos/GHC-2022-data-engineering-workshop/venv/lib/python3.8/site-packages/airflow/example_dags/example_branch_labels.py
[2022-08-29T20:49:39.057-0400] {processor.py:650} INFO - DAG(s) dict_keys(['example_branch_labels']) retrieved from /Users/jl/Documents/Repos/GHC-2022-data-engineering-workshop/venv/lib/python3.8/site-packages/airflow/example_dags/example_branch_labels.py
[2022-08-29T20:49:39.133-0400] {logging_mixin.py:115} INFO - [2022-08-29T20:49:39.133-0400] {dag.py:2429} INFO - Sync 1 DAGs
[2022-08-29T20:49:39.152-0400] {logging_mixin.py:115} INFO - [2022-08-29T20:49:39.152-0400] {dag.py:2977} INFO - Setting next_dagrun for example_branch_labels to 2022-08-29T00:00:00+00:00, run_after=2022-08-30T00:00:00+00:00
[2022-08-29T20:49:39.166-0400] {processor.py:161} INFO - Processing /Users/jl/Documents/Repos/GHC-2022-data-engineering-workshop/venv/lib/python3.8/site-packages/airflow/example_dags/example_branch_labels.py took 0.139 seconds
[2022-08-29T20:51:14.633-0400] {processor.py:153} INFO - Started process (PID=17253) to work on /Users/jl/Documents/Repos/GHC-2022-data-engineering-workshop/venv/lib/python3.8/site-packages/airflow/example_dags/example_branch_labels.py
[2022-08-29T20:51:14.641-0400] {processor.py:640} INFO - Processing file /Users/jl/Documents/Repos/GHC-2022-data-engineering-workshop/venv/lib/python3.8/site-packages/airflow/example_dags/example_branch_labels.py for tasks to queue
[2022-08-29T20:51:14.642-0400] {logging_mixin.py:115} INFO - [2022-08-29T20:51:14.641-0400] {dagbag.py:508} INFO - Filling up the DagBag from /Users/jl/Documents/Repos/GHC-2022-data-engineering-workshop/venv/lib/python3.8/site-packages/airflow/example_dags/example_branch_labels.py
[2022-08-29T20:51:14.658-0400] {processor.py:650} INFO - DAG(s) dict_keys(['example_branch_labels']) retrieved from /Users/jl/Documents/Repos/GHC-2022-data-engineering-workshop/venv/lib/python3.8/site-packages/airflow/example_dags/example_branch_labels.py
[2022-08-29T20:51:14.735-0400] {logging_mixin.py:115} INFO - [2022-08-29T20:51:14.734-0400] {dag.py:2429} INFO - Sync 1 DAGs
[2022-08-29T20:51:14.754-0400] {logging_mixin.py:115} INFO - [2022-08-29T20:51:14.754-0400] {dag.py:2977} INFO - Setting next_dagrun for example_branch_labels to 2022-08-29T00:00:00+00:00, run_after=2022-08-30T00:00:00+00:00
[2022-08-29T20:51:14.769-0400] {processor.py:161} INFO - Processing /Users/jl/Documents/Repos/GHC-2022-data-engineering-workshop/venv/lib/python3.8/site-packages/airflow/example_dags/example_branch_labels.py took 0.138 seconds
[2022-08-29T20:52:53.063-0400] {processor.py:153} INFO - Started process (PID=17346) to work on /Users/jl/Documents/Repos/GHC-2022-data-engineering-workshop/venv/lib/python3.8/site-packages/airflow/example_dags/example_branch_labels.py
[2022-08-29T20:52:53.071-0400] {processor.py:640} INFO - Processing file /Users/jl/Documents/Repos/GHC-2022-data-engineering-workshop/venv/lib/python3.8/site-packages/airflow/example_dags/example_branch_labels.py for tasks to queue
[2022-08-29T20:52:53.072-0400] {logging_mixin.py:115} INFO - [2022-08-29T20:52:53.072-0400] {dagbag.py:508} INFO - Filling up the DagBag from /Users/jl/Documents/Repos/GHC-2022-data-engineering-workshop/venv/lib/python3.8/site-packages/airflow/example_dags/example_branch_labels.py
[2022-08-29T20:52:53.088-0400] {processor.py:650} INFO - DAG(s) dict_keys(['example_branch_labels']) retrieved from /Users/jl/Documents/Repos/GHC-2022-data-engineering-workshop/venv/lib/python3.8/site-packages/airflow/example_dags/example_branch_labels.py
[2022-08-29T20:52:53.166-0400] {logging_mixin.py:115} INFO - [2022-08-29T20:52:53.165-0400] {dag.py:2429} INFO - Sync 1 DAGs
[2022-08-29T20:52:53.186-0400] {logging_mixin.py:115} INFO - [2022-08-29T20:52:53.185-0400] {dag.py:2977} INFO - Setting next_dagrun for example_branch_labels to 2022-08-29T00:00:00+00:00, run_after=2022-08-30T00:00:00+00:00
[2022-08-29T20:52:53.202-0400] {processor.py:161} INFO - Processing /Users/jl/Documents/Repos/GHC-2022-data-engineering-workshop/venv/lib/python3.8/site-packages/airflow/example_dags/example_branch_labels.py took 0.140 seconds
[2022-08-29T20:54:58.577-0400] {processor.py:153} INFO - Started process (PID=17444) to work on /Users/jl/Documents/Repos/GHC-2022-data-engineering-workshop/venv/lib/python3.8/site-packages/airflow/example_dags/example_branch_labels.py
[2022-08-29T20:54:58.588-0400] {processor.py:640} INFO - Processing file /Users/jl/Documents/Repos/GHC-2022-data-engineering-workshop/venv/lib/python3.8/site-packages/airflow/example_dags/example_branch_labels.py for tasks to queue
[2022-08-29T20:54:58.589-0400] {logging_mixin.py:115} INFO - [2022-08-29T20:54:58.589-0400] {dagbag.py:508} INFO - Filling up the DagBag from /Users/jl/Documents/Repos/GHC-2022-data-engineering-workshop/venv/lib/python3.8/site-packages/airflow/example_dags/example_branch_labels.py
[2022-08-29T20:54:58.613-0400] {processor.py:650} INFO - DAG(s) dict_keys(['example_branch_labels']) retrieved from /Users/jl/Documents/Repos/GHC-2022-data-engineering-workshop/venv/lib/python3.8/site-packages/airflow/example_dags/example_branch_labels.py
[2022-08-29T20:54:58.713-0400] {logging_mixin.py:115} INFO - [2022-08-29T20:54:58.713-0400] {dag.py:2429} INFO - Sync 1 DAGs
[2022-08-29T20:54:58.740-0400] {logging_mixin.py:115} INFO - [2022-08-29T20:54:58.739-0400] {dag.py:2977} INFO - Setting next_dagrun for example_branch_labels to 2022-08-29T00:00:00+00:00, run_after=2022-08-30T00:00:00+00:00
[2022-08-29T20:54:58.760-0400] {processor.py:161} INFO - Processing /Users/jl/Documents/Repos/GHC-2022-data-engineering-workshop/venv/lib/python3.8/site-packages/airflow/example_dags/example_branch_labels.py took 0.185 seconds
[2022-08-29T20:56:42.983-0400] {processor.py:153} INFO - Started process (PID=17534) to work on /Users/jl/Documents/Repos/GHC-2022-data-engineering-workshop/venv/lib/python3.8/site-packages/airflow/example_dags/example_branch_labels.py
[2022-08-29T20:56:42.991-0400] {processor.py:640} INFO - Processing file /Users/jl/Documents/Repos/GHC-2022-data-engineering-workshop/venv/lib/python3.8/site-packages/airflow/example_dags/example_branch_labels.py for tasks to queue
[2022-08-29T20:56:42.992-0400] {logging_mixin.py:115} INFO - [2022-08-29T20:56:42.992-0400] {dagbag.py:508} INFO - Filling up the DagBag from /Users/jl/Documents/Repos/GHC-2022-data-engineering-workshop/venv/lib/python3.8/site-packages/airflow/example_dags/example_branch_labels.py
[2022-08-29T20:56:43.009-0400] {processor.py:650} INFO - DAG(s) dict_keys(['example_branch_labels']) retrieved from /Users/jl/Documents/Repos/GHC-2022-data-engineering-workshop/venv/lib/python3.8/site-packages/airflow/example_dags/example_branch_labels.py
[2022-08-29T20:56:43.086-0400] {logging_mixin.py:115} INFO - [2022-08-29T20:56:43.085-0400] {dag.py:2429} INFO - Sync 1 DAGs
[2022-08-29T20:56:43.105-0400] {logging_mixin.py:115} INFO - [2022-08-29T20:56:43.104-0400] {dag.py:2977} INFO - Setting next_dagrun for example_branch_labels to 2022-08-29T00:00:00+00:00, run_after=2022-08-30T00:00:00+00:00
[2022-08-29T20:56:43.120-0400] {processor.py:161} INFO - Processing /Users/jl/Documents/Repos/GHC-2022-data-engineering-workshop/venv/lib/python3.8/site-packages/airflow/example_dags/example_branch_labels.py took 0.138 seconds
[2022-08-29T20:58:58.932-0400] {processor.py:153} INFO - Started process (PID=17652) to work on /Users/jl/Documents/Repos/GHC-2022-data-engineering-workshop/venv/lib/python3.8/site-packages/airflow/example_dags/example_branch_labels.py
[2022-08-29T20:58:58.944-0400] {processor.py:640} INFO - Processing file /Users/jl/Documents/Repos/GHC-2022-data-engineering-workshop/venv/lib/python3.8/site-packages/airflow/example_dags/example_branch_labels.py for tasks to queue
[2022-08-29T20:58:58.945-0400] {logging_mixin.py:115} INFO - [2022-08-29T20:58:58.944-0400] {dagbag.py:508} INFO - Filling up the DagBag from /Users/jl/Documents/Repos/GHC-2022-data-engineering-workshop/venv/lib/python3.8/site-packages/airflow/example_dags/example_branch_labels.py
[2022-08-29T20:58:58.969-0400] {processor.py:650} INFO - DAG(s) dict_keys(['example_branch_labels']) retrieved from /Users/jl/Documents/Repos/GHC-2022-data-engineering-workshop/venv/lib/python3.8/site-packages/airflow/example_dags/example_branch_labels.py
[2022-08-29T20:58:59.081-0400] {logging_mixin.py:115} INFO - [2022-08-29T20:58:59.080-0400] {dag.py:2429} INFO - Sync 1 DAGs
[2022-08-29T20:58:59.103-0400] {logging_mixin.py:115} INFO - [2022-08-29T20:58:59.102-0400] {dag.py:2977} INFO - Setting next_dagrun for example_branch_labels to 2022-08-29T00:00:00+00:00, run_after=2022-08-30T00:00:00+00:00
[2022-08-29T20:58:59.119-0400] {processor.py:161} INFO - Processing /Users/jl/Documents/Repos/GHC-2022-data-engineering-workshop/venv/lib/python3.8/site-packages/airflow/example_dags/example_branch_labels.py took 0.188 seconds
[2022-08-29T21:01:05.015-0400] {processor.py:153} INFO - Started process (PID=17793) to work on /Users/jl/Documents/Repos/GHC-2022-data-engineering-workshop/venv/lib/python3.8/site-packages/airflow/example_dags/example_branch_labels.py
[2022-08-29T21:01:05.023-0400] {processor.py:640} INFO - Processing file /Users/jl/Documents/Repos/GHC-2022-data-engineering-workshop/venv/lib/python3.8/site-packages/airflow/example_dags/example_branch_labels.py for tasks to queue
[2022-08-29T21:01:05.023-0400] {logging_mixin.py:115} INFO - [2022-08-29T21:01:05.023-0400] {dagbag.py:508} INFO - Filling up the DagBag from /Users/jl/Documents/Repos/GHC-2022-data-engineering-workshop/venv/lib/python3.8/site-packages/airflow/example_dags/example_branch_labels.py
[2022-08-29T21:01:05.042-0400] {processor.py:650} INFO - DAG(s) dict_keys(['example_branch_labels']) retrieved from /Users/jl/Documents/Repos/GHC-2022-data-engineering-workshop/venv/lib/python3.8/site-packages/airflow/example_dags/example_branch_labels.py
[2022-08-29T21:01:05.119-0400] {logging_mixin.py:115} INFO - [2022-08-29T21:01:05.118-0400] {dag.py:2429} INFO - Sync 1 DAGs
[2022-08-29T21:01:05.138-0400] {logging_mixin.py:115} INFO - [2022-08-29T21:01:05.138-0400] {dag.py:2977} INFO - Setting next_dagrun for example_branch_labels to 2022-08-29T00:00:00+00:00, run_after=2022-08-30T00:00:00+00:00
[2022-08-29T21:01:05.153-0400] {processor.py:161} INFO - Processing /Users/jl/Documents/Repos/GHC-2022-data-engineering-workshop/venv/lib/python3.8/site-packages/airflow/example_dags/example_branch_labels.py took 0.140 seconds
[2022-08-29T21:03:08.213-0400] {processor.py:153} INFO - Started process (PID=17945) to work on /Users/jl/Documents/Repos/GHC-2022-data-engineering-workshop/venv/lib/python3.8/site-packages/airflow/example_dags/example_branch_labels.py
[2022-08-29T21:03:08.223-0400] {processor.py:640} INFO - Processing file /Users/jl/Documents/Repos/GHC-2022-data-engineering-workshop/venv/lib/python3.8/site-packages/airflow/example_dags/example_branch_labels.py for tasks to queue
[2022-08-29T21:03:08.223-0400] {logging_mixin.py:115} INFO - [2022-08-29T21:03:08.223-0400] {dagbag.py:508} INFO - Filling up the DagBag from /Users/jl/Documents/Repos/GHC-2022-data-engineering-workshop/venv/lib/python3.8/site-packages/airflow/example_dags/example_branch_labels.py
[2022-08-29T21:03:08.241-0400] {processor.py:650} INFO - DAG(s) dict_keys(['example_branch_labels']) retrieved from /Users/jl/Documents/Repos/GHC-2022-data-engineering-workshop/venv/lib/python3.8/site-packages/airflow/example_dags/example_branch_labels.py
[2022-08-29T21:03:08.318-0400] {logging_mixin.py:115} INFO - [2022-08-29T21:03:08.318-0400] {dag.py:2429} INFO - Sync 1 DAGs
[2022-08-29T21:03:08.337-0400] {logging_mixin.py:115} INFO - [2022-08-29T21:03:08.337-0400] {dag.py:2977} INFO - Setting next_dagrun for example_branch_labels to 2022-08-29T00:00:00+00:00, run_after=2022-08-30T00:00:00+00:00
[2022-08-29T21:03:08.353-0400] {processor.py:161} INFO - Processing /Users/jl/Documents/Repos/GHC-2022-data-engineering-workshop/venv/lib/python3.8/site-packages/airflow/example_dags/example_branch_labels.py took 0.141 seconds
[2022-08-29T21:04:44.718-0400] {processor.py:153} INFO - Started process (PID=18030) to work on /Users/jl/Documents/Repos/GHC-2022-data-engineering-workshop/venv/lib/python3.8/site-packages/airflow/example_dags/example_branch_labels.py
[2022-08-29T21:04:44.727-0400] {processor.py:640} INFO - Processing file /Users/jl/Documents/Repos/GHC-2022-data-engineering-workshop/venv/lib/python3.8/site-packages/airflow/example_dags/example_branch_labels.py for tasks to queue
[2022-08-29T21:04:44.727-0400] {logging_mixin.py:115} INFO - [2022-08-29T21:04:44.727-0400] {dagbag.py:508} INFO - Filling up the DagBag from /Users/jl/Documents/Repos/GHC-2022-data-engineering-workshop/venv/lib/python3.8/site-packages/airflow/example_dags/example_branch_labels.py
[2022-08-29T21:04:44.744-0400] {processor.py:650} INFO - DAG(s) dict_keys(['example_branch_labels']) retrieved from /Users/jl/Documents/Repos/GHC-2022-data-engineering-workshop/venv/lib/python3.8/site-packages/airflow/example_dags/example_branch_labels.py
[2022-08-29T21:04:44.824-0400] {logging_mixin.py:115} INFO - [2022-08-29T21:04:44.824-0400] {dag.py:2429} INFO - Sync 1 DAGs
[2022-08-29T21:04:44.846-0400] {logging_mixin.py:115} INFO - [2022-08-29T21:04:44.845-0400] {dag.py:2977} INFO - Setting next_dagrun for example_branch_labels to 2022-08-29T00:00:00+00:00, run_after=2022-08-30T00:00:00+00:00
[2022-08-29T21:04:44.861-0400] {processor.py:161} INFO - Processing /Users/jl/Documents/Repos/GHC-2022-data-engineering-workshop/venv/lib/python3.8/site-packages/airflow/example_dags/example_branch_labels.py took 0.144 seconds
[2022-08-29T21:06:19.977-0400] {processor.py:153} INFO - Started process (PID=18116) to work on /Users/jl/Documents/Repos/GHC-2022-data-engineering-workshop/venv/lib/python3.8/site-packages/airflow/example_dags/example_branch_labels.py
[2022-08-29T21:06:19.986-0400] {processor.py:640} INFO - Processing file /Users/jl/Documents/Repos/GHC-2022-data-engineering-workshop/venv/lib/python3.8/site-packages/airflow/example_dags/example_branch_labels.py for tasks to queue
[2022-08-29T21:06:19.986-0400] {logging_mixin.py:115} INFO - [2022-08-29T21:06:19.986-0400] {dagbag.py:508} INFO - Filling up the DagBag from /Users/jl/Documents/Repos/GHC-2022-data-engineering-workshop/venv/lib/python3.8/site-packages/airflow/example_dags/example_branch_labels.py
[2022-08-29T21:06:20.006-0400] {processor.py:650} INFO - DAG(s) dict_keys(['example_branch_labels']) retrieved from /Users/jl/Documents/Repos/GHC-2022-data-engineering-workshop/venv/lib/python3.8/site-packages/airflow/example_dags/example_branch_labels.py
[2022-08-29T21:06:20.085-0400] {logging_mixin.py:115} INFO - [2022-08-29T21:06:20.085-0400] {dag.py:2429} INFO - Sync 1 DAGs
[2022-08-29T21:06:20.104-0400] {logging_mixin.py:115} INFO - [2022-08-29T21:06:20.104-0400] {dag.py:2977} INFO - Setting next_dagrun for example_branch_labels to 2022-08-29T00:00:00+00:00, run_after=2022-08-30T00:00:00+00:00
[2022-08-29T21:06:20.120-0400] {processor.py:161} INFO - Processing /Users/jl/Documents/Repos/GHC-2022-data-engineering-workshop/venv/lib/python3.8/site-packages/airflow/example_dags/example_branch_labels.py took 0.143 seconds
[2022-08-29T21:07:52.651-0400] {processor.py:153} INFO - Started process (PID=18204) to work on /Users/jl/Documents/Repos/GHC-2022-data-engineering-workshop/venv/lib/python3.8/site-packages/airflow/example_dags/example_branch_labels.py
[2022-08-29T21:07:52.659-0400] {processor.py:640} INFO - Processing file /Users/jl/Documents/Repos/GHC-2022-data-engineering-workshop/venv/lib/python3.8/site-packages/airflow/example_dags/example_branch_labels.py for tasks to queue
[2022-08-29T21:07:52.660-0400] {logging_mixin.py:115} INFO - [2022-08-29T21:07:52.660-0400] {dagbag.py:508} INFO - Filling up the DagBag from /Users/jl/Documents/Repos/GHC-2022-data-engineering-workshop/venv/lib/python3.8/site-packages/airflow/example_dags/example_branch_labels.py
[2022-08-29T21:07:52.677-0400] {processor.py:650} INFO - DAG(s) dict_keys(['example_branch_labels']) retrieved from /Users/jl/Documents/Repos/GHC-2022-data-engineering-workshop/venv/lib/python3.8/site-packages/airflow/example_dags/example_branch_labels.py
[2022-08-29T21:07:52.754-0400] {logging_mixin.py:115} INFO - [2022-08-29T21:07:52.754-0400] {dag.py:2429} INFO - Sync 1 DAGs
[2022-08-29T21:07:52.773-0400] {logging_mixin.py:115} INFO - [2022-08-29T21:07:52.773-0400] {dag.py:2977} INFO - Setting next_dagrun for example_branch_labels to 2022-08-29T00:00:00+00:00, run_after=2022-08-30T00:00:00+00:00
[2022-08-29T21:07:52.789-0400] {processor.py:161} INFO - Processing /Users/jl/Documents/Repos/GHC-2022-data-engineering-workshop/venv/lib/python3.8/site-packages/airflow/example_dags/example_branch_labels.py took 0.139 seconds
[2022-08-29T21:09:32.234-0400] {processor.py:153} INFO - Started process (PID=18294) to work on /Users/jl/Documents/Repos/GHC-2022-data-engineering-workshop/venv/lib/python3.8/site-packages/airflow/example_dags/example_branch_labels.py
[2022-08-29T21:09:32.242-0400] {processor.py:640} INFO - Processing file /Users/jl/Documents/Repos/GHC-2022-data-engineering-workshop/venv/lib/python3.8/site-packages/airflow/example_dags/example_branch_labels.py for tasks to queue
[2022-08-29T21:09:32.242-0400] {logging_mixin.py:115} INFO - [2022-08-29T21:09:32.242-0400] {dagbag.py:508} INFO - Filling up the DagBag from /Users/jl/Documents/Repos/GHC-2022-data-engineering-workshop/venv/lib/python3.8/site-packages/airflow/example_dags/example_branch_labels.py
[2022-08-29T21:09:32.259-0400] {processor.py:650} INFO - DAG(s) dict_keys(['example_branch_labels']) retrieved from /Users/jl/Documents/Repos/GHC-2022-data-engineering-workshop/venv/lib/python3.8/site-packages/airflow/example_dags/example_branch_labels.py
[2022-08-29T21:09:32.335-0400] {logging_mixin.py:115} INFO - [2022-08-29T21:09:32.335-0400] {dag.py:2429} INFO - Sync 1 DAGs
[2022-08-29T21:09:32.354-0400] {logging_mixin.py:115} INFO - [2022-08-29T21:09:32.354-0400] {dag.py:2977} INFO - Setting next_dagrun for example_branch_labels to 2022-08-29T00:00:00+00:00, run_after=2022-08-30T00:00:00+00:00
[2022-08-29T21:09:32.370-0400] {processor.py:161} INFO - Processing /Users/jl/Documents/Repos/GHC-2022-data-engineering-workshop/venv/lib/python3.8/site-packages/airflow/example_dags/example_branch_labels.py took 0.137 seconds
[2022-08-29T21:11:12.894-0400] {processor.py:153} INFO - Started process (PID=18378) to work on /Users/jl/Documents/Repos/GHC-2022-data-engineering-workshop/venv/lib/python3.8/site-packages/airflow/example_dags/example_branch_labels.py
[2022-08-29T21:11:12.902-0400] {processor.py:640} INFO - Processing file /Users/jl/Documents/Repos/GHC-2022-data-engineering-workshop/venv/lib/python3.8/site-packages/airflow/example_dags/example_branch_labels.py for tasks to queue
[2022-08-29T21:11:12.903-0400] {logging_mixin.py:115} INFO - [2022-08-29T21:11:12.903-0400] {dagbag.py:508} INFO - Filling up the DagBag from /Users/jl/Documents/Repos/GHC-2022-data-engineering-workshop/venv/lib/python3.8/site-packages/airflow/example_dags/example_branch_labels.py
[2022-08-29T21:11:12.919-0400] {processor.py:650} INFO - DAG(s) dict_keys(['example_branch_labels']) retrieved from /Users/jl/Documents/Repos/GHC-2022-data-engineering-workshop/venv/lib/python3.8/site-packages/airflow/example_dags/example_branch_labels.py
[2022-08-29T21:11:12.997-0400] {logging_mixin.py:115} INFO - [2022-08-29T21:11:12.996-0400] {dag.py:2429} INFO - Sync 1 DAGs
[2022-08-29T21:11:13.015-0400] {logging_mixin.py:115} INFO - [2022-08-29T21:11:13.015-0400] {dag.py:2977} INFO - Setting next_dagrun for example_branch_labels to 2022-08-29T00:00:00+00:00, run_after=2022-08-30T00:00:00+00:00
[2022-08-29T21:11:13.032-0400] {processor.py:161} INFO - Processing /Users/jl/Documents/Repos/GHC-2022-data-engineering-workshop/venv/lib/python3.8/site-packages/airflow/example_dags/example_branch_labels.py took 0.139 seconds
[2022-08-29T21:12:58.609-0400] {processor.py:153} INFO - Started process (PID=18484) to work on /Users/jl/Documents/Repos/GHC-2022-data-engineering-workshop/venv/lib/python3.8/site-packages/airflow/example_dags/example_branch_labels.py
[2022-08-29T21:12:58.619-0400] {processor.py:640} INFO - Processing file /Users/jl/Documents/Repos/GHC-2022-data-engineering-workshop/venv/lib/python3.8/site-packages/airflow/example_dags/example_branch_labels.py for tasks to queue
[2022-08-29T21:12:58.620-0400] {logging_mixin.py:115} INFO - [2022-08-29T21:12:58.620-0400] {dagbag.py:508} INFO - Filling up the DagBag from /Users/jl/Documents/Repos/GHC-2022-data-engineering-workshop/venv/lib/python3.8/site-packages/airflow/example_dags/example_branch_labels.py
[2022-08-29T21:12:58.637-0400] {processor.py:650} INFO - DAG(s) dict_keys(['example_branch_labels']) retrieved from /Users/jl/Documents/Repos/GHC-2022-data-engineering-workshop/venv/lib/python3.8/site-packages/airflow/example_dags/example_branch_labels.py
[2022-08-29T21:12:58.713-0400] {logging_mixin.py:115} INFO - [2022-08-29T21:12:58.712-0400] {dag.py:2429} INFO - Sync 1 DAGs
[2022-08-29T21:12:58.732-0400] {logging_mixin.py:115} INFO - [2022-08-29T21:12:58.732-0400] {dag.py:2977} INFO - Setting next_dagrun for example_branch_labels to 2022-08-29T00:00:00+00:00, run_after=2022-08-30T00:00:00+00:00
[2022-08-29T21:12:58.748-0400] {processor.py:161} INFO - Processing /Users/jl/Documents/Repos/GHC-2022-data-engineering-workshop/venv/lib/python3.8/site-packages/airflow/example_dags/example_branch_labels.py took 0.140 seconds
[2022-08-29T21:14:50.699-0400] {processor.py:153} INFO - Started process (PID=18603) to work on /Users/jl/Documents/Repos/GHC-2022-data-engineering-workshop/venv/lib/python3.8/site-packages/airflow/example_dags/example_branch_labels.py
[2022-08-29T21:14:50.709-0400] {processor.py:640} INFO - Processing file /Users/jl/Documents/Repos/GHC-2022-data-engineering-workshop/venv/lib/python3.8/site-packages/airflow/example_dags/example_branch_labels.py for tasks to queue
[2022-08-29T21:14:50.710-0400] {logging_mixin.py:115} INFO - [2022-08-29T21:14:50.709-0400] {dagbag.py:508} INFO - Filling up the DagBag from /Users/jl/Documents/Repos/GHC-2022-data-engineering-workshop/venv/lib/python3.8/site-packages/airflow/example_dags/example_branch_labels.py
[2022-08-29T21:14:50.728-0400] {processor.py:650} INFO - DAG(s) dict_keys(['example_branch_labels']) retrieved from /Users/jl/Documents/Repos/GHC-2022-data-engineering-workshop/venv/lib/python3.8/site-packages/airflow/example_dags/example_branch_labels.py
[2022-08-29T21:14:50.805-0400] {logging_mixin.py:115} INFO - [2022-08-29T21:14:50.805-0400] {dag.py:2429} INFO - Sync 1 DAGs
[2022-08-29T21:14:50.824-0400] {logging_mixin.py:115} INFO - [2022-08-29T21:14:50.824-0400] {dag.py:2977} INFO - Setting next_dagrun for example_branch_labels to 2022-08-29T00:00:00+00:00, run_after=2022-08-30T00:00:00+00:00
[2022-08-29T21:14:50.839-0400] {processor.py:161} INFO - Processing /Users/jl/Documents/Repos/GHC-2022-data-engineering-workshop/venv/lib/python3.8/site-packages/airflow/example_dags/example_branch_labels.py took 0.141 seconds
[2022-08-29T21:16:24.885-0400] {processor.py:153} INFO - Started process (PID=18688) to work on /Users/jl/Documents/Repos/GHC-2022-data-engineering-workshop/venv/lib/python3.8/site-packages/airflow/example_dags/example_branch_labels.py
[2022-08-29T21:16:24.893-0400] {processor.py:640} INFO - Processing file /Users/jl/Documents/Repos/GHC-2022-data-engineering-workshop/venv/lib/python3.8/site-packages/airflow/example_dags/example_branch_labels.py for tasks to queue
[2022-08-29T21:16:24.894-0400] {logging_mixin.py:115} INFO - [2022-08-29T21:16:24.894-0400] {dagbag.py:508} INFO - Filling up the DagBag from /Users/jl/Documents/Repos/GHC-2022-data-engineering-workshop/venv/lib/python3.8/site-packages/airflow/example_dags/example_branch_labels.py
[2022-08-29T21:16:24.910-0400] {processor.py:650} INFO - DAG(s) dict_keys(['example_branch_labels']) retrieved from /Users/jl/Documents/Repos/GHC-2022-data-engineering-workshop/venv/lib/python3.8/site-packages/airflow/example_dags/example_branch_labels.py
[2022-08-29T21:16:24.988-0400] {logging_mixin.py:115} INFO - [2022-08-29T21:16:24.987-0400] {dag.py:2429} INFO - Sync 1 DAGs
[2022-08-29T21:16:25.006-0400] {logging_mixin.py:115} INFO - [2022-08-29T21:16:25.006-0400] {dag.py:2977} INFO - Setting next_dagrun for example_branch_labels to 2022-08-29T00:00:00+00:00, run_after=2022-08-30T00:00:00+00:00
[2022-08-29T21:16:25.022-0400] {processor.py:161} INFO - Processing /Users/jl/Documents/Repos/GHC-2022-data-engineering-workshop/venv/lib/python3.8/site-packages/airflow/example_dags/example_branch_labels.py took 0.138 seconds
[2022-08-29T21:17:55.812-0400] {processor.py:153} INFO - Started process (PID=18778) to work on /Users/jl/Documents/Repos/GHC-2022-data-engineering-workshop/venv/lib/python3.8/site-packages/airflow/example_dags/example_branch_labels.py
[2022-08-29T21:17:55.820-0400] {processor.py:640} INFO - Processing file /Users/jl/Documents/Repos/GHC-2022-data-engineering-workshop/venv/lib/python3.8/site-packages/airflow/example_dags/example_branch_labels.py for tasks to queue
[2022-08-29T21:17:55.820-0400] {logging_mixin.py:115} INFO - [2022-08-29T21:17:55.820-0400] {dagbag.py:508} INFO - Filling up the DagBag from /Users/jl/Documents/Repos/GHC-2022-data-engineering-workshop/venv/lib/python3.8/site-packages/airflow/example_dags/example_branch_labels.py
[2022-08-29T21:17:55.837-0400] {processor.py:650} INFO - DAG(s) dict_keys(['example_branch_labels']) retrieved from /Users/jl/Documents/Repos/GHC-2022-data-engineering-workshop/venv/lib/python3.8/site-packages/airflow/example_dags/example_branch_labels.py
[2022-08-29T21:17:55.917-0400] {logging_mixin.py:115} INFO - [2022-08-29T21:17:55.917-0400] {dag.py:2429} INFO - Sync 1 DAGs
[2022-08-29T21:17:55.937-0400] {logging_mixin.py:115} INFO - [2022-08-29T21:17:55.937-0400] {dag.py:2977} INFO - Setting next_dagrun for example_branch_labels to 2022-08-29T00:00:00+00:00, run_after=2022-08-30T00:00:00+00:00
[2022-08-29T21:17:55.953-0400] {processor.py:161} INFO - Processing /Users/jl/Documents/Repos/GHC-2022-data-engineering-workshop/venv/lib/python3.8/site-packages/airflow/example_dags/example_branch_labels.py took 0.143 seconds
[2022-08-29T21:19:32.144-0400] {processor.py:153} INFO - Started process (PID=18862) to work on /Users/jl/Documents/Repos/GHC-2022-data-engineering-workshop/venv/lib/python3.8/site-packages/airflow/example_dags/example_branch_labels.py
[2022-08-29T21:19:32.154-0400] {processor.py:640} INFO - Processing file /Users/jl/Documents/Repos/GHC-2022-data-engineering-workshop/venv/lib/python3.8/site-packages/airflow/example_dags/example_branch_labels.py for tasks to queue
[2022-08-29T21:19:32.155-0400] {logging_mixin.py:115} INFO - [2022-08-29T21:19:32.155-0400] {dagbag.py:508} INFO - Filling up the DagBag from /Users/jl/Documents/Repos/GHC-2022-data-engineering-workshop/venv/lib/python3.8/site-packages/airflow/example_dags/example_branch_labels.py
[2022-08-29T21:19:32.174-0400] {processor.py:650} INFO - DAG(s) dict_keys(['example_branch_labels']) retrieved from /Users/jl/Documents/Repos/GHC-2022-data-engineering-workshop/venv/lib/python3.8/site-packages/airflow/example_dags/example_branch_labels.py
[2022-08-29T21:19:32.251-0400] {logging_mixin.py:115} INFO - [2022-08-29T21:19:32.251-0400] {dag.py:2429} INFO - Sync 1 DAGs
[2022-08-29T21:19:32.271-0400] {logging_mixin.py:115} INFO - [2022-08-29T21:19:32.271-0400] {dag.py:2977} INFO - Setting next_dagrun for example_branch_labels to 2022-08-29T00:00:00+00:00, run_after=2022-08-30T00:00:00+00:00
[2022-08-29T21:19:32.285-0400] {processor.py:161} INFO - Processing /Users/jl/Documents/Repos/GHC-2022-data-engineering-workshop/venv/lib/python3.8/site-packages/airflow/example_dags/example_branch_labels.py took 0.141 seconds
[2022-08-29T21:21:05.577-0400] {processor.py:153} INFO - Started process (PID=18948) to work on /Users/jl/Documents/Repos/GHC-2022-data-engineering-workshop/venv/lib/python3.8/site-packages/airflow/example_dags/example_branch_labels.py
[2022-08-29T21:21:05.585-0400] {processor.py:640} INFO - Processing file /Users/jl/Documents/Repos/GHC-2022-data-engineering-workshop/venv/lib/python3.8/site-packages/airflow/example_dags/example_branch_labels.py for tasks to queue
[2022-08-29T21:21:05.585-0400] {logging_mixin.py:115} INFO - [2022-08-29T21:21:05.585-0400] {dagbag.py:508} INFO - Filling up the DagBag from /Users/jl/Documents/Repos/GHC-2022-data-engineering-workshop/venv/lib/python3.8/site-packages/airflow/example_dags/example_branch_labels.py
[2022-08-29T21:21:05.602-0400] {processor.py:650} INFO - DAG(s) dict_keys(['example_branch_labels']) retrieved from /Users/jl/Documents/Repos/GHC-2022-data-engineering-workshop/venv/lib/python3.8/site-packages/airflow/example_dags/example_branch_labels.py
[2022-08-29T21:21:05.680-0400] {logging_mixin.py:115} INFO - [2022-08-29T21:21:05.680-0400] {dag.py:2429} INFO - Sync 1 DAGs
[2022-08-29T21:21:05.699-0400] {logging_mixin.py:115} INFO - [2022-08-29T21:21:05.699-0400] {dag.py:2977} INFO - Setting next_dagrun for example_branch_labels to 2022-08-29T00:00:00+00:00, run_after=2022-08-30T00:00:00+00:00
[2022-08-29T21:21:05.715-0400] {processor.py:161} INFO - Processing /Users/jl/Documents/Repos/GHC-2022-data-engineering-workshop/venv/lib/python3.8/site-packages/airflow/example_dags/example_branch_labels.py took 0.139 seconds
[2022-08-29T21:22:42.871-0400] {processor.py:153} INFO - Started process (PID=19036) to work on /Users/jl/Documents/Repos/GHC-2022-data-engineering-workshop/venv/lib/python3.8/site-packages/airflow/example_dags/example_branch_labels.py
[2022-08-29T21:22:42.880-0400] {processor.py:640} INFO - Processing file /Users/jl/Documents/Repos/GHC-2022-data-engineering-workshop/venv/lib/python3.8/site-packages/airflow/example_dags/example_branch_labels.py for tasks to queue
[2022-08-29T21:22:42.880-0400] {logging_mixin.py:115} INFO - [2022-08-29T21:22:42.880-0400] {dagbag.py:508} INFO - Filling up the DagBag from /Users/jl/Documents/Repos/GHC-2022-data-engineering-workshop/venv/lib/python3.8/site-packages/airflow/example_dags/example_branch_labels.py
[2022-08-29T21:22:42.897-0400] {processor.py:650} INFO - DAG(s) dict_keys(['example_branch_labels']) retrieved from /Users/jl/Documents/Repos/GHC-2022-data-engineering-workshop/venv/lib/python3.8/site-packages/airflow/example_dags/example_branch_labels.py
[2022-08-29T21:22:42.975-0400] {logging_mixin.py:115} INFO - [2022-08-29T21:22:42.975-0400] {dag.py:2429} INFO - Sync 1 DAGs
[2022-08-29T21:22:42.995-0400] {logging_mixin.py:115} INFO - [2022-08-29T21:22:42.995-0400] {dag.py:2977} INFO - Setting next_dagrun for example_branch_labels to 2022-08-29T00:00:00+00:00, run_after=2022-08-30T00:00:00+00:00
[2022-08-29T21:22:43.010-0400] {processor.py:161} INFO - Processing /Users/jl/Documents/Repos/GHC-2022-data-engineering-workshop/venv/lib/python3.8/site-packages/airflow/example_dags/example_branch_labels.py took 0.140 seconds
[2022-08-29T21:24:20.439-0400] {processor.py:153} INFO - Started process (PID=19126) to work on /Users/jl/Documents/Repos/GHC-2022-data-engineering-workshop/venv/lib/python3.8/site-packages/airflow/example_dags/example_branch_labels.py
[2022-08-29T21:24:20.447-0400] {processor.py:640} INFO - Processing file /Users/jl/Documents/Repos/GHC-2022-data-engineering-workshop/venv/lib/python3.8/site-packages/airflow/example_dags/example_branch_labels.py for tasks to queue
[2022-08-29T21:24:20.448-0400] {logging_mixin.py:115} INFO - [2022-08-29T21:24:20.448-0400] {dagbag.py:508} INFO - Filling up the DagBag from /Users/jl/Documents/Repos/GHC-2022-data-engineering-workshop/venv/lib/python3.8/site-packages/airflow/example_dags/example_branch_labels.py
[2022-08-29T21:24:20.464-0400] {processor.py:650} INFO - DAG(s) dict_keys(['example_branch_labels']) retrieved from /Users/jl/Documents/Repos/GHC-2022-data-engineering-workshop/venv/lib/python3.8/site-packages/airflow/example_dags/example_branch_labels.py
[2022-08-29T21:24:20.542-0400] {logging_mixin.py:115} INFO - [2022-08-29T21:24:20.542-0400] {dag.py:2429} INFO - Sync 1 DAGs
[2022-08-29T21:24:20.561-0400] {logging_mixin.py:115} INFO - [2022-08-29T21:24:20.561-0400] {dag.py:2977} INFO - Setting next_dagrun for example_branch_labels to 2022-08-29T00:00:00+00:00, run_after=2022-08-30T00:00:00+00:00
[2022-08-29T21:24:20.577-0400] {processor.py:161} INFO - Processing /Users/jl/Documents/Repos/GHC-2022-data-engineering-workshop/venv/lib/python3.8/site-packages/airflow/example_dags/example_branch_labels.py took 0.139 seconds
[2022-08-29T21:25:55.889-0400] {processor.py:153} INFO - Started process (PID=19210) to work on /Users/jl/Documents/Repos/GHC-2022-data-engineering-workshop/venv/lib/python3.8/site-packages/airflow/example_dags/example_branch_labels.py
[2022-08-29T21:25:55.899-0400] {processor.py:640} INFO - Processing file /Users/jl/Documents/Repos/GHC-2022-data-engineering-workshop/venv/lib/python3.8/site-packages/airflow/example_dags/example_branch_labels.py for tasks to queue
[2022-08-29T21:25:55.899-0400] {logging_mixin.py:115} INFO - [2022-08-29T21:25:55.899-0400] {dagbag.py:508} INFO - Filling up the DagBag from /Users/jl/Documents/Repos/GHC-2022-data-engineering-workshop/venv/lib/python3.8/site-packages/airflow/example_dags/example_branch_labels.py
[2022-08-29T21:25:55.917-0400] {processor.py:650} INFO - DAG(s) dict_keys(['example_branch_labels']) retrieved from /Users/jl/Documents/Repos/GHC-2022-data-engineering-workshop/venv/lib/python3.8/site-packages/airflow/example_dags/example_branch_labels.py
[2022-08-29T21:25:55.995-0400] {logging_mixin.py:115} INFO - [2022-08-29T21:25:55.994-0400] {dag.py:2429} INFO - Sync 1 DAGs
[2022-08-29T21:25:56.014-0400] {logging_mixin.py:115} INFO - [2022-08-29T21:25:56.014-0400] {dag.py:2977} INFO - Setting next_dagrun for example_branch_labels to 2022-08-29T00:00:00+00:00, run_after=2022-08-30T00:00:00+00:00
[2022-08-29T21:25:56.030-0400] {processor.py:161} INFO - Processing /Users/jl/Documents/Repos/GHC-2022-data-engineering-workshop/venv/lib/python3.8/site-packages/airflow/example_dags/example_branch_labels.py took 0.141 seconds
[2022-08-29T21:27:34.081-0400] {processor.py:153} INFO - Started process (PID=19296) to work on /Users/jl/Documents/Repos/GHC-2022-data-engineering-workshop/venv/lib/python3.8/site-packages/airflow/example_dags/example_branch_labels.py
[2022-08-29T21:27:34.095-0400] {processor.py:640} INFO - Processing file /Users/jl/Documents/Repos/GHC-2022-data-engineering-workshop/venv/lib/python3.8/site-packages/airflow/example_dags/example_branch_labels.py for tasks to queue
[2022-08-29T21:27:34.096-0400] {logging_mixin.py:115} INFO - [2022-08-29T21:27:34.096-0400] {dagbag.py:508} INFO - Filling up the DagBag from /Users/jl/Documents/Repos/GHC-2022-data-engineering-workshop/venv/lib/python3.8/site-packages/airflow/example_dags/example_branch_labels.py
[2022-08-29T21:27:34.125-0400] {processor.py:650} INFO - DAG(s) dict_keys(['example_branch_labels']) retrieved from /Users/jl/Documents/Repos/GHC-2022-data-engineering-workshop/venv/lib/python3.8/site-packages/airflow/example_dags/example_branch_labels.py
[2022-08-29T21:27:34.248-0400] {logging_mixin.py:115} INFO - [2022-08-29T21:27:34.248-0400] {dag.py:2429} INFO - Sync 1 DAGs
[2022-08-29T21:27:34.301-0400] {logging_mixin.py:115} INFO - [2022-08-29T21:27:34.301-0400] {dag.py:2977} INFO - Setting next_dagrun for example_branch_labels to 2022-08-29T00:00:00+00:00, run_after=2022-08-30T00:00:00+00:00
[2022-08-29T21:27:34.322-0400] {processor.py:161} INFO - Processing /Users/jl/Documents/Repos/GHC-2022-data-engineering-workshop/venv/lib/python3.8/site-packages/airflow/example_dags/example_branch_labels.py took 0.242 seconds
[2022-08-29T21:29:11.995-0400] {processor.py:153} INFO - Started process (PID=19392) to work on /Users/jl/Documents/Repos/GHC-2022-data-engineering-workshop/venv/lib/python3.8/site-packages/airflow/example_dags/example_branch_labels.py
[2022-08-29T21:29:12.003-0400] {processor.py:640} INFO - Processing file /Users/jl/Documents/Repos/GHC-2022-data-engineering-workshop/venv/lib/python3.8/site-packages/airflow/example_dags/example_branch_labels.py for tasks to queue
[2022-08-29T21:29:12.004-0400] {logging_mixin.py:115} INFO - [2022-08-29T21:29:12.004-0400] {dagbag.py:508} INFO - Filling up the DagBag from /Users/jl/Documents/Repos/GHC-2022-data-engineering-workshop/venv/lib/python3.8/site-packages/airflow/example_dags/example_branch_labels.py
[2022-08-29T21:29:12.020-0400] {processor.py:650} INFO - DAG(s) dict_keys(['example_branch_labels']) retrieved from /Users/jl/Documents/Repos/GHC-2022-data-engineering-workshop/venv/lib/python3.8/site-packages/airflow/example_dags/example_branch_labels.py
[2022-08-29T21:29:12.098-0400] {logging_mixin.py:115} INFO - [2022-08-29T21:29:12.098-0400] {dag.py:2429} INFO - Sync 1 DAGs
[2022-08-29T21:29:12.117-0400] {logging_mixin.py:115} INFO - [2022-08-29T21:29:12.116-0400] {dag.py:2977} INFO - Setting next_dagrun for example_branch_labels to 2022-08-29T00:00:00+00:00, run_after=2022-08-30T00:00:00+00:00
[2022-08-29T21:29:12.132-0400] {processor.py:161} INFO - Processing /Users/jl/Documents/Repos/GHC-2022-data-engineering-workshop/venv/lib/python3.8/site-packages/airflow/example_dags/example_branch_labels.py took 0.138 seconds
[2022-08-29T21:31:00.138-0400] {processor.py:153} INFO - Started process (PID=19481) to work on /Users/jl/Documents/Repos/GHC-2022-data-engineering-workshop/venv/lib/python3.8/site-packages/airflow/example_dags/example_branch_labels.py
[2022-08-29T21:31:00.148-0400] {processor.py:640} INFO - Processing file /Users/jl/Documents/Repos/GHC-2022-data-engineering-workshop/venv/lib/python3.8/site-packages/airflow/example_dags/example_branch_labels.py for tasks to queue
[2022-08-29T21:31:00.148-0400] {logging_mixin.py:115} INFO - [2022-08-29T21:31:00.148-0400] {dagbag.py:508} INFO - Filling up the DagBag from /Users/jl/Documents/Repos/GHC-2022-data-engineering-workshop/venv/lib/python3.8/site-packages/airflow/example_dags/example_branch_labels.py
[2022-08-29T21:31:00.170-0400] {processor.py:650} INFO - DAG(s) dict_keys(['example_branch_labels']) retrieved from /Users/jl/Documents/Repos/GHC-2022-data-engineering-workshop/venv/lib/python3.8/site-packages/airflow/example_dags/example_branch_labels.py
[2022-08-29T21:31:00.259-0400] {logging_mixin.py:115} INFO - [2022-08-29T21:31:00.259-0400] {dag.py:2429} INFO - Sync 1 DAGs
[2022-08-29T21:31:00.279-0400] {logging_mixin.py:115} INFO - [2022-08-29T21:31:00.279-0400] {dag.py:2977} INFO - Setting next_dagrun for example_branch_labels to 2022-08-29T00:00:00+00:00, run_after=2022-08-30T00:00:00+00:00
[2022-08-29T21:31:00.294-0400] {processor.py:161} INFO - Processing /Users/jl/Documents/Repos/GHC-2022-data-engineering-workshop/venv/lib/python3.8/site-packages/airflow/example_dags/example_branch_labels.py took 0.158 seconds
[2022-08-29T21:32:54.495-0400] {processor.py:153} INFO - Started process (PID=19591) to work on /Users/jl/Documents/Repos/GHC-2022-data-engineering-workshop/venv/lib/python3.8/site-packages/airflow/example_dags/example_branch_labels.py
[2022-08-29T21:32:54.505-0400] {processor.py:640} INFO - Processing file /Users/jl/Documents/Repos/GHC-2022-data-engineering-workshop/venv/lib/python3.8/site-packages/airflow/example_dags/example_branch_labels.py for tasks to queue
[2022-08-29T21:32:54.506-0400] {logging_mixin.py:115} INFO - [2022-08-29T21:32:54.506-0400] {dagbag.py:508} INFO - Filling up the DagBag from /Users/jl/Documents/Repos/GHC-2022-data-engineering-workshop/venv/lib/python3.8/site-packages/airflow/example_dags/example_branch_labels.py
[2022-08-29T21:32:54.524-0400] {processor.py:650} INFO - DAG(s) dict_keys(['example_branch_labels']) retrieved from /Users/jl/Documents/Repos/GHC-2022-data-engineering-workshop/venv/lib/python3.8/site-packages/airflow/example_dags/example_branch_labels.py
[2022-08-29T21:32:54.603-0400] {logging_mixin.py:115} INFO - [2022-08-29T21:32:54.603-0400] {dag.py:2429} INFO - Sync 1 DAGs
[2022-08-29T21:32:54.623-0400] {logging_mixin.py:115} INFO - [2022-08-29T21:32:54.623-0400] {dag.py:2977} INFO - Setting next_dagrun for example_branch_labels to 2022-08-29T00:00:00+00:00, run_after=2022-08-30T00:00:00+00:00
[2022-08-29T21:32:54.638-0400] {processor.py:161} INFO - Processing /Users/jl/Documents/Repos/GHC-2022-data-engineering-workshop/venv/lib/python3.8/site-packages/airflow/example_dags/example_branch_labels.py took 0.144 seconds
[2022-08-29T21:35:27.226-0400] {processor.py:153} INFO - Started process (PID=19695) to work on /Users/jl/Documents/Repos/GHC-2022-data-engineering-workshop/venv/lib/python3.8/site-packages/airflow/example_dags/example_branch_labels.py
[2022-08-29T21:35:27.244-0400] {processor.py:640} INFO - Processing file /Users/jl/Documents/Repos/GHC-2022-data-engineering-workshop/venv/lib/python3.8/site-packages/airflow/example_dags/example_branch_labels.py for tasks to queue
[2022-08-29T21:35:27.245-0400] {logging_mixin.py:115} INFO - [2022-08-29T21:35:27.244-0400] {dagbag.py:508} INFO - Filling up the DagBag from /Users/jl/Documents/Repos/GHC-2022-data-engineering-workshop/venv/lib/python3.8/site-packages/airflow/example_dags/example_branch_labels.py
[2022-08-29T21:35:27.269-0400] {processor.py:650} INFO - DAG(s) dict_keys(['example_branch_labels']) retrieved from /Users/jl/Documents/Repos/GHC-2022-data-engineering-workshop/venv/lib/python3.8/site-packages/airflow/example_dags/example_branch_labels.py
[2022-08-29T21:35:27.369-0400] {logging_mixin.py:115} INFO - [2022-08-29T21:35:27.369-0400] {dag.py:2429} INFO - Sync 1 DAGs
[2022-08-29T21:35:27.395-0400] {logging_mixin.py:115} INFO - [2022-08-29T21:35:27.394-0400] {dag.py:2977} INFO - Setting next_dagrun for example_branch_labels to 2022-08-29T00:00:00+00:00, run_after=2022-08-30T00:00:00+00:00
[2022-08-29T21:35:27.422-0400] {processor.py:161} INFO - Processing /Users/jl/Documents/Repos/GHC-2022-data-engineering-workshop/venv/lib/python3.8/site-packages/airflow/example_dags/example_branch_labels.py took 0.197 seconds
[2022-08-29T21:38:22.770-0400] {processor.py:153} INFO - Started process (PID=19802) to work on /Users/jl/Documents/Repos/GHC-2022-data-engineering-workshop/venv/lib/python3.8/site-packages/airflow/example_dags/example_branch_labels.py
[2022-08-29T21:38:22.783-0400] {processor.py:640} INFO - Processing file /Users/jl/Documents/Repos/GHC-2022-data-engineering-workshop/venv/lib/python3.8/site-packages/airflow/example_dags/example_branch_labels.py for tasks to queue
[2022-08-29T21:38:22.783-0400] {logging_mixin.py:115} INFO - [2022-08-29T21:38:22.783-0400] {dagbag.py:508} INFO - Filling up the DagBag from /Users/jl/Documents/Repos/GHC-2022-data-engineering-workshop/venv/lib/python3.8/site-packages/airflow/example_dags/example_branch_labels.py
[2022-08-29T21:38:22.803-0400] {processor.py:650} INFO - DAG(s) dict_keys(['example_branch_labels']) retrieved from /Users/jl/Documents/Repos/GHC-2022-data-engineering-workshop/venv/lib/python3.8/site-packages/airflow/example_dags/example_branch_labels.py
[2022-08-29T21:38:22.905-0400] {logging_mixin.py:115} INFO - [2022-08-29T21:38:22.904-0400] {dag.py:2429} INFO - Sync 1 DAGs
[2022-08-29T21:38:22.938-0400] {logging_mixin.py:115} INFO - [2022-08-29T21:38:22.937-0400] {dag.py:2977} INFO - Setting next_dagrun for example_branch_labels to 2022-08-29T00:00:00+00:00, run_after=2022-08-30T00:00:00+00:00
[2022-08-29T21:38:22.962-0400] {processor.py:161} INFO - Processing /Users/jl/Documents/Repos/GHC-2022-data-engineering-workshop/venv/lib/python3.8/site-packages/airflow/example_dags/example_branch_labels.py took 0.193 seconds
[2022-08-29T21:41:01.129-0400] {processor.py:153} INFO - Started process (PID=19906) to work on /Users/jl/Documents/Repos/GHC-2022-data-engineering-workshop/venv/lib/python3.8/site-packages/airflow/example_dags/example_branch_labels.py
[2022-08-29T21:41:01.140-0400] {processor.py:640} INFO - Processing file /Users/jl/Documents/Repos/GHC-2022-data-engineering-workshop/venv/lib/python3.8/site-packages/airflow/example_dags/example_branch_labels.py for tasks to queue
[2022-08-29T21:41:01.141-0400] {logging_mixin.py:115} INFO - [2022-08-29T21:41:01.140-0400] {dagbag.py:508} INFO - Filling up the DagBag from /Users/jl/Documents/Repos/GHC-2022-data-engineering-workshop/venv/lib/python3.8/site-packages/airflow/example_dags/example_branch_labels.py
[2022-08-29T21:41:01.163-0400] {processor.py:650} INFO - DAG(s) dict_keys(['example_branch_labels']) retrieved from /Users/jl/Documents/Repos/GHC-2022-data-engineering-workshop/venv/lib/python3.8/site-packages/airflow/example_dags/example_branch_labels.py
[2022-08-29T21:41:01.277-0400] {logging_mixin.py:115} INFO - [2022-08-29T21:41:01.277-0400] {dag.py:2429} INFO - Sync 1 DAGs
[2022-08-29T21:41:01.305-0400] {logging_mixin.py:115} INFO - [2022-08-29T21:41:01.305-0400] {dag.py:2977} INFO - Setting next_dagrun for example_branch_labels to 2022-08-29T00:00:00+00:00, run_after=2022-08-30T00:00:00+00:00
[2022-08-29T21:41:01.324-0400] {processor.py:161} INFO - Processing /Users/jl/Documents/Repos/GHC-2022-data-engineering-workshop/venv/lib/python3.8/site-packages/airflow/example_dags/example_branch_labels.py took 0.197 seconds
[2022-08-29T21:43:55.699-0400] {processor.py:153} INFO - Started process (PID=20030) to work on /Users/jl/Documents/Repos/GHC-2022-data-engineering-workshop/venv/lib/python3.8/site-packages/airflow/example_dags/example_branch_labels.py
[2022-08-29T21:43:55.711-0400] {processor.py:640} INFO - Processing file /Users/jl/Documents/Repos/GHC-2022-data-engineering-workshop/venv/lib/python3.8/site-packages/airflow/example_dags/example_branch_labels.py for tasks to queue
[2022-08-29T21:43:55.713-0400] {logging_mixin.py:115} INFO - [2022-08-29T21:43:55.711-0400] {dagbag.py:508} INFO - Filling up the DagBag from /Users/jl/Documents/Repos/GHC-2022-data-engineering-workshop/venv/lib/python3.8/site-packages/airflow/example_dags/example_branch_labels.py
[2022-08-29T21:43:55.738-0400] {processor.py:650} INFO - DAG(s) dict_keys(['example_branch_labels']) retrieved from /Users/jl/Documents/Repos/GHC-2022-data-engineering-workshop/venv/lib/python3.8/site-packages/airflow/example_dags/example_branch_labels.py
[2022-08-29T21:43:55.856-0400] {logging_mixin.py:115} INFO - [2022-08-29T21:43:55.856-0400] {dag.py:2429} INFO - Sync 1 DAGs
[2022-08-29T21:43:55.889-0400] {logging_mixin.py:115} INFO - [2022-08-29T21:43:55.889-0400] {dag.py:2977} INFO - Setting next_dagrun for example_branch_labels to 2022-08-29T00:00:00+00:00, run_after=2022-08-30T00:00:00+00:00
[2022-08-29T21:43:55.920-0400] {processor.py:161} INFO - Processing /Users/jl/Documents/Repos/GHC-2022-data-engineering-workshop/venv/lib/python3.8/site-packages/airflow/example_dags/example_branch_labels.py took 0.222 seconds
[2022-08-29T21:46:23.484-0400] {processor.py:153} INFO - Started process (PID=20133) to work on /Users/jl/Documents/Repos/GHC-2022-data-engineering-workshop/venv/lib/python3.8/site-packages/airflow/example_dags/example_branch_labels.py
[2022-08-29T21:46:23.496-0400] {processor.py:640} INFO - Processing file /Users/jl/Documents/Repos/GHC-2022-data-engineering-workshop/venv/lib/python3.8/site-packages/airflow/example_dags/example_branch_labels.py for tasks to queue
[2022-08-29T21:46:23.499-0400] {logging_mixin.py:115} INFO - [2022-08-29T21:46:23.499-0400] {dagbag.py:508} INFO - Filling up the DagBag from /Users/jl/Documents/Repos/GHC-2022-data-engineering-workshop/venv/lib/python3.8/site-packages/airflow/example_dags/example_branch_labels.py
[2022-08-29T21:46:23.525-0400] {processor.py:650} INFO - DAG(s) dict_keys(['example_branch_labels']) retrieved from /Users/jl/Documents/Repos/GHC-2022-data-engineering-workshop/venv/lib/python3.8/site-packages/airflow/example_dags/example_branch_labels.py
[2022-08-29T21:46:23.723-0400] {logging_mixin.py:115} INFO - [2022-08-29T21:46:23.721-0400] {dag.py:2429} INFO - Sync 1 DAGs
[2022-08-29T21:46:23.748-0400] {logging_mixin.py:115} INFO - [2022-08-29T21:46:23.748-0400] {dag.py:2977} INFO - Setting next_dagrun for example_branch_labels to 2022-08-29T00:00:00+00:00, run_after=2022-08-30T00:00:00+00:00
[2022-08-29T21:46:23.766-0400] {processor.py:161} INFO - Processing /Users/jl/Documents/Repos/GHC-2022-data-engineering-workshop/venv/lib/python3.8/site-packages/airflow/example_dags/example_branch_labels.py took 0.284 seconds
[2022-08-29T21:48:51.525-0400] {processor.py:153} INFO - Started process (PID=20236) to work on /Users/jl/Documents/Repos/GHC-2022-data-engineering-workshop/venv/lib/python3.8/site-packages/airflow/example_dags/example_branch_labels.py
[2022-08-29T21:48:51.535-0400] {processor.py:640} INFO - Processing file /Users/jl/Documents/Repos/GHC-2022-data-engineering-workshop/venv/lib/python3.8/site-packages/airflow/example_dags/example_branch_labels.py for tasks to queue
[2022-08-29T21:48:51.538-0400] {logging_mixin.py:115} INFO - [2022-08-29T21:48:51.538-0400] {dagbag.py:508} INFO - Filling up the DagBag from /Users/jl/Documents/Repos/GHC-2022-data-engineering-workshop/venv/lib/python3.8/site-packages/airflow/example_dags/example_branch_labels.py
[2022-08-29T21:48:51.562-0400] {processor.py:650} INFO - DAG(s) dict_keys(['example_branch_labels']) retrieved from /Users/jl/Documents/Repos/GHC-2022-data-engineering-workshop/venv/lib/python3.8/site-packages/airflow/example_dags/example_branch_labels.py
[2022-08-29T21:48:51.705-0400] {logging_mixin.py:115} INFO - [2022-08-29T21:48:51.705-0400] {dag.py:2429} INFO - Sync 1 DAGs
[2022-08-29T21:48:51.733-0400] {logging_mixin.py:115} INFO - [2022-08-29T21:48:51.733-0400] {dag.py:2977} INFO - Setting next_dagrun for example_branch_labels to 2022-08-29T00:00:00+00:00, run_after=2022-08-30T00:00:00+00:00
[2022-08-29T21:48:51.751-0400] {processor.py:161} INFO - Processing /Users/jl/Documents/Repos/GHC-2022-data-engineering-workshop/venv/lib/python3.8/site-packages/airflow/example_dags/example_branch_labels.py took 0.228 seconds
[2022-08-29T21:51:18.942-0400] {processor.py:153} INFO - Started process (PID=20337) to work on /Users/jl/Documents/Repos/GHC-2022-data-engineering-workshop/venv/lib/python3.8/site-packages/airflow/example_dags/example_branch_labels.py
[2022-08-29T21:51:18.954-0400] {processor.py:640} INFO - Processing file /Users/jl/Documents/Repos/GHC-2022-data-engineering-workshop/venv/lib/python3.8/site-packages/airflow/example_dags/example_branch_labels.py for tasks to queue
[2022-08-29T21:51:18.954-0400] {logging_mixin.py:115} INFO - [2022-08-29T21:51:18.954-0400] {dagbag.py:508} INFO - Filling up the DagBag from /Users/jl/Documents/Repos/GHC-2022-data-engineering-workshop/venv/lib/python3.8/site-packages/airflow/example_dags/example_branch_labels.py
[2022-08-29T21:51:18.984-0400] {processor.py:650} INFO - DAG(s) dict_keys(['example_branch_labels']) retrieved from /Users/jl/Documents/Repos/GHC-2022-data-engineering-workshop/venv/lib/python3.8/site-packages/airflow/example_dags/example_branch_labels.py
[2022-08-29T21:51:19.088-0400] {logging_mixin.py:115} INFO - [2022-08-29T21:51:19.088-0400] {dag.py:2429} INFO - Sync 1 DAGs
[2022-08-29T21:51:19.111-0400] {logging_mixin.py:115} INFO - [2022-08-29T21:51:19.111-0400] {dag.py:2977} INFO - Setting next_dagrun for example_branch_labels to 2022-08-29T00:00:00+00:00, run_after=2022-08-30T00:00:00+00:00
[2022-08-29T21:51:19.128-0400] {processor.py:161} INFO - Processing /Users/jl/Documents/Repos/GHC-2022-data-engineering-workshop/venv/lib/python3.8/site-packages/airflow/example_dags/example_branch_labels.py took 0.188 seconds
