[2022-08-29T20:00:54.177-0400] {processor.py:153} INFO - Started process (PID=14393) to work on /Users/jl/Documents/Repos/GHC-2022-data-engineering-workshop/venv/lib/python3.8/site-packages/airflow/example_dags/example_subdag_operator.py
[2022-08-29T20:00:54.185-0400] {processor.py:640} INFO - Processing file /Users/jl/Documents/Repos/GHC-2022-data-engineering-workshop/venv/lib/python3.8/site-packages/airflow/example_dags/example_subdag_operator.py for tasks to queue
[2022-08-29T20:00:54.186-0400] {logging_mixin.py:115} INFO - [2022-08-29T20:00:54.185-0400] {dagbag.py:508} INFO - Filling up the DagBag from /Users/jl/Documents/Repos/GHC-2022-data-engineering-workshop/venv/lib/python3.8/site-packages/airflow/example_dags/example_subdag_operator.py
[2022-08-29T20:00:54.261-0400] {processor.py:650} INFO - DAG(s) dict_keys(['example_subdag_operator.section-1', 'example_subdag_operator.section-2', 'example_subdag_operator']) retrieved from /Users/jl/Documents/Repos/GHC-2022-data-engineering-workshop/venv/lib/python3.8/site-packages/airflow/example_dags/example_subdag_operator.py
[2022-08-29T20:00:54.519-0400] {logging_mixin.py:115} INFO - [2022-08-29T20:00:54.519-0400] {dag.py:2429} INFO - Sync 3 DAGs
[2022-08-29T20:00:54.537-0400] {logging_mixin.py:115} INFO - [2022-08-29T20:00:54.537-0400] {dag.py:2977} INFO - Setting next_dagrun for example_subdag_operator to 2022-01-01T00:00:00+00:00, run_after=2022-01-01T00:00:00+00:00
[2022-08-29T20:00:54.538-0400] {logging_mixin.py:115} INFO - [2022-08-29T20:00:54.537-0400] {dag.py:2977} INFO - Setting next_dagrun for example_subdag_operator.section-1 to None, run_after=None
[2022-08-29T20:00:54.538-0400] {logging_mixin.py:115} INFO - [2022-08-29T20:00:54.538-0400] {dag.py:2977} INFO - Setting next_dagrun for example_subdag_operator.section-2 to None, run_after=None
[2022-08-29T20:00:54.544-0400] {logging_mixin.py:115} INFO - [2022-08-29T20:00:54.544-0400] {dag.py:2429} INFO - Sync 2 DAGs
[2022-08-29T20:00:54.549-0400] {logging_mixin.py:115} INFO - [2022-08-29T20:00:54.548-0400] {dag.py:2977} INFO - Setting next_dagrun for example_subdag_operator.section-1 to None, run_after=None
[2022-08-29T20:00:54.549-0400] {logging_mixin.py:115} INFO - [2022-08-29T20:00:54.549-0400] {dag.py:2977} INFO - Setting next_dagrun for example_subdag_operator.section-2 to None, run_after=None
[2022-08-29T20:00:54.559-0400] {processor.py:161} INFO - Processing /Users/jl/Documents/Repos/GHC-2022-data-engineering-workshop/venv/lib/python3.8/site-packages/airflow/example_dags/example_subdag_operator.py took 0.383 seconds
[2022-08-29T20:02:22.722-0400] {processor.py:153} INFO - Started process (PID=14476) to work on /Users/jl/Documents/Repos/GHC-2022-data-engineering-workshop/venv/lib/python3.8/site-packages/airflow/example_dags/example_subdag_operator.py
[2022-08-29T20:02:22.730-0400] {processor.py:640} INFO - Processing file /Users/jl/Documents/Repos/GHC-2022-data-engineering-workshop/venv/lib/python3.8/site-packages/airflow/example_dags/example_subdag_operator.py for tasks to queue
[2022-08-29T20:02:22.731-0400] {logging_mixin.py:115} INFO - [2022-08-29T20:02:22.730-0400] {dagbag.py:508} INFO - Filling up the DagBag from /Users/jl/Documents/Repos/GHC-2022-data-engineering-workshop/venv/lib/python3.8/site-packages/airflow/example_dags/example_subdag_operator.py
[2022-08-29T20:02:22.800-0400] {processor.py:650} INFO - DAG(s) dict_keys(['example_subdag_operator.section-1', 'example_subdag_operator.section-2', 'example_subdag_operator']) retrieved from /Users/jl/Documents/Repos/GHC-2022-data-engineering-workshop/venv/lib/python3.8/site-packages/airflow/example_dags/example_subdag_operator.py
[2022-08-29T20:02:22.942-0400] {logging_mixin.py:115} INFO - [2022-08-29T20:02:22.942-0400] {dag.py:2429} INFO - Sync 3 DAGs
[2022-08-29T20:02:22.960-0400] {logging_mixin.py:115} INFO - [2022-08-29T20:02:22.960-0400] {dag.py:2977} INFO - Setting next_dagrun for example_subdag_operator to 2022-01-01T00:00:00+00:00, run_after=2022-01-01T00:00:00+00:00
[2022-08-29T20:02:22.960-0400] {logging_mixin.py:115} INFO - [2022-08-29T20:02:22.960-0400] {dag.py:2977} INFO - Setting next_dagrun for example_subdag_operator.section-1 to None, run_after=None
[2022-08-29T20:02:22.961-0400] {logging_mixin.py:115} INFO - [2022-08-29T20:02:22.961-0400] {dag.py:2977} INFO - Setting next_dagrun for example_subdag_operator.section-2 to None, run_after=None
[2022-08-29T20:02:22.967-0400] {logging_mixin.py:115} INFO - [2022-08-29T20:02:22.966-0400] {dag.py:2429} INFO - Sync 2 DAGs
[2022-08-29T20:02:22.971-0400] {logging_mixin.py:115} INFO - [2022-08-29T20:02:22.971-0400] {dag.py:2977} INFO - Setting next_dagrun for example_subdag_operator.section-1 to None, run_after=None
[2022-08-29T20:02:22.971-0400] {logging_mixin.py:115} INFO - [2022-08-29T20:02:22.971-0400] {dag.py:2977} INFO - Setting next_dagrun for example_subdag_operator.section-2 to None, run_after=None
[2022-08-29T20:02:22.983-0400] {processor.py:161} INFO - Processing /Users/jl/Documents/Repos/GHC-2022-data-engineering-workshop/venv/lib/python3.8/site-packages/airflow/example_dags/example_subdag_operator.py took 0.262 seconds
[2022-08-29T20:03:46.473-0400] {processor.py:153} INFO - Started process (PID=14557) to work on /Users/jl/Documents/Repos/GHC-2022-data-engineering-workshop/venv/lib/python3.8/site-packages/airflow/example_dags/example_subdag_operator.py
[2022-08-29T20:03:46.481-0400] {processor.py:640} INFO - Processing file /Users/jl/Documents/Repos/GHC-2022-data-engineering-workshop/venv/lib/python3.8/site-packages/airflow/example_dags/example_subdag_operator.py for tasks to queue
[2022-08-29T20:03:46.482-0400] {logging_mixin.py:115} INFO - [2022-08-29T20:03:46.482-0400] {dagbag.py:508} INFO - Filling up the DagBag from /Users/jl/Documents/Repos/GHC-2022-data-engineering-workshop/venv/lib/python3.8/site-packages/airflow/example_dags/example_subdag_operator.py
[2022-08-29T20:03:46.551-0400] {processor.py:650} INFO - DAG(s) dict_keys(['example_subdag_operator.section-1', 'example_subdag_operator.section-2', 'example_subdag_operator']) retrieved from /Users/jl/Documents/Repos/GHC-2022-data-engineering-workshop/venv/lib/python3.8/site-packages/airflow/example_dags/example_subdag_operator.py
[2022-08-29T20:03:46.697-0400] {logging_mixin.py:115} INFO - [2022-08-29T20:03:46.696-0400] {dag.py:2429} INFO - Sync 3 DAGs
[2022-08-29T20:03:46.714-0400] {logging_mixin.py:115} INFO - [2022-08-29T20:03:46.714-0400] {dag.py:2977} INFO - Setting next_dagrun for example_subdag_operator to 2022-01-01T00:00:00+00:00, run_after=2022-01-01T00:00:00+00:00
[2022-08-29T20:03:46.715-0400] {logging_mixin.py:115} INFO - [2022-08-29T20:03:46.715-0400] {dag.py:2977} INFO - Setting next_dagrun for example_subdag_operator.section-1 to None, run_after=None
[2022-08-29T20:03:46.715-0400] {logging_mixin.py:115} INFO - [2022-08-29T20:03:46.715-0400] {dag.py:2977} INFO - Setting next_dagrun for example_subdag_operator.section-2 to None, run_after=None
[2022-08-29T20:03:46.721-0400] {logging_mixin.py:115} INFO - [2022-08-29T20:03:46.721-0400] {dag.py:2429} INFO - Sync 2 DAGs
[2022-08-29T20:03:46.725-0400] {logging_mixin.py:115} INFO - [2022-08-29T20:03:46.725-0400] {dag.py:2977} INFO - Setting next_dagrun for example_subdag_operator.section-1 to None, run_after=None
[2022-08-29T20:03:46.726-0400] {logging_mixin.py:115} INFO - [2022-08-29T20:03:46.725-0400] {dag.py:2977} INFO - Setting next_dagrun for example_subdag_operator.section-2 to None, run_after=None
[2022-08-29T20:03:46.737-0400] {processor.py:161} INFO - Processing /Users/jl/Documents/Repos/GHC-2022-data-engineering-workshop/venv/lib/python3.8/site-packages/airflow/example_dags/example_subdag_operator.py took 0.265 seconds
[2022-08-29T20:05:14.899-0400] {processor.py:153} INFO - Started process (PID=14637) to work on /Users/jl/Documents/Repos/GHC-2022-data-engineering-workshop/venv/lib/python3.8/site-packages/airflow/example_dags/example_subdag_operator.py
[2022-08-29T20:05:14.908-0400] {processor.py:640} INFO - Processing file /Users/jl/Documents/Repos/GHC-2022-data-engineering-workshop/venv/lib/python3.8/site-packages/airflow/example_dags/example_subdag_operator.py for tasks to queue
[2022-08-29T20:05:14.908-0400] {logging_mixin.py:115} INFO - [2022-08-29T20:05:14.908-0400] {dagbag.py:508} INFO - Filling up the DagBag from /Users/jl/Documents/Repos/GHC-2022-data-engineering-workshop/venv/lib/python3.8/site-packages/airflow/example_dags/example_subdag_operator.py
[2022-08-29T20:05:14.980-0400] {processor.py:650} INFO - DAG(s) dict_keys(['example_subdag_operator.section-1', 'example_subdag_operator.section-2', 'example_subdag_operator']) retrieved from /Users/jl/Documents/Repos/GHC-2022-data-engineering-workshop/venv/lib/python3.8/site-packages/airflow/example_dags/example_subdag_operator.py
[2022-08-29T20:05:15.121-0400] {logging_mixin.py:115} INFO - [2022-08-29T20:05:15.120-0400] {dag.py:2429} INFO - Sync 3 DAGs
[2022-08-29T20:05:15.138-0400] {logging_mixin.py:115} INFO - [2022-08-29T20:05:15.138-0400] {dag.py:2977} INFO - Setting next_dagrun for example_subdag_operator to 2022-01-01T00:00:00+00:00, run_after=2022-01-01T00:00:00+00:00
[2022-08-29T20:05:15.139-0400] {logging_mixin.py:115} INFO - [2022-08-29T20:05:15.139-0400] {dag.py:2977} INFO - Setting next_dagrun for example_subdag_operator.section-1 to None, run_after=None
[2022-08-29T20:05:15.139-0400] {logging_mixin.py:115} INFO - [2022-08-29T20:05:15.139-0400] {dag.py:2977} INFO - Setting next_dagrun for example_subdag_operator.section-2 to None, run_after=None
[2022-08-29T20:05:15.145-0400] {logging_mixin.py:115} INFO - [2022-08-29T20:05:15.145-0400] {dag.py:2429} INFO - Sync 2 DAGs
[2022-08-29T20:05:15.150-0400] {logging_mixin.py:115} INFO - [2022-08-29T20:05:15.150-0400] {dag.py:2977} INFO - Setting next_dagrun for example_subdag_operator.section-1 to None, run_after=None
[2022-08-29T20:05:15.150-0400] {logging_mixin.py:115} INFO - [2022-08-29T20:05:15.150-0400] {dag.py:2977} INFO - Setting next_dagrun for example_subdag_operator.section-2 to None, run_after=None
[2022-08-29T20:05:15.161-0400] {processor.py:161} INFO - Processing /Users/jl/Documents/Repos/GHC-2022-data-engineering-workshop/venv/lib/python3.8/site-packages/airflow/example_dags/example_subdag_operator.py took 0.263 seconds
[2022-08-29T20:06:40.790-0400] {processor.py:153} INFO - Started process (PID=14718) to work on /Users/jl/Documents/Repos/GHC-2022-data-engineering-workshop/venv/lib/python3.8/site-packages/airflow/example_dags/example_subdag_operator.py
[2022-08-29T20:06:40.798-0400] {processor.py:640} INFO - Processing file /Users/jl/Documents/Repos/GHC-2022-data-engineering-workshop/venv/lib/python3.8/site-packages/airflow/example_dags/example_subdag_operator.py for tasks to queue
[2022-08-29T20:06:40.799-0400] {logging_mixin.py:115} INFO - [2022-08-29T20:06:40.799-0400] {dagbag.py:508} INFO - Filling up the DagBag from /Users/jl/Documents/Repos/GHC-2022-data-engineering-workshop/venv/lib/python3.8/site-packages/airflow/example_dags/example_subdag_operator.py
[2022-08-29T20:06:40.870-0400] {processor.py:650} INFO - DAG(s) dict_keys(['example_subdag_operator.section-1', 'example_subdag_operator.section-2', 'example_subdag_operator']) retrieved from /Users/jl/Documents/Repos/GHC-2022-data-engineering-workshop/venv/lib/python3.8/site-packages/airflow/example_dags/example_subdag_operator.py
[2022-08-29T20:06:41.013-0400] {logging_mixin.py:115} INFO - [2022-08-29T20:06:41.013-0400] {dag.py:2429} INFO - Sync 3 DAGs
[2022-08-29T20:06:41.030-0400] {logging_mixin.py:115} INFO - [2022-08-29T20:06:41.030-0400] {dag.py:2977} INFO - Setting next_dagrun for example_subdag_operator to 2022-01-01T00:00:00+00:00, run_after=2022-01-01T00:00:00+00:00
[2022-08-29T20:06:41.031-0400] {logging_mixin.py:115} INFO - [2022-08-29T20:06:41.031-0400] {dag.py:2977} INFO - Setting next_dagrun for example_subdag_operator.section-1 to None, run_after=None
[2022-08-29T20:06:41.031-0400] {logging_mixin.py:115} INFO - [2022-08-29T20:06:41.031-0400] {dag.py:2977} INFO - Setting next_dagrun for example_subdag_operator.section-2 to None, run_after=None
[2022-08-29T20:06:41.037-0400] {logging_mixin.py:115} INFO - [2022-08-29T20:06:41.037-0400] {dag.py:2429} INFO - Sync 2 DAGs
[2022-08-29T20:06:41.042-0400] {logging_mixin.py:115} INFO - [2022-08-29T20:06:41.042-0400] {dag.py:2977} INFO - Setting next_dagrun for example_subdag_operator.section-1 to None, run_after=None
[2022-08-29T20:06:41.042-0400] {logging_mixin.py:115} INFO - [2022-08-29T20:06:41.042-0400] {dag.py:2977} INFO - Setting next_dagrun for example_subdag_operator.section-2 to None, run_after=None
[2022-08-29T20:06:41.052-0400] {processor.py:161} INFO - Processing /Users/jl/Documents/Repos/GHC-2022-data-engineering-workshop/venv/lib/python3.8/site-packages/airflow/example_dags/example_subdag_operator.py took 0.263 seconds
[2022-08-29T20:08:07.611-0400] {processor.py:153} INFO - Started process (PID=14800) to work on /Users/jl/Documents/Repos/GHC-2022-data-engineering-workshop/venv/lib/python3.8/site-packages/airflow/example_dags/example_subdag_operator.py
[2022-08-29T20:08:07.619-0400] {processor.py:640} INFO - Processing file /Users/jl/Documents/Repos/GHC-2022-data-engineering-workshop/venv/lib/python3.8/site-packages/airflow/example_dags/example_subdag_operator.py for tasks to queue
[2022-08-29T20:08:07.620-0400] {logging_mixin.py:115} INFO - [2022-08-29T20:08:07.620-0400] {dagbag.py:508} INFO - Filling up the DagBag from /Users/jl/Documents/Repos/GHC-2022-data-engineering-workshop/venv/lib/python3.8/site-packages/airflow/example_dags/example_subdag_operator.py
[2022-08-29T20:08:07.694-0400] {processor.py:650} INFO - DAG(s) dict_keys(['example_subdag_operator.section-1', 'example_subdag_operator.section-2', 'example_subdag_operator']) retrieved from /Users/jl/Documents/Repos/GHC-2022-data-engineering-workshop/venv/lib/python3.8/site-packages/airflow/example_dags/example_subdag_operator.py
[2022-08-29T20:08:07.840-0400] {logging_mixin.py:115} INFO - [2022-08-29T20:08:07.839-0400] {dag.py:2429} INFO - Sync 3 DAGs
[2022-08-29T20:08:07.858-0400] {logging_mixin.py:115} INFO - [2022-08-29T20:08:07.857-0400] {dag.py:2977} INFO - Setting next_dagrun for example_subdag_operator to 2022-01-01T00:00:00+00:00, run_after=2022-01-01T00:00:00+00:00
[2022-08-29T20:08:07.858-0400] {logging_mixin.py:115} INFO - [2022-08-29T20:08:07.858-0400] {dag.py:2977} INFO - Setting next_dagrun for example_subdag_operator.section-1 to None, run_after=None
[2022-08-29T20:08:07.858-0400] {logging_mixin.py:115} INFO - [2022-08-29T20:08:07.858-0400] {dag.py:2977} INFO - Setting next_dagrun for example_subdag_operator.section-2 to None, run_after=None
[2022-08-29T20:08:07.865-0400] {logging_mixin.py:115} INFO - [2022-08-29T20:08:07.864-0400] {dag.py:2429} INFO - Sync 2 DAGs
[2022-08-29T20:08:07.869-0400] {logging_mixin.py:115} INFO - [2022-08-29T20:08:07.869-0400] {dag.py:2977} INFO - Setting next_dagrun for example_subdag_operator.section-1 to None, run_after=None
[2022-08-29T20:08:07.870-0400] {logging_mixin.py:115} INFO - [2022-08-29T20:08:07.869-0400] {dag.py:2977} INFO - Setting next_dagrun for example_subdag_operator.section-2 to None, run_after=None
[2022-08-29T20:08:07.881-0400] {processor.py:161} INFO - Processing /Users/jl/Documents/Repos/GHC-2022-data-engineering-workshop/venv/lib/python3.8/site-packages/airflow/example_dags/example_subdag_operator.py took 0.271 seconds
[2022-08-29T20:09:36.091-0400] {processor.py:153} INFO - Started process (PID=14882) to work on /Users/jl/Documents/Repos/GHC-2022-data-engineering-workshop/venv/lib/python3.8/site-packages/airflow/example_dags/example_subdag_operator.py
[2022-08-29T20:09:36.101-0400] {processor.py:640} INFO - Processing file /Users/jl/Documents/Repos/GHC-2022-data-engineering-workshop/venv/lib/python3.8/site-packages/airflow/example_dags/example_subdag_operator.py for tasks to queue
[2022-08-29T20:09:36.102-0400] {logging_mixin.py:115} INFO - [2022-08-29T20:09:36.102-0400] {dagbag.py:508} INFO - Filling up the DagBag from /Users/jl/Documents/Repos/GHC-2022-data-engineering-workshop/venv/lib/python3.8/site-packages/airflow/example_dags/example_subdag_operator.py
[2022-08-29T20:09:36.177-0400] {processor.py:650} INFO - DAG(s) dict_keys(['example_subdag_operator.section-1', 'example_subdag_operator.section-2', 'example_subdag_operator']) retrieved from /Users/jl/Documents/Repos/GHC-2022-data-engineering-workshop/venv/lib/python3.8/site-packages/airflow/example_dags/example_subdag_operator.py
[2022-08-29T20:09:36.467-0400] {logging_mixin.py:115} INFO - [2022-08-29T20:09:36.467-0400] {dag.py:2429} INFO - Sync 3 DAGs
[2022-08-29T20:09:36.485-0400] {logging_mixin.py:115} INFO - [2022-08-29T20:09:36.485-0400] {dag.py:2977} INFO - Setting next_dagrun for example_subdag_operator to 2022-01-01T00:00:00+00:00, run_after=2022-01-01T00:00:00+00:00
[2022-08-29T20:09:36.485-0400] {logging_mixin.py:115} INFO - [2022-08-29T20:09:36.485-0400] {dag.py:2977} INFO - Setting next_dagrun for example_subdag_operator.section-1 to None, run_after=None
[2022-08-29T20:09:36.486-0400] {logging_mixin.py:115} INFO - [2022-08-29T20:09:36.486-0400] {dag.py:2977} INFO - Setting next_dagrun for example_subdag_operator.section-2 to None, run_after=None
[2022-08-29T20:09:36.493-0400] {logging_mixin.py:115} INFO - [2022-08-29T20:09:36.492-0400] {dag.py:2429} INFO - Sync 2 DAGs
[2022-08-29T20:09:36.497-0400] {logging_mixin.py:115} INFO - [2022-08-29T20:09:36.497-0400] {dag.py:2977} INFO - Setting next_dagrun for example_subdag_operator.section-1 to None, run_after=None
[2022-08-29T20:09:36.498-0400] {logging_mixin.py:115} INFO - [2022-08-29T20:09:36.498-0400] {dag.py:2977} INFO - Setting next_dagrun for example_subdag_operator.section-2 to None, run_after=None
[2022-08-29T20:09:36.509-0400] {processor.py:161} INFO - Processing /Users/jl/Documents/Repos/GHC-2022-data-engineering-workshop/venv/lib/python3.8/site-packages/airflow/example_dags/example_subdag_operator.py took 0.419 seconds
[2022-08-29T20:11:15.660-0400] {processor.py:153} INFO - Started process (PID=14972) to work on /Users/jl/Documents/Repos/GHC-2022-data-engineering-workshop/venv/lib/python3.8/site-packages/airflow/example_dags/example_subdag_operator.py
[2022-08-29T20:11:15.669-0400] {processor.py:640} INFO - Processing file /Users/jl/Documents/Repos/GHC-2022-data-engineering-workshop/venv/lib/python3.8/site-packages/airflow/example_dags/example_subdag_operator.py for tasks to queue
[2022-08-29T20:11:15.670-0400] {logging_mixin.py:115} INFO - [2022-08-29T20:11:15.670-0400] {dagbag.py:508} INFO - Filling up the DagBag from /Users/jl/Documents/Repos/GHC-2022-data-engineering-workshop/venv/lib/python3.8/site-packages/airflow/example_dags/example_subdag_operator.py
[2022-08-29T20:11:15.742-0400] {processor.py:650} INFO - DAG(s) dict_keys(['example_subdag_operator.section-1', 'example_subdag_operator.section-2', 'example_subdag_operator']) retrieved from /Users/jl/Documents/Repos/GHC-2022-data-engineering-workshop/venv/lib/python3.8/site-packages/airflow/example_dags/example_subdag_operator.py
[2022-08-29T20:11:15.883-0400] {logging_mixin.py:115} INFO - [2022-08-29T20:11:15.883-0400] {dag.py:2429} INFO - Sync 3 DAGs
[2022-08-29T20:11:15.901-0400] {logging_mixin.py:115} INFO - [2022-08-29T20:11:15.900-0400] {dag.py:2977} INFO - Setting next_dagrun for example_subdag_operator to 2022-01-01T00:00:00+00:00, run_after=2022-01-01T00:00:00+00:00
[2022-08-29T20:11:15.901-0400] {logging_mixin.py:115} INFO - [2022-08-29T20:11:15.901-0400] {dag.py:2977} INFO - Setting next_dagrun for example_subdag_operator.section-1 to None, run_after=None
[2022-08-29T20:11:15.901-0400] {logging_mixin.py:115} INFO - [2022-08-29T20:11:15.901-0400] {dag.py:2977} INFO - Setting next_dagrun for example_subdag_operator.section-2 to None, run_after=None
[2022-08-29T20:11:15.907-0400] {logging_mixin.py:115} INFO - [2022-08-29T20:11:15.907-0400] {dag.py:2429} INFO - Sync 2 DAGs
[2022-08-29T20:11:15.912-0400] {logging_mixin.py:115} INFO - [2022-08-29T20:11:15.912-0400] {dag.py:2977} INFO - Setting next_dagrun for example_subdag_operator.section-1 to None, run_after=None
[2022-08-29T20:11:15.912-0400] {logging_mixin.py:115} INFO - [2022-08-29T20:11:15.912-0400] {dag.py:2977} INFO - Setting next_dagrun for example_subdag_operator.section-2 to None, run_after=None
[2022-08-29T20:11:15.923-0400] {processor.py:161} INFO - Processing /Users/jl/Documents/Repos/GHC-2022-data-engineering-workshop/venv/lib/python3.8/site-packages/airflow/example_dags/example_subdag_operator.py took 0.265 seconds
[2022-08-29T20:12:44.729-0400] {processor.py:153} INFO - Started process (PID=15057) to work on /Users/jl/Documents/Repos/GHC-2022-data-engineering-workshop/venv/lib/python3.8/site-packages/airflow/example_dags/example_subdag_operator.py
[2022-08-29T20:12:44.737-0400] {processor.py:640} INFO - Processing file /Users/jl/Documents/Repos/GHC-2022-data-engineering-workshop/venv/lib/python3.8/site-packages/airflow/example_dags/example_subdag_operator.py for tasks to queue
[2022-08-29T20:12:44.738-0400] {logging_mixin.py:115} INFO - [2022-08-29T20:12:44.738-0400] {dagbag.py:508} INFO - Filling up the DagBag from /Users/jl/Documents/Repos/GHC-2022-data-engineering-workshop/venv/lib/python3.8/site-packages/airflow/example_dags/example_subdag_operator.py
[2022-08-29T20:12:44.807-0400] {processor.py:650} INFO - DAG(s) dict_keys(['example_subdag_operator.section-1', 'example_subdag_operator.section-2', 'example_subdag_operator']) retrieved from /Users/jl/Documents/Repos/GHC-2022-data-engineering-workshop/venv/lib/python3.8/site-packages/airflow/example_dags/example_subdag_operator.py
[2022-08-29T20:12:44.949-0400] {logging_mixin.py:115} INFO - [2022-08-29T20:12:44.948-0400] {dag.py:2429} INFO - Sync 3 DAGs
[2022-08-29T20:12:44.966-0400] {logging_mixin.py:115} INFO - [2022-08-29T20:12:44.966-0400] {dag.py:2977} INFO - Setting next_dagrun for example_subdag_operator to 2022-01-01T00:00:00+00:00, run_after=2022-01-01T00:00:00+00:00
[2022-08-29T20:12:44.966-0400] {logging_mixin.py:115} INFO - [2022-08-29T20:12:44.966-0400] {dag.py:2977} INFO - Setting next_dagrun for example_subdag_operator.section-1 to None, run_after=None
[2022-08-29T20:12:44.967-0400] {logging_mixin.py:115} INFO - [2022-08-29T20:12:44.967-0400] {dag.py:2977} INFO - Setting next_dagrun for example_subdag_operator.section-2 to None, run_after=None
[2022-08-29T20:12:44.973-0400] {logging_mixin.py:115} INFO - [2022-08-29T20:12:44.972-0400] {dag.py:2429} INFO - Sync 2 DAGs
[2022-08-29T20:12:44.977-0400] {logging_mixin.py:115} INFO - [2022-08-29T20:12:44.977-0400] {dag.py:2977} INFO - Setting next_dagrun for example_subdag_operator.section-1 to None, run_after=None
[2022-08-29T20:12:44.977-0400] {logging_mixin.py:115} INFO - [2022-08-29T20:12:44.977-0400] {dag.py:2977} INFO - Setting next_dagrun for example_subdag_operator.section-2 to None, run_after=None
[2022-08-29T20:12:44.987-0400] {processor.py:161} INFO - Processing /Users/jl/Documents/Repos/GHC-2022-data-engineering-workshop/venv/lib/python3.8/site-packages/airflow/example_dags/example_subdag_operator.py took 0.259 seconds
[2022-08-29T20:14:14.491-0400] {processor.py:153} INFO - Started process (PID=15138) to work on /Users/jl/Documents/Repos/GHC-2022-data-engineering-workshop/venv/lib/python3.8/site-packages/airflow/example_dags/example_subdag_operator.py
[2022-08-29T20:14:14.499-0400] {processor.py:640} INFO - Processing file /Users/jl/Documents/Repos/GHC-2022-data-engineering-workshop/venv/lib/python3.8/site-packages/airflow/example_dags/example_subdag_operator.py for tasks to queue
[2022-08-29T20:14:14.500-0400] {logging_mixin.py:115} INFO - [2022-08-29T20:14:14.500-0400] {dagbag.py:508} INFO - Filling up the DagBag from /Users/jl/Documents/Repos/GHC-2022-data-engineering-workshop/venv/lib/python3.8/site-packages/airflow/example_dags/example_subdag_operator.py
[2022-08-29T20:14:14.569-0400] {processor.py:650} INFO - DAG(s) dict_keys(['example_subdag_operator.section-1', 'example_subdag_operator.section-2', 'example_subdag_operator']) retrieved from /Users/jl/Documents/Repos/GHC-2022-data-engineering-workshop/venv/lib/python3.8/site-packages/airflow/example_dags/example_subdag_operator.py
[2022-08-29T20:14:14.717-0400] {logging_mixin.py:115} INFO - [2022-08-29T20:14:14.716-0400] {dag.py:2429} INFO - Sync 3 DAGs
[2022-08-29T20:14:14.734-0400] {logging_mixin.py:115} INFO - [2022-08-29T20:14:14.734-0400] {dag.py:2977} INFO - Setting next_dagrun for example_subdag_operator to 2022-01-01T00:00:00+00:00, run_after=2022-01-01T00:00:00+00:00
[2022-08-29T20:14:14.734-0400] {logging_mixin.py:115} INFO - [2022-08-29T20:14:14.734-0400] {dag.py:2977} INFO - Setting next_dagrun for example_subdag_operator.section-1 to None, run_after=None
[2022-08-29T20:14:14.735-0400] {logging_mixin.py:115} INFO - [2022-08-29T20:14:14.735-0400] {dag.py:2977} INFO - Setting next_dagrun for example_subdag_operator.section-2 to None, run_after=None
[2022-08-29T20:14:14.741-0400] {logging_mixin.py:115} INFO - [2022-08-29T20:14:14.741-0400] {dag.py:2429} INFO - Sync 2 DAGs
[2022-08-29T20:14:14.745-0400] {logging_mixin.py:115} INFO - [2022-08-29T20:14:14.745-0400] {dag.py:2977} INFO - Setting next_dagrun for example_subdag_operator.section-1 to None, run_after=None
[2022-08-29T20:14:14.746-0400] {logging_mixin.py:115} INFO - [2022-08-29T20:14:14.746-0400] {dag.py:2977} INFO - Setting next_dagrun for example_subdag_operator.section-2 to None, run_after=None
[2022-08-29T20:14:14.757-0400] {processor.py:161} INFO - Processing /Users/jl/Documents/Repos/GHC-2022-data-engineering-workshop/venv/lib/python3.8/site-packages/airflow/example_dags/example_subdag_operator.py took 0.267 seconds
[2022-08-29T20:15:53.487-0400] {processor.py:153} INFO - Started process (PID=15256) to work on /Users/jl/Documents/Repos/GHC-2022-data-engineering-workshop/venv/lib/python3.8/site-packages/airflow/example_dags/example_subdag_operator.py
[2022-08-29T20:15:53.495-0400] {processor.py:640} INFO - Processing file /Users/jl/Documents/Repos/GHC-2022-data-engineering-workshop/venv/lib/python3.8/site-packages/airflow/example_dags/example_subdag_operator.py for tasks to queue
[2022-08-29T20:15:53.496-0400] {logging_mixin.py:115} INFO - [2022-08-29T20:15:53.496-0400] {dagbag.py:508} INFO - Filling up the DagBag from /Users/jl/Documents/Repos/GHC-2022-data-engineering-workshop/venv/lib/python3.8/site-packages/airflow/example_dags/example_subdag_operator.py
[2022-08-29T20:15:53.569-0400] {processor.py:650} INFO - DAG(s) dict_keys(['example_subdag_operator.section-1', 'example_subdag_operator.section-2', 'example_subdag_operator']) retrieved from /Users/jl/Documents/Repos/GHC-2022-data-engineering-workshop/venv/lib/python3.8/site-packages/airflow/example_dags/example_subdag_operator.py
[2022-08-29T20:15:53.714-0400] {logging_mixin.py:115} INFO - [2022-08-29T20:15:53.713-0400] {dag.py:2429} INFO - Sync 3 DAGs
[2022-08-29T20:15:53.731-0400] {logging_mixin.py:115} INFO - [2022-08-29T20:15:53.731-0400] {dag.py:2977} INFO - Setting next_dagrun for example_subdag_operator to 2022-01-01T00:00:00+00:00, run_after=2022-01-01T00:00:00+00:00
[2022-08-29T20:15:53.731-0400] {logging_mixin.py:115} INFO - [2022-08-29T20:15:53.731-0400] {dag.py:2977} INFO - Setting next_dagrun for example_subdag_operator.section-1 to None, run_after=None
[2022-08-29T20:15:53.732-0400] {logging_mixin.py:115} INFO - [2022-08-29T20:15:53.732-0400] {dag.py:2977} INFO - Setting next_dagrun for example_subdag_operator.section-2 to None, run_after=None
[2022-08-29T20:15:53.737-0400] {logging_mixin.py:115} INFO - [2022-08-29T20:15:53.737-0400] {dag.py:2429} INFO - Sync 2 DAGs
[2022-08-29T20:15:53.742-0400] {logging_mixin.py:115} INFO - [2022-08-29T20:15:53.742-0400] {dag.py:2977} INFO - Setting next_dagrun for example_subdag_operator.section-1 to None, run_after=None
[2022-08-29T20:15:53.742-0400] {logging_mixin.py:115} INFO - [2022-08-29T20:15:53.742-0400] {dag.py:2977} INFO - Setting next_dagrun for example_subdag_operator.section-2 to None, run_after=None
[2022-08-29T20:15:53.753-0400] {processor.py:161} INFO - Processing /Users/jl/Documents/Repos/GHC-2022-data-engineering-workshop/venv/lib/python3.8/site-packages/airflow/example_dags/example_subdag_operator.py took 0.267 seconds
[2022-08-29T20:17:48.440-0400] {processor.py:153} INFO - Started process (PID=15370) to work on /Users/jl/Documents/Repos/GHC-2022-data-engineering-workshop/venv/lib/python3.8/site-packages/airflow/example_dags/example_subdag_operator.py
[2022-08-29T20:17:48.449-0400] {processor.py:640} INFO - Processing file /Users/jl/Documents/Repos/GHC-2022-data-engineering-workshop/venv/lib/python3.8/site-packages/airflow/example_dags/example_subdag_operator.py for tasks to queue
[2022-08-29T20:17:48.449-0400] {logging_mixin.py:115} INFO - [2022-08-29T20:17:48.449-0400] {dagbag.py:508} INFO - Filling up the DagBag from /Users/jl/Documents/Repos/GHC-2022-data-engineering-workshop/venv/lib/python3.8/site-packages/airflow/example_dags/example_subdag_operator.py
[2022-08-29T20:17:48.525-0400] {processor.py:650} INFO - DAG(s) dict_keys(['example_subdag_operator.section-1', 'example_subdag_operator.section-2', 'example_subdag_operator']) retrieved from /Users/jl/Documents/Repos/GHC-2022-data-engineering-workshop/venv/lib/python3.8/site-packages/airflow/example_dags/example_subdag_operator.py
[2022-08-29T20:17:48.679-0400] {logging_mixin.py:115} INFO - [2022-08-29T20:17:48.679-0400] {dag.py:2429} INFO - Sync 3 DAGs
[2022-08-29T20:17:48.698-0400] {logging_mixin.py:115} INFO - [2022-08-29T20:17:48.698-0400] {dag.py:2977} INFO - Setting next_dagrun for example_subdag_operator to 2022-01-01T00:00:00+00:00, run_after=2022-01-01T00:00:00+00:00
[2022-08-29T20:17:48.698-0400] {logging_mixin.py:115} INFO - [2022-08-29T20:17:48.698-0400] {dag.py:2977} INFO - Setting next_dagrun for example_subdag_operator.section-1 to None, run_after=None
[2022-08-29T20:17:48.699-0400] {logging_mixin.py:115} INFO - [2022-08-29T20:17:48.698-0400] {dag.py:2977} INFO - Setting next_dagrun for example_subdag_operator.section-2 to None, run_after=None
[2022-08-29T20:17:48.705-0400] {logging_mixin.py:115} INFO - [2022-08-29T20:17:48.704-0400] {dag.py:2429} INFO - Sync 2 DAGs
[2022-08-29T20:17:48.710-0400] {logging_mixin.py:115} INFO - [2022-08-29T20:17:48.709-0400] {dag.py:2977} INFO - Setting next_dagrun for example_subdag_operator.section-1 to None, run_after=None
[2022-08-29T20:17:48.710-0400] {logging_mixin.py:115} INFO - [2022-08-29T20:17:48.710-0400] {dag.py:2977} INFO - Setting next_dagrun for example_subdag_operator.section-2 to None, run_after=None
[2022-08-29T20:17:48.721-0400] {processor.py:161} INFO - Processing /Users/jl/Documents/Repos/GHC-2022-data-engineering-workshop/venv/lib/python3.8/site-packages/airflow/example_dags/example_subdag_operator.py took 0.282 seconds
[2022-08-29T20:19:37.770-0400] {processor.py:153} INFO - Started process (PID=15487) to work on /Users/jl/Documents/Repos/GHC-2022-data-engineering-workshop/venv/lib/python3.8/site-packages/airflow/example_dags/example_subdag_operator.py
[2022-08-29T20:19:37.781-0400] {processor.py:640} INFO - Processing file /Users/jl/Documents/Repos/GHC-2022-data-engineering-workshop/venv/lib/python3.8/site-packages/airflow/example_dags/example_subdag_operator.py for tasks to queue
[2022-08-29T20:19:37.782-0400] {logging_mixin.py:115} INFO - [2022-08-29T20:19:37.782-0400] {dagbag.py:508} INFO - Filling up the DagBag from /Users/jl/Documents/Repos/GHC-2022-data-engineering-workshop/venv/lib/python3.8/site-packages/airflow/example_dags/example_subdag_operator.py
[2022-08-29T20:19:37.864-0400] {processor.py:650} INFO - DAG(s) dict_keys(['example_subdag_operator.section-1', 'example_subdag_operator.section-2', 'example_subdag_operator']) retrieved from /Users/jl/Documents/Repos/GHC-2022-data-engineering-workshop/venv/lib/python3.8/site-packages/airflow/example_dags/example_subdag_operator.py
[2022-08-29T20:19:38.252-0400] {logging_mixin.py:115} INFO - [2022-08-29T20:19:38.252-0400] {dag.py:2429} INFO - Sync 3 DAGs
[2022-08-29T20:19:38.270-0400] {logging_mixin.py:115} INFO - [2022-08-29T20:19:38.270-0400] {dag.py:2977} INFO - Setting next_dagrun for example_subdag_operator to 2022-01-01T00:00:00+00:00, run_after=2022-01-01T00:00:00+00:00
[2022-08-29T20:19:38.270-0400] {logging_mixin.py:115} INFO - [2022-08-29T20:19:38.270-0400] {dag.py:2977} INFO - Setting next_dagrun for example_subdag_operator.section-1 to None, run_after=None
[2022-08-29T20:19:38.271-0400] {logging_mixin.py:115} INFO - [2022-08-29T20:19:38.271-0400] {dag.py:2977} INFO - Setting next_dagrun for example_subdag_operator.section-2 to None, run_after=None
[2022-08-29T20:19:38.278-0400] {logging_mixin.py:115} INFO - [2022-08-29T20:19:38.278-0400] {dag.py:2429} INFO - Sync 2 DAGs
[2022-08-29T20:19:38.283-0400] {logging_mixin.py:115} INFO - [2022-08-29T20:19:38.283-0400] {dag.py:2977} INFO - Setting next_dagrun for example_subdag_operator.section-1 to None, run_after=None
[2022-08-29T20:19:38.283-0400] {logging_mixin.py:115} INFO - [2022-08-29T20:19:38.283-0400] {dag.py:2977} INFO - Setting next_dagrun for example_subdag_operator.section-2 to None, run_after=None
[2022-08-29T20:19:38.294-0400] {processor.py:161} INFO - Processing /Users/jl/Documents/Repos/GHC-2022-data-engineering-workshop/venv/lib/python3.8/site-packages/airflow/example_dags/example_subdag_operator.py took 0.525 seconds
[2022-08-29T20:21:11.504-0400] {processor.py:153} INFO - Started process (PID=15571) to work on /Users/jl/Documents/Repos/GHC-2022-data-engineering-workshop/venv/lib/python3.8/site-packages/airflow/example_dags/example_subdag_operator.py
[2022-08-29T20:21:11.513-0400] {processor.py:640} INFO - Processing file /Users/jl/Documents/Repos/GHC-2022-data-engineering-workshop/venv/lib/python3.8/site-packages/airflow/example_dags/example_subdag_operator.py for tasks to queue
[2022-08-29T20:21:11.513-0400] {logging_mixin.py:115} INFO - [2022-08-29T20:21:11.513-0400] {dagbag.py:508} INFO - Filling up the DagBag from /Users/jl/Documents/Repos/GHC-2022-data-engineering-workshop/venv/lib/python3.8/site-packages/airflow/example_dags/example_subdag_operator.py
[2022-08-29T20:21:11.584-0400] {processor.py:650} INFO - DAG(s) dict_keys(['example_subdag_operator.section-1', 'example_subdag_operator.section-2', 'example_subdag_operator']) retrieved from /Users/jl/Documents/Repos/GHC-2022-data-engineering-workshop/venv/lib/python3.8/site-packages/airflow/example_dags/example_subdag_operator.py
[2022-08-29T20:21:11.726-0400] {logging_mixin.py:115} INFO - [2022-08-29T20:21:11.725-0400] {dag.py:2429} INFO - Sync 3 DAGs
[2022-08-29T20:21:11.743-0400] {logging_mixin.py:115} INFO - [2022-08-29T20:21:11.743-0400] {dag.py:2977} INFO - Setting next_dagrun for example_subdag_operator to 2022-01-01T00:00:00+00:00, run_after=2022-01-01T00:00:00+00:00
[2022-08-29T20:21:11.743-0400] {logging_mixin.py:115} INFO - [2022-08-29T20:21:11.743-0400] {dag.py:2977} INFO - Setting next_dagrun for example_subdag_operator.section-1 to None, run_after=None
[2022-08-29T20:21:11.744-0400] {logging_mixin.py:115} INFO - [2022-08-29T20:21:11.744-0400] {dag.py:2977} INFO - Setting next_dagrun for example_subdag_operator.section-2 to None, run_after=None
[2022-08-29T20:21:11.750-0400] {logging_mixin.py:115} INFO - [2022-08-29T20:21:11.750-0400] {dag.py:2429} INFO - Sync 2 DAGs
[2022-08-29T20:21:11.754-0400] {logging_mixin.py:115} INFO - [2022-08-29T20:21:11.754-0400] {dag.py:2977} INFO - Setting next_dagrun for example_subdag_operator.section-1 to None, run_after=None
[2022-08-29T20:21:11.754-0400] {logging_mixin.py:115} INFO - [2022-08-29T20:21:11.754-0400] {dag.py:2977} INFO - Setting next_dagrun for example_subdag_operator.section-2 to None, run_after=None
[2022-08-29T20:21:11.766-0400] {processor.py:161} INFO - Processing /Users/jl/Documents/Repos/GHC-2022-data-engineering-workshop/venv/lib/python3.8/site-packages/airflow/example_dags/example_subdag_operator.py took 0.263 seconds
[2022-08-29T20:22:36.420-0400] {processor.py:153} INFO - Started process (PID=15652) to work on /Users/jl/Documents/Repos/GHC-2022-data-engineering-workshop/venv/lib/python3.8/site-packages/airflow/example_dags/example_subdag_operator.py
[2022-08-29T20:22:36.429-0400] {processor.py:640} INFO - Processing file /Users/jl/Documents/Repos/GHC-2022-data-engineering-workshop/venv/lib/python3.8/site-packages/airflow/example_dags/example_subdag_operator.py for tasks to queue
[2022-08-29T20:22:36.429-0400] {logging_mixin.py:115} INFO - [2022-08-29T20:22:36.429-0400] {dagbag.py:508} INFO - Filling up the DagBag from /Users/jl/Documents/Repos/GHC-2022-data-engineering-workshop/venv/lib/python3.8/site-packages/airflow/example_dags/example_subdag_operator.py
[2022-08-29T20:22:36.503-0400] {processor.py:650} INFO - DAG(s) dict_keys(['example_subdag_operator.section-1', 'example_subdag_operator.section-2', 'example_subdag_operator']) retrieved from /Users/jl/Documents/Repos/GHC-2022-data-engineering-workshop/venv/lib/python3.8/site-packages/airflow/example_dags/example_subdag_operator.py
[2022-08-29T20:22:36.647-0400] {logging_mixin.py:115} INFO - [2022-08-29T20:22:36.647-0400] {dag.py:2429} INFO - Sync 3 DAGs
[2022-08-29T20:22:36.664-0400] {logging_mixin.py:115} INFO - [2022-08-29T20:22:36.664-0400] {dag.py:2977} INFO - Setting next_dagrun for example_subdag_operator to 2022-01-01T00:00:00+00:00, run_after=2022-01-01T00:00:00+00:00
[2022-08-29T20:22:36.665-0400] {logging_mixin.py:115} INFO - [2022-08-29T20:22:36.665-0400] {dag.py:2977} INFO - Setting next_dagrun for example_subdag_operator.section-1 to None, run_after=None
[2022-08-29T20:22:36.665-0400] {logging_mixin.py:115} INFO - [2022-08-29T20:22:36.665-0400] {dag.py:2977} INFO - Setting next_dagrun for example_subdag_operator.section-2 to None, run_after=None
[2022-08-29T20:22:36.671-0400] {logging_mixin.py:115} INFO - [2022-08-29T20:22:36.671-0400] {dag.py:2429} INFO - Sync 2 DAGs
[2022-08-29T20:22:36.676-0400] {logging_mixin.py:115} INFO - [2022-08-29T20:22:36.676-0400] {dag.py:2977} INFO - Setting next_dagrun for example_subdag_operator.section-1 to None, run_after=None
[2022-08-29T20:22:36.676-0400] {logging_mixin.py:115} INFO - [2022-08-29T20:22:36.676-0400] {dag.py:2977} INFO - Setting next_dagrun for example_subdag_operator.section-2 to None, run_after=None
[2022-08-29T20:22:36.687-0400] {processor.py:161} INFO - Processing /Users/jl/Documents/Repos/GHC-2022-data-engineering-workshop/venv/lib/python3.8/site-packages/airflow/example_dags/example_subdag_operator.py took 0.268 seconds
[2022-08-29T20:24:04.547-0400] {processor.py:153} INFO - Started process (PID=15733) to work on /Users/jl/Documents/Repos/GHC-2022-data-engineering-workshop/venv/lib/python3.8/site-packages/airflow/example_dags/example_subdag_operator.py
[2022-08-29T20:24:04.555-0400] {processor.py:640} INFO - Processing file /Users/jl/Documents/Repos/GHC-2022-data-engineering-workshop/venv/lib/python3.8/site-packages/airflow/example_dags/example_subdag_operator.py for tasks to queue
[2022-08-29T20:24:04.555-0400] {logging_mixin.py:115} INFO - [2022-08-29T20:24:04.555-0400] {dagbag.py:508} INFO - Filling up the DagBag from /Users/jl/Documents/Repos/GHC-2022-data-engineering-workshop/venv/lib/python3.8/site-packages/airflow/example_dags/example_subdag_operator.py
[2022-08-29T20:24:04.625-0400] {processor.py:650} INFO - DAG(s) dict_keys(['example_subdag_operator.section-1', 'example_subdag_operator.section-2', 'example_subdag_operator']) retrieved from /Users/jl/Documents/Repos/GHC-2022-data-engineering-workshop/venv/lib/python3.8/site-packages/airflow/example_dags/example_subdag_operator.py
[2022-08-29T20:24:04.768-0400] {logging_mixin.py:115} INFO - [2022-08-29T20:24:04.768-0400] {dag.py:2429} INFO - Sync 3 DAGs
[2022-08-29T20:24:04.785-0400] {logging_mixin.py:115} INFO - [2022-08-29T20:24:04.785-0400] {dag.py:2977} INFO - Setting next_dagrun for example_subdag_operator to 2022-01-01T00:00:00+00:00, run_after=2022-01-01T00:00:00+00:00
[2022-08-29T20:24:04.786-0400] {logging_mixin.py:115} INFO - [2022-08-29T20:24:04.786-0400] {dag.py:2977} INFO - Setting next_dagrun for example_subdag_operator.section-1 to None, run_after=None
[2022-08-29T20:24:04.786-0400] {logging_mixin.py:115} INFO - [2022-08-29T20:24:04.786-0400] {dag.py:2977} INFO - Setting next_dagrun for example_subdag_operator.section-2 to None, run_after=None
[2022-08-29T20:24:04.792-0400] {logging_mixin.py:115} INFO - [2022-08-29T20:24:04.792-0400] {dag.py:2429} INFO - Sync 2 DAGs
[2022-08-29T20:24:04.796-0400] {logging_mixin.py:115} INFO - [2022-08-29T20:24:04.796-0400] {dag.py:2977} INFO - Setting next_dagrun for example_subdag_operator.section-1 to None, run_after=None
[2022-08-29T20:24:04.797-0400] {logging_mixin.py:115} INFO - [2022-08-29T20:24:04.796-0400] {dag.py:2977} INFO - Setting next_dagrun for example_subdag_operator.section-2 to None, run_after=None
[2022-08-29T20:24:04.809-0400] {processor.py:161} INFO - Processing /Users/jl/Documents/Repos/GHC-2022-data-engineering-workshop/venv/lib/python3.8/site-packages/airflow/example_dags/example_subdag_operator.py took 0.263 seconds
[2022-08-29T20:25:38.186-0400] {processor.py:153} INFO - Started process (PID=15819) to work on /Users/jl/Documents/Repos/GHC-2022-data-engineering-workshop/venv/lib/python3.8/site-packages/airflow/example_dags/example_subdag_operator.py
[2022-08-29T20:25:38.200-0400] {processor.py:640} INFO - Processing file /Users/jl/Documents/Repos/GHC-2022-data-engineering-workshop/venv/lib/python3.8/site-packages/airflow/example_dags/example_subdag_operator.py for tasks to queue
[2022-08-29T20:25:38.200-0400] {logging_mixin.py:115} INFO - [2022-08-29T20:25:38.200-0400] {dagbag.py:508} INFO - Filling up the DagBag from /Users/jl/Documents/Repos/GHC-2022-data-engineering-workshop/venv/lib/python3.8/site-packages/airflow/example_dags/example_subdag_operator.py
[2022-08-29T20:25:38.295-0400] {processor.py:650} INFO - DAG(s) dict_keys(['example_subdag_operator.section-1', 'example_subdag_operator.section-2', 'example_subdag_operator']) retrieved from /Users/jl/Documents/Repos/GHC-2022-data-engineering-workshop/venv/lib/python3.8/site-packages/airflow/example_dags/example_subdag_operator.py
[2022-08-29T20:25:38.565-0400] {logging_mixin.py:115} INFO - [2022-08-29T20:25:38.565-0400] {dag.py:2429} INFO - Sync 3 DAGs
[2022-08-29T20:25:38.584-0400] {logging_mixin.py:115} INFO - [2022-08-29T20:25:38.583-0400] {dag.py:2977} INFO - Setting next_dagrun for example_subdag_operator to 2022-01-01T00:00:00+00:00, run_after=2022-01-01T00:00:00+00:00
[2022-08-29T20:25:38.584-0400] {logging_mixin.py:115} INFO - [2022-08-29T20:25:38.584-0400] {dag.py:2977} INFO - Setting next_dagrun for example_subdag_operator.section-1 to None, run_after=None
[2022-08-29T20:25:38.585-0400] {logging_mixin.py:115} INFO - [2022-08-29T20:25:38.585-0400] {dag.py:2977} INFO - Setting next_dagrun for example_subdag_operator.section-2 to None, run_after=None
[2022-08-29T20:25:38.591-0400] {logging_mixin.py:115} INFO - [2022-08-29T20:25:38.590-0400] {dag.py:2429} INFO - Sync 2 DAGs
[2022-08-29T20:25:38.596-0400] {logging_mixin.py:115} INFO - [2022-08-29T20:25:38.596-0400] {dag.py:2977} INFO - Setting next_dagrun for example_subdag_operator.section-1 to None, run_after=None
[2022-08-29T20:25:38.596-0400] {logging_mixin.py:115} INFO - [2022-08-29T20:25:38.596-0400] {dag.py:2977} INFO - Setting next_dagrun for example_subdag_operator.section-2 to None, run_after=None
[2022-08-29T20:25:38.607-0400] {processor.py:161} INFO - Processing /Users/jl/Documents/Repos/GHC-2022-data-engineering-workshop/venv/lib/python3.8/site-packages/airflow/example_dags/example_subdag_operator.py took 0.422 seconds
[2022-08-29T20:26:55.165-0400] {processor.py:153} INFO - Started process (PID=15897) to work on /Users/jl/Documents/Repos/GHC-2022-data-engineering-workshop/venv/lib/python3.8/site-packages/airflow/example_dags/example_subdag_operator.py
[2022-08-29T20:26:55.176-0400] {processor.py:640} INFO - Processing file /Users/jl/Documents/Repos/GHC-2022-data-engineering-workshop/venv/lib/python3.8/site-packages/airflow/example_dags/example_subdag_operator.py for tasks to queue
[2022-08-29T20:26:55.177-0400] {logging_mixin.py:115} INFO - [2022-08-29T20:26:55.177-0400] {dagbag.py:508} INFO - Filling up the DagBag from /Users/jl/Documents/Repos/GHC-2022-data-engineering-workshop/venv/lib/python3.8/site-packages/airflow/example_dags/example_subdag_operator.py
[2022-08-29T20:26:55.260-0400] {processor.py:650} INFO - DAG(s) dict_keys(['example_subdag_operator.section-1', 'example_subdag_operator.section-2', 'example_subdag_operator']) retrieved from /Users/jl/Documents/Repos/GHC-2022-data-engineering-workshop/venv/lib/python3.8/site-packages/airflow/example_dags/example_subdag_operator.py
[2022-08-29T20:26:55.513-0400] {logging_mixin.py:115} INFO - [2022-08-29T20:26:55.513-0400] {dag.py:2429} INFO - Sync 3 DAGs
[2022-08-29T20:26:55.533-0400] {logging_mixin.py:115} INFO - [2022-08-29T20:26:55.533-0400] {dag.py:2977} INFO - Setting next_dagrun for example_subdag_operator to 2022-01-01T00:00:00+00:00, run_after=2022-01-01T00:00:00+00:00
[2022-08-29T20:26:55.534-0400] {logging_mixin.py:115} INFO - [2022-08-29T20:26:55.534-0400] {dag.py:2977} INFO - Setting next_dagrun for example_subdag_operator.section-1 to None, run_after=None
[2022-08-29T20:26:55.534-0400] {logging_mixin.py:115} INFO - [2022-08-29T20:26:55.534-0400] {dag.py:2977} INFO - Setting next_dagrun for example_subdag_operator.section-2 to None, run_after=None
[2022-08-29T20:26:55.541-0400] {logging_mixin.py:115} INFO - [2022-08-29T20:26:55.541-0400] {dag.py:2429} INFO - Sync 2 DAGs
[2022-08-29T20:26:55.547-0400] {logging_mixin.py:115} INFO - [2022-08-29T20:26:55.547-0400] {dag.py:2977} INFO - Setting next_dagrun for example_subdag_operator.section-1 to None, run_after=None
[2022-08-29T20:26:55.547-0400] {logging_mixin.py:115} INFO - [2022-08-29T20:26:55.547-0400] {dag.py:2977} INFO - Setting next_dagrun for example_subdag_operator.section-2 to None, run_after=None
[2022-08-29T20:26:55.559-0400] {processor.py:161} INFO - Processing /Users/jl/Documents/Repos/GHC-2022-data-engineering-workshop/venv/lib/python3.8/site-packages/airflow/example_dags/example_subdag_operator.py took 0.394 seconds
[2022-08-29T20:28:36.088-0400] {processor.py:153} INFO - Started process (PID=15987) to work on /Users/jl/Documents/Repos/GHC-2022-data-engineering-workshop/venv/lib/python3.8/site-packages/airflow/example_dags/example_subdag_operator.py
[2022-08-29T20:28:36.096-0400] {processor.py:640} INFO - Processing file /Users/jl/Documents/Repos/GHC-2022-data-engineering-workshop/venv/lib/python3.8/site-packages/airflow/example_dags/example_subdag_operator.py for tasks to queue
[2022-08-29T20:28:36.096-0400] {logging_mixin.py:115} INFO - [2022-08-29T20:28:36.096-0400] {dagbag.py:508} INFO - Filling up the DagBag from /Users/jl/Documents/Repos/GHC-2022-data-engineering-workshop/venv/lib/python3.8/site-packages/airflow/example_dags/example_subdag_operator.py
[2022-08-29T20:28:36.165-0400] {processor.py:650} INFO - DAG(s) dict_keys(['example_subdag_operator.section-1', 'example_subdag_operator.section-2', 'example_subdag_operator']) retrieved from /Users/jl/Documents/Repos/GHC-2022-data-engineering-workshop/venv/lib/python3.8/site-packages/airflow/example_dags/example_subdag_operator.py
[2022-08-29T20:28:36.308-0400] {logging_mixin.py:115} INFO - [2022-08-29T20:28:36.308-0400] {dag.py:2429} INFO - Sync 3 DAGs
[2022-08-29T20:28:36.326-0400] {logging_mixin.py:115} INFO - [2022-08-29T20:28:36.326-0400] {dag.py:2977} INFO - Setting next_dagrun for example_subdag_operator to 2022-01-01T00:00:00+00:00, run_after=2022-01-01T00:00:00+00:00
[2022-08-29T20:28:36.326-0400] {logging_mixin.py:115} INFO - [2022-08-29T20:28:36.326-0400] {dag.py:2977} INFO - Setting next_dagrun for example_subdag_operator.section-1 to None, run_after=None
[2022-08-29T20:28:36.327-0400] {logging_mixin.py:115} INFO - [2022-08-29T20:28:36.326-0400] {dag.py:2977} INFO - Setting next_dagrun for example_subdag_operator.section-2 to None, run_after=None
[2022-08-29T20:28:36.333-0400] {logging_mixin.py:115} INFO - [2022-08-29T20:28:36.333-0400] {dag.py:2429} INFO - Sync 2 DAGs
[2022-08-29T20:28:36.337-0400] {logging_mixin.py:115} INFO - [2022-08-29T20:28:36.337-0400] {dag.py:2977} INFO - Setting next_dagrun for example_subdag_operator.section-1 to None, run_after=None
[2022-08-29T20:28:36.338-0400] {logging_mixin.py:115} INFO - [2022-08-29T20:28:36.337-0400] {dag.py:2977} INFO - Setting next_dagrun for example_subdag_operator.section-2 to None, run_after=None
[2022-08-29T20:28:36.348-0400] {processor.py:161} INFO - Processing /Users/jl/Documents/Repos/GHC-2022-data-engineering-workshop/venv/lib/python3.8/site-packages/airflow/example_dags/example_subdag_operator.py took 0.261 seconds
[2022-08-29T20:30:35.394-0400] {processor.py:153} INFO - Started process (PID=16097) to work on /Users/jl/Documents/Repos/GHC-2022-data-engineering-workshop/venv/lib/python3.8/site-packages/airflow/example_dags/example_subdag_operator.py
[2022-08-29T20:30:35.406-0400] {processor.py:640} INFO - Processing file /Users/jl/Documents/Repos/GHC-2022-data-engineering-workshop/venv/lib/python3.8/site-packages/airflow/example_dags/example_subdag_operator.py for tasks to queue
[2022-08-29T20:30:35.407-0400] {logging_mixin.py:115} INFO - [2022-08-29T20:30:35.407-0400] {dagbag.py:508} INFO - Filling up the DagBag from /Users/jl/Documents/Repos/GHC-2022-data-engineering-workshop/venv/lib/python3.8/site-packages/airflow/example_dags/example_subdag_operator.py
[2022-08-29T20:30:35.498-0400] {processor.py:650} INFO - DAG(s) dict_keys(['example_subdag_operator.section-1', 'example_subdag_operator.section-2', 'example_subdag_operator']) retrieved from /Users/jl/Documents/Repos/GHC-2022-data-engineering-workshop/venv/lib/python3.8/site-packages/airflow/example_dags/example_subdag_operator.py
[2022-08-29T20:30:35.711-0400] {logging_mixin.py:115} INFO - [2022-08-29T20:30:35.711-0400] {dag.py:2429} INFO - Sync 3 DAGs
[2022-08-29T20:30:35.738-0400] {logging_mixin.py:115} INFO - [2022-08-29T20:30:35.738-0400] {dag.py:2977} INFO - Setting next_dagrun for example_subdag_operator to 2022-01-01T00:00:00+00:00, run_after=2022-01-01T00:00:00+00:00
[2022-08-29T20:30:35.739-0400] {logging_mixin.py:115} INFO - [2022-08-29T20:30:35.739-0400] {dag.py:2977} INFO - Setting next_dagrun for example_subdag_operator.section-1 to None, run_after=None
[2022-08-29T20:30:35.740-0400] {logging_mixin.py:115} INFO - [2022-08-29T20:30:35.739-0400] {dag.py:2977} INFO - Setting next_dagrun for example_subdag_operator.section-2 to None, run_after=None
[2022-08-29T20:30:35.747-0400] {logging_mixin.py:115} INFO - [2022-08-29T20:30:35.747-0400] {dag.py:2429} INFO - Sync 2 DAGs
[2022-08-29T20:30:35.753-0400] {logging_mixin.py:115} INFO - [2022-08-29T20:30:35.753-0400] {dag.py:2977} INFO - Setting next_dagrun for example_subdag_operator.section-1 to None, run_after=None
[2022-08-29T20:30:35.753-0400] {logging_mixin.py:115} INFO - [2022-08-29T20:30:35.753-0400] {dag.py:2977} INFO - Setting next_dagrun for example_subdag_operator.section-2 to None, run_after=None
[2022-08-29T20:30:35.765-0400] {processor.py:161} INFO - Processing /Users/jl/Documents/Repos/GHC-2022-data-engineering-workshop/venv/lib/python3.8/site-packages/airflow/example_dags/example_subdag_operator.py took 0.372 seconds
[2022-08-29T20:31:45.746-0400] {processor.py:153} INFO - Started process (PID=16157) to work on /Users/jl/Documents/Repos/GHC-2022-data-engineering-workshop/venv/lib/python3.8/site-packages/airflow/example_dags/example_subdag_operator.py
[2022-08-29T20:31:45.756-0400] {processor.py:640} INFO - Processing file /Users/jl/Documents/Repos/GHC-2022-data-engineering-workshop/venv/lib/python3.8/site-packages/airflow/example_dags/example_subdag_operator.py for tasks to queue
[2022-08-29T20:31:45.757-0400] {logging_mixin.py:115} INFO - [2022-08-29T20:31:45.757-0400] {dagbag.py:508} INFO - Filling up the DagBag from /Users/jl/Documents/Repos/GHC-2022-data-engineering-workshop/venv/lib/python3.8/site-packages/airflow/example_dags/example_subdag_operator.py
[2022-08-29T20:31:45.831-0400] {processor.py:650} INFO - DAG(s) dict_keys(['example_subdag_operator.section-1', 'example_subdag_operator.section-2', 'example_subdag_operator']) retrieved from /Users/jl/Documents/Repos/GHC-2022-data-engineering-workshop/venv/lib/python3.8/site-packages/airflow/example_dags/example_subdag_operator.py
[2022-08-29T20:31:45.972-0400] {logging_mixin.py:115} INFO - [2022-08-29T20:31:45.972-0400] {dag.py:2429} INFO - Sync 3 DAGs
[2022-08-29T20:31:45.990-0400] {logging_mixin.py:115} INFO - [2022-08-29T20:31:45.989-0400] {dag.py:2977} INFO - Setting next_dagrun for example_subdag_operator to 2022-01-01T00:00:00+00:00, run_after=2022-01-01T00:00:00+00:00
[2022-08-29T20:31:45.990-0400] {logging_mixin.py:115} INFO - [2022-08-29T20:31:45.990-0400] {dag.py:2977} INFO - Setting next_dagrun for example_subdag_operator.section-1 to None, run_after=None
[2022-08-29T20:31:45.990-0400] {logging_mixin.py:115} INFO - [2022-08-29T20:31:45.990-0400] {dag.py:2977} INFO - Setting next_dagrun for example_subdag_operator.section-2 to None, run_after=None
[2022-08-29T20:31:45.996-0400] {logging_mixin.py:115} INFO - [2022-08-29T20:31:45.996-0400] {dag.py:2429} INFO - Sync 2 DAGs
[2022-08-29T20:31:46.001-0400] {logging_mixin.py:115} INFO - [2022-08-29T20:31:46.001-0400] {dag.py:2977} INFO - Setting next_dagrun for example_subdag_operator.section-1 to None, run_after=None
[2022-08-29T20:31:46.001-0400] {logging_mixin.py:115} INFO - [2022-08-29T20:31:46.001-0400] {dag.py:2977} INFO - Setting next_dagrun for example_subdag_operator.section-2 to None, run_after=None
[2022-08-29T20:31:46.012-0400] {processor.py:161} INFO - Processing /Users/jl/Documents/Repos/GHC-2022-data-engineering-workshop/venv/lib/python3.8/site-packages/airflow/example_dags/example_subdag_operator.py took 0.268 seconds
[2022-08-29T20:33:48.508-0400] {processor.py:153} INFO - Started process (PID=16279) to work on /Users/jl/Documents/Repos/GHC-2022-data-engineering-workshop/venv/lib/python3.8/site-packages/airflow/example_dags/example_subdag_operator.py
[2022-08-29T20:33:48.519-0400] {processor.py:640} INFO - Processing file /Users/jl/Documents/Repos/GHC-2022-data-engineering-workshop/venv/lib/python3.8/site-packages/airflow/example_dags/example_subdag_operator.py for tasks to queue
[2022-08-29T20:33:48.520-0400] {logging_mixin.py:115} INFO - [2022-08-29T20:33:48.519-0400] {dagbag.py:508} INFO - Filling up the DagBag from /Users/jl/Documents/Repos/GHC-2022-data-engineering-workshop/venv/lib/python3.8/site-packages/airflow/example_dags/example_subdag_operator.py
[2022-08-29T20:33:48.615-0400] {processor.py:650} INFO - DAG(s) dict_keys(['example_subdag_operator.section-1', 'example_subdag_operator.section-2', 'example_subdag_operator']) retrieved from /Users/jl/Documents/Repos/GHC-2022-data-engineering-workshop/venv/lib/python3.8/site-packages/airflow/example_dags/example_subdag_operator.py
[2022-08-29T20:33:48.817-0400] {logging_mixin.py:115} INFO - [2022-08-29T20:33:48.817-0400] {dag.py:2429} INFO - Sync 3 DAGs
[2022-08-29T20:33:48.838-0400] {logging_mixin.py:115} INFO - [2022-08-29T20:33:48.838-0400] {dag.py:2977} INFO - Setting next_dagrun for example_subdag_operator to 2022-01-01T00:00:00+00:00, run_after=2022-01-01T00:00:00+00:00
[2022-08-29T20:33:48.838-0400] {logging_mixin.py:115} INFO - [2022-08-29T20:33:48.838-0400] {dag.py:2977} INFO - Setting next_dagrun for example_subdag_operator.section-1 to None, run_after=None
[2022-08-29T20:33:48.839-0400] {logging_mixin.py:115} INFO - [2022-08-29T20:33:48.838-0400] {dag.py:2977} INFO - Setting next_dagrun for example_subdag_operator.section-2 to None, run_after=None
[2022-08-29T20:33:48.844-0400] {logging_mixin.py:115} INFO - [2022-08-29T20:33:48.844-0400] {dag.py:2429} INFO - Sync 2 DAGs
[2022-08-29T20:33:48.848-0400] {logging_mixin.py:115} INFO - [2022-08-29T20:33:48.848-0400] {dag.py:2977} INFO - Setting next_dagrun for example_subdag_operator.section-1 to None, run_after=None
[2022-08-29T20:33:48.849-0400] {logging_mixin.py:115} INFO - [2022-08-29T20:33:48.849-0400] {dag.py:2977} INFO - Setting next_dagrun for example_subdag_operator.section-2 to None, run_after=None
[2022-08-29T20:33:48.861-0400] {processor.py:161} INFO - Processing /Users/jl/Documents/Repos/GHC-2022-data-engineering-workshop/venv/lib/python3.8/site-packages/airflow/example_dags/example_subdag_operator.py took 0.354 seconds
[2022-08-29T20:35:29.341-0400] {processor.py:153} INFO - Started process (PID=16379) to work on /Users/jl/Documents/Repos/GHC-2022-data-engineering-workshop/venv/lib/python3.8/site-packages/airflow/example_dags/example_subdag_operator.py
[2022-08-29T20:35:29.352-0400] {processor.py:640} INFO - Processing file /Users/jl/Documents/Repos/GHC-2022-data-engineering-workshop/venv/lib/python3.8/site-packages/airflow/example_dags/example_subdag_operator.py for tasks to queue
[2022-08-29T20:35:29.352-0400] {logging_mixin.py:115} INFO - [2022-08-29T20:35:29.352-0400] {dagbag.py:508} INFO - Filling up the DagBag from /Users/jl/Documents/Repos/GHC-2022-data-engineering-workshop/venv/lib/python3.8/site-packages/airflow/example_dags/example_subdag_operator.py
[2022-08-29T20:35:29.432-0400] {processor.py:650} INFO - DAG(s) dict_keys(['example_subdag_operator.section-1', 'example_subdag_operator.section-2', 'example_subdag_operator']) retrieved from /Users/jl/Documents/Repos/GHC-2022-data-engineering-workshop/venv/lib/python3.8/site-packages/airflow/example_dags/example_subdag_operator.py
[2022-08-29T20:35:29.723-0400] {logging_mixin.py:115} INFO - [2022-08-29T20:35:29.723-0400] {dag.py:2429} INFO - Sync 3 DAGs
[2022-08-29T20:35:29.740-0400] {logging_mixin.py:115} INFO - [2022-08-29T20:35:29.740-0400] {dag.py:2977} INFO - Setting next_dagrun for example_subdag_operator to 2022-01-01T00:00:00+00:00, run_after=2022-01-01T00:00:00+00:00
[2022-08-29T20:35:29.741-0400] {logging_mixin.py:115} INFO - [2022-08-29T20:35:29.741-0400] {dag.py:2977} INFO - Setting next_dagrun for example_subdag_operator.section-1 to None, run_after=None
[2022-08-29T20:35:29.741-0400] {logging_mixin.py:115} INFO - [2022-08-29T20:35:29.741-0400] {dag.py:2977} INFO - Setting next_dagrun for example_subdag_operator.section-2 to None, run_after=None
[2022-08-29T20:35:29.747-0400] {logging_mixin.py:115} INFO - [2022-08-29T20:35:29.747-0400] {dag.py:2429} INFO - Sync 2 DAGs
[2022-08-29T20:35:29.752-0400] {logging_mixin.py:115} INFO - [2022-08-29T20:35:29.751-0400] {dag.py:2977} INFO - Setting next_dagrun for example_subdag_operator.section-1 to None, run_after=None
[2022-08-29T20:35:29.752-0400] {logging_mixin.py:115} INFO - [2022-08-29T20:35:29.752-0400] {dag.py:2977} INFO - Setting next_dagrun for example_subdag_operator.section-2 to None, run_after=None
[2022-08-29T20:35:29.762-0400] {processor.py:161} INFO - Processing /Users/jl/Documents/Repos/GHC-2022-data-engineering-workshop/venv/lib/python3.8/site-packages/airflow/example_dags/example_subdag_operator.py took 0.422 seconds
[2022-08-29T20:37:19.409-0400] {processor.py:153} INFO - Started process (PID=16506) to work on /Users/jl/Documents/Repos/GHC-2022-data-engineering-workshop/venv/lib/python3.8/site-packages/airflow/example_dags/example_subdag_operator.py
[2022-08-29T20:37:19.419-0400] {processor.py:640} INFO - Processing file /Users/jl/Documents/Repos/GHC-2022-data-engineering-workshop/venv/lib/python3.8/site-packages/airflow/example_dags/example_subdag_operator.py for tasks to queue
[2022-08-29T20:37:19.420-0400] {logging_mixin.py:115} INFO - [2022-08-29T20:37:19.420-0400] {dagbag.py:508} INFO - Filling up the DagBag from /Users/jl/Documents/Repos/GHC-2022-data-engineering-workshop/venv/lib/python3.8/site-packages/airflow/example_dags/example_subdag_operator.py
[2022-08-29T20:37:19.492-0400] {processor.py:650} INFO - DAG(s) dict_keys(['example_subdag_operator.section-1', 'example_subdag_operator.section-2', 'example_subdag_operator']) retrieved from /Users/jl/Documents/Repos/GHC-2022-data-engineering-workshop/venv/lib/python3.8/site-packages/airflow/example_dags/example_subdag_operator.py
[2022-08-29T20:37:19.823-0400] {logging_mixin.py:115} INFO - [2022-08-29T20:37:19.823-0400] {dag.py:2429} INFO - Sync 3 DAGs
[2022-08-29T20:37:19.843-0400] {logging_mixin.py:115} INFO - [2022-08-29T20:37:19.843-0400] {dag.py:2977} INFO - Setting next_dagrun for example_subdag_operator to 2022-01-01T00:00:00+00:00, run_after=2022-01-01T00:00:00+00:00
[2022-08-29T20:37:19.844-0400] {logging_mixin.py:115} INFO - [2022-08-29T20:37:19.843-0400] {dag.py:2977} INFO - Setting next_dagrun for example_subdag_operator.section-1 to None, run_after=None
[2022-08-29T20:37:19.844-0400] {logging_mixin.py:115} INFO - [2022-08-29T20:37:19.844-0400] {dag.py:2977} INFO - Setting next_dagrun for example_subdag_operator.section-2 to None, run_after=None
[2022-08-29T20:37:19.852-0400] {logging_mixin.py:115} INFO - [2022-08-29T20:37:19.851-0400] {dag.py:2429} INFO - Sync 2 DAGs
[2022-08-29T20:37:19.857-0400] {logging_mixin.py:115} INFO - [2022-08-29T20:37:19.857-0400] {dag.py:2977} INFO - Setting next_dagrun for example_subdag_operator.section-1 to None, run_after=None
[2022-08-29T20:37:19.858-0400] {logging_mixin.py:115} INFO - [2022-08-29T20:37:19.858-0400] {dag.py:2977} INFO - Setting next_dagrun for example_subdag_operator.section-2 to None, run_after=None
[2022-08-29T20:37:19.872-0400] {processor.py:161} INFO - Processing /Users/jl/Documents/Repos/GHC-2022-data-engineering-workshop/venv/lib/python3.8/site-packages/airflow/example_dags/example_subdag_operator.py took 0.464 seconds
[2022-08-29T20:39:22.759-0400] {processor.py:153} INFO - Started process (PID=16615) to work on /Users/jl/Documents/Repos/GHC-2022-data-engineering-workshop/venv/lib/python3.8/site-packages/airflow/example_dags/example_subdag_operator.py
[2022-08-29T20:39:22.771-0400] {processor.py:640} INFO - Processing file /Users/jl/Documents/Repos/GHC-2022-data-engineering-workshop/venv/lib/python3.8/site-packages/airflow/example_dags/example_subdag_operator.py for tasks to queue
[2022-08-29T20:39:22.773-0400] {logging_mixin.py:115} INFO - [2022-08-29T20:39:22.773-0400] {dagbag.py:508} INFO - Filling up the DagBag from /Users/jl/Documents/Repos/GHC-2022-data-engineering-workshop/venv/lib/python3.8/site-packages/airflow/example_dags/example_subdag_operator.py
[2022-08-29T20:39:22.970-0400] {processor.py:650} INFO - DAG(s) dict_keys(['example_subdag_operator.section-1', 'example_subdag_operator.section-2', 'example_subdag_operator']) retrieved from /Users/jl/Documents/Repos/GHC-2022-data-engineering-workshop/venv/lib/python3.8/site-packages/airflow/example_dags/example_subdag_operator.py
[2022-08-29T20:39:23.287-0400] {logging_mixin.py:115} INFO - [2022-08-29T20:39:23.287-0400] {dag.py:2429} INFO - Sync 3 DAGs
[2022-08-29T20:39:23.331-0400] {logging_mixin.py:115} INFO - [2022-08-29T20:39:23.331-0400] {dag.py:2977} INFO - Setting next_dagrun for example_subdag_operator to 2022-01-01T00:00:00+00:00, run_after=2022-01-01T00:00:00+00:00
[2022-08-29T20:39:23.335-0400] {logging_mixin.py:115} INFO - [2022-08-29T20:39:23.335-0400] {dag.py:2977} INFO - Setting next_dagrun for example_subdag_operator.section-1 to None, run_after=None
[2022-08-29T20:39:23.335-0400] {logging_mixin.py:115} INFO - [2022-08-29T20:39:23.335-0400] {dag.py:2977} INFO - Setting next_dagrun for example_subdag_operator.section-2 to None, run_after=None
[2022-08-29T20:39:23.347-0400] {logging_mixin.py:115} INFO - [2022-08-29T20:39:23.347-0400] {dag.py:2429} INFO - Sync 2 DAGs
[2022-08-29T20:39:23.356-0400] {logging_mixin.py:115} INFO - [2022-08-29T20:39:23.356-0400] {dag.py:2977} INFO - Setting next_dagrun for example_subdag_operator.section-1 to None, run_after=None
[2022-08-29T20:39:23.357-0400] {logging_mixin.py:115} INFO - [2022-08-29T20:39:23.356-0400] {dag.py:2977} INFO - Setting next_dagrun for example_subdag_operator.section-2 to None, run_after=None
[2022-08-29T20:39:23.372-0400] {processor.py:161} INFO - Processing /Users/jl/Documents/Repos/GHC-2022-data-engineering-workshop/venv/lib/python3.8/site-packages/airflow/example_dags/example_subdag_operator.py took 0.615 seconds
[2022-08-29T20:41:07.100-0400] {processor.py:153} INFO - Started process (PID=16707) to work on /Users/jl/Documents/Repos/GHC-2022-data-engineering-workshop/venv/lib/python3.8/site-packages/airflow/example_dags/example_subdag_operator.py
[2022-08-29T20:41:07.108-0400] {processor.py:640} INFO - Processing file /Users/jl/Documents/Repos/GHC-2022-data-engineering-workshop/venv/lib/python3.8/site-packages/airflow/example_dags/example_subdag_operator.py for tasks to queue
[2022-08-29T20:41:07.109-0400] {logging_mixin.py:115} INFO - [2022-08-29T20:41:07.109-0400] {dagbag.py:508} INFO - Filling up the DagBag from /Users/jl/Documents/Repos/GHC-2022-data-engineering-workshop/venv/lib/python3.8/site-packages/airflow/example_dags/example_subdag_operator.py
[2022-08-29T20:41:07.181-0400] {processor.py:650} INFO - DAG(s) dict_keys(['example_subdag_operator.section-1', 'example_subdag_operator.section-2', 'example_subdag_operator']) retrieved from /Users/jl/Documents/Repos/GHC-2022-data-engineering-workshop/venv/lib/python3.8/site-packages/airflow/example_dags/example_subdag_operator.py
[2022-08-29T20:41:07.322-0400] {logging_mixin.py:115} INFO - [2022-08-29T20:41:07.322-0400] {dag.py:2429} INFO - Sync 3 DAGs
[2022-08-29T20:41:07.340-0400] {logging_mixin.py:115} INFO - [2022-08-29T20:41:07.340-0400] {dag.py:2977} INFO - Setting next_dagrun for example_subdag_operator to 2022-01-01T00:00:00+00:00, run_after=2022-01-01T00:00:00+00:00
[2022-08-29T20:41:07.340-0400] {logging_mixin.py:115} INFO - [2022-08-29T20:41:07.340-0400] {dag.py:2977} INFO - Setting next_dagrun for example_subdag_operator.section-1 to None, run_after=None
[2022-08-29T20:41:07.341-0400] {logging_mixin.py:115} INFO - [2022-08-29T20:41:07.341-0400] {dag.py:2977} INFO - Setting next_dagrun for example_subdag_operator.section-2 to None, run_after=None
[2022-08-29T20:41:07.346-0400] {logging_mixin.py:115} INFO - [2022-08-29T20:41:07.346-0400] {dag.py:2429} INFO - Sync 2 DAGs
[2022-08-29T20:41:07.351-0400] {logging_mixin.py:115} INFO - [2022-08-29T20:41:07.351-0400] {dag.py:2977} INFO - Setting next_dagrun for example_subdag_operator.section-1 to None, run_after=None
[2022-08-29T20:41:07.352-0400] {logging_mixin.py:115} INFO - [2022-08-29T20:41:07.351-0400] {dag.py:2977} INFO - Setting next_dagrun for example_subdag_operator.section-2 to None, run_after=None
[2022-08-29T20:41:07.363-0400] {processor.py:161} INFO - Processing /Users/jl/Documents/Repos/GHC-2022-data-engineering-workshop/venv/lib/python3.8/site-packages/airflow/example_dags/example_subdag_operator.py took 0.264 seconds
[2022-08-29T20:42:59.602-0400] {processor.py:153} INFO - Started process (PID=16807) to work on /Users/jl/Documents/Repos/GHC-2022-data-engineering-workshop/venv/lib/python3.8/site-packages/airflow/example_dags/example_subdag_operator.py
[2022-08-29T20:42:59.613-0400] {processor.py:640} INFO - Processing file /Users/jl/Documents/Repos/GHC-2022-data-engineering-workshop/venv/lib/python3.8/site-packages/airflow/example_dags/example_subdag_operator.py for tasks to queue
[2022-08-29T20:42:59.614-0400] {logging_mixin.py:115} INFO - [2022-08-29T20:42:59.614-0400] {dagbag.py:508} INFO - Filling up the DagBag from /Users/jl/Documents/Repos/GHC-2022-data-engineering-workshop/venv/lib/python3.8/site-packages/airflow/example_dags/example_subdag_operator.py
[2022-08-29T20:42:59.704-0400] {processor.py:650} INFO - DAG(s) dict_keys(['example_subdag_operator.section-1', 'example_subdag_operator.section-2', 'example_subdag_operator']) retrieved from /Users/jl/Documents/Repos/GHC-2022-data-engineering-workshop/venv/lib/python3.8/site-packages/airflow/example_dags/example_subdag_operator.py
[2022-08-29T20:43:00.157-0400] {logging_mixin.py:115} INFO - [2022-08-29T20:43:00.157-0400] {dag.py:2429} INFO - Sync 3 DAGs
[2022-08-29T20:43:00.181-0400] {logging_mixin.py:115} INFO - [2022-08-29T20:43:00.181-0400] {dag.py:2977} INFO - Setting next_dagrun for example_subdag_operator to 2022-01-01T00:00:00+00:00, run_after=2022-01-01T00:00:00+00:00
[2022-08-29T20:43:00.182-0400] {logging_mixin.py:115} INFO - [2022-08-29T20:43:00.182-0400] {dag.py:2977} INFO - Setting next_dagrun for example_subdag_operator.section-1 to None, run_after=None
[2022-08-29T20:43:00.182-0400] {logging_mixin.py:115} INFO - [2022-08-29T20:43:00.182-0400] {dag.py:2977} INFO - Setting next_dagrun for example_subdag_operator.section-2 to None, run_after=None
[2022-08-29T20:43:00.189-0400] {logging_mixin.py:115} INFO - [2022-08-29T20:43:00.188-0400] {dag.py:2429} INFO - Sync 2 DAGs
[2022-08-29T20:43:00.196-0400] {logging_mixin.py:115} INFO - [2022-08-29T20:43:00.196-0400] {dag.py:2977} INFO - Setting next_dagrun for example_subdag_operator.section-1 to None, run_after=None
[2022-08-29T20:43:00.197-0400] {logging_mixin.py:115} INFO - [2022-08-29T20:43:00.196-0400] {dag.py:2977} INFO - Setting next_dagrun for example_subdag_operator.section-2 to None, run_after=None
[2022-08-29T20:43:00.207-0400] {processor.py:161} INFO - Processing /Users/jl/Documents/Repos/GHC-2022-data-engineering-workshop/venv/lib/python3.8/site-packages/airflow/example_dags/example_subdag_operator.py took 0.606 seconds
[2022-08-29T20:44:59.304-0400] {processor.py:153} INFO - Started process (PID=16912) to work on /Users/jl/Documents/Repos/GHC-2022-data-engineering-workshop/venv/lib/python3.8/site-packages/airflow/example_dags/example_subdag_operator.py
[2022-08-29T20:44:59.314-0400] {processor.py:640} INFO - Processing file /Users/jl/Documents/Repos/GHC-2022-data-engineering-workshop/venv/lib/python3.8/site-packages/airflow/example_dags/example_subdag_operator.py for tasks to queue
[2022-08-29T20:44:59.315-0400] {logging_mixin.py:115} INFO - [2022-08-29T20:44:59.315-0400] {dagbag.py:508} INFO - Filling up the DagBag from /Users/jl/Documents/Repos/GHC-2022-data-engineering-workshop/venv/lib/python3.8/site-packages/airflow/example_dags/example_subdag_operator.py
[2022-08-29T20:44:59.394-0400] {processor.py:650} INFO - DAG(s) dict_keys(['example_subdag_operator.section-1', 'example_subdag_operator.section-2', 'example_subdag_operator']) retrieved from /Users/jl/Documents/Repos/GHC-2022-data-engineering-workshop/venv/lib/python3.8/site-packages/airflow/example_dags/example_subdag_operator.py
[2022-08-29T20:44:59.695-0400] {logging_mixin.py:115} INFO - [2022-08-29T20:44:59.695-0400] {dag.py:2429} INFO - Sync 3 DAGs
[2022-08-29T20:44:59.720-0400] {logging_mixin.py:115} INFO - [2022-08-29T20:44:59.719-0400] {dag.py:2977} INFO - Setting next_dagrun for example_subdag_operator to 2022-01-01T00:00:00+00:00, run_after=2022-01-01T00:00:00+00:00
[2022-08-29T20:44:59.720-0400] {logging_mixin.py:115} INFO - [2022-08-29T20:44:59.720-0400] {dag.py:2977} INFO - Setting next_dagrun for example_subdag_operator.section-1 to None, run_after=None
[2022-08-29T20:44:59.721-0400] {logging_mixin.py:115} INFO - [2022-08-29T20:44:59.721-0400] {dag.py:2977} INFO - Setting next_dagrun for example_subdag_operator.section-2 to None, run_after=None
[2022-08-29T20:44:59.730-0400] {logging_mixin.py:115} INFO - [2022-08-29T20:44:59.729-0400] {dag.py:2429} INFO - Sync 2 DAGs
[2022-08-29T20:44:59.735-0400] {logging_mixin.py:115} INFO - [2022-08-29T20:44:59.735-0400] {dag.py:2977} INFO - Setting next_dagrun for example_subdag_operator.section-1 to None, run_after=None
[2022-08-29T20:44:59.736-0400] {logging_mixin.py:115} INFO - [2022-08-29T20:44:59.736-0400] {dag.py:2977} INFO - Setting next_dagrun for example_subdag_operator.section-2 to None, run_after=None
[2022-08-29T20:44:59.749-0400] {processor.py:161} INFO - Processing /Users/jl/Documents/Repos/GHC-2022-data-engineering-workshop/venv/lib/python3.8/site-packages/airflow/example_dags/example_subdag_operator.py took 0.445 seconds
[2022-08-29T20:46:37.817-0400] {processor.py:153} INFO - Started process (PID=17003) to work on /Users/jl/Documents/Repos/GHC-2022-data-engineering-workshop/venv/lib/python3.8/site-packages/airflow/example_dags/example_subdag_operator.py
[2022-08-29T20:46:37.826-0400] {processor.py:640} INFO - Processing file /Users/jl/Documents/Repos/GHC-2022-data-engineering-workshop/venv/lib/python3.8/site-packages/airflow/example_dags/example_subdag_operator.py for tasks to queue
[2022-08-29T20:46:37.826-0400] {logging_mixin.py:115} INFO - [2022-08-29T20:46:37.826-0400] {dagbag.py:508} INFO - Filling up the DagBag from /Users/jl/Documents/Repos/GHC-2022-data-engineering-workshop/venv/lib/python3.8/site-packages/airflow/example_dags/example_subdag_operator.py
[2022-08-29T20:46:37.897-0400] {processor.py:650} INFO - DAG(s) dict_keys(['example_subdag_operator.section-1', 'example_subdag_operator.section-2', 'example_subdag_operator']) retrieved from /Users/jl/Documents/Repos/GHC-2022-data-engineering-workshop/venv/lib/python3.8/site-packages/airflow/example_dags/example_subdag_operator.py
[2022-08-29T20:46:38.037-0400] {logging_mixin.py:115} INFO - [2022-08-29T20:46:38.037-0400] {dag.py:2429} INFO - Sync 3 DAGs
[2022-08-29T20:46:38.055-0400] {logging_mixin.py:115} INFO - [2022-08-29T20:46:38.054-0400] {dag.py:2977} INFO - Setting next_dagrun for example_subdag_operator to 2022-01-01T00:00:00+00:00, run_after=2022-01-01T00:00:00+00:00
[2022-08-29T20:46:38.055-0400] {logging_mixin.py:115} INFO - [2022-08-29T20:46:38.055-0400] {dag.py:2977} INFO - Setting next_dagrun for example_subdag_operator.section-1 to None, run_after=None
[2022-08-29T20:46:38.056-0400] {logging_mixin.py:115} INFO - [2022-08-29T20:46:38.055-0400] {dag.py:2977} INFO - Setting next_dagrun for example_subdag_operator.section-2 to None, run_after=None
[2022-08-29T20:46:38.061-0400] {logging_mixin.py:115} INFO - [2022-08-29T20:46:38.061-0400] {dag.py:2429} INFO - Sync 2 DAGs
[2022-08-29T20:46:38.066-0400] {logging_mixin.py:115} INFO - [2022-08-29T20:46:38.066-0400] {dag.py:2977} INFO - Setting next_dagrun for example_subdag_operator.section-1 to None, run_after=None
[2022-08-29T20:46:38.067-0400] {logging_mixin.py:115} INFO - [2022-08-29T20:46:38.066-0400] {dag.py:2977} INFO - Setting next_dagrun for example_subdag_operator.section-2 to None, run_after=None
[2022-08-29T20:46:38.077-0400] {processor.py:161} INFO - Processing /Users/jl/Documents/Repos/GHC-2022-data-engineering-workshop/venv/lib/python3.8/site-packages/airflow/example_dags/example_subdag_operator.py took 0.261 seconds
[2022-08-29T20:48:33.492-0400] {processor.py:153} INFO - Started process (PID=17107) to work on /Users/jl/Documents/Repos/GHC-2022-data-engineering-workshop/venv/lib/python3.8/site-packages/airflow/example_dags/example_subdag_operator.py
[2022-08-29T20:48:33.502-0400] {processor.py:640} INFO - Processing file /Users/jl/Documents/Repos/GHC-2022-data-engineering-workshop/venv/lib/python3.8/site-packages/airflow/example_dags/example_subdag_operator.py for tasks to queue
[2022-08-29T20:48:33.503-0400] {logging_mixin.py:115} INFO - [2022-08-29T20:48:33.502-0400] {dagbag.py:508} INFO - Filling up the DagBag from /Users/jl/Documents/Repos/GHC-2022-data-engineering-workshop/venv/lib/python3.8/site-packages/airflow/example_dags/example_subdag_operator.py
[2022-08-29T20:48:33.577-0400] {processor.py:650} INFO - DAG(s) dict_keys(['example_subdag_operator.section-1', 'example_subdag_operator.section-2', 'example_subdag_operator']) retrieved from /Users/jl/Documents/Repos/GHC-2022-data-engineering-workshop/venv/lib/python3.8/site-packages/airflow/example_dags/example_subdag_operator.py
[2022-08-29T20:48:33.858-0400] {logging_mixin.py:115} INFO - [2022-08-29T20:48:33.858-0400] {dag.py:2429} INFO - Sync 3 DAGs
[2022-08-29T20:48:33.876-0400] {logging_mixin.py:115} INFO - [2022-08-29T20:48:33.876-0400] {dag.py:2977} INFO - Setting next_dagrun for example_subdag_operator to 2022-01-01T00:00:00+00:00, run_after=2022-01-01T00:00:00+00:00
[2022-08-29T20:48:33.876-0400] {logging_mixin.py:115} INFO - [2022-08-29T20:48:33.876-0400] {dag.py:2977} INFO - Setting next_dagrun for example_subdag_operator.section-1 to None, run_after=None
[2022-08-29T20:48:33.877-0400] {logging_mixin.py:115} INFO - [2022-08-29T20:48:33.876-0400] {dag.py:2977} INFO - Setting next_dagrun for example_subdag_operator.section-2 to None, run_after=None
[2022-08-29T20:48:33.882-0400] {logging_mixin.py:115} INFO - [2022-08-29T20:48:33.882-0400] {dag.py:2429} INFO - Sync 2 DAGs
[2022-08-29T20:48:33.887-0400] {logging_mixin.py:115} INFO - [2022-08-29T20:48:33.887-0400] {dag.py:2977} INFO - Setting next_dagrun for example_subdag_operator.section-1 to None, run_after=None
[2022-08-29T20:48:33.887-0400] {logging_mixin.py:115} INFO - [2022-08-29T20:48:33.887-0400] {dag.py:2977} INFO - Setting next_dagrun for example_subdag_operator.section-2 to None, run_after=None
[2022-08-29T20:48:33.899-0400] {processor.py:161} INFO - Processing /Users/jl/Documents/Repos/GHC-2022-data-engineering-workshop/venv/lib/python3.8/site-packages/airflow/example_dags/example_subdag_operator.py took 0.408 seconds
[2022-08-29T20:50:11.982-0400] {processor.py:153} INFO - Started process (PID=17196) to work on /Users/jl/Documents/Repos/GHC-2022-data-engineering-workshop/venv/lib/python3.8/site-packages/airflow/example_dags/example_subdag_operator.py
[2022-08-29T20:50:11.990-0400] {processor.py:640} INFO - Processing file /Users/jl/Documents/Repos/GHC-2022-data-engineering-workshop/venv/lib/python3.8/site-packages/airflow/example_dags/example_subdag_operator.py for tasks to queue
[2022-08-29T20:50:11.991-0400] {logging_mixin.py:115} INFO - [2022-08-29T20:50:11.991-0400] {dagbag.py:508} INFO - Filling up the DagBag from /Users/jl/Documents/Repos/GHC-2022-data-engineering-workshop/venv/lib/python3.8/site-packages/airflow/example_dags/example_subdag_operator.py
[2022-08-29T20:50:12.061-0400] {processor.py:650} INFO - DAG(s) dict_keys(['example_subdag_operator.section-1', 'example_subdag_operator.section-2', 'example_subdag_operator']) retrieved from /Users/jl/Documents/Repos/GHC-2022-data-engineering-workshop/venv/lib/python3.8/site-packages/airflow/example_dags/example_subdag_operator.py
[2022-08-29T20:50:12.211-0400] {logging_mixin.py:115} INFO - [2022-08-29T20:50:12.211-0400] {dag.py:2429} INFO - Sync 3 DAGs
[2022-08-29T20:50:12.228-0400] {logging_mixin.py:115} INFO - [2022-08-29T20:50:12.228-0400] {dag.py:2977} INFO - Setting next_dagrun for example_subdag_operator to 2022-01-01T00:00:00+00:00, run_after=2022-01-01T00:00:00+00:00
[2022-08-29T20:50:12.229-0400] {logging_mixin.py:115} INFO - [2022-08-29T20:50:12.229-0400] {dag.py:2977} INFO - Setting next_dagrun for example_subdag_operator.section-1 to None, run_after=None
[2022-08-29T20:50:12.229-0400] {logging_mixin.py:115} INFO - [2022-08-29T20:50:12.229-0400] {dag.py:2977} INFO - Setting next_dagrun for example_subdag_operator.section-2 to None, run_after=None
[2022-08-29T20:50:12.235-0400] {logging_mixin.py:115} INFO - [2022-08-29T20:50:12.235-0400] {dag.py:2429} INFO - Sync 2 DAGs
[2022-08-29T20:50:12.239-0400] {logging_mixin.py:115} INFO - [2022-08-29T20:50:12.239-0400] {dag.py:2977} INFO - Setting next_dagrun for example_subdag_operator.section-1 to None, run_after=None
[2022-08-29T20:50:12.239-0400] {logging_mixin.py:115} INFO - [2022-08-29T20:50:12.239-0400] {dag.py:2977} INFO - Setting next_dagrun for example_subdag_operator.section-2 to None, run_after=None
[2022-08-29T20:50:12.250-0400] {processor.py:161} INFO - Processing /Users/jl/Documents/Repos/GHC-2022-data-engineering-workshop/venv/lib/python3.8/site-packages/airflow/example_dags/example_subdag_operator.py took 0.270 seconds
[2022-08-29T20:51:49.015-0400] {processor.py:153} INFO - Started process (PID=17285) to work on /Users/jl/Documents/Repos/GHC-2022-data-engineering-workshop/venv/lib/python3.8/site-packages/airflow/example_dags/example_subdag_operator.py
[2022-08-29T20:51:49.024-0400] {processor.py:640} INFO - Processing file /Users/jl/Documents/Repos/GHC-2022-data-engineering-workshop/venv/lib/python3.8/site-packages/airflow/example_dags/example_subdag_operator.py for tasks to queue
[2022-08-29T20:51:49.024-0400] {logging_mixin.py:115} INFO - [2022-08-29T20:51:49.024-0400] {dagbag.py:508} INFO - Filling up the DagBag from /Users/jl/Documents/Repos/GHC-2022-data-engineering-workshop/venv/lib/python3.8/site-packages/airflow/example_dags/example_subdag_operator.py
[2022-08-29T20:51:49.096-0400] {processor.py:650} INFO - DAG(s) dict_keys(['example_subdag_operator.section-1', 'example_subdag_operator.section-2', 'example_subdag_operator']) retrieved from /Users/jl/Documents/Repos/GHC-2022-data-engineering-workshop/venv/lib/python3.8/site-packages/airflow/example_dags/example_subdag_operator.py
[2022-08-29T20:51:49.266-0400] {logging_mixin.py:115} INFO - [2022-08-29T20:51:49.266-0400] {dag.py:2429} INFO - Sync 3 DAGs
[2022-08-29T20:51:49.284-0400] {logging_mixin.py:115} INFO - [2022-08-29T20:51:49.283-0400] {dag.py:2977} INFO - Setting next_dagrun for example_subdag_operator to 2022-01-01T00:00:00+00:00, run_after=2022-01-01T00:00:00+00:00
[2022-08-29T20:51:49.284-0400] {logging_mixin.py:115} INFO - [2022-08-29T20:51:49.284-0400] {dag.py:2977} INFO - Setting next_dagrun for example_subdag_operator.section-1 to None, run_after=None
[2022-08-29T20:51:49.284-0400] {logging_mixin.py:115} INFO - [2022-08-29T20:51:49.284-0400] {dag.py:2977} INFO - Setting next_dagrun for example_subdag_operator.section-2 to None, run_after=None
[2022-08-29T20:51:49.293-0400] {logging_mixin.py:115} INFO - [2022-08-29T20:51:49.293-0400] {dag.py:2429} INFO - Sync 2 DAGs
[2022-08-29T20:51:49.303-0400] {logging_mixin.py:115} INFO - [2022-08-29T20:51:49.302-0400] {dag.py:2977} INFO - Setting next_dagrun for example_subdag_operator.section-1 to None, run_after=None
[2022-08-29T20:51:49.304-0400] {logging_mixin.py:115} INFO - [2022-08-29T20:51:49.303-0400] {dag.py:2977} INFO - Setting next_dagrun for example_subdag_operator.section-2 to None, run_after=None
[2022-08-29T20:51:49.317-0400] {processor.py:161} INFO - Processing /Users/jl/Documents/Repos/GHC-2022-data-engineering-workshop/venv/lib/python3.8/site-packages/airflow/example_dags/example_subdag_operator.py took 0.303 seconds
[2022-08-29T20:53:33.130-0400] {processor.py:153} INFO - Started process (PID=17379) to work on /Users/jl/Documents/Repos/GHC-2022-data-engineering-workshop/venv/lib/python3.8/site-packages/airflow/example_dags/example_subdag_operator.py
[2022-08-29T20:53:33.140-0400] {processor.py:640} INFO - Processing file /Users/jl/Documents/Repos/GHC-2022-data-engineering-workshop/venv/lib/python3.8/site-packages/airflow/example_dags/example_subdag_operator.py for tasks to queue
[2022-08-29T20:53:33.141-0400] {logging_mixin.py:115} INFO - [2022-08-29T20:53:33.141-0400] {dagbag.py:508} INFO - Filling up the DagBag from /Users/jl/Documents/Repos/GHC-2022-data-engineering-workshop/venv/lib/python3.8/site-packages/airflow/example_dags/example_subdag_operator.py
[2022-08-29T20:53:33.225-0400] {processor.py:650} INFO - DAG(s) dict_keys(['example_subdag_operator.section-1', 'example_subdag_operator.section-2', 'example_subdag_operator']) retrieved from /Users/jl/Documents/Repos/GHC-2022-data-engineering-workshop/venv/lib/python3.8/site-packages/airflow/example_dags/example_subdag_operator.py
[2022-08-29T20:53:33.533-0400] {logging_mixin.py:115} INFO - [2022-08-29T20:53:33.532-0400] {dag.py:2429} INFO - Sync 3 DAGs
[2022-08-29T20:53:33.552-0400] {logging_mixin.py:115} INFO - [2022-08-29T20:53:33.552-0400] {dag.py:2977} INFO - Setting next_dagrun for example_subdag_operator to 2022-01-01T00:00:00+00:00, run_after=2022-01-01T00:00:00+00:00
[2022-08-29T20:53:33.553-0400] {logging_mixin.py:115} INFO - [2022-08-29T20:53:33.553-0400] {dag.py:2977} INFO - Setting next_dagrun for example_subdag_operator.section-1 to None, run_after=None
[2022-08-29T20:53:33.553-0400] {logging_mixin.py:115} INFO - [2022-08-29T20:53:33.553-0400] {dag.py:2977} INFO - Setting next_dagrun for example_subdag_operator.section-2 to None, run_after=None
[2022-08-29T20:53:33.560-0400] {logging_mixin.py:115} INFO - [2022-08-29T20:53:33.559-0400] {dag.py:2429} INFO - Sync 2 DAGs
[2022-08-29T20:53:33.564-0400] {logging_mixin.py:115} INFO - [2022-08-29T20:53:33.564-0400] {dag.py:2977} INFO - Setting next_dagrun for example_subdag_operator.section-1 to None, run_after=None
[2022-08-29T20:53:33.564-0400] {logging_mixin.py:115} INFO - [2022-08-29T20:53:33.564-0400] {dag.py:2977} INFO - Setting next_dagrun for example_subdag_operator.section-2 to None, run_after=None
[2022-08-29T20:53:33.575-0400] {processor.py:161} INFO - Processing /Users/jl/Documents/Repos/GHC-2022-data-engineering-workshop/venv/lib/python3.8/site-packages/airflow/example_dags/example_subdag_operator.py took 0.446 seconds
[2022-08-29T20:55:37.769-0400] {processor.py:153} INFO - Started process (PID=17476) to work on /Users/jl/Documents/Repos/GHC-2022-data-engineering-workshop/venv/lib/python3.8/site-packages/airflow/example_dags/example_subdag_operator.py
[2022-08-29T20:55:37.781-0400] {processor.py:640} INFO - Processing file /Users/jl/Documents/Repos/GHC-2022-data-engineering-workshop/venv/lib/python3.8/site-packages/airflow/example_dags/example_subdag_operator.py for tasks to queue
[2022-08-29T20:55:37.781-0400] {logging_mixin.py:115} INFO - [2022-08-29T20:55:37.781-0400] {dagbag.py:508} INFO - Filling up the DagBag from /Users/jl/Documents/Repos/GHC-2022-data-engineering-workshop/venv/lib/python3.8/site-packages/airflow/example_dags/example_subdag_operator.py
[2022-08-29T20:55:37.870-0400] {processor.py:650} INFO - DAG(s) dict_keys(['example_subdag_operator.section-1', 'example_subdag_operator.section-2', 'example_subdag_operator']) retrieved from /Users/jl/Documents/Repos/GHC-2022-data-engineering-workshop/venv/lib/python3.8/site-packages/airflow/example_dags/example_subdag_operator.py
[2022-08-29T20:55:38.046-0400] {logging_mixin.py:115} INFO - [2022-08-29T20:55:38.046-0400] {dag.py:2429} INFO - Sync 3 DAGs
[2022-08-29T20:55:38.065-0400] {logging_mixin.py:115} INFO - [2022-08-29T20:55:38.065-0400] {dag.py:2977} INFO - Setting next_dagrun for example_subdag_operator to 2022-01-01T00:00:00+00:00, run_after=2022-01-01T00:00:00+00:00
[2022-08-29T20:55:38.065-0400] {logging_mixin.py:115} INFO - [2022-08-29T20:55:38.065-0400] {dag.py:2977} INFO - Setting next_dagrun for example_subdag_operator.section-1 to None, run_after=None
[2022-08-29T20:55:38.066-0400] {logging_mixin.py:115} INFO - [2022-08-29T20:55:38.066-0400] {dag.py:2977} INFO - Setting next_dagrun for example_subdag_operator.section-2 to None, run_after=None
[2022-08-29T20:55:38.074-0400] {logging_mixin.py:115} INFO - [2022-08-29T20:55:38.074-0400] {dag.py:2429} INFO - Sync 2 DAGs
[2022-08-29T20:55:38.079-0400] {logging_mixin.py:115} INFO - [2022-08-29T20:55:38.079-0400] {dag.py:2977} INFO - Setting next_dagrun for example_subdag_operator.section-1 to None, run_after=None
[2022-08-29T20:55:38.080-0400] {logging_mixin.py:115} INFO - [2022-08-29T20:55:38.079-0400] {dag.py:2977} INFO - Setting next_dagrun for example_subdag_operator.section-2 to None, run_after=None
[2022-08-29T20:55:38.090-0400] {processor.py:161} INFO - Processing /Users/jl/Documents/Repos/GHC-2022-data-engineering-workshop/venv/lib/python3.8/site-packages/airflow/example_dags/example_subdag_operator.py took 0.323 seconds
[2022-08-29T20:57:22.003-0400] {processor.py:153} INFO - Started process (PID=17568) to work on /Users/jl/Documents/Repos/GHC-2022-data-engineering-workshop/venv/lib/python3.8/site-packages/airflow/example_dags/example_subdag_operator.py
[2022-08-29T20:57:22.014-0400] {processor.py:640} INFO - Processing file /Users/jl/Documents/Repos/GHC-2022-data-engineering-workshop/venv/lib/python3.8/site-packages/airflow/example_dags/example_subdag_operator.py for tasks to queue
[2022-08-29T20:57:22.015-0400] {logging_mixin.py:115} INFO - [2022-08-29T20:57:22.015-0400] {dagbag.py:508} INFO - Filling up the DagBag from /Users/jl/Documents/Repos/GHC-2022-data-engineering-workshop/venv/lib/python3.8/site-packages/airflow/example_dags/example_subdag_operator.py
[2022-08-29T20:57:22.089-0400] {processor.py:650} INFO - DAG(s) dict_keys(['example_subdag_operator.section-1', 'example_subdag_operator.section-2', 'example_subdag_operator']) retrieved from /Users/jl/Documents/Repos/GHC-2022-data-engineering-workshop/venv/lib/python3.8/site-packages/airflow/example_dags/example_subdag_operator.py
[2022-08-29T20:57:22.405-0400] {logging_mixin.py:115} INFO - [2022-08-29T20:57:22.405-0400] {dag.py:2429} INFO - Sync 3 DAGs
[2022-08-29T20:57:22.423-0400] {logging_mixin.py:115} INFO - [2022-08-29T20:57:22.423-0400] {dag.py:2977} INFO - Setting next_dagrun for example_subdag_operator to 2022-01-01T00:00:00+00:00, run_after=2022-01-01T00:00:00+00:00
[2022-08-29T20:57:22.423-0400] {logging_mixin.py:115} INFO - [2022-08-29T20:57:22.423-0400] {dag.py:2977} INFO - Setting next_dagrun for example_subdag_operator.section-1 to None, run_after=None
[2022-08-29T20:57:22.424-0400] {logging_mixin.py:115} INFO - [2022-08-29T20:57:22.424-0400] {dag.py:2977} INFO - Setting next_dagrun for example_subdag_operator.section-2 to None, run_after=None
[2022-08-29T20:57:22.430-0400] {logging_mixin.py:115} INFO - [2022-08-29T20:57:22.430-0400] {dag.py:2429} INFO - Sync 2 DAGs
[2022-08-29T20:57:22.434-0400] {logging_mixin.py:115} INFO - [2022-08-29T20:57:22.434-0400] {dag.py:2977} INFO - Setting next_dagrun for example_subdag_operator.section-1 to None, run_after=None
[2022-08-29T20:57:22.435-0400] {logging_mixin.py:115} INFO - [2022-08-29T20:57:22.434-0400] {dag.py:2977} INFO - Setting next_dagrun for example_subdag_operator.section-2 to None, run_after=None
[2022-08-29T20:57:22.450-0400] {processor.py:161} INFO - Processing /Users/jl/Documents/Repos/GHC-2022-data-engineering-workshop/venv/lib/python3.8/site-packages/airflow/example_dags/example_subdag_operator.py took 0.447 seconds
[2022-08-29T20:59:49.893-0400] {processor.py:153} INFO - Started process (PID=17722) to work on /Users/jl/Documents/Repos/GHC-2022-data-engineering-workshop/venv/lib/python3.8/site-packages/airflow/example_dags/example_subdag_operator.py
[2022-08-29T20:59:49.903-0400] {processor.py:640} INFO - Processing file /Users/jl/Documents/Repos/GHC-2022-data-engineering-workshop/venv/lib/python3.8/site-packages/airflow/example_dags/example_subdag_operator.py for tasks to queue
[2022-08-29T20:59:49.904-0400] {logging_mixin.py:115} INFO - [2022-08-29T20:59:49.904-0400] {dagbag.py:508} INFO - Filling up the DagBag from /Users/jl/Documents/Repos/GHC-2022-data-engineering-workshop/venv/lib/python3.8/site-packages/airflow/example_dags/example_subdag_operator.py
[2022-08-29T20:59:49.995-0400] {processor.py:650} INFO - DAG(s) dict_keys(['example_subdag_operator.section-1', 'example_subdag_operator.section-2', 'example_subdag_operator']) retrieved from /Users/jl/Documents/Repos/GHC-2022-data-engineering-workshop/venv/lib/python3.8/site-packages/airflow/example_dags/example_subdag_operator.py
[2022-08-29T20:59:50.195-0400] {logging_mixin.py:115} INFO - [2022-08-29T20:59:50.195-0400] {dag.py:2429} INFO - Sync 3 DAGs
[2022-08-29T20:59:50.223-0400] {logging_mixin.py:115} INFO - [2022-08-29T20:59:50.223-0400] {dag.py:2977} INFO - Setting next_dagrun for example_subdag_operator to 2022-01-01T00:00:00+00:00, run_after=2022-01-01T00:00:00+00:00
[2022-08-29T20:59:50.223-0400] {logging_mixin.py:115} INFO - [2022-08-29T20:59:50.223-0400] {dag.py:2977} INFO - Setting next_dagrun for example_subdag_operator.section-1 to None, run_after=None
[2022-08-29T20:59:50.224-0400] {logging_mixin.py:115} INFO - [2022-08-29T20:59:50.224-0400] {dag.py:2977} INFO - Setting next_dagrun for example_subdag_operator.section-2 to None, run_after=None
[2022-08-29T20:59:50.235-0400] {logging_mixin.py:115} INFO - [2022-08-29T20:59:50.235-0400] {dag.py:2429} INFO - Sync 2 DAGs
[2022-08-29T20:59:50.242-0400] {logging_mixin.py:115} INFO - [2022-08-29T20:59:50.242-0400] {dag.py:2977} INFO - Setting next_dagrun for example_subdag_operator.section-1 to None, run_after=None
[2022-08-29T20:59:50.245-0400] {logging_mixin.py:115} INFO - [2022-08-29T20:59:50.244-0400] {dag.py:2977} INFO - Setting next_dagrun for example_subdag_operator.section-2 to None, run_after=None
[2022-08-29T20:59:50.268-0400] {processor.py:161} INFO - Processing /Users/jl/Documents/Repos/GHC-2022-data-engineering-workshop/venv/lib/python3.8/site-packages/airflow/example_dags/example_subdag_operator.py took 0.376 seconds
[2022-08-29T21:01:43.352-0400] {processor.py:153} INFO - Started process (PID=17828) to work on /Users/jl/Documents/Repos/GHC-2022-data-engineering-workshop/venv/lib/python3.8/site-packages/airflow/example_dags/example_subdag_operator.py
[2022-08-29T21:01:43.360-0400] {processor.py:640} INFO - Processing file /Users/jl/Documents/Repos/GHC-2022-data-engineering-workshop/venv/lib/python3.8/site-packages/airflow/example_dags/example_subdag_operator.py for tasks to queue
[2022-08-29T21:01:43.361-0400] {logging_mixin.py:115} INFO - [2022-08-29T21:01:43.361-0400] {dagbag.py:508} INFO - Filling up the DagBag from /Users/jl/Documents/Repos/GHC-2022-data-engineering-workshop/venv/lib/python3.8/site-packages/airflow/example_dags/example_subdag_operator.py
[2022-08-29T21:01:43.439-0400] {processor.py:650} INFO - DAG(s) dict_keys(['example_subdag_operator.section-1', 'example_subdag_operator.section-2', 'example_subdag_operator']) retrieved from /Users/jl/Documents/Repos/GHC-2022-data-engineering-workshop/venv/lib/python3.8/site-packages/airflow/example_dags/example_subdag_operator.py
[2022-08-29T21:01:43.582-0400] {logging_mixin.py:115} INFO - [2022-08-29T21:01:43.582-0400] {dag.py:2429} INFO - Sync 3 DAGs
[2022-08-29T21:01:43.600-0400] {logging_mixin.py:115} INFO - [2022-08-29T21:01:43.600-0400] {dag.py:2977} INFO - Setting next_dagrun for example_subdag_operator to 2022-01-01T00:00:00+00:00, run_after=2022-01-01T00:00:00+00:00
[2022-08-29T21:01:43.600-0400] {logging_mixin.py:115} INFO - [2022-08-29T21:01:43.600-0400] {dag.py:2977} INFO - Setting next_dagrun for example_subdag_operator.section-1 to None, run_after=None
[2022-08-29T21:01:43.600-0400] {logging_mixin.py:115} INFO - [2022-08-29T21:01:43.600-0400] {dag.py:2977} INFO - Setting next_dagrun for example_subdag_operator.section-2 to None, run_after=None
[2022-08-29T21:01:43.606-0400] {logging_mixin.py:115} INFO - [2022-08-29T21:01:43.606-0400] {dag.py:2429} INFO - Sync 2 DAGs
[2022-08-29T21:01:43.611-0400] {logging_mixin.py:115} INFO - [2022-08-29T21:01:43.611-0400] {dag.py:2977} INFO - Setting next_dagrun for example_subdag_operator.section-1 to None, run_after=None
[2022-08-29T21:01:43.611-0400] {logging_mixin.py:115} INFO - [2022-08-29T21:01:43.611-0400] {dag.py:2977} INFO - Setting next_dagrun for example_subdag_operator.section-2 to None, run_after=None
[2022-08-29T21:01:43.622-0400] {processor.py:161} INFO - Processing /Users/jl/Documents/Repos/GHC-2022-data-engineering-workshop/venv/lib/python3.8/site-packages/airflow/example_dags/example_subdag_operator.py took 0.271 seconds
