[2022-08-29T20:01:06.778-0400] {processor.py:153} INFO - Started process (PID=14405) to work on /Users/jl/Documents/Repos/GHC-2022-data-engineering-workshop/venv/lib/python3.8/site-packages/airflow/example_dags/example_nested_branch_dag.py
[2022-08-29T20:01:06.786-0400] {processor.py:640} INFO - Processing file /Users/jl/Documents/Repos/GHC-2022-data-engineering-workshop/venv/lib/python3.8/site-packages/airflow/example_dags/example_nested_branch_dag.py for tasks to queue
[2022-08-29T20:01:06.787-0400] {logging_mixin.py:115} INFO - [2022-08-29T20:01:06.787-0400] {dagbag.py:508} INFO - Filling up the DagBag from /Users/jl/Documents/Repos/GHC-2022-data-engineering-workshop/venv/lib/python3.8/site-packages/airflow/example_dags/example_nested_branch_dag.py
[2022-08-29T20:01:06.822-0400] {processor.py:650} INFO - DAG(s) dict_keys(['example_nested_branch_dag']) retrieved from /Users/jl/Documents/Repos/GHC-2022-data-engineering-workshop/venv/lib/python3.8/site-packages/airflow/example_dags/example_nested_branch_dag.py
[2022-08-29T20:01:06.899-0400] {logging_mixin.py:115} INFO - [2022-08-29T20:01:06.898-0400] {dag.py:2429} INFO - Sync 1 DAGs
[2022-08-29T20:01:06.920-0400] {logging_mixin.py:115} INFO - [2022-08-29T20:01:06.920-0400] {dag.py:2977} INFO - Setting next_dagrun for example_nested_branch_dag to 2022-08-29T00:00:00+00:00, run_after=2022-08-30T00:00:00+00:00
[2022-08-29T20:01:06.935-0400] {processor.py:161} INFO - Processing /Users/jl/Documents/Repos/GHC-2022-data-engineering-workshop/venv/lib/python3.8/site-packages/airflow/example_dags/example_nested_branch_dag.py took 0.158 seconds
[2022-08-29T20:02:35.379-0400] {processor.py:153} INFO - Started process (PID=14490) to work on /Users/jl/Documents/Repos/GHC-2022-data-engineering-workshop/venv/lib/python3.8/site-packages/airflow/example_dags/example_nested_branch_dag.py
[2022-08-29T20:02:35.387-0400] {processor.py:640} INFO - Processing file /Users/jl/Documents/Repos/GHC-2022-data-engineering-workshop/venv/lib/python3.8/site-packages/airflow/example_dags/example_nested_branch_dag.py for tasks to queue
[2022-08-29T20:02:35.388-0400] {logging_mixin.py:115} INFO - [2022-08-29T20:02:35.387-0400] {dagbag.py:508} INFO - Filling up the DagBag from /Users/jl/Documents/Repos/GHC-2022-data-engineering-workshop/venv/lib/python3.8/site-packages/airflow/example_dags/example_nested_branch_dag.py
[2022-08-29T20:02:35.420-0400] {processor.py:650} INFO - DAG(s) dict_keys(['example_nested_branch_dag']) retrieved from /Users/jl/Documents/Repos/GHC-2022-data-engineering-workshop/venv/lib/python3.8/site-packages/airflow/example_dags/example_nested_branch_dag.py
[2022-08-29T20:02:35.497-0400] {logging_mixin.py:115} INFO - [2022-08-29T20:02:35.497-0400] {dag.py:2429} INFO - Sync 1 DAGs
[2022-08-29T20:02:35.517-0400] {logging_mixin.py:115} INFO - [2022-08-29T20:02:35.517-0400] {dag.py:2977} INFO - Setting next_dagrun for example_nested_branch_dag to 2022-08-29T00:00:00+00:00, run_after=2022-08-30T00:00:00+00:00
[2022-08-29T20:02:35.532-0400] {processor.py:161} INFO - Processing /Users/jl/Documents/Repos/GHC-2022-data-engineering-workshop/venv/lib/python3.8/site-packages/airflow/example_dags/example_nested_branch_dag.py took 0.154 seconds
[2022-08-29T20:03:58.821-0400] {processor.py:153} INFO - Started process (PID=14569) to work on /Users/jl/Documents/Repos/GHC-2022-data-engineering-workshop/venv/lib/python3.8/site-packages/airflow/example_dags/example_nested_branch_dag.py
[2022-08-29T20:03:58.830-0400] {processor.py:640} INFO - Processing file /Users/jl/Documents/Repos/GHC-2022-data-engineering-workshop/venv/lib/python3.8/site-packages/airflow/example_dags/example_nested_branch_dag.py for tasks to queue
[2022-08-29T20:03:58.831-0400] {logging_mixin.py:115} INFO - [2022-08-29T20:03:58.830-0400] {dagbag.py:508} INFO - Filling up the DagBag from /Users/jl/Documents/Repos/GHC-2022-data-engineering-workshop/venv/lib/python3.8/site-packages/airflow/example_dags/example_nested_branch_dag.py
[2022-08-29T20:03:58.867-0400] {processor.py:650} INFO - DAG(s) dict_keys(['example_nested_branch_dag']) retrieved from /Users/jl/Documents/Repos/GHC-2022-data-engineering-workshop/venv/lib/python3.8/site-packages/airflow/example_dags/example_nested_branch_dag.py
[2022-08-29T20:03:58.945-0400] {logging_mixin.py:115} INFO - [2022-08-29T20:03:58.944-0400] {dag.py:2429} INFO - Sync 1 DAGs
[2022-08-29T20:03:58.965-0400] {logging_mixin.py:115} INFO - [2022-08-29T20:03:58.965-0400] {dag.py:2977} INFO - Setting next_dagrun for example_nested_branch_dag to 2022-08-29T00:00:00+00:00, run_after=2022-08-30T00:00:00+00:00
[2022-08-29T20:03:58.980-0400] {processor.py:161} INFO - Processing /Users/jl/Documents/Repos/GHC-2022-data-engineering-workshop/venv/lib/python3.8/site-packages/airflow/example_dags/example_nested_branch_dag.py took 0.160 seconds
[2022-08-29T20:05:27.434-0400] {processor.py:153} INFO - Started process (PID=14650) to work on /Users/jl/Documents/Repos/GHC-2022-data-engineering-workshop/venv/lib/python3.8/site-packages/airflow/example_dags/example_nested_branch_dag.py
[2022-08-29T20:05:27.442-0400] {processor.py:640} INFO - Processing file /Users/jl/Documents/Repos/GHC-2022-data-engineering-workshop/venv/lib/python3.8/site-packages/airflow/example_dags/example_nested_branch_dag.py for tasks to queue
[2022-08-29T20:05:27.442-0400] {logging_mixin.py:115} INFO - [2022-08-29T20:05:27.442-0400] {dagbag.py:508} INFO - Filling up the DagBag from /Users/jl/Documents/Repos/GHC-2022-data-engineering-workshop/venv/lib/python3.8/site-packages/airflow/example_dags/example_nested_branch_dag.py
[2022-08-29T20:05:27.475-0400] {processor.py:650} INFO - DAG(s) dict_keys(['example_nested_branch_dag']) retrieved from /Users/jl/Documents/Repos/GHC-2022-data-engineering-workshop/venv/lib/python3.8/site-packages/airflow/example_dags/example_nested_branch_dag.py
[2022-08-29T20:05:27.552-0400] {logging_mixin.py:115} INFO - [2022-08-29T20:05:27.552-0400] {dag.py:2429} INFO - Sync 1 DAGs
[2022-08-29T20:05:27.572-0400] {logging_mixin.py:115} INFO - [2022-08-29T20:05:27.572-0400] {dag.py:2977} INFO - Setting next_dagrun for example_nested_branch_dag to 2022-08-29T00:00:00+00:00, run_after=2022-08-30T00:00:00+00:00
[2022-08-29T20:05:27.586-0400] {processor.py:161} INFO - Processing /Users/jl/Documents/Repos/GHC-2022-data-engineering-workshop/venv/lib/python3.8/site-packages/airflow/example_dags/example_nested_branch_dag.py took 0.154 seconds
[2022-08-29T20:06:53.414-0400] {processor.py:153} INFO - Started process (PID=14730) to work on /Users/jl/Documents/Repos/GHC-2022-data-engineering-workshop/venv/lib/python3.8/site-packages/airflow/example_dags/example_nested_branch_dag.py
[2022-08-29T20:06:53.423-0400] {processor.py:640} INFO - Processing file /Users/jl/Documents/Repos/GHC-2022-data-engineering-workshop/venv/lib/python3.8/site-packages/airflow/example_dags/example_nested_branch_dag.py for tasks to queue
[2022-08-29T20:06:53.423-0400] {logging_mixin.py:115} INFO - [2022-08-29T20:06:53.423-0400] {dagbag.py:508} INFO - Filling up the DagBag from /Users/jl/Documents/Repos/GHC-2022-data-engineering-workshop/venv/lib/python3.8/site-packages/airflow/example_dags/example_nested_branch_dag.py
[2022-08-29T20:06:53.456-0400] {processor.py:650} INFO - DAG(s) dict_keys(['example_nested_branch_dag']) retrieved from /Users/jl/Documents/Repos/GHC-2022-data-engineering-workshop/venv/lib/python3.8/site-packages/airflow/example_dags/example_nested_branch_dag.py
[2022-08-29T20:06:53.534-0400] {logging_mixin.py:115} INFO - [2022-08-29T20:06:53.534-0400] {dag.py:2429} INFO - Sync 1 DAGs
[2022-08-29T20:06:53.555-0400] {logging_mixin.py:115} INFO - [2022-08-29T20:06:53.554-0400] {dag.py:2977} INFO - Setting next_dagrun for example_nested_branch_dag to 2022-08-29T00:00:00+00:00, run_after=2022-08-30T00:00:00+00:00
[2022-08-29T20:06:53.569-0400] {processor.py:161} INFO - Processing /Users/jl/Documents/Repos/GHC-2022-data-engineering-workshop/venv/lib/python3.8/site-packages/airflow/example_dags/example_nested_branch_dag.py took 0.156 seconds
[2022-08-29T20:08:20.240-0400] {processor.py:153} INFO - Started process (PID=14813) to work on /Users/jl/Documents/Repos/GHC-2022-data-engineering-workshop/venv/lib/python3.8/site-packages/airflow/example_dags/example_nested_branch_dag.py
[2022-08-29T20:08:20.249-0400] {processor.py:640} INFO - Processing file /Users/jl/Documents/Repos/GHC-2022-data-engineering-workshop/venv/lib/python3.8/site-packages/airflow/example_dags/example_nested_branch_dag.py for tasks to queue
[2022-08-29T20:08:20.249-0400] {logging_mixin.py:115} INFO - [2022-08-29T20:08:20.249-0400] {dagbag.py:508} INFO - Filling up the DagBag from /Users/jl/Documents/Repos/GHC-2022-data-engineering-workshop/venv/lib/python3.8/site-packages/airflow/example_dags/example_nested_branch_dag.py
[2022-08-29T20:08:20.284-0400] {processor.py:650} INFO - DAG(s) dict_keys(['example_nested_branch_dag']) retrieved from /Users/jl/Documents/Repos/GHC-2022-data-engineering-workshop/venv/lib/python3.8/site-packages/airflow/example_dags/example_nested_branch_dag.py
[2022-08-29T20:08:20.363-0400] {logging_mixin.py:115} INFO - [2022-08-29T20:08:20.362-0400] {dag.py:2429} INFO - Sync 1 DAGs
[2022-08-29T20:08:20.384-0400] {logging_mixin.py:115} INFO - [2022-08-29T20:08:20.383-0400] {dag.py:2977} INFO - Setting next_dagrun for example_nested_branch_dag to 2022-08-29T00:00:00+00:00, run_after=2022-08-30T00:00:00+00:00
[2022-08-29T20:08:20.398-0400] {processor.py:161} INFO - Processing /Users/jl/Documents/Repos/GHC-2022-data-engineering-workshop/venv/lib/python3.8/site-packages/airflow/example_dags/example_nested_branch_dag.py took 0.159 seconds
[2022-08-29T20:09:49.869-0400] {processor.py:153} INFO - Started process (PID=14894) to work on /Users/jl/Documents/Repos/GHC-2022-data-engineering-workshop/venv/lib/python3.8/site-packages/airflow/example_dags/example_nested_branch_dag.py
[2022-08-29T20:09:49.878-0400] {processor.py:640} INFO - Processing file /Users/jl/Documents/Repos/GHC-2022-data-engineering-workshop/venv/lib/python3.8/site-packages/airflow/example_dags/example_nested_branch_dag.py for tasks to queue
[2022-08-29T20:09:49.879-0400] {logging_mixin.py:115} INFO - [2022-08-29T20:09:49.879-0400] {dagbag.py:508} INFO - Filling up the DagBag from /Users/jl/Documents/Repos/GHC-2022-data-engineering-workshop/venv/lib/python3.8/site-packages/airflow/example_dags/example_nested_branch_dag.py
[2022-08-29T20:09:49.920-0400] {processor.py:650} INFO - DAG(s) dict_keys(['example_nested_branch_dag']) retrieved from /Users/jl/Documents/Repos/GHC-2022-data-engineering-workshop/venv/lib/python3.8/site-packages/airflow/example_dags/example_nested_branch_dag.py
[2022-08-29T20:09:50.000-0400] {logging_mixin.py:115} INFO - [2022-08-29T20:09:50.000-0400] {dag.py:2429} INFO - Sync 1 DAGs
[2022-08-29T20:09:50.023-0400] {logging_mixin.py:115} INFO - [2022-08-29T20:09:50.022-0400] {dag.py:2977} INFO - Setting next_dagrun for example_nested_branch_dag to 2022-08-29T00:00:00+00:00, run_after=2022-08-30T00:00:00+00:00
[2022-08-29T20:09:50.037-0400] {processor.py:161} INFO - Processing /Users/jl/Documents/Repos/GHC-2022-data-engineering-workshop/venv/lib/python3.8/site-packages/airflow/example_dags/example_nested_branch_dag.py took 0.169 seconds
[2022-08-29T20:11:28.225-0400] {processor.py:153} INFO - Started process (PID=14985) to work on /Users/jl/Documents/Repos/GHC-2022-data-engineering-workshop/venv/lib/python3.8/site-packages/airflow/example_dags/example_nested_branch_dag.py
[2022-08-29T20:11:28.233-0400] {processor.py:640} INFO - Processing file /Users/jl/Documents/Repos/GHC-2022-data-engineering-workshop/venv/lib/python3.8/site-packages/airflow/example_dags/example_nested_branch_dag.py for tasks to queue
[2022-08-29T20:11:28.233-0400] {logging_mixin.py:115} INFO - [2022-08-29T20:11:28.233-0400] {dagbag.py:508} INFO - Filling up the DagBag from /Users/jl/Documents/Repos/GHC-2022-data-engineering-workshop/venv/lib/python3.8/site-packages/airflow/example_dags/example_nested_branch_dag.py
[2022-08-29T20:11:28.269-0400] {processor.py:650} INFO - DAG(s) dict_keys(['example_nested_branch_dag']) retrieved from /Users/jl/Documents/Repos/GHC-2022-data-engineering-workshop/venv/lib/python3.8/site-packages/airflow/example_dags/example_nested_branch_dag.py
[2022-08-29T20:11:28.347-0400] {logging_mixin.py:115} INFO - [2022-08-29T20:11:28.347-0400] {dag.py:2429} INFO - Sync 1 DAGs
[2022-08-29T20:11:28.367-0400] {logging_mixin.py:115} INFO - [2022-08-29T20:11:28.367-0400] {dag.py:2977} INFO - Setting next_dagrun for example_nested_branch_dag to 2022-08-29T00:00:00+00:00, run_after=2022-08-30T00:00:00+00:00
[2022-08-29T20:11:28.381-0400] {processor.py:161} INFO - Processing /Users/jl/Documents/Repos/GHC-2022-data-engineering-workshop/venv/lib/python3.8/site-packages/airflow/example_dags/example_nested_branch_dag.py took 0.157 seconds
[2022-08-29T20:12:57.343-0400] {processor.py:153} INFO - Started process (PID=15070) to work on /Users/jl/Documents/Repos/GHC-2022-data-engineering-workshop/venv/lib/python3.8/site-packages/airflow/example_dags/example_nested_branch_dag.py
[2022-08-29T20:12:57.351-0400] {processor.py:640} INFO - Processing file /Users/jl/Documents/Repos/GHC-2022-data-engineering-workshop/venv/lib/python3.8/site-packages/airflow/example_dags/example_nested_branch_dag.py for tasks to queue
[2022-08-29T20:12:57.351-0400] {logging_mixin.py:115} INFO - [2022-08-29T20:12:57.351-0400] {dagbag.py:508} INFO - Filling up the DagBag from /Users/jl/Documents/Repos/GHC-2022-data-engineering-workshop/venv/lib/python3.8/site-packages/airflow/example_dags/example_nested_branch_dag.py
[2022-08-29T20:12:57.384-0400] {processor.py:650} INFO - DAG(s) dict_keys(['example_nested_branch_dag']) retrieved from /Users/jl/Documents/Repos/GHC-2022-data-engineering-workshop/venv/lib/python3.8/site-packages/airflow/example_dags/example_nested_branch_dag.py
[2022-08-29T20:12:57.462-0400] {logging_mixin.py:115} INFO - [2022-08-29T20:12:57.461-0400] {dag.py:2429} INFO - Sync 1 DAGs
[2022-08-29T20:12:57.483-0400] {logging_mixin.py:115} INFO - [2022-08-29T20:12:57.483-0400] {dag.py:2977} INFO - Setting next_dagrun for example_nested_branch_dag to 2022-08-29T00:00:00+00:00, run_after=2022-08-30T00:00:00+00:00
[2022-08-29T20:12:57.497-0400] {processor.py:161} INFO - Processing /Users/jl/Documents/Repos/GHC-2022-data-engineering-workshop/venv/lib/python3.8/site-packages/airflow/example_dags/example_nested_branch_dag.py took 0.155 seconds
[2022-08-29T20:14:26.193-0400] {processor.py:153} INFO - Started process (PID=15150) to work on /Users/jl/Documents/Repos/GHC-2022-data-engineering-workshop/venv/lib/python3.8/site-packages/airflow/example_dags/example_nested_branch_dag.py
[2022-08-29T20:14:26.201-0400] {processor.py:640} INFO - Processing file /Users/jl/Documents/Repos/GHC-2022-data-engineering-workshop/venv/lib/python3.8/site-packages/airflow/example_dags/example_nested_branch_dag.py for tasks to queue
[2022-08-29T20:14:26.202-0400] {logging_mixin.py:115} INFO - [2022-08-29T20:14:26.202-0400] {dagbag.py:508} INFO - Filling up the DagBag from /Users/jl/Documents/Repos/GHC-2022-data-engineering-workshop/venv/lib/python3.8/site-packages/airflow/example_dags/example_nested_branch_dag.py
[2022-08-29T20:14:26.236-0400] {processor.py:650} INFO - DAG(s) dict_keys(['example_nested_branch_dag']) retrieved from /Users/jl/Documents/Repos/GHC-2022-data-engineering-workshop/venv/lib/python3.8/site-packages/airflow/example_dags/example_nested_branch_dag.py
[2022-08-29T20:14:26.314-0400] {logging_mixin.py:115} INFO - [2022-08-29T20:14:26.313-0400] {dag.py:2429} INFO - Sync 1 DAGs
[2022-08-29T20:14:26.334-0400] {logging_mixin.py:115} INFO - [2022-08-29T20:14:26.334-0400] {dag.py:2977} INFO - Setting next_dagrun for example_nested_branch_dag to 2022-08-29T00:00:00+00:00, run_after=2022-08-30T00:00:00+00:00
[2022-08-29T20:14:26.349-0400] {processor.py:161} INFO - Processing /Users/jl/Documents/Repos/GHC-2022-data-engineering-workshop/venv/lib/python3.8/site-packages/airflow/example_dags/example_nested_branch_dag.py took 0.156 seconds
[2022-08-29T20:16:07.407-0400] {processor.py:153} INFO - Started process (PID=15268) to work on /Users/jl/Documents/Repos/GHC-2022-data-engineering-workshop/venv/lib/python3.8/site-packages/airflow/example_dags/example_nested_branch_dag.py
[2022-08-29T20:16:07.415-0400] {processor.py:640} INFO - Processing file /Users/jl/Documents/Repos/GHC-2022-data-engineering-workshop/venv/lib/python3.8/site-packages/airflow/example_dags/example_nested_branch_dag.py for tasks to queue
[2022-08-29T20:16:07.415-0400] {logging_mixin.py:115} INFO - [2022-08-29T20:16:07.415-0400] {dagbag.py:508} INFO - Filling up the DagBag from /Users/jl/Documents/Repos/GHC-2022-data-engineering-workshop/venv/lib/python3.8/site-packages/airflow/example_dags/example_nested_branch_dag.py
[2022-08-29T20:16:07.452-0400] {processor.py:650} INFO - DAG(s) dict_keys(['example_nested_branch_dag']) retrieved from /Users/jl/Documents/Repos/GHC-2022-data-engineering-workshop/venv/lib/python3.8/site-packages/airflow/example_dags/example_nested_branch_dag.py
[2022-08-29T20:16:07.531-0400] {logging_mixin.py:115} INFO - [2022-08-29T20:16:07.531-0400] {dag.py:2429} INFO - Sync 1 DAGs
[2022-08-29T20:16:07.553-0400] {logging_mixin.py:115} INFO - [2022-08-29T20:16:07.553-0400] {dag.py:2977} INFO - Setting next_dagrun for example_nested_branch_dag to 2022-08-29T00:00:00+00:00, run_after=2022-08-30T00:00:00+00:00
[2022-08-29T20:16:07.567-0400] {processor.py:161} INFO - Processing /Users/jl/Documents/Repos/GHC-2022-data-engineering-workshop/venv/lib/python3.8/site-packages/airflow/example_dags/example_nested_branch_dag.py took 0.162 seconds
[2022-08-29T20:18:02.239-0400] {processor.py:153} INFO - Started process (PID=15388) to work on /Users/jl/Documents/Repos/GHC-2022-data-engineering-workshop/venv/lib/python3.8/site-packages/airflow/example_dags/example_nested_branch_dag.py
[2022-08-29T20:18:02.250-0400] {processor.py:640} INFO - Processing file /Users/jl/Documents/Repos/GHC-2022-data-engineering-workshop/venv/lib/python3.8/site-packages/airflow/example_dags/example_nested_branch_dag.py for tasks to queue
[2022-08-29T20:18:02.251-0400] {logging_mixin.py:115} INFO - [2022-08-29T20:18:02.251-0400] {dagbag.py:508} INFO - Filling up the DagBag from /Users/jl/Documents/Repos/GHC-2022-data-engineering-workshop/venv/lib/python3.8/site-packages/airflow/example_dags/example_nested_branch_dag.py
[2022-08-29T20:18:02.289-0400] {processor.py:650} INFO - DAG(s) dict_keys(['example_nested_branch_dag']) retrieved from /Users/jl/Documents/Repos/GHC-2022-data-engineering-workshop/venv/lib/python3.8/site-packages/airflow/example_dags/example_nested_branch_dag.py
[2022-08-29T20:18:02.385-0400] {logging_mixin.py:115} INFO - [2022-08-29T20:18:02.385-0400] {dag.py:2429} INFO - Sync 1 DAGs
[2022-08-29T20:18:02.409-0400] {logging_mixin.py:115} INFO - [2022-08-29T20:18:02.409-0400] {dag.py:2977} INFO - Setting next_dagrun for example_nested_branch_dag to 2022-08-29T00:00:00+00:00, run_after=2022-08-30T00:00:00+00:00
[2022-08-29T20:18:02.424-0400] {processor.py:161} INFO - Processing /Users/jl/Documents/Repos/GHC-2022-data-engineering-workshop/venv/lib/python3.8/site-packages/airflow/example_dags/example_nested_branch_dag.py took 0.186 seconds
[2022-08-29T20:19:50.746-0400] {processor.py:153} INFO - Started process (PID=15499) to work on /Users/jl/Documents/Repos/GHC-2022-data-engineering-workshop/venv/lib/python3.8/site-packages/airflow/example_dags/example_nested_branch_dag.py
[2022-08-29T20:19:50.755-0400] {processor.py:640} INFO - Processing file /Users/jl/Documents/Repos/GHC-2022-data-engineering-workshop/venv/lib/python3.8/site-packages/airflow/example_dags/example_nested_branch_dag.py for tasks to queue
[2022-08-29T20:19:50.755-0400] {logging_mixin.py:115} INFO - [2022-08-29T20:19:50.755-0400] {dagbag.py:508} INFO - Filling up the DagBag from /Users/jl/Documents/Repos/GHC-2022-data-engineering-workshop/venv/lib/python3.8/site-packages/airflow/example_dags/example_nested_branch_dag.py
[2022-08-29T20:19:50.790-0400] {processor.py:650} INFO - DAG(s) dict_keys(['example_nested_branch_dag']) retrieved from /Users/jl/Documents/Repos/GHC-2022-data-engineering-workshop/venv/lib/python3.8/site-packages/airflow/example_dags/example_nested_branch_dag.py
[2022-08-29T20:19:50.866-0400] {logging_mixin.py:115} INFO - [2022-08-29T20:19:50.866-0400] {dag.py:2429} INFO - Sync 1 DAGs
[2022-08-29T20:19:50.887-0400] {logging_mixin.py:115} INFO - [2022-08-29T20:19:50.887-0400] {dag.py:2977} INFO - Setting next_dagrun for example_nested_branch_dag to 2022-08-29T00:00:00+00:00, run_after=2022-08-30T00:00:00+00:00
[2022-08-29T20:19:50.901-0400] {processor.py:161} INFO - Processing /Users/jl/Documents/Repos/GHC-2022-data-engineering-workshop/venv/lib/python3.8/site-packages/airflow/example_dags/example_nested_branch_dag.py took 0.156 seconds
[2022-08-29T20:21:24.038-0400] {processor.py:153} INFO - Started process (PID=15584) to work on /Users/jl/Documents/Repos/GHC-2022-data-engineering-workshop/venv/lib/python3.8/site-packages/airflow/example_dags/example_nested_branch_dag.py
[2022-08-29T20:21:24.046-0400] {processor.py:640} INFO - Processing file /Users/jl/Documents/Repos/GHC-2022-data-engineering-workshop/venv/lib/python3.8/site-packages/airflow/example_dags/example_nested_branch_dag.py for tasks to queue
[2022-08-29T20:21:24.046-0400] {logging_mixin.py:115} INFO - [2022-08-29T20:21:24.046-0400] {dagbag.py:508} INFO - Filling up the DagBag from /Users/jl/Documents/Repos/GHC-2022-data-engineering-workshop/venv/lib/python3.8/site-packages/airflow/example_dags/example_nested_branch_dag.py
[2022-08-29T20:21:24.079-0400] {processor.py:650} INFO - DAG(s) dict_keys(['example_nested_branch_dag']) retrieved from /Users/jl/Documents/Repos/GHC-2022-data-engineering-workshop/venv/lib/python3.8/site-packages/airflow/example_dags/example_nested_branch_dag.py
[2022-08-29T20:21:24.159-0400] {logging_mixin.py:115} INFO - [2022-08-29T20:21:24.159-0400] {dag.py:2429} INFO - Sync 1 DAGs
[2022-08-29T20:21:24.180-0400] {logging_mixin.py:115} INFO - [2022-08-29T20:21:24.179-0400] {dag.py:2977} INFO - Setting next_dagrun for example_nested_branch_dag to 2022-08-29T00:00:00+00:00, run_after=2022-08-30T00:00:00+00:00
[2022-08-29T20:21:24.194-0400] {processor.py:161} INFO - Processing /Users/jl/Documents/Repos/GHC-2022-data-engineering-workshop/venv/lib/python3.8/site-packages/airflow/example_dags/example_nested_branch_dag.py took 0.157 seconds
[2022-08-29T20:22:48.147-0400] {processor.py:153} INFO - Started process (PID=15664) to work on /Users/jl/Documents/Repos/GHC-2022-data-engineering-workshop/venv/lib/python3.8/site-packages/airflow/example_dags/example_nested_branch_dag.py
[2022-08-29T20:22:48.156-0400] {processor.py:640} INFO - Processing file /Users/jl/Documents/Repos/GHC-2022-data-engineering-workshop/venv/lib/python3.8/site-packages/airflow/example_dags/example_nested_branch_dag.py for tasks to queue
[2022-08-29T20:22:48.156-0400] {logging_mixin.py:115} INFO - [2022-08-29T20:22:48.156-0400] {dagbag.py:508} INFO - Filling up the DagBag from /Users/jl/Documents/Repos/GHC-2022-data-engineering-workshop/venv/lib/python3.8/site-packages/airflow/example_dags/example_nested_branch_dag.py
[2022-08-29T20:22:48.189-0400] {processor.py:650} INFO - DAG(s) dict_keys(['example_nested_branch_dag']) retrieved from /Users/jl/Documents/Repos/GHC-2022-data-engineering-workshop/venv/lib/python3.8/site-packages/airflow/example_dags/example_nested_branch_dag.py
[2022-08-29T20:22:48.271-0400] {logging_mixin.py:115} INFO - [2022-08-29T20:22:48.271-0400] {dag.py:2429} INFO - Sync 1 DAGs
[2022-08-29T20:22:48.292-0400] {logging_mixin.py:115} INFO - [2022-08-29T20:22:48.292-0400] {dag.py:2977} INFO - Setting next_dagrun for example_nested_branch_dag to 2022-08-29T00:00:00+00:00, run_after=2022-08-30T00:00:00+00:00
[2022-08-29T20:22:48.306-0400] {processor.py:161} INFO - Processing /Users/jl/Documents/Repos/GHC-2022-data-engineering-workshop/venv/lib/python3.8/site-packages/airflow/example_dags/example_nested_branch_dag.py took 0.160 seconds
[2022-08-29T20:24:17.123-0400] {processor.py:153} INFO - Started process (PID=15745) to work on /Users/jl/Documents/Repos/GHC-2022-data-engineering-workshop/venv/lib/python3.8/site-packages/airflow/example_dags/example_nested_branch_dag.py
[2022-08-29T20:24:17.132-0400] {processor.py:640} INFO - Processing file /Users/jl/Documents/Repos/GHC-2022-data-engineering-workshop/venv/lib/python3.8/site-packages/airflow/example_dags/example_nested_branch_dag.py for tasks to queue
[2022-08-29T20:24:17.132-0400] {logging_mixin.py:115} INFO - [2022-08-29T20:24:17.132-0400] {dagbag.py:508} INFO - Filling up the DagBag from /Users/jl/Documents/Repos/GHC-2022-data-engineering-workshop/venv/lib/python3.8/site-packages/airflow/example_dags/example_nested_branch_dag.py
[2022-08-29T20:24:17.165-0400] {processor.py:650} INFO - DAG(s) dict_keys(['example_nested_branch_dag']) retrieved from /Users/jl/Documents/Repos/GHC-2022-data-engineering-workshop/venv/lib/python3.8/site-packages/airflow/example_dags/example_nested_branch_dag.py
[2022-08-29T20:24:17.242-0400] {logging_mixin.py:115} INFO - [2022-08-29T20:24:17.242-0400] {dag.py:2429} INFO - Sync 1 DAGs
[2022-08-29T20:24:17.262-0400] {logging_mixin.py:115} INFO - [2022-08-29T20:24:17.262-0400] {dag.py:2977} INFO - Setting next_dagrun for example_nested_branch_dag to 2022-08-29T00:00:00+00:00, run_after=2022-08-30T00:00:00+00:00
[2022-08-29T20:24:17.277-0400] {processor.py:161} INFO - Processing /Users/jl/Documents/Repos/GHC-2022-data-engineering-workshop/venv/lib/python3.8/site-packages/airflow/example_dags/example_nested_branch_dag.py took 0.155 seconds
[2022-08-29T20:25:57.972-0400] {processor.py:153} INFO - Started process (PID=15841) to work on /Users/jl/Documents/Repos/GHC-2022-data-engineering-workshop/venv/lib/python3.8/site-packages/airflow/example_dags/example_nested_branch_dag.py
[2022-08-29T20:25:57.986-0400] {processor.py:640} INFO - Processing file /Users/jl/Documents/Repos/GHC-2022-data-engineering-workshop/venv/lib/python3.8/site-packages/airflow/example_dags/example_nested_branch_dag.py for tasks to queue
[2022-08-29T20:25:57.987-0400] {logging_mixin.py:115} INFO - [2022-08-29T20:25:57.987-0400] {dagbag.py:508} INFO - Filling up the DagBag from /Users/jl/Documents/Repos/GHC-2022-data-engineering-workshop/venv/lib/python3.8/site-packages/airflow/example_dags/example_nested_branch_dag.py
[2022-08-29T20:25:58.034-0400] {processor.py:650} INFO - DAG(s) dict_keys(['example_nested_branch_dag']) retrieved from /Users/jl/Documents/Repos/GHC-2022-data-engineering-workshop/venv/lib/python3.8/site-packages/airflow/example_dags/example_nested_branch_dag.py
[2022-08-29T20:25:58.118-0400] {logging_mixin.py:115} INFO - [2022-08-29T20:25:58.118-0400] {dag.py:2429} INFO - Sync 1 DAGs
[2022-08-29T20:25:58.140-0400] {logging_mixin.py:115} INFO - [2022-08-29T20:25:58.140-0400] {dag.py:2977} INFO - Setting next_dagrun for example_nested_branch_dag to 2022-08-29T00:00:00+00:00, run_after=2022-08-30T00:00:00+00:00
[2022-08-29T20:25:58.154-0400] {processor.py:161} INFO - Processing /Users/jl/Documents/Repos/GHC-2022-data-engineering-workshop/venv/lib/python3.8/site-packages/airflow/example_dags/example_nested_branch_dag.py took 0.184 seconds
[2022-08-29T20:28:02.756-0400] {processor.py:153} INFO - Started process (PID=15959) to work on /Users/jl/Documents/Repos/GHC-2022-data-engineering-workshop/venv/lib/python3.8/site-packages/airflow/example_dags/example_nested_branch_dag.py
[2022-08-29T20:28:02.766-0400] {processor.py:640} INFO - Processing file /Users/jl/Documents/Repos/GHC-2022-data-engineering-workshop/venv/lib/python3.8/site-packages/airflow/example_dags/example_nested_branch_dag.py for tasks to queue
[2022-08-29T20:28:02.767-0400] {logging_mixin.py:115} INFO - [2022-08-29T20:28:02.767-0400] {dagbag.py:508} INFO - Filling up the DagBag from /Users/jl/Documents/Repos/GHC-2022-data-engineering-workshop/venv/lib/python3.8/site-packages/airflow/example_dags/example_nested_branch_dag.py
[2022-08-29T20:28:02.799-0400] {processor.py:650} INFO - DAG(s) dict_keys(['example_nested_branch_dag']) retrieved from /Users/jl/Documents/Repos/GHC-2022-data-engineering-workshop/venv/lib/python3.8/site-packages/airflow/example_dags/example_nested_branch_dag.py
[2022-08-29T20:28:02.877-0400] {logging_mixin.py:115} INFO - [2022-08-29T20:28:02.877-0400] {dag.py:2429} INFO - Sync 1 DAGs
[2022-08-29T20:28:02.897-0400] {logging_mixin.py:115} INFO - [2022-08-29T20:28:02.897-0400] {dag.py:2977} INFO - Setting next_dagrun for example_nested_branch_dag to 2022-08-29T00:00:00+00:00, run_after=2022-08-30T00:00:00+00:00
[2022-08-29T20:28:02.912-0400] {processor.py:161} INFO - Processing /Users/jl/Documents/Repos/GHC-2022-data-engineering-workshop/venv/lib/python3.8/site-packages/airflow/example_dags/example_nested_branch_dag.py took 0.157 seconds
[2022-08-29T20:29:42.893-0400] {processor.py:153} INFO - Started process (PID=16047) to work on /Users/jl/Documents/Repos/GHC-2022-data-engineering-workshop/venv/lib/python3.8/site-packages/airflow/example_dags/example_nested_branch_dag.py
[2022-08-29T20:29:43.046-0400] {processor.py:640} INFO - Processing file /Users/jl/Documents/Repos/GHC-2022-data-engineering-workshop/venv/lib/python3.8/site-packages/airflow/example_dags/example_nested_branch_dag.py for tasks to queue
[2022-08-29T20:29:43.047-0400] {logging_mixin.py:115} INFO - [2022-08-29T20:29:43.047-0400] {dagbag.py:508} INFO - Filling up the DagBag from /Users/jl/Documents/Repos/GHC-2022-data-engineering-workshop/venv/lib/python3.8/site-packages/airflow/example_dags/example_nested_branch_dag.py
[2022-08-29T20:29:43.135-0400] {processor.py:650} INFO - DAG(s) dict_keys(['example_nested_branch_dag']) retrieved from /Users/jl/Documents/Repos/GHC-2022-data-engineering-workshop/venv/lib/python3.8/site-packages/airflow/example_dags/example_nested_branch_dag.py
[2022-08-29T20:29:43.248-0400] {logging_mixin.py:115} INFO - [2022-08-29T20:29:43.248-0400] {dag.py:2429} INFO - Sync 1 DAGs
[2022-08-29T20:29:43.274-0400] {logging_mixin.py:115} INFO - [2022-08-29T20:29:43.274-0400] {dag.py:2977} INFO - Setting next_dagrun for example_nested_branch_dag to 2022-08-29T00:00:00+00:00, run_after=2022-08-30T00:00:00+00:00
[2022-08-29T20:29:43.291-0400] {processor.py:161} INFO - Processing /Users/jl/Documents/Repos/GHC-2022-data-engineering-workshop/venv/lib/python3.8/site-packages/airflow/example_dags/example_nested_branch_dag.py took 0.412 seconds
[2022-08-29T20:31:58.563-0400] {processor.py:153} INFO - Started process (PID=16169) to work on /Users/jl/Documents/Repos/GHC-2022-data-engineering-workshop/venv/lib/python3.8/site-packages/airflow/example_dags/example_nested_branch_dag.py
[2022-08-29T20:31:58.573-0400] {processor.py:640} INFO - Processing file /Users/jl/Documents/Repos/GHC-2022-data-engineering-workshop/venv/lib/python3.8/site-packages/airflow/example_dags/example_nested_branch_dag.py for tasks to queue
[2022-08-29T20:31:58.574-0400] {logging_mixin.py:115} INFO - [2022-08-29T20:31:58.574-0400] {dagbag.py:508} INFO - Filling up the DagBag from /Users/jl/Documents/Repos/GHC-2022-data-engineering-workshop/venv/lib/python3.8/site-packages/airflow/example_dags/example_nested_branch_dag.py
[2022-08-29T20:31:58.608-0400] {processor.py:650} INFO - DAG(s) dict_keys(['example_nested_branch_dag']) retrieved from /Users/jl/Documents/Repos/GHC-2022-data-engineering-workshop/venv/lib/python3.8/site-packages/airflow/example_dags/example_nested_branch_dag.py
[2022-08-29T20:31:58.686-0400] {logging_mixin.py:115} INFO - [2022-08-29T20:31:58.686-0400] {dag.py:2429} INFO - Sync 1 DAGs
[2022-08-29T20:31:58.707-0400] {logging_mixin.py:115} INFO - [2022-08-29T20:31:58.706-0400] {dag.py:2977} INFO - Setting next_dagrun for example_nested_branch_dag to 2022-08-29T00:00:00+00:00, run_after=2022-08-30T00:00:00+00:00
[2022-08-29T20:31:58.721-0400] {processor.py:161} INFO - Processing /Users/jl/Documents/Repos/GHC-2022-data-engineering-workshop/venv/lib/python3.8/site-packages/airflow/example_dags/example_nested_branch_dag.py took 0.159 seconds
[2022-08-29T20:34:01.985-0400] {processor.py:153} INFO - Started process (PID=16291) to work on /Users/jl/Documents/Repos/GHC-2022-data-engineering-workshop/venv/lib/python3.8/site-packages/airflow/example_dags/example_nested_branch_dag.py
[2022-08-29T20:34:02.000-0400] {processor.py:640} INFO - Processing file /Users/jl/Documents/Repos/GHC-2022-data-engineering-workshop/venv/lib/python3.8/site-packages/airflow/example_dags/example_nested_branch_dag.py for tasks to queue
[2022-08-29T20:34:02.001-0400] {logging_mixin.py:115} INFO - [2022-08-29T20:34:02.000-0400] {dagbag.py:508} INFO - Filling up the DagBag from /Users/jl/Documents/Repos/GHC-2022-data-engineering-workshop/venv/lib/python3.8/site-packages/airflow/example_dags/example_nested_branch_dag.py
[2022-08-29T20:34:02.044-0400] {processor.py:650} INFO - DAG(s) dict_keys(['example_nested_branch_dag']) retrieved from /Users/jl/Documents/Repos/GHC-2022-data-engineering-workshop/venv/lib/python3.8/site-packages/airflow/example_dags/example_nested_branch_dag.py
[2022-08-29T20:34:02.124-0400] {logging_mixin.py:115} INFO - [2022-08-29T20:34:02.124-0400] {dag.py:2429} INFO - Sync 1 DAGs
[2022-08-29T20:34:02.147-0400] {logging_mixin.py:115} INFO - [2022-08-29T20:34:02.146-0400] {dag.py:2977} INFO - Setting next_dagrun for example_nested_branch_dag to 2022-08-29T00:00:00+00:00, run_after=2022-08-30T00:00:00+00:00
[2022-08-29T20:34:02.161-0400] {processor.py:161} INFO - Processing /Users/jl/Documents/Repos/GHC-2022-data-engineering-workshop/venv/lib/python3.8/site-packages/airflow/example_dags/example_nested_branch_dag.py took 0.178 seconds
[2022-08-29T20:35:43.738-0400] {processor.py:153} INFO - Started process (PID=16409) to work on /Users/jl/Documents/Repos/GHC-2022-data-engineering-workshop/venv/lib/python3.8/site-packages/airflow/example_dags/example_nested_branch_dag.py
[2022-08-29T20:35:43.748-0400] {processor.py:640} INFO - Processing file /Users/jl/Documents/Repos/GHC-2022-data-engineering-workshop/venv/lib/python3.8/site-packages/airflow/example_dags/example_nested_branch_dag.py for tasks to queue
[2022-08-29T20:35:43.749-0400] {logging_mixin.py:115} INFO - [2022-08-29T20:35:43.749-0400] {dagbag.py:508} INFO - Filling up the DagBag from /Users/jl/Documents/Repos/GHC-2022-data-engineering-workshop/venv/lib/python3.8/site-packages/airflow/example_dags/example_nested_branch_dag.py
[2022-08-29T20:35:43.785-0400] {processor.py:650} INFO - DAG(s) dict_keys(['example_nested_branch_dag']) retrieved from /Users/jl/Documents/Repos/GHC-2022-data-engineering-workshop/venv/lib/python3.8/site-packages/airflow/example_dags/example_nested_branch_dag.py
[2022-08-29T20:35:43.904-0400] {logging_mixin.py:115} INFO - [2022-08-29T20:35:43.903-0400] {dag.py:2429} INFO - Sync 1 DAGs
[2022-08-29T20:35:43.956-0400] {logging_mixin.py:115} INFO - [2022-08-29T20:35:43.956-0400] {dag.py:2977} INFO - Setting next_dagrun for example_nested_branch_dag to 2022-08-29T00:00:00+00:00, run_after=2022-08-30T00:00:00+00:00
[2022-08-29T20:35:43.988-0400] {processor.py:161} INFO - Processing /Users/jl/Documents/Repos/GHC-2022-data-engineering-workshop/venv/lib/python3.8/site-packages/airflow/example_dags/example_nested_branch_dag.py took 0.250 seconds
[2022-08-29T20:37:33.843-0400] {processor.py:153} INFO - Started process (PID=16518) to work on /Users/jl/Documents/Repos/GHC-2022-data-engineering-workshop/venv/lib/python3.8/site-packages/airflow/example_dags/example_nested_branch_dag.py
[2022-08-29T20:37:33.853-0400] {processor.py:640} INFO - Processing file /Users/jl/Documents/Repos/GHC-2022-data-engineering-workshop/venv/lib/python3.8/site-packages/airflow/example_dags/example_nested_branch_dag.py for tasks to queue
[2022-08-29T20:37:33.854-0400] {logging_mixin.py:115} INFO - [2022-08-29T20:37:33.854-0400] {dagbag.py:508} INFO - Filling up the DagBag from /Users/jl/Documents/Repos/GHC-2022-data-engineering-workshop/venv/lib/python3.8/site-packages/airflow/example_dags/example_nested_branch_dag.py
[2022-08-29T20:37:33.890-0400] {processor.py:650} INFO - DAG(s) dict_keys(['example_nested_branch_dag']) retrieved from /Users/jl/Documents/Repos/GHC-2022-data-engineering-workshop/venv/lib/python3.8/site-packages/airflow/example_dags/example_nested_branch_dag.py
[2022-08-29T20:37:33.978-0400] {logging_mixin.py:115} INFO - [2022-08-29T20:37:33.978-0400] {dag.py:2429} INFO - Sync 1 DAGs
[2022-08-29T20:37:34.009-0400] {logging_mixin.py:115} INFO - [2022-08-29T20:37:34.009-0400] {dag.py:2977} INFO - Setting next_dagrun for example_nested_branch_dag to 2022-08-29T00:00:00+00:00, run_after=2022-08-30T00:00:00+00:00
[2022-08-29T20:37:34.031-0400] {processor.py:161} INFO - Processing /Users/jl/Documents/Repos/GHC-2022-data-engineering-workshop/venv/lib/python3.8/site-packages/airflow/example_dags/example_nested_branch_dag.py took 0.189 seconds
[2022-08-29T20:39:36.183-0400] {processor.py:153} INFO - Started process (PID=16628) to work on /Users/jl/Documents/Repos/GHC-2022-data-engineering-workshop/venv/lib/python3.8/site-packages/airflow/example_dags/example_nested_branch_dag.py
[2022-08-29T20:39:36.192-0400] {processor.py:640} INFO - Processing file /Users/jl/Documents/Repos/GHC-2022-data-engineering-workshop/venv/lib/python3.8/site-packages/airflow/example_dags/example_nested_branch_dag.py for tasks to queue
[2022-08-29T20:39:36.193-0400] {logging_mixin.py:115} INFO - [2022-08-29T20:39:36.193-0400] {dagbag.py:508} INFO - Filling up the DagBag from /Users/jl/Documents/Repos/GHC-2022-data-engineering-workshop/venv/lib/python3.8/site-packages/airflow/example_dags/example_nested_branch_dag.py
[2022-08-29T20:39:36.229-0400] {processor.py:650} INFO - DAG(s) dict_keys(['example_nested_branch_dag']) retrieved from /Users/jl/Documents/Repos/GHC-2022-data-engineering-workshop/venv/lib/python3.8/site-packages/airflow/example_dags/example_nested_branch_dag.py
[2022-08-29T20:39:36.305-0400] {logging_mixin.py:115} INFO - [2022-08-29T20:39:36.305-0400] {dag.py:2429} INFO - Sync 1 DAGs
[2022-08-29T20:39:36.326-0400] {logging_mixin.py:115} INFO - [2022-08-29T20:39:36.326-0400] {dag.py:2977} INFO - Setting next_dagrun for example_nested_branch_dag to 2022-08-29T00:00:00+00:00, run_after=2022-08-30T00:00:00+00:00
[2022-08-29T20:39:36.340-0400] {processor.py:161} INFO - Processing /Users/jl/Documents/Repos/GHC-2022-data-engineering-workshop/venv/lib/python3.8/site-packages/airflow/example_dags/example_nested_branch_dag.py took 0.158 seconds
[2022-08-29T20:41:21.061-0400] {processor.py:153} INFO - Started process (PID=16720) to work on /Users/jl/Documents/Repos/GHC-2022-data-engineering-workshop/venv/lib/python3.8/site-packages/airflow/example_dags/example_nested_branch_dag.py
[2022-08-29T20:41:21.071-0400] {processor.py:640} INFO - Processing file /Users/jl/Documents/Repos/GHC-2022-data-engineering-workshop/venv/lib/python3.8/site-packages/airflow/example_dags/example_nested_branch_dag.py for tasks to queue
[2022-08-29T20:41:21.072-0400] {logging_mixin.py:115} INFO - [2022-08-29T20:41:21.071-0400] {dagbag.py:508} INFO - Filling up the DagBag from /Users/jl/Documents/Repos/GHC-2022-data-engineering-workshop/venv/lib/python3.8/site-packages/airflow/example_dags/example_nested_branch_dag.py
[2022-08-29T20:41:21.110-0400] {processor.py:650} INFO - DAG(s) dict_keys(['example_nested_branch_dag']) retrieved from /Users/jl/Documents/Repos/GHC-2022-data-engineering-workshop/venv/lib/python3.8/site-packages/airflow/example_dags/example_nested_branch_dag.py
[2022-08-29T20:41:21.193-0400] {logging_mixin.py:115} INFO - [2022-08-29T20:41:21.193-0400] {dag.py:2429} INFO - Sync 1 DAGs
[2022-08-29T20:41:21.214-0400] {logging_mixin.py:115} INFO - [2022-08-29T20:41:21.214-0400] {dag.py:2977} INFO - Setting next_dagrun for example_nested_branch_dag to 2022-08-29T00:00:00+00:00, run_after=2022-08-30T00:00:00+00:00
[2022-08-29T20:41:21.229-0400] {processor.py:161} INFO - Processing /Users/jl/Documents/Repos/GHC-2022-data-engineering-workshop/venv/lib/python3.8/site-packages/airflow/example_dags/example_nested_branch_dag.py took 0.170 seconds
[2022-08-29T20:43:12.616-0400] {processor.py:153} INFO - Started process (PID=16819) to work on /Users/jl/Documents/Repos/GHC-2022-data-engineering-workshop/venv/lib/python3.8/site-packages/airflow/example_dags/example_nested_branch_dag.py
[2022-08-29T20:43:12.626-0400] {processor.py:640} INFO - Processing file /Users/jl/Documents/Repos/GHC-2022-data-engineering-workshop/venv/lib/python3.8/site-packages/airflow/example_dags/example_nested_branch_dag.py for tasks to queue
[2022-08-29T20:43:12.626-0400] {logging_mixin.py:115} INFO - [2022-08-29T20:43:12.626-0400] {dagbag.py:508} INFO - Filling up the DagBag from /Users/jl/Documents/Repos/GHC-2022-data-engineering-workshop/venv/lib/python3.8/site-packages/airflow/example_dags/example_nested_branch_dag.py
[2022-08-29T20:43:12.663-0400] {processor.py:650} INFO - DAG(s) dict_keys(['example_nested_branch_dag']) retrieved from /Users/jl/Documents/Repos/GHC-2022-data-engineering-workshop/venv/lib/python3.8/site-packages/airflow/example_dags/example_nested_branch_dag.py
[2022-08-29T20:43:12.748-0400] {logging_mixin.py:115} INFO - [2022-08-29T20:43:12.748-0400] {dag.py:2429} INFO - Sync 1 DAGs
[2022-08-29T20:43:12.770-0400] {logging_mixin.py:115} INFO - [2022-08-29T20:43:12.769-0400] {dag.py:2977} INFO - Setting next_dagrun for example_nested_branch_dag to 2022-08-29T00:00:00+00:00, run_after=2022-08-30T00:00:00+00:00
[2022-08-29T20:43:12.786-0400] {processor.py:161} INFO - Processing /Users/jl/Documents/Repos/GHC-2022-data-engineering-workshop/venv/lib/python3.8/site-packages/airflow/example_dags/example_nested_branch_dag.py took 0.171 seconds
[2022-08-29T20:45:12.006-0400] {processor.py:153} INFO - Started process (PID=16928) to work on /Users/jl/Documents/Repos/GHC-2022-data-engineering-workshop/venv/lib/python3.8/site-packages/airflow/example_dags/example_nested_branch_dag.py
[2022-08-29T20:45:12.016-0400] {processor.py:640} INFO - Processing file /Users/jl/Documents/Repos/GHC-2022-data-engineering-workshop/venv/lib/python3.8/site-packages/airflow/example_dags/example_nested_branch_dag.py for tasks to queue
[2022-08-29T20:45:12.016-0400] {logging_mixin.py:115} INFO - [2022-08-29T20:45:12.016-0400] {dagbag.py:508} INFO - Filling up the DagBag from /Users/jl/Documents/Repos/GHC-2022-data-engineering-workshop/venv/lib/python3.8/site-packages/airflow/example_dags/example_nested_branch_dag.py
[2022-08-29T20:45:12.049-0400] {processor.py:650} INFO - DAG(s) dict_keys(['example_nested_branch_dag']) retrieved from /Users/jl/Documents/Repos/GHC-2022-data-engineering-workshop/venv/lib/python3.8/site-packages/airflow/example_dags/example_nested_branch_dag.py
[2022-08-29T20:45:12.126-0400] {logging_mixin.py:115} INFO - [2022-08-29T20:45:12.126-0400] {dag.py:2429} INFO - Sync 1 DAGs
[2022-08-29T20:45:12.147-0400] {logging_mixin.py:115} INFO - [2022-08-29T20:45:12.147-0400] {dag.py:2977} INFO - Setting next_dagrun for example_nested_branch_dag to 2022-08-29T00:00:00+00:00, run_after=2022-08-30T00:00:00+00:00
[2022-08-29T20:45:12.161-0400] {processor.py:161} INFO - Processing /Users/jl/Documents/Repos/GHC-2022-data-engineering-workshop/venv/lib/python3.8/site-packages/airflow/example_dags/example_nested_branch_dag.py took 0.156 seconds
[2022-08-29T20:46:49.548-0400] {processor.py:153} INFO - Started process (PID=17015) to work on /Users/jl/Documents/Repos/GHC-2022-data-engineering-workshop/venv/lib/python3.8/site-packages/airflow/example_dags/example_nested_branch_dag.py
[2022-08-29T20:46:49.556-0400] {processor.py:640} INFO - Processing file /Users/jl/Documents/Repos/GHC-2022-data-engineering-workshop/venv/lib/python3.8/site-packages/airflow/example_dags/example_nested_branch_dag.py for tasks to queue
[2022-08-29T20:46:49.557-0400] {logging_mixin.py:115} INFO - [2022-08-29T20:46:49.557-0400] {dagbag.py:508} INFO - Filling up the DagBag from /Users/jl/Documents/Repos/GHC-2022-data-engineering-workshop/venv/lib/python3.8/site-packages/airflow/example_dags/example_nested_branch_dag.py
[2022-08-29T20:46:49.590-0400] {processor.py:650} INFO - DAG(s) dict_keys(['example_nested_branch_dag']) retrieved from /Users/jl/Documents/Repos/GHC-2022-data-engineering-workshop/venv/lib/python3.8/site-packages/airflow/example_dags/example_nested_branch_dag.py
[2022-08-29T20:46:49.674-0400] {logging_mixin.py:115} INFO - [2022-08-29T20:46:49.674-0400] {dag.py:2429} INFO - Sync 1 DAGs
[2022-08-29T20:46:49.694-0400] {logging_mixin.py:115} INFO - [2022-08-29T20:46:49.694-0400] {dag.py:2977} INFO - Setting next_dagrun for example_nested_branch_dag to 2022-08-29T00:00:00+00:00, run_after=2022-08-30T00:00:00+00:00
[2022-08-29T20:46:49.708-0400] {processor.py:161} INFO - Processing /Users/jl/Documents/Repos/GHC-2022-data-engineering-workshop/venv/lib/python3.8/site-packages/airflow/example_dags/example_nested_branch_dag.py took 0.161 seconds
[2022-08-29T20:48:46.309-0400] {processor.py:153} INFO - Started process (PID=17119) to work on /Users/jl/Documents/Repos/GHC-2022-data-engineering-workshop/venv/lib/python3.8/site-packages/airflow/example_dags/example_nested_branch_dag.py
[2022-08-29T20:48:46.319-0400] {processor.py:640} INFO - Processing file /Users/jl/Documents/Repos/GHC-2022-data-engineering-workshop/venv/lib/python3.8/site-packages/airflow/example_dags/example_nested_branch_dag.py for tasks to queue
[2022-08-29T20:48:46.320-0400] {logging_mixin.py:115} INFO - [2022-08-29T20:48:46.319-0400] {dagbag.py:508} INFO - Filling up the DagBag from /Users/jl/Documents/Repos/GHC-2022-data-engineering-workshop/venv/lib/python3.8/site-packages/airflow/example_dags/example_nested_branch_dag.py
[2022-08-29T20:48:46.362-0400] {processor.py:650} INFO - DAG(s) dict_keys(['example_nested_branch_dag']) retrieved from /Users/jl/Documents/Repos/GHC-2022-data-engineering-workshop/venv/lib/python3.8/site-packages/airflow/example_dags/example_nested_branch_dag.py
[2022-08-29T20:48:46.442-0400] {logging_mixin.py:115} INFO - [2022-08-29T20:48:46.442-0400] {dag.py:2429} INFO - Sync 1 DAGs
[2022-08-29T20:48:46.463-0400] {logging_mixin.py:115} INFO - [2022-08-29T20:48:46.463-0400] {dag.py:2977} INFO - Setting next_dagrun for example_nested_branch_dag to 2022-08-29T00:00:00+00:00, run_after=2022-08-30T00:00:00+00:00
[2022-08-29T20:48:46.478-0400] {processor.py:161} INFO - Processing /Users/jl/Documents/Repos/GHC-2022-data-engineering-workshop/venv/lib/python3.8/site-packages/airflow/example_dags/example_nested_branch_dag.py took 0.170 seconds
[2022-08-29T20:50:24.215-0400] {processor.py:153} INFO - Started process (PID=17208) to work on /Users/jl/Documents/Repos/GHC-2022-data-engineering-workshop/venv/lib/python3.8/site-packages/airflow/example_dags/example_nested_branch_dag.py
[2022-08-29T20:50:24.224-0400] {processor.py:640} INFO - Processing file /Users/jl/Documents/Repos/GHC-2022-data-engineering-workshop/venv/lib/python3.8/site-packages/airflow/example_dags/example_nested_branch_dag.py for tasks to queue
[2022-08-29T20:50:24.224-0400] {logging_mixin.py:115} INFO - [2022-08-29T20:50:24.224-0400] {dagbag.py:508} INFO - Filling up the DagBag from /Users/jl/Documents/Repos/GHC-2022-data-engineering-workshop/venv/lib/python3.8/site-packages/airflow/example_dags/example_nested_branch_dag.py
[2022-08-29T20:50:24.256-0400] {processor.py:650} INFO - DAG(s) dict_keys(['example_nested_branch_dag']) retrieved from /Users/jl/Documents/Repos/GHC-2022-data-engineering-workshop/venv/lib/python3.8/site-packages/airflow/example_dags/example_nested_branch_dag.py
[2022-08-29T20:50:24.332-0400] {logging_mixin.py:115} INFO - [2022-08-29T20:50:24.332-0400] {dag.py:2429} INFO - Sync 1 DAGs
[2022-08-29T20:50:24.354-0400] {logging_mixin.py:115} INFO - [2022-08-29T20:50:24.353-0400] {dag.py:2977} INFO - Setting next_dagrun for example_nested_branch_dag to 2022-08-29T00:00:00+00:00, run_after=2022-08-30T00:00:00+00:00
[2022-08-29T20:50:24.372-0400] {processor.py:161} INFO - Processing /Users/jl/Documents/Repos/GHC-2022-data-engineering-workshop/venv/lib/python3.8/site-packages/airflow/example_dags/example_nested_branch_dag.py took 0.157 seconds
[2022-08-29T20:52:01.933-0400] {processor.py:153} INFO - Started process (PID=17297) to work on /Users/jl/Documents/Repos/GHC-2022-data-engineering-workshop/venv/lib/python3.8/site-packages/airflow/example_dags/example_nested_branch_dag.py
[2022-08-29T20:52:01.942-0400] {processor.py:640} INFO - Processing file /Users/jl/Documents/Repos/GHC-2022-data-engineering-workshop/venv/lib/python3.8/site-packages/airflow/example_dags/example_nested_branch_dag.py for tasks to queue
[2022-08-29T20:52:01.942-0400] {logging_mixin.py:115} INFO - [2022-08-29T20:52:01.942-0400] {dagbag.py:508} INFO - Filling up the DagBag from /Users/jl/Documents/Repos/GHC-2022-data-engineering-workshop/venv/lib/python3.8/site-packages/airflow/example_dags/example_nested_branch_dag.py
[2022-08-29T20:52:01.977-0400] {processor.py:650} INFO - DAG(s) dict_keys(['example_nested_branch_dag']) retrieved from /Users/jl/Documents/Repos/GHC-2022-data-engineering-workshop/venv/lib/python3.8/site-packages/airflow/example_dags/example_nested_branch_dag.py
[2022-08-29T20:52:02.063-0400] {logging_mixin.py:115} INFO - [2022-08-29T20:52:02.063-0400] {dag.py:2429} INFO - Sync 1 DAGs
[2022-08-29T20:52:02.084-0400] {logging_mixin.py:115} INFO - [2022-08-29T20:52:02.083-0400] {dag.py:2977} INFO - Setting next_dagrun for example_nested_branch_dag to 2022-08-29T00:00:00+00:00, run_after=2022-08-30T00:00:00+00:00
[2022-08-29T20:52:02.097-0400] {processor.py:161} INFO - Processing /Users/jl/Documents/Repos/GHC-2022-data-engineering-workshop/venv/lib/python3.8/site-packages/airflow/example_dags/example_nested_branch_dag.py took 0.165 seconds
[2022-08-29T20:53:49.278-0400] {processor.py:153} INFO - Started process (PID=17391) to work on /Users/jl/Documents/Repos/GHC-2022-data-engineering-workshop/venv/lib/python3.8/site-packages/airflow/example_dags/example_nested_branch_dag.py
[2022-08-29T20:53:49.290-0400] {processor.py:640} INFO - Processing file /Users/jl/Documents/Repos/GHC-2022-data-engineering-workshop/venv/lib/python3.8/site-packages/airflow/example_dags/example_nested_branch_dag.py for tasks to queue
[2022-08-29T20:53:49.290-0400] {logging_mixin.py:115} INFO - [2022-08-29T20:53:49.290-0400] {dagbag.py:508} INFO - Filling up the DagBag from /Users/jl/Documents/Repos/GHC-2022-data-engineering-workshop/venv/lib/python3.8/site-packages/airflow/example_dags/example_nested_branch_dag.py
[2022-08-29T20:53:49.342-0400] {processor.py:650} INFO - DAG(s) dict_keys(['example_nested_branch_dag']) retrieved from /Users/jl/Documents/Repos/GHC-2022-data-engineering-workshop/venv/lib/python3.8/site-packages/airflow/example_dags/example_nested_branch_dag.py
[2022-08-29T20:53:49.439-0400] {logging_mixin.py:115} INFO - [2022-08-29T20:53:49.438-0400] {dag.py:2429} INFO - Sync 1 DAGs
[2022-08-29T20:53:49.471-0400] {logging_mixin.py:115} INFO - [2022-08-29T20:53:49.470-0400] {dag.py:2977} INFO - Setting next_dagrun for example_nested_branch_dag to 2022-08-29T00:00:00+00:00, run_after=2022-08-30T00:00:00+00:00
[2022-08-29T20:53:49.488-0400] {processor.py:161} INFO - Processing /Users/jl/Documents/Repos/GHC-2022-data-engineering-workshop/venv/lib/python3.8/site-packages/airflow/example_dags/example_nested_branch_dag.py took 0.211 seconds
[2022-08-29T20:55:51.039-0400] {processor.py:153} INFO - Started process (PID=17488) to work on /Users/jl/Documents/Repos/GHC-2022-data-engineering-workshop/venv/lib/python3.8/site-packages/airflow/example_dags/example_nested_branch_dag.py
[2022-08-29T20:55:51.049-0400] {processor.py:640} INFO - Processing file /Users/jl/Documents/Repos/GHC-2022-data-engineering-workshop/venv/lib/python3.8/site-packages/airflow/example_dags/example_nested_branch_dag.py for tasks to queue
[2022-08-29T20:55:51.050-0400] {logging_mixin.py:115} INFO - [2022-08-29T20:55:51.050-0400] {dagbag.py:508} INFO - Filling up the DagBag from /Users/jl/Documents/Repos/GHC-2022-data-engineering-workshop/venv/lib/python3.8/site-packages/airflow/example_dags/example_nested_branch_dag.py
[2022-08-29T20:55:51.089-0400] {processor.py:650} INFO - DAG(s) dict_keys(['example_nested_branch_dag']) retrieved from /Users/jl/Documents/Repos/GHC-2022-data-engineering-workshop/venv/lib/python3.8/site-packages/airflow/example_dags/example_nested_branch_dag.py
[2022-08-29T20:55:51.180-0400] {logging_mixin.py:115} INFO - [2022-08-29T20:55:51.180-0400] {dag.py:2429} INFO - Sync 1 DAGs
[2022-08-29T20:55:51.203-0400] {logging_mixin.py:115} INFO - [2022-08-29T20:55:51.203-0400] {dag.py:2977} INFO - Setting next_dagrun for example_nested_branch_dag to 2022-08-29T00:00:00+00:00, run_after=2022-08-30T00:00:00+00:00
[2022-08-29T20:55:51.219-0400] {processor.py:161} INFO - Processing /Users/jl/Documents/Repos/GHC-2022-data-engineering-workshop/venv/lib/python3.8/site-packages/airflow/example_dags/example_nested_branch_dag.py took 0.182 seconds
[2022-08-29T20:57:40.019-0400] {processor.py:153} INFO - Started process (PID=17584) to work on /Users/jl/Documents/Repos/GHC-2022-data-engineering-workshop/venv/lib/python3.8/site-packages/airflow/example_dags/example_nested_branch_dag.py
[2022-08-29T20:57:40.028-0400] {processor.py:640} INFO - Processing file /Users/jl/Documents/Repos/GHC-2022-data-engineering-workshop/venv/lib/python3.8/site-packages/airflow/example_dags/example_nested_branch_dag.py for tasks to queue
[2022-08-29T20:57:40.029-0400] {logging_mixin.py:115} INFO - [2022-08-29T20:57:40.029-0400] {dagbag.py:508} INFO - Filling up the DagBag from /Users/jl/Documents/Repos/GHC-2022-data-engineering-workshop/venv/lib/python3.8/site-packages/airflow/example_dags/example_nested_branch_dag.py
[2022-08-29T20:57:40.064-0400] {processor.py:650} INFO - DAG(s) dict_keys(['example_nested_branch_dag']) retrieved from /Users/jl/Documents/Repos/GHC-2022-data-engineering-workshop/venv/lib/python3.8/site-packages/airflow/example_dags/example_nested_branch_dag.py
[2022-08-29T20:57:40.143-0400] {logging_mixin.py:115} INFO - [2022-08-29T20:57:40.143-0400] {dag.py:2429} INFO - Sync 1 DAGs
[2022-08-29T20:57:40.166-0400] {logging_mixin.py:115} INFO - [2022-08-29T20:57:40.166-0400] {dag.py:2977} INFO - Setting next_dagrun for example_nested_branch_dag to 2022-08-29T00:00:00+00:00, run_after=2022-08-30T00:00:00+00:00
[2022-08-29T20:57:40.182-0400] {processor.py:161} INFO - Processing /Users/jl/Documents/Repos/GHC-2022-data-engineering-workshop/venv/lib/python3.8/site-packages/airflow/example_dags/example_nested_branch_dag.py took 0.164 seconds
[2022-08-29T21:00:03.560-0400] {processor.py:153} INFO - Started process (PID=17734) to work on /Users/jl/Documents/Repos/GHC-2022-data-engineering-workshop/venv/lib/python3.8/site-packages/airflow/example_dags/example_nested_branch_dag.py
[2022-08-29T21:00:03.569-0400] {processor.py:640} INFO - Processing file /Users/jl/Documents/Repos/GHC-2022-data-engineering-workshop/venv/lib/python3.8/site-packages/airflow/example_dags/example_nested_branch_dag.py for tasks to queue
[2022-08-29T21:00:03.570-0400] {logging_mixin.py:115} INFO - [2022-08-29T21:00:03.570-0400] {dagbag.py:508} INFO - Filling up the DagBag from /Users/jl/Documents/Repos/GHC-2022-data-engineering-workshop/venv/lib/python3.8/site-packages/airflow/example_dags/example_nested_branch_dag.py
[2022-08-29T21:00:03.605-0400] {processor.py:650} INFO - DAG(s) dict_keys(['example_nested_branch_dag']) retrieved from /Users/jl/Documents/Repos/GHC-2022-data-engineering-workshop/venv/lib/python3.8/site-packages/airflow/example_dags/example_nested_branch_dag.py
[2022-08-29T21:00:03.689-0400] {logging_mixin.py:115} INFO - [2022-08-29T21:00:03.689-0400] {dag.py:2429} INFO - Sync 1 DAGs
[2022-08-29T21:00:03.717-0400] {logging_mixin.py:115} INFO - [2022-08-29T21:00:03.717-0400] {dag.py:2977} INFO - Setting next_dagrun for example_nested_branch_dag to 2022-08-29T00:00:00+00:00, run_after=2022-08-30T00:00:00+00:00
[2022-08-29T21:00:03.735-0400] {processor.py:161} INFO - Processing /Users/jl/Documents/Repos/GHC-2022-data-engineering-workshop/venv/lib/python3.8/site-packages/airflow/example_dags/example_nested_branch_dag.py took 0.176 seconds
