[2022-08-29T20:00:12.192-0400] {processor.py:153} INFO - Started process (PID=14357) to work on /Users/jl/Documents/Repos/GHC-2022-data-engineering-workshop/venv/lib/python3.8/site-packages/airflow/example_dags/example_dag_decorator.py
[2022-08-29T20:00:12.200-0400] {processor.py:640} INFO - Processing file /Users/jl/Documents/Repos/GHC-2022-data-engineering-workshop/venv/lib/python3.8/site-packages/airflow/example_dags/example_dag_decorator.py for tasks to queue
[2022-08-29T20:00:12.201-0400] {logging_mixin.py:115} INFO - [2022-08-29T20:00:12.201-0400] {dagbag.py:508} INFO - Filling up the DagBag from /Users/jl/Documents/Repos/GHC-2022-data-engineering-workshop/venv/lib/python3.8/site-packages/airflow/example_dags/example_dag_decorator.py
[2022-08-29T20:00:12.443-0400] {processor.py:650} INFO - DAG(s) dict_keys(['example_dag_decorator']) retrieved from /Users/jl/Documents/Repos/GHC-2022-data-engineering-workshop/venv/lib/python3.8/site-packages/airflow/example_dags/example_dag_decorator.py
[2022-08-29T20:00:12.972-0400] {logging_mixin.py:115} INFO - [2022-08-29T20:00:12.971-0400] {dag.py:2429} INFO - Sync 1 DAGs
[2022-08-29T20:00:12.990-0400] {logging_mixin.py:115} INFO - [2022-08-29T20:00:12.990-0400] {dag.py:2977} INFO - Setting next_dagrun for example_dag_decorator to None, run_after=None
[2022-08-29T20:00:13.006-0400] {processor.py:161} INFO - Processing /Users/jl/Documents/Repos/GHC-2022-data-engineering-workshop/venv/lib/python3.8/site-packages/airflow/example_dags/example_dag_decorator.py took 0.815 seconds
[2022-08-29T20:01:43.028-0400] {processor.py:153} INFO - Started process (PID=14440) to work on /Users/jl/Documents/Repos/GHC-2022-data-engineering-workshop/venv/lib/python3.8/site-packages/airflow/example_dags/example_dag_decorator.py
[2022-08-29T20:01:43.036-0400] {processor.py:640} INFO - Processing file /Users/jl/Documents/Repos/GHC-2022-data-engineering-workshop/venv/lib/python3.8/site-packages/airflow/example_dags/example_dag_decorator.py for tasks to queue
[2022-08-29T20:01:43.037-0400] {logging_mixin.py:115} INFO - [2022-08-29T20:01:43.037-0400] {dagbag.py:508} INFO - Filling up the DagBag from /Users/jl/Documents/Repos/GHC-2022-data-engineering-workshop/venv/lib/python3.8/site-packages/airflow/example_dags/example_dag_decorator.py
[2022-08-29T20:01:43.283-0400] {processor.py:650} INFO - DAG(s) dict_keys(['example_dag_decorator']) retrieved from /Users/jl/Documents/Repos/GHC-2022-data-engineering-workshop/venv/lib/python3.8/site-packages/airflow/example_dags/example_dag_decorator.py
[2022-08-29T20:01:43.806-0400] {logging_mixin.py:115} INFO - [2022-08-29T20:01:43.806-0400] {dag.py:2429} INFO - Sync 1 DAGs
[2022-08-29T20:01:43.824-0400] {logging_mixin.py:115} INFO - [2022-08-29T20:01:43.824-0400] {dag.py:2977} INFO - Setting next_dagrun for example_dag_decorator to None, run_after=None
[2022-08-29T20:01:43.841-0400] {processor.py:161} INFO - Processing /Users/jl/Documents/Repos/GHC-2022-data-engineering-workshop/venv/lib/python3.8/site-packages/airflow/example_dags/example_dag_decorator.py took 0.814 seconds
[2022-08-29T20:03:06.521-0400] {processor.py:153} INFO - Started process (PID=14520) to work on /Users/jl/Documents/Repos/GHC-2022-data-engineering-workshop/venv/lib/python3.8/site-packages/airflow/example_dags/example_dag_decorator.py
[2022-08-29T20:03:06.530-0400] {processor.py:640} INFO - Processing file /Users/jl/Documents/Repos/GHC-2022-data-engineering-workshop/venv/lib/python3.8/site-packages/airflow/example_dags/example_dag_decorator.py for tasks to queue
[2022-08-29T20:03:06.530-0400] {logging_mixin.py:115} INFO - [2022-08-29T20:03:06.530-0400] {dagbag.py:508} INFO - Filling up the DagBag from /Users/jl/Documents/Repos/GHC-2022-data-engineering-workshop/venv/lib/python3.8/site-packages/airflow/example_dags/example_dag_decorator.py
[2022-08-29T20:03:06.777-0400] {processor.py:650} INFO - DAG(s) dict_keys(['example_dag_decorator']) retrieved from /Users/jl/Documents/Repos/GHC-2022-data-engineering-workshop/venv/lib/python3.8/site-packages/airflow/example_dags/example_dag_decorator.py
[2022-08-29T20:03:07.300-0400] {logging_mixin.py:115} INFO - [2022-08-29T20:03:07.300-0400] {dag.py:2429} INFO - Sync 1 DAGs
[2022-08-29T20:03:07.318-0400] {logging_mixin.py:115} INFO - [2022-08-29T20:03:07.318-0400] {dag.py:2977} INFO - Setting next_dagrun for example_dag_decorator to None, run_after=None
[2022-08-29T20:03:07.334-0400] {processor.py:161} INFO - Processing /Users/jl/Documents/Repos/GHC-2022-data-engineering-workshop/venv/lib/python3.8/site-packages/airflow/example_dags/example_dag_decorator.py took 0.813 seconds
[2022-08-29T20:04:33.407-0400] {processor.py:153} INFO - Started process (PID=14601) to work on /Users/jl/Documents/Repos/GHC-2022-data-engineering-workshop/venv/lib/python3.8/site-packages/airflow/example_dags/example_dag_decorator.py
[2022-08-29T20:04:33.416-0400] {processor.py:640} INFO - Processing file /Users/jl/Documents/Repos/GHC-2022-data-engineering-workshop/venv/lib/python3.8/site-packages/airflow/example_dags/example_dag_decorator.py for tasks to queue
[2022-08-29T20:04:33.416-0400] {logging_mixin.py:115} INFO - [2022-08-29T20:04:33.416-0400] {dagbag.py:508} INFO - Filling up the DagBag from /Users/jl/Documents/Repos/GHC-2022-data-engineering-workshop/venv/lib/python3.8/site-packages/airflow/example_dags/example_dag_decorator.py
[2022-08-29T20:04:33.655-0400] {processor.py:650} INFO - DAG(s) dict_keys(['example_dag_decorator']) retrieved from /Users/jl/Documents/Repos/GHC-2022-data-engineering-workshop/venv/lib/python3.8/site-packages/airflow/example_dags/example_dag_decorator.py
[2022-08-29T20:04:34.187-0400] {logging_mixin.py:115} INFO - [2022-08-29T20:04:34.186-0400] {dag.py:2429} INFO - Sync 1 DAGs
[2022-08-29T20:04:34.205-0400] {logging_mixin.py:115} INFO - [2022-08-29T20:04:34.205-0400] {dag.py:2977} INFO - Setting next_dagrun for example_dag_decorator to None, run_after=None
[2022-08-29T20:04:34.221-0400] {processor.py:161} INFO - Processing /Users/jl/Documents/Repos/GHC-2022-data-engineering-workshop/venv/lib/python3.8/site-packages/airflow/example_dags/example_dag_decorator.py took 0.815 seconds
[2022-08-29T20:06:01.173-0400] {processor.py:153} INFO - Started process (PID=14682) to work on /Users/jl/Documents/Repos/GHC-2022-data-engineering-workshop/venv/lib/python3.8/site-packages/airflow/example_dags/example_dag_decorator.py
[2022-08-29T20:06:01.182-0400] {processor.py:640} INFO - Processing file /Users/jl/Documents/Repos/GHC-2022-data-engineering-workshop/venv/lib/python3.8/site-packages/airflow/example_dags/example_dag_decorator.py for tasks to queue
[2022-08-29T20:06:01.182-0400] {logging_mixin.py:115} INFO - [2022-08-29T20:06:01.182-0400] {dagbag.py:508} INFO - Filling up the DagBag from /Users/jl/Documents/Repos/GHC-2022-data-engineering-workshop/venv/lib/python3.8/site-packages/airflow/example_dags/example_dag_decorator.py
[2022-08-29T20:06:01.426-0400] {processor.py:650} INFO - DAG(s) dict_keys(['example_dag_decorator']) retrieved from /Users/jl/Documents/Repos/GHC-2022-data-engineering-workshop/venv/lib/python3.8/site-packages/airflow/example_dags/example_dag_decorator.py
[2022-08-29T20:06:01.959-0400] {logging_mixin.py:115} INFO - [2022-08-29T20:06:01.959-0400] {dag.py:2429} INFO - Sync 1 DAGs
[2022-08-29T20:06:01.978-0400] {logging_mixin.py:115} INFO - [2022-08-29T20:06:01.977-0400] {dag.py:2977} INFO - Setting next_dagrun for example_dag_decorator to None, run_after=None
[2022-08-29T20:06:01.994-0400] {processor.py:161} INFO - Processing /Users/jl/Documents/Repos/GHC-2022-data-engineering-workshop/venv/lib/python3.8/site-packages/airflow/example_dags/example_dag_decorator.py took 0.821 seconds
[2022-08-29T20:07:27.889-0400] {processor.py:153} INFO - Started process (PID=14762) to work on /Users/jl/Documents/Repos/GHC-2022-data-engineering-workshop/venv/lib/python3.8/site-packages/airflow/example_dags/example_dag_decorator.py
[2022-08-29T20:07:27.899-0400] {processor.py:640} INFO - Processing file /Users/jl/Documents/Repos/GHC-2022-data-engineering-workshop/venv/lib/python3.8/site-packages/airflow/example_dags/example_dag_decorator.py for tasks to queue
[2022-08-29T20:07:27.900-0400] {logging_mixin.py:115} INFO - [2022-08-29T20:07:27.899-0400] {dagbag.py:508} INFO - Filling up the DagBag from /Users/jl/Documents/Repos/GHC-2022-data-engineering-workshop/venv/lib/python3.8/site-packages/airflow/example_dags/example_dag_decorator.py
[2022-08-29T20:07:28.139-0400] {processor.py:650} INFO - DAG(s) dict_keys(['example_dag_decorator']) retrieved from /Users/jl/Documents/Repos/GHC-2022-data-engineering-workshop/venv/lib/python3.8/site-packages/airflow/example_dags/example_dag_decorator.py
[2022-08-29T20:07:28.661-0400] {logging_mixin.py:115} INFO - [2022-08-29T20:07:28.661-0400] {dag.py:2429} INFO - Sync 1 DAGs
[2022-08-29T20:07:28.680-0400] {logging_mixin.py:115} INFO - [2022-08-29T20:07:28.680-0400] {dag.py:2977} INFO - Setting next_dagrun for example_dag_decorator to None, run_after=None
[2022-08-29T20:07:28.696-0400] {processor.py:161} INFO - Processing /Users/jl/Documents/Repos/GHC-2022-data-engineering-workshop/venv/lib/python3.8/site-packages/airflow/example_dags/example_dag_decorator.py took 0.808 seconds
[2022-08-29T20:08:55.528-0400] {processor.py:153} INFO - Started process (PID=14845) to work on /Users/jl/Documents/Repos/GHC-2022-data-engineering-workshop/venv/lib/python3.8/site-packages/airflow/example_dags/example_dag_decorator.py
[2022-08-29T20:08:55.536-0400] {processor.py:640} INFO - Processing file /Users/jl/Documents/Repos/GHC-2022-data-engineering-workshop/venv/lib/python3.8/site-packages/airflow/example_dags/example_dag_decorator.py for tasks to queue
[2022-08-29T20:08:55.537-0400] {logging_mixin.py:115} INFO - [2022-08-29T20:08:55.536-0400] {dagbag.py:508} INFO - Filling up the DagBag from /Users/jl/Documents/Repos/GHC-2022-data-engineering-workshop/venv/lib/python3.8/site-packages/airflow/example_dags/example_dag_decorator.py
[2022-08-29T20:08:55.779-0400] {processor.py:650} INFO - DAG(s) dict_keys(['example_dag_decorator']) retrieved from /Users/jl/Documents/Repos/GHC-2022-data-engineering-workshop/venv/lib/python3.8/site-packages/airflow/example_dags/example_dag_decorator.py
[2022-08-29T20:08:56.299-0400] {logging_mixin.py:115} INFO - [2022-08-29T20:08:56.299-0400] {dag.py:2429} INFO - Sync 1 DAGs
[2022-08-29T20:08:56.318-0400] {logging_mixin.py:115} INFO - [2022-08-29T20:08:56.318-0400] {dag.py:2977} INFO - Setting next_dagrun for example_dag_decorator to None, run_after=None
[2022-08-29T20:08:56.334-0400] {processor.py:161} INFO - Processing /Users/jl/Documents/Repos/GHC-2022-data-engineering-workshop/venv/lib/python3.8/site-packages/airflow/example_dags/example_dag_decorator.py took 0.808 seconds
[2022-08-29T20:10:33.082-0400] {processor.py:153} INFO - Started process (PID=14934) to work on /Users/jl/Documents/Repos/GHC-2022-data-engineering-workshop/venv/lib/python3.8/site-packages/airflow/example_dags/example_dag_decorator.py
[2022-08-29T20:10:33.091-0400] {processor.py:640} INFO - Processing file /Users/jl/Documents/Repos/GHC-2022-data-engineering-workshop/venv/lib/python3.8/site-packages/airflow/example_dags/example_dag_decorator.py for tasks to queue
[2022-08-29T20:10:33.092-0400] {logging_mixin.py:115} INFO - [2022-08-29T20:10:33.092-0400] {dagbag.py:508} INFO - Filling up the DagBag from /Users/jl/Documents/Repos/GHC-2022-data-engineering-workshop/venv/lib/python3.8/site-packages/airflow/example_dags/example_dag_decorator.py
[2022-08-29T20:10:33.337-0400] {processor.py:650} INFO - DAG(s) dict_keys(['example_dag_decorator']) retrieved from /Users/jl/Documents/Repos/GHC-2022-data-engineering-workshop/venv/lib/python3.8/site-packages/airflow/example_dags/example_dag_decorator.py
[2022-08-29T20:10:33.860-0400] {logging_mixin.py:115} INFO - [2022-08-29T20:10:33.859-0400] {dag.py:2429} INFO - Sync 1 DAGs
[2022-08-29T20:10:33.878-0400] {logging_mixin.py:115} INFO - [2022-08-29T20:10:33.878-0400] {dag.py:2977} INFO - Setting next_dagrun for example_dag_decorator to None, run_after=None
[2022-08-29T20:10:33.894-0400] {processor.py:161} INFO - Processing /Users/jl/Documents/Repos/GHC-2022-data-engineering-workshop/venv/lib/python3.8/site-packages/airflow/example_dags/example_dag_decorator.py took 0.813 seconds
[2022-08-29T20:12:03.941-0400] {processor.py:153} INFO - Started process (PID=15019) to work on /Users/jl/Documents/Repos/GHC-2022-data-engineering-workshop/venv/lib/python3.8/site-packages/airflow/example_dags/example_dag_decorator.py
[2022-08-29T20:12:03.950-0400] {processor.py:640} INFO - Processing file /Users/jl/Documents/Repos/GHC-2022-data-engineering-workshop/venv/lib/python3.8/site-packages/airflow/example_dags/example_dag_decorator.py for tasks to queue
[2022-08-29T20:12:03.950-0400] {logging_mixin.py:115} INFO - [2022-08-29T20:12:03.950-0400] {dagbag.py:508} INFO - Filling up the DagBag from /Users/jl/Documents/Repos/GHC-2022-data-engineering-workshop/venv/lib/python3.8/site-packages/airflow/example_dags/example_dag_decorator.py
[2022-08-29T20:12:04.188-0400] {processor.py:650} INFO - DAG(s) dict_keys(['example_dag_decorator']) retrieved from /Users/jl/Documents/Repos/GHC-2022-data-engineering-workshop/venv/lib/python3.8/site-packages/airflow/example_dags/example_dag_decorator.py
[2022-08-29T20:12:04.709-0400] {logging_mixin.py:115} INFO - [2022-08-29T20:12:04.709-0400] {dag.py:2429} INFO - Sync 1 DAGs
[2022-08-29T20:12:04.727-0400] {logging_mixin.py:115} INFO - [2022-08-29T20:12:04.727-0400] {dag.py:2977} INFO - Setting next_dagrun for example_dag_decorator to None, run_after=None
[2022-08-29T20:12:04.743-0400] {processor.py:161} INFO - Processing /Users/jl/Documents/Repos/GHC-2022-data-engineering-workshop/venv/lib/python3.8/site-packages/airflow/example_dags/example_dag_decorator.py took 0.803 seconds
[2022-08-29T20:13:33.529-0400] {processor.py:153} INFO - Started process (PID=15102) to work on /Users/jl/Documents/Repos/GHC-2022-data-engineering-workshop/venv/lib/python3.8/site-packages/airflow/example_dags/example_dag_decorator.py
[2022-08-29T20:13:33.538-0400] {processor.py:640} INFO - Processing file /Users/jl/Documents/Repos/GHC-2022-data-engineering-workshop/venv/lib/python3.8/site-packages/airflow/example_dags/example_dag_decorator.py for tasks to queue
[2022-08-29T20:13:33.538-0400] {logging_mixin.py:115} INFO - [2022-08-29T20:13:33.538-0400] {dagbag.py:508} INFO - Filling up the DagBag from /Users/jl/Documents/Repos/GHC-2022-data-engineering-workshop/venv/lib/python3.8/site-packages/airflow/example_dags/example_dag_decorator.py
[2022-08-29T20:13:33.785-0400] {processor.py:650} INFO - DAG(s) dict_keys(['example_dag_decorator']) retrieved from /Users/jl/Documents/Repos/GHC-2022-data-engineering-workshop/venv/lib/python3.8/site-packages/airflow/example_dags/example_dag_decorator.py
[2022-08-29T20:13:34.318-0400] {logging_mixin.py:115} INFO - [2022-08-29T20:13:34.317-0400] {dag.py:2429} INFO - Sync 1 DAGs
[2022-08-29T20:13:34.336-0400] {logging_mixin.py:115} INFO - [2022-08-29T20:13:34.336-0400] {dag.py:2977} INFO - Setting next_dagrun for example_dag_decorator to None, run_after=None
[2022-08-29T20:13:34.352-0400] {processor.py:161} INFO - Processing /Users/jl/Documents/Repos/GHC-2022-data-engineering-workshop/venv/lib/python3.8/site-packages/airflow/example_dags/example_dag_decorator.py took 0.824 seconds
[2022-08-29T20:15:07.639-0400] {processor.py:153} INFO - Started process (PID=15215) to work on /Users/jl/Documents/Repos/GHC-2022-data-engineering-workshop/venv/lib/python3.8/site-packages/airflow/example_dags/example_dag_decorator.py
[2022-08-29T20:15:07.648-0400] {processor.py:640} INFO - Processing file /Users/jl/Documents/Repos/GHC-2022-data-engineering-workshop/venv/lib/python3.8/site-packages/airflow/example_dags/example_dag_decorator.py for tasks to queue
[2022-08-29T20:15:07.649-0400] {logging_mixin.py:115} INFO - [2022-08-29T20:15:07.649-0400] {dagbag.py:508} INFO - Filling up the DagBag from /Users/jl/Documents/Repos/GHC-2022-data-engineering-workshop/venv/lib/python3.8/site-packages/airflow/example_dags/example_dag_decorator.py
[2022-08-29T20:15:07.910-0400] {processor.py:650} INFO - DAG(s) dict_keys(['example_dag_decorator']) retrieved from /Users/jl/Documents/Repos/GHC-2022-data-engineering-workshop/venv/lib/python3.8/site-packages/airflow/example_dags/example_dag_decorator.py
[2022-08-29T20:15:08.434-0400] {logging_mixin.py:115} INFO - [2022-08-29T20:15:08.434-0400] {dag.py:2429} INFO - Sync 1 DAGs
[2022-08-29T20:15:08.452-0400] {logging_mixin.py:115} INFO - [2022-08-29T20:15:08.452-0400] {dag.py:2977} INFO - Setting next_dagrun for example_dag_decorator to None, run_after=None
[2022-08-29T20:15:08.468-0400] {processor.py:161} INFO - Processing /Users/jl/Documents/Repos/GHC-2022-data-engineering-workshop/venv/lib/python3.8/site-packages/airflow/example_dags/example_dag_decorator.py took 0.830 seconds
[2022-08-29T20:16:52.196-0400] {processor.py:153} INFO - Started process (PID=15306) to work on /Users/jl/Documents/Repos/GHC-2022-data-engineering-workshop/venv/lib/python3.8/site-packages/airflow/example_dags/example_dag_decorator.py
[2022-08-29T20:16:52.205-0400] {processor.py:640} INFO - Processing file /Users/jl/Documents/Repos/GHC-2022-data-engineering-workshop/venv/lib/python3.8/site-packages/airflow/example_dags/example_dag_decorator.py for tasks to queue
[2022-08-29T20:16:52.206-0400] {logging_mixin.py:115} INFO - [2022-08-29T20:16:52.206-0400] {dagbag.py:508} INFO - Filling up the DagBag from /Users/jl/Documents/Repos/GHC-2022-data-engineering-workshop/venv/lib/python3.8/site-packages/airflow/example_dags/example_dag_decorator.py
[2022-08-29T20:16:52.459-0400] {processor.py:650} INFO - DAG(s) dict_keys(['example_dag_decorator']) retrieved from /Users/jl/Documents/Repos/GHC-2022-data-engineering-workshop/venv/lib/python3.8/site-packages/airflow/example_dags/example_dag_decorator.py
[2022-08-29T20:16:53.016-0400] {logging_mixin.py:115} INFO - [2022-08-29T20:16:53.016-0400] {dag.py:2429} INFO - Sync 1 DAGs
[2022-08-29T20:16:53.038-0400] {logging_mixin.py:115} INFO - [2022-08-29T20:16:53.037-0400] {dag.py:2977} INFO - Setting next_dagrun for example_dag_decorator to None, run_after=None
[2022-08-29T20:16:53.057-0400] {processor.py:161} INFO - Processing /Users/jl/Documents/Repos/GHC-2022-data-engineering-workshop/venv/lib/python3.8/site-packages/airflow/example_dags/example_dag_decorator.py took 0.861 seconds
[2022-08-29T20:18:45.878-0400] {processor.py:153} INFO - Started process (PID=15428) to work on /Users/jl/Documents/Repos/GHC-2022-data-engineering-workshop/venv/lib/python3.8/site-packages/airflow/example_dags/example_dag_decorator.py
[2022-08-29T20:18:45.887-0400] {processor.py:640} INFO - Processing file /Users/jl/Documents/Repos/GHC-2022-data-engineering-workshop/venv/lib/python3.8/site-packages/airflow/example_dags/example_dag_decorator.py for tasks to queue
[2022-08-29T20:18:45.887-0400] {logging_mixin.py:115} INFO - [2022-08-29T20:18:45.887-0400] {dagbag.py:508} INFO - Filling up the DagBag from /Users/jl/Documents/Repos/GHC-2022-data-engineering-workshop/venv/lib/python3.8/site-packages/airflow/example_dags/example_dag_decorator.py
[2022-08-29T20:18:46.168-0400] {processor.py:650} INFO - DAG(s) dict_keys(['example_dag_decorator']) retrieved from /Users/jl/Documents/Repos/GHC-2022-data-engineering-workshop/venv/lib/python3.8/site-packages/airflow/example_dags/example_dag_decorator.py
[2022-08-29T20:18:46.843-0400] {logging_mixin.py:115} INFO - [2022-08-29T20:18:46.842-0400] {dag.py:2429} INFO - Sync 1 DAGs
[2022-08-29T20:18:46.863-0400] {logging_mixin.py:115} INFO - [2022-08-29T20:18:46.863-0400] {dag.py:2977} INFO - Setting next_dagrun for example_dag_decorator to None, run_after=None
[2022-08-29T20:18:46.881-0400] {processor.py:161} INFO - Processing /Users/jl/Documents/Repos/GHC-2022-data-engineering-workshop/venv/lib/python3.8/site-packages/airflow/example_dags/example_dag_decorator.py took 1.004 seconds
[2022-08-29T20:20:28.818-0400] {processor.py:153} INFO - Started process (PID=15531) to work on /Users/jl/Documents/Repos/GHC-2022-data-engineering-workshop/venv/lib/python3.8/site-packages/airflow/example_dags/example_dag_decorator.py
[2022-08-29T20:20:28.828-0400] {processor.py:640} INFO - Processing file /Users/jl/Documents/Repos/GHC-2022-data-engineering-workshop/venv/lib/python3.8/site-packages/airflow/example_dags/example_dag_decorator.py for tasks to queue
[2022-08-29T20:20:28.829-0400] {logging_mixin.py:115} INFO - [2022-08-29T20:20:28.828-0400] {dagbag.py:508} INFO - Filling up the DagBag from /Users/jl/Documents/Repos/GHC-2022-data-engineering-workshop/venv/lib/python3.8/site-packages/airflow/example_dags/example_dag_decorator.py
[2022-08-29T20:20:29.074-0400] {processor.py:650} INFO - DAG(s) dict_keys(['example_dag_decorator']) retrieved from /Users/jl/Documents/Repos/GHC-2022-data-engineering-workshop/venv/lib/python3.8/site-packages/airflow/example_dags/example_dag_decorator.py
[2022-08-29T20:20:29.597-0400] {logging_mixin.py:115} INFO - [2022-08-29T20:20:29.597-0400] {dag.py:2429} INFO - Sync 1 DAGs
[2022-08-29T20:20:29.616-0400] {logging_mixin.py:115} INFO - [2022-08-29T20:20:29.615-0400] {dag.py:2977} INFO - Setting next_dagrun for example_dag_decorator to None, run_after=None
[2022-08-29T20:20:29.632-0400] {processor.py:161} INFO - Processing /Users/jl/Documents/Repos/GHC-2022-data-engineering-workshop/venv/lib/python3.8/site-packages/airflow/example_dags/example_dag_decorator.py took 0.814 seconds
[2022-08-29T20:21:56.568-0400] {processor.py:153} INFO - Started process (PID=15614) to work on /Users/jl/Documents/Repos/GHC-2022-data-engineering-workshop/venv/lib/python3.8/site-packages/airflow/example_dags/example_dag_decorator.py
[2022-08-29T20:21:56.577-0400] {processor.py:640} INFO - Processing file /Users/jl/Documents/Repos/GHC-2022-data-engineering-workshop/venv/lib/python3.8/site-packages/airflow/example_dags/example_dag_decorator.py for tasks to queue
[2022-08-29T20:21:56.577-0400] {logging_mixin.py:115} INFO - [2022-08-29T20:21:56.577-0400] {dagbag.py:508} INFO - Filling up the DagBag from /Users/jl/Documents/Repos/GHC-2022-data-engineering-workshop/venv/lib/python3.8/site-packages/airflow/example_dags/example_dag_decorator.py
[2022-08-29T20:21:56.821-0400] {processor.py:650} INFO - DAG(s) dict_keys(['example_dag_decorator']) retrieved from /Users/jl/Documents/Repos/GHC-2022-data-engineering-workshop/venv/lib/python3.8/site-packages/airflow/example_dags/example_dag_decorator.py
[2022-08-29T20:21:57.345-0400] {logging_mixin.py:115} INFO - [2022-08-29T20:21:57.345-0400] {dag.py:2429} INFO - Sync 1 DAGs
[2022-08-29T20:21:57.363-0400] {logging_mixin.py:115} INFO - [2022-08-29T20:21:57.363-0400] {dag.py:2977} INFO - Setting next_dagrun for example_dag_decorator to None, run_after=None
[2022-08-29T20:21:57.379-0400] {processor.py:161} INFO - Processing /Users/jl/Documents/Repos/GHC-2022-data-engineering-workshop/venv/lib/python3.8/site-packages/airflow/example_dags/example_dag_decorator.py took 0.812 seconds
[2022-08-29T20:23:21.995-0400] {processor.py:153} INFO - Started process (PID=15695) to work on /Users/jl/Documents/Repos/GHC-2022-data-engineering-workshop/venv/lib/python3.8/site-packages/airflow/example_dags/example_dag_decorator.py
[2022-08-29T20:23:22.003-0400] {processor.py:640} INFO - Processing file /Users/jl/Documents/Repos/GHC-2022-data-engineering-workshop/venv/lib/python3.8/site-packages/airflow/example_dags/example_dag_decorator.py for tasks to queue
[2022-08-29T20:23:22.004-0400] {logging_mixin.py:115} INFO - [2022-08-29T20:23:22.004-0400] {dagbag.py:508} INFO - Filling up the DagBag from /Users/jl/Documents/Repos/GHC-2022-data-engineering-workshop/venv/lib/python3.8/site-packages/airflow/example_dags/example_dag_decorator.py
[2022-08-29T20:23:22.250-0400] {processor.py:650} INFO - DAG(s) dict_keys(['example_dag_decorator']) retrieved from /Users/jl/Documents/Repos/GHC-2022-data-engineering-workshop/venv/lib/python3.8/site-packages/airflow/example_dags/example_dag_decorator.py
[2022-08-29T20:23:22.836-0400] {logging_mixin.py:115} INFO - [2022-08-29T20:23:22.836-0400] {dag.py:2429} INFO - Sync 1 DAGs
[2022-08-29T20:23:22.854-0400] {logging_mixin.py:115} INFO - [2022-08-29T20:23:22.854-0400] {dag.py:2977} INFO - Setting next_dagrun for example_dag_decorator to None, run_after=None
[2022-08-29T20:23:22.870-0400] {processor.py:161} INFO - Processing /Users/jl/Documents/Repos/GHC-2022-data-engineering-workshop/venv/lib/python3.8/site-packages/airflow/example_dags/example_dag_decorator.py took 0.876 seconds
[2022-08-29T20:24:51.418-0400] {processor.py:153} INFO - Started process (PID=15776) to work on /Users/jl/Documents/Repos/GHC-2022-data-engineering-workshop/venv/lib/python3.8/site-packages/airflow/example_dags/example_dag_decorator.py
[2022-08-29T20:24:51.427-0400] {processor.py:640} INFO - Processing file /Users/jl/Documents/Repos/GHC-2022-data-engineering-workshop/venv/lib/python3.8/site-packages/airflow/example_dags/example_dag_decorator.py for tasks to queue
[2022-08-29T20:24:51.427-0400] {logging_mixin.py:115} INFO - [2022-08-29T20:24:51.427-0400] {dagbag.py:508} INFO - Filling up the DagBag from /Users/jl/Documents/Repos/GHC-2022-data-engineering-workshop/venv/lib/python3.8/site-packages/airflow/example_dags/example_dag_decorator.py
[2022-08-29T20:24:51.680-0400] {processor.py:650} INFO - DAG(s) dict_keys(['example_dag_decorator']) retrieved from /Users/jl/Documents/Repos/GHC-2022-data-engineering-workshop/venv/lib/python3.8/site-packages/airflow/example_dags/example_dag_decorator.py
[2022-08-29T20:24:52.236-0400] {logging_mixin.py:115} INFO - [2022-08-29T20:24:52.236-0400] {dag.py:2429} INFO - Sync 1 DAGs
[2022-08-29T20:24:52.255-0400] {logging_mixin.py:115} INFO - [2022-08-29T20:24:52.254-0400] {dag.py:2977} INFO - Setting next_dagrun for example_dag_decorator to None, run_after=None
[2022-08-29T20:24:52.270-0400] {processor.py:161} INFO - Processing /Users/jl/Documents/Repos/GHC-2022-data-engineering-workshop/venv/lib/python3.8/site-packages/airflow/example_dags/example_dag_decorator.py took 0.854 seconds
[2022-08-29T20:26:59.512-0400] {processor.py:153} INFO - Started process (PID=15901) to work on /Users/jl/Documents/Repos/GHC-2022-data-engineering-workshop/venv/lib/python3.8/site-packages/airflow/example_dags/example_dag_decorator.py
[2022-08-29T20:26:59.522-0400] {processor.py:640} INFO - Processing file /Users/jl/Documents/Repos/GHC-2022-data-engineering-workshop/venv/lib/python3.8/site-packages/airflow/example_dags/example_dag_decorator.py for tasks to queue
[2022-08-29T20:26:59.523-0400] {logging_mixin.py:115} INFO - [2022-08-29T20:26:59.523-0400] {dagbag.py:508} INFO - Filling up the DagBag from /Users/jl/Documents/Repos/GHC-2022-data-engineering-workshop/venv/lib/python3.8/site-packages/airflow/example_dags/example_dag_decorator.py
[2022-08-29T20:26:59.784-0400] {processor.py:650} INFO - DAG(s) dict_keys(['example_dag_decorator']) retrieved from /Users/jl/Documents/Repos/GHC-2022-data-engineering-workshop/venv/lib/python3.8/site-packages/airflow/example_dags/example_dag_decorator.py
[2022-08-29T20:27:00.360-0400] {logging_mixin.py:115} INFO - [2022-08-29T20:27:00.360-0400] {dag.py:2429} INFO - Sync 1 DAGs
[2022-08-29T20:27:00.379-0400] {logging_mixin.py:115} INFO - [2022-08-29T20:27:00.379-0400] {dag.py:2977} INFO - Setting next_dagrun for example_dag_decorator to None, run_after=None
[2022-08-29T20:27:00.395-0400] {processor.py:161} INFO - Processing /Users/jl/Documents/Repos/GHC-2022-data-engineering-workshop/venv/lib/python3.8/site-packages/airflow/example_dags/example_dag_decorator.py took 0.884 seconds
[2022-08-29T20:28:40.109-0400] {processor.py:153} INFO - Started process (PID=15991) to work on /Users/jl/Documents/Repos/GHC-2022-data-engineering-workshop/venv/lib/python3.8/site-packages/airflow/example_dags/example_dag_decorator.py
[2022-08-29T20:28:40.117-0400] {processor.py:640} INFO - Processing file /Users/jl/Documents/Repos/GHC-2022-data-engineering-workshop/venv/lib/python3.8/site-packages/airflow/example_dags/example_dag_decorator.py for tasks to queue
[2022-08-29T20:28:40.118-0400] {logging_mixin.py:115} INFO - [2022-08-29T20:28:40.118-0400] {dagbag.py:508} INFO - Filling up the DagBag from /Users/jl/Documents/Repos/GHC-2022-data-engineering-workshop/venv/lib/python3.8/site-packages/airflow/example_dags/example_dag_decorator.py
[2022-08-29T20:28:40.358-0400] {processor.py:650} INFO - DAG(s) dict_keys(['example_dag_decorator']) retrieved from /Users/jl/Documents/Repos/GHC-2022-data-engineering-workshop/venv/lib/python3.8/site-packages/airflow/example_dags/example_dag_decorator.py
[2022-08-29T20:28:40.885-0400] {logging_mixin.py:115} INFO - [2022-08-29T20:28:40.885-0400] {dag.py:2429} INFO - Sync 1 DAGs
[2022-08-29T20:28:40.906-0400] {logging_mixin.py:115} INFO - [2022-08-29T20:28:40.906-0400] {dag.py:2977} INFO - Setting next_dagrun for example_dag_decorator to None, run_after=None
[2022-08-29T20:28:40.927-0400] {processor.py:161} INFO - Processing /Users/jl/Documents/Repos/GHC-2022-data-engineering-workshop/venv/lib/python3.8/site-packages/airflow/example_dags/example_dag_decorator.py took 0.819 seconds
[2022-08-29T20:30:41.409-0400] {processor.py:153} INFO - Started process (PID=16101) to work on /Users/jl/Documents/Repos/GHC-2022-data-engineering-workshop/venv/lib/python3.8/site-packages/airflow/example_dags/example_dag_decorator.py
[2022-08-29T20:30:41.422-0400] {processor.py:640} INFO - Processing file /Users/jl/Documents/Repos/GHC-2022-data-engineering-workshop/venv/lib/python3.8/site-packages/airflow/example_dags/example_dag_decorator.py for tasks to queue
[2022-08-29T20:30:41.423-0400] {logging_mixin.py:115} INFO - [2022-08-29T20:30:41.422-0400] {dagbag.py:508} INFO - Filling up the DagBag from /Users/jl/Documents/Repos/GHC-2022-data-engineering-workshop/venv/lib/python3.8/site-packages/airflow/example_dags/example_dag_decorator.py
[2022-08-29T20:30:42.029-0400] {processor.py:650} INFO - DAG(s) dict_keys(['example_dag_decorator']) retrieved from /Users/jl/Documents/Repos/GHC-2022-data-engineering-workshop/venv/lib/python3.8/site-packages/airflow/example_dags/example_dag_decorator.py
[2022-08-29T20:30:42.968-0400] {logging_mixin.py:115} INFO - [2022-08-29T20:30:42.968-0400] {dag.py:2429} INFO - Sync 1 DAGs
[2022-08-29T20:30:42.989-0400] {logging_mixin.py:115} INFO - [2022-08-29T20:30:42.989-0400] {dag.py:2977} INFO - Setting next_dagrun for example_dag_decorator to None, run_after=None
[2022-08-29T20:30:43.005-0400] {processor.py:161} INFO - Processing /Users/jl/Documents/Repos/GHC-2022-data-engineering-workshop/venv/lib/python3.8/site-packages/airflow/example_dags/example_dag_decorator.py took 1.597 seconds
[2022-08-29T20:32:44.167-0400] {processor.py:153} INFO - Started process (PID=16220) to work on /Users/jl/Documents/Repos/GHC-2022-data-engineering-workshop/venv/lib/python3.8/site-packages/airflow/example_dags/example_dag_decorator.py
[2022-08-29T20:32:44.178-0400] {processor.py:640} INFO - Processing file /Users/jl/Documents/Repos/GHC-2022-data-engineering-workshop/venv/lib/python3.8/site-packages/airflow/example_dags/example_dag_decorator.py for tasks to queue
[2022-08-29T20:32:44.179-0400] {logging_mixin.py:115} INFO - [2022-08-29T20:32:44.179-0400] {dagbag.py:508} INFO - Filling up the DagBag from /Users/jl/Documents/Repos/GHC-2022-data-engineering-workshop/venv/lib/python3.8/site-packages/airflow/example_dags/example_dag_decorator.py
[2022-08-29T20:32:44.440-0400] {processor.py:650} INFO - DAG(s) dict_keys(['example_dag_decorator']) retrieved from /Users/jl/Documents/Repos/GHC-2022-data-engineering-workshop/venv/lib/python3.8/site-packages/airflow/example_dags/example_dag_decorator.py
[2022-08-29T20:32:45.204-0400] {logging_mixin.py:115} INFO - [2022-08-29T20:32:45.203-0400] {dag.py:2429} INFO - Sync 1 DAGs
[2022-08-29T20:32:45.225-0400] {logging_mixin.py:115} INFO - [2022-08-29T20:32:45.225-0400] {dag.py:2977} INFO - Setting next_dagrun for example_dag_decorator to None, run_after=None
[2022-08-29T20:32:45.243-0400] {processor.py:161} INFO - Processing /Users/jl/Documents/Repos/GHC-2022-data-engineering-workshop/venv/lib/python3.8/site-packages/airflow/example_dags/example_dag_decorator.py took 1.077 seconds
[2022-08-29T20:34:41.149-0400] {processor.py:153} INFO - Started process (PID=16325) to work on /Users/jl/Documents/Repos/GHC-2022-data-engineering-workshop/venv/lib/python3.8/site-packages/airflow/example_dags/example_dag_decorator.py
[2022-08-29T20:34:41.158-0400] {processor.py:640} INFO - Processing file /Users/jl/Documents/Repos/GHC-2022-data-engineering-workshop/venv/lib/python3.8/site-packages/airflow/example_dags/example_dag_decorator.py for tasks to queue
[2022-08-29T20:34:41.159-0400] {logging_mixin.py:115} INFO - [2022-08-29T20:34:41.159-0400] {dagbag.py:508} INFO - Filling up the DagBag from /Users/jl/Documents/Repos/GHC-2022-data-engineering-workshop/venv/lib/python3.8/site-packages/airflow/example_dags/example_dag_decorator.py
[2022-08-29T20:34:41.403-0400] {processor.py:650} INFO - DAG(s) dict_keys(['example_dag_decorator']) retrieved from /Users/jl/Documents/Repos/GHC-2022-data-engineering-workshop/venv/lib/python3.8/site-packages/airflow/example_dags/example_dag_decorator.py
[2022-08-29T20:34:41.925-0400] {logging_mixin.py:115} INFO - [2022-08-29T20:34:41.925-0400] {dag.py:2429} INFO - Sync 1 DAGs
[2022-08-29T20:34:41.943-0400] {logging_mixin.py:115} INFO - [2022-08-29T20:34:41.943-0400] {dag.py:2977} INFO - Setting next_dagrun for example_dag_decorator to None, run_after=None
[2022-08-29T20:34:41.959-0400] {processor.py:161} INFO - Processing /Users/jl/Documents/Repos/GHC-2022-data-engineering-workshop/venv/lib/python3.8/site-packages/airflow/example_dags/example_dag_decorator.py took 0.811 seconds
[2022-08-29T20:36:30.166-0400] {processor.py:153} INFO - Started process (PID=16451) to work on /Users/jl/Documents/Repos/GHC-2022-data-engineering-workshop/venv/lib/python3.8/site-packages/airflow/example_dags/example_dag_decorator.py
[2022-08-29T20:36:30.176-0400] {processor.py:640} INFO - Processing file /Users/jl/Documents/Repos/GHC-2022-data-engineering-workshop/venv/lib/python3.8/site-packages/airflow/example_dags/example_dag_decorator.py for tasks to queue
[2022-08-29T20:36:30.177-0400] {logging_mixin.py:115} INFO - [2022-08-29T20:36:30.177-0400] {dagbag.py:508} INFO - Filling up the DagBag from /Users/jl/Documents/Repos/GHC-2022-data-engineering-workshop/venv/lib/python3.8/site-packages/airflow/example_dags/example_dag_decorator.py
[2022-08-29T20:36:30.420-0400] {processor.py:650} INFO - DAG(s) dict_keys(['example_dag_decorator']) retrieved from /Users/jl/Documents/Repos/GHC-2022-data-engineering-workshop/venv/lib/python3.8/site-packages/airflow/example_dags/example_dag_decorator.py
[2022-08-29T20:36:30.959-0400] {logging_mixin.py:115} INFO - [2022-08-29T20:36:30.958-0400] {dag.py:2429} INFO - Sync 1 DAGs
[2022-08-29T20:36:30.977-0400] {logging_mixin.py:115} INFO - [2022-08-29T20:36:30.976-0400] {dag.py:2977} INFO - Setting next_dagrun for example_dag_decorator to None, run_after=None
[2022-08-29T20:36:30.994-0400] {processor.py:161} INFO - Processing /Users/jl/Documents/Repos/GHC-2022-data-engineering-workshop/venv/lib/python3.8/site-packages/airflow/example_dags/example_dag_decorator.py took 0.828 seconds
[2022-08-29T20:38:23.436-0400] {processor.py:153} INFO - Started process (PID=16563) to work on /Users/jl/Documents/Repos/GHC-2022-data-engineering-workshop/venv/lib/python3.8/site-packages/airflow/example_dags/example_dag_decorator.py
[2022-08-29T20:38:23.447-0400] {processor.py:640} INFO - Processing file /Users/jl/Documents/Repos/GHC-2022-data-engineering-workshop/venv/lib/python3.8/site-packages/airflow/example_dags/example_dag_decorator.py for tasks to queue
[2022-08-29T20:38:23.449-0400] {logging_mixin.py:115} INFO - [2022-08-29T20:38:23.448-0400] {dagbag.py:508} INFO - Filling up the DagBag from /Users/jl/Documents/Repos/GHC-2022-data-engineering-workshop/venv/lib/python3.8/site-packages/airflow/example_dags/example_dag_decorator.py
[2022-08-29T20:38:23.954-0400] {processor.py:650} INFO - DAG(s) dict_keys(['example_dag_decorator']) retrieved from /Users/jl/Documents/Repos/GHC-2022-data-engineering-workshop/venv/lib/python3.8/site-packages/airflow/example_dags/example_dag_decorator.py
[2022-08-29T20:38:25.378-0400] {logging_mixin.py:115} INFO - [2022-08-29T20:38:25.378-0400] {dag.py:2429} INFO - Sync 1 DAGs
[2022-08-29T20:38:25.485-0400] {logging_mixin.py:115} INFO - [2022-08-29T20:38:25.485-0400] {dag.py:2977} INFO - Setting next_dagrun for example_dag_decorator to None, run_after=None
[2022-08-29T20:38:25.504-0400] {processor.py:161} INFO - Processing /Users/jl/Documents/Repos/GHC-2022-data-engineering-workshop/venv/lib/python3.8/site-packages/airflow/example_dags/example_dag_decorator.py took 2.069 seconds
[2022-08-29T20:40:18.885-0400] {processor.py:153} INFO - Started process (PID=16664) to work on /Users/jl/Documents/Repos/GHC-2022-data-engineering-workshop/venv/lib/python3.8/site-packages/airflow/example_dags/example_dag_decorator.py
[2022-08-29T20:40:18.895-0400] {processor.py:640} INFO - Processing file /Users/jl/Documents/Repos/GHC-2022-data-engineering-workshop/venv/lib/python3.8/site-packages/airflow/example_dags/example_dag_decorator.py for tasks to queue
[2022-08-29T20:40:18.895-0400] {logging_mixin.py:115} INFO - [2022-08-29T20:40:18.895-0400] {dagbag.py:508} INFO - Filling up the DagBag from /Users/jl/Documents/Repos/GHC-2022-data-engineering-workshop/venv/lib/python3.8/site-packages/airflow/example_dags/example_dag_decorator.py
[2022-08-29T20:40:19.140-0400] {processor.py:650} INFO - DAG(s) dict_keys(['example_dag_decorator']) retrieved from /Users/jl/Documents/Repos/GHC-2022-data-engineering-workshop/venv/lib/python3.8/site-packages/airflow/example_dags/example_dag_decorator.py
[2022-08-29T20:40:19.669-0400] {logging_mixin.py:115} INFO - [2022-08-29T20:40:19.669-0400] {dag.py:2429} INFO - Sync 1 DAGs
[2022-08-29T20:40:19.687-0400] {logging_mixin.py:115} INFO - [2022-08-29T20:40:19.687-0400] {dag.py:2977} INFO - Setting next_dagrun for example_dag_decorator to None, run_after=None
[2022-08-29T20:40:19.703-0400] {processor.py:161} INFO - Processing /Users/jl/Documents/Repos/GHC-2022-data-engineering-workshop/venv/lib/python3.8/site-packages/airflow/example_dags/example_dag_decorator.py took 0.819 seconds
[2022-08-29T20:42:05.627-0400] {processor.py:153} INFO - Started process (PID=16759) to work on /Users/jl/Documents/Repos/GHC-2022-data-engineering-workshop/venv/lib/python3.8/site-packages/airflow/example_dags/example_dag_decorator.py
[2022-08-29T20:42:05.638-0400] {processor.py:640} INFO - Processing file /Users/jl/Documents/Repos/GHC-2022-data-engineering-workshop/venv/lib/python3.8/site-packages/airflow/example_dags/example_dag_decorator.py for tasks to queue
[2022-08-29T20:42:05.639-0400] {logging_mixin.py:115} INFO - [2022-08-29T20:42:05.638-0400] {dagbag.py:508} INFO - Filling up the DagBag from /Users/jl/Documents/Repos/GHC-2022-data-engineering-workshop/venv/lib/python3.8/site-packages/airflow/example_dags/example_dag_decorator.py
[2022-08-29T20:42:05.911-0400] {processor.py:650} INFO - DAG(s) dict_keys(['example_dag_decorator']) retrieved from /Users/jl/Documents/Repos/GHC-2022-data-engineering-workshop/venv/lib/python3.8/site-packages/airflow/example_dags/example_dag_decorator.py
[2022-08-29T20:42:06.472-0400] {logging_mixin.py:115} INFO - [2022-08-29T20:42:06.471-0400] {dag.py:2429} INFO - Sync 1 DAGs
[2022-08-29T20:42:06.490-0400] {logging_mixin.py:115} INFO - [2022-08-29T20:42:06.490-0400] {dag.py:2977} INFO - Setting next_dagrun for example_dag_decorator to None, run_after=None
[2022-08-29T20:42:06.508-0400] {processor.py:161} INFO - Processing /Users/jl/Documents/Repos/GHC-2022-data-engineering-workshop/venv/lib/python3.8/site-packages/airflow/example_dags/example_dag_decorator.py took 0.883 seconds
[2022-08-29T20:44:00.172-0400] {processor.py:153} INFO - Started process (PID=16862) to work on /Users/jl/Documents/Repos/GHC-2022-data-engineering-workshop/venv/lib/python3.8/site-packages/airflow/example_dags/example_dag_decorator.py
[2022-08-29T20:44:00.186-0400] {processor.py:640} INFO - Processing file /Users/jl/Documents/Repos/GHC-2022-data-engineering-workshop/venv/lib/python3.8/site-packages/airflow/example_dags/example_dag_decorator.py for tasks to queue
[2022-08-29T20:44:00.187-0400] {logging_mixin.py:115} INFO - [2022-08-29T20:44:00.187-0400] {dagbag.py:508} INFO - Filling up the DagBag from /Users/jl/Documents/Repos/GHC-2022-data-engineering-workshop/venv/lib/python3.8/site-packages/airflow/example_dags/example_dag_decorator.py
[2022-08-29T20:44:00.483-0400] {processor.py:650} INFO - DAG(s) dict_keys(['example_dag_decorator']) retrieved from /Users/jl/Documents/Repos/GHC-2022-data-engineering-workshop/venv/lib/python3.8/site-packages/airflow/example_dags/example_dag_decorator.py
[2022-08-29T20:44:01.341-0400] {logging_mixin.py:115} INFO - [2022-08-29T20:44:01.340-0400] {dag.py:2429} INFO - Sync 1 DAGs
[2022-08-29T20:44:01.358-0400] {logging_mixin.py:115} INFO - [2022-08-29T20:44:01.358-0400] {dag.py:2977} INFO - Setting next_dagrun for example_dag_decorator to None, run_after=None
[2022-08-29T20:44:01.374-0400] {processor.py:161} INFO - Processing /Users/jl/Documents/Repos/GHC-2022-data-engineering-workshop/venv/lib/python3.8/site-packages/airflow/example_dags/example_dag_decorator.py took 1.204 seconds
[2022-08-29T20:45:52.255-0400] {processor.py:153} INFO - Started process (PID=16964) to work on /Users/jl/Documents/Repos/GHC-2022-data-engineering-workshop/venv/lib/python3.8/site-packages/airflow/example_dags/example_dag_decorator.py
[2022-08-29T20:45:52.265-0400] {processor.py:640} INFO - Processing file /Users/jl/Documents/Repos/GHC-2022-data-engineering-workshop/venv/lib/python3.8/site-packages/airflow/example_dags/example_dag_decorator.py for tasks to queue
[2022-08-29T20:45:52.266-0400] {logging_mixin.py:115} INFO - [2022-08-29T20:45:52.266-0400] {dagbag.py:508} INFO - Filling up the DagBag from /Users/jl/Documents/Repos/GHC-2022-data-engineering-workshop/venv/lib/python3.8/site-packages/airflow/example_dags/example_dag_decorator.py
[2022-08-29T20:45:52.524-0400] {processor.py:650} INFO - DAG(s) dict_keys(['example_dag_decorator']) retrieved from /Users/jl/Documents/Repos/GHC-2022-data-engineering-workshop/venv/lib/python3.8/site-packages/airflow/example_dags/example_dag_decorator.py
[2022-08-29T20:45:53.050-0400] {logging_mixin.py:115} INFO - [2022-08-29T20:45:53.050-0400] {dag.py:2429} INFO - Sync 1 DAGs
[2022-08-29T20:45:53.068-0400] {logging_mixin.py:115} INFO - [2022-08-29T20:45:53.068-0400] {dag.py:2977} INFO - Setting next_dagrun for example_dag_decorator to None, run_after=None
[2022-08-29T20:45:53.084-0400] {processor.py:161} INFO - Processing /Users/jl/Documents/Repos/GHC-2022-data-engineering-workshop/venv/lib/python3.8/site-packages/airflow/example_dags/example_dag_decorator.py took 0.830 seconds
[2022-08-29T20:47:35.398-0400] {processor.py:153} INFO - Started process (PID=17057) to work on /Users/jl/Documents/Repos/GHC-2022-data-engineering-workshop/venv/lib/python3.8/site-packages/airflow/example_dags/example_dag_decorator.py
[2022-08-29T20:47:35.408-0400] {processor.py:640} INFO - Processing file /Users/jl/Documents/Repos/GHC-2022-data-engineering-workshop/venv/lib/python3.8/site-packages/airflow/example_dags/example_dag_decorator.py for tasks to queue
[2022-08-29T20:47:35.409-0400] {logging_mixin.py:115} INFO - [2022-08-29T20:47:35.409-0400] {dagbag.py:508} INFO - Filling up the DagBag from /Users/jl/Documents/Repos/GHC-2022-data-engineering-workshop/venv/lib/python3.8/site-packages/airflow/example_dags/example_dag_decorator.py
[2022-08-29T20:47:35.807-0400] {processor.py:650} INFO - DAG(s) dict_keys(['example_dag_decorator']) retrieved from /Users/jl/Documents/Repos/GHC-2022-data-engineering-workshop/venv/lib/python3.8/site-packages/airflow/example_dags/example_dag_decorator.py
[2022-08-29T20:47:36.625-0400] {logging_mixin.py:115} INFO - [2022-08-29T20:47:36.624-0400] {dag.py:2429} INFO - Sync 1 DAGs
[2022-08-29T20:47:36.644-0400] {logging_mixin.py:115} INFO - [2022-08-29T20:47:36.644-0400] {dag.py:2977} INFO - Setting next_dagrun for example_dag_decorator to None, run_after=None
[2022-08-29T20:47:36.661-0400] {processor.py:161} INFO - Processing /Users/jl/Documents/Repos/GHC-2022-data-engineering-workshop/venv/lib/python3.8/site-packages/airflow/example_dags/example_dag_decorator.py took 1.265 seconds
[2022-08-29T20:49:27.774-0400] {processor.py:153} INFO - Started process (PID=17155) to work on /Users/jl/Documents/Repos/GHC-2022-data-engineering-workshop/venv/lib/python3.8/site-packages/airflow/example_dags/example_dag_decorator.py
[2022-08-29T20:49:27.785-0400] {processor.py:640} INFO - Processing file /Users/jl/Documents/Repos/GHC-2022-data-engineering-workshop/venv/lib/python3.8/site-packages/airflow/example_dags/example_dag_decorator.py for tasks to queue
[2022-08-29T20:49:27.786-0400] {logging_mixin.py:115} INFO - [2022-08-29T20:49:27.786-0400] {dagbag.py:508} INFO - Filling up the DagBag from /Users/jl/Documents/Repos/GHC-2022-data-engineering-workshop/venv/lib/python3.8/site-packages/airflow/example_dags/example_dag_decorator.py
[2022-08-29T20:49:28.032-0400] {processor.py:650} INFO - DAG(s) dict_keys(['example_dag_decorator']) retrieved from /Users/jl/Documents/Repos/GHC-2022-data-engineering-workshop/venv/lib/python3.8/site-packages/airflow/example_dags/example_dag_decorator.py
[2022-08-29T20:49:28.564-0400] {logging_mixin.py:115} INFO - [2022-08-29T20:49:28.563-0400] {dag.py:2429} INFO - Sync 1 DAGs
[2022-08-29T20:49:28.582-0400] {logging_mixin.py:115} INFO - [2022-08-29T20:49:28.581-0400] {dag.py:2977} INFO - Setting next_dagrun for example_dag_decorator to None, run_after=None
[2022-08-29T20:49:28.598-0400] {processor.py:161} INFO - Processing /Users/jl/Documents/Repos/GHC-2022-data-engineering-workshop/venv/lib/python3.8/site-packages/airflow/example_dags/example_dag_decorator.py took 0.825 seconds
[2022-08-29T20:51:04.334-0400] {processor.py:153} INFO - Started process (PID=17243) to work on /Users/jl/Documents/Repos/GHC-2022-data-engineering-workshop/venv/lib/python3.8/site-packages/airflow/example_dags/example_dag_decorator.py
[2022-08-29T20:51:04.343-0400] {processor.py:640} INFO - Processing file /Users/jl/Documents/Repos/GHC-2022-data-engineering-workshop/venv/lib/python3.8/site-packages/airflow/example_dags/example_dag_decorator.py for tasks to queue
[2022-08-29T20:51:04.343-0400] {logging_mixin.py:115} INFO - [2022-08-29T20:51:04.343-0400] {dagbag.py:508} INFO - Filling up the DagBag from /Users/jl/Documents/Repos/GHC-2022-data-engineering-workshop/venv/lib/python3.8/site-packages/airflow/example_dags/example_dag_decorator.py
[2022-08-29T20:51:04.584-0400] {processor.py:650} INFO - DAG(s) dict_keys(['example_dag_decorator']) retrieved from /Users/jl/Documents/Repos/GHC-2022-data-engineering-workshop/venv/lib/python3.8/site-packages/airflow/example_dags/example_dag_decorator.py
[2022-08-29T20:51:05.105-0400] {logging_mixin.py:115} INFO - [2022-08-29T20:51:05.104-0400] {dag.py:2429} INFO - Sync 1 DAGs
[2022-08-29T20:51:05.123-0400] {logging_mixin.py:115} INFO - [2022-08-29T20:51:05.123-0400] {dag.py:2977} INFO - Setting next_dagrun for example_dag_decorator to None, run_after=None
[2022-08-29T20:51:05.139-0400] {processor.py:161} INFO - Processing /Users/jl/Documents/Repos/GHC-2022-data-engineering-workshop/venv/lib/python3.8/site-packages/airflow/example_dags/example_dag_decorator.py took 0.806 seconds
[2022-08-29T20:52:41.572-0400] {processor.py:153} INFO - Started process (PID=17334) to work on /Users/jl/Documents/Repos/GHC-2022-data-engineering-workshop/venv/lib/python3.8/site-packages/airflow/example_dags/example_dag_decorator.py
[2022-08-29T20:52:41.580-0400] {processor.py:640} INFO - Processing file /Users/jl/Documents/Repos/GHC-2022-data-engineering-workshop/venv/lib/python3.8/site-packages/airflow/example_dags/example_dag_decorator.py for tasks to queue
[2022-08-29T20:52:41.581-0400] {logging_mixin.py:115} INFO - [2022-08-29T20:52:41.581-0400] {dagbag.py:508} INFO - Filling up the DagBag from /Users/jl/Documents/Repos/GHC-2022-data-engineering-workshop/venv/lib/python3.8/site-packages/airflow/example_dags/example_dag_decorator.py
[2022-08-29T20:52:41.826-0400] {processor.py:650} INFO - DAG(s) dict_keys(['example_dag_decorator']) retrieved from /Users/jl/Documents/Repos/GHC-2022-data-engineering-workshop/venv/lib/python3.8/site-packages/airflow/example_dags/example_dag_decorator.py
[2022-08-29T20:52:42.354-0400] {logging_mixin.py:115} INFO - [2022-08-29T20:52:42.353-0400] {dag.py:2429} INFO - Sync 1 DAGs
[2022-08-29T20:52:42.372-0400] {logging_mixin.py:115} INFO - [2022-08-29T20:52:42.372-0400] {dag.py:2977} INFO - Setting next_dagrun for example_dag_decorator to None, run_after=None
[2022-08-29T20:52:42.387-0400] {processor.py:161} INFO - Processing /Users/jl/Documents/Repos/GHC-2022-data-engineering-workshop/venv/lib/python3.8/site-packages/airflow/example_dags/example_dag_decorator.py took 0.816 seconds
[2022-08-29T20:54:46.495-0400] {processor.py:153} INFO - Started process (PID=17434) to work on /Users/jl/Documents/Repos/GHC-2022-data-engineering-workshop/venv/lib/python3.8/site-packages/airflow/example_dags/example_dag_decorator.py
[2022-08-29T20:54:46.506-0400] {processor.py:640} INFO - Processing file /Users/jl/Documents/Repos/GHC-2022-data-engineering-workshop/venv/lib/python3.8/site-packages/airflow/example_dags/example_dag_decorator.py for tasks to queue
[2022-08-29T20:54:46.507-0400] {logging_mixin.py:115} INFO - [2022-08-29T20:54:46.506-0400] {dagbag.py:508} INFO - Filling up the DagBag from /Users/jl/Documents/Repos/GHC-2022-data-engineering-workshop/venv/lib/python3.8/site-packages/airflow/example_dags/example_dag_decorator.py
[2022-08-29T20:54:46.763-0400] {processor.py:650} INFO - DAG(s) dict_keys(['example_dag_decorator']) retrieved from /Users/jl/Documents/Repos/GHC-2022-data-engineering-workshop/venv/lib/python3.8/site-packages/airflow/example_dags/example_dag_decorator.py
[2022-08-29T20:54:47.371-0400] {logging_mixin.py:115} INFO - [2022-08-29T20:54:47.371-0400] {dag.py:2429} INFO - Sync 1 DAGs
[2022-08-29T20:54:47.398-0400] {logging_mixin.py:115} INFO - [2022-08-29T20:54:47.398-0400] {dag.py:2977} INFO - Setting next_dagrun for example_dag_decorator to None, run_after=None
[2022-08-29T20:54:47.422-0400] {processor.py:161} INFO - Processing /Users/jl/Documents/Repos/GHC-2022-data-engineering-workshop/venv/lib/python3.8/site-packages/airflow/example_dags/example_dag_decorator.py took 0.928 seconds
[2022-08-29T20:56:32.334-0400] {processor.py:153} INFO - Started process (PID=17524) to work on /Users/jl/Documents/Repos/GHC-2022-data-engineering-workshop/venv/lib/python3.8/site-packages/airflow/example_dags/example_dag_decorator.py
[2022-08-29T20:56:32.342-0400] {processor.py:640} INFO - Processing file /Users/jl/Documents/Repos/GHC-2022-data-engineering-workshop/venv/lib/python3.8/site-packages/airflow/example_dags/example_dag_decorator.py for tasks to queue
[2022-08-29T20:56:32.343-0400] {logging_mixin.py:115} INFO - [2022-08-29T20:56:32.343-0400] {dagbag.py:508} INFO - Filling up the DagBag from /Users/jl/Documents/Repos/GHC-2022-data-engineering-workshop/venv/lib/python3.8/site-packages/airflow/example_dags/example_dag_decorator.py
[2022-08-29T20:56:32.582-0400] {processor.py:650} INFO - DAG(s) dict_keys(['example_dag_decorator']) retrieved from /Users/jl/Documents/Repos/GHC-2022-data-engineering-workshop/venv/lib/python3.8/site-packages/airflow/example_dags/example_dag_decorator.py
[2022-08-29T20:56:33.105-0400] {logging_mixin.py:115} INFO - [2022-08-29T20:56:33.104-0400] {dag.py:2429} INFO - Sync 1 DAGs
[2022-08-29T20:56:33.123-0400] {logging_mixin.py:115} INFO - [2022-08-29T20:56:33.123-0400] {dag.py:2977} INFO - Setting next_dagrun for example_dag_decorator to None, run_after=None
[2022-08-29T20:56:33.139-0400] {processor.py:161} INFO - Processing /Users/jl/Documents/Repos/GHC-2022-data-engineering-workshop/venv/lib/python3.8/site-packages/airflow/example_dags/example_dag_decorator.py took 0.806 seconds
[2022-08-29T20:58:44.693-0400] {processor.py:153} INFO - Started process (PID=17638) to work on /Users/jl/Documents/Repos/GHC-2022-data-engineering-workshop/venv/lib/python3.8/site-packages/airflow/example_dags/example_dag_decorator.py
[2022-08-29T20:58:44.703-0400] {processor.py:640} INFO - Processing file /Users/jl/Documents/Repos/GHC-2022-data-engineering-workshop/venv/lib/python3.8/site-packages/airflow/example_dags/example_dag_decorator.py for tasks to queue
[2022-08-29T20:58:44.704-0400] {logging_mixin.py:115} INFO - [2022-08-29T20:58:44.704-0400] {dagbag.py:508} INFO - Filling up the DagBag from /Users/jl/Documents/Repos/GHC-2022-data-engineering-workshop/venv/lib/python3.8/site-packages/airflow/example_dags/example_dag_decorator.py
[2022-08-29T20:58:44.999-0400] {processor.py:650} INFO - DAG(s) dict_keys(['example_dag_decorator']) retrieved from /Users/jl/Documents/Repos/GHC-2022-data-engineering-workshop/venv/lib/python3.8/site-packages/airflow/example_dags/example_dag_decorator.py
[2022-08-29T20:58:45.690-0400] {logging_mixin.py:115} INFO - [2022-08-29T20:58:45.690-0400] {dag.py:2429} INFO - Sync 1 DAGs
[2022-08-29T20:58:45.714-0400] {logging_mixin.py:115} INFO - [2022-08-29T20:58:45.714-0400] {dag.py:2977} INFO - Setting next_dagrun for example_dag_decorator to None, run_after=None
[2022-08-29T20:58:45.736-0400] {processor.py:161} INFO - Processing /Users/jl/Documents/Repos/GHC-2022-data-engineering-workshop/venv/lib/python3.8/site-packages/airflow/example_dags/example_dag_decorator.py took 1.044 seconds
[2022-08-29T21:00:52.286-0400] {processor.py:153} INFO - Started process (PID=17781) to work on /Users/jl/Documents/Repos/GHC-2022-data-engineering-workshop/venv/lib/python3.8/site-packages/airflow/example_dags/example_dag_decorator.py
[2022-08-29T21:00:52.295-0400] {processor.py:640} INFO - Processing file /Users/jl/Documents/Repos/GHC-2022-data-engineering-workshop/venv/lib/python3.8/site-packages/airflow/example_dags/example_dag_decorator.py for tasks to queue
[2022-08-29T21:00:52.296-0400] {logging_mixin.py:115} INFO - [2022-08-29T21:00:52.296-0400] {dagbag.py:508} INFO - Filling up the DagBag from /Users/jl/Documents/Repos/GHC-2022-data-engineering-workshop/venv/lib/python3.8/site-packages/airflow/example_dags/example_dag_decorator.py
[2022-08-29T21:00:52.686-0400] {processor.py:650} INFO - DAG(s) dict_keys(['example_dag_decorator']) retrieved from /Users/jl/Documents/Repos/GHC-2022-data-engineering-workshop/venv/lib/python3.8/site-packages/airflow/example_dags/example_dag_decorator.py
[2022-08-29T21:00:53.503-0400] {logging_mixin.py:115} INFO - [2022-08-29T21:00:53.503-0400] {dag.py:2429} INFO - Sync 1 DAGs
[2022-08-29T21:00:53.531-0400] {logging_mixin.py:115} INFO - [2022-08-29T21:00:53.530-0400] {dag.py:2977} INFO - Setting next_dagrun for example_dag_decorator to None, run_after=None
[2022-08-29T21:00:53.564-0400] {processor.py:161} INFO - Processing /Users/jl/Documents/Repos/GHC-2022-data-engineering-workshop/venv/lib/python3.8/site-packages/airflow/example_dags/example_dag_decorator.py took 1.280 seconds
[2022-08-29T21:02:56.669-0400] {processor.py:153} INFO - Started process (PID=17935) to work on /Users/jl/Documents/Repos/GHC-2022-data-engineering-workshop/venv/lib/python3.8/site-packages/airflow/example_dags/example_dag_decorator.py
[2022-08-29T21:02:56.679-0400] {processor.py:640} INFO - Processing file /Users/jl/Documents/Repos/GHC-2022-data-engineering-workshop/venv/lib/python3.8/site-packages/airflow/example_dags/example_dag_decorator.py for tasks to queue
[2022-08-29T21:02:56.680-0400] {logging_mixin.py:115} INFO - [2022-08-29T21:02:56.680-0400] {dagbag.py:508} INFO - Filling up the DagBag from /Users/jl/Documents/Repos/GHC-2022-data-engineering-workshop/venv/lib/python3.8/site-packages/airflow/example_dags/example_dag_decorator.py
[2022-08-29T21:02:56.926-0400] {processor.py:650} INFO - DAG(s) dict_keys(['example_dag_decorator']) retrieved from /Users/jl/Documents/Repos/GHC-2022-data-engineering-workshop/venv/lib/python3.8/site-packages/airflow/example_dags/example_dag_decorator.py
[2022-08-29T21:02:57.451-0400] {logging_mixin.py:115} INFO - [2022-08-29T21:02:57.450-0400] {dag.py:2429} INFO - Sync 1 DAGs
[2022-08-29T21:02:57.469-0400] {logging_mixin.py:115} INFO - [2022-08-29T21:02:57.468-0400] {dag.py:2977} INFO - Setting next_dagrun for example_dag_decorator to None, run_after=None
[2022-08-29T21:02:57.484-0400] {processor.py:161} INFO - Processing /Users/jl/Documents/Repos/GHC-2022-data-engineering-workshop/venv/lib/python3.8/site-packages/airflow/example_dags/example_dag_decorator.py took 0.816 seconds
[2022-08-29T21:04:33.498-0400] {processor.py:153} INFO - Started process (PID=18020) to work on /Users/jl/Documents/Repos/GHC-2022-data-engineering-workshop/venv/lib/python3.8/site-packages/airflow/example_dags/example_dag_decorator.py
[2022-08-29T21:04:33.506-0400] {processor.py:640} INFO - Processing file /Users/jl/Documents/Repos/GHC-2022-data-engineering-workshop/venv/lib/python3.8/site-packages/airflow/example_dags/example_dag_decorator.py for tasks to queue
[2022-08-29T21:04:33.507-0400] {logging_mixin.py:115} INFO - [2022-08-29T21:04:33.506-0400] {dagbag.py:508} INFO - Filling up the DagBag from /Users/jl/Documents/Repos/GHC-2022-data-engineering-workshop/venv/lib/python3.8/site-packages/airflow/example_dags/example_dag_decorator.py
[2022-08-29T21:04:33.750-0400] {processor.py:650} INFO - DAG(s) dict_keys(['example_dag_decorator']) retrieved from /Users/jl/Documents/Repos/GHC-2022-data-engineering-workshop/venv/lib/python3.8/site-packages/airflow/example_dags/example_dag_decorator.py
[2022-08-29T21:04:34.277-0400] {logging_mixin.py:115} INFO - [2022-08-29T21:04:34.276-0400] {dag.py:2429} INFO - Sync 1 DAGs
[2022-08-29T21:04:34.296-0400] {logging_mixin.py:115} INFO - [2022-08-29T21:04:34.296-0400] {dag.py:2977} INFO - Setting next_dagrun for example_dag_decorator to None, run_after=None
[2022-08-29T21:04:34.312-0400] {processor.py:161} INFO - Processing /Users/jl/Documents/Repos/GHC-2022-data-engineering-workshop/venv/lib/python3.8/site-packages/airflow/example_dags/example_dag_decorator.py took 0.816 seconds
[2022-08-29T21:06:08.726-0400] {processor.py:153} INFO - Started process (PID=18106) to work on /Users/jl/Documents/Repos/GHC-2022-data-engineering-workshop/venv/lib/python3.8/site-packages/airflow/example_dags/example_dag_decorator.py
[2022-08-29T21:06:08.735-0400] {processor.py:640} INFO - Processing file /Users/jl/Documents/Repos/GHC-2022-data-engineering-workshop/venv/lib/python3.8/site-packages/airflow/example_dags/example_dag_decorator.py for tasks to queue
[2022-08-29T21:06:08.735-0400] {logging_mixin.py:115} INFO - [2022-08-29T21:06:08.735-0400] {dagbag.py:508} INFO - Filling up the DagBag from /Users/jl/Documents/Repos/GHC-2022-data-engineering-workshop/venv/lib/python3.8/site-packages/airflow/example_dags/example_dag_decorator.py
[2022-08-29T21:06:08.983-0400] {processor.py:650} INFO - DAG(s) dict_keys(['example_dag_decorator']) retrieved from /Users/jl/Documents/Repos/GHC-2022-data-engineering-workshop/venv/lib/python3.8/site-packages/airflow/example_dags/example_dag_decorator.py
[2022-08-29T21:06:09.511-0400] {logging_mixin.py:115} INFO - [2022-08-29T21:06:09.511-0400] {dag.py:2429} INFO - Sync 1 DAGs
[2022-08-29T21:06:09.530-0400] {logging_mixin.py:115} INFO - [2022-08-29T21:06:09.530-0400] {dag.py:2977} INFO - Setting next_dagrun for example_dag_decorator to None, run_after=None
[2022-08-29T21:06:09.546-0400] {processor.py:161} INFO - Processing /Users/jl/Documents/Repos/GHC-2022-data-engineering-workshop/venv/lib/python3.8/site-packages/airflow/example_dags/example_dag_decorator.py took 0.822 seconds
[2022-08-29T21:07:41.400-0400] {processor.py:153} INFO - Started process (PID=18190) to work on /Users/jl/Documents/Repos/GHC-2022-data-engineering-workshop/venv/lib/python3.8/site-packages/airflow/example_dags/example_dag_decorator.py
[2022-08-29T21:07:41.408-0400] {processor.py:640} INFO - Processing file /Users/jl/Documents/Repos/GHC-2022-data-engineering-workshop/venv/lib/python3.8/site-packages/airflow/example_dags/example_dag_decorator.py for tasks to queue
[2022-08-29T21:07:41.409-0400] {logging_mixin.py:115} INFO - [2022-08-29T21:07:41.409-0400] {dagbag.py:508} INFO - Filling up the DagBag from /Users/jl/Documents/Repos/GHC-2022-data-engineering-workshop/venv/lib/python3.8/site-packages/airflow/example_dags/example_dag_decorator.py
[2022-08-29T21:07:41.650-0400] {processor.py:650} INFO - DAG(s) dict_keys(['example_dag_decorator']) retrieved from /Users/jl/Documents/Repos/GHC-2022-data-engineering-workshop/venv/lib/python3.8/site-packages/airflow/example_dags/example_dag_decorator.py
[2022-08-29T21:07:42.190-0400] {logging_mixin.py:115} INFO - [2022-08-29T21:07:42.190-0400] {dag.py:2429} INFO - Sync 1 DAGs
[2022-08-29T21:07:42.208-0400] {logging_mixin.py:115} INFO - [2022-08-29T21:07:42.208-0400] {dag.py:2977} INFO - Setting next_dagrun for example_dag_decorator to None, run_after=None
[2022-08-29T21:07:42.225-0400] {processor.py:161} INFO - Processing /Users/jl/Documents/Repos/GHC-2022-data-engineering-workshop/venv/lib/python3.8/site-packages/airflow/example_dags/example_dag_decorator.py took 0.826 seconds
[2022-08-29T21:09:20.665-0400] {processor.py:153} INFO - Started process (PID=18281) to work on /Users/jl/Documents/Repos/GHC-2022-data-engineering-workshop/venv/lib/python3.8/site-packages/airflow/example_dags/example_dag_decorator.py
[2022-08-29T21:09:20.674-0400] {processor.py:640} INFO - Processing file /Users/jl/Documents/Repos/GHC-2022-data-engineering-workshop/venv/lib/python3.8/site-packages/airflow/example_dags/example_dag_decorator.py for tasks to queue
[2022-08-29T21:09:20.674-0400] {logging_mixin.py:115} INFO - [2022-08-29T21:09:20.674-0400] {dagbag.py:508} INFO - Filling up the DagBag from /Users/jl/Documents/Repos/GHC-2022-data-engineering-workshop/venv/lib/python3.8/site-packages/airflow/example_dags/example_dag_decorator.py
[2022-08-29T21:09:20.915-0400] {processor.py:650} INFO - DAG(s) dict_keys(['example_dag_decorator']) retrieved from /Users/jl/Documents/Repos/GHC-2022-data-engineering-workshop/venv/lib/python3.8/site-packages/airflow/example_dags/example_dag_decorator.py
[2022-08-29T21:09:21.452-0400] {logging_mixin.py:115} INFO - [2022-08-29T21:09:21.452-0400] {dag.py:2429} INFO - Sync 1 DAGs
[2022-08-29T21:09:21.470-0400] {logging_mixin.py:115} INFO - [2022-08-29T21:09:21.470-0400] {dag.py:2977} INFO - Setting next_dagrun for example_dag_decorator to None, run_after=None
[2022-08-29T21:09:21.486-0400] {processor.py:161} INFO - Processing /Users/jl/Documents/Repos/GHC-2022-data-engineering-workshop/venv/lib/python3.8/site-packages/airflow/example_dags/example_dag_decorator.py took 0.822 seconds
[2022-08-29T21:11:01.336-0400] {processor.py:153} INFO - Started process (PID=18368) to work on /Users/jl/Documents/Repos/GHC-2022-data-engineering-workshop/venv/lib/python3.8/site-packages/airflow/example_dags/example_dag_decorator.py
[2022-08-29T21:11:01.345-0400] {processor.py:640} INFO - Processing file /Users/jl/Documents/Repos/GHC-2022-data-engineering-workshop/venv/lib/python3.8/site-packages/airflow/example_dags/example_dag_decorator.py for tasks to queue
[2022-08-29T21:11:01.345-0400] {logging_mixin.py:115} INFO - [2022-08-29T21:11:01.345-0400] {dagbag.py:508} INFO - Filling up the DagBag from /Users/jl/Documents/Repos/GHC-2022-data-engineering-workshop/venv/lib/python3.8/site-packages/airflow/example_dags/example_dag_decorator.py
[2022-08-29T21:11:01.585-0400] {processor.py:650} INFO - DAG(s) dict_keys(['example_dag_decorator']) retrieved from /Users/jl/Documents/Repos/GHC-2022-data-engineering-workshop/venv/lib/python3.8/site-packages/airflow/example_dags/example_dag_decorator.py
[2022-08-29T21:11:02.108-0400] {logging_mixin.py:115} INFO - [2022-08-29T21:11:02.108-0400] {dag.py:2429} INFO - Sync 1 DAGs
[2022-08-29T21:11:02.126-0400] {logging_mixin.py:115} INFO - [2022-08-29T21:11:02.126-0400] {dag.py:2977} INFO - Setting next_dagrun for example_dag_decorator to None, run_after=None
[2022-08-29T21:11:02.142-0400] {processor.py:161} INFO - Processing /Users/jl/Documents/Repos/GHC-2022-data-engineering-workshop/venv/lib/python3.8/site-packages/airflow/example_dags/example_dag_decorator.py took 0.807 seconds
[2022-08-29T21:12:45.738-0400] {processor.py:153} INFO - Started process (PID=18470) to work on /Users/jl/Documents/Repos/GHC-2022-data-engineering-workshop/venv/lib/python3.8/site-packages/airflow/example_dags/example_dag_decorator.py
[2022-08-29T21:12:45.746-0400] {processor.py:640} INFO - Processing file /Users/jl/Documents/Repos/GHC-2022-data-engineering-workshop/venv/lib/python3.8/site-packages/airflow/example_dags/example_dag_decorator.py for tasks to queue
[2022-08-29T21:12:45.747-0400] {logging_mixin.py:115} INFO - [2022-08-29T21:12:45.747-0400] {dagbag.py:508} INFO - Filling up the DagBag from /Users/jl/Documents/Repos/GHC-2022-data-engineering-workshop/venv/lib/python3.8/site-packages/airflow/example_dags/example_dag_decorator.py
[2022-08-29T21:12:46.045-0400] {processor.py:650} INFO - DAG(s) dict_keys(['example_dag_decorator']) retrieved from /Users/jl/Documents/Repos/GHC-2022-data-engineering-workshop/venv/lib/python3.8/site-packages/airflow/example_dags/example_dag_decorator.py
[2022-08-29T21:12:46.688-0400] {logging_mixin.py:115} INFO - [2022-08-29T21:12:46.684-0400] {dag.py:2429} INFO - Sync 1 DAGs
[2022-08-29T21:12:46.720-0400] {logging_mixin.py:115} INFO - [2022-08-29T21:12:46.718-0400] {dag.py:2977} INFO - Setting next_dagrun for example_dag_decorator to None, run_after=None
[2022-08-29T21:12:46.743-0400] {processor.py:161} INFO - Processing /Users/jl/Documents/Repos/GHC-2022-data-engineering-workshop/venv/lib/python3.8/site-packages/airflow/example_dags/example_dag_decorator.py took 1.006 seconds
[2022-08-29T21:14:39.137-0400] {processor.py:153} INFO - Started process (PID=18593) to work on /Users/jl/Documents/Repos/GHC-2022-data-engineering-workshop/venv/lib/python3.8/site-packages/airflow/example_dags/example_dag_decorator.py
[2022-08-29T21:14:39.147-0400] {processor.py:640} INFO - Processing file /Users/jl/Documents/Repos/GHC-2022-data-engineering-workshop/venv/lib/python3.8/site-packages/airflow/example_dags/example_dag_decorator.py for tasks to queue
[2022-08-29T21:14:39.148-0400] {logging_mixin.py:115} INFO - [2022-08-29T21:14:39.148-0400] {dagbag.py:508} INFO - Filling up the DagBag from /Users/jl/Documents/Repos/GHC-2022-data-engineering-workshop/venv/lib/python3.8/site-packages/airflow/example_dags/example_dag_decorator.py
[2022-08-29T21:14:39.394-0400] {processor.py:650} INFO - DAG(s) dict_keys(['example_dag_decorator']) retrieved from /Users/jl/Documents/Repos/GHC-2022-data-engineering-workshop/venv/lib/python3.8/site-packages/airflow/example_dags/example_dag_decorator.py
[2022-08-29T21:14:39.918-0400] {logging_mixin.py:115} INFO - [2022-08-29T21:14:39.918-0400] {dag.py:2429} INFO - Sync 1 DAGs
[2022-08-29T21:14:39.937-0400] {logging_mixin.py:115} INFO - [2022-08-29T21:14:39.936-0400] {dag.py:2977} INFO - Setting next_dagrun for example_dag_decorator to None, run_after=None
[2022-08-29T21:14:39.952-0400] {processor.py:161} INFO - Processing /Users/jl/Documents/Repos/GHC-2022-data-engineering-workshop/venv/lib/python3.8/site-packages/airflow/example_dags/example_dag_decorator.py took 0.816 seconds
[2022-08-29T21:16:13.331-0400] {processor.py:153} INFO - Started process (PID=18677) to work on /Users/jl/Documents/Repos/GHC-2022-data-engineering-workshop/venv/lib/python3.8/site-packages/airflow/example_dags/example_dag_decorator.py
[2022-08-29T21:16:13.340-0400] {processor.py:640} INFO - Processing file /Users/jl/Documents/Repos/GHC-2022-data-engineering-workshop/venv/lib/python3.8/site-packages/airflow/example_dags/example_dag_decorator.py for tasks to queue
[2022-08-29T21:16:13.340-0400] {logging_mixin.py:115} INFO - [2022-08-29T21:16:13.340-0400] {dagbag.py:508} INFO - Filling up the DagBag from /Users/jl/Documents/Repos/GHC-2022-data-engineering-workshop/venv/lib/python3.8/site-packages/airflow/example_dags/example_dag_decorator.py
[2022-08-29T21:16:13.581-0400] {processor.py:650} INFO - DAG(s) dict_keys(['example_dag_decorator']) retrieved from /Users/jl/Documents/Repos/GHC-2022-data-engineering-workshop/venv/lib/python3.8/site-packages/airflow/example_dags/example_dag_decorator.py
[2022-08-29T21:16:14.108-0400] {logging_mixin.py:115} INFO - [2022-08-29T21:16:14.107-0400] {dag.py:2429} INFO - Sync 1 DAGs
[2022-08-29T21:16:14.126-0400] {logging_mixin.py:115} INFO - [2022-08-29T21:16:14.125-0400] {dag.py:2977} INFO - Setting next_dagrun for example_dag_decorator to None, run_after=None
[2022-08-29T21:16:14.141-0400] {processor.py:161} INFO - Processing /Users/jl/Documents/Repos/GHC-2022-data-engineering-workshop/venv/lib/python3.8/site-packages/airflow/example_dags/example_dag_decorator.py took 0.810 seconds
[2022-08-29T21:17:44.642-0400] {processor.py:153} INFO - Started process (PID=18766) to work on /Users/jl/Documents/Repos/GHC-2022-data-engineering-workshop/venv/lib/python3.8/site-packages/airflow/example_dags/example_dag_decorator.py
[2022-08-29T21:17:44.650-0400] {processor.py:640} INFO - Processing file /Users/jl/Documents/Repos/GHC-2022-data-engineering-workshop/venv/lib/python3.8/site-packages/airflow/example_dags/example_dag_decorator.py for tasks to queue
[2022-08-29T21:17:44.651-0400] {logging_mixin.py:115} INFO - [2022-08-29T21:17:44.651-0400] {dagbag.py:508} INFO - Filling up the DagBag from /Users/jl/Documents/Repos/GHC-2022-data-engineering-workshop/venv/lib/python3.8/site-packages/airflow/example_dags/example_dag_decorator.py
[2022-08-29T21:17:44.892-0400] {processor.py:650} INFO - DAG(s) dict_keys(['example_dag_decorator']) retrieved from /Users/jl/Documents/Repos/GHC-2022-data-engineering-workshop/venv/lib/python3.8/site-packages/airflow/example_dags/example_dag_decorator.py
[2022-08-29T21:17:45.412-0400] {logging_mixin.py:115} INFO - [2022-08-29T21:17:45.412-0400] {dag.py:2429} INFO - Sync 1 DAGs
[2022-08-29T21:17:45.431-0400] {logging_mixin.py:115} INFO - [2022-08-29T21:17:45.431-0400] {dag.py:2977} INFO - Setting next_dagrun for example_dag_decorator to None, run_after=None
[2022-08-29T21:17:45.447-0400] {processor.py:161} INFO - Processing /Users/jl/Documents/Repos/GHC-2022-data-engineering-workshop/venv/lib/python3.8/site-packages/airflow/example_dags/example_dag_decorator.py took 0.806 seconds
[2022-08-29T21:19:20.609-0400] {processor.py:153} INFO - Started process (PID=18852) to work on /Users/jl/Documents/Repos/GHC-2022-data-engineering-workshop/venv/lib/python3.8/site-packages/airflow/example_dags/example_dag_decorator.py
[2022-08-29T21:19:20.618-0400] {processor.py:640} INFO - Processing file /Users/jl/Documents/Repos/GHC-2022-data-engineering-workshop/venv/lib/python3.8/site-packages/airflow/example_dags/example_dag_decorator.py for tasks to queue
[2022-08-29T21:19:20.619-0400] {logging_mixin.py:115} INFO - [2022-08-29T21:19:20.619-0400] {dagbag.py:508} INFO - Filling up the DagBag from /Users/jl/Documents/Repos/GHC-2022-data-engineering-workshop/venv/lib/python3.8/site-packages/airflow/example_dags/example_dag_decorator.py
[2022-08-29T21:19:20.869-0400] {processor.py:650} INFO - DAG(s) dict_keys(['example_dag_decorator']) retrieved from /Users/jl/Documents/Repos/GHC-2022-data-engineering-workshop/venv/lib/python3.8/site-packages/airflow/example_dags/example_dag_decorator.py
[2022-08-29T21:19:21.397-0400] {logging_mixin.py:115} INFO - [2022-08-29T21:19:21.396-0400] {dag.py:2429} INFO - Sync 1 DAGs
[2022-08-29T21:19:21.415-0400] {logging_mixin.py:115} INFO - [2022-08-29T21:19:21.414-0400] {dag.py:2977} INFO - Setting next_dagrun for example_dag_decorator to None, run_after=None
[2022-08-29T21:19:21.431-0400] {processor.py:161} INFO - Processing /Users/jl/Documents/Repos/GHC-2022-data-engineering-workshop/venv/lib/python3.8/site-packages/airflow/example_dags/example_dag_decorator.py took 0.823 seconds
[2022-08-29T21:20:53.972-0400] {processor.py:153} INFO - Started process (PID=18938) to work on /Users/jl/Documents/Repos/GHC-2022-data-engineering-workshop/venv/lib/python3.8/site-packages/airflow/example_dags/example_dag_decorator.py
[2022-08-29T21:20:53.981-0400] {processor.py:640} INFO - Processing file /Users/jl/Documents/Repos/GHC-2022-data-engineering-workshop/venv/lib/python3.8/site-packages/airflow/example_dags/example_dag_decorator.py for tasks to queue
[2022-08-29T21:20:53.981-0400] {logging_mixin.py:115} INFO - [2022-08-29T21:20:53.981-0400] {dagbag.py:508} INFO - Filling up the DagBag from /Users/jl/Documents/Repos/GHC-2022-data-engineering-workshop/venv/lib/python3.8/site-packages/airflow/example_dags/example_dag_decorator.py
[2022-08-29T21:20:54.223-0400] {processor.py:650} INFO - DAG(s) dict_keys(['example_dag_decorator']) retrieved from /Users/jl/Documents/Repos/GHC-2022-data-engineering-workshop/venv/lib/python3.8/site-packages/airflow/example_dags/example_dag_decorator.py
[2022-08-29T21:20:54.748-0400] {logging_mixin.py:115} INFO - [2022-08-29T21:20:54.748-0400] {dag.py:2429} INFO - Sync 1 DAGs
[2022-08-29T21:20:54.767-0400] {logging_mixin.py:115} INFO - [2022-08-29T21:20:54.767-0400] {dag.py:2977} INFO - Setting next_dagrun for example_dag_decorator to None, run_after=None
[2022-08-29T21:20:54.783-0400] {processor.py:161} INFO - Processing /Users/jl/Documents/Repos/GHC-2022-data-engineering-workshop/venv/lib/python3.8/site-packages/airflow/example_dags/example_dag_decorator.py took 0.812 seconds
[2022-08-29T21:22:32.237-0400] {processor.py:153} INFO - Started process (PID=19026) to work on /Users/jl/Documents/Repos/GHC-2022-data-engineering-workshop/venv/lib/python3.8/site-packages/airflow/example_dags/example_dag_decorator.py
[2022-08-29T21:22:32.245-0400] {processor.py:640} INFO - Processing file /Users/jl/Documents/Repos/GHC-2022-data-engineering-workshop/venv/lib/python3.8/site-packages/airflow/example_dags/example_dag_decorator.py for tasks to queue
[2022-08-29T21:22:32.246-0400] {logging_mixin.py:115} INFO - [2022-08-29T21:22:32.246-0400] {dagbag.py:508} INFO - Filling up the DagBag from /Users/jl/Documents/Repos/GHC-2022-data-engineering-workshop/venv/lib/python3.8/site-packages/airflow/example_dags/example_dag_decorator.py
[2022-08-29T21:22:32.485-0400] {processor.py:650} INFO - DAG(s) dict_keys(['example_dag_decorator']) retrieved from /Users/jl/Documents/Repos/GHC-2022-data-engineering-workshop/venv/lib/python3.8/site-packages/airflow/example_dags/example_dag_decorator.py
[2022-08-29T21:22:33.007-0400] {logging_mixin.py:115} INFO - [2022-08-29T21:22:33.007-0400] {dag.py:2429} INFO - Sync 1 DAGs
[2022-08-29T21:22:33.025-0400] {logging_mixin.py:115} INFO - [2022-08-29T21:22:33.025-0400] {dag.py:2977} INFO - Setting next_dagrun for example_dag_decorator to None, run_after=None
[2022-08-29T21:22:33.041-0400] {processor.py:161} INFO - Processing /Users/jl/Documents/Repos/GHC-2022-data-engineering-workshop/venv/lib/python3.8/site-packages/airflow/example_dags/example_dag_decorator.py took 0.805 seconds
[2022-08-29T21:24:09.774-0400] {processor.py:153} INFO - Started process (PID=19115) to work on /Users/jl/Documents/Repos/GHC-2022-data-engineering-workshop/venv/lib/python3.8/site-packages/airflow/example_dags/example_dag_decorator.py
[2022-08-29T21:24:09.782-0400] {processor.py:640} INFO - Processing file /Users/jl/Documents/Repos/GHC-2022-data-engineering-workshop/venv/lib/python3.8/site-packages/airflow/example_dags/example_dag_decorator.py for tasks to queue
[2022-08-29T21:24:09.783-0400] {logging_mixin.py:115} INFO - [2022-08-29T21:24:09.782-0400] {dagbag.py:508} INFO - Filling up the DagBag from /Users/jl/Documents/Repos/GHC-2022-data-engineering-workshop/venv/lib/python3.8/site-packages/airflow/example_dags/example_dag_decorator.py
[2022-08-29T21:24:10.022-0400] {processor.py:650} INFO - DAG(s) dict_keys(['example_dag_decorator']) retrieved from /Users/jl/Documents/Repos/GHC-2022-data-engineering-workshop/venv/lib/python3.8/site-packages/airflow/example_dags/example_dag_decorator.py
[2022-08-29T21:24:10.550-0400] {logging_mixin.py:115} INFO - [2022-08-29T21:24:10.549-0400] {dag.py:2429} INFO - Sync 1 DAGs
[2022-08-29T21:24:10.568-0400] {logging_mixin.py:115} INFO - [2022-08-29T21:24:10.568-0400] {dag.py:2977} INFO - Setting next_dagrun for example_dag_decorator to None, run_after=None
[2022-08-29T21:24:10.585-0400] {processor.py:161} INFO - Processing /Users/jl/Documents/Repos/GHC-2022-data-engineering-workshop/venv/lib/python3.8/site-packages/airflow/example_dags/example_dag_decorator.py took 0.812 seconds
[2022-08-29T21:25:44.341-0400] {processor.py:153} INFO - Started process (PID=19200) to work on /Users/jl/Documents/Repos/GHC-2022-data-engineering-workshop/venv/lib/python3.8/site-packages/airflow/example_dags/example_dag_decorator.py
[2022-08-29T21:25:44.350-0400] {processor.py:640} INFO - Processing file /Users/jl/Documents/Repos/GHC-2022-data-engineering-workshop/venv/lib/python3.8/site-packages/airflow/example_dags/example_dag_decorator.py for tasks to queue
[2022-08-29T21:25:44.350-0400] {logging_mixin.py:115} INFO - [2022-08-29T21:25:44.350-0400] {dagbag.py:508} INFO - Filling up the DagBag from /Users/jl/Documents/Repos/GHC-2022-data-engineering-workshop/venv/lib/python3.8/site-packages/airflow/example_dags/example_dag_decorator.py
[2022-08-29T21:25:44.593-0400] {processor.py:650} INFO - DAG(s) dict_keys(['example_dag_decorator']) retrieved from /Users/jl/Documents/Repos/GHC-2022-data-engineering-workshop/venv/lib/python3.8/site-packages/airflow/example_dags/example_dag_decorator.py
[2022-08-29T21:25:45.123-0400] {logging_mixin.py:115} INFO - [2022-08-29T21:25:45.123-0400] {dag.py:2429} INFO - Sync 1 DAGs
[2022-08-29T21:25:45.141-0400] {logging_mixin.py:115} INFO - [2022-08-29T21:25:45.141-0400] {dag.py:2977} INFO - Setting next_dagrun for example_dag_decorator to None, run_after=None
[2022-08-29T21:25:45.158-0400] {processor.py:161} INFO - Processing /Users/jl/Documents/Repos/GHC-2022-data-engineering-workshop/venv/lib/python3.8/site-packages/airflow/example_dags/example_dag_decorator.py took 0.817 seconds
[2022-08-29T21:27:21.477-0400] {processor.py:153} INFO - Started process (PID=19286) to work on /Users/jl/Documents/Repos/GHC-2022-data-engineering-workshop/venv/lib/python3.8/site-packages/airflow/example_dags/example_dag_decorator.py
[2022-08-29T21:27:21.487-0400] {processor.py:640} INFO - Processing file /Users/jl/Documents/Repos/GHC-2022-data-engineering-workshop/venv/lib/python3.8/site-packages/airflow/example_dags/example_dag_decorator.py for tasks to queue
[2022-08-29T21:27:21.487-0400] {logging_mixin.py:115} INFO - [2022-08-29T21:27:21.487-0400] {dagbag.py:508} INFO - Filling up the DagBag from /Users/jl/Documents/Repos/GHC-2022-data-engineering-workshop/venv/lib/python3.8/site-packages/airflow/example_dags/example_dag_decorator.py
[2022-08-29T21:27:21.734-0400] {processor.py:650} INFO - DAG(s) dict_keys(['example_dag_decorator']) retrieved from /Users/jl/Documents/Repos/GHC-2022-data-engineering-workshop/venv/lib/python3.8/site-packages/airflow/example_dags/example_dag_decorator.py
[2022-08-29T21:27:22.289-0400] {logging_mixin.py:115} INFO - [2022-08-29T21:27:22.288-0400] {dag.py:2429} INFO - Sync 1 DAGs
[2022-08-29T21:27:22.311-0400] {logging_mixin.py:115} INFO - [2022-08-29T21:27:22.311-0400] {dag.py:2977} INFO - Setting next_dagrun for example_dag_decorator to None, run_after=None
[2022-08-29T21:27:22.329-0400] {processor.py:161} INFO - Processing /Users/jl/Documents/Repos/GHC-2022-data-engineering-workshop/venv/lib/python3.8/site-packages/airflow/example_dags/example_dag_decorator.py took 0.853 seconds
[2022-08-29T21:29:00.487-0400] {processor.py:153} INFO - Started process (PID=19381) to work on /Users/jl/Documents/Repos/GHC-2022-data-engineering-workshop/venv/lib/python3.8/site-packages/airflow/example_dags/example_dag_decorator.py
[2022-08-29T21:29:00.496-0400] {processor.py:640} INFO - Processing file /Users/jl/Documents/Repos/GHC-2022-data-engineering-workshop/venv/lib/python3.8/site-packages/airflow/example_dags/example_dag_decorator.py for tasks to queue
[2022-08-29T21:29:00.496-0400] {logging_mixin.py:115} INFO - [2022-08-29T21:29:00.496-0400] {dagbag.py:508} INFO - Filling up the DagBag from /Users/jl/Documents/Repos/GHC-2022-data-engineering-workshop/venv/lib/python3.8/site-packages/airflow/example_dags/example_dag_decorator.py
[2022-08-29T21:29:00.742-0400] {processor.py:650} INFO - DAG(s) dict_keys(['example_dag_decorator']) retrieved from /Users/jl/Documents/Repos/GHC-2022-data-engineering-workshop/venv/lib/python3.8/site-packages/airflow/example_dags/example_dag_decorator.py
[2022-08-29T21:29:01.267-0400] {logging_mixin.py:115} INFO - [2022-08-29T21:29:01.267-0400] {dag.py:2429} INFO - Sync 1 DAGs
[2022-08-29T21:29:01.285-0400] {logging_mixin.py:115} INFO - [2022-08-29T21:29:01.285-0400] {dag.py:2977} INFO - Setting next_dagrun for example_dag_decorator to None, run_after=None
[2022-08-29T21:29:01.302-0400] {processor.py:161} INFO - Processing /Users/jl/Documents/Repos/GHC-2022-data-engineering-workshop/venv/lib/python3.8/site-packages/airflow/example_dags/example_dag_decorator.py took 0.816 seconds
[2022-08-29T21:30:47.866-0400] {processor.py:153} INFO - Started process (PID=19471) to work on /Users/jl/Documents/Repos/GHC-2022-data-engineering-workshop/venv/lib/python3.8/site-packages/airflow/example_dags/example_dag_decorator.py
[2022-08-29T21:30:47.885-0400] {processor.py:640} INFO - Processing file /Users/jl/Documents/Repos/GHC-2022-data-engineering-workshop/venv/lib/python3.8/site-packages/airflow/example_dags/example_dag_decorator.py for tasks to queue
[2022-08-29T21:30:47.886-0400] {logging_mixin.py:115} INFO - [2022-08-29T21:30:47.885-0400] {dagbag.py:508} INFO - Filling up the DagBag from /Users/jl/Documents/Repos/GHC-2022-data-engineering-workshop/venv/lib/python3.8/site-packages/airflow/example_dags/example_dag_decorator.py
[2022-08-29T21:30:48.225-0400] {processor.py:650} INFO - DAG(s) dict_keys(['example_dag_decorator']) retrieved from /Users/jl/Documents/Repos/GHC-2022-data-engineering-workshop/venv/lib/python3.8/site-packages/airflow/example_dags/example_dag_decorator.py
[2022-08-29T21:30:48.979-0400] {logging_mixin.py:115} INFO - [2022-08-29T21:30:48.979-0400] {dag.py:2429} INFO - Sync 1 DAGs
[2022-08-29T21:30:49.000-0400] {logging_mixin.py:115} INFO - [2022-08-29T21:30:48.999-0400] {dag.py:2977} INFO - Setting next_dagrun for example_dag_decorator to None, run_after=None
[2022-08-29T21:30:49.017-0400] {processor.py:161} INFO - Processing /Users/jl/Documents/Repos/GHC-2022-data-engineering-workshop/venv/lib/python3.8/site-packages/airflow/example_dags/example_dag_decorator.py took 1.153 seconds
[2022-08-29T21:32:43.451-0400] {processor.py:153} INFO - Started process (PID=19579) to work on /Users/jl/Documents/Repos/GHC-2022-data-engineering-workshop/venv/lib/python3.8/site-packages/airflow/example_dags/example_dag_decorator.py
[2022-08-29T21:32:43.461-0400] {processor.py:640} INFO - Processing file /Users/jl/Documents/Repos/GHC-2022-data-engineering-workshop/venv/lib/python3.8/site-packages/airflow/example_dags/example_dag_decorator.py for tasks to queue
[2022-08-29T21:32:43.462-0400] {logging_mixin.py:115} INFO - [2022-08-29T21:32:43.462-0400] {dagbag.py:508} INFO - Filling up the DagBag from /Users/jl/Documents/Repos/GHC-2022-data-engineering-workshop/venv/lib/python3.8/site-packages/airflow/example_dags/example_dag_decorator.py
[2022-08-29T21:32:43.714-0400] {processor.py:650} INFO - DAG(s) dict_keys(['example_dag_decorator']) retrieved from /Users/jl/Documents/Repos/GHC-2022-data-engineering-workshop/venv/lib/python3.8/site-packages/airflow/example_dags/example_dag_decorator.py
[2022-08-29T21:32:44.261-0400] {logging_mixin.py:115} INFO - [2022-08-29T21:32:44.260-0400] {dag.py:2429} INFO - Sync 1 DAGs
[2022-08-29T21:32:44.279-0400] {logging_mixin.py:115} INFO - [2022-08-29T21:32:44.279-0400] {dag.py:2977} INFO - Setting next_dagrun for example_dag_decorator to None, run_after=None
[2022-08-29T21:32:44.296-0400] {processor.py:161} INFO - Processing /Users/jl/Documents/Repos/GHC-2022-data-engineering-workshop/venv/lib/python3.8/site-packages/airflow/example_dags/example_dag_decorator.py took 0.846 seconds
[2022-08-29T21:35:11.283-0400] {processor.py:153} INFO - Started process (PID=19685) to work on /Users/jl/Documents/Repos/GHC-2022-data-engineering-workshop/venv/lib/python3.8/site-packages/airflow/example_dags/example_dag_decorator.py
[2022-08-29T21:35:11.294-0400] {processor.py:640} INFO - Processing file /Users/jl/Documents/Repos/GHC-2022-data-engineering-workshop/venv/lib/python3.8/site-packages/airflow/example_dags/example_dag_decorator.py for tasks to queue
[2022-08-29T21:35:11.295-0400] {logging_mixin.py:115} INFO - [2022-08-29T21:35:11.294-0400] {dagbag.py:508} INFO - Filling up the DagBag from /Users/jl/Documents/Repos/GHC-2022-data-engineering-workshop/venv/lib/python3.8/site-packages/airflow/example_dags/example_dag_decorator.py
[2022-08-29T21:35:11.648-0400] {processor.py:650} INFO - DAG(s) dict_keys(['example_dag_decorator']) retrieved from /Users/jl/Documents/Repos/GHC-2022-data-engineering-workshop/venv/lib/python3.8/site-packages/airflow/example_dags/example_dag_decorator.py
[2022-08-29T21:35:12.472-0400] {logging_mixin.py:115} INFO - [2022-08-29T21:35:12.471-0400] {dag.py:2429} INFO - Sync 1 DAGs
[2022-08-29T21:35:12.500-0400] {logging_mixin.py:115} INFO - [2022-08-29T21:35:12.499-0400] {dag.py:2977} INFO - Setting next_dagrun for example_dag_decorator to None, run_after=None
[2022-08-29T21:35:12.524-0400] {processor.py:161} INFO - Processing /Users/jl/Documents/Repos/GHC-2022-data-engineering-workshop/venv/lib/python3.8/site-packages/airflow/example_dags/example_dag_decorator.py took 1.246 seconds
[2022-08-29T21:38:04.940-0400] {processor.py:153} INFO - Started process (PID=19792) to work on /Users/jl/Documents/Repos/GHC-2022-data-engineering-workshop/venv/lib/python3.8/site-packages/airflow/example_dags/example_dag_decorator.py
[2022-08-29T21:38:04.958-0400] {processor.py:640} INFO - Processing file /Users/jl/Documents/Repos/GHC-2022-data-engineering-workshop/venv/lib/python3.8/site-packages/airflow/example_dags/example_dag_decorator.py for tasks to queue
[2022-08-29T21:38:04.958-0400] {logging_mixin.py:115} INFO - [2022-08-29T21:38:04.958-0400] {dagbag.py:508} INFO - Filling up the DagBag from /Users/jl/Documents/Repos/GHC-2022-data-engineering-workshop/venv/lib/python3.8/site-packages/airflow/example_dags/example_dag_decorator.py
[2022-08-29T21:38:06.000-0400] {processor.py:650} INFO - DAG(s) dict_keys(['example_dag_decorator']) retrieved from /Users/jl/Documents/Repos/GHC-2022-data-engineering-workshop/venv/lib/python3.8/site-packages/airflow/example_dags/example_dag_decorator.py
[2022-08-29T21:38:07.076-0400] {logging_mixin.py:115} INFO - [2022-08-29T21:38:07.075-0400] {dag.py:2429} INFO - Sync 1 DAGs
[2022-08-29T21:38:07.110-0400] {logging_mixin.py:115} INFO - [2022-08-29T21:38:07.110-0400] {dag.py:2977} INFO - Setting next_dagrun for example_dag_decorator to None, run_after=None
[2022-08-29T21:38:07.132-0400] {processor.py:161} INFO - Processing /Users/jl/Documents/Repos/GHC-2022-data-engineering-workshop/venv/lib/python3.8/site-packages/airflow/example_dags/example_dag_decorator.py took 2.193 seconds
[2022-08-29T21:40:45.967-0400] {processor.py:153} INFO - Started process (PID=19896) to work on /Users/jl/Documents/Repos/GHC-2022-data-engineering-workshop/venv/lib/python3.8/site-packages/airflow/example_dags/example_dag_decorator.py
[2022-08-29T21:40:45.982-0400] {processor.py:640} INFO - Processing file /Users/jl/Documents/Repos/GHC-2022-data-engineering-workshop/venv/lib/python3.8/site-packages/airflow/example_dags/example_dag_decorator.py for tasks to queue
[2022-08-29T21:40:45.983-0400] {logging_mixin.py:115} INFO - [2022-08-29T21:40:45.983-0400] {dagbag.py:508} INFO - Filling up the DagBag from /Users/jl/Documents/Repos/GHC-2022-data-engineering-workshop/venv/lib/python3.8/site-packages/airflow/example_dags/example_dag_decorator.py
[2022-08-29T21:40:46.368-0400] {processor.py:650} INFO - DAG(s) dict_keys(['example_dag_decorator']) retrieved from /Users/jl/Documents/Repos/GHC-2022-data-engineering-workshop/venv/lib/python3.8/site-packages/airflow/example_dags/example_dag_decorator.py
[2022-08-29T21:40:47.154-0400] {logging_mixin.py:115} INFO - [2022-08-29T21:40:47.154-0400] {dag.py:2429} INFO - Sync 1 DAGs
[2022-08-29T21:40:47.179-0400] {logging_mixin.py:115} INFO - [2022-08-29T21:40:47.179-0400] {dag.py:2977} INFO - Setting next_dagrun for example_dag_decorator to None, run_after=None
[2022-08-29T21:40:47.197-0400] {processor.py:161} INFO - Processing /Users/jl/Documents/Repos/GHC-2022-data-engineering-workshop/venv/lib/python3.8/site-packages/airflow/example_dags/example_dag_decorator.py took 1.231 seconds
[2022-08-29T21:43:39.234-0400] {processor.py:153} INFO - Started process (PID=20020) to work on /Users/jl/Documents/Repos/GHC-2022-data-engineering-workshop/venv/lib/python3.8/site-packages/airflow/example_dags/example_dag_decorator.py
[2022-08-29T21:43:39.245-0400] {processor.py:640} INFO - Processing file /Users/jl/Documents/Repos/GHC-2022-data-engineering-workshop/venv/lib/python3.8/site-packages/airflow/example_dags/example_dag_decorator.py for tasks to queue
[2022-08-29T21:43:39.246-0400] {logging_mixin.py:115} INFO - [2022-08-29T21:43:39.245-0400] {dagbag.py:508} INFO - Filling up the DagBag from /Users/jl/Documents/Repos/GHC-2022-data-engineering-workshop/venv/lib/python3.8/site-packages/airflow/example_dags/example_dag_decorator.py
[2022-08-29T21:43:39.598-0400] {processor.py:650} INFO - DAG(s) dict_keys(['example_dag_decorator']) retrieved from /Users/jl/Documents/Repos/GHC-2022-data-engineering-workshop/venv/lib/python3.8/site-packages/airflow/example_dags/example_dag_decorator.py
[2022-08-29T21:43:40.429-0400] {logging_mixin.py:115} INFO - [2022-08-29T21:43:40.428-0400] {dag.py:2429} INFO - Sync 1 DAGs
[2022-08-29T21:43:40.459-0400] {logging_mixin.py:115} INFO - [2022-08-29T21:43:40.459-0400] {dag.py:2977} INFO - Setting next_dagrun for example_dag_decorator to None, run_after=None
[2022-08-29T21:43:40.479-0400] {processor.py:161} INFO - Processing /Users/jl/Documents/Repos/GHC-2022-data-engineering-workshop/venv/lib/python3.8/site-packages/airflow/example_dags/example_dag_decorator.py took 1.248 seconds
[2022-08-29T21:46:04.484-0400] {processor.py:153} INFO - Started process (PID=20119) to work on /Users/jl/Documents/Repos/GHC-2022-data-engineering-workshop/venv/lib/python3.8/site-packages/airflow/example_dags/example_dag_decorator.py
[2022-08-29T21:46:04.493-0400] {processor.py:640} INFO - Processing file /Users/jl/Documents/Repos/GHC-2022-data-engineering-workshop/venv/lib/python3.8/site-packages/airflow/example_dags/example_dag_decorator.py for tasks to queue
[2022-08-29T21:46:04.494-0400] {logging_mixin.py:115} INFO - [2022-08-29T21:46:04.494-0400] {dagbag.py:508} INFO - Filling up the DagBag from /Users/jl/Documents/Repos/GHC-2022-data-engineering-workshop/venv/lib/python3.8/site-packages/airflow/example_dags/example_dag_decorator.py
[2022-08-29T21:46:04.935-0400] {processor.py:650} INFO - DAG(s) dict_keys(['example_dag_decorator']) retrieved from /Users/jl/Documents/Repos/GHC-2022-data-engineering-workshop/venv/lib/python3.8/site-packages/airflow/example_dags/example_dag_decorator.py
[2022-08-29T21:46:05.648-0400] {logging_mixin.py:115} INFO - [2022-08-29T21:46:05.648-0400] {dag.py:2429} INFO - Sync 1 DAGs
[2022-08-29T21:46:05.673-0400] {logging_mixin.py:115} INFO - [2022-08-29T21:46:05.673-0400] {dag.py:2977} INFO - Setting next_dagrun for example_dag_decorator to None, run_after=None
[2022-08-29T21:46:05.694-0400] {processor.py:161} INFO - Processing /Users/jl/Documents/Repos/GHC-2022-data-engineering-workshop/venv/lib/python3.8/site-packages/airflow/example_dags/example_dag_decorator.py took 1.212 seconds
[2022-08-29T21:48:37.482-0400] {processor.py:153} INFO - Started process (PID=20226) to work on /Users/jl/Documents/Repos/GHC-2022-data-engineering-workshop/venv/lib/python3.8/site-packages/airflow/example_dags/example_dag_decorator.py
[2022-08-29T21:48:37.494-0400] {processor.py:640} INFO - Processing file /Users/jl/Documents/Repos/GHC-2022-data-engineering-workshop/venv/lib/python3.8/site-packages/airflow/example_dags/example_dag_decorator.py for tasks to queue
[2022-08-29T21:48:37.494-0400] {logging_mixin.py:115} INFO - [2022-08-29T21:48:37.494-0400] {dagbag.py:508} INFO - Filling up the DagBag from /Users/jl/Documents/Repos/GHC-2022-data-engineering-workshop/venv/lib/python3.8/site-packages/airflow/example_dags/example_dag_decorator.py
[2022-08-29T21:48:37.881-0400] {processor.py:650} INFO - DAG(s) dict_keys(['example_dag_decorator']) retrieved from /Users/jl/Documents/Repos/GHC-2022-data-engineering-workshop/venv/lib/python3.8/site-packages/airflow/example_dags/example_dag_decorator.py
[2022-08-29T21:48:38.628-0400] {logging_mixin.py:115} INFO - [2022-08-29T21:48:38.628-0400] {dag.py:2429} INFO - Sync 1 DAGs
[2022-08-29T21:48:38.661-0400] {logging_mixin.py:115} INFO - [2022-08-29T21:48:38.661-0400] {dag.py:2977} INFO - Setting next_dagrun for example_dag_decorator to None, run_after=None
[2022-08-29T21:48:38.683-0400] {processor.py:161} INFO - Processing /Users/jl/Documents/Repos/GHC-2022-data-engineering-workshop/venv/lib/python3.8/site-packages/airflow/example_dags/example_dag_decorator.py took 1.202 seconds
[2022-08-29T21:51:04.214-0400] {processor.py:153} INFO - Started process (PID=20327) to work on /Users/jl/Documents/Repos/GHC-2022-data-engineering-workshop/venv/lib/python3.8/site-packages/airflow/example_dags/example_dag_decorator.py
[2022-08-29T21:51:04.227-0400] {processor.py:640} INFO - Processing file /Users/jl/Documents/Repos/GHC-2022-data-engineering-workshop/venv/lib/python3.8/site-packages/airflow/example_dags/example_dag_decorator.py for tasks to queue
[2022-08-29T21:51:04.228-0400] {logging_mixin.py:115} INFO - [2022-08-29T21:51:04.228-0400] {dagbag.py:508} INFO - Filling up the DagBag from /Users/jl/Documents/Repos/GHC-2022-data-engineering-workshop/venv/lib/python3.8/site-packages/airflow/example_dags/example_dag_decorator.py
[2022-08-29T21:51:04.581-0400] {processor.py:650} INFO - DAG(s) dict_keys(['example_dag_decorator']) retrieved from /Users/jl/Documents/Repos/GHC-2022-data-engineering-workshop/venv/lib/python3.8/site-packages/airflow/example_dags/example_dag_decorator.py
[2022-08-29T21:51:05.378-0400] {logging_mixin.py:115} INFO - [2022-08-29T21:51:05.378-0400] {dag.py:2429} INFO - Sync 1 DAGs
[2022-08-29T21:51:05.405-0400] {logging_mixin.py:115} INFO - [2022-08-29T21:51:05.404-0400] {dag.py:2977} INFO - Setting next_dagrun for example_dag_decorator to None, run_after=None
[2022-08-29T21:51:05.428-0400] {processor.py:161} INFO - Processing /Users/jl/Documents/Repos/GHC-2022-data-engineering-workshop/venv/lib/python3.8/site-packages/airflow/example_dags/example_dag_decorator.py took 1.216 seconds
