[2022-08-29T20:00:19.507-0400] {processor.py:153} INFO - Started process (PID=14363) to work on /Users/jl/Documents/Repos/GHC-2022-data-engineering-workshop/venv/lib/python3.8/site-packages/airflow/example_dags/example_branch_operator_decorator.py
[2022-08-29T20:00:19.523-0400] {processor.py:640} INFO - Processing file /Users/jl/Documents/Repos/GHC-2022-data-engineering-workshop/venv/lib/python3.8/site-packages/airflow/example_dags/example_branch_operator_decorator.py for tasks to queue
[2022-08-29T20:00:19.526-0400] {logging_mixin.py:115} INFO - [2022-08-29T20:00:19.524-0400] {dagbag.py:508} INFO - Filling up the DagBag from /Users/jl/Documents/Repos/GHC-2022-data-engineering-workshop/venv/lib/python3.8/site-packages/airflow/example_dags/example_branch_operator_decorator.py
[2022-08-29T20:00:19.576-0400] {processor.py:650} INFO - DAG(s) dict_keys(['example_branch_python_operator_decorator']) retrieved from /Users/jl/Documents/Repos/GHC-2022-data-engineering-workshop/venv/lib/python3.8/site-packages/airflow/example_dags/example_branch_operator_decorator.py
[2022-08-29T20:00:19.674-0400] {logging_mixin.py:115} INFO - [2022-08-29T20:00:19.673-0400] {dag.py:2429} INFO - Sync 1 DAGs
[2022-08-29T20:00:19.694-0400] {logging_mixin.py:115} INFO - [2022-08-29T20:00:19.694-0400] {dag.py:2977} INFO - Setting next_dagrun for example_branch_python_operator_decorator to 2022-08-29T00:00:00+00:00, run_after=2022-08-30T00:00:00+00:00
[2022-08-29T20:00:19.708-0400] {processor.py:161} INFO - Processing /Users/jl/Documents/Repos/GHC-2022-data-engineering-workshop/venv/lib/python3.8/site-packages/airflow/example_dags/example_branch_operator_decorator.py took 0.203 seconds
[2022-08-29T20:01:50.043-0400] {processor.py:153} INFO - Started process (PID=14446) to work on /Users/jl/Documents/Repos/GHC-2022-data-engineering-workshop/venv/lib/python3.8/site-packages/airflow/example_dags/example_branch_operator_decorator.py
[2022-08-29T20:01:50.051-0400] {processor.py:640} INFO - Processing file /Users/jl/Documents/Repos/GHC-2022-data-engineering-workshop/venv/lib/python3.8/site-packages/airflow/example_dags/example_branch_operator_decorator.py for tasks to queue
[2022-08-29T20:01:50.052-0400] {logging_mixin.py:115} INFO - [2022-08-29T20:01:50.051-0400] {dagbag.py:508} INFO - Filling up the DagBag from /Users/jl/Documents/Repos/GHC-2022-data-engineering-workshop/venv/lib/python3.8/site-packages/airflow/example_dags/example_branch_operator_decorator.py
[2022-08-29T20:01:50.093-0400] {processor.py:650} INFO - DAG(s) dict_keys(['example_branch_python_operator_decorator']) retrieved from /Users/jl/Documents/Repos/GHC-2022-data-engineering-workshop/venv/lib/python3.8/site-packages/airflow/example_dags/example_branch_operator_decorator.py
[2022-08-29T20:01:50.171-0400] {logging_mixin.py:115} INFO - [2022-08-29T20:01:50.171-0400] {dag.py:2429} INFO - Sync 1 DAGs
[2022-08-29T20:01:50.190-0400] {logging_mixin.py:115} INFO - [2022-08-29T20:01:50.190-0400] {dag.py:2977} INFO - Setting next_dagrun for example_branch_python_operator_decorator to 2022-08-29T00:00:00+00:00, run_after=2022-08-30T00:00:00+00:00
[2022-08-29T20:01:50.204-0400] {processor.py:161} INFO - Processing /Users/jl/Documents/Repos/GHC-2022-data-engineering-workshop/venv/lib/python3.8/site-packages/airflow/example_dags/example_branch_operator_decorator.py took 0.162 seconds
[2022-08-29T20:03:13.179-0400] {processor.py:153} INFO - Started process (PID=14526) to work on /Users/jl/Documents/Repos/GHC-2022-data-engineering-workshop/venv/lib/python3.8/site-packages/airflow/example_dags/example_branch_operator_decorator.py
[2022-08-29T20:03:13.188-0400] {processor.py:640} INFO - Processing file /Users/jl/Documents/Repos/GHC-2022-data-engineering-workshop/venv/lib/python3.8/site-packages/airflow/example_dags/example_branch_operator_decorator.py for tasks to queue
[2022-08-29T20:03:13.188-0400] {logging_mixin.py:115} INFO - [2022-08-29T20:03:13.188-0400] {dagbag.py:508} INFO - Filling up the DagBag from /Users/jl/Documents/Repos/GHC-2022-data-engineering-workshop/venv/lib/python3.8/site-packages/airflow/example_dags/example_branch_operator_decorator.py
[2022-08-29T20:03:13.230-0400] {processor.py:650} INFO - DAG(s) dict_keys(['example_branch_python_operator_decorator']) retrieved from /Users/jl/Documents/Repos/GHC-2022-data-engineering-workshop/venv/lib/python3.8/site-packages/airflow/example_dags/example_branch_operator_decorator.py
[2022-08-29T20:03:13.310-0400] {logging_mixin.py:115} INFO - [2022-08-29T20:03:13.310-0400] {dag.py:2429} INFO - Sync 1 DAGs
[2022-08-29T20:03:13.331-0400] {logging_mixin.py:115} INFO - [2022-08-29T20:03:13.331-0400] {dag.py:2977} INFO - Setting next_dagrun for example_branch_python_operator_decorator to 2022-08-29T00:00:00+00:00, run_after=2022-08-30T00:00:00+00:00
[2022-08-29T20:03:13.346-0400] {processor.py:161} INFO - Processing /Users/jl/Documents/Repos/GHC-2022-data-engineering-workshop/venv/lib/python3.8/site-packages/airflow/example_dags/example_branch_operator_decorator.py took 0.168 seconds
[2022-08-29T20:04:40.899-0400] {processor.py:153} INFO - Started process (PID=14607) to work on /Users/jl/Documents/Repos/GHC-2022-data-engineering-workshop/venv/lib/python3.8/site-packages/airflow/example_dags/example_branch_operator_decorator.py
[2022-08-29T20:04:40.908-0400] {processor.py:640} INFO - Processing file /Users/jl/Documents/Repos/GHC-2022-data-engineering-workshop/venv/lib/python3.8/site-packages/airflow/example_dags/example_branch_operator_decorator.py for tasks to queue
[2022-08-29T20:04:40.908-0400] {logging_mixin.py:115} INFO - [2022-08-29T20:04:40.908-0400] {dagbag.py:508} INFO - Filling up the DagBag from /Users/jl/Documents/Repos/GHC-2022-data-engineering-workshop/venv/lib/python3.8/site-packages/airflow/example_dags/example_branch_operator_decorator.py
[2022-08-29T20:04:40.950-0400] {processor.py:650} INFO - DAG(s) dict_keys(['example_branch_python_operator_decorator']) retrieved from /Users/jl/Documents/Repos/GHC-2022-data-engineering-workshop/venv/lib/python3.8/site-packages/airflow/example_dags/example_branch_operator_decorator.py
[2022-08-29T20:04:41.030-0400] {logging_mixin.py:115} INFO - [2022-08-29T20:04:41.030-0400] {dag.py:2429} INFO - Sync 1 DAGs
[2022-08-29T20:04:41.050-0400] {logging_mixin.py:115} INFO - [2022-08-29T20:04:41.049-0400] {dag.py:2977} INFO - Setting next_dagrun for example_branch_python_operator_decorator to 2022-08-29T00:00:00+00:00, run_after=2022-08-30T00:00:00+00:00
[2022-08-29T20:04:41.063-0400] {processor.py:161} INFO - Processing /Users/jl/Documents/Repos/GHC-2022-data-engineering-workshop/venv/lib/python3.8/site-packages/airflow/example_dags/example_branch_operator_decorator.py took 0.165 seconds
[2022-08-29T20:06:08.171-0400] {processor.py:153} INFO - Started process (PID=14688) to work on /Users/jl/Documents/Repos/GHC-2022-data-engineering-workshop/venv/lib/python3.8/site-packages/airflow/example_dags/example_branch_operator_decorator.py
[2022-08-29T20:06:08.180-0400] {processor.py:640} INFO - Processing file /Users/jl/Documents/Repos/GHC-2022-data-engineering-workshop/venv/lib/python3.8/site-packages/airflow/example_dags/example_branch_operator_decorator.py for tasks to queue
[2022-08-29T20:06:08.180-0400] {logging_mixin.py:115} INFO - [2022-08-29T20:06:08.180-0400] {dagbag.py:508} INFO - Filling up the DagBag from /Users/jl/Documents/Repos/GHC-2022-data-engineering-workshop/venv/lib/python3.8/site-packages/airflow/example_dags/example_branch_operator_decorator.py
[2022-08-29T20:06:08.221-0400] {processor.py:650} INFO - DAG(s) dict_keys(['example_branch_python_operator_decorator']) retrieved from /Users/jl/Documents/Repos/GHC-2022-data-engineering-workshop/venv/lib/python3.8/site-packages/airflow/example_dags/example_branch_operator_decorator.py
[2022-08-29T20:06:08.299-0400] {logging_mixin.py:115} INFO - [2022-08-29T20:06:08.298-0400] {dag.py:2429} INFO - Sync 1 DAGs
[2022-08-29T20:06:08.318-0400] {logging_mixin.py:115} INFO - [2022-08-29T20:06:08.318-0400] {dag.py:2977} INFO - Setting next_dagrun for example_branch_python_operator_decorator to 2022-08-29T00:00:00+00:00, run_after=2022-08-30T00:00:00+00:00
[2022-08-29T20:06:08.332-0400] {processor.py:161} INFO - Processing /Users/jl/Documents/Repos/GHC-2022-data-engineering-workshop/venv/lib/python3.8/site-packages/airflow/example_dags/example_branch_operator_decorator.py took 0.162 seconds
[2022-08-29T20:07:35.416-0400] {processor.py:153} INFO - Started process (PID=14771) to work on /Users/jl/Documents/Repos/GHC-2022-data-engineering-workshop/venv/lib/python3.8/site-packages/airflow/example_dags/example_branch_operator_decorator.py
[2022-08-29T20:07:35.424-0400] {processor.py:640} INFO - Processing file /Users/jl/Documents/Repos/GHC-2022-data-engineering-workshop/venv/lib/python3.8/site-packages/airflow/example_dags/example_branch_operator_decorator.py for tasks to queue
[2022-08-29T20:07:35.425-0400] {logging_mixin.py:115} INFO - [2022-08-29T20:07:35.425-0400] {dagbag.py:508} INFO - Filling up the DagBag from /Users/jl/Documents/Repos/GHC-2022-data-engineering-workshop/venv/lib/python3.8/site-packages/airflow/example_dags/example_branch_operator_decorator.py
[2022-08-29T20:07:35.472-0400] {processor.py:650} INFO - DAG(s) dict_keys(['example_branch_python_operator_decorator']) retrieved from /Users/jl/Documents/Repos/GHC-2022-data-engineering-workshop/venv/lib/python3.8/site-packages/airflow/example_dags/example_branch_operator_decorator.py
[2022-08-29T20:07:35.570-0400] {logging_mixin.py:115} INFO - [2022-08-29T20:07:35.570-0400] {dag.py:2429} INFO - Sync 1 DAGs
[2022-08-29T20:07:35.591-0400] {logging_mixin.py:115} INFO - [2022-08-29T20:07:35.591-0400] {dag.py:2977} INFO - Setting next_dagrun for example_branch_python_operator_decorator to 2022-08-29T00:00:00+00:00, run_after=2022-08-30T00:00:00+00:00
[2022-08-29T20:07:35.605-0400] {processor.py:161} INFO - Processing /Users/jl/Documents/Repos/GHC-2022-data-engineering-workshop/venv/lib/python3.8/site-packages/airflow/example_dags/example_branch_operator_decorator.py took 0.190 seconds
[2022-08-29T20:09:02.183-0400] {processor.py:153} INFO - Started process (PID=14851) to work on /Users/jl/Documents/Repos/GHC-2022-data-engineering-workshop/venv/lib/python3.8/site-packages/airflow/example_dags/example_branch_operator_decorator.py
[2022-08-29T20:09:02.191-0400] {processor.py:640} INFO - Processing file /Users/jl/Documents/Repos/GHC-2022-data-engineering-workshop/venv/lib/python3.8/site-packages/airflow/example_dags/example_branch_operator_decorator.py for tasks to queue
[2022-08-29T20:09:02.191-0400] {logging_mixin.py:115} INFO - [2022-08-29T20:09:02.191-0400] {dagbag.py:508} INFO - Filling up the DagBag from /Users/jl/Documents/Repos/GHC-2022-data-engineering-workshop/venv/lib/python3.8/site-packages/airflow/example_dags/example_branch_operator_decorator.py
[2022-08-29T20:09:02.232-0400] {processor.py:650} INFO - DAG(s) dict_keys(['example_branch_python_operator_decorator']) retrieved from /Users/jl/Documents/Repos/GHC-2022-data-engineering-workshop/venv/lib/python3.8/site-packages/airflow/example_dags/example_branch_operator_decorator.py
[2022-08-29T20:09:02.311-0400] {logging_mixin.py:115} INFO - [2022-08-29T20:09:02.310-0400] {dag.py:2429} INFO - Sync 1 DAGs
[2022-08-29T20:09:02.330-0400] {logging_mixin.py:115} INFO - [2022-08-29T20:09:02.330-0400] {dag.py:2977} INFO - Setting next_dagrun for example_branch_python_operator_decorator to 2022-08-29T00:00:00+00:00, run_after=2022-08-30T00:00:00+00:00
[2022-08-29T20:09:02.344-0400] {processor.py:161} INFO - Processing /Users/jl/Documents/Repos/GHC-2022-data-engineering-workshop/venv/lib/python3.8/site-packages/airflow/example_dags/example_branch_operator_decorator.py took 0.163 seconds
[2022-08-29T20:10:40.096-0400] {processor.py:153} INFO - Started process (PID=14940) to work on /Users/jl/Documents/Repos/GHC-2022-data-engineering-workshop/venv/lib/python3.8/site-packages/airflow/example_dags/example_branch_operator_decorator.py
[2022-08-29T20:10:40.106-0400] {processor.py:640} INFO - Processing file /Users/jl/Documents/Repos/GHC-2022-data-engineering-workshop/venv/lib/python3.8/site-packages/airflow/example_dags/example_branch_operator_decorator.py for tasks to queue
[2022-08-29T20:10:40.106-0400] {logging_mixin.py:115} INFO - [2022-08-29T20:10:40.106-0400] {dagbag.py:508} INFO - Filling up the DagBag from /Users/jl/Documents/Repos/GHC-2022-data-engineering-workshop/venv/lib/python3.8/site-packages/airflow/example_dags/example_branch_operator_decorator.py
[2022-08-29T20:10:40.149-0400] {processor.py:650} INFO - DAG(s) dict_keys(['example_branch_python_operator_decorator']) retrieved from /Users/jl/Documents/Repos/GHC-2022-data-engineering-workshop/venv/lib/python3.8/site-packages/airflow/example_dags/example_branch_operator_decorator.py
[2022-08-29T20:10:40.229-0400] {logging_mixin.py:115} INFO - [2022-08-29T20:10:40.228-0400] {dag.py:2429} INFO - Sync 1 DAGs
[2022-08-29T20:10:40.247-0400] {logging_mixin.py:115} INFO - [2022-08-29T20:10:40.247-0400] {dag.py:2977} INFO - Setting next_dagrun for example_branch_python_operator_decorator to 2022-08-29T00:00:00+00:00, run_after=2022-08-30T00:00:00+00:00
[2022-08-29T20:10:40.262-0400] {processor.py:161} INFO - Processing /Users/jl/Documents/Repos/GHC-2022-data-engineering-workshop/venv/lib/python3.8/site-packages/airflow/example_dags/example_branch_operator_decorator.py took 0.167 seconds
[2022-08-29T20:12:11.143-0400] {processor.py:153} INFO - Started process (PID=15025) to work on /Users/jl/Documents/Repos/GHC-2022-data-engineering-workshop/venv/lib/python3.8/site-packages/airflow/example_dags/example_branch_operator_decorator.py
[2022-08-29T20:12:11.151-0400] {processor.py:640} INFO - Processing file /Users/jl/Documents/Repos/GHC-2022-data-engineering-workshop/venv/lib/python3.8/site-packages/airflow/example_dags/example_branch_operator_decorator.py for tasks to queue
[2022-08-29T20:12:11.151-0400] {logging_mixin.py:115} INFO - [2022-08-29T20:12:11.151-0400] {dagbag.py:508} INFO - Filling up the DagBag from /Users/jl/Documents/Repos/GHC-2022-data-engineering-workshop/venv/lib/python3.8/site-packages/airflow/example_dags/example_branch_operator_decorator.py
[2022-08-29T20:12:11.192-0400] {processor.py:650} INFO - DAG(s) dict_keys(['example_branch_python_operator_decorator']) retrieved from /Users/jl/Documents/Repos/GHC-2022-data-engineering-workshop/venv/lib/python3.8/site-packages/airflow/example_dags/example_branch_operator_decorator.py
[2022-08-29T20:12:11.272-0400] {logging_mixin.py:115} INFO - [2022-08-29T20:12:11.272-0400] {dag.py:2429} INFO - Sync 1 DAGs
[2022-08-29T20:12:11.292-0400] {logging_mixin.py:115} INFO - [2022-08-29T20:12:11.292-0400] {dag.py:2977} INFO - Setting next_dagrun for example_branch_python_operator_decorator to 2022-08-29T00:00:00+00:00, run_after=2022-08-30T00:00:00+00:00
[2022-08-29T20:12:11.306-0400] {processor.py:161} INFO - Processing /Users/jl/Documents/Repos/GHC-2022-data-engineering-workshop/venv/lib/python3.8/site-packages/airflow/example_dags/example_branch_operator_decorator.py took 0.165 seconds
[2022-08-29T20:13:40.394-0400] {processor.py:153} INFO - Started process (PID=15108) to work on /Users/jl/Documents/Repos/GHC-2022-data-engineering-workshop/venv/lib/python3.8/site-packages/airflow/example_dags/example_branch_operator_decorator.py
[2022-08-29T20:13:40.404-0400] {processor.py:640} INFO - Processing file /Users/jl/Documents/Repos/GHC-2022-data-engineering-workshop/venv/lib/python3.8/site-packages/airflow/example_dags/example_branch_operator_decorator.py for tasks to queue
[2022-08-29T20:13:40.404-0400] {logging_mixin.py:115} INFO - [2022-08-29T20:13:40.404-0400] {dagbag.py:508} INFO - Filling up the DagBag from /Users/jl/Documents/Repos/GHC-2022-data-engineering-workshop/venv/lib/python3.8/site-packages/airflow/example_dags/example_branch_operator_decorator.py
[2022-08-29T20:13:40.447-0400] {processor.py:650} INFO - DAG(s) dict_keys(['example_branch_python_operator_decorator']) retrieved from /Users/jl/Documents/Repos/GHC-2022-data-engineering-workshop/venv/lib/python3.8/site-packages/airflow/example_dags/example_branch_operator_decorator.py
[2022-08-29T20:13:40.528-0400] {logging_mixin.py:115} INFO - [2022-08-29T20:13:40.527-0400] {dag.py:2429} INFO - Sync 1 DAGs
[2022-08-29T20:13:40.547-0400] {logging_mixin.py:115} INFO - [2022-08-29T20:13:40.547-0400] {dag.py:2977} INFO - Setting next_dagrun for example_branch_python_operator_decorator to 2022-08-29T00:00:00+00:00, run_after=2022-08-30T00:00:00+00:00
[2022-08-29T20:13:40.562-0400] {processor.py:161} INFO - Processing /Users/jl/Documents/Repos/GHC-2022-data-engineering-workshop/venv/lib/python3.8/site-packages/airflow/example_dags/example_branch_operator_decorator.py took 0.170 seconds
[2022-08-29T20:15:15.733-0400] {processor.py:153} INFO - Started process (PID=15224) to work on /Users/jl/Documents/Repos/GHC-2022-data-engineering-workshop/venv/lib/python3.8/site-packages/airflow/example_dags/example_branch_operator_decorator.py
[2022-08-29T20:15:15.742-0400] {processor.py:640} INFO - Processing file /Users/jl/Documents/Repos/GHC-2022-data-engineering-workshop/venv/lib/python3.8/site-packages/airflow/example_dags/example_branch_operator_decorator.py for tasks to queue
[2022-08-29T20:15:15.742-0400] {logging_mixin.py:115} INFO - [2022-08-29T20:15:15.742-0400] {dagbag.py:508} INFO - Filling up the DagBag from /Users/jl/Documents/Repos/GHC-2022-data-engineering-workshop/venv/lib/python3.8/site-packages/airflow/example_dags/example_branch_operator_decorator.py
[2022-08-29T20:15:15.783-0400] {processor.py:650} INFO - DAG(s) dict_keys(['example_branch_python_operator_decorator']) retrieved from /Users/jl/Documents/Repos/GHC-2022-data-engineering-workshop/venv/lib/python3.8/site-packages/airflow/example_dags/example_branch_operator_decorator.py
[2022-08-29T20:15:15.863-0400] {logging_mixin.py:115} INFO - [2022-08-29T20:15:15.863-0400] {dag.py:2429} INFO - Sync 1 DAGs
[2022-08-29T20:15:15.882-0400] {logging_mixin.py:115} INFO - [2022-08-29T20:15:15.882-0400] {dag.py:2977} INFO - Setting next_dagrun for example_branch_python_operator_decorator to 2022-08-29T00:00:00+00:00, run_after=2022-08-30T00:00:00+00:00
[2022-08-29T20:15:15.897-0400] {processor.py:161} INFO - Processing /Users/jl/Documents/Repos/GHC-2022-data-engineering-workshop/venv/lib/python3.8/site-packages/airflow/example_dags/example_branch_operator_decorator.py took 0.165 seconds
[2022-08-29T20:17:00.803-0400] {processor.py:153} INFO - Started process (PID=15312) to work on /Users/jl/Documents/Repos/GHC-2022-data-engineering-workshop/venv/lib/python3.8/site-packages/airflow/example_dags/example_branch_operator_decorator.py
[2022-08-29T20:17:00.813-0400] {processor.py:640} INFO - Processing file /Users/jl/Documents/Repos/GHC-2022-data-engineering-workshop/venv/lib/python3.8/site-packages/airflow/example_dags/example_branch_operator_decorator.py for tasks to queue
[2022-08-29T20:17:00.814-0400] {logging_mixin.py:115} INFO - [2022-08-29T20:17:00.814-0400] {dagbag.py:508} INFO - Filling up the DagBag from /Users/jl/Documents/Repos/GHC-2022-data-engineering-workshop/venv/lib/python3.8/site-packages/airflow/example_dags/example_branch_operator_decorator.py
[2022-08-29T20:17:01.009-0400] {processor.py:650} INFO - DAG(s) dict_keys(['example_branch_python_operator_decorator']) retrieved from /Users/jl/Documents/Repos/GHC-2022-data-engineering-workshop/venv/lib/python3.8/site-packages/airflow/example_dags/example_branch_operator_decorator.py
[2022-08-29T20:17:01.145-0400] {logging_mixin.py:115} INFO - [2022-08-29T20:17:01.144-0400] {dag.py:2429} INFO - Sync 1 DAGs
[2022-08-29T20:17:01.184-0400] {logging_mixin.py:115} INFO - [2022-08-29T20:17:01.184-0400] {dag.py:2977} INFO - Setting next_dagrun for example_branch_python_operator_decorator to 2022-08-29T00:00:00+00:00, run_after=2022-08-30T00:00:00+00:00
[2022-08-29T20:17:01.222-0400] {processor.py:161} INFO - Processing /Users/jl/Documents/Repos/GHC-2022-data-engineering-workshop/venv/lib/python3.8/site-packages/airflow/example_dags/example_branch_operator_decorator.py took 0.418 seconds
[2022-08-29T20:18:55.548-0400] {processor.py:153} INFO - Started process (PID=15446) to work on /Users/jl/Documents/Repos/GHC-2022-data-engineering-workshop/venv/lib/python3.8/site-packages/airflow/example_dags/example_branch_operator_decorator.py
[2022-08-29T20:18:55.557-0400] {processor.py:640} INFO - Processing file /Users/jl/Documents/Repos/GHC-2022-data-engineering-workshop/venv/lib/python3.8/site-packages/airflow/example_dags/example_branch_operator_decorator.py for tasks to queue
[2022-08-29T20:18:55.557-0400] {logging_mixin.py:115} INFO - [2022-08-29T20:18:55.557-0400] {dagbag.py:508} INFO - Filling up the DagBag from /Users/jl/Documents/Repos/GHC-2022-data-engineering-workshop/venv/lib/python3.8/site-packages/airflow/example_dags/example_branch_operator_decorator.py
[2022-08-29T20:18:55.606-0400] {processor.py:650} INFO - DAG(s) dict_keys(['example_branch_python_operator_decorator']) retrieved from /Users/jl/Documents/Repos/GHC-2022-data-engineering-workshop/venv/lib/python3.8/site-packages/airflow/example_dags/example_branch_operator_decorator.py
[2022-08-29T20:18:55.693-0400] {logging_mixin.py:115} INFO - [2022-08-29T20:18:55.693-0400] {dag.py:2429} INFO - Sync 1 DAGs
[2022-08-29T20:18:55.714-0400] {logging_mixin.py:115} INFO - [2022-08-29T20:18:55.714-0400] {dag.py:2977} INFO - Setting next_dagrun for example_branch_python_operator_decorator to 2022-08-29T00:00:00+00:00, run_after=2022-08-30T00:00:00+00:00
[2022-08-29T20:18:55.729-0400] {processor.py:161} INFO - Processing /Users/jl/Documents/Repos/GHC-2022-data-engineering-workshop/venv/lib/python3.8/site-packages/airflow/example_dags/example_branch_operator_decorator.py took 0.183 seconds
[2022-08-29T20:20:36.327-0400] {processor.py:153} INFO - Started process (PID=15537) to work on /Users/jl/Documents/Repos/GHC-2022-data-engineering-workshop/venv/lib/python3.8/site-packages/airflow/example_dags/example_branch_operator_decorator.py
[2022-08-29T20:20:36.338-0400] {processor.py:640} INFO - Processing file /Users/jl/Documents/Repos/GHC-2022-data-engineering-workshop/venv/lib/python3.8/site-packages/airflow/example_dags/example_branch_operator_decorator.py for tasks to queue
[2022-08-29T20:20:36.339-0400] {logging_mixin.py:115} INFO - [2022-08-29T20:20:36.339-0400] {dagbag.py:508} INFO - Filling up the DagBag from /Users/jl/Documents/Repos/GHC-2022-data-engineering-workshop/venv/lib/python3.8/site-packages/airflow/example_dags/example_branch_operator_decorator.py
[2022-08-29T20:20:36.384-0400] {processor.py:650} INFO - DAG(s) dict_keys(['example_branch_python_operator_decorator']) retrieved from /Users/jl/Documents/Repos/GHC-2022-data-engineering-workshop/venv/lib/python3.8/site-packages/airflow/example_dags/example_branch_operator_decorator.py
[2022-08-29T20:20:36.465-0400] {logging_mixin.py:115} INFO - [2022-08-29T20:20:36.465-0400] {dag.py:2429} INFO - Sync 1 DAGs
[2022-08-29T20:20:36.484-0400] {logging_mixin.py:115} INFO - [2022-08-29T20:20:36.484-0400] {dag.py:2977} INFO - Setting next_dagrun for example_branch_python_operator_decorator to 2022-08-29T00:00:00+00:00, run_after=2022-08-30T00:00:00+00:00
[2022-08-29T20:20:36.499-0400] {processor.py:161} INFO - Processing /Users/jl/Documents/Repos/GHC-2022-data-engineering-workshop/venv/lib/python3.8/site-packages/airflow/example_dags/example_branch_operator_decorator.py took 0.174 seconds
[2022-08-29T20:22:03.062-0400] {processor.py:153} INFO - Started process (PID=15620) to work on /Users/jl/Documents/Repos/GHC-2022-data-engineering-workshop/venv/lib/python3.8/site-packages/airflow/example_dags/example_branch_operator_decorator.py
[2022-08-29T20:22:03.070-0400] {processor.py:640} INFO - Processing file /Users/jl/Documents/Repos/GHC-2022-data-engineering-workshop/venv/lib/python3.8/site-packages/airflow/example_dags/example_branch_operator_decorator.py for tasks to queue
[2022-08-29T20:22:03.071-0400] {logging_mixin.py:115} INFO - [2022-08-29T20:22:03.070-0400] {dagbag.py:508} INFO - Filling up the DagBag from /Users/jl/Documents/Repos/GHC-2022-data-engineering-workshop/venv/lib/python3.8/site-packages/airflow/example_dags/example_branch_operator_decorator.py
[2022-08-29T20:22:03.112-0400] {processor.py:650} INFO - DAG(s) dict_keys(['example_branch_python_operator_decorator']) retrieved from /Users/jl/Documents/Repos/GHC-2022-data-engineering-workshop/venv/lib/python3.8/site-packages/airflow/example_dags/example_branch_operator_decorator.py
[2022-08-29T20:22:03.193-0400] {logging_mixin.py:115} INFO - [2022-08-29T20:22:03.193-0400] {dag.py:2429} INFO - Sync 1 DAGs
[2022-08-29T20:22:03.213-0400] {logging_mixin.py:115} INFO - [2022-08-29T20:22:03.213-0400] {dag.py:2977} INFO - Setting next_dagrun for example_branch_python_operator_decorator to 2022-08-29T00:00:00+00:00, run_after=2022-08-30T00:00:00+00:00
[2022-08-29T20:22:03.227-0400] {processor.py:161} INFO - Processing /Users/jl/Documents/Repos/GHC-2022-data-engineering-workshop/venv/lib/python3.8/site-packages/airflow/example_dags/example_branch_operator_decorator.py took 0.166 seconds
[2022-08-29T20:23:29.563-0400] {processor.py:153} INFO - Started process (PID=15701) to work on /Users/jl/Documents/Repos/GHC-2022-data-engineering-workshop/venv/lib/python3.8/site-packages/airflow/example_dags/example_branch_operator_decorator.py
[2022-08-29T20:23:29.571-0400] {processor.py:640} INFO - Processing file /Users/jl/Documents/Repos/GHC-2022-data-engineering-workshop/venv/lib/python3.8/site-packages/airflow/example_dags/example_branch_operator_decorator.py for tasks to queue
[2022-08-29T20:23:29.572-0400] {logging_mixin.py:115} INFO - [2022-08-29T20:23:29.571-0400] {dagbag.py:508} INFO - Filling up the DagBag from /Users/jl/Documents/Repos/GHC-2022-data-engineering-workshop/venv/lib/python3.8/site-packages/airflow/example_dags/example_branch_operator_decorator.py
[2022-08-29T20:23:29.614-0400] {processor.py:650} INFO - DAG(s) dict_keys(['example_branch_python_operator_decorator']) retrieved from /Users/jl/Documents/Repos/GHC-2022-data-engineering-workshop/venv/lib/python3.8/site-packages/airflow/example_dags/example_branch_operator_decorator.py
[2022-08-29T20:23:29.694-0400] {logging_mixin.py:115} INFO - [2022-08-29T20:23:29.694-0400] {dag.py:2429} INFO - Sync 1 DAGs
[2022-08-29T20:23:29.714-0400] {logging_mixin.py:115} INFO - [2022-08-29T20:23:29.714-0400] {dag.py:2977} INFO - Setting next_dagrun for example_branch_python_operator_decorator to 2022-08-29T00:00:00+00:00, run_after=2022-08-30T00:00:00+00:00
[2022-08-29T20:23:29.728-0400] {processor.py:161} INFO - Processing /Users/jl/Documents/Repos/GHC-2022-data-engineering-workshop/venv/lib/python3.8/site-packages/airflow/example_dags/example_branch_operator_decorator.py took 0.166 seconds
[2022-08-29T20:24:58.110-0400] {processor.py:153} INFO - Started process (PID=15784) to work on /Users/jl/Documents/Repos/GHC-2022-data-engineering-workshop/venv/lib/python3.8/site-packages/airflow/example_dags/example_branch_operator_decorator.py
[2022-08-29T20:24:58.123-0400] {processor.py:640} INFO - Processing file /Users/jl/Documents/Repos/GHC-2022-data-engineering-workshop/venv/lib/python3.8/site-packages/airflow/example_dags/example_branch_operator_decorator.py for tasks to queue
[2022-08-29T20:24:58.123-0400] {logging_mixin.py:115} INFO - [2022-08-29T20:24:58.123-0400] {dagbag.py:508} INFO - Filling up the DagBag from /Users/jl/Documents/Repos/GHC-2022-data-engineering-workshop/venv/lib/python3.8/site-packages/airflow/example_dags/example_branch_operator_decorator.py
[2022-08-29T20:24:58.173-0400] {processor.py:650} INFO - DAG(s) dict_keys(['example_branch_python_operator_decorator']) retrieved from /Users/jl/Documents/Repos/GHC-2022-data-engineering-workshop/venv/lib/python3.8/site-packages/airflow/example_dags/example_branch_operator_decorator.py
[2022-08-29T20:24:58.255-0400] {logging_mixin.py:115} INFO - [2022-08-29T20:24:58.255-0400] {dag.py:2429} INFO - Sync 1 DAGs
[2022-08-29T20:24:58.277-0400] {logging_mixin.py:115} INFO - [2022-08-29T20:24:58.276-0400] {dag.py:2977} INFO - Setting next_dagrun for example_branch_python_operator_decorator to 2022-08-29T00:00:00+00:00, run_after=2022-08-30T00:00:00+00:00
[2022-08-29T20:24:58.291-0400] {processor.py:161} INFO - Processing /Users/jl/Documents/Repos/GHC-2022-data-engineering-workshop/venv/lib/python3.8/site-packages/airflow/example_dags/example_branch_operator_decorator.py took 0.182 seconds
[2022-08-29T20:27:06.927-0400] {processor.py:153} INFO - Started process (PID=15907) to work on /Users/jl/Documents/Repos/GHC-2022-data-engineering-workshop/venv/lib/python3.8/site-packages/airflow/example_dags/example_branch_operator_decorator.py
[2022-08-29T20:27:06.938-0400] {processor.py:640} INFO - Processing file /Users/jl/Documents/Repos/GHC-2022-data-engineering-workshop/venv/lib/python3.8/site-packages/airflow/example_dags/example_branch_operator_decorator.py for tasks to queue
[2022-08-29T20:27:06.939-0400] {logging_mixin.py:115} INFO - [2022-08-29T20:27:06.938-0400] {dagbag.py:508} INFO - Filling up the DagBag from /Users/jl/Documents/Repos/GHC-2022-data-engineering-workshop/venv/lib/python3.8/site-packages/airflow/example_dags/example_branch_operator_decorator.py
[2022-08-29T20:27:06.986-0400] {processor.py:650} INFO - DAG(s) dict_keys(['example_branch_python_operator_decorator']) retrieved from /Users/jl/Documents/Repos/GHC-2022-data-engineering-workshop/venv/lib/python3.8/site-packages/airflow/example_dags/example_branch_operator_decorator.py
[2022-08-29T20:27:07.073-0400] {logging_mixin.py:115} INFO - [2022-08-29T20:27:07.073-0400] {dag.py:2429} INFO - Sync 1 DAGs
[2022-08-29T20:27:07.098-0400] {logging_mixin.py:115} INFO - [2022-08-29T20:27:07.098-0400] {dag.py:2977} INFO - Setting next_dagrun for example_branch_python_operator_decorator to 2022-08-29T00:00:00+00:00, run_after=2022-08-30T00:00:00+00:00
[2022-08-29T20:27:07.118-0400] {processor.py:161} INFO - Processing /Users/jl/Documents/Repos/GHC-2022-data-engineering-workshop/venv/lib/python3.8/site-packages/airflow/example_dags/example_branch_operator_decorator.py took 0.192 seconds
[2022-08-29T20:28:47.533-0400] {processor.py:153} INFO - Started process (PID=15997) to work on /Users/jl/Documents/Repos/GHC-2022-data-engineering-workshop/venv/lib/python3.8/site-packages/airflow/example_dags/example_branch_operator_decorator.py
[2022-08-29T20:28:47.542-0400] {processor.py:640} INFO - Processing file /Users/jl/Documents/Repos/GHC-2022-data-engineering-workshop/venv/lib/python3.8/site-packages/airflow/example_dags/example_branch_operator_decorator.py for tasks to queue
[2022-08-29T20:28:47.543-0400] {logging_mixin.py:115} INFO - [2022-08-29T20:28:47.543-0400] {dagbag.py:508} INFO - Filling up the DagBag from /Users/jl/Documents/Repos/GHC-2022-data-engineering-workshop/venv/lib/python3.8/site-packages/airflow/example_dags/example_branch_operator_decorator.py
[2022-08-29T20:28:47.586-0400] {processor.py:650} INFO - DAG(s) dict_keys(['example_branch_python_operator_decorator']) retrieved from /Users/jl/Documents/Repos/GHC-2022-data-engineering-workshop/venv/lib/python3.8/site-packages/airflow/example_dags/example_branch_operator_decorator.py
[2022-08-29T20:28:47.666-0400] {logging_mixin.py:115} INFO - [2022-08-29T20:28:47.665-0400] {dag.py:2429} INFO - Sync 1 DAGs
[2022-08-29T20:28:47.686-0400] {logging_mixin.py:115} INFO - [2022-08-29T20:28:47.686-0400] {dag.py:2977} INFO - Setting next_dagrun for example_branch_python_operator_decorator to 2022-08-29T00:00:00+00:00, run_after=2022-08-30T00:00:00+00:00
[2022-08-29T20:28:47.700-0400] {processor.py:161} INFO - Processing /Users/jl/Documents/Repos/GHC-2022-data-engineering-workshop/venv/lib/python3.8/site-packages/airflow/example_dags/example_branch_operator_decorator.py took 0.168 seconds
[2022-08-29T20:30:50.805-0400] {processor.py:153} INFO - Started process (PID=16109) to work on /Users/jl/Documents/Repos/GHC-2022-data-engineering-workshop/venv/lib/python3.8/site-packages/airflow/example_dags/example_branch_operator_decorator.py
[2022-08-29T20:30:50.882-0400] {processor.py:640} INFO - Processing file /Users/jl/Documents/Repos/GHC-2022-data-engineering-workshop/venv/lib/python3.8/site-packages/airflow/example_dags/example_branch_operator_decorator.py for tasks to queue
[2022-08-29T20:30:50.883-0400] {logging_mixin.py:115} INFO - [2022-08-29T20:30:50.883-0400] {dagbag.py:508} INFO - Filling up the DagBag from /Users/jl/Documents/Repos/GHC-2022-data-engineering-workshop/venv/lib/python3.8/site-packages/airflow/example_dags/example_branch_operator_decorator.py
[2022-08-29T20:30:51.059-0400] {processor.py:650} INFO - DAG(s) dict_keys(['example_branch_python_operator_decorator']) retrieved from /Users/jl/Documents/Repos/GHC-2022-data-engineering-workshop/venv/lib/python3.8/site-packages/airflow/example_dags/example_branch_operator_decorator.py
[2022-08-29T20:30:51.193-0400] {logging_mixin.py:115} INFO - [2022-08-29T20:30:51.192-0400] {dag.py:2429} INFO - Sync 1 DAGs
[2022-08-29T20:30:51.233-0400] {logging_mixin.py:115} INFO - [2022-08-29T20:30:51.233-0400] {dag.py:2977} INFO - Setting next_dagrun for example_branch_python_operator_decorator to 2022-08-29T00:00:00+00:00, run_after=2022-08-30T00:00:00+00:00
[2022-08-29T20:30:51.258-0400] {processor.py:161} INFO - Processing /Users/jl/Documents/Repos/GHC-2022-data-engineering-workshop/venv/lib/python3.8/site-packages/airflow/example_dags/example_branch_operator_decorator.py took 0.454 seconds
[2022-08-29T20:32:51.867-0400] {processor.py:153} INFO - Started process (PID=16230) to work on /Users/jl/Documents/Repos/GHC-2022-data-engineering-workshop/venv/lib/python3.8/site-packages/airflow/example_dags/example_branch_operator_decorator.py
[2022-08-29T20:32:51.877-0400] {processor.py:640} INFO - Processing file /Users/jl/Documents/Repos/GHC-2022-data-engineering-workshop/venv/lib/python3.8/site-packages/airflow/example_dags/example_branch_operator_decorator.py for tasks to queue
[2022-08-29T20:32:51.878-0400] {logging_mixin.py:115} INFO - [2022-08-29T20:32:51.878-0400] {dagbag.py:508} INFO - Filling up the DagBag from /Users/jl/Documents/Repos/GHC-2022-data-engineering-workshop/venv/lib/python3.8/site-packages/airflow/example_dags/example_branch_operator_decorator.py
[2022-08-29T20:32:51.919-0400] {processor.py:650} INFO - DAG(s) dict_keys(['example_branch_python_operator_decorator']) retrieved from /Users/jl/Documents/Repos/GHC-2022-data-engineering-workshop/venv/lib/python3.8/site-packages/airflow/example_dags/example_branch_operator_decorator.py
[2022-08-29T20:32:52.003-0400] {logging_mixin.py:115} INFO - [2022-08-29T20:32:52.002-0400] {dag.py:2429} INFO - Sync 1 DAGs
[2022-08-29T20:32:52.026-0400] {logging_mixin.py:115} INFO - [2022-08-29T20:32:52.026-0400] {dag.py:2977} INFO - Setting next_dagrun for example_branch_python_operator_decorator to 2022-08-29T00:00:00+00:00, run_after=2022-08-30T00:00:00+00:00
[2022-08-29T20:32:52.042-0400] {processor.py:161} INFO - Processing /Users/jl/Documents/Repos/GHC-2022-data-engineering-workshop/venv/lib/python3.8/site-packages/airflow/example_dags/example_branch_operator_decorator.py took 0.177 seconds
[2022-08-29T20:34:47.658-0400] {processor.py:153} INFO - Started process (PID=16331) to work on /Users/jl/Documents/Repos/GHC-2022-data-engineering-workshop/venv/lib/python3.8/site-packages/airflow/example_dags/example_branch_operator_decorator.py
[2022-08-29T20:34:47.669-0400] {processor.py:640} INFO - Processing file /Users/jl/Documents/Repos/GHC-2022-data-engineering-workshop/venv/lib/python3.8/site-packages/airflow/example_dags/example_branch_operator_decorator.py for tasks to queue
[2022-08-29T20:34:47.669-0400] {logging_mixin.py:115} INFO - [2022-08-29T20:34:47.669-0400] {dagbag.py:508} INFO - Filling up the DagBag from /Users/jl/Documents/Repos/GHC-2022-data-engineering-workshop/venv/lib/python3.8/site-packages/airflow/example_dags/example_branch_operator_decorator.py
[2022-08-29T20:34:47.735-0400] {processor.py:650} INFO - DAG(s) dict_keys(['example_branch_python_operator_decorator']) retrieved from /Users/jl/Documents/Repos/GHC-2022-data-engineering-workshop/venv/lib/python3.8/site-packages/airflow/example_dags/example_branch_operator_decorator.py
[2022-08-29T20:34:48.011-0400] {logging_mixin.py:115} INFO - [2022-08-29T20:34:48.010-0400] {dag.py:2429} INFO - Sync 1 DAGs
[2022-08-29T20:34:48.045-0400] {logging_mixin.py:115} INFO - [2022-08-29T20:34:48.045-0400] {dag.py:2977} INFO - Setting next_dagrun for example_branch_python_operator_decorator to 2022-08-29T00:00:00+00:00, run_after=2022-08-30T00:00:00+00:00
[2022-08-29T20:34:48.064-0400] {processor.py:161} INFO - Processing /Users/jl/Documents/Repos/GHC-2022-data-engineering-workshop/venv/lib/python3.8/site-packages/airflow/example_dags/example_branch_operator_decorator.py took 0.408 seconds
[2022-08-29T20:36:37.303-0400] {processor.py:153} INFO - Started process (PID=16457) to work on /Users/jl/Documents/Repos/GHC-2022-data-engineering-workshop/venv/lib/python3.8/site-packages/airflow/example_dags/example_branch_operator_decorator.py
[2022-08-29T20:36:37.314-0400] {processor.py:640} INFO - Processing file /Users/jl/Documents/Repos/GHC-2022-data-engineering-workshop/venv/lib/python3.8/site-packages/airflow/example_dags/example_branch_operator_decorator.py for tasks to queue
[2022-08-29T20:36:37.315-0400] {logging_mixin.py:115} INFO - [2022-08-29T20:36:37.314-0400] {dagbag.py:508} INFO - Filling up the DagBag from /Users/jl/Documents/Repos/GHC-2022-data-engineering-workshop/venv/lib/python3.8/site-packages/airflow/example_dags/example_branch_operator_decorator.py
[2022-08-29T20:36:37.359-0400] {processor.py:650} INFO - DAG(s) dict_keys(['example_branch_python_operator_decorator']) retrieved from /Users/jl/Documents/Repos/GHC-2022-data-engineering-workshop/venv/lib/python3.8/site-packages/airflow/example_dags/example_branch_operator_decorator.py
[2022-08-29T20:36:37.442-0400] {logging_mixin.py:115} INFO - [2022-08-29T20:36:37.442-0400] {dag.py:2429} INFO - Sync 1 DAGs
[2022-08-29T20:36:37.462-0400] {logging_mixin.py:115} INFO - [2022-08-29T20:36:37.462-0400] {dag.py:2977} INFO - Setting next_dagrun for example_branch_python_operator_decorator to 2022-08-29T00:00:00+00:00, run_after=2022-08-30T00:00:00+00:00
[2022-08-29T20:36:37.479-0400] {processor.py:161} INFO - Processing /Users/jl/Documents/Repos/GHC-2022-data-engineering-workshop/venv/lib/python3.8/site-packages/airflow/example_dags/example_branch_operator_decorator.py took 0.177 seconds
[2022-08-29T20:38:32.921-0400] {processor.py:153} INFO - Started process (PID=16571) to work on /Users/jl/Documents/Repos/GHC-2022-data-engineering-workshop/venv/lib/python3.8/site-packages/airflow/example_dags/example_branch_operator_decorator.py
[2022-08-29T20:38:32.934-0400] {processor.py:640} INFO - Processing file /Users/jl/Documents/Repos/GHC-2022-data-engineering-workshop/venv/lib/python3.8/site-packages/airflow/example_dags/example_branch_operator_decorator.py for tasks to queue
[2022-08-29T20:38:32.934-0400] {logging_mixin.py:115} INFO - [2022-08-29T20:38:32.934-0400] {dagbag.py:508} INFO - Filling up the DagBag from /Users/jl/Documents/Repos/GHC-2022-data-engineering-workshop/venv/lib/python3.8/site-packages/airflow/example_dags/example_branch_operator_decorator.py
[2022-08-29T20:38:32.982-0400] {processor.py:650} INFO - DAG(s) dict_keys(['example_branch_python_operator_decorator']) retrieved from /Users/jl/Documents/Repos/GHC-2022-data-engineering-workshop/venv/lib/python3.8/site-packages/airflow/example_dags/example_branch_operator_decorator.py
[2022-08-29T20:38:33.065-0400] {logging_mixin.py:115} INFO - [2022-08-29T20:38:33.064-0400] {dag.py:2429} INFO - Sync 1 DAGs
[2022-08-29T20:38:33.086-0400] {logging_mixin.py:115} INFO - [2022-08-29T20:38:33.086-0400] {dag.py:2977} INFO - Setting next_dagrun for example_branch_python_operator_decorator to 2022-08-29T00:00:00+00:00, run_after=2022-08-30T00:00:00+00:00
[2022-08-29T20:38:33.103-0400] {processor.py:161} INFO - Processing /Users/jl/Documents/Repos/GHC-2022-data-engineering-workshop/venv/lib/python3.8/site-packages/airflow/example_dags/example_branch_operator_decorator.py took 0.183 seconds
[2022-08-29T20:40:25.174-0400] {processor.py:153} INFO - Started process (PID=16670) to work on /Users/jl/Documents/Repos/GHC-2022-data-engineering-workshop/venv/lib/python3.8/site-packages/airflow/example_dags/example_branch_operator_decorator.py
[2022-08-29T20:40:25.183-0400] {processor.py:640} INFO - Processing file /Users/jl/Documents/Repos/GHC-2022-data-engineering-workshop/venv/lib/python3.8/site-packages/airflow/example_dags/example_branch_operator_decorator.py for tasks to queue
[2022-08-29T20:40:25.184-0400] {logging_mixin.py:115} INFO - [2022-08-29T20:40:25.184-0400] {dagbag.py:508} INFO - Filling up the DagBag from /Users/jl/Documents/Repos/GHC-2022-data-engineering-workshop/venv/lib/python3.8/site-packages/airflow/example_dags/example_branch_operator_decorator.py
[2022-08-29T20:40:25.228-0400] {processor.py:650} INFO - DAG(s) dict_keys(['example_branch_python_operator_decorator']) retrieved from /Users/jl/Documents/Repos/GHC-2022-data-engineering-workshop/venv/lib/python3.8/site-packages/airflow/example_dags/example_branch_operator_decorator.py
[2022-08-29T20:40:25.307-0400] {logging_mixin.py:115} INFO - [2022-08-29T20:40:25.307-0400] {dag.py:2429} INFO - Sync 1 DAGs
[2022-08-29T20:40:25.326-0400] {logging_mixin.py:115} INFO - [2022-08-29T20:40:25.326-0400] {dag.py:2977} INFO - Setting next_dagrun for example_branch_python_operator_decorator to 2022-08-29T00:00:00+00:00, run_after=2022-08-30T00:00:00+00:00
[2022-08-29T20:40:25.340-0400] {processor.py:161} INFO - Processing /Users/jl/Documents/Repos/GHC-2022-data-engineering-workshop/venv/lib/python3.8/site-packages/airflow/example_dags/example_branch_operator_decorator.py took 0.167 seconds
[2022-08-29T20:42:11.799-0400] {processor.py:153} INFO - Started process (PID=16765) to work on /Users/jl/Documents/Repos/GHC-2022-data-engineering-workshop/venv/lib/python3.8/site-packages/airflow/example_dags/example_branch_operator_decorator.py
[2022-08-29T20:42:11.809-0400] {processor.py:640} INFO - Processing file /Users/jl/Documents/Repos/GHC-2022-data-engineering-workshop/venv/lib/python3.8/site-packages/airflow/example_dags/example_branch_operator_decorator.py for tasks to queue
[2022-08-29T20:42:11.809-0400] {logging_mixin.py:115} INFO - [2022-08-29T20:42:11.809-0400] {dagbag.py:508} INFO - Filling up the DagBag from /Users/jl/Documents/Repos/GHC-2022-data-engineering-workshop/venv/lib/python3.8/site-packages/airflow/example_dags/example_branch_operator_decorator.py
[2022-08-29T20:42:11.853-0400] {processor.py:650} INFO - DAG(s) dict_keys(['example_branch_python_operator_decorator']) retrieved from /Users/jl/Documents/Repos/GHC-2022-data-engineering-workshop/venv/lib/python3.8/site-packages/airflow/example_dags/example_branch_operator_decorator.py
[2022-08-29T20:42:11.936-0400] {logging_mixin.py:115} INFO - [2022-08-29T20:42:11.936-0400] {dag.py:2429} INFO - Sync 1 DAGs
[2022-08-29T20:42:11.955-0400] {logging_mixin.py:115} INFO - [2022-08-29T20:42:11.955-0400] {dag.py:2977} INFO - Setting next_dagrun for example_branch_python_operator_decorator to 2022-08-29T00:00:00+00:00, run_after=2022-08-30T00:00:00+00:00
[2022-08-29T20:42:11.968-0400] {processor.py:161} INFO - Processing /Users/jl/Documents/Repos/GHC-2022-data-engineering-workshop/venv/lib/python3.8/site-packages/airflow/example_dags/example_branch_operator_decorator.py took 0.171 seconds
[2022-08-29T20:44:08.552-0400] {processor.py:153} INFO - Started process (PID=16868) to work on /Users/jl/Documents/Repos/GHC-2022-data-engineering-workshop/venv/lib/python3.8/site-packages/airflow/example_dags/example_branch_operator_decorator.py
[2022-08-29T20:44:08.562-0400] {processor.py:640} INFO - Processing file /Users/jl/Documents/Repos/GHC-2022-data-engineering-workshop/venv/lib/python3.8/site-packages/airflow/example_dags/example_branch_operator_decorator.py for tasks to queue
[2022-08-29T20:44:08.563-0400] {logging_mixin.py:115} INFO - [2022-08-29T20:44:08.562-0400] {dagbag.py:508} INFO - Filling up the DagBag from /Users/jl/Documents/Repos/GHC-2022-data-engineering-workshop/venv/lib/python3.8/site-packages/airflow/example_dags/example_branch_operator_decorator.py
[2022-08-29T20:44:08.605-0400] {processor.py:650} INFO - DAG(s) dict_keys(['example_branch_python_operator_decorator']) retrieved from /Users/jl/Documents/Repos/GHC-2022-data-engineering-workshop/venv/lib/python3.8/site-packages/airflow/example_dags/example_branch_operator_decorator.py
[2022-08-29T20:44:08.696-0400] {logging_mixin.py:115} INFO - [2022-08-29T20:44:08.695-0400] {dag.py:2429} INFO - Sync 1 DAGs
[2022-08-29T20:44:08.724-0400] {logging_mixin.py:115} INFO - [2022-08-29T20:44:08.724-0400] {dag.py:2977} INFO - Setting next_dagrun for example_branch_python_operator_decorator to 2022-08-29T00:00:00+00:00, run_after=2022-08-30T00:00:00+00:00
[2022-08-29T20:44:08.746-0400] {processor.py:161} INFO - Processing /Users/jl/Documents/Repos/GHC-2022-data-engineering-workshop/venv/lib/python3.8/site-packages/airflow/example_dags/example_branch_operator_decorator.py took 0.196 seconds
[2022-08-29T20:45:59.566-0400] {processor.py:153} INFO - Started process (PID=16970) to work on /Users/jl/Documents/Repos/GHC-2022-data-engineering-workshop/venv/lib/python3.8/site-packages/airflow/example_dags/example_branch_operator_decorator.py
[2022-08-29T20:45:59.577-0400] {processor.py:640} INFO - Processing file /Users/jl/Documents/Repos/GHC-2022-data-engineering-workshop/venv/lib/python3.8/site-packages/airflow/example_dags/example_branch_operator_decorator.py for tasks to queue
[2022-08-29T20:45:59.578-0400] {logging_mixin.py:115} INFO - [2022-08-29T20:45:59.578-0400] {dagbag.py:508} INFO - Filling up the DagBag from /Users/jl/Documents/Repos/GHC-2022-data-engineering-workshop/venv/lib/python3.8/site-packages/airflow/example_dags/example_branch_operator_decorator.py
[2022-08-29T20:45:59.622-0400] {processor.py:650} INFO - DAG(s) dict_keys(['example_branch_python_operator_decorator']) retrieved from /Users/jl/Documents/Repos/GHC-2022-data-engineering-workshop/venv/lib/python3.8/site-packages/airflow/example_dags/example_branch_operator_decorator.py
[2022-08-29T20:45:59.705-0400] {logging_mixin.py:115} INFO - [2022-08-29T20:45:59.705-0400] {dag.py:2429} INFO - Sync 1 DAGs
[2022-08-29T20:45:59.725-0400] {logging_mixin.py:115} INFO - [2022-08-29T20:45:59.725-0400] {dag.py:2977} INFO - Setting next_dagrun for example_branch_python_operator_decorator to 2022-08-29T00:00:00+00:00, run_after=2022-08-30T00:00:00+00:00
[2022-08-29T20:45:59.739-0400] {processor.py:161} INFO - Processing /Users/jl/Documents/Repos/GHC-2022-data-engineering-workshop/venv/lib/python3.8/site-packages/airflow/example_dags/example_branch_operator_decorator.py took 0.174 seconds
[2022-08-29T20:47:44.275-0400] {processor.py:153} INFO - Started process (PID=17067) to work on /Users/jl/Documents/Repos/GHC-2022-data-engineering-workshop/venv/lib/python3.8/site-packages/airflow/example_dags/example_branch_operator_decorator.py
[2022-08-29T20:47:44.285-0400] {processor.py:640} INFO - Processing file /Users/jl/Documents/Repos/GHC-2022-data-engineering-workshop/venv/lib/python3.8/site-packages/airflow/example_dags/example_branch_operator_decorator.py for tasks to queue
[2022-08-29T20:47:44.285-0400] {logging_mixin.py:115} INFO - [2022-08-29T20:47:44.285-0400] {dagbag.py:508} INFO - Filling up the DagBag from /Users/jl/Documents/Repos/GHC-2022-data-engineering-workshop/venv/lib/python3.8/site-packages/airflow/example_dags/example_branch_operator_decorator.py
[2022-08-29T20:47:44.327-0400] {processor.py:650} INFO - DAG(s) dict_keys(['example_branch_python_operator_decorator']) retrieved from /Users/jl/Documents/Repos/GHC-2022-data-engineering-workshop/venv/lib/python3.8/site-packages/airflow/example_dags/example_branch_operator_decorator.py
[2022-08-29T20:47:44.406-0400] {logging_mixin.py:115} INFO - [2022-08-29T20:47:44.406-0400] {dag.py:2429} INFO - Sync 1 DAGs
[2022-08-29T20:47:44.425-0400] {logging_mixin.py:115} INFO - [2022-08-29T20:47:44.425-0400] {dag.py:2977} INFO - Setting next_dagrun for example_branch_python_operator_decorator to 2022-08-29T00:00:00+00:00, run_after=2022-08-30T00:00:00+00:00
[2022-08-29T20:47:44.440-0400] {processor.py:161} INFO - Processing /Users/jl/Documents/Repos/GHC-2022-data-engineering-workshop/venv/lib/python3.8/site-packages/airflow/example_dags/example_branch_operator_decorator.py took 0.166 seconds
[2022-08-29T20:49:34.882-0400] {processor.py:153} INFO - Started process (PID=17161) to work on /Users/jl/Documents/Repos/GHC-2022-data-engineering-workshop/venv/lib/python3.8/site-packages/airflow/example_dags/example_branch_operator_decorator.py
[2022-08-29T20:49:34.891-0400] {processor.py:640} INFO - Processing file /Users/jl/Documents/Repos/GHC-2022-data-engineering-workshop/venv/lib/python3.8/site-packages/airflow/example_dags/example_branch_operator_decorator.py for tasks to queue
[2022-08-29T20:49:34.892-0400] {logging_mixin.py:115} INFO - [2022-08-29T20:49:34.892-0400] {dagbag.py:508} INFO - Filling up the DagBag from /Users/jl/Documents/Repos/GHC-2022-data-engineering-workshop/venv/lib/python3.8/site-packages/airflow/example_dags/example_branch_operator_decorator.py
[2022-08-29T20:49:34.935-0400] {processor.py:650} INFO - DAG(s) dict_keys(['example_branch_python_operator_decorator']) retrieved from /Users/jl/Documents/Repos/GHC-2022-data-engineering-workshop/venv/lib/python3.8/site-packages/airflow/example_dags/example_branch_operator_decorator.py
[2022-08-29T20:49:35.015-0400] {logging_mixin.py:115} INFO - [2022-08-29T20:49:35.014-0400] {dag.py:2429} INFO - Sync 1 DAGs
[2022-08-29T20:49:35.037-0400] {logging_mixin.py:115} INFO - [2022-08-29T20:49:35.037-0400] {dag.py:2977} INFO - Setting next_dagrun for example_branch_python_operator_decorator to 2022-08-29T00:00:00+00:00, run_after=2022-08-30T00:00:00+00:00
[2022-08-29T20:49:35.053-0400] {processor.py:161} INFO - Processing /Users/jl/Documents/Repos/GHC-2022-data-engineering-workshop/venv/lib/python3.8/site-packages/airflow/example_dags/example_branch_operator_decorator.py took 0.172 seconds
[2022-08-29T20:51:10.627-0400] {processor.py:153} INFO - Started process (PID=17249) to work on /Users/jl/Documents/Repos/GHC-2022-data-engineering-workshop/venv/lib/python3.8/site-packages/airflow/example_dags/example_branch_operator_decorator.py
[2022-08-29T20:51:10.635-0400] {processor.py:640} INFO - Processing file /Users/jl/Documents/Repos/GHC-2022-data-engineering-workshop/venv/lib/python3.8/site-packages/airflow/example_dags/example_branch_operator_decorator.py for tasks to queue
[2022-08-29T20:51:10.635-0400] {logging_mixin.py:115} INFO - [2022-08-29T20:51:10.635-0400] {dagbag.py:508} INFO - Filling up the DagBag from /Users/jl/Documents/Repos/GHC-2022-data-engineering-workshop/venv/lib/python3.8/site-packages/airflow/example_dags/example_branch_operator_decorator.py
[2022-08-29T20:51:10.677-0400] {processor.py:650} INFO - DAG(s) dict_keys(['example_branch_python_operator_decorator']) retrieved from /Users/jl/Documents/Repos/GHC-2022-data-engineering-workshop/venv/lib/python3.8/site-packages/airflow/example_dags/example_branch_operator_decorator.py
[2022-08-29T20:51:10.755-0400] {logging_mixin.py:115} INFO - [2022-08-29T20:51:10.755-0400] {dag.py:2429} INFO - Sync 1 DAGs
[2022-08-29T20:51:10.775-0400] {logging_mixin.py:115} INFO - [2022-08-29T20:51:10.774-0400] {dag.py:2977} INFO - Setting next_dagrun for example_branch_python_operator_decorator to 2022-08-29T00:00:00+00:00, run_after=2022-08-30T00:00:00+00:00
[2022-08-29T20:51:10.788-0400] {processor.py:161} INFO - Processing /Users/jl/Documents/Repos/GHC-2022-data-engineering-workshop/venv/lib/python3.8/site-packages/airflow/example_dags/example_branch_operator_decorator.py took 0.163 seconds
[2022-08-29T20:52:48.515-0400] {processor.py:153} INFO - Started process (PID=17342) to work on /Users/jl/Documents/Repos/GHC-2022-data-engineering-workshop/venv/lib/python3.8/site-packages/airflow/example_dags/example_branch_operator_decorator.py
[2022-08-29T20:52:48.524-0400] {processor.py:640} INFO - Processing file /Users/jl/Documents/Repos/GHC-2022-data-engineering-workshop/venv/lib/python3.8/site-packages/airflow/example_dags/example_branch_operator_decorator.py for tasks to queue
[2022-08-29T20:52:48.524-0400] {logging_mixin.py:115} INFO - [2022-08-29T20:52:48.524-0400] {dagbag.py:508} INFO - Filling up the DagBag from /Users/jl/Documents/Repos/GHC-2022-data-engineering-workshop/venv/lib/python3.8/site-packages/airflow/example_dags/example_branch_operator_decorator.py
[2022-08-29T20:52:48.566-0400] {processor.py:650} INFO - DAG(s) dict_keys(['example_branch_python_operator_decorator']) retrieved from /Users/jl/Documents/Repos/GHC-2022-data-engineering-workshop/venv/lib/python3.8/site-packages/airflow/example_dags/example_branch_operator_decorator.py
[2022-08-29T20:52:48.643-0400] {logging_mixin.py:115} INFO - [2022-08-29T20:52:48.643-0400] {dag.py:2429} INFO - Sync 1 DAGs
[2022-08-29T20:52:48.662-0400] {logging_mixin.py:115} INFO - [2022-08-29T20:52:48.662-0400] {dag.py:2977} INFO - Setting next_dagrun for example_branch_python_operator_decorator to 2022-08-29T00:00:00+00:00, run_after=2022-08-30T00:00:00+00:00
[2022-08-29T20:52:48.676-0400] {processor.py:161} INFO - Processing /Users/jl/Documents/Repos/GHC-2022-data-engineering-workshop/venv/lib/python3.8/site-packages/airflow/example_dags/example_branch_operator_decorator.py took 0.162 seconds
[2022-08-29T20:54:54.394-0400] {processor.py:153} INFO - Started process (PID=17440) to work on /Users/jl/Documents/Repos/GHC-2022-data-engineering-workshop/venv/lib/python3.8/site-packages/airflow/example_dags/example_branch_operator_decorator.py
[2022-08-29T20:54:54.406-0400] {processor.py:640} INFO - Processing file /Users/jl/Documents/Repos/GHC-2022-data-engineering-workshop/venv/lib/python3.8/site-packages/airflow/example_dags/example_branch_operator_decorator.py for tasks to queue
[2022-08-29T20:54:54.406-0400] {logging_mixin.py:115} INFO - [2022-08-29T20:54:54.406-0400] {dagbag.py:508} INFO - Filling up the DagBag from /Users/jl/Documents/Repos/GHC-2022-data-engineering-workshop/venv/lib/python3.8/site-packages/airflow/example_dags/example_branch_operator_decorator.py
[2022-08-29T20:54:54.458-0400] {processor.py:650} INFO - DAG(s) dict_keys(['example_branch_python_operator_decorator']) retrieved from /Users/jl/Documents/Repos/GHC-2022-data-engineering-workshop/venv/lib/python3.8/site-packages/airflow/example_dags/example_branch_operator_decorator.py
[2022-08-29T20:54:54.558-0400] {logging_mixin.py:115} INFO - [2022-08-29T20:54:54.558-0400] {dag.py:2429} INFO - Sync 1 DAGs
[2022-08-29T20:54:54.587-0400] {logging_mixin.py:115} INFO - [2022-08-29T20:54:54.587-0400] {dag.py:2977} INFO - Setting next_dagrun for example_branch_python_operator_decorator to 2022-08-29T00:00:00+00:00, run_after=2022-08-30T00:00:00+00:00
[2022-08-29T20:54:54.603-0400] {processor.py:161} INFO - Processing /Users/jl/Documents/Repos/GHC-2022-data-engineering-workshop/venv/lib/python3.8/site-packages/airflow/example_dags/example_branch_operator_decorator.py took 0.211 seconds
[2022-08-29T20:56:38.971-0400] {processor.py:153} INFO - Started process (PID=17530) to work on /Users/jl/Documents/Repos/GHC-2022-data-engineering-workshop/venv/lib/python3.8/site-packages/airflow/example_dags/example_branch_operator_decorator.py
[2022-08-29T20:56:38.979-0400] {processor.py:640} INFO - Processing file /Users/jl/Documents/Repos/GHC-2022-data-engineering-workshop/venv/lib/python3.8/site-packages/airflow/example_dags/example_branch_operator_decorator.py for tasks to queue
[2022-08-29T20:56:38.979-0400] {logging_mixin.py:115} INFO - [2022-08-29T20:56:38.979-0400] {dagbag.py:508} INFO - Filling up the DagBag from /Users/jl/Documents/Repos/GHC-2022-data-engineering-workshop/venv/lib/python3.8/site-packages/airflow/example_dags/example_branch_operator_decorator.py
[2022-08-29T20:56:39.021-0400] {processor.py:650} INFO - DAG(s) dict_keys(['example_branch_python_operator_decorator']) retrieved from /Users/jl/Documents/Repos/GHC-2022-data-engineering-workshop/venv/lib/python3.8/site-packages/airflow/example_dags/example_branch_operator_decorator.py
[2022-08-29T20:56:39.101-0400] {logging_mixin.py:115} INFO - [2022-08-29T20:56:39.100-0400] {dag.py:2429} INFO - Sync 1 DAGs
[2022-08-29T20:56:39.120-0400] {logging_mixin.py:115} INFO - [2022-08-29T20:56:39.120-0400] {dag.py:2977} INFO - Setting next_dagrun for example_branch_python_operator_decorator to 2022-08-29T00:00:00+00:00, run_after=2022-08-30T00:00:00+00:00
[2022-08-29T20:56:39.135-0400] {processor.py:161} INFO - Processing /Users/jl/Documents/Repos/GHC-2022-data-engineering-workshop/venv/lib/python3.8/site-packages/airflow/example_dags/example_branch_operator_decorator.py took 0.165 seconds
[2022-08-29T20:58:53.296-0400] {processor.py:153} INFO - Started process (PID=17646) to work on /Users/jl/Documents/Repos/GHC-2022-data-engineering-workshop/venv/lib/python3.8/site-packages/airflow/example_dags/example_branch_operator_decorator.py
[2022-08-29T20:58:53.309-0400] {processor.py:640} INFO - Processing file /Users/jl/Documents/Repos/GHC-2022-data-engineering-workshop/venv/lib/python3.8/site-packages/airflow/example_dags/example_branch_operator_decorator.py for tasks to queue
[2022-08-29T20:58:53.310-0400] {logging_mixin.py:115} INFO - [2022-08-29T20:58:53.309-0400] {dagbag.py:508} INFO - Filling up the DagBag from /Users/jl/Documents/Repos/GHC-2022-data-engineering-workshop/venv/lib/python3.8/site-packages/airflow/example_dags/example_branch_operator_decorator.py
[2022-08-29T20:58:53.369-0400] {processor.py:650} INFO - DAG(s) dict_keys(['example_branch_python_operator_decorator']) retrieved from /Users/jl/Documents/Repos/GHC-2022-data-engineering-workshop/venv/lib/python3.8/site-packages/airflow/example_dags/example_branch_operator_decorator.py
[2022-08-29T20:58:53.469-0400] {logging_mixin.py:115} INFO - [2022-08-29T20:58:53.469-0400] {dag.py:2429} INFO - Sync 1 DAGs
[2022-08-29T20:58:53.493-0400] {logging_mixin.py:115} INFO - [2022-08-29T20:58:53.493-0400] {dag.py:2977} INFO - Setting next_dagrun for example_branch_python_operator_decorator to 2022-08-29T00:00:00+00:00, run_after=2022-08-30T00:00:00+00:00
[2022-08-29T20:58:53.510-0400] {processor.py:161} INFO - Processing /Users/jl/Documents/Repos/GHC-2022-data-engineering-workshop/venv/lib/python3.8/site-packages/airflow/example_dags/example_branch_operator_decorator.py took 0.215 seconds
[2022-08-29T21:01:00.865-0400] {processor.py:153} INFO - Started process (PID=17789) to work on /Users/jl/Documents/Repos/GHC-2022-data-engineering-workshop/venv/lib/python3.8/site-packages/airflow/example_dags/example_branch_operator_decorator.py
[2022-08-29T21:01:00.874-0400] {processor.py:640} INFO - Processing file /Users/jl/Documents/Repos/GHC-2022-data-engineering-workshop/venv/lib/python3.8/site-packages/airflow/example_dags/example_branch_operator_decorator.py for tasks to queue
[2022-08-29T21:01:00.874-0400] {logging_mixin.py:115} INFO - [2022-08-29T21:01:00.874-0400] {dagbag.py:508} INFO - Filling up the DagBag from /Users/jl/Documents/Repos/GHC-2022-data-engineering-workshop/venv/lib/python3.8/site-packages/airflow/example_dags/example_branch_operator_decorator.py
[2022-08-29T21:01:00.918-0400] {processor.py:650} INFO - DAG(s) dict_keys(['example_branch_python_operator_decorator']) retrieved from /Users/jl/Documents/Repos/GHC-2022-data-engineering-workshop/venv/lib/python3.8/site-packages/airflow/example_dags/example_branch_operator_decorator.py
[2022-08-29T21:01:00.997-0400] {logging_mixin.py:115} INFO - [2022-08-29T21:01:00.997-0400] {dag.py:2429} INFO - Sync 1 DAGs
[2022-08-29T21:01:01.016-0400] {logging_mixin.py:115} INFO - [2022-08-29T21:01:01.016-0400] {dag.py:2977} INFO - Setting next_dagrun for example_branch_python_operator_decorator to 2022-08-29T00:00:00+00:00, run_after=2022-08-30T00:00:00+00:00
[2022-08-29T21:01:01.031-0400] {processor.py:161} INFO - Processing /Users/jl/Documents/Repos/GHC-2022-data-engineering-workshop/venv/lib/python3.8/site-packages/airflow/example_dags/example_branch_operator_decorator.py took 0.166 seconds
