[2022-08-29T20:00:30.365-0400] {processor.py:153} INFO - Started process (PID=14373) to work on /Users/jl/Documents/Repos/GHC-2022-data-engineering-workshop/venv/lib/python3.8/site-packages/airflow/example_dags/example_bash_operator.py
[2022-08-29T20:00:30.374-0400] {processor.py:640} INFO - Processing file /Users/jl/Documents/Repos/GHC-2022-data-engineering-workshop/venv/lib/python3.8/site-packages/airflow/example_dags/example_bash_operator.py for tasks to queue
[2022-08-29T20:00:30.374-0400] {logging_mixin.py:115} INFO - [2022-08-29T20:00:30.374-0400] {dagbag.py:508} INFO - Filling up the DagBag from /Users/jl/Documents/Repos/GHC-2022-data-engineering-workshop/venv/lib/python3.8/site-packages/airflow/example_dags/example_bash_operator.py
[2022-08-29T20:00:30.397-0400] {processor.py:650} INFO - DAG(s) dict_keys(['example_bash_operator']) retrieved from /Users/jl/Documents/Repos/GHC-2022-data-engineering-workshop/venv/lib/python3.8/site-packages/airflow/example_dags/example_bash_operator.py
[2022-08-29T20:00:30.483-0400] {logging_mixin.py:115} INFO - [2022-08-29T20:00:30.483-0400] {dag.py:2429} INFO - Sync 1 DAGs
[2022-08-29T20:00:30.504-0400] {logging_mixin.py:115} INFO - [2022-08-29T20:00:30.504-0400] {dag.py:2977} INFO - Setting next_dagrun for example_bash_operator to 2022-08-29T00:00:00+00:00, run_after=2022-08-30T00:00:00+00:00
[2022-08-29T20:00:30.518-0400] {processor.py:161} INFO - Processing /Users/jl/Documents/Repos/GHC-2022-data-engineering-workshop/venv/lib/python3.8/site-packages/airflow/example_dags/example_bash_operator.py took 0.154 seconds
[2022-08-29T20:02:00.789-0400] {processor.py:153} INFO - Started process (PID=14456) to work on /Users/jl/Documents/Repos/GHC-2022-data-engineering-workshop/venv/lib/python3.8/site-packages/airflow/example_dags/example_bash_operator.py
[2022-08-29T20:02:00.797-0400] {processor.py:640} INFO - Processing file /Users/jl/Documents/Repos/GHC-2022-data-engineering-workshop/venv/lib/python3.8/site-packages/airflow/example_dags/example_bash_operator.py for tasks to queue
[2022-08-29T20:02:00.798-0400] {logging_mixin.py:115} INFO - [2022-08-29T20:02:00.797-0400] {dagbag.py:508} INFO - Filling up the DagBag from /Users/jl/Documents/Repos/GHC-2022-data-engineering-workshop/venv/lib/python3.8/site-packages/airflow/example_dags/example_bash_operator.py
[2022-08-29T20:02:00.818-0400] {processor.py:650} INFO - DAG(s) dict_keys(['example_bash_operator']) retrieved from /Users/jl/Documents/Repos/GHC-2022-data-engineering-workshop/venv/lib/python3.8/site-packages/airflow/example_dags/example_bash_operator.py
[2022-08-29T20:02:00.903-0400] {logging_mixin.py:115} INFO - [2022-08-29T20:02:00.903-0400] {dag.py:2429} INFO - Sync 1 DAGs
[2022-08-29T20:02:00.924-0400] {logging_mixin.py:115} INFO - [2022-08-29T20:02:00.924-0400] {dag.py:2977} INFO - Setting next_dagrun for example_bash_operator to 2022-08-29T00:00:00+00:00, run_after=2022-08-30T00:00:00+00:00
[2022-08-29T20:02:00.938-0400] {processor.py:161} INFO - Processing /Users/jl/Documents/Repos/GHC-2022-data-engineering-workshop/venv/lib/python3.8/site-packages/airflow/example_dags/example_bash_operator.py took 0.150 seconds
[2022-08-29T20:03:23.953-0400] {processor.py:153} INFO - Started process (PID=14536) to work on /Users/jl/Documents/Repos/GHC-2022-data-engineering-workshop/venv/lib/python3.8/site-packages/airflow/example_dags/example_bash_operator.py
[2022-08-29T20:03:23.961-0400] {processor.py:640} INFO - Processing file /Users/jl/Documents/Repos/GHC-2022-data-engineering-workshop/venv/lib/python3.8/site-packages/airflow/example_dags/example_bash_operator.py for tasks to queue
[2022-08-29T20:03:23.962-0400] {logging_mixin.py:115} INFO - [2022-08-29T20:03:23.962-0400] {dagbag.py:508} INFO - Filling up the DagBag from /Users/jl/Documents/Repos/GHC-2022-data-engineering-workshop/venv/lib/python3.8/site-packages/airflow/example_dags/example_bash_operator.py
[2022-08-29T20:03:23.982-0400] {processor.py:650} INFO - DAG(s) dict_keys(['example_bash_operator']) retrieved from /Users/jl/Documents/Repos/GHC-2022-data-engineering-workshop/venv/lib/python3.8/site-packages/airflow/example_dags/example_bash_operator.py
[2022-08-29T20:03:24.070-0400] {logging_mixin.py:115} INFO - [2022-08-29T20:03:24.069-0400] {dag.py:2429} INFO - Sync 1 DAGs
[2022-08-29T20:03:24.091-0400] {logging_mixin.py:115} INFO - [2022-08-29T20:03:24.091-0400] {dag.py:2977} INFO - Setting next_dagrun for example_bash_operator to 2022-08-29T00:00:00+00:00, run_after=2022-08-30T00:00:00+00:00
[2022-08-29T20:03:24.105-0400] {processor.py:161} INFO - Processing /Users/jl/Documents/Repos/GHC-2022-data-engineering-workshop/venv/lib/python3.8/site-packages/airflow/example_dags/example_bash_operator.py took 0.153 seconds
[2022-08-29T20:04:50.923-0400] {processor.py:153} INFO - Started process (PID=14617) to work on /Users/jl/Documents/Repos/GHC-2022-data-engineering-workshop/venv/lib/python3.8/site-packages/airflow/example_dags/example_bash_operator.py
[2022-08-29T20:04:50.931-0400] {processor.py:640} INFO - Processing file /Users/jl/Documents/Repos/GHC-2022-data-engineering-workshop/venv/lib/python3.8/site-packages/airflow/example_dags/example_bash_operator.py for tasks to queue
[2022-08-29T20:04:50.932-0400] {logging_mixin.py:115} INFO - [2022-08-29T20:04:50.932-0400] {dagbag.py:508} INFO - Filling up the DagBag from /Users/jl/Documents/Repos/GHC-2022-data-engineering-workshop/venv/lib/python3.8/site-packages/airflow/example_dags/example_bash_operator.py
[2022-08-29T20:04:50.952-0400] {processor.py:650} INFO - DAG(s) dict_keys(['example_bash_operator']) retrieved from /Users/jl/Documents/Repos/GHC-2022-data-engineering-workshop/venv/lib/python3.8/site-packages/airflow/example_dags/example_bash_operator.py
[2022-08-29T20:04:51.039-0400] {logging_mixin.py:115} INFO - [2022-08-29T20:04:51.038-0400] {dag.py:2429} INFO - Sync 1 DAGs
[2022-08-29T20:04:51.060-0400] {logging_mixin.py:115} INFO - [2022-08-29T20:04:51.060-0400] {dag.py:2977} INFO - Setting next_dagrun for example_bash_operator to 2022-08-29T00:00:00+00:00, run_after=2022-08-30T00:00:00+00:00
[2022-08-29T20:04:51.075-0400] {processor.py:161} INFO - Processing /Users/jl/Documents/Repos/GHC-2022-data-engineering-workshop/venv/lib/python3.8/site-packages/airflow/example_dags/example_bash_operator.py took 0.153 seconds
[2022-08-29T20:06:18.924-0400] {processor.py:153} INFO - Started process (PID=14698) to work on /Users/jl/Documents/Repos/GHC-2022-data-engineering-workshop/venv/lib/python3.8/site-packages/airflow/example_dags/example_bash_operator.py
[2022-08-29T20:06:18.932-0400] {processor.py:640} INFO - Processing file /Users/jl/Documents/Repos/GHC-2022-data-engineering-workshop/venv/lib/python3.8/site-packages/airflow/example_dags/example_bash_operator.py for tasks to queue
[2022-08-29T20:06:18.933-0400] {logging_mixin.py:115} INFO - [2022-08-29T20:06:18.933-0400] {dagbag.py:508} INFO - Filling up the DagBag from /Users/jl/Documents/Repos/GHC-2022-data-engineering-workshop/venv/lib/python3.8/site-packages/airflow/example_dags/example_bash_operator.py
[2022-08-29T20:06:18.953-0400] {processor.py:650} INFO - DAG(s) dict_keys(['example_bash_operator']) retrieved from /Users/jl/Documents/Repos/GHC-2022-data-engineering-workshop/venv/lib/python3.8/site-packages/airflow/example_dags/example_bash_operator.py
[2022-08-29T20:06:19.040-0400] {logging_mixin.py:115} INFO - [2022-08-29T20:06:19.040-0400] {dag.py:2429} INFO - Sync 1 DAGs
[2022-08-29T20:06:19.060-0400] {logging_mixin.py:115} INFO - [2022-08-29T20:06:19.060-0400] {dag.py:2977} INFO - Setting next_dagrun for example_bash_operator to 2022-08-29T00:00:00+00:00, run_after=2022-08-30T00:00:00+00:00
[2022-08-29T20:06:19.074-0400] {processor.py:161} INFO - Processing /Users/jl/Documents/Repos/GHC-2022-data-engineering-workshop/venv/lib/python3.8/site-packages/airflow/example_dags/example_bash_operator.py took 0.151 seconds
[2022-08-29T20:07:44.873-0400] {processor.py:153} INFO - Started process (PID=14781) to work on /Users/jl/Documents/Repos/GHC-2022-data-engineering-workshop/venv/lib/python3.8/site-packages/airflow/example_dags/example_bash_operator.py
[2022-08-29T20:07:44.883-0400] {processor.py:640} INFO - Processing file /Users/jl/Documents/Repos/GHC-2022-data-engineering-workshop/venv/lib/python3.8/site-packages/airflow/example_dags/example_bash_operator.py for tasks to queue
[2022-08-29T20:07:44.883-0400] {logging_mixin.py:115} INFO - [2022-08-29T20:07:44.883-0400] {dagbag.py:508} INFO - Filling up the DagBag from /Users/jl/Documents/Repos/GHC-2022-data-engineering-workshop/venv/lib/python3.8/site-packages/airflow/example_dags/example_bash_operator.py
[2022-08-29T20:07:44.904-0400] {processor.py:650} INFO - DAG(s) dict_keys(['example_bash_operator']) retrieved from /Users/jl/Documents/Repos/GHC-2022-data-engineering-workshop/venv/lib/python3.8/site-packages/airflow/example_dags/example_bash_operator.py
[2022-08-29T20:07:44.990-0400] {logging_mixin.py:115} INFO - [2022-08-29T20:07:44.990-0400] {dag.py:2429} INFO - Sync 1 DAGs
[2022-08-29T20:07:45.011-0400] {logging_mixin.py:115} INFO - [2022-08-29T20:07:45.011-0400] {dag.py:2977} INFO - Setting next_dagrun for example_bash_operator to 2022-08-29T00:00:00+00:00, run_after=2022-08-30T00:00:00+00:00
[2022-08-29T20:07:45.025-0400] {processor.py:161} INFO - Processing /Users/jl/Documents/Repos/GHC-2022-data-engineering-workshop/venv/lib/python3.8/site-packages/airflow/example_dags/example_bash_operator.py took 0.153 seconds
[2022-08-29T20:09:12.963-0400] {processor.py:153} INFO - Started process (PID=14861) to work on /Users/jl/Documents/Repos/GHC-2022-data-engineering-workshop/venv/lib/python3.8/site-packages/airflow/example_dags/example_bash_operator.py
[2022-08-29T20:09:12.971-0400] {processor.py:640} INFO - Processing file /Users/jl/Documents/Repos/GHC-2022-data-engineering-workshop/venv/lib/python3.8/site-packages/airflow/example_dags/example_bash_operator.py for tasks to queue
[2022-08-29T20:09:12.971-0400] {logging_mixin.py:115} INFO - [2022-08-29T20:09:12.971-0400] {dagbag.py:508} INFO - Filling up the DagBag from /Users/jl/Documents/Repos/GHC-2022-data-engineering-workshop/venv/lib/python3.8/site-packages/airflow/example_dags/example_bash_operator.py
[2022-08-29T20:09:12.991-0400] {processor.py:650} INFO - DAG(s) dict_keys(['example_bash_operator']) retrieved from /Users/jl/Documents/Repos/GHC-2022-data-engineering-workshop/venv/lib/python3.8/site-packages/airflow/example_dags/example_bash_operator.py
[2022-08-29T20:09:13.077-0400] {logging_mixin.py:115} INFO - [2022-08-29T20:09:13.077-0400] {dag.py:2429} INFO - Sync 1 DAGs
[2022-08-29T20:09:13.098-0400] {logging_mixin.py:115} INFO - [2022-08-29T20:09:13.097-0400] {dag.py:2977} INFO - Setting next_dagrun for example_bash_operator to 2022-08-29T00:00:00+00:00, run_after=2022-08-30T00:00:00+00:00
[2022-08-29T20:09:13.112-0400] {processor.py:161} INFO - Processing /Users/jl/Documents/Repos/GHC-2022-data-engineering-workshop/venv/lib/python3.8/site-packages/airflow/example_dags/example_bash_operator.py took 0.150 seconds
[2022-08-29T20:10:50.737-0400] {processor.py:153} INFO - Started process (PID=14950) to work on /Users/jl/Documents/Repos/GHC-2022-data-engineering-workshop/venv/lib/python3.8/site-packages/airflow/example_dags/example_bash_operator.py
[2022-08-29T20:10:50.747-0400] {processor.py:640} INFO - Processing file /Users/jl/Documents/Repos/GHC-2022-data-engineering-workshop/venv/lib/python3.8/site-packages/airflow/example_dags/example_bash_operator.py for tasks to queue
[2022-08-29T20:10:50.748-0400] {logging_mixin.py:115} INFO - [2022-08-29T20:10:50.747-0400] {dagbag.py:508} INFO - Filling up the DagBag from /Users/jl/Documents/Repos/GHC-2022-data-engineering-workshop/venv/lib/python3.8/site-packages/airflow/example_dags/example_bash_operator.py
[2022-08-29T20:10:50.770-0400] {processor.py:650} INFO - DAG(s) dict_keys(['example_bash_operator']) retrieved from /Users/jl/Documents/Repos/GHC-2022-data-engineering-workshop/venv/lib/python3.8/site-packages/airflow/example_dags/example_bash_operator.py
[2022-08-29T20:10:50.857-0400] {logging_mixin.py:115} INFO - [2022-08-29T20:10:50.857-0400] {dag.py:2429} INFO - Sync 1 DAGs
[2022-08-29T20:10:50.878-0400] {logging_mixin.py:115} INFO - [2022-08-29T20:10:50.878-0400] {dag.py:2977} INFO - Setting next_dagrun for example_bash_operator to 2022-08-29T00:00:00+00:00, run_after=2022-08-30T00:00:00+00:00
[2022-08-29T20:10:50.892-0400] {processor.py:161} INFO - Processing /Users/jl/Documents/Repos/GHC-2022-data-engineering-workshop/venv/lib/python3.8/site-packages/airflow/example_dags/example_bash_operator.py took 0.156 seconds
[2022-08-29T20:12:21.723-0400] {processor.py:153} INFO - Started process (PID=15035) to work on /Users/jl/Documents/Repos/GHC-2022-data-engineering-workshop/venv/lib/python3.8/site-packages/airflow/example_dags/example_bash_operator.py
[2022-08-29T20:12:21.732-0400] {processor.py:640} INFO - Processing file /Users/jl/Documents/Repos/GHC-2022-data-engineering-workshop/venv/lib/python3.8/site-packages/airflow/example_dags/example_bash_operator.py for tasks to queue
[2022-08-29T20:12:21.732-0400] {logging_mixin.py:115} INFO - [2022-08-29T20:12:21.732-0400] {dagbag.py:508} INFO - Filling up the DagBag from /Users/jl/Documents/Repos/GHC-2022-data-engineering-workshop/venv/lib/python3.8/site-packages/airflow/example_dags/example_bash_operator.py
[2022-08-29T20:12:21.752-0400] {processor.py:650} INFO - DAG(s) dict_keys(['example_bash_operator']) retrieved from /Users/jl/Documents/Repos/GHC-2022-data-engineering-workshop/venv/lib/python3.8/site-packages/airflow/example_dags/example_bash_operator.py
[2022-08-29T20:12:21.840-0400] {logging_mixin.py:115} INFO - [2022-08-29T20:12:21.840-0400] {dag.py:2429} INFO - Sync 1 DAGs
[2022-08-29T20:12:21.861-0400] {logging_mixin.py:115} INFO - [2022-08-29T20:12:21.861-0400] {dag.py:2977} INFO - Setting next_dagrun for example_bash_operator to 2022-08-29T00:00:00+00:00, run_after=2022-08-30T00:00:00+00:00
[2022-08-29T20:12:21.875-0400] {processor.py:161} INFO - Processing /Users/jl/Documents/Repos/GHC-2022-data-engineering-workshop/venv/lib/python3.8/site-packages/airflow/example_dags/example_bash_operator.py took 0.153 seconds
[2022-08-29T20:13:51.239-0400] {processor.py:153} INFO - Started process (PID=15118) to work on /Users/jl/Documents/Repos/GHC-2022-data-engineering-workshop/venv/lib/python3.8/site-packages/airflow/example_dags/example_bash_operator.py
[2022-08-29T20:13:51.247-0400] {processor.py:640} INFO - Processing file /Users/jl/Documents/Repos/GHC-2022-data-engineering-workshop/venv/lib/python3.8/site-packages/airflow/example_dags/example_bash_operator.py for tasks to queue
[2022-08-29T20:13:51.247-0400] {logging_mixin.py:115} INFO - [2022-08-29T20:13:51.247-0400] {dagbag.py:508} INFO - Filling up the DagBag from /Users/jl/Documents/Repos/GHC-2022-data-engineering-workshop/venv/lib/python3.8/site-packages/airflow/example_dags/example_bash_operator.py
[2022-08-29T20:13:51.267-0400] {processor.py:650} INFO - DAG(s) dict_keys(['example_bash_operator']) retrieved from /Users/jl/Documents/Repos/GHC-2022-data-engineering-workshop/venv/lib/python3.8/site-packages/airflow/example_dags/example_bash_operator.py
[2022-08-29T20:13:51.354-0400] {logging_mixin.py:115} INFO - [2022-08-29T20:13:51.354-0400] {dag.py:2429} INFO - Sync 1 DAGs
[2022-08-29T20:13:51.375-0400] {logging_mixin.py:115} INFO - [2022-08-29T20:13:51.375-0400] {dag.py:2977} INFO - Setting next_dagrun for example_bash_operator to 2022-08-29T00:00:00+00:00, run_after=2022-08-30T00:00:00+00:00
[2022-08-29T20:13:51.389-0400] {processor.py:161} INFO - Processing /Users/jl/Documents/Repos/GHC-2022-data-engineering-workshop/venv/lib/python3.8/site-packages/airflow/example_dags/example_bash_operator.py took 0.152 seconds
[2022-08-29T20:15:25.937-0400] {processor.py:153} INFO - Started process (PID=15234) to work on /Users/jl/Documents/Repos/GHC-2022-data-engineering-workshop/venv/lib/python3.8/site-packages/airflow/example_dags/example_bash_operator.py
[2022-08-29T20:15:25.945-0400] {processor.py:640} INFO - Processing file /Users/jl/Documents/Repos/GHC-2022-data-engineering-workshop/venv/lib/python3.8/site-packages/airflow/example_dags/example_bash_operator.py for tasks to queue
[2022-08-29T20:15:25.945-0400] {logging_mixin.py:115} INFO - [2022-08-29T20:15:25.945-0400] {dagbag.py:508} INFO - Filling up the DagBag from /Users/jl/Documents/Repos/GHC-2022-data-engineering-workshop/venv/lib/python3.8/site-packages/airflow/example_dags/example_bash_operator.py
[2022-08-29T20:15:25.966-0400] {processor.py:650} INFO - DAG(s) dict_keys(['example_bash_operator']) retrieved from /Users/jl/Documents/Repos/GHC-2022-data-engineering-workshop/venv/lib/python3.8/site-packages/airflow/example_dags/example_bash_operator.py
[2022-08-29T20:15:26.052-0400] {logging_mixin.py:115} INFO - [2022-08-29T20:15:26.052-0400] {dag.py:2429} INFO - Sync 1 DAGs
[2022-08-29T20:15:26.073-0400] {logging_mixin.py:115} INFO - [2022-08-29T20:15:26.073-0400] {dag.py:2977} INFO - Setting next_dagrun for example_bash_operator to 2022-08-29T00:00:00+00:00, run_after=2022-08-30T00:00:00+00:00
[2022-08-29T20:15:26.087-0400] {processor.py:161} INFO - Processing /Users/jl/Documents/Repos/GHC-2022-data-engineering-workshop/venv/lib/python3.8/site-packages/airflow/example_dags/example_bash_operator.py took 0.152 seconds
[2022-08-29T20:17:12.599-0400] {processor.py:153} INFO - Started process (PID=15333) to work on /Users/jl/Documents/Repos/GHC-2022-data-engineering-workshop/venv/lib/python3.8/site-packages/airflow/example_dags/example_bash_operator.py
[2022-08-29T20:17:12.607-0400] {processor.py:640} INFO - Processing file /Users/jl/Documents/Repos/GHC-2022-data-engineering-workshop/venv/lib/python3.8/site-packages/airflow/example_dags/example_bash_operator.py for tasks to queue
[2022-08-29T20:17:12.608-0400] {logging_mixin.py:115} INFO - [2022-08-29T20:17:12.608-0400] {dagbag.py:508} INFO - Filling up the DagBag from /Users/jl/Documents/Repos/GHC-2022-data-engineering-workshop/venv/lib/python3.8/site-packages/airflow/example_dags/example_bash_operator.py
[2022-08-29T20:17:12.628-0400] {processor.py:650} INFO - DAG(s) dict_keys(['example_bash_operator']) retrieved from /Users/jl/Documents/Repos/GHC-2022-data-engineering-workshop/venv/lib/python3.8/site-packages/airflow/example_dags/example_bash_operator.py
[2022-08-29T20:17:12.714-0400] {logging_mixin.py:115} INFO - [2022-08-29T20:17:12.713-0400] {dag.py:2429} INFO - Sync 1 DAGs
[2022-08-29T20:17:12.734-0400] {logging_mixin.py:115} INFO - [2022-08-29T20:17:12.733-0400] {dag.py:2977} INFO - Setting next_dagrun for example_bash_operator to 2022-08-29T00:00:00+00:00, run_after=2022-08-30T00:00:00+00:00
[2022-08-29T20:17:12.747-0400] {processor.py:161} INFO - Processing /Users/jl/Documents/Repos/GHC-2022-data-engineering-workshop/venv/lib/python3.8/site-packages/airflow/example_dags/example_bash_operator.py took 0.150 seconds
[2022-08-29T20:19:06.966-0400] {processor.py:153} INFO - Started process (PID=15462) to work on /Users/jl/Documents/Repos/GHC-2022-data-engineering-workshop/venv/lib/python3.8/site-packages/airflow/example_dags/example_bash_operator.py
[2022-08-29T20:19:06.976-0400] {processor.py:640} INFO - Processing file /Users/jl/Documents/Repos/GHC-2022-data-engineering-workshop/venv/lib/python3.8/site-packages/airflow/example_dags/example_bash_operator.py for tasks to queue
[2022-08-29T20:19:06.977-0400] {logging_mixin.py:115} INFO - [2022-08-29T20:19:06.977-0400] {dagbag.py:508} INFO - Filling up the DagBag from /Users/jl/Documents/Repos/GHC-2022-data-engineering-workshop/venv/lib/python3.8/site-packages/airflow/example_dags/example_bash_operator.py
[2022-08-29T20:19:06.997-0400] {processor.py:650} INFO - DAG(s) dict_keys(['example_bash_operator']) retrieved from /Users/jl/Documents/Repos/GHC-2022-data-engineering-workshop/venv/lib/python3.8/site-packages/airflow/example_dags/example_bash_operator.py
[2022-08-29T20:19:07.084-0400] {logging_mixin.py:115} INFO - [2022-08-29T20:19:07.084-0400] {dag.py:2429} INFO - Sync 1 DAGs
[2022-08-29T20:19:07.105-0400] {logging_mixin.py:115} INFO - [2022-08-29T20:19:07.105-0400] {dag.py:2977} INFO - Setting next_dagrun for example_bash_operator to 2022-08-29T00:00:00+00:00, run_after=2022-08-30T00:00:00+00:00
[2022-08-29T20:19:07.119-0400] {processor.py:161} INFO - Processing /Users/jl/Documents/Repos/GHC-2022-data-engineering-workshop/venv/lib/python3.8/site-packages/airflow/example_dags/example_bash_operator.py took 0.154 seconds
[2022-08-29T20:20:46.595-0400] {processor.py:153} INFO - Started process (PID=15547) to work on /Users/jl/Documents/Repos/GHC-2022-data-engineering-workshop/venv/lib/python3.8/site-packages/airflow/example_dags/example_bash_operator.py
[2022-08-29T20:20:46.605-0400] {processor.py:640} INFO - Processing file /Users/jl/Documents/Repos/GHC-2022-data-engineering-workshop/venv/lib/python3.8/site-packages/airflow/example_dags/example_bash_operator.py for tasks to queue
[2022-08-29T20:20:46.606-0400] {logging_mixin.py:115} INFO - [2022-08-29T20:20:46.606-0400] {dagbag.py:508} INFO - Filling up the DagBag from /Users/jl/Documents/Repos/GHC-2022-data-engineering-workshop/venv/lib/python3.8/site-packages/airflow/example_dags/example_bash_operator.py
[2022-08-29T20:20:46.628-0400] {processor.py:650} INFO - DAG(s) dict_keys(['example_bash_operator']) retrieved from /Users/jl/Documents/Repos/GHC-2022-data-engineering-workshop/venv/lib/python3.8/site-packages/airflow/example_dags/example_bash_operator.py
[2022-08-29T20:20:46.715-0400] {logging_mixin.py:115} INFO - [2022-08-29T20:20:46.714-0400] {dag.py:2429} INFO - Sync 1 DAGs
[2022-08-29T20:20:46.735-0400] {logging_mixin.py:115} INFO - [2022-08-29T20:20:46.735-0400] {dag.py:2977} INFO - Setting next_dagrun for example_bash_operator to 2022-08-29T00:00:00+00:00, run_after=2022-08-30T00:00:00+00:00
[2022-08-29T20:20:46.749-0400] {processor.py:161} INFO - Processing /Users/jl/Documents/Repos/GHC-2022-data-engineering-workshop/venv/lib/python3.8/site-packages/airflow/example_dags/example_bash_operator.py took 0.155 seconds
[2022-08-29T20:22:13.834-0400] {processor.py:153} INFO - Started process (PID=15630) to work on /Users/jl/Documents/Repos/GHC-2022-data-engineering-workshop/venv/lib/python3.8/site-packages/airflow/example_dags/example_bash_operator.py
[2022-08-29T20:22:13.843-0400] {processor.py:640} INFO - Processing file /Users/jl/Documents/Repos/GHC-2022-data-engineering-workshop/venv/lib/python3.8/site-packages/airflow/example_dags/example_bash_operator.py for tasks to queue
[2022-08-29T20:22:13.843-0400] {logging_mixin.py:115} INFO - [2022-08-29T20:22:13.843-0400] {dagbag.py:508} INFO - Filling up the DagBag from /Users/jl/Documents/Repos/GHC-2022-data-engineering-workshop/venv/lib/python3.8/site-packages/airflow/example_dags/example_bash_operator.py
[2022-08-29T20:22:13.863-0400] {processor.py:650} INFO - DAG(s) dict_keys(['example_bash_operator']) retrieved from /Users/jl/Documents/Repos/GHC-2022-data-engineering-workshop/venv/lib/python3.8/site-packages/airflow/example_dags/example_bash_operator.py
[2022-08-29T20:22:13.950-0400] {logging_mixin.py:115} INFO - [2022-08-29T20:22:13.950-0400] {dag.py:2429} INFO - Sync 1 DAGs
[2022-08-29T20:22:13.971-0400] {logging_mixin.py:115} INFO - [2022-08-29T20:22:13.971-0400] {dag.py:2977} INFO - Setting next_dagrun for example_bash_operator to 2022-08-29T00:00:00+00:00, run_after=2022-08-30T00:00:00+00:00
[2022-08-29T20:22:13.985-0400] {processor.py:161} INFO - Processing /Users/jl/Documents/Repos/GHC-2022-data-engineering-workshop/venv/lib/python3.8/site-packages/airflow/example_dags/example_bash_operator.py took 0.152 seconds
[2022-08-29T20:23:39.824-0400] {processor.py:153} INFO - Started process (PID=15711) to work on /Users/jl/Documents/Repos/GHC-2022-data-engineering-workshop/venv/lib/python3.8/site-packages/airflow/example_dags/example_bash_operator.py
[2022-08-29T20:23:39.833-0400] {processor.py:640} INFO - Processing file /Users/jl/Documents/Repos/GHC-2022-data-engineering-workshop/venv/lib/python3.8/site-packages/airflow/example_dags/example_bash_operator.py for tasks to queue
[2022-08-29T20:23:39.833-0400] {logging_mixin.py:115} INFO - [2022-08-29T20:23:39.833-0400] {dagbag.py:508} INFO - Filling up the DagBag from /Users/jl/Documents/Repos/GHC-2022-data-engineering-workshop/venv/lib/python3.8/site-packages/airflow/example_dags/example_bash_operator.py
[2022-08-29T20:23:39.853-0400] {processor.py:650} INFO - DAG(s) dict_keys(['example_bash_operator']) retrieved from /Users/jl/Documents/Repos/GHC-2022-data-engineering-workshop/venv/lib/python3.8/site-packages/airflow/example_dags/example_bash_operator.py
[2022-08-29T20:23:39.938-0400] {logging_mixin.py:115} INFO - [2022-08-29T20:23:39.937-0400] {dag.py:2429} INFO - Sync 1 DAGs
[2022-08-29T20:23:39.958-0400] {logging_mixin.py:115} INFO - [2022-08-29T20:23:39.958-0400] {dag.py:2977} INFO - Setting next_dagrun for example_bash_operator to 2022-08-29T00:00:00+00:00, run_after=2022-08-30T00:00:00+00:00
[2022-08-29T20:23:39.972-0400] {processor.py:161} INFO - Processing /Users/jl/Documents/Repos/GHC-2022-data-engineering-workshop/venv/lib/python3.8/site-packages/airflow/example_dags/example_bash_operator.py took 0.149 seconds
[2022-08-29T20:25:10.025-0400] {processor.py:153} INFO - Started process (PID=15795) to work on /Users/jl/Documents/Repos/GHC-2022-data-engineering-workshop/venv/lib/python3.8/site-packages/airflow/example_dags/example_bash_operator.py
[2022-08-29T20:25:10.035-0400] {processor.py:640} INFO - Processing file /Users/jl/Documents/Repos/GHC-2022-data-engineering-workshop/venv/lib/python3.8/site-packages/airflow/example_dags/example_bash_operator.py for tasks to queue
[2022-08-29T20:25:10.036-0400] {logging_mixin.py:115} INFO - [2022-08-29T20:25:10.036-0400] {dagbag.py:508} INFO - Filling up the DagBag from /Users/jl/Documents/Repos/GHC-2022-data-engineering-workshop/venv/lib/python3.8/site-packages/airflow/example_dags/example_bash_operator.py
[2022-08-29T20:25:10.057-0400] {processor.py:650} INFO - DAG(s) dict_keys(['example_bash_operator']) retrieved from /Users/jl/Documents/Repos/GHC-2022-data-engineering-workshop/venv/lib/python3.8/site-packages/airflow/example_dags/example_bash_operator.py
[2022-08-29T20:25:10.149-0400] {logging_mixin.py:115} INFO - [2022-08-29T20:25:10.149-0400] {dag.py:2429} INFO - Sync 1 DAGs
[2022-08-29T20:25:10.170-0400] {logging_mixin.py:115} INFO - [2022-08-29T20:25:10.169-0400] {dag.py:2977} INFO - Setting next_dagrun for example_bash_operator to 2022-08-29T00:00:00+00:00, run_after=2022-08-30T00:00:00+00:00
[2022-08-29T20:25:10.184-0400] {processor.py:161} INFO - Processing /Users/jl/Documents/Repos/GHC-2022-data-engineering-workshop/venv/lib/python3.8/site-packages/airflow/example_dags/example_bash_operator.py took 0.160 seconds
[2022-08-29T20:27:19.883-0400] {processor.py:153} INFO - Started process (PID=15919) to work on /Users/jl/Documents/Repos/GHC-2022-data-engineering-workshop/venv/lib/python3.8/site-packages/airflow/example_dags/example_bash_operator.py
[2022-08-29T20:27:19.893-0400] {processor.py:640} INFO - Processing file /Users/jl/Documents/Repos/GHC-2022-data-engineering-workshop/venv/lib/python3.8/site-packages/airflow/example_dags/example_bash_operator.py for tasks to queue
[2022-08-29T20:27:19.896-0400] {logging_mixin.py:115} INFO - [2022-08-29T20:27:19.895-0400] {dagbag.py:508} INFO - Filling up the DagBag from /Users/jl/Documents/Repos/GHC-2022-data-engineering-workshop/venv/lib/python3.8/site-packages/airflow/example_dags/example_bash_operator.py
[2022-08-29T20:27:19.923-0400] {processor.py:650} INFO - DAG(s) dict_keys(['example_bash_operator']) retrieved from /Users/jl/Documents/Repos/GHC-2022-data-engineering-workshop/venv/lib/python3.8/site-packages/airflow/example_dags/example_bash_operator.py
[2022-08-29T20:27:20.023-0400] {logging_mixin.py:115} INFO - [2022-08-29T20:27:20.023-0400] {dag.py:2429} INFO - Sync 1 DAGs
[2022-08-29T20:27:20.044-0400] {logging_mixin.py:115} INFO - [2022-08-29T20:27:20.044-0400] {dag.py:2977} INFO - Setting next_dagrun for example_bash_operator to 2022-08-29T00:00:00+00:00, run_after=2022-08-30T00:00:00+00:00
[2022-08-29T20:27:20.060-0400] {processor.py:161} INFO - Processing /Users/jl/Documents/Repos/GHC-2022-data-engineering-workshop/venv/lib/python3.8/site-packages/airflow/example_dags/example_bash_operator.py took 0.177 seconds
[2022-08-29T20:28:58.899-0400] {processor.py:153} INFO - Started process (PID=16007) to work on /Users/jl/Documents/Repos/GHC-2022-data-engineering-workshop/venv/lib/python3.8/site-packages/airflow/example_dags/example_bash_operator.py
[2022-08-29T20:28:58.915-0400] {processor.py:640} INFO - Processing file /Users/jl/Documents/Repos/GHC-2022-data-engineering-workshop/venv/lib/python3.8/site-packages/airflow/example_dags/example_bash_operator.py for tasks to queue
[2022-08-29T20:28:58.917-0400] {logging_mixin.py:115} INFO - [2022-08-29T20:28:58.917-0400] {dagbag.py:508} INFO - Filling up the DagBag from /Users/jl/Documents/Repos/GHC-2022-data-engineering-workshop/venv/lib/python3.8/site-packages/airflow/example_dags/example_bash_operator.py
[2022-08-29T20:28:58.965-0400] {processor.py:650} INFO - DAG(s) dict_keys(['example_bash_operator']) retrieved from /Users/jl/Documents/Repos/GHC-2022-data-engineering-workshop/venv/lib/python3.8/site-packages/airflow/example_dags/example_bash_operator.py
[2022-08-29T20:28:59.117-0400] {logging_mixin.py:115} INFO - [2022-08-29T20:28:59.117-0400] {dag.py:2429} INFO - Sync 1 DAGs
[2022-08-29T20:28:59.150-0400] {logging_mixin.py:115} INFO - [2022-08-29T20:28:59.150-0400] {dag.py:2977} INFO - Setting next_dagrun for example_bash_operator to 2022-08-29T00:00:00+00:00, run_after=2022-08-30T00:00:00+00:00
[2022-08-29T20:28:59.182-0400] {processor.py:161} INFO - Processing /Users/jl/Documents/Repos/GHC-2022-data-engineering-workshop/venv/lib/python3.8/site-packages/airflow/example_dags/example_bash_operator.py took 0.284 seconds
[2022-08-29T20:31:05.998-0400] {processor.py:153} INFO - Started process (PID=16125) to work on /Users/jl/Documents/Repos/GHC-2022-data-engineering-workshop/venv/lib/python3.8/site-packages/airflow/example_dags/example_bash_operator.py
[2022-08-29T20:31:06.009-0400] {processor.py:640} INFO - Processing file /Users/jl/Documents/Repos/GHC-2022-data-engineering-workshop/venv/lib/python3.8/site-packages/airflow/example_dags/example_bash_operator.py for tasks to queue
[2022-08-29T20:31:06.010-0400] {logging_mixin.py:115} INFO - [2022-08-29T20:31:06.010-0400] {dagbag.py:508} INFO - Filling up the DagBag from /Users/jl/Documents/Repos/GHC-2022-data-engineering-workshop/venv/lib/python3.8/site-packages/airflow/example_dags/example_bash_operator.py
[2022-08-29T20:31:06.034-0400] {processor.py:650} INFO - DAG(s) dict_keys(['example_bash_operator']) retrieved from /Users/jl/Documents/Repos/GHC-2022-data-engineering-workshop/venv/lib/python3.8/site-packages/airflow/example_dags/example_bash_operator.py
[2022-08-29T20:31:06.123-0400] {logging_mixin.py:115} INFO - [2022-08-29T20:31:06.122-0400] {dag.py:2429} INFO - Sync 1 DAGs
[2022-08-29T20:31:06.143-0400] {logging_mixin.py:115} INFO - [2022-08-29T20:31:06.143-0400] {dag.py:2977} INFO - Setting next_dagrun for example_bash_operator to 2022-08-29T00:00:00+00:00, run_after=2022-08-30T00:00:00+00:00
[2022-08-29T20:31:06.157-0400] {processor.py:161} INFO - Processing /Users/jl/Documents/Repos/GHC-2022-data-engineering-workshop/venv/lib/python3.8/site-packages/airflow/example_dags/example_bash_operator.py took 0.160 seconds
[2022-08-29T20:33:06.993-0400] {processor.py:153} INFO - Started process (PID=16246) to work on /Users/jl/Documents/Repos/GHC-2022-data-engineering-workshop/venv/lib/python3.8/site-packages/airflow/example_dags/example_bash_operator.py
[2022-08-29T20:33:07.004-0400] {processor.py:640} INFO - Processing file /Users/jl/Documents/Repos/GHC-2022-data-engineering-workshop/venv/lib/python3.8/site-packages/airflow/example_dags/example_bash_operator.py for tasks to queue
[2022-08-29T20:33:07.005-0400] {logging_mixin.py:115} INFO - [2022-08-29T20:33:07.005-0400] {dagbag.py:508} INFO - Filling up the DagBag from /Users/jl/Documents/Repos/GHC-2022-data-engineering-workshop/venv/lib/python3.8/site-packages/airflow/example_dags/example_bash_operator.py
[2022-08-29T20:33:07.029-0400] {processor.py:650} INFO - DAG(s) dict_keys(['example_bash_operator']) retrieved from /Users/jl/Documents/Repos/GHC-2022-data-engineering-workshop/venv/lib/python3.8/site-packages/airflow/example_dags/example_bash_operator.py
[2022-08-29T20:33:07.161-0400] {logging_mixin.py:115} INFO - [2022-08-29T20:33:07.159-0400] {dag.py:2429} INFO - Sync 1 DAGs
[2022-08-29T20:33:07.204-0400] {logging_mixin.py:115} INFO - [2022-08-29T20:33:07.203-0400] {dag.py:2977} INFO - Setting next_dagrun for example_bash_operator to 2022-08-29T00:00:00+00:00, run_after=2022-08-30T00:00:00+00:00
[2022-08-29T20:33:07.225-0400] {processor.py:161} INFO - Processing /Users/jl/Documents/Repos/GHC-2022-data-engineering-workshop/venv/lib/python3.8/site-packages/airflow/example_dags/example_bash_operator.py took 0.234 seconds
[2022-08-29T20:34:59.794-0400] {processor.py:153} INFO - Started process (PID=16345) to work on /Users/jl/Documents/Repos/GHC-2022-data-engineering-workshop/venv/lib/python3.8/site-packages/airflow/example_dags/example_bash_operator.py
[2022-08-29T20:34:59.804-0400] {processor.py:640} INFO - Processing file /Users/jl/Documents/Repos/GHC-2022-data-engineering-workshop/venv/lib/python3.8/site-packages/airflow/example_dags/example_bash_operator.py for tasks to queue
[2022-08-29T20:34:59.804-0400] {logging_mixin.py:115} INFO - [2022-08-29T20:34:59.804-0400] {dagbag.py:508} INFO - Filling up the DagBag from /Users/jl/Documents/Repos/GHC-2022-data-engineering-workshop/venv/lib/python3.8/site-packages/airflow/example_dags/example_bash_operator.py
[2022-08-29T20:34:59.825-0400] {processor.py:650} INFO - DAG(s) dict_keys(['example_bash_operator']) retrieved from /Users/jl/Documents/Repos/GHC-2022-data-engineering-workshop/venv/lib/python3.8/site-packages/airflow/example_dags/example_bash_operator.py
[2022-08-29T20:34:59.910-0400] {logging_mixin.py:115} INFO - [2022-08-29T20:34:59.910-0400] {dag.py:2429} INFO - Sync 1 DAGs
[2022-08-29T20:34:59.932-0400] {logging_mixin.py:115} INFO - [2022-08-29T20:34:59.931-0400] {dag.py:2977} INFO - Setting next_dagrun for example_bash_operator to 2022-08-29T00:00:00+00:00, run_after=2022-08-30T00:00:00+00:00
[2022-08-29T20:34:59.946-0400] {processor.py:161} INFO - Processing /Users/jl/Documents/Repos/GHC-2022-data-engineering-workshop/venv/lib/python3.8/site-packages/airflow/example_dags/example_bash_operator.py took 0.153 seconds
[2022-08-29T20:36:49.385-0400] {processor.py:153} INFO - Started process (PID=16467) to work on /Users/jl/Documents/Repos/GHC-2022-data-engineering-workshop/venv/lib/python3.8/site-packages/airflow/example_dags/example_bash_operator.py
[2022-08-29T20:36:49.396-0400] {processor.py:640} INFO - Processing file /Users/jl/Documents/Repos/GHC-2022-data-engineering-workshop/venv/lib/python3.8/site-packages/airflow/example_dags/example_bash_operator.py for tasks to queue
[2022-08-29T20:36:49.397-0400] {logging_mixin.py:115} INFO - [2022-08-29T20:36:49.397-0400] {dagbag.py:508} INFO - Filling up the DagBag from /Users/jl/Documents/Repos/GHC-2022-data-engineering-workshop/venv/lib/python3.8/site-packages/airflow/example_dags/example_bash_operator.py
[2022-08-29T20:36:49.419-0400] {processor.py:650} INFO - DAG(s) dict_keys(['example_bash_operator']) retrieved from /Users/jl/Documents/Repos/GHC-2022-data-engineering-workshop/venv/lib/python3.8/site-packages/airflow/example_dags/example_bash_operator.py
[2022-08-29T20:36:49.517-0400] {logging_mixin.py:115} INFO - [2022-08-29T20:36:49.517-0400] {dag.py:2429} INFO - Sync 1 DAGs
[2022-08-29T20:36:49.552-0400] {logging_mixin.py:115} INFO - [2022-08-29T20:36:49.552-0400] {dag.py:2977} INFO - Setting next_dagrun for example_bash_operator to 2022-08-29T00:00:00+00:00, run_after=2022-08-30T00:00:00+00:00
[2022-08-29T20:36:49.602-0400] {processor.py:161} INFO - Processing /Users/jl/Documents/Repos/GHC-2022-data-engineering-workshop/venv/lib/python3.8/site-packages/airflow/example_dags/example_bash_operator.py took 0.217 seconds
[2022-08-29T20:38:43.915-0400] {processor.py:153} INFO - Started process (PID=16589) to work on /Users/jl/Documents/Repos/GHC-2022-data-engineering-workshop/venv/lib/python3.8/site-packages/airflow/example_dags/example_bash_operator.py
[2022-08-29T20:38:43.929-0400] {processor.py:640} INFO - Processing file /Users/jl/Documents/Repos/GHC-2022-data-engineering-workshop/venv/lib/python3.8/site-packages/airflow/example_dags/example_bash_operator.py for tasks to queue
[2022-08-29T20:38:43.930-0400] {logging_mixin.py:115} INFO - [2022-08-29T20:38:43.929-0400] {dagbag.py:508} INFO - Filling up the DagBag from /Users/jl/Documents/Repos/GHC-2022-data-engineering-workshop/venv/lib/python3.8/site-packages/airflow/example_dags/example_bash_operator.py
[2022-08-29T20:38:43.960-0400] {processor.py:650} INFO - DAG(s) dict_keys(['example_bash_operator']) retrieved from /Users/jl/Documents/Repos/GHC-2022-data-engineering-workshop/venv/lib/python3.8/site-packages/airflow/example_dags/example_bash_operator.py
[2022-08-29T20:38:44.078-0400] {logging_mixin.py:115} INFO - [2022-08-29T20:38:44.078-0400] {dag.py:2429} INFO - Sync 1 DAGs
[2022-08-29T20:38:44.144-0400] {logging_mixin.py:115} INFO - [2022-08-29T20:38:44.143-0400] {dag.py:2977} INFO - Setting next_dagrun for example_bash_operator to 2022-08-29T00:00:00+00:00, run_after=2022-08-30T00:00:00+00:00
[2022-08-29T20:38:44.164-0400] {processor.py:161} INFO - Processing /Users/jl/Documents/Repos/GHC-2022-data-engineering-workshop/venv/lib/python3.8/site-packages/airflow/example_dags/example_bash_operator.py took 0.250 seconds
[2022-08-29T20:40:35.602-0400] {processor.py:153} INFO - Started process (PID=16680) to work on /Users/jl/Documents/Repos/GHC-2022-data-engineering-workshop/venv/lib/python3.8/site-packages/airflow/example_dags/example_bash_operator.py
[2022-08-29T20:40:35.611-0400] {processor.py:640} INFO - Processing file /Users/jl/Documents/Repos/GHC-2022-data-engineering-workshop/venv/lib/python3.8/site-packages/airflow/example_dags/example_bash_operator.py for tasks to queue
[2022-08-29T20:40:35.612-0400] {logging_mixin.py:115} INFO - [2022-08-29T20:40:35.612-0400] {dagbag.py:508} INFO - Filling up the DagBag from /Users/jl/Documents/Repos/GHC-2022-data-engineering-workshop/venv/lib/python3.8/site-packages/airflow/example_dags/example_bash_operator.py
[2022-08-29T20:40:35.638-0400] {processor.py:650} INFO - DAG(s) dict_keys(['example_bash_operator']) retrieved from /Users/jl/Documents/Repos/GHC-2022-data-engineering-workshop/venv/lib/python3.8/site-packages/airflow/example_dags/example_bash_operator.py
[2022-08-29T20:40:35.733-0400] {logging_mixin.py:115} INFO - [2022-08-29T20:40:35.733-0400] {dag.py:2429} INFO - Sync 1 DAGs
[2022-08-29T20:40:35.756-0400] {logging_mixin.py:115} INFO - [2022-08-29T20:40:35.756-0400] {dag.py:2977} INFO - Setting next_dagrun for example_bash_operator to 2022-08-29T00:00:00+00:00, run_after=2022-08-30T00:00:00+00:00
[2022-08-29T20:40:35.771-0400] {processor.py:161} INFO - Processing /Users/jl/Documents/Repos/GHC-2022-data-engineering-workshop/venv/lib/python3.8/site-packages/airflow/example_dags/example_bash_operator.py took 0.169 seconds
[2022-08-29T20:42:23.659-0400] {processor.py:153} INFO - Started process (PID=16775) to work on /Users/jl/Documents/Repos/GHC-2022-data-engineering-workshop/venv/lib/python3.8/site-packages/airflow/example_dags/example_bash_operator.py
[2022-08-29T20:42:23.673-0400] {processor.py:640} INFO - Processing file /Users/jl/Documents/Repos/GHC-2022-data-engineering-workshop/venv/lib/python3.8/site-packages/airflow/example_dags/example_bash_operator.py for tasks to queue
[2022-08-29T20:42:23.674-0400] {logging_mixin.py:115} INFO - [2022-08-29T20:42:23.674-0400] {dagbag.py:508} INFO - Filling up the DagBag from /Users/jl/Documents/Repos/GHC-2022-data-engineering-workshop/venv/lib/python3.8/site-packages/airflow/example_dags/example_bash_operator.py
[2022-08-29T20:42:23.706-0400] {processor.py:650} INFO - DAG(s) dict_keys(['example_bash_operator']) retrieved from /Users/jl/Documents/Repos/GHC-2022-data-engineering-workshop/venv/lib/python3.8/site-packages/airflow/example_dags/example_bash_operator.py
[2022-08-29T20:42:23.801-0400] {logging_mixin.py:115} INFO - [2022-08-29T20:42:23.801-0400] {dag.py:2429} INFO - Sync 1 DAGs
[2022-08-29T20:42:23.822-0400] {logging_mixin.py:115} INFO - [2022-08-29T20:42:23.822-0400] {dag.py:2977} INFO - Setting next_dagrun for example_bash_operator to 2022-08-29T00:00:00+00:00, run_after=2022-08-30T00:00:00+00:00
[2022-08-29T20:42:23.837-0400] {processor.py:161} INFO - Processing /Users/jl/Documents/Repos/GHC-2022-data-engineering-workshop/venv/lib/python3.8/site-packages/airflow/example_dags/example_bash_operator.py took 0.179 seconds
[2022-08-29T20:44:19.928-0400] {processor.py:153} INFO - Started process (PID=16881) to work on /Users/jl/Documents/Repos/GHC-2022-data-engineering-workshop/venv/lib/python3.8/site-packages/airflow/example_dags/example_bash_operator.py
[2022-08-29T20:44:19.941-0400] {processor.py:640} INFO - Processing file /Users/jl/Documents/Repos/GHC-2022-data-engineering-workshop/venv/lib/python3.8/site-packages/airflow/example_dags/example_bash_operator.py for tasks to queue
[2022-08-29T20:44:19.941-0400] {logging_mixin.py:115} INFO - [2022-08-29T20:44:19.941-0400] {dagbag.py:508} INFO - Filling up the DagBag from /Users/jl/Documents/Repos/GHC-2022-data-engineering-workshop/venv/lib/python3.8/site-packages/airflow/example_dags/example_bash_operator.py
[2022-08-29T20:44:19.974-0400] {processor.py:650} INFO - DAG(s) dict_keys(['example_bash_operator']) retrieved from /Users/jl/Documents/Repos/GHC-2022-data-engineering-workshop/venv/lib/python3.8/site-packages/airflow/example_dags/example_bash_operator.py
[2022-08-29T20:44:20.084-0400] {logging_mixin.py:115} INFO - [2022-08-29T20:44:20.084-0400] {dag.py:2429} INFO - Sync 1 DAGs
[2022-08-29T20:44:20.109-0400] {logging_mixin.py:115} INFO - [2022-08-29T20:44:20.109-0400] {dag.py:2977} INFO - Setting next_dagrun for example_bash_operator to 2022-08-29T00:00:00+00:00, run_after=2022-08-30T00:00:00+00:00
[2022-08-29T20:44:20.123-0400] {processor.py:161} INFO - Processing /Users/jl/Documents/Repos/GHC-2022-data-engineering-workshop/venv/lib/python3.8/site-packages/airflow/example_dags/example_bash_operator.py took 0.197 seconds
[2022-08-29T20:46:09.818-0400] {processor.py:153} INFO - Started process (PID=16980) to work on /Users/jl/Documents/Repos/GHC-2022-data-engineering-workshop/venv/lib/python3.8/site-packages/airflow/example_dags/example_bash_operator.py
[2022-08-29T20:46:09.829-0400] {processor.py:640} INFO - Processing file /Users/jl/Documents/Repos/GHC-2022-data-engineering-workshop/venv/lib/python3.8/site-packages/airflow/example_dags/example_bash_operator.py for tasks to queue
[2022-08-29T20:46:09.829-0400] {logging_mixin.py:115} INFO - [2022-08-29T20:46:09.829-0400] {dagbag.py:508} INFO - Filling up the DagBag from /Users/jl/Documents/Repos/GHC-2022-data-engineering-workshop/venv/lib/python3.8/site-packages/airflow/example_dags/example_bash_operator.py
[2022-08-29T20:46:09.851-0400] {processor.py:650} INFO - DAG(s) dict_keys(['example_bash_operator']) retrieved from /Users/jl/Documents/Repos/GHC-2022-data-engineering-workshop/venv/lib/python3.8/site-packages/airflow/example_dags/example_bash_operator.py
[2022-08-29T20:46:09.937-0400] {logging_mixin.py:115} INFO - [2022-08-29T20:46:09.936-0400] {dag.py:2429} INFO - Sync 1 DAGs
[2022-08-29T20:46:09.957-0400] {logging_mixin.py:115} INFO - [2022-08-29T20:46:09.957-0400] {dag.py:2977} INFO - Setting next_dagrun for example_bash_operator to 2022-08-29T00:00:00+00:00, run_after=2022-08-30T00:00:00+00:00
[2022-08-29T20:46:09.971-0400] {processor.py:161} INFO - Processing /Users/jl/Documents/Repos/GHC-2022-data-engineering-workshop/venv/lib/python3.8/site-packages/airflow/example_dags/example_bash_operator.py took 0.154 seconds
[2022-08-29T20:47:55.303-0400] {processor.py:153} INFO - Started process (PID=17078) to work on /Users/jl/Documents/Repos/GHC-2022-data-engineering-workshop/venv/lib/python3.8/site-packages/airflow/example_dags/example_bash_operator.py
[2022-08-29T20:47:55.312-0400] {processor.py:640} INFO - Processing file /Users/jl/Documents/Repos/GHC-2022-data-engineering-workshop/venv/lib/python3.8/site-packages/airflow/example_dags/example_bash_operator.py for tasks to queue
[2022-08-29T20:47:55.313-0400] {logging_mixin.py:115} INFO - [2022-08-29T20:47:55.313-0400] {dagbag.py:508} INFO - Filling up the DagBag from /Users/jl/Documents/Repos/GHC-2022-data-engineering-workshop/venv/lib/python3.8/site-packages/airflow/example_dags/example_bash_operator.py
[2022-08-29T20:47:55.337-0400] {processor.py:650} INFO - DAG(s) dict_keys(['example_bash_operator']) retrieved from /Users/jl/Documents/Repos/GHC-2022-data-engineering-workshop/venv/lib/python3.8/site-packages/airflow/example_dags/example_bash_operator.py
[2022-08-29T20:47:55.424-0400] {logging_mixin.py:115} INFO - [2022-08-29T20:47:55.424-0400] {dag.py:2429} INFO - Sync 1 DAGs
[2022-08-29T20:47:55.445-0400] {logging_mixin.py:115} INFO - [2022-08-29T20:47:55.445-0400] {dag.py:2977} INFO - Setting next_dagrun for example_bash_operator to 2022-08-29T00:00:00+00:00, run_after=2022-08-30T00:00:00+00:00
[2022-08-29T20:47:55.460-0400] {processor.py:161} INFO - Processing /Users/jl/Documents/Repos/GHC-2022-data-engineering-workshop/venv/lib/python3.8/site-packages/airflow/example_dags/example_bash_operator.py took 0.157 seconds
[2022-08-29T20:49:45.785-0400] {processor.py:153} INFO - Started process (PID=17171) to work on /Users/jl/Documents/Repos/GHC-2022-data-engineering-workshop/venv/lib/python3.8/site-packages/airflow/example_dags/example_bash_operator.py
[2022-08-29T20:49:45.795-0400] {processor.py:640} INFO - Processing file /Users/jl/Documents/Repos/GHC-2022-data-engineering-workshop/venv/lib/python3.8/site-packages/airflow/example_dags/example_bash_operator.py for tasks to queue
[2022-08-29T20:49:45.796-0400] {logging_mixin.py:115} INFO - [2022-08-29T20:49:45.796-0400] {dagbag.py:508} INFO - Filling up the DagBag from /Users/jl/Documents/Repos/GHC-2022-data-engineering-workshop/venv/lib/python3.8/site-packages/airflow/example_dags/example_bash_operator.py
[2022-08-29T20:49:45.817-0400] {processor.py:650} INFO - DAG(s) dict_keys(['example_bash_operator']) retrieved from /Users/jl/Documents/Repos/GHC-2022-data-engineering-workshop/venv/lib/python3.8/site-packages/airflow/example_dags/example_bash_operator.py
[2022-08-29T20:49:45.904-0400] {logging_mixin.py:115} INFO - [2022-08-29T20:49:45.904-0400] {dag.py:2429} INFO - Sync 1 DAGs
[2022-08-29T20:49:45.925-0400] {logging_mixin.py:115} INFO - [2022-08-29T20:49:45.925-0400] {dag.py:2977} INFO - Setting next_dagrun for example_bash_operator to 2022-08-29T00:00:00+00:00, run_after=2022-08-30T00:00:00+00:00
[2022-08-29T20:49:45.938-0400] {processor.py:161} INFO - Processing /Users/jl/Documents/Repos/GHC-2022-data-engineering-workshop/venv/lib/python3.8/site-packages/airflow/example_dags/example_bash_operator.py took 0.154 seconds
[2022-08-29T20:51:20.588-0400] {processor.py:153} INFO - Started process (PID=17260) to work on /Users/jl/Documents/Repos/GHC-2022-data-engineering-workshop/venv/lib/python3.8/site-packages/airflow/example_dags/example_bash_operator.py
[2022-08-29T20:51:20.596-0400] {processor.py:640} INFO - Processing file /Users/jl/Documents/Repos/GHC-2022-data-engineering-workshop/venv/lib/python3.8/site-packages/airflow/example_dags/example_bash_operator.py for tasks to queue
[2022-08-29T20:51:20.596-0400] {logging_mixin.py:115} INFO - [2022-08-29T20:51:20.596-0400] {dagbag.py:508} INFO - Filling up the DagBag from /Users/jl/Documents/Repos/GHC-2022-data-engineering-workshop/venv/lib/python3.8/site-packages/airflow/example_dags/example_bash_operator.py
[2022-08-29T20:51:20.617-0400] {processor.py:650} INFO - DAG(s) dict_keys(['example_bash_operator']) retrieved from /Users/jl/Documents/Repos/GHC-2022-data-engineering-workshop/venv/lib/python3.8/site-packages/airflow/example_dags/example_bash_operator.py
[2022-08-29T20:51:20.704-0400] {logging_mixin.py:115} INFO - [2022-08-29T20:51:20.704-0400] {dag.py:2429} INFO - Sync 1 DAGs
[2022-08-29T20:51:20.725-0400] {logging_mixin.py:115} INFO - [2022-08-29T20:51:20.724-0400] {dag.py:2977} INFO - Setting next_dagrun for example_bash_operator to 2022-08-29T00:00:00+00:00, run_after=2022-08-30T00:00:00+00:00
[2022-08-29T20:51:20.738-0400] {processor.py:161} INFO - Processing /Users/jl/Documents/Repos/GHC-2022-data-engineering-workshop/venv/lib/python3.8/site-packages/airflow/example_dags/example_bash_operator.py took 0.152 seconds
[2022-08-29T20:52:59.309-0400] {processor.py:153} INFO - Started process (PID=17352) to work on /Users/jl/Documents/Repos/GHC-2022-data-engineering-workshop/venv/lib/python3.8/site-packages/airflow/example_dags/example_bash_operator.py
[2022-08-29T20:52:59.317-0400] {processor.py:640} INFO - Processing file /Users/jl/Documents/Repos/GHC-2022-data-engineering-workshop/venv/lib/python3.8/site-packages/airflow/example_dags/example_bash_operator.py for tasks to queue
[2022-08-29T20:52:59.318-0400] {logging_mixin.py:115} INFO - [2022-08-29T20:52:59.318-0400] {dagbag.py:508} INFO - Filling up the DagBag from /Users/jl/Documents/Repos/GHC-2022-data-engineering-workshop/venv/lib/python3.8/site-packages/airflow/example_dags/example_bash_operator.py
[2022-08-29T20:52:59.338-0400] {processor.py:650} INFO - DAG(s) dict_keys(['example_bash_operator']) retrieved from /Users/jl/Documents/Repos/GHC-2022-data-engineering-workshop/venv/lib/python3.8/site-packages/airflow/example_dags/example_bash_operator.py
[2022-08-29T20:52:59.425-0400] {logging_mixin.py:115} INFO - [2022-08-29T20:52:59.424-0400] {dag.py:2429} INFO - Sync 1 DAGs
[2022-08-29T20:52:59.445-0400] {logging_mixin.py:115} INFO - [2022-08-29T20:52:59.445-0400] {dag.py:2977} INFO - Setting next_dagrun for example_bash_operator to 2022-08-29T00:00:00+00:00, run_after=2022-08-30T00:00:00+00:00
[2022-08-29T20:52:59.459-0400] {processor.py:161} INFO - Processing /Users/jl/Documents/Repos/GHC-2022-data-engineering-workshop/venv/lib/python3.8/site-packages/airflow/example_dags/example_bash_operator.py took 0.151 seconds
[2022-08-29T20:55:04.780-0400] {processor.py:153} INFO - Started process (PID=17450) to work on /Users/jl/Documents/Repos/GHC-2022-data-engineering-workshop/venv/lib/python3.8/site-packages/airflow/example_dags/example_bash_operator.py
[2022-08-29T20:55:04.790-0400] {processor.py:640} INFO - Processing file /Users/jl/Documents/Repos/GHC-2022-data-engineering-workshop/venv/lib/python3.8/site-packages/airflow/example_dags/example_bash_operator.py for tasks to queue
[2022-08-29T20:55:04.791-0400] {logging_mixin.py:115} INFO - [2022-08-29T20:55:04.791-0400] {dagbag.py:508} INFO - Filling up the DagBag from /Users/jl/Documents/Repos/GHC-2022-data-engineering-workshop/venv/lib/python3.8/site-packages/airflow/example_dags/example_bash_operator.py
[2022-08-29T20:55:04.812-0400] {processor.py:650} INFO - DAG(s) dict_keys(['example_bash_operator']) retrieved from /Users/jl/Documents/Repos/GHC-2022-data-engineering-workshop/venv/lib/python3.8/site-packages/airflow/example_dags/example_bash_operator.py
[2022-08-29T20:55:04.899-0400] {logging_mixin.py:115} INFO - [2022-08-29T20:55:04.899-0400] {dag.py:2429} INFO - Sync 1 DAGs
[2022-08-29T20:55:04.920-0400] {logging_mixin.py:115} INFO - [2022-08-29T20:55:04.919-0400] {dag.py:2977} INFO - Setting next_dagrun for example_bash_operator to 2022-08-29T00:00:00+00:00, run_after=2022-08-30T00:00:00+00:00
[2022-08-29T20:55:04.933-0400] {processor.py:161} INFO - Processing /Users/jl/Documents/Repos/GHC-2022-data-engineering-workshop/venv/lib/python3.8/site-packages/airflow/example_dags/example_bash_operator.py took 0.154 seconds
[2022-08-29T20:56:49.221-0400] {processor.py:153} INFO - Started process (PID=17540) to work on /Users/jl/Documents/Repos/GHC-2022-data-engineering-workshop/venv/lib/python3.8/site-packages/airflow/example_dags/example_bash_operator.py
[2022-08-29T20:56:49.229-0400] {processor.py:640} INFO - Processing file /Users/jl/Documents/Repos/GHC-2022-data-engineering-workshop/venv/lib/python3.8/site-packages/airflow/example_dags/example_bash_operator.py for tasks to queue
[2022-08-29T20:56:49.229-0400] {logging_mixin.py:115} INFO - [2022-08-29T20:56:49.229-0400] {dagbag.py:508} INFO - Filling up the DagBag from /Users/jl/Documents/Repos/GHC-2022-data-engineering-workshop/venv/lib/python3.8/site-packages/airflow/example_dags/example_bash_operator.py
[2022-08-29T20:56:49.250-0400] {processor.py:650} INFO - DAG(s) dict_keys(['example_bash_operator']) retrieved from /Users/jl/Documents/Repos/GHC-2022-data-engineering-workshop/venv/lib/python3.8/site-packages/airflow/example_dags/example_bash_operator.py
[2022-08-29T20:56:49.336-0400] {logging_mixin.py:115} INFO - [2022-08-29T20:56:49.336-0400] {dag.py:2429} INFO - Sync 1 DAGs
[2022-08-29T20:56:49.357-0400] {logging_mixin.py:115} INFO - [2022-08-29T20:56:49.357-0400] {dag.py:2977} INFO - Setting next_dagrun for example_bash_operator to 2022-08-29T00:00:00+00:00, run_after=2022-08-30T00:00:00+00:00
[2022-08-29T20:56:49.371-0400] {processor.py:161} INFO - Processing /Users/jl/Documents/Repos/GHC-2022-data-engineering-workshop/venv/lib/python3.8/site-packages/airflow/example_dags/example_bash_operator.py took 0.151 seconds
[2022-08-29T20:59:05.690-0400] {processor.py:153} INFO - Started process (PID=17661) to work on /Users/jl/Documents/Repos/GHC-2022-data-engineering-workshop/venv/lib/python3.8/site-packages/airflow/example_dags/example_bash_operator.py
[2022-08-29T20:59:05.699-0400] {processor.py:640} INFO - Processing file /Users/jl/Documents/Repos/GHC-2022-data-engineering-workshop/venv/lib/python3.8/site-packages/airflow/example_dags/example_bash_operator.py for tasks to queue
[2022-08-29T20:59:05.700-0400] {logging_mixin.py:115} INFO - [2022-08-29T20:59:05.700-0400] {dagbag.py:508} INFO - Filling up the DagBag from /Users/jl/Documents/Repos/GHC-2022-data-engineering-workshop/venv/lib/python3.8/site-packages/airflow/example_dags/example_bash_operator.py
[2022-08-29T20:59:05.722-0400] {processor.py:650} INFO - DAG(s) dict_keys(['example_bash_operator']) retrieved from /Users/jl/Documents/Repos/GHC-2022-data-engineering-workshop/venv/lib/python3.8/site-packages/airflow/example_dags/example_bash_operator.py
[2022-08-29T20:59:05.814-0400] {logging_mixin.py:115} INFO - [2022-08-29T20:59:05.813-0400] {dag.py:2429} INFO - Sync 1 DAGs
[2022-08-29T20:59:05.835-0400] {logging_mixin.py:115} INFO - [2022-08-29T20:59:05.835-0400] {dag.py:2977} INFO - Setting next_dagrun for example_bash_operator to 2022-08-29T00:00:00+00:00, run_after=2022-08-30T00:00:00+00:00
[2022-08-29T20:59:05.850-0400] {processor.py:161} INFO - Processing /Users/jl/Documents/Repos/GHC-2022-data-engineering-workshop/venv/lib/python3.8/site-packages/airflow/example_dags/example_bash_operator.py took 0.161 seconds
[2022-08-29T21:01:11.268-0400] {processor.py:153} INFO - Started process (PID=17801) to work on /Users/jl/Documents/Repos/GHC-2022-data-engineering-workshop/venv/lib/python3.8/site-packages/airflow/example_dags/example_bash_operator.py
[2022-08-29T21:01:11.276-0400] {processor.py:640} INFO - Processing file /Users/jl/Documents/Repos/GHC-2022-data-engineering-workshop/venv/lib/python3.8/site-packages/airflow/example_dags/example_bash_operator.py for tasks to queue
[2022-08-29T21:01:11.277-0400] {logging_mixin.py:115} INFO - [2022-08-29T21:01:11.277-0400] {dagbag.py:508} INFO - Filling up the DagBag from /Users/jl/Documents/Repos/GHC-2022-data-engineering-workshop/venv/lib/python3.8/site-packages/airflow/example_dags/example_bash_operator.py
[2022-08-29T21:01:11.300-0400] {processor.py:650} INFO - DAG(s) dict_keys(['example_bash_operator']) retrieved from /Users/jl/Documents/Repos/GHC-2022-data-engineering-workshop/venv/lib/python3.8/site-packages/airflow/example_dags/example_bash_operator.py
[2022-08-29T21:01:11.386-0400] {logging_mixin.py:115} INFO - [2022-08-29T21:01:11.386-0400] {dag.py:2429} INFO - Sync 1 DAGs
[2022-08-29T21:01:11.406-0400] {logging_mixin.py:115} INFO - [2022-08-29T21:01:11.406-0400] {dag.py:2977} INFO - Setting next_dagrun for example_bash_operator to 2022-08-29T00:00:00+00:00, run_after=2022-08-30T00:00:00+00:00
[2022-08-29T21:01:11.421-0400] {processor.py:161} INFO - Processing /Users/jl/Documents/Repos/GHC-2022-data-engineering-workshop/venv/lib/python3.8/site-packages/airflow/example_dags/example_bash_operator.py took 0.154 seconds
