[2022-08-29T20:00:07.211-0400] {processor.py:153} INFO - Started process (PID=14353) to work on /Users/jl/Documents/Repos/GHC-2022-data-engineering-workshop/venv/lib/python3.8/site-packages/airflow/example_dags/example_time_delta_sensor_async.py
[2022-08-29T20:00:07.219-0400] {processor.py:640} INFO - Processing file /Users/jl/Documents/Repos/GHC-2022-data-engineering-workshop/venv/lib/python3.8/site-packages/airflow/example_dags/example_time_delta_sensor_async.py for tasks to queue
[2022-08-29T20:00:07.220-0400] {logging_mixin.py:115} INFO - [2022-08-29T20:00:07.219-0400] {dagbag.py:508} INFO - Filling up the DagBag from /Users/jl/Documents/Repos/GHC-2022-data-engineering-workshop/venv/lib/python3.8/site-packages/airflow/example_dags/example_time_delta_sensor_async.py
[2022-08-29T20:00:07.234-0400] {processor.py:650} INFO - DAG(s) dict_keys(['example_time_delta_sensor_async']) retrieved from /Users/jl/Documents/Repos/GHC-2022-data-engineering-workshop/venv/lib/python3.8/site-packages/airflow/example_dags/example_time_delta_sensor_async.py
[2022-08-29T20:00:07.421-0400] {logging_mixin.py:115} INFO - [2022-08-29T20:00:07.421-0400] {dag.py:2429} INFO - Sync 1 DAGs
[2022-08-29T20:00:07.439-0400] {logging_mixin.py:115} INFO - [2022-08-29T20:00:07.438-0400] {dag.py:2977} INFO - Setting next_dagrun for example_time_delta_sensor_async to None, run_after=None
[2022-08-29T20:00:07.453-0400] {processor.py:161} INFO - Processing /Users/jl/Documents/Repos/GHC-2022-data-engineering-workshop/venv/lib/python3.8/site-packages/airflow/example_dags/example_time_delta_sensor_async.py took 0.243 seconds
[2022-08-29T20:01:38.314-0400] {processor.py:153} INFO - Started process (PID=14436) to work on /Users/jl/Documents/Repos/GHC-2022-data-engineering-workshop/venv/lib/python3.8/site-packages/airflow/example_dags/example_time_delta_sensor_async.py
[2022-08-29T20:01:38.324-0400] {processor.py:640} INFO - Processing file /Users/jl/Documents/Repos/GHC-2022-data-engineering-workshop/venv/lib/python3.8/site-packages/airflow/example_dags/example_time_delta_sensor_async.py for tasks to queue
[2022-08-29T20:01:38.325-0400] {logging_mixin.py:115} INFO - [2022-08-29T20:01:38.325-0400] {dagbag.py:508} INFO - Filling up the DagBag from /Users/jl/Documents/Repos/GHC-2022-data-engineering-workshop/venv/lib/python3.8/site-packages/airflow/example_dags/example_time_delta_sensor_async.py
[2022-08-29T20:01:38.342-0400] {processor.py:650} INFO - DAG(s) dict_keys(['example_time_delta_sensor_async']) retrieved from /Users/jl/Documents/Repos/GHC-2022-data-engineering-workshop/venv/lib/python3.8/site-packages/airflow/example_dags/example_time_delta_sensor_async.py
[2022-08-29T20:01:38.526-0400] {logging_mixin.py:115} INFO - [2022-08-29T20:01:38.526-0400] {dag.py:2429} INFO - Sync 1 DAGs
[2022-08-29T20:01:38.544-0400] {logging_mixin.py:115} INFO - [2022-08-29T20:01:38.544-0400] {dag.py:2977} INFO - Setting next_dagrun for example_time_delta_sensor_async to None, run_after=None
[2022-08-29T20:01:38.558-0400] {processor.py:161} INFO - Processing /Users/jl/Documents/Repos/GHC-2022-data-engineering-workshop/venv/lib/python3.8/site-packages/airflow/example_dags/example_time_delta_sensor_async.py took 0.244 seconds
[2022-08-29T20:03:01.838-0400] {processor.py:153} INFO - Started process (PID=14516) to work on /Users/jl/Documents/Repos/GHC-2022-data-engineering-workshop/venv/lib/python3.8/site-packages/airflow/example_dags/example_time_delta_sensor_async.py
[2022-08-29T20:03:01.846-0400] {processor.py:640} INFO - Processing file /Users/jl/Documents/Repos/GHC-2022-data-engineering-workshop/venv/lib/python3.8/site-packages/airflow/example_dags/example_time_delta_sensor_async.py for tasks to queue
[2022-08-29T20:03:01.846-0400] {logging_mixin.py:115} INFO - [2022-08-29T20:03:01.846-0400] {dagbag.py:508} INFO - Filling up the DagBag from /Users/jl/Documents/Repos/GHC-2022-data-engineering-workshop/venv/lib/python3.8/site-packages/airflow/example_dags/example_time_delta_sensor_async.py
[2022-08-29T20:03:01.860-0400] {processor.py:650} INFO - DAG(s) dict_keys(['example_time_delta_sensor_async']) retrieved from /Users/jl/Documents/Repos/GHC-2022-data-engineering-workshop/venv/lib/python3.8/site-packages/airflow/example_dags/example_time_delta_sensor_async.py
[2022-08-29T20:03:02.044-0400] {logging_mixin.py:115} INFO - [2022-08-29T20:03:02.044-0400] {dag.py:2429} INFO - Sync 1 DAGs
[2022-08-29T20:03:02.061-0400] {logging_mixin.py:115} INFO - [2022-08-29T20:03:02.061-0400] {dag.py:2977} INFO - Setting next_dagrun for example_time_delta_sensor_async to None, run_after=None
[2022-08-29T20:03:02.075-0400] {processor.py:161} INFO - Processing /Users/jl/Documents/Repos/GHC-2022-data-engineering-workshop/venv/lib/python3.8/site-packages/airflow/example_dags/example_time_delta_sensor_async.py took 0.239 seconds
[2022-08-29T20:04:29.522-0400] {processor.py:153} INFO - Started process (PID=14597) to work on /Users/jl/Documents/Repos/GHC-2022-data-engineering-workshop/venv/lib/python3.8/site-packages/airflow/example_dags/example_time_delta_sensor_async.py
[2022-08-29T20:04:29.530-0400] {processor.py:640} INFO - Processing file /Users/jl/Documents/Repos/GHC-2022-data-engineering-workshop/venv/lib/python3.8/site-packages/airflow/example_dags/example_time_delta_sensor_async.py for tasks to queue
[2022-08-29T20:04:29.531-0400] {logging_mixin.py:115} INFO - [2022-08-29T20:04:29.531-0400] {dagbag.py:508} INFO - Filling up the DagBag from /Users/jl/Documents/Repos/GHC-2022-data-engineering-workshop/venv/lib/python3.8/site-packages/airflow/example_dags/example_time_delta_sensor_async.py
[2022-08-29T20:04:29.545-0400] {processor.py:650} INFO - DAG(s) dict_keys(['example_time_delta_sensor_async']) retrieved from /Users/jl/Documents/Repos/GHC-2022-data-engineering-workshop/venv/lib/python3.8/site-packages/airflow/example_dags/example_time_delta_sensor_async.py
[2022-08-29T20:04:29.730-0400] {logging_mixin.py:115} INFO - [2022-08-29T20:04:29.730-0400] {dag.py:2429} INFO - Sync 1 DAGs
[2022-08-29T20:04:29.748-0400] {logging_mixin.py:115} INFO - [2022-08-29T20:04:29.747-0400] {dag.py:2977} INFO - Setting next_dagrun for example_time_delta_sensor_async to None, run_after=None
[2022-08-29T20:04:29.762-0400] {processor.py:161} INFO - Processing /Users/jl/Documents/Repos/GHC-2022-data-engineering-workshop/venv/lib/python3.8/site-packages/airflow/example_dags/example_time_delta_sensor_async.py took 0.241 seconds
[2022-08-29T20:05:56.750-0400] {processor.py:153} INFO - Started process (PID=14678) to work on /Users/jl/Documents/Repos/GHC-2022-data-engineering-workshop/venv/lib/python3.8/site-packages/airflow/example_dags/example_time_delta_sensor_async.py
[2022-08-29T20:05:56.759-0400] {processor.py:640} INFO - Processing file /Users/jl/Documents/Repos/GHC-2022-data-engineering-workshop/venv/lib/python3.8/site-packages/airflow/example_dags/example_time_delta_sensor_async.py for tasks to queue
[2022-08-29T20:05:56.759-0400] {logging_mixin.py:115} INFO - [2022-08-29T20:05:56.759-0400] {dagbag.py:508} INFO - Filling up the DagBag from /Users/jl/Documents/Repos/GHC-2022-data-engineering-workshop/venv/lib/python3.8/site-packages/airflow/example_dags/example_time_delta_sensor_async.py
[2022-08-29T20:05:56.773-0400] {processor.py:650} INFO - DAG(s) dict_keys(['example_time_delta_sensor_async']) retrieved from /Users/jl/Documents/Repos/GHC-2022-data-engineering-workshop/venv/lib/python3.8/site-packages/airflow/example_dags/example_time_delta_sensor_async.py
[2022-08-29T20:05:56.956-0400] {logging_mixin.py:115} INFO - [2022-08-29T20:05:56.956-0400] {dag.py:2429} INFO - Sync 1 DAGs
[2022-08-29T20:05:56.974-0400] {logging_mixin.py:115} INFO - [2022-08-29T20:05:56.974-0400] {dag.py:2977} INFO - Setting next_dagrun for example_time_delta_sensor_async to None, run_after=None
[2022-08-29T20:05:56.988-0400] {processor.py:161} INFO - Processing /Users/jl/Documents/Repos/GHC-2022-data-engineering-workshop/venv/lib/python3.8/site-packages/airflow/example_dags/example_time_delta_sensor_async.py took 0.239 seconds
[2022-08-29T20:07:24.827-0400] {processor.py:153} INFO - Started process (PID=14758) to work on /Users/jl/Documents/Repos/GHC-2022-data-engineering-workshop/venv/lib/python3.8/site-packages/airflow/example_dags/example_time_delta_sensor_async.py
[2022-08-29T20:07:24.835-0400] {processor.py:640} INFO - Processing file /Users/jl/Documents/Repos/GHC-2022-data-engineering-workshop/venv/lib/python3.8/site-packages/airflow/example_dags/example_time_delta_sensor_async.py for tasks to queue
[2022-08-29T20:07:24.836-0400] {logging_mixin.py:115} INFO - [2022-08-29T20:07:24.836-0400] {dagbag.py:508} INFO - Filling up the DagBag from /Users/jl/Documents/Repos/GHC-2022-data-engineering-workshop/venv/lib/python3.8/site-packages/airflow/example_dags/example_time_delta_sensor_async.py
[2022-08-29T20:07:24.850-0400] {processor.py:650} INFO - DAG(s) dict_keys(['example_time_delta_sensor_async']) retrieved from /Users/jl/Documents/Repos/GHC-2022-data-engineering-workshop/venv/lib/python3.8/site-packages/airflow/example_dags/example_time_delta_sensor_async.py
[2022-08-29T20:07:25.032-0400] {logging_mixin.py:115} INFO - [2022-08-29T20:07:25.032-0400] {dag.py:2429} INFO - Sync 1 DAGs
[2022-08-29T20:07:25.050-0400] {logging_mixin.py:115} INFO - [2022-08-29T20:07:25.050-0400] {dag.py:2977} INFO - Setting next_dagrun for example_time_delta_sensor_async to None, run_after=None
[2022-08-29T20:07:25.064-0400] {processor.py:161} INFO - Processing /Users/jl/Documents/Repos/GHC-2022-data-engineering-workshop/venv/lib/python3.8/site-packages/airflow/example_dags/example_time_delta_sensor_async.py took 0.238 seconds
[2022-08-29T20:08:50.846-0400] {processor.py:153} INFO - Started process (PID=14841) to work on /Users/jl/Documents/Repos/GHC-2022-data-engineering-workshop/venv/lib/python3.8/site-packages/airflow/example_dags/example_time_delta_sensor_async.py
[2022-08-29T20:08:50.854-0400] {processor.py:640} INFO - Processing file /Users/jl/Documents/Repos/GHC-2022-data-engineering-workshop/venv/lib/python3.8/site-packages/airflow/example_dags/example_time_delta_sensor_async.py for tasks to queue
[2022-08-29T20:08:50.855-0400] {logging_mixin.py:115} INFO - [2022-08-29T20:08:50.855-0400] {dagbag.py:508} INFO - Filling up the DagBag from /Users/jl/Documents/Repos/GHC-2022-data-engineering-workshop/venv/lib/python3.8/site-packages/airflow/example_dags/example_time_delta_sensor_async.py
[2022-08-29T20:08:50.869-0400] {processor.py:650} INFO - DAG(s) dict_keys(['example_time_delta_sensor_async']) retrieved from /Users/jl/Documents/Repos/GHC-2022-data-engineering-workshop/venv/lib/python3.8/site-packages/airflow/example_dags/example_time_delta_sensor_async.py
[2022-08-29T20:08:51.054-0400] {logging_mixin.py:115} INFO - [2022-08-29T20:08:51.054-0400] {dag.py:2429} INFO - Sync 1 DAGs
[2022-08-29T20:08:51.071-0400] {logging_mixin.py:115} INFO - [2022-08-29T20:08:51.071-0400] {dag.py:2977} INFO - Setting next_dagrun for example_time_delta_sensor_async to None, run_after=None
[2022-08-29T20:08:51.085-0400] {processor.py:161} INFO - Processing /Users/jl/Documents/Repos/GHC-2022-data-engineering-workshop/venv/lib/python3.8/site-packages/airflow/example_dags/example_time_delta_sensor_async.py took 0.240 seconds
[2022-08-29T20:10:29.078-0400] {processor.py:153} INFO - Started process (PID=14930) to work on /Users/jl/Documents/Repos/GHC-2022-data-engineering-workshop/venv/lib/python3.8/site-packages/airflow/example_dags/example_time_delta_sensor_async.py
[2022-08-29T20:10:29.087-0400] {processor.py:640} INFO - Processing file /Users/jl/Documents/Repos/GHC-2022-data-engineering-workshop/venv/lib/python3.8/site-packages/airflow/example_dags/example_time_delta_sensor_async.py for tasks to queue
[2022-08-29T20:10:29.088-0400] {logging_mixin.py:115} INFO - [2022-08-29T20:10:29.088-0400] {dagbag.py:508} INFO - Filling up the DagBag from /Users/jl/Documents/Repos/GHC-2022-data-engineering-workshop/venv/lib/python3.8/site-packages/airflow/example_dags/example_time_delta_sensor_async.py
[2022-08-29T20:10:29.105-0400] {processor.py:650} INFO - DAG(s) dict_keys(['example_time_delta_sensor_async']) retrieved from /Users/jl/Documents/Repos/GHC-2022-data-engineering-workshop/venv/lib/python3.8/site-packages/airflow/example_dags/example_time_delta_sensor_async.py
[2022-08-29T20:10:29.440-0400] {logging_mixin.py:115} INFO - [2022-08-29T20:10:29.439-0400] {dag.py:2429} INFO - Sync 1 DAGs
[2022-08-29T20:10:29.457-0400] {logging_mixin.py:115} INFO - [2022-08-29T20:10:29.457-0400] {dag.py:2977} INFO - Setting next_dagrun for example_time_delta_sensor_async to None, run_after=None
[2022-08-29T20:10:29.470-0400] {processor.py:161} INFO - Processing /Users/jl/Documents/Repos/GHC-2022-data-engineering-workshop/venv/lib/python3.8/site-packages/airflow/example_dags/example_time_delta_sensor_async.py took 0.393 seconds
[2022-08-29T20:11:59.864-0400] {processor.py:153} INFO - Started process (PID=15015) to work on /Users/jl/Documents/Repos/GHC-2022-data-engineering-workshop/venv/lib/python3.8/site-packages/airflow/example_dags/example_time_delta_sensor_async.py
[2022-08-29T20:11:59.873-0400] {processor.py:640} INFO - Processing file /Users/jl/Documents/Repos/GHC-2022-data-engineering-workshop/venv/lib/python3.8/site-packages/airflow/example_dags/example_time_delta_sensor_async.py for tasks to queue
[2022-08-29T20:11:59.873-0400] {logging_mixin.py:115} INFO - [2022-08-29T20:11:59.873-0400] {dagbag.py:508} INFO - Filling up the DagBag from /Users/jl/Documents/Repos/GHC-2022-data-engineering-workshop/venv/lib/python3.8/site-packages/airflow/example_dags/example_time_delta_sensor_async.py
[2022-08-29T20:11:59.887-0400] {processor.py:650} INFO - DAG(s) dict_keys(['example_time_delta_sensor_async']) retrieved from /Users/jl/Documents/Repos/GHC-2022-data-engineering-workshop/venv/lib/python3.8/site-packages/airflow/example_dags/example_time_delta_sensor_async.py
[2022-08-29T20:12:00.075-0400] {logging_mixin.py:115} INFO - [2022-08-29T20:12:00.075-0400] {dag.py:2429} INFO - Sync 1 DAGs
[2022-08-29T20:12:00.092-0400] {logging_mixin.py:115} INFO - [2022-08-29T20:12:00.092-0400] {dag.py:2977} INFO - Setting next_dagrun for example_time_delta_sensor_async to None, run_after=None
[2022-08-29T20:12:00.107-0400] {processor.py:161} INFO - Processing /Users/jl/Documents/Repos/GHC-2022-data-engineering-workshop/venv/lib/python3.8/site-packages/airflow/example_dags/example_time_delta_sensor_async.py took 0.245 seconds
[2022-08-29T20:13:28.809-0400] {processor.py:153} INFO - Started process (PID=15098) to work on /Users/jl/Documents/Repos/GHC-2022-data-engineering-workshop/venv/lib/python3.8/site-packages/airflow/example_dags/example_time_delta_sensor_async.py
[2022-08-29T20:13:28.818-0400] {processor.py:640} INFO - Processing file /Users/jl/Documents/Repos/GHC-2022-data-engineering-workshop/venv/lib/python3.8/site-packages/airflow/example_dags/example_time_delta_sensor_async.py for tasks to queue
[2022-08-29T20:13:28.819-0400] {logging_mixin.py:115} INFO - [2022-08-29T20:13:28.818-0400] {dagbag.py:508} INFO - Filling up the DagBag from /Users/jl/Documents/Repos/GHC-2022-data-engineering-workshop/venv/lib/python3.8/site-packages/airflow/example_dags/example_time_delta_sensor_async.py
[2022-08-29T20:13:28.833-0400] {processor.py:650} INFO - DAG(s) dict_keys(['example_time_delta_sensor_async']) retrieved from /Users/jl/Documents/Repos/GHC-2022-data-engineering-workshop/venv/lib/python3.8/site-packages/airflow/example_dags/example_time_delta_sensor_async.py
[2022-08-29T20:13:29.018-0400] {logging_mixin.py:115} INFO - [2022-08-29T20:13:29.017-0400] {dag.py:2429} INFO - Sync 1 DAGs
[2022-08-29T20:13:29.035-0400] {logging_mixin.py:115} INFO - [2022-08-29T20:13:29.035-0400] {dag.py:2977} INFO - Setting next_dagrun for example_time_delta_sensor_async to None, run_after=None
[2022-08-29T20:13:29.052-0400] {processor.py:161} INFO - Processing /Users/jl/Documents/Repos/GHC-2022-data-engineering-workshop/venv/lib/python3.8/site-packages/airflow/example_dags/example_time_delta_sensor_async.py took 0.243 seconds
[2022-08-29T20:15:02.233-0400] {processor.py:153} INFO - Started process (PID=15211) to work on /Users/jl/Documents/Repos/GHC-2022-data-engineering-workshop/venv/lib/python3.8/site-packages/airflow/example_dags/example_time_delta_sensor_async.py
[2022-08-29T20:15:02.242-0400] {processor.py:640} INFO - Processing file /Users/jl/Documents/Repos/GHC-2022-data-engineering-workshop/venv/lib/python3.8/site-packages/airflow/example_dags/example_time_delta_sensor_async.py for tasks to queue
[2022-08-29T20:15:02.242-0400] {logging_mixin.py:115} INFO - [2022-08-29T20:15:02.242-0400] {dagbag.py:508} INFO - Filling up the DagBag from /Users/jl/Documents/Repos/GHC-2022-data-engineering-workshop/venv/lib/python3.8/site-packages/airflow/example_dags/example_time_delta_sensor_async.py
[2022-08-29T20:15:02.257-0400] {processor.py:650} INFO - DAG(s) dict_keys(['example_time_delta_sensor_async']) retrieved from /Users/jl/Documents/Repos/GHC-2022-data-engineering-workshop/venv/lib/python3.8/site-packages/airflow/example_dags/example_time_delta_sensor_async.py
[2022-08-29T20:15:02.449-0400] {logging_mixin.py:115} INFO - [2022-08-29T20:15:02.449-0400] {dag.py:2429} INFO - Sync 1 DAGs
[2022-08-29T20:15:02.470-0400] {logging_mixin.py:115} INFO - [2022-08-29T20:15:02.470-0400] {dag.py:2977} INFO - Setting next_dagrun for example_time_delta_sensor_async to None, run_after=None
[2022-08-29T20:15:02.486-0400] {processor.py:161} INFO - Processing /Users/jl/Documents/Repos/GHC-2022-data-engineering-workshop/venv/lib/python3.8/site-packages/airflow/example_dags/example_time_delta_sensor_async.py took 0.254 seconds
[2022-08-29T20:16:46.903-0400] {processor.py:153} INFO - Started process (PID=15302) to work on /Users/jl/Documents/Repos/GHC-2022-data-engineering-workshop/venv/lib/python3.8/site-packages/airflow/example_dags/example_time_delta_sensor_async.py
[2022-08-29T20:16:46.912-0400] {processor.py:640} INFO - Processing file /Users/jl/Documents/Repos/GHC-2022-data-engineering-workshop/venv/lib/python3.8/site-packages/airflow/example_dags/example_time_delta_sensor_async.py for tasks to queue
[2022-08-29T20:16:46.912-0400] {logging_mixin.py:115} INFO - [2022-08-29T20:16:46.912-0400] {dagbag.py:508} INFO - Filling up the DagBag from /Users/jl/Documents/Repos/GHC-2022-data-engineering-workshop/venv/lib/python3.8/site-packages/airflow/example_dags/example_time_delta_sensor_async.py
[2022-08-29T20:16:46.927-0400] {processor.py:650} INFO - DAG(s) dict_keys(['example_time_delta_sensor_async']) retrieved from /Users/jl/Documents/Repos/GHC-2022-data-engineering-workshop/venv/lib/python3.8/site-packages/airflow/example_dags/example_time_delta_sensor_async.py
[2022-08-29T20:16:47.113-0400] {logging_mixin.py:115} INFO - [2022-08-29T20:16:47.113-0400] {dag.py:2429} INFO - Sync 1 DAGs
[2022-08-29T20:16:47.130-0400] {logging_mixin.py:115} INFO - [2022-08-29T20:16:47.130-0400] {dag.py:2977} INFO - Setting next_dagrun for example_time_delta_sensor_async to None, run_after=None
[2022-08-29T20:16:47.145-0400] {processor.py:161} INFO - Processing /Users/jl/Documents/Repos/GHC-2022-data-engineering-workshop/venv/lib/python3.8/site-packages/airflow/example_dags/example_time_delta_sensor_async.py took 0.243 seconds
[2022-08-29T20:18:39.114-0400] {processor.py:153} INFO - Started process (PID=15422) to work on /Users/jl/Documents/Repos/GHC-2022-data-engineering-workshop/venv/lib/python3.8/site-packages/airflow/example_dags/example_time_delta_sensor_async.py
[2022-08-29T20:18:39.122-0400] {processor.py:640} INFO - Processing file /Users/jl/Documents/Repos/GHC-2022-data-engineering-workshop/venv/lib/python3.8/site-packages/airflow/example_dags/example_time_delta_sensor_async.py for tasks to queue
[2022-08-29T20:18:39.122-0400] {logging_mixin.py:115} INFO - [2022-08-29T20:18:39.122-0400] {dagbag.py:508} INFO - Filling up the DagBag from /Users/jl/Documents/Repos/GHC-2022-data-engineering-workshop/venv/lib/python3.8/site-packages/airflow/example_dags/example_time_delta_sensor_async.py
[2022-08-29T20:18:39.137-0400] {processor.py:650} INFO - DAG(s) dict_keys(['example_time_delta_sensor_async']) retrieved from /Users/jl/Documents/Repos/GHC-2022-data-engineering-workshop/venv/lib/python3.8/site-packages/airflow/example_dags/example_time_delta_sensor_async.py
[2022-08-29T20:18:39.320-0400] {logging_mixin.py:115} INFO - [2022-08-29T20:18:39.320-0400] {dag.py:2429} INFO - Sync 1 DAGs
[2022-08-29T20:18:39.338-0400] {logging_mixin.py:115} INFO - [2022-08-29T20:18:39.338-0400] {dag.py:2977} INFO - Setting next_dagrun for example_time_delta_sensor_async to None, run_after=None
[2022-08-29T20:18:39.352-0400] {processor.py:161} INFO - Processing /Users/jl/Documents/Repos/GHC-2022-data-engineering-workshop/venv/lib/python3.8/site-packages/airflow/example_dags/example_time_delta_sensor_async.py took 0.239 seconds
[2022-08-29T20:20:21.082-0400] {processor.py:153} INFO - Started process (PID=15525) to work on /Users/jl/Documents/Repos/GHC-2022-data-engineering-workshop/venv/lib/python3.8/site-packages/airflow/example_dags/example_time_delta_sensor_async.py
[2022-08-29T20:20:21.091-0400] {processor.py:640} INFO - Processing file /Users/jl/Documents/Repos/GHC-2022-data-engineering-workshop/venv/lib/python3.8/site-packages/airflow/example_dags/example_time_delta_sensor_async.py for tasks to queue
[2022-08-29T20:20:21.091-0400] {logging_mixin.py:115} INFO - [2022-08-29T20:20:21.091-0400] {dagbag.py:508} INFO - Filling up the DagBag from /Users/jl/Documents/Repos/GHC-2022-data-engineering-workshop/venv/lib/python3.8/site-packages/airflow/example_dags/example_time_delta_sensor_async.py
[2022-08-29T20:20:21.108-0400] {processor.py:650} INFO - DAG(s) dict_keys(['example_time_delta_sensor_async']) retrieved from /Users/jl/Documents/Repos/GHC-2022-data-engineering-workshop/venv/lib/python3.8/site-packages/airflow/example_dags/example_time_delta_sensor_async.py
[2022-08-29T20:20:21.292-0400] {logging_mixin.py:115} INFO - [2022-08-29T20:20:21.292-0400] {dag.py:2429} INFO - Sync 1 DAGs
[2022-08-29T20:20:21.310-0400] {logging_mixin.py:115} INFO - [2022-08-29T20:20:21.310-0400] {dag.py:2977} INFO - Setting next_dagrun for example_time_delta_sensor_async to None, run_after=None
[2022-08-29T20:20:21.324-0400] {processor.py:161} INFO - Processing /Users/jl/Documents/Repos/GHC-2022-data-engineering-workshop/venv/lib/python3.8/site-packages/airflow/example_dags/example_time_delta_sensor_async.py took 0.243 seconds
[2022-08-29T20:21:49.449-0400] {processor.py:153} INFO - Started process (PID=15608) to work on /Users/jl/Documents/Repos/GHC-2022-data-engineering-workshop/venv/lib/python3.8/site-packages/airflow/example_dags/example_time_delta_sensor_async.py
[2022-08-29T20:21:49.457-0400] {processor.py:640} INFO - Processing file /Users/jl/Documents/Repos/GHC-2022-data-engineering-workshop/venv/lib/python3.8/site-packages/airflow/example_dags/example_time_delta_sensor_async.py for tasks to queue
[2022-08-29T20:21:49.458-0400] {logging_mixin.py:115} INFO - [2022-08-29T20:21:49.458-0400] {dagbag.py:508} INFO - Filling up the DagBag from /Users/jl/Documents/Repos/GHC-2022-data-engineering-workshop/venv/lib/python3.8/site-packages/airflow/example_dags/example_time_delta_sensor_async.py
[2022-08-29T20:21:49.473-0400] {processor.py:650} INFO - DAG(s) dict_keys(['example_time_delta_sensor_async']) retrieved from /Users/jl/Documents/Repos/GHC-2022-data-engineering-workshop/venv/lib/python3.8/site-packages/airflow/example_dags/example_time_delta_sensor_async.py
[2022-08-29T20:21:49.659-0400] {logging_mixin.py:115} INFO - [2022-08-29T20:21:49.659-0400] {dag.py:2429} INFO - Sync 1 DAGs
[2022-08-29T20:21:49.676-0400] {logging_mixin.py:115} INFO - [2022-08-29T20:21:49.676-0400] {dag.py:2977} INFO - Setting next_dagrun for example_time_delta_sensor_async to None, run_after=None
[2022-08-29T20:21:49.691-0400] {processor.py:161} INFO - Processing /Users/jl/Documents/Repos/GHC-2022-data-engineering-workshop/venv/lib/python3.8/site-packages/airflow/example_dags/example_time_delta_sensor_async.py took 0.243 seconds
[2022-08-29T20:23:16.062-0400] {processor.py:153} INFO - Started process (PID=15689) to work on /Users/jl/Documents/Repos/GHC-2022-data-engineering-workshop/venv/lib/python3.8/site-packages/airflow/example_dags/example_time_delta_sensor_async.py
[2022-08-29T20:23:16.070-0400] {processor.py:640} INFO - Processing file /Users/jl/Documents/Repos/GHC-2022-data-engineering-workshop/venv/lib/python3.8/site-packages/airflow/example_dags/example_time_delta_sensor_async.py for tasks to queue
[2022-08-29T20:23:16.071-0400] {logging_mixin.py:115} INFO - [2022-08-29T20:23:16.071-0400] {dagbag.py:508} INFO - Filling up the DagBag from /Users/jl/Documents/Repos/GHC-2022-data-engineering-workshop/venv/lib/python3.8/site-packages/airflow/example_dags/example_time_delta_sensor_async.py
[2022-08-29T20:23:16.085-0400] {processor.py:650} INFO - DAG(s) dict_keys(['example_time_delta_sensor_async']) retrieved from /Users/jl/Documents/Repos/GHC-2022-data-engineering-workshop/venv/lib/python3.8/site-packages/airflow/example_dags/example_time_delta_sensor_async.py
[2022-08-29T20:23:16.270-0400] {logging_mixin.py:115} INFO - [2022-08-29T20:23:16.269-0400] {dag.py:2429} INFO - Sync 1 DAGs
[2022-08-29T20:23:16.287-0400] {logging_mixin.py:115} INFO - [2022-08-29T20:23:16.287-0400] {dag.py:2977} INFO - Setting next_dagrun for example_time_delta_sensor_async to None, run_after=None
[2022-08-29T20:23:16.301-0400] {processor.py:161} INFO - Processing /Users/jl/Documents/Repos/GHC-2022-data-engineering-workshop/venv/lib/python3.8/site-packages/airflow/example_dags/example_time_delta_sensor_async.py took 0.240 seconds
[2022-08-29T20:24:43.671-0400] {processor.py:153} INFO - Started process (PID=15769) to work on /Users/jl/Documents/Repos/GHC-2022-data-engineering-workshop/venv/lib/python3.8/site-packages/airflow/example_dags/example_time_delta_sensor_async.py
[2022-08-29T20:24:43.680-0400] {processor.py:640} INFO - Processing file /Users/jl/Documents/Repos/GHC-2022-data-engineering-workshop/venv/lib/python3.8/site-packages/airflow/example_dags/example_time_delta_sensor_async.py for tasks to queue
[2022-08-29T20:24:43.680-0400] {logging_mixin.py:115} INFO - [2022-08-29T20:24:43.680-0400] {dagbag.py:508} INFO - Filling up the DagBag from /Users/jl/Documents/Repos/GHC-2022-data-engineering-workshop/venv/lib/python3.8/site-packages/airflow/example_dags/example_time_delta_sensor_async.py
[2022-08-29T20:24:43.695-0400] {processor.py:650} INFO - DAG(s) dict_keys(['example_time_delta_sensor_async']) retrieved from /Users/jl/Documents/Repos/GHC-2022-data-engineering-workshop/venv/lib/python3.8/site-packages/airflow/example_dags/example_time_delta_sensor_async.py
[2022-08-29T20:24:43.885-0400] {logging_mixin.py:115} INFO - [2022-08-29T20:24:43.885-0400] {dag.py:2429} INFO - Sync 1 DAGs
[2022-08-29T20:24:43.903-0400] {logging_mixin.py:115} INFO - [2022-08-29T20:24:43.903-0400] {dag.py:2977} INFO - Setting next_dagrun for example_time_delta_sensor_async to None, run_after=None
[2022-08-29T20:24:43.921-0400] {processor.py:161} INFO - Processing /Users/jl/Documents/Repos/GHC-2022-data-engineering-workshop/venv/lib/python3.8/site-packages/airflow/example_dags/example_time_delta_sensor_async.py took 0.251 seconds
[2022-08-29T20:26:47.030-0400] {processor.py:153} INFO - Started process (PID=15891) to work on /Users/jl/Documents/Repos/GHC-2022-data-engineering-workshop/venv/lib/python3.8/site-packages/airflow/example_dags/example_time_delta_sensor_async.py
[2022-08-29T20:26:47.041-0400] {processor.py:640} INFO - Processing file /Users/jl/Documents/Repos/GHC-2022-data-engineering-workshop/venv/lib/python3.8/site-packages/airflow/example_dags/example_time_delta_sensor_async.py for tasks to queue
[2022-08-29T20:26:47.042-0400] {logging_mixin.py:115} INFO - [2022-08-29T20:26:47.042-0400] {dagbag.py:508} INFO - Filling up the DagBag from /Users/jl/Documents/Repos/GHC-2022-data-engineering-workshop/venv/lib/python3.8/site-packages/airflow/example_dags/example_time_delta_sensor_async.py
[2022-08-29T20:26:47.063-0400] {processor.py:650} INFO - DAG(s) dict_keys(['example_time_delta_sensor_async']) retrieved from /Users/jl/Documents/Repos/GHC-2022-data-engineering-workshop/venv/lib/python3.8/site-packages/airflow/example_dags/example_time_delta_sensor_async.py
[2022-08-29T20:26:47.567-0400] {logging_mixin.py:115} INFO - [2022-08-29T20:26:47.566-0400] {dag.py:2429} INFO - Sync 1 DAGs
[2022-08-29T20:26:47.602-0400] {logging_mixin.py:115} INFO - [2022-08-29T20:26:47.601-0400] {dag.py:2977} INFO - Setting next_dagrun for example_time_delta_sensor_async to None, run_after=None
[2022-08-29T20:26:47.625-0400] {processor.py:161} INFO - Processing /Users/jl/Documents/Repos/GHC-2022-data-engineering-workshop/venv/lib/python3.8/site-packages/airflow/example_dags/example_time_delta_sensor_async.py took 0.597 seconds
[2022-08-29T20:27:51.419-0400] {processor.py:153} INFO - Started process (PID=15947) to work on /Users/jl/Documents/Repos/GHC-2022-data-engineering-workshop/venv/lib/python3.8/site-packages/airflow/example_dags/example_time_delta_sensor_async.py
[2022-08-29T20:27:51.427-0400] {processor.py:640} INFO - Processing file /Users/jl/Documents/Repos/GHC-2022-data-engineering-workshop/venv/lib/python3.8/site-packages/airflow/example_dags/example_time_delta_sensor_async.py for tasks to queue
[2022-08-29T20:27:51.428-0400] {logging_mixin.py:115} INFO - [2022-08-29T20:27:51.428-0400] {dagbag.py:508} INFO - Filling up the DagBag from /Users/jl/Documents/Repos/GHC-2022-data-engineering-workshop/venv/lib/python3.8/site-packages/airflow/example_dags/example_time_delta_sensor_async.py
[2022-08-29T20:27:51.442-0400] {processor.py:650} INFO - DAG(s) dict_keys(['example_time_delta_sensor_async']) retrieved from /Users/jl/Documents/Repos/GHC-2022-data-engineering-workshop/venv/lib/python3.8/site-packages/airflow/example_dags/example_time_delta_sensor_async.py
[2022-08-29T20:27:51.627-0400] {logging_mixin.py:115} INFO - [2022-08-29T20:27:51.626-0400] {dag.py:2429} INFO - Sync 1 DAGs
[2022-08-29T20:27:51.644-0400] {logging_mixin.py:115} INFO - [2022-08-29T20:27:51.644-0400] {dag.py:2977} INFO - Setting next_dagrun for example_time_delta_sensor_async to None, run_after=None
[2022-08-29T20:27:51.658-0400] {processor.py:161} INFO - Processing /Users/jl/Documents/Repos/GHC-2022-data-engineering-workshop/venv/lib/python3.8/site-packages/airflow/example_dags/example_time_delta_sensor_async.py took 0.240 seconds
[2022-08-29T20:29:25.763-0400] {processor.py:153} INFO - Started process (PID=16029) to work on /Users/jl/Documents/Repos/GHC-2022-data-engineering-workshop/venv/lib/python3.8/site-packages/airflow/example_dags/example_time_delta_sensor_async.py
[2022-08-29T20:29:25.771-0400] {processor.py:640} INFO - Processing file /Users/jl/Documents/Repos/GHC-2022-data-engineering-workshop/venv/lib/python3.8/site-packages/airflow/example_dags/example_time_delta_sensor_async.py for tasks to queue
[2022-08-29T20:29:25.771-0400] {logging_mixin.py:115} INFO - [2022-08-29T20:29:25.771-0400] {dagbag.py:508} INFO - Filling up the DagBag from /Users/jl/Documents/Repos/GHC-2022-data-engineering-workshop/venv/lib/python3.8/site-packages/airflow/example_dags/example_time_delta_sensor_async.py
[2022-08-29T20:29:25.787-0400] {processor.py:650} INFO - DAG(s) dict_keys(['example_time_delta_sensor_async']) retrieved from /Users/jl/Documents/Repos/GHC-2022-data-engineering-workshop/venv/lib/python3.8/site-packages/airflow/example_dags/example_time_delta_sensor_async.py
[2022-08-29T20:29:26.067-0400] {logging_mixin.py:115} INFO - [2022-08-29T20:29:26.067-0400] {dag.py:2429} INFO - Sync 1 DAGs
[2022-08-29T20:29:26.102-0400] {logging_mixin.py:115} INFO - [2022-08-29T20:29:26.101-0400] {dag.py:2977} INFO - Setting next_dagrun for example_time_delta_sensor_async to None, run_after=None
[2022-08-29T20:29:26.135-0400] {processor.py:161} INFO - Processing /Users/jl/Documents/Repos/GHC-2022-data-engineering-workshop/venv/lib/python3.8/site-packages/airflow/example_dags/example_time_delta_sensor_async.py took 0.373 seconds
[2022-08-29T20:30:26.072-0400] {processor.py:153} INFO - Started process (PID=16091) to work on /Users/jl/Documents/Repos/GHC-2022-data-engineering-workshop/venv/lib/python3.8/site-packages/airflow/example_dags/example_time_delta_sensor_async.py
[2022-08-29T20:30:26.082-0400] {processor.py:640} INFO - Processing file /Users/jl/Documents/Repos/GHC-2022-data-engineering-workshop/venv/lib/python3.8/site-packages/airflow/example_dags/example_time_delta_sensor_async.py for tasks to queue
[2022-08-29T20:30:26.083-0400] {logging_mixin.py:115} INFO - [2022-08-29T20:30:26.083-0400] {dagbag.py:508} INFO - Filling up the DagBag from /Users/jl/Documents/Repos/GHC-2022-data-engineering-workshop/venv/lib/python3.8/site-packages/airflow/example_dags/example_time_delta_sensor_async.py
[2022-08-29T20:30:26.100-0400] {processor.py:650} INFO - DAG(s) dict_keys(['example_time_delta_sensor_async']) retrieved from /Users/jl/Documents/Repos/GHC-2022-data-engineering-workshop/venv/lib/python3.8/site-packages/airflow/example_dags/example_time_delta_sensor_async.py
[2022-08-29T20:30:26.412-0400] {logging_mixin.py:115} INFO - [2022-08-29T20:30:26.412-0400] {dag.py:2429} INFO - Sync 1 DAGs
[2022-08-29T20:30:26.431-0400] {logging_mixin.py:115} INFO - [2022-08-29T20:30:26.431-0400] {dag.py:2977} INFO - Setting next_dagrun for example_time_delta_sensor_async to None, run_after=None
[2022-08-29T20:30:26.446-0400] {processor.py:161} INFO - Processing /Users/jl/Documents/Repos/GHC-2022-data-engineering-workshop/venv/lib/python3.8/site-packages/airflow/example_dags/example_time_delta_sensor_async.py took 0.375 seconds
[2022-08-29T20:31:37.695-0400] {processor.py:153} INFO - Started process (PID=16151) to work on /Users/jl/Documents/Repos/GHC-2022-data-engineering-workshop/venv/lib/python3.8/site-packages/airflow/example_dags/example_time_delta_sensor_async.py
[2022-08-29T20:31:37.706-0400] {processor.py:640} INFO - Processing file /Users/jl/Documents/Repos/GHC-2022-data-engineering-workshop/venv/lib/python3.8/site-packages/airflow/example_dags/example_time_delta_sensor_async.py for tasks to queue
[2022-08-29T20:31:37.707-0400] {logging_mixin.py:115} INFO - [2022-08-29T20:31:37.706-0400] {dagbag.py:508} INFO - Filling up the DagBag from /Users/jl/Documents/Repos/GHC-2022-data-engineering-workshop/venv/lib/python3.8/site-packages/airflow/example_dags/example_time_delta_sensor_async.py
[2022-08-29T20:31:37.726-0400] {processor.py:650} INFO - DAG(s) dict_keys(['example_time_delta_sensor_async']) retrieved from /Users/jl/Documents/Repos/GHC-2022-data-engineering-workshop/venv/lib/python3.8/site-packages/airflow/example_dags/example_time_delta_sensor_async.py
[2022-08-29T20:31:38.063-0400] {logging_mixin.py:115} INFO - [2022-08-29T20:31:38.063-0400] {dag.py:2429} INFO - Sync 1 DAGs
[2022-08-29T20:31:38.082-0400] {logging_mixin.py:115} INFO - [2022-08-29T20:31:38.082-0400] {dag.py:2977} INFO - Setting next_dagrun for example_time_delta_sensor_async to None, run_after=None
[2022-08-29T20:31:38.096-0400] {processor.py:161} INFO - Processing /Users/jl/Documents/Repos/GHC-2022-data-engineering-workshop/venv/lib/python3.8/site-packages/airflow/example_dags/example_time_delta_sensor_async.py took 0.402 seconds
[2022-08-29T20:33:41.251-0400] {processor.py:153} INFO - Started process (PID=16273) to work on /Users/jl/Documents/Repos/GHC-2022-data-engineering-workshop/venv/lib/python3.8/site-packages/airflow/example_dags/example_time_delta_sensor_async.py
[2022-08-29T20:33:41.264-0400] {processor.py:640} INFO - Processing file /Users/jl/Documents/Repos/GHC-2022-data-engineering-workshop/venv/lib/python3.8/site-packages/airflow/example_dags/example_time_delta_sensor_async.py for tasks to queue
[2022-08-29T20:33:41.265-0400] {logging_mixin.py:115} INFO - [2022-08-29T20:33:41.265-0400] {dagbag.py:508} INFO - Filling up the DagBag from /Users/jl/Documents/Repos/GHC-2022-data-engineering-workshop/venv/lib/python3.8/site-packages/airflow/example_dags/example_time_delta_sensor_async.py
[2022-08-29T20:33:41.286-0400] {processor.py:650} INFO - DAG(s) dict_keys(['example_time_delta_sensor_async']) retrieved from /Users/jl/Documents/Repos/GHC-2022-data-engineering-workshop/venv/lib/python3.8/site-packages/airflow/example_dags/example_time_delta_sensor_async.py
[2022-08-29T20:33:41.530-0400] {logging_mixin.py:115} INFO - [2022-08-29T20:33:41.530-0400] {dag.py:2429} INFO - Sync 1 DAGs
[2022-08-29T20:33:41.548-0400] {logging_mixin.py:115} INFO - [2022-08-29T20:33:41.548-0400] {dag.py:2977} INFO - Setting next_dagrun for example_time_delta_sensor_async to None, run_after=None
[2022-08-29T20:33:41.563-0400] {processor.py:161} INFO - Processing /Users/jl/Documents/Repos/GHC-2022-data-engineering-workshop/venv/lib/python3.8/site-packages/airflow/example_dags/example_time_delta_sensor_async.py took 0.312 seconds
[2022-08-29T20:34:37.031-0400] {processor.py:153} INFO - Started process (PID=16321) to work on /Users/jl/Documents/Repos/GHC-2022-data-engineering-workshop/venv/lib/python3.8/site-packages/airflow/example_dags/example_time_delta_sensor_async.py
[2022-08-29T20:34:37.039-0400] {processor.py:640} INFO - Processing file /Users/jl/Documents/Repos/GHC-2022-data-engineering-workshop/venv/lib/python3.8/site-packages/airflow/example_dags/example_time_delta_sensor_async.py for tasks to queue
[2022-08-29T20:34:37.039-0400] {logging_mixin.py:115} INFO - [2022-08-29T20:34:37.039-0400] {dagbag.py:508} INFO - Filling up the DagBag from /Users/jl/Documents/Repos/GHC-2022-data-engineering-workshop/venv/lib/python3.8/site-packages/airflow/example_dags/example_time_delta_sensor_async.py
[2022-08-29T20:34:37.053-0400] {processor.py:650} INFO - DAG(s) dict_keys(['example_time_delta_sensor_async']) retrieved from /Users/jl/Documents/Repos/GHC-2022-data-engineering-workshop/venv/lib/python3.8/site-packages/airflow/example_dags/example_time_delta_sensor_async.py
[2022-08-29T20:34:37.240-0400] {logging_mixin.py:115} INFO - [2022-08-29T20:34:37.239-0400] {dag.py:2429} INFO - Sync 1 DAGs
[2022-08-29T20:34:37.257-0400] {logging_mixin.py:115} INFO - [2022-08-29T20:34:37.257-0400] {dag.py:2977} INFO - Setting next_dagrun for example_time_delta_sensor_async to None, run_after=None
[2022-08-29T20:34:37.271-0400] {processor.py:161} INFO - Processing /Users/jl/Documents/Repos/GHC-2022-data-engineering-workshop/venv/lib/python3.8/site-packages/airflow/example_dags/example_time_delta_sensor_async.py took 0.242 seconds
[2022-08-29T20:36:25.249-0400] {processor.py:153} INFO - Started process (PID=16447) to work on /Users/jl/Documents/Repos/GHC-2022-data-engineering-workshop/venv/lib/python3.8/site-packages/airflow/example_dags/example_time_delta_sensor_async.py
[2022-08-29T20:36:25.259-0400] {processor.py:640} INFO - Processing file /Users/jl/Documents/Repos/GHC-2022-data-engineering-workshop/venv/lib/python3.8/site-packages/airflow/example_dags/example_time_delta_sensor_async.py for tasks to queue
[2022-08-29T20:36:25.260-0400] {logging_mixin.py:115} INFO - [2022-08-29T20:36:25.260-0400] {dagbag.py:508} INFO - Filling up the DagBag from /Users/jl/Documents/Repos/GHC-2022-data-engineering-workshop/venv/lib/python3.8/site-packages/airflow/example_dags/example_time_delta_sensor_async.py
[2022-08-29T20:36:25.277-0400] {processor.py:650} INFO - DAG(s) dict_keys(['example_time_delta_sensor_async']) retrieved from /Users/jl/Documents/Repos/GHC-2022-data-engineering-workshop/venv/lib/python3.8/site-packages/airflow/example_dags/example_time_delta_sensor_async.py
[2022-08-29T20:36:25.626-0400] {logging_mixin.py:115} INFO - [2022-08-29T20:36:25.625-0400] {dag.py:2429} INFO - Sync 1 DAGs
[2022-08-29T20:36:25.655-0400] {logging_mixin.py:115} INFO - [2022-08-29T20:36:25.655-0400] {dag.py:2977} INFO - Setting next_dagrun for example_time_delta_sensor_async to None, run_after=None
[2022-08-29T20:36:25.669-0400] {processor.py:161} INFO - Processing /Users/jl/Documents/Repos/GHC-2022-data-engineering-workshop/venv/lib/python3.8/site-packages/airflow/example_dags/example_time_delta_sensor_async.py took 0.421 seconds
[2022-08-29T20:38:18.993-0400] {processor.py:153} INFO - Started process (PID=16559) to work on /Users/jl/Documents/Repos/GHC-2022-data-engineering-workshop/venv/lib/python3.8/site-packages/airflow/example_dags/example_time_delta_sensor_async.py
[2022-08-29T20:38:19.003-0400] {processor.py:640} INFO - Processing file /Users/jl/Documents/Repos/GHC-2022-data-engineering-workshop/venv/lib/python3.8/site-packages/airflow/example_dags/example_time_delta_sensor_async.py for tasks to queue
[2022-08-29T20:38:19.004-0400] {logging_mixin.py:115} INFO - [2022-08-29T20:38:19.003-0400] {dagbag.py:508} INFO - Filling up the DagBag from /Users/jl/Documents/Repos/GHC-2022-data-engineering-workshop/venv/lib/python3.8/site-packages/airflow/example_dags/example_time_delta_sensor_async.py
[2022-08-29T20:38:19.021-0400] {processor.py:650} INFO - DAG(s) dict_keys(['example_time_delta_sensor_async']) retrieved from /Users/jl/Documents/Repos/GHC-2022-data-engineering-workshop/venv/lib/python3.8/site-packages/airflow/example_dags/example_time_delta_sensor_async.py
[2022-08-29T20:38:19.351-0400] {logging_mixin.py:115} INFO - [2022-08-29T20:38:19.351-0400] {dag.py:2429} INFO - Sync 1 DAGs
[2022-08-29T20:38:19.369-0400] {logging_mixin.py:115} INFO - [2022-08-29T20:38:19.369-0400] {dag.py:2977} INFO - Setting next_dagrun for example_time_delta_sensor_async to None, run_after=None
[2022-08-29T20:38:19.384-0400] {processor.py:161} INFO - Processing /Users/jl/Documents/Repos/GHC-2022-data-engineering-workshop/venv/lib/python3.8/site-packages/airflow/example_dags/example_time_delta_sensor_async.py took 0.392 seconds
[2022-08-29T20:40:14.993-0400] {processor.py:153} INFO - Started process (PID=16660) to work on /Users/jl/Documents/Repos/GHC-2022-data-engineering-workshop/venv/lib/python3.8/site-packages/airflow/example_dags/example_time_delta_sensor_async.py
[2022-08-29T20:40:15.002-0400] {processor.py:640} INFO - Processing file /Users/jl/Documents/Repos/GHC-2022-data-engineering-workshop/venv/lib/python3.8/site-packages/airflow/example_dags/example_time_delta_sensor_async.py for tasks to queue
[2022-08-29T20:40:15.003-0400] {logging_mixin.py:115} INFO - [2022-08-29T20:40:15.003-0400] {dagbag.py:508} INFO - Filling up the DagBag from /Users/jl/Documents/Repos/GHC-2022-data-engineering-workshop/venv/lib/python3.8/site-packages/airflow/example_dags/example_time_delta_sensor_async.py
[2022-08-29T20:40:15.021-0400] {processor.py:650} INFO - DAG(s) dict_keys(['example_time_delta_sensor_async']) retrieved from /Users/jl/Documents/Repos/GHC-2022-data-engineering-workshop/venv/lib/python3.8/site-packages/airflow/example_dags/example_time_delta_sensor_async.py
[2022-08-29T20:40:15.205-0400] {logging_mixin.py:115} INFO - [2022-08-29T20:40:15.204-0400] {dag.py:2429} INFO - Sync 1 DAGs
[2022-08-29T20:40:15.222-0400] {logging_mixin.py:115} INFO - [2022-08-29T20:40:15.222-0400] {dag.py:2977} INFO - Setting next_dagrun for example_time_delta_sensor_async to None, run_after=None
[2022-08-29T20:40:15.237-0400] {processor.py:161} INFO - Processing /Users/jl/Documents/Repos/GHC-2022-data-engineering-workshop/venv/lib/python3.8/site-packages/airflow/example_dags/example_time_delta_sensor_async.py took 0.245 seconds
[2022-08-29T20:42:01.226-0400] {processor.py:153} INFO - Started process (PID=16755) to work on /Users/jl/Documents/Repos/GHC-2022-data-engineering-workshop/venv/lib/python3.8/site-packages/airflow/example_dags/example_time_delta_sensor_async.py
[2022-08-29T20:42:01.235-0400] {processor.py:640} INFO - Processing file /Users/jl/Documents/Repos/GHC-2022-data-engineering-workshop/venv/lib/python3.8/site-packages/airflow/example_dags/example_time_delta_sensor_async.py for tasks to queue
[2022-08-29T20:42:01.236-0400] {logging_mixin.py:115} INFO - [2022-08-29T20:42:01.236-0400] {dagbag.py:508} INFO - Filling up the DagBag from /Users/jl/Documents/Repos/GHC-2022-data-engineering-workshop/venv/lib/python3.8/site-packages/airflow/example_dags/example_time_delta_sensor_async.py
[2022-08-29T20:42:01.252-0400] {processor.py:650} INFO - DAG(s) dict_keys(['example_time_delta_sensor_async']) retrieved from /Users/jl/Documents/Repos/GHC-2022-data-engineering-workshop/venv/lib/python3.8/site-packages/airflow/example_dags/example_time_delta_sensor_async.py
[2022-08-29T20:42:01.553-0400] {logging_mixin.py:115} INFO - [2022-08-29T20:42:01.553-0400] {dag.py:2429} INFO - Sync 1 DAGs
[2022-08-29T20:42:01.570-0400] {logging_mixin.py:115} INFO - [2022-08-29T20:42:01.570-0400] {dag.py:2977} INFO - Setting next_dagrun for example_time_delta_sensor_async to None, run_after=None
[2022-08-29T20:42:01.583-0400] {processor.py:161} INFO - Processing /Users/jl/Documents/Repos/GHC-2022-data-engineering-workshop/venv/lib/python3.8/site-packages/airflow/example_dags/example_time_delta_sensor_async.py took 0.359 seconds
[2022-08-29T20:43:55.720-0400] {processor.py:153} INFO - Started process (PID=16858) to work on /Users/jl/Documents/Repos/GHC-2022-data-engineering-workshop/venv/lib/python3.8/site-packages/airflow/example_dags/example_time_delta_sensor_async.py
[2022-08-29T20:43:55.731-0400] {processor.py:640} INFO - Processing file /Users/jl/Documents/Repos/GHC-2022-data-engineering-workshop/venv/lib/python3.8/site-packages/airflow/example_dags/example_time_delta_sensor_async.py for tasks to queue
[2022-08-29T20:43:55.732-0400] {logging_mixin.py:115} INFO - [2022-08-29T20:43:55.732-0400] {dagbag.py:508} INFO - Filling up the DagBag from /Users/jl/Documents/Repos/GHC-2022-data-engineering-workshop/venv/lib/python3.8/site-packages/airflow/example_dags/example_time_delta_sensor_async.py
[2022-08-29T20:43:55.750-0400] {processor.py:650} INFO - DAG(s) dict_keys(['example_time_delta_sensor_async']) retrieved from /Users/jl/Documents/Repos/GHC-2022-data-engineering-workshop/venv/lib/python3.8/site-packages/airflow/example_dags/example_time_delta_sensor_async.py
[2022-08-29T20:43:56.127-0400] {logging_mixin.py:115} INFO - [2022-08-29T20:43:56.127-0400] {dag.py:2429} INFO - Sync 1 DAGs
[2022-08-29T20:43:56.144-0400] {logging_mixin.py:115} INFO - [2022-08-29T20:43:56.144-0400] {dag.py:2977} INFO - Setting next_dagrun for example_time_delta_sensor_async to None, run_after=None
[2022-08-29T20:43:56.157-0400] {processor.py:161} INFO - Processing /Users/jl/Documents/Repos/GHC-2022-data-engineering-workshop/venv/lib/python3.8/site-packages/airflow/example_dags/example_time_delta_sensor_async.py took 0.438 seconds
[2022-08-29T20:45:47.510-0400] {processor.py:153} INFO - Started process (PID=16960) to work on /Users/jl/Documents/Repos/GHC-2022-data-engineering-workshop/venv/lib/python3.8/site-packages/airflow/example_dags/example_time_delta_sensor_async.py
[2022-08-29T20:45:47.519-0400] {processor.py:640} INFO - Processing file /Users/jl/Documents/Repos/GHC-2022-data-engineering-workshop/venv/lib/python3.8/site-packages/airflow/example_dags/example_time_delta_sensor_async.py for tasks to queue
[2022-08-29T20:45:47.520-0400] {logging_mixin.py:115} INFO - [2022-08-29T20:45:47.520-0400] {dagbag.py:508} INFO - Filling up the DagBag from /Users/jl/Documents/Repos/GHC-2022-data-engineering-workshop/venv/lib/python3.8/site-packages/airflow/example_dags/example_time_delta_sensor_async.py
[2022-08-29T20:45:47.538-0400] {processor.py:650} INFO - DAG(s) dict_keys(['example_time_delta_sensor_async']) retrieved from /Users/jl/Documents/Repos/GHC-2022-data-engineering-workshop/venv/lib/python3.8/site-packages/airflow/example_dags/example_time_delta_sensor_async.py
[2022-08-29T20:45:47.731-0400] {logging_mixin.py:115} INFO - [2022-08-29T20:45:47.730-0400] {dag.py:2429} INFO - Sync 1 DAGs
[2022-08-29T20:45:47.748-0400] {logging_mixin.py:115} INFO - [2022-08-29T20:45:47.747-0400] {dag.py:2977} INFO - Setting next_dagrun for example_time_delta_sensor_async to None, run_after=None
[2022-08-29T20:45:47.761-0400] {processor.py:161} INFO - Processing /Users/jl/Documents/Repos/GHC-2022-data-engineering-workshop/venv/lib/python3.8/site-packages/airflow/example_dags/example_time_delta_sensor_async.py took 0.253 seconds
[2022-08-29T20:47:29.715-0400] {processor.py:153} INFO - Started process (PID=17053) to work on /Users/jl/Documents/Repos/GHC-2022-data-engineering-workshop/venv/lib/python3.8/site-packages/airflow/example_dags/example_time_delta_sensor_async.py
[2022-08-29T20:47:29.725-0400] {processor.py:640} INFO - Processing file /Users/jl/Documents/Repos/GHC-2022-data-engineering-workshop/venv/lib/python3.8/site-packages/airflow/example_dags/example_time_delta_sensor_async.py for tasks to queue
[2022-08-29T20:47:29.726-0400] {logging_mixin.py:115} INFO - [2022-08-29T20:47:29.726-0400] {dagbag.py:508} INFO - Filling up the DagBag from /Users/jl/Documents/Repos/GHC-2022-data-engineering-workshop/venv/lib/python3.8/site-packages/airflow/example_dags/example_time_delta_sensor_async.py
[2022-08-29T20:47:29.744-0400] {processor.py:650} INFO - DAG(s) dict_keys(['example_time_delta_sensor_async']) retrieved from /Users/jl/Documents/Repos/GHC-2022-data-engineering-workshop/venv/lib/python3.8/site-packages/airflow/example_dags/example_time_delta_sensor_async.py
[2022-08-29T20:47:30.145-0400] {logging_mixin.py:115} INFO - [2022-08-29T20:47:30.144-0400] {dag.py:2429} INFO - Sync 1 DAGs
[2022-08-29T20:47:30.162-0400] {logging_mixin.py:115} INFO - [2022-08-29T20:47:30.161-0400] {dag.py:2977} INFO - Setting next_dagrun for example_time_delta_sensor_async to None, run_after=None
[2022-08-29T20:47:30.175-0400] {processor.py:161} INFO - Processing /Users/jl/Documents/Repos/GHC-2022-data-engineering-workshop/venv/lib/python3.8/site-packages/airflow/example_dags/example_time_delta_sensor_async.py took 0.461 seconds
[2022-08-29T20:49:24.011-0400] {processor.py:153} INFO - Started process (PID=17151) to work on /Users/jl/Documents/Repos/GHC-2022-data-engineering-workshop/venv/lib/python3.8/site-packages/airflow/example_dags/example_time_delta_sensor_async.py
[2022-08-29T20:49:24.020-0400] {processor.py:640} INFO - Processing file /Users/jl/Documents/Repos/GHC-2022-data-engineering-workshop/venv/lib/python3.8/site-packages/airflow/example_dags/example_time_delta_sensor_async.py for tasks to queue
[2022-08-29T20:49:24.021-0400] {logging_mixin.py:115} INFO - [2022-08-29T20:49:24.021-0400] {dagbag.py:508} INFO - Filling up the DagBag from /Users/jl/Documents/Repos/GHC-2022-data-engineering-workshop/venv/lib/python3.8/site-packages/airflow/example_dags/example_time_delta_sensor_async.py
[2022-08-29T20:49:24.039-0400] {processor.py:650} INFO - DAG(s) dict_keys(['example_time_delta_sensor_async']) retrieved from /Users/jl/Documents/Repos/GHC-2022-data-engineering-workshop/venv/lib/python3.8/site-packages/airflow/example_dags/example_time_delta_sensor_async.py
[2022-08-29T20:49:24.232-0400] {logging_mixin.py:115} INFO - [2022-08-29T20:49:24.231-0400] {dag.py:2429} INFO - Sync 1 DAGs
[2022-08-29T20:49:24.249-0400] {logging_mixin.py:115} INFO - [2022-08-29T20:49:24.249-0400] {dag.py:2977} INFO - Setting next_dagrun for example_time_delta_sensor_async to None, run_after=None
[2022-08-29T20:49:24.262-0400] {processor.py:161} INFO - Processing /Users/jl/Documents/Repos/GHC-2022-data-engineering-workshop/venv/lib/python3.8/site-packages/airflow/example_dags/example_time_delta_sensor_async.py took 0.252 seconds
[2022-08-29T20:51:00.232-0400] {processor.py:153} INFO - Started process (PID=17239) to work on /Users/jl/Documents/Repos/GHC-2022-data-engineering-workshop/venv/lib/python3.8/site-packages/airflow/example_dags/example_time_delta_sensor_async.py
[2022-08-29T20:51:00.240-0400] {processor.py:640} INFO - Processing file /Users/jl/Documents/Repos/GHC-2022-data-engineering-workshop/venv/lib/python3.8/site-packages/airflow/example_dags/example_time_delta_sensor_async.py for tasks to queue
[2022-08-29T20:51:00.241-0400] {logging_mixin.py:115} INFO - [2022-08-29T20:51:00.241-0400] {dagbag.py:508} INFO - Filling up the DagBag from /Users/jl/Documents/Repos/GHC-2022-data-engineering-workshop/venv/lib/python3.8/site-packages/airflow/example_dags/example_time_delta_sensor_async.py
[2022-08-29T20:51:00.255-0400] {processor.py:650} INFO - DAG(s) dict_keys(['example_time_delta_sensor_async']) retrieved from /Users/jl/Documents/Repos/GHC-2022-data-engineering-workshop/venv/lib/python3.8/site-packages/airflow/example_dags/example_time_delta_sensor_async.py
[2022-08-29T20:51:00.440-0400] {logging_mixin.py:115} INFO - [2022-08-29T20:51:00.440-0400] {dag.py:2429} INFO - Sync 1 DAGs
[2022-08-29T20:51:00.457-0400] {logging_mixin.py:115} INFO - [2022-08-29T20:51:00.457-0400] {dag.py:2977} INFO - Setting next_dagrun for example_time_delta_sensor_async to None, run_after=None
[2022-08-29T20:51:00.472-0400] {processor.py:161} INFO - Processing /Users/jl/Documents/Repos/GHC-2022-data-engineering-workshop/venv/lib/python3.8/site-packages/airflow/example_dags/example_time_delta_sensor_async.py took 0.241 seconds
[2022-08-29T20:52:37.444-0400] {processor.py:153} INFO - Started process (PID=17330) to work on /Users/jl/Documents/Repos/GHC-2022-data-engineering-workshop/venv/lib/python3.8/site-packages/airflow/example_dags/example_time_delta_sensor_async.py
[2022-08-29T20:52:37.453-0400] {processor.py:640} INFO - Processing file /Users/jl/Documents/Repos/GHC-2022-data-engineering-workshop/venv/lib/python3.8/site-packages/airflow/example_dags/example_time_delta_sensor_async.py for tasks to queue
[2022-08-29T20:52:37.453-0400] {logging_mixin.py:115} INFO - [2022-08-29T20:52:37.453-0400] {dagbag.py:508} INFO - Filling up the DagBag from /Users/jl/Documents/Repos/GHC-2022-data-engineering-workshop/venv/lib/python3.8/site-packages/airflow/example_dags/example_time_delta_sensor_async.py
[2022-08-29T20:52:37.467-0400] {processor.py:650} INFO - DAG(s) dict_keys(['example_time_delta_sensor_async']) retrieved from /Users/jl/Documents/Repos/GHC-2022-data-engineering-workshop/venv/lib/python3.8/site-packages/airflow/example_dags/example_time_delta_sensor_async.py
[2022-08-29T20:52:37.649-0400] {logging_mixin.py:115} INFO - [2022-08-29T20:52:37.649-0400] {dag.py:2429} INFO - Sync 1 DAGs
[2022-08-29T20:52:37.667-0400] {logging_mixin.py:115} INFO - [2022-08-29T20:52:37.667-0400] {dag.py:2977} INFO - Setting next_dagrun for example_time_delta_sensor_async to None, run_after=None
[2022-08-29T20:52:37.682-0400] {processor.py:161} INFO - Processing /Users/jl/Documents/Repos/GHC-2022-data-engineering-workshop/venv/lib/python3.8/site-packages/airflow/example_dags/example_time_delta_sensor_async.py took 0.238 seconds
[2022-08-29T20:54:38.218-0400] {processor.py:153} INFO - Started process (PID=17427) to work on /Users/jl/Documents/Repos/GHC-2022-data-engineering-workshop/venv/lib/python3.8/site-packages/airflow/example_dags/example_time_delta_sensor_async.py
[2022-08-29T20:54:38.228-0400] {processor.py:640} INFO - Processing file /Users/jl/Documents/Repos/GHC-2022-data-engineering-workshop/venv/lib/python3.8/site-packages/airflow/example_dags/example_time_delta_sensor_async.py for tasks to queue
[2022-08-29T20:54:38.229-0400] {logging_mixin.py:115} INFO - [2022-08-29T20:54:38.228-0400] {dagbag.py:508} INFO - Filling up the DagBag from /Users/jl/Documents/Repos/GHC-2022-data-engineering-workshop/venv/lib/python3.8/site-packages/airflow/example_dags/example_time_delta_sensor_async.py
[2022-08-29T20:54:38.247-0400] {processor.py:650} INFO - DAG(s) dict_keys(['example_time_delta_sensor_async']) retrieved from /Users/jl/Documents/Repos/GHC-2022-data-engineering-workshop/venv/lib/python3.8/site-packages/airflow/example_dags/example_time_delta_sensor_async.py
[2022-08-29T20:54:38.582-0400] {logging_mixin.py:115} INFO - [2022-08-29T20:54:38.582-0400] {dag.py:2429} INFO - Sync 1 DAGs
[2022-08-29T20:54:38.599-0400] {logging_mixin.py:115} INFO - [2022-08-29T20:54:38.599-0400] {dag.py:2977} INFO - Setting next_dagrun for example_time_delta_sensor_async to None, run_after=None
[2022-08-29T20:54:38.613-0400] {processor.py:161} INFO - Processing /Users/jl/Documents/Repos/GHC-2022-data-engineering-workshop/venv/lib/python3.8/site-packages/airflow/example_dags/example_time_delta_sensor_async.py took 0.396 seconds
[2022-08-29T20:56:25.687-0400] {processor.py:153} INFO - Started process (PID=17518) to work on /Users/jl/Documents/Repos/GHC-2022-data-engineering-workshop/venv/lib/python3.8/site-packages/airflow/example_dags/example_time_delta_sensor_async.py
[2022-08-29T20:56:25.695-0400] {processor.py:640} INFO - Processing file /Users/jl/Documents/Repos/GHC-2022-data-engineering-workshop/venv/lib/python3.8/site-packages/airflow/example_dags/example_time_delta_sensor_async.py for tasks to queue
[2022-08-29T20:56:25.696-0400] {logging_mixin.py:115} INFO - [2022-08-29T20:56:25.696-0400] {dagbag.py:508} INFO - Filling up the DagBag from /Users/jl/Documents/Repos/GHC-2022-data-engineering-workshop/venv/lib/python3.8/site-packages/airflow/example_dags/example_time_delta_sensor_async.py
[2022-08-29T20:56:25.710-0400] {processor.py:650} INFO - DAG(s) dict_keys(['example_time_delta_sensor_async']) retrieved from /Users/jl/Documents/Repos/GHC-2022-data-engineering-workshop/venv/lib/python3.8/site-packages/airflow/example_dags/example_time_delta_sensor_async.py
[2022-08-29T20:56:25.892-0400] {logging_mixin.py:115} INFO - [2022-08-29T20:56:25.891-0400] {dag.py:2429} INFO - Sync 1 DAGs
[2022-08-29T20:56:25.909-0400] {logging_mixin.py:115} INFO - [2022-08-29T20:56:25.909-0400] {dag.py:2977} INFO - Setting next_dagrun for example_time_delta_sensor_async to None, run_after=None
[2022-08-29T20:56:25.923-0400] {processor.py:161} INFO - Processing /Users/jl/Documents/Repos/GHC-2022-data-engineering-workshop/venv/lib/python3.8/site-packages/airflow/example_dags/example_time_delta_sensor_async.py took 0.237 seconds
[2022-08-29T20:58:33.754-0400] {processor.py:153} INFO - Started process (PID=17626) to work on /Users/jl/Documents/Repos/GHC-2022-data-engineering-workshop/venv/lib/python3.8/site-packages/airflow/example_dags/example_time_delta_sensor_async.py
[2022-08-29T20:58:33.765-0400] {processor.py:640} INFO - Processing file /Users/jl/Documents/Repos/GHC-2022-data-engineering-workshop/venv/lib/python3.8/site-packages/airflow/example_dags/example_time_delta_sensor_async.py for tasks to queue
[2022-08-29T20:58:33.767-0400] {logging_mixin.py:115} INFO - [2022-08-29T20:58:33.767-0400] {dagbag.py:508} INFO - Filling up the DagBag from /Users/jl/Documents/Repos/GHC-2022-data-engineering-workshop/venv/lib/python3.8/site-packages/airflow/example_dags/example_time_delta_sensor_async.py
[2022-08-29T20:58:33.786-0400] {processor.py:650} INFO - DAG(s) dict_keys(['example_time_delta_sensor_async']) retrieved from /Users/jl/Documents/Repos/GHC-2022-data-engineering-workshop/venv/lib/python3.8/site-packages/airflow/example_dags/example_time_delta_sensor_async.py
[2022-08-29T20:58:34.134-0400] {logging_mixin.py:115} INFO - [2022-08-29T20:58:34.134-0400] {dag.py:2429} INFO - Sync 1 DAGs
[2022-08-29T20:58:34.163-0400] {logging_mixin.py:115} INFO - [2022-08-29T20:58:34.163-0400] {dag.py:2977} INFO - Setting next_dagrun for example_time_delta_sensor_async to None, run_after=None
[2022-08-29T20:58:34.184-0400] {processor.py:161} INFO - Processing /Users/jl/Documents/Repos/GHC-2022-data-engineering-workshop/venv/lib/python3.8/site-packages/airflow/example_dags/example_time_delta_sensor_async.py took 0.432 seconds
[2022-08-29T20:59:46.709-0400] {processor.py:153} INFO - Started process (PID=17718) to work on /Users/jl/Documents/Repos/GHC-2022-data-engineering-workshop/venv/lib/python3.8/site-packages/airflow/example_dags/example_time_delta_sensor_async.py
[2022-08-29T20:59:46.719-0400] {processor.py:640} INFO - Processing file /Users/jl/Documents/Repos/GHC-2022-data-engineering-workshop/venv/lib/python3.8/site-packages/airflow/example_dags/example_time_delta_sensor_async.py for tasks to queue
[2022-08-29T20:59:46.720-0400] {logging_mixin.py:115} INFO - [2022-08-29T20:59:46.720-0400] {dagbag.py:508} INFO - Filling up the DagBag from /Users/jl/Documents/Repos/GHC-2022-data-engineering-workshop/venv/lib/python3.8/site-packages/airflow/example_dags/example_time_delta_sensor_async.py
[2022-08-29T20:59:46.743-0400] {processor.py:650} INFO - DAG(s) dict_keys(['example_time_delta_sensor_async']) retrieved from /Users/jl/Documents/Repos/GHC-2022-data-engineering-workshop/venv/lib/python3.8/site-packages/airflow/example_dags/example_time_delta_sensor_async.py
[2022-08-29T20:59:47.227-0400] {logging_mixin.py:115} INFO - [2022-08-29T20:59:47.227-0400] {dag.py:2429} INFO - Sync 1 DAGs
[2022-08-29T20:59:47.257-0400] {logging_mixin.py:115} INFO - [2022-08-29T20:59:47.257-0400] {dag.py:2977} INFO - Setting next_dagrun for example_time_delta_sensor_async to None, run_after=None
[2022-08-29T20:59:47.277-0400] {processor.py:161} INFO - Processing /Users/jl/Documents/Repos/GHC-2022-data-engineering-workshop/venv/lib/python3.8/site-packages/airflow/example_dags/example_time_delta_sensor_async.py took 0.569 seconds
[2022-08-29T21:01:40.966-0400] {processor.py:153} INFO - Started process (PID=17826) to work on /Users/jl/Documents/Repos/GHC-2022-data-engineering-workshop/venv/lib/python3.8/site-packages/airflow/example_dags/example_time_delta_sensor_async.py
[2022-08-29T21:01:40.974-0400] {processor.py:640} INFO - Processing file /Users/jl/Documents/Repos/GHC-2022-data-engineering-workshop/venv/lib/python3.8/site-packages/airflow/example_dags/example_time_delta_sensor_async.py for tasks to queue
[2022-08-29T21:01:40.975-0400] {logging_mixin.py:115} INFO - [2022-08-29T21:01:40.975-0400] {dagbag.py:508} INFO - Filling up the DagBag from /Users/jl/Documents/Repos/GHC-2022-data-engineering-workshop/venv/lib/python3.8/site-packages/airflow/example_dags/example_time_delta_sensor_async.py
[2022-08-29T21:01:40.994-0400] {processor.py:650} INFO - DAG(s) dict_keys(['example_time_delta_sensor_async']) retrieved from /Users/jl/Documents/Repos/GHC-2022-data-engineering-workshop/venv/lib/python3.8/site-packages/airflow/example_dags/example_time_delta_sensor_async.py
[2022-08-29T21:01:41.223-0400] {logging_mixin.py:115} INFO - [2022-08-29T21:01:41.223-0400] {dag.py:2429} INFO - Sync 1 DAGs
[2022-08-29T21:01:41.240-0400] {logging_mixin.py:115} INFO - [2022-08-29T21:01:41.240-0400] {dag.py:2977} INFO - Setting next_dagrun for example_time_delta_sensor_async to None, run_after=None
[2022-08-29T21:01:41.254-0400] {processor.py:161} INFO - Processing /Users/jl/Documents/Repos/GHC-2022-data-engineering-workshop/venv/lib/python3.8/site-packages/airflow/example_dags/example_time_delta_sensor_async.py took 0.289 seconds
