[2022-08-29T20:00:09.569-0400] {processor.py:153} INFO - Started process (PID=14355) to work on /Users/jl/Documents/Repos/GHC-2022-data-engineering-workshop/venv/lib/python3.8/site-packages/airflow/example_dags/example_external_task_marker_dag.py
[2022-08-29T20:00:09.577-0400] {processor.py:640} INFO - Processing file /Users/jl/Documents/Repos/GHC-2022-data-engineering-workshop/venv/lib/python3.8/site-packages/airflow/example_dags/example_external_task_marker_dag.py for tasks to queue
[2022-08-29T20:00:09.578-0400] {logging_mixin.py:115} INFO - [2022-08-29T20:00:09.578-0400] {dagbag.py:508} INFO - Filling up the DagBag from /Users/jl/Documents/Repos/GHC-2022-data-engineering-workshop/venv/lib/python3.8/site-packages/airflow/example_dags/example_external_task_marker_dag.py
[2022-08-29T20:00:09.594-0400] {processor.py:650} INFO - DAG(s) dict_keys(['example_external_task_marker_parent', 'example_external_task_marker_child']) retrieved from /Users/jl/Documents/Repos/GHC-2022-data-engineering-workshop/venv/lib/python3.8/site-packages/airflow/example_dags/example_external_task_marker_dag.py
[2022-08-29T20:00:10.027-0400] {logging_mixin.py:115} INFO - [2022-08-29T20:00:10.027-0400] {dag.py:2429} INFO - Sync 2 DAGs
[2022-08-29T20:00:10.051-0400] {logging_mixin.py:115} INFO - [2022-08-29T20:00:10.051-0400] {dag.py:2977} INFO - Setting next_dagrun for example_external_task_marker_child to None, run_after=None
[2022-08-29T20:00:10.051-0400] {logging_mixin.py:115} INFO - [2022-08-29T20:00:10.051-0400] {dag.py:2977} INFO - Setting next_dagrun for example_external_task_marker_parent to None, run_after=None
[2022-08-29T20:00:10.076-0400] {processor.py:161} INFO - Processing /Users/jl/Documents/Repos/GHC-2022-data-engineering-workshop/venv/lib/python3.8/site-packages/airflow/example_dags/example_external_task_marker_dag.py took 0.508 seconds
[2022-08-29T20:01:40.675-0400] {processor.py:153} INFO - Started process (PID=14438) to work on /Users/jl/Documents/Repos/GHC-2022-data-engineering-workshop/venv/lib/python3.8/site-packages/airflow/example_dags/example_external_task_marker_dag.py
[2022-08-29T20:01:40.684-0400] {processor.py:640} INFO - Processing file /Users/jl/Documents/Repos/GHC-2022-data-engineering-workshop/venv/lib/python3.8/site-packages/airflow/example_dags/example_external_task_marker_dag.py for tasks to queue
[2022-08-29T20:01:40.685-0400] {logging_mixin.py:115} INFO - [2022-08-29T20:01:40.685-0400] {dagbag.py:508} INFO - Filling up the DagBag from /Users/jl/Documents/Repos/GHC-2022-data-engineering-workshop/venv/lib/python3.8/site-packages/airflow/example_dags/example_external_task_marker_dag.py
[2022-08-29T20:01:40.701-0400] {processor.py:650} INFO - DAG(s) dict_keys(['example_external_task_marker_parent', 'example_external_task_marker_child']) retrieved from /Users/jl/Documents/Repos/GHC-2022-data-engineering-workshop/venv/lib/python3.8/site-packages/airflow/example_dags/example_external_task_marker_dag.py
[2022-08-29T20:01:40.892-0400] {logging_mixin.py:115} INFO - [2022-08-29T20:01:40.891-0400] {dag.py:2429} INFO - Sync 2 DAGs
[2022-08-29T20:01:40.909-0400] {logging_mixin.py:115} INFO - [2022-08-29T20:01:40.909-0400] {dag.py:2977} INFO - Setting next_dagrun for example_external_task_marker_child to None, run_after=None
[2022-08-29T20:01:40.910-0400] {logging_mixin.py:115} INFO - [2022-08-29T20:01:40.909-0400] {dag.py:2977} INFO - Setting next_dagrun for example_external_task_marker_parent to None, run_after=None
[2022-08-29T20:01:40.923-0400] {processor.py:161} INFO - Processing /Users/jl/Documents/Repos/GHC-2022-data-engineering-workshop/venv/lib/python3.8/site-packages/airflow/example_dags/example_external_task_marker_dag.py took 0.250 seconds
[2022-08-29T20:03:04.183-0400] {processor.py:153} INFO - Started process (PID=14518) to work on /Users/jl/Documents/Repos/GHC-2022-data-engineering-workshop/venv/lib/python3.8/site-packages/airflow/example_dags/example_external_task_marker_dag.py
[2022-08-29T20:03:04.191-0400] {processor.py:640} INFO - Processing file /Users/jl/Documents/Repos/GHC-2022-data-engineering-workshop/venv/lib/python3.8/site-packages/airflow/example_dags/example_external_task_marker_dag.py for tasks to queue
[2022-08-29T20:03:04.191-0400] {logging_mixin.py:115} INFO - [2022-08-29T20:03:04.191-0400] {dagbag.py:508} INFO - Filling up the DagBag from /Users/jl/Documents/Repos/GHC-2022-data-engineering-workshop/venv/lib/python3.8/site-packages/airflow/example_dags/example_external_task_marker_dag.py
[2022-08-29T20:03:04.206-0400] {processor.py:650} INFO - DAG(s) dict_keys(['example_external_task_marker_parent', 'example_external_task_marker_child']) retrieved from /Users/jl/Documents/Repos/GHC-2022-data-engineering-workshop/venv/lib/python3.8/site-packages/airflow/example_dags/example_external_task_marker_dag.py
[2022-08-29T20:03:04.391-0400] {logging_mixin.py:115} INFO - [2022-08-29T20:03:04.390-0400] {dag.py:2429} INFO - Sync 2 DAGs
[2022-08-29T20:03:04.408-0400] {logging_mixin.py:115} INFO - [2022-08-29T20:03:04.408-0400] {dag.py:2977} INFO - Setting next_dagrun for example_external_task_marker_child to None, run_after=None
[2022-08-29T20:03:04.409-0400] {logging_mixin.py:115} INFO - [2022-08-29T20:03:04.409-0400] {dag.py:2977} INFO - Setting next_dagrun for example_external_task_marker_parent to None, run_after=None
[2022-08-29T20:03:04.423-0400] {processor.py:161} INFO - Processing /Users/jl/Documents/Repos/GHC-2022-data-engineering-workshop/venv/lib/python3.8/site-packages/airflow/example_dags/example_external_task_marker_dag.py took 0.241 seconds
[2022-08-29T20:04:31.053-0400] {processor.py:153} INFO - Started process (PID=14599) to work on /Users/jl/Documents/Repos/GHC-2022-data-engineering-workshop/venv/lib/python3.8/site-packages/airflow/example_dags/example_external_task_marker_dag.py
[2022-08-29T20:04:31.061-0400] {processor.py:640} INFO - Processing file /Users/jl/Documents/Repos/GHC-2022-data-engineering-workshop/venv/lib/python3.8/site-packages/airflow/example_dags/example_external_task_marker_dag.py for tasks to queue
[2022-08-29T20:04:31.061-0400] {logging_mixin.py:115} INFO - [2022-08-29T20:04:31.061-0400] {dagbag.py:508} INFO - Filling up the DagBag from /Users/jl/Documents/Repos/GHC-2022-data-engineering-workshop/venv/lib/python3.8/site-packages/airflow/example_dags/example_external_task_marker_dag.py
[2022-08-29T20:04:31.076-0400] {processor.py:650} INFO - DAG(s) dict_keys(['example_external_task_marker_parent', 'example_external_task_marker_child']) retrieved from /Users/jl/Documents/Repos/GHC-2022-data-engineering-workshop/venv/lib/python3.8/site-packages/airflow/example_dags/example_external_task_marker_dag.py
[2022-08-29T20:04:31.260-0400] {logging_mixin.py:115} INFO - [2022-08-29T20:04:31.260-0400] {dag.py:2429} INFO - Sync 2 DAGs
[2022-08-29T20:04:31.278-0400] {logging_mixin.py:115} INFO - [2022-08-29T20:04:31.277-0400] {dag.py:2977} INFO - Setting next_dagrun for example_external_task_marker_child to None, run_after=None
[2022-08-29T20:04:31.278-0400] {logging_mixin.py:115} INFO - [2022-08-29T20:04:31.278-0400] {dag.py:2977} INFO - Setting next_dagrun for example_external_task_marker_parent to None, run_after=None
[2022-08-29T20:04:31.292-0400] {processor.py:161} INFO - Processing /Users/jl/Documents/Repos/GHC-2022-data-engineering-workshop/venv/lib/python3.8/site-packages/airflow/example_dags/example_external_task_marker_dag.py took 0.241 seconds
[2022-08-29T20:05:58.822-0400] {processor.py:153} INFO - Started process (PID=14680) to work on /Users/jl/Documents/Repos/GHC-2022-data-engineering-workshop/venv/lib/python3.8/site-packages/airflow/example_dags/example_external_task_marker_dag.py
[2022-08-29T20:05:58.830-0400] {processor.py:640} INFO - Processing file /Users/jl/Documents/Repos/GHC-2022-data-engineering-workshop/venv/lib/python3.8/site-packages/airflow/example_dags/example_external_task_marker_dag.py for tasks to queue
[2022-08-29T20:05:58.831-0400] {logging_mixin.py:115} INFO - [2022-08-29T20:05:58.831-0400] {dagbag.py:508} INFO - Filling up the DagBag from /Users/jl/Documents/Repos/GHC-2022-data-engineering-workshop/venv/lib/python3.8/site-packages/airflow/example_dags/example_external_task_marker_dag.py
[2022-08-29T20:05:58.846-0400] {processor.py:650} INFO - DAG(s) dict_keys(['example_external_task_marker_parent', 'example_external_task_marker_child']) retrieved from /Users/jl/Documents/Repos/GHC-2022-data-engineering-workshop/venv/lib/python3.8/site-packages/airflow/example_dags/example_external_task_marker_dag.py
[2022-08-29T20:05:59.031-0400] {logging_mixin.py:115} INFO - [2022-08-29T20:05:59.030-0400] {dag.py:2429} INFO - Sync 2 DAGs
[2022-08-29T20:05:59.048-0400] {logging_mixin.py:115} INFO - [2022-08-29T20:05:59.048-0400] {dag.py:2977} INFO - Setting next_dagrun for example_external_task_marker_child to None, run_after=None
[2022-08-29T20:05:59.048-0400] {logging_mixin.py:115} INFO - [2022-08-29T20:05:59.048-0400] {dag.py:2977} INFO - Setting next_dagrun for example_external_task_marker_parent to None, run_after=None
[2022-08-29T20:05:59.063-0400] {processor.py:161} INFO - Processing /Users/jl/Documents/Repos/GHC-2022-data-engineering-workshop/venv/lib/python3.8/site-packages/airflow/example_dags/example_external_task_marker_dag.py took 0.241 seconds
[2022-08-29T20:07:26.364-0400] {processor.py:153} INFO - Started process (PID=14760) to work on /Users/jl/Documents/Repos/GHC-2022-data-engineering-workshop/venv/lib/python3.8/site-packages/airflow/example_dags/example_external_task_marker_dag.py
[2022-08-29T20:07:26.372-0400] {processor.py:640} INFO - Processing file /Users/jl/Documents/Repos/GHC-2022-data-engineering-workshop/venv/lib/python3.8/site-packages/airflow/example_dags/example_external_task_marker_dag.py for tasks to queue
[2022-08-29T20:07:26.373-0400] {logging_mixin.py:115} INFO - [2022-08-29T20:07:26.373-0400] {dagbag.py:508} INFO - Filling up the DagBag from /Users/jl/Documents/Repos/GHC-2022-data-engineering-workshop/venv/lib/python3.8/site-packages/airflow/example_dags/example_external_task_marker_dag.py
[2022-08-29T20:07:26.388-0400] {processor.py:650} INFO - DAG(s) dict_keys(['example_external_task_marker_parent', 'example_external_task_marker_child']) retrieved from /Users/jl/Documents/Repos/GHC-2022-data-engineering-workshop/venv/lib/python3.8/site-packages/airflow/example_dags/example_external_task_marker_dag.py
[2022-08-29T20:07:26.576-0400] {logging_mixin.py:115} INFO - [2022-08-29T20:07:26.575-0400] {dag.py:2429} INFO - Sync 2 DAGs
[2022-08-29T20:07:26.593-0400] {logging_mixin.py:115} INFO - [2022-08-29T20:07:26.593-0400] {dag.py:2977} INFO - Setting next_dagrun for example_external_task_marker_child to None, run_after=None
[2022-08-29T20:07:26.593-0400] {logging_mixin.py:115} INFO - [2022-08-29T20:07:26.593-0400] {dag.py:2977} INFO - Setting next_dagrun for example_external_task_marker_parent to None, run_after=None
[2022-08-29T20:07:26.608-0400] {processor.py:161} INFO - Processing /Users/jl/Documents/Repos/GHC-2022-data-engineering-workshop/venv/lib/python3.8/site-packages/airflow/example_dags/example_external_task_marker_dag.py took 0.245 seconds
[2022-08-29T20:08:53.178-0400] {processor.py:153} INFO - Started process (PID=14843) to work on /Users/jl/Documents/Repos/GHC-2022-data-engineering-workshop/venv/lib/python3.8/site-packages/airflow/example_dags/example_external_task_marker_dag.py
[2022-08-29T20:08:53.187-0400] {processor.py:640} INFO - Processing file /Users/jl/Documents/Repos/GHC-2022-data-engineering-workshop/venv/lib/python3.8/site-packages/airflow/example_dags/example_external_task_marker_dag.py for tasks to queue
[2022-08-29T20:08:53.187-0400] {logging_mixin.py:115} INFO - [2022-08-29T20:08:53.187-0400] {dagbag.py:508} INFO - Filling up the DagBag from /Users/jl/Documents/Repos/GHC-2022-data-engineering-workshop/venv/lib/python3.8/site-packages/airflow/example_dags/example_external_task_marker_dag.py
[2022-08-29T20:08:53.202-0400] {processor.py:650} INFO - DAG(s) dict_keys(['example_external_task_marker_parent', 'example_external_task_marker_child']) retrieved from /Users/jl/Documents/Repos/GHC-2022-data-engineering-workshop/venv/lib/python3.8/site-packages/airflow/example_dags/example_external_task_marker_dag.py
[2022-08-29T20:08:53.387-0400] {logging_mixin.py:115} INFO - [2022-08-29T20:08:53.386-0400] {dag.py:2429} INFO - Sync 2 DAGs
[2022-08-29T20:08:53.405-0400] {logging_mixin.py:115} INFO - [2022-08-29T20:08:53.404-0400] {dag.py:2977} INFO - Setting next_dagrun for example_external_task_marker_child to None, run_after=None
[2022-08-29T20:08:53.405-0400] {logging_mixin.py:115} INFO - [2022-08-29T20:08:53.405-0400] {dag.py:2977} INFO - Setting next_dagrun for example_external_task_marker_parent to None, run_after=None
[2022-08-29T20:08:53.419-0400] {processor.py:161} INFO - Processing /Users/jl/Documents/Repos/GHC-2022-data-engineering-workshop/venv/lib/python3.8/site-packages/airflow/example_dags/example_external_task_marker_dag.py took 0.242 seconds
[2022-08-29T20:10:31.584-0400] {processor.py:153} INFO - Started process (PID=14932) to work on /Users/jl/Documents/Repos/GHC-2022-data-engineering-workshop/venv/lib/python3.8/site-packages/airflow/example_dags/example_external_task_marker_dag.py
[2022-08-29T20:10:31.593-0400] {processor.py:640} INFO - Processing file /Users/jl/Documents/Repos/GHC-2022-data-engineering-workshop/venv/lib/python3.8/site-packages/airflow/example_dags/example_external_task_marker_dag.py for tasks to queue
[2022-08-29T20:10:31.594-0400] {logging_mixin.py:115} INFO - [2022-08-29T20:10:31.594-0400] {dagbag.py:508} INFO - Filling up the DagBag from /Users/jl/Documents/Repos/GHC-2022-data-engineering-workshop/venv/lib/python3.8/site-packages/airflow/example_dags/example_external_task_marker_dag.py
[2022-08-29T20:10:31.611-0400] {processor.py:650} INFO - DAG(s) dict_keys(['example_external_task_marker_parent', 'example_external_task_marker_child']) retrieved from /Users/jl/Documents/Repos/GHC-2022-data-engineering-workshop/venv/lib/python3.8/site-packages/airflow/example_dags/example_external_task_marker_dag.py
[2022-08-29T20:10:31.801-0400] {logging_mixin.py:115} INFO - [2022-08-29T20:10:31.800-0400] {dag.py:2429} INFO - Sync 2 DAGs
[2022-08-29T20:10:31.820-0400] {logging_mixin.py:115} INFO - [2022-08-29T20:10:31.820-0400] {dag.py:2977} INFO - Setting next_dagrun for example_external_task_marker_child to None, run_after=None
[2022-08-29T20:10:31.820-0400] {logging_mixin.py:115} INFO - [2022-08-29T20:10:31.820-0400] {dag.py:2977} INFO - Setting next_dagrun for example_external_task_marker_parent to None, run_after=None
[2022-08-29T20:10:31.834-0400] {processor.py:161} INFO - Processing /Users/jl/Documents/Repos/GHC-2022-data-engineering-workshop/venv/lib/python3.8/site-packages/airflow/example_dags/example_external_task_marker_dag.py took 0.252 seconds
[2022-08-29T20:12:01.581-0400] {processor.py:153} INFO - Started process (PID=15017) to work on /Users/jl/Documents/Repos/GHC-2022-data-engineering-workshop/venv/lib/python3.8/site-packages/airflow/example_dags/example_external_task_marker_dag.py
[2022-08-29T20:12:01.589-0400] {processor.py:640} INFO - Processing file /Users/jl/Documents/Repos/GHC-2022-data-engineering-workshop/venv/lib/python3.8/site-packages/airflow/example_dags/example_external_task_marker_dag.py for tasks to queue
[2022-08-29T20:12:01.589-0400] {logging_mixin.py:115} INFO - [2022-08-29T20:12:01.589-0400] {dagbag.py:508} INFO - Filling up the DagBag from /Users/jl/Documents/Repos/GHC-2022-data-engineering-workshop/venv/lib/python3.8/site-packages/airflow/example_dags/example_external_task_marker_dag.py
[2022-08-29T20:12:01.604-0400] {processor.py:650} INFO - DAG(s) dict_keys(['example_external_task_marker_parent', 'example_external_task_marker_child']) retrieved from /Users/jl/Documents/Repos/GHC-2022-data-engineering-workshop/venv/lib/python3.8/site-packages/airflow/example_dags/example_external_task_marker_dag.py
[2022-08-29T20:12:01.794-0400] {logging_mixin.py:115} INFO - [2022-08-29T20:12:01.794-0400] {dag.py:2429} INFO - Sync 2 DAGs
[2022-08-29T20:12:01.812-0400] {logging_mixin.py:115} INFO - [2022-08-29T20:12:01.812-0400] {dag.py:2977} INFO - Setting next_dagrun for example_external_task_marker_child to None, run_after=None
[2022-08-29T20:12:01.813-0400] {logging_mixin.py:115} INFO - [2022-08-29T20:12:01.813-0400] {dag.py:2977} INFO - Setting next_dagrun for example_external_task_marker_parent to None, run_after=None
[2022-08-29T20:12:01.827-0400] {processor.py:161} INFO - Processing /Users/jl/Documents/Repos/GHC-2022-data-engineering-workshop/venv/lib/python3.8/site-packages/airflow/example_dags/example_external_task_marker_dag.py took 0.247 seconds
[2022-08-29T20:13:31.181-0400] {processor.py:153} INFO - Started process (PID=15100) to work on /Users/jl/Documents/Repos/GHC-2022-data-engineering-workshop/venv/lib/python3.8/site-packages/airflow/example_dags/example_external_task_marker_dag.py
[2022-08-29T20:13:31.189-0400] {processor.py:640} INFO - Processing file /Users/jl/Documents/Repos/GHC-2022-data-engineering-workshop/venv/lib/python3.8/site-packages/airflow/example_dags/example_external_task_marker_dag.py for tasks to queue
[2022-08-29T20:13:31.190-0400] {logging_mixin.py:115} INFO - [2022-08-29T20:13:31.190-0400] {dagbag.py:508} INFO - Filling up the DagBag from /Users/jl/Documents/Repos/GHC-2022-data-engineering-workshop/venv/lib/python3.8/site-packages/airflow/example_dags/example_external_task_marker_dag.py
[2022-08-29T20:13:31.204-0400] {processor.py:650} INFO - DAG(s) dict_keys(['example_external_task_marker_parent', 'example_external_task_marker_child']) retrieved from /Users/jl/Documents/Repos/GHC-2022-data-engineering-workshop/venv/lib/python3.8/site-packages/airflow/example_dags/example_external_task_marker_dag.py
[2022-08-29T20:13:31.392-0400] {logging_mixin.py:115} INFO - [2022-08-29T20:13:31.392-0400] {dag.py:2429} INFO - Sync 2 DAGs
[2022-08-29T20:13:31.411-0400] {logging_mixin.py:115} INFO - [2022-08-29T20:13:31.411-0400] {dag.py:2977} INFO - Setting next_dagrun for example_external_task_marker_child to None, run_after=None
[2022-08-29T20:13:31.411-0400] {logging_mixin.py:115} INFO - [2022-08-29T20:13:31.411-0400] {dag.py:2977} INFO - Setting next_dagrun for example_external_task_marker_parent to None, run_after=None
[2022-08-29T20:13:31.426-0400] {processor.py:161} INFO - Processing /Users/jl/Documents/Repos/GHC-2022-data-engineering-workshop/venv/lib/python3.8/site-packages/airflow/example_dags/example_external_task_marker_dag.py took 0.246 seconds
[2022-08-29T20:15:05.309-0400] {processor.py:153} INFO - Started process (PID=15213) to work on /Users/jl/Documents/Repos/GHC-2022-data-engineering-workshop/venv/lib/python3.8/site-packages/airflow/example_dags/example_external_task_marker_dag.py
[2022-08-29T20:15:05.318-0400] {processor.py:640} INFO - Processing file /Users/jl/Documents/Repos/GHC-2022-data-engineering-workshop/venv/lib/python3.8/site-packages/airflow/example_dags/example_external_task_marker_dag.py for tasks to queue
[2022-08-29T20:15:05.319-0400] {logging_mixin.py:115} INFO - [2022-08-29T20:15:05.319-0400] {dagbag.py:508} INFO - Filling up the DagBag from /Users/jl/Documents/Repos/GHC-2022-data-engineering-workshop/venv/lib/python3.8/site-packages/airflow/example_dags/example_external_task_marker_dag.py
[2022-08-29T20:15:05.337-0400] {processor.py:650} INFO - DAG(s) dict_keys(['example_external_task_marker_parent', 'example_external_task_marker_child']) retrieved from /Users/jl/Documents/Repos/GHC-2022-data-engineering-workshop/venv/lib/python3.8/site-packages/airflow/example_dags/example_external_task_marker_dag.py
[2022-08-29T20:15:05.546-0400] {logging_mixin.py:115} INFO - [2022-08-29T20:15:05.546-0400] {dag.py:2429} INFO - Sync 2 DAGs
[2022-08-29T20:15:05.565-0400] {logging_mixin.py:115} INFO - [2022-08-29T20:15:05.564-0400] {dag.py:2977} INFO - Setting next_dagrun for example_external_task_marker_child to None, run_after=None
[2022-08-29T20:15:05.565-0400] {logging_mixin.py:115} INFO - [2022-08-29T20:15:05.565-0400] {dag.py:2977} INFO - Setting next_dagrun for example_external_task_marker_parent to None, run_after=None
[2022-08-29T20:15:05.579-0400] {processor.py:161} INFO - Processing /Users/jl/Documents/Repos/GHC-2022-data-engineering-workshop/venv/lib/python3.8/site-packages/airflow/example_dags/example_external_task_marker_dag.py took 0.272 seconds
[2022-08-29T20:16:49.744-0400] {processor.py:153} INFO - Started process (PID=15304) to work on /Users/jl/Documents/Repos/GHC-2022-data-engineering-workshop/venv/lib/python3.8/site-packages/airflow/example_dags/example_external_task_marker_dag.py
[2022-08-29T20:16:49.760-0400] {processor.py:640} INFO - Processing file /Users/jl/Documents/Repos/GHC-2022-data-engineering-workshop/venv/lib/python3.8/site-packages/airflow/example_dags/example_external_task_marker_dag.py for tasks to queue
[2022-08-29T20:16:49.760-0400] {logging_mixin.py:115} INFO - [2022-08-29T20:16:49.760-0400] {dagbag.py:508} INFO - Filling up the DagBag from /Users/jl/Documents/Repos/GHC-2022-data-engineering-workshop/venv/lib/python3.8/site-packages/airflow/example_dags/example_external_task_marker_dag.py
[2022-08-29T20:16:49.800-0400] {processor.py:650} INFO - DAG(s) dict_keys(['example_external_task_marker_parent', 'example_external_task_marker_child']) retrieved from /Users/jl/Documents/Repos/GHC-2022-data-engineering-workshop/venv/lib/python3.8/site-packages/airflow/example_dags/example_external_task_marker_dag.py
[2022-08-29T20:16:50.063-0400] {logging_mixin.py:115} INFO - [2022-08-29T20:16:50.062-0400] {dag.py:2429} INFO - Sync 2 DAGs
[2022-08-29T20:16:50.084-0400] {logging_mixin.py:115} INFO - [2022-08-29T20:16:50.084-0400] {dag.py:2977} INFO - Setting next_dagrun for example_external_task_marker_child to None, run_after=None
[2022-08-29T20:16:50.084-0400] {logging_mixin.py:115} INFO - [2022-08-29T20:16:50.084-0400] {dag.py:2977} INFO - Setting next_dagrun for example_external_task_marker_parent to None, run_after=None
[2022-08-29T20:16:50.101-0400] {processor.py:161} INFO - Processing /Users/jl/Documents/Repos/GHC-2022-data-engineering-workshop/venv/lib/python3.8/site-packages/airflow/example_dags/example_external_task_marker_dag.py took 0.359 seconds
[2022-08-29T20:18:43.863-0400] {processor.py:153} INFO - Started process (PID=15426) to work on /Users/jl/Documents/Repos/GHC-2022-data-engineering-workshop/venv/lib/python3.8/site-packages/airflow/example_dags/example_external_task_marker_dag.py
[2022-08-29T20:18:43.871-0400] {processor.py:640} INFO - Processing file /Users/jl/Documents/Repos/GHC-2022-data-engineering-workshop/venv/lib/python3.8/site-packages/airflow/example_dags/example_external_task_marker_dag.py for tasks to queue
[2022-08-29T20:18:43.872-0400] {logging_mixin.py:115} INFO - [2022-08-29T20:18:43.872-0400] {dagbag.py:508} INFO - Filling up the DagBag from /Users/jl/Documents/Repos/GHC-2022-data-engineering-workshop/venv/lib/python3.8/site-packages/airflow/example_dags/example_external_task_marker_dag.py
[2022-08-29T20:18:43.887-0400] {processor.py:650} INFO - DAG(s) dict_keys(['example_external_task_marker_parent', 'example_external_task_marker_child']) retrieved from /Users/jl/Documents/Repos/GHC-2022-data-engineering-workshop/venv/lib/python3.8/site-packages/airflow/example_dags/example_external_task_marker_dag.py
[2022-08-29T20:18:44.079-0400] {logging_mixin.py:115} INFO - [2022-08-29T20:18:44.079-0400] {dag.py:2429} INFO - Sync 2 DAGs
[2022-08-29T20:18:44.096-0400] {logging_mixin.py:115} INFO - [2022-08-29T20:18:44.096-0400] {dag.py:2977} INFO - Setting next_dagrun for example_external_task_marker_child to None, run_after=None
[2022-08-29T20:18:44.097-0400] {logging_mixin.py:115} INFO - [2022-08-29T20:18:44.097-0400] {dag.py:2977} INFO - Setting next_dagrun for example_external_task_marker_parent to None, run_after=None
[2022-08-29T20:18:44.111-0400] {processor.py:161} INFO - Processing /Users/jl/Documents/Repos/GHC-2022-data-engineering-workshop/venv/lib/python3.8/site-packages/airflow/example_dags/example_external_task_marker_dag.py took 0.249 seconds
[2022-08-29T20:20:26.444-0400] {processor.py:153} INFO - Started process (PID=15529) to work on /Users/jl/Documents/Repos/GHC-2022-data-engineering-workshop/venv/lib/python3.8/site-packages/airflow/example_dags/example_external_task_marker_dag.py
[2022-08-29T20:20:26.454-0400] {processor.py:640} INFO - Processing file /Users/jl/Documents/Repos/GHC-2022-data-engineering-workshop/venv/lib/python3.8/site-packages/airflow/example_dags/example_external_task_marker_dag.py for tasks to queue
[2022-08-29T20:20:26.454-0400] {logging_mixin.py:115} INFO - [2022-08-29T20:20:26.454-0400] {dagbag.py:508} INFO - Filling up the DagBag from /Users/jl/Documents/Repos/GHC-2022-data-engineering-workshop/venv/lib/python3.8/site-packages/airflow/example_dags/example_external_task_marker_dag.py
[2022-08-29T20:20:26.470-0400] {processor.py:650} INFO - DAG(s) dict_keys(['example_external_task_marker_parent', 'example_external_task_marker_child']) retrieved from /Users/jl/Documents/Repos/GHC-2022-data-engineering-workshop/venv/lib/python3.8/site-packages/airflow/example_dags/example_external_task_marker_dag.py
[2022-08-29T20:20:26.657-0400] {logging_mixin.py:115} INFO - [2022-08-29T20:20:26.656-0400] {dag.py:2429} INFO - Sync 2 DAGs
[2022-08-29T20:20:26.674-0400] {logging_mixin.py:115} INFO - [2022-08-29T20:20:26.674-0400] {dag.py:2977} INFO - Setting next_dagrun for example_external_task_marker_child to None, run_after=None
[2022-08-29T20:20:26.674-0400] {logging_mixin.py:115} INFO - [2022-08-29T20:20:26.674-0400] {dag.py:2977} INFO - Setting next_dagrun for example_external_task_marker_parent to None, run_after=None
[2022-08-29T20:20:26.689-0400] {processor.py:161} INFO - Processing /Users/jl/Documents/Repos/GHC-2022-data-engineering-workshop/venv/lib/python3.8/site-packages/airflow/example_dags/example_external_task_marker_dag.py took 0.246 seconds
[2022-08-29T20:21:54.212-0400] {processor.py:153} INFO - Started process (PID=15612) to work on /Users/jl/Documents/Repos/GHC-2022-data-engineering-workshop/venv/lib/python3.8/site-packages/airflow/example_dags/example_external_task_marker_dag.py
[2022-08-29T20:21:54.220-0400] {processor.py:640} INFO - Processing file /Users/jl/Documents/Repos/GHC-2022-data-engineering-workshop/venv/lib/python3.8/site-packages/airflow/example_dags/example_external_task_marker_dag.py for tasks to queue
[2022-08-29T20:21:54.221-0400] {logging_mixin.py:115} INFO - [2022-08-29T20:21:54.221-0400] {dagbag.py:508} INFO - Filling up the DagBag from /Users/jl/Documents/Repos/GHC-2022-data-engineering-workshop/venv/lib/python3.8/site-packages/airflow/example_dags/example_external_task_marker_dag.py
[2022-08-29T20:21:54.236-0400] {processor.py:650} INFO - DAG(s) dict_keys(['example_external_task_marker_parent', 'example_external_task_marker_child']) retrieved from /Users/jl/Documents/Repos/GHC-2022-data-engineering-workshop/venv/lib/python3.8/site-packages/airflow/example_dags/example_external_task_marker_dag.py
[2022-08-29T20:21:54.420-0400] {logging_mixin.py:115} INFO - [2022-08-29T20:21:54.420-0400] {dag.py:2429} INFO - Sync 2 DAGs
[2022-08-29T20:21:54.437-0400] {logging_mixin.py:115} INFO - [2022-08-29T20:21:54.437-0400] {dag.py:2977} INFO - Setting next_dagrun for example_external_task_marker_child to None, run_after=None
[2022-08-29T20:21:54.438-0400] {logging_mixin.py:115} INFO - [2022-08-29T20:21:54.438-0400] {dag.py:2977} INFO - Setting next_dagrun for example_external_task_marker_parent to None, run_after=None
[2022-08-29T20:21:54.452-0400] {processor.py:161} INFO - Processing /Users/jl/Documents/Repos/GHC-2022-data-engineering-workshop/venv/lib/python3.8/site-packages/airflow/example_dags/example_external_task_marker_dag.py took 0.241 seconds
[2022-08-29T20:23:19.620-0400] {processor.py:153} INFO - Started process (PID=15693) to work on /Users/jl/Documents/Repos/GHC-2022-data-engineering-workshop/venv/lib/python3.8/site-packages/airflow/example_dags/example_external_task_marker_dag.py
[2022-08-29T20:23:19.628-0400] {processor.py:640} INFO - Processing file /Users/jl/Documents/Repos/GHC-2022-data-engineering-workshop/venv/lib/python3.8/site-packages/airflow/example_dags/example_external_task_marker_dag.py for tasks to queue
[2022-08-29T20:23:19.628-0400] {logging_mixin.py:115} INFO - [2022-08-29T20:23:19.628-0400] {dagbag.py:508} INFO - Filling up the DagBag from /Users/jl/Documents/Repos/GHC-2022-data-engineering-workshop/venv/lib/python3.8/site-packages/airflow/example_dags/example_external_task_marker_dag.py
[2022-08-29T20:23:19.644-0400] {processor.py:650} INFO - DAG(s) dict_keys(['example_external_task_marker_parent', 'example_external_task_marker_child']) retrieved from /Users/jl/Documents/Repos/GHC-2022-data-engineering-workshop/venv/lib/python3.8/site-packages/airflow/example_dags/example_external_task_marker_dag.py
[2022-08-29T20:23:19.829-0400] {logging_mixin.py:115} INFO - [2022-08-29T20:23:19.828-0400] {dag.py:2429} INFO - Sync 2 DAGs
[2022-08-29T20:23:19.846-0400] {logging_mixin.py:115} INFO - [2022-08-29T20:23:19.846-0400] {dag.py:2977} INFO - Setting next_dagrun for example_external_task_marker_child to None, run_after=None
[2022-08-29T20:23:19.847-0400] {logging_mixin.py:115} INFO - [2022-08-29T20:23:19.847-0400] {dag.py:2977} INFO - Setting next_dagrun for example_external_task_marker_parent to None, run_after=None
[2022-08-29T20:23:19.861-0400] {processor.py:161} INFO - Processing /Users/jl/Documents/Repos/GHC-2022-data-engineering-workshop/venv/lib/python3.8/site-packages/airflow/example_dags/example_external_task_marker_dag.py took 0.242 seconds
[2022-08-29T20:24:49.017-0400] {processor.py:153} INFO - Started process (PID=15773) to work on /Users/jl/Documents/Repos/GHC-2022-data-engineering-workshop/venv/lib/python3.8/site-packages/airflow/example_dags/example_external_task_marker_dag.py
[2022-08-29T20:24:49.026-0400] {processor.py:640} INFO - Processing file /Users/jl/Documents/Repos/GHC-2022-data-engineering-workshop/venv/lib/python3.8/site-packages/airflow/example_dags/example_external_task_marker_dag.py for tasks to queue
[2022-08-29T20:24:49.027-0400] {logging_mixin.py:115} INFO - [2022-08-29T20:24:49.026-0400] {dagbag.py:508} INFO - Filling up the DagBag from /Users/jl/Documents/Repos/GHC-2022-data-engineering-workshop/venv/lib/python3.8/site-packages/airflow/example_dags/example_external_task_marker_dag.py
[2022-08-29T20:24:49.041-0400] {processor.py:650} INFO - DAG(s) dict_keys(['example_external_task_marker_parent', 'example_external_task_marker_child']) retrieved from /Users/jl/Documents/Repos/GHC-2022-data-engineering-workshop/venv/lib/python3.8/site-packages/airflow/example_dags/example_external_task_marker_dag.py
[2022-08-29T20:24:49.228-0400] {logging_mixin.py:115} INFO - [2022-08-29T20:24:49.227-0400] {dag.py:2429} INFO - Sync 2 DAGs
[2022-08-29T20:24:49.245-0400] {logging_mixin.py:115} INFO - [2022-08-29T20:24:49.245-0400] {dag.py:2977} INFO - Setting next_dagrun for example_external_task_marker_child to None, run_after=None
[2022-08-29T20:24:49.246-0400] {logging_mixin.py:115} INFO - [2022-08-29T20:24:49.245-0400] {dag.py:2977} INFO - Setting next_dagrun for example_external_task_marker_parent to None, run_after=None
[2022-08-29T20:24:49.260-0400] {processor.py:161} INFO - Processing /Users/jl/Documents/Repos/GHC-2022-data-engineering-workshop/venv/lib/python3.8/site-packages/airflow/example_dags/example_external_task_marker_dag.py took 0.243 seconds
[2022-08-29T20:26:56.926-0400] {processor.py:153} INFO - Started process (PID=15899) to work on /Users/jl/Documents/Repos/GHC-2022-data-engineering-workshop/venv/lib/python3.8/site-packages/airflow/example_dags/example_external_task_marker_dag.py
[2022-08-29T20:26:56.935-0400] {processor.py:640} INFO - Processing file /Users/jl/Documents/Repos/GHC-2022-data-engineering-workshop/venv/lib/python3.8/site-packages/airflow/example_dags/example_external_task_marker_dag.py for tasks to queue
[2022-08-29T20:26:56.936-0400] {logging_mixin.py:115} INFO - [2022-08-29T20:26:56.936-0400] {dagbag.py:508} INFO - Filling up the DagBag from /Users/jl/Documents/Repos/GHC-2022-data-engineering-workshop/venv/lib/python3.8/site-packages/airflow/example_dags/example_external_task_marker_dag.py
[2022-08-29T20:26:56.953-0400] {processor.py:650} INFO - DAG(s) dict_keys(['example_external_task_marker_parent', 'example_external_task_marker_child']) retrieved from /Users/jl/Documents/Repos/GHC-2022-data-engineering-workshop/venv/lib/python3.8/site-packages/airflow/example_dags/example_external_task_marker_dag.py
[2022-08-29T20:26:57.153-0400] {logging_mixin.py:115} INFO - [2022-08-29T20:26:57.153-0400] {dag.py:2429} INFO - Sync 2 DAGs
[2022-08-29T20:26:57.171-0400] {logging_mixin.py:115} INFO - [2022-08-29T20:26:57.171-0400] {dag.py:2977} INFO - Setting next_dagrun for example_external_task_marker_child to None, run_after=None
[2022-08-29T20:26:57.172-0400] {logging_mixin.py:115} INFO - [2022-08-29T20:26:57.172-0400] {dag.py:2977} INFO - Setting next_dagrun for example_external_task_marker_parent to None, run_after=None
[2022-08-29T20:26:57.188-0400] {processor.py:161} INFO - Processing /Users/jl/Documents/Repos/GHC-2022-data-engineering-workshop/venv/lib/python3.8/site-packages/airflow/example_dags/example_external_task_marker_dag.py took 0.263 seconds
[2022-08-29T20:28:38.439-0400] {processor.py:153} INFO - Started process (PID=15989) to work on /Users/jl/Documents/Repos/GHC-2022-data-engineering-workshop/venv/lib/python3.8/site-packages/airflow/example_dags/example_external_task_marker_dag.py
[2022-08-29T20:28:38.447-0400] {processor.py:640} INFO - Processing file /Users/jl/Documents/Repos/GHC-2022-data-engineering-workshop/venv/lib/python3.8/site-packages/airflow/example_dags/example_external_task_marker_dag.py for tasks to queue
[2022-08-29T20:28:38.448-0400] {logging_mixin.py:115} INFO - [2022-08-29T20:28:38.447-0400] {dagbag.py:508} INFO - Filling up the DagBag from /Users/jl/Documents/Repos/GHC-2022-data-engineering-workshop/venv/lib/python3.8/site-packages/airflow/example_dags/example_external_task_marker_dag.py
[2022-08-29T20:28:38.462-0400] {processor.py:650} INFO - DAG(s) dict_keys(['example_external_task_marker_parent', 'example_external_task_marker_child']) retrieved from /Users/jl/Documents/Repos/GHC-2022-data-engineering-workshop/venv/lib/python3.8/site-packages/airflow/example_dags/example_external_task_marker_dag.py
[2022-08-29T20:28:38.646-0400] {logging_mixin.py:115} INFO - [2022-08-29T20:28:38.646-0400] {dag.py:2429} INFO - Sync 2 DAGs
[2022-08-29T20:28:38.664-0400] {logging_mixin.py:115} INFO - [2022-08-29T20:28:38.663-0400] {dag.py:2977} INFO - Setting next_dagrun for example_external_task_marker_child to None, run_after=None
[2022-08-29T20:28:38.664-0400] {logging_mixin.py:115} INFO - [2022-08-29T20:28:38.664-0400] {dag.py:2977} INFO - Setting next_dagrun for example_external_task_marker_parent to None, run_after=None
[2022-08-29T20:28:38.679-0400] {processor.py:161} INFO - Processing /Users/jl/Documents/Repos/GHC-2022-data-engineering-workshop/venv/lib/python3.8/site-packages/airflow/example_dags/example_external_task_marker_dag.py took 0.241 seconds
[2022-08-29T20:30:38.428-0400] {processor.py:153} INFO - Started process (PID=16099) to work on /Users/jl/Documents/Repos/GHC-2022-data-engineering-workshop/venv/lib/python3.8/site-packages/airflow/example_dags/example_external_task_marker_dag.py
[2022-08-29T20:30:38.438-0400] {processor.py:640} INFO - Processing file /Users/jl/Documents/Repos/GHC-2022-data-engineering-workshop/venv/lib/python3.8/site-packages/airflow/example_dags/example_external_task_marker_dag.py for tasks to queue
[2022-08-29T20:30:38.439-0400] {logging_mixin.py:115} INFO - [2022-08-29T20:30:38.439-0400] {dagbag.py:508} INFO - Filling up the DagBag from /Users/jl/Documents/Repos/GHC-2022-data-engineering-workshop/venv/lib/python3.8/site-packages/airflow/example_dags/example_external_task_marker_dag.py
[2022-08-29T20:30:38.456-0400] {processor.py:650} INFO - DAG(s) dict_keys(['example_external_task_marker_parent', 'example_external_task_marker_child']) retrieved from /Users/jl/Documents/Repos/GHC-2022-data-engineering-workshop/venv/lib/python3.8/site-packages/airflow/example_dags/example_external_task_marker_dag.py
[2022-08-29T20:30:38.649-0400] {logging_mixin.py:115} INFO - [2022-08-29T20:30:38.648-0400] {dag.py:2429} INFO - Sync 2 DAGs
[2022-08-29T20:30:38.666-0400] {logging_mixin.py:115} INFO - [2022-08-29T20:30:38.666-0400] {dag.py:2977} INFO - Setting next_dagrun for example_external_task_marker_child to None, run_after=None
[2022-08-29T20:30:38.666-0400] {logging_mixin.py:115} INFO - [2022-08-29T20:30:38.666-0400] {dag.py:2977} INFO - Setting next_dagrun for example_external_task_marker_parent to None, run_after=None
[2022-08-29T20:30:38.681-0400] {processor.py:161} INFO - Processing /Users/jl/Documents/Repos/GHC-2022-data-engineering-workshop/venv/lib/python3.8/site-packages/airflow/example_dags/example_external_task_marker_dag.py took 0.254 seconds
[2022-08-29T20:32:40.523-0400] {processor.py:153} INFO - Started process (PID=16216) to work on /Users/jl/Documents/Repos/GHC-2022-data-engineering-workshop/venv/lib/python3.8/site-packages/airflow/example_dags/example_external_task_marker_dag.py
[2022-08-29T20:32:40.533-0400] {processor.py:640} INFO - Processing file /Users/jl/Documents/Repos/GHC-2022-data-engineering-workshop/venv/lib/python3.8/site-packages/airflow/example_dags/example_external_task_marker_dag.py for tasks to queue
[2022-08-29T20:32:40.534-0400] {logging_mixin.py:115} INFO - [2022-08-29T20:32:40.534-0400] {dagbag.py:508} INFO - Filling up the DagBag from /Users/jl/Documents/Repos/GHC-2022-data-engineering-workshop/venv/lib/python3.8/site-packages/airflow/example_dags/example_external_task_marker_dag.py
[2022-08-29T20:32:40.557-0400] {processor.py:650} INFO - DAG(s) dict_keys(['example_external_task_marker_parent', 'example_external_task_marker_child']) retrieved from /Users/jl/Documents/Repos/GHC-2022-data-engineering-workshop/venv/lib/python3.8/site-packages/airflow/example_dags/example_external_task_marker_dag.py
[2022-08-29T20:32:41.024-0400] {logging_mixin.py:115} INFO - [2022-08-29T20:32:41.024-0400] {dag.py:2429} INFO - Sync 2 DAGs
[2022-08-29T20:32:41.045-0400] {logging_mixin.py:115} INFO - [2022-08-29T20:32:41.045-0400] {dag.py:2977} INFO - Setting next_dagrun for example_external_task_marker_child to None, run_after=None
[2022-08-29T20:32:41.045-0400] {logging_mixin.py:115} INFO - [2022-08-29T20:32:41.045-0400] {dag.py:2977} INFO - Setting next_dagrun for example_external_task_marker_parent to None, run_after=None
[2022-08-29T20:32:41.059-0400] {processor.py:161} INFO - Processing /Users/jl/Documents/Repos/GHC-2022-data-engineering-workshop/venv/lib/python3.8/site-packages/airflow/example_dags/example_external_task_marker_dag.py took 0.537 seconds
[2022-08-29T20:34:38.798-0400] {processor.py:153} INFO - Started process (PID=16323) to work on /Users/jl/Documents/Repos/GHC-2022-data-engineering-workshop/venv/lib/python3.8/site-packages/airflow/example_dags/example_external_task_marker_dag.py
[2022-08-29T20:34:38.808-0400] {processor.py:640} INFO - Processing file /Users/jl/Documents/Repos/GHC-2022-data-engineering-workshop/venv/lib/python3.8/site-packages/airflow/example_dags/example_external_task_marker_dag.py for tasks to queue
[2022-08-29T20:34:38.808-0400] {logging_mixin.py:115} INFO - [2022-08-29T20:34:38.808-0400] {dagbag.py:508} INFO - Filling up the DagBag from /Users/jl/Documents/Repos/GHC-2022-data-engineering-workshop/venv/lib/python3.8/site-packages/airflow/example_dags/example_external_task_marker_dag.py
[2022-08-29T20:34:38.825-0400] {processor.py:650} INFO - DAG(s) dict_keys(['example_external_task_marker_parent', 'example_external_task_marker_child']) retrieved from /Users/jl/Documents/Repos/GHC-2022-data-engineering-workshop/venv/lib/python3.8/site-packages/airflow/example_dags/example_external_task_marker_dag.py
[2022-08-29T20:34:39.010-0400] {logging_mixin.py:115} INFO - [2022-08-29T20:34:39.010-0400] {dag.py:2429} INFO - Sync 2 DAGs
[2022-08-29T20:34:39.028-0400] {logging_mixin.py:115} INFO - [2022-08-29T20:34:39.028-0400] {dag.py:2977} INFO - Setting next_dagrun for example_external_task_marker_child to None, run_after=None
[2022-08-29T20:34:39.029-0400] {logging_mixin.py:115} INFO - [2022-08-29T20:34:39.029-0400] {dag.py:2977} INFO - Setting next_dagrun for example_external_task_marker_parent to None, run_after=None
[2022-08-29T20:34:39.043-0400] {processor.py:161} INFO - Processing /Users/jl/Documents/Repos/GHC-2022-data-engineering-workshop/venv/lib/python3.8/site-packages/airflow/example_dags/example_external_task_marker_dag.py took 0.246 seconds
[2022-08-29T20:36:27.814-0400] {processor.py:153} INFO - Started process (PID=16449) to work on /Users/jl/Documents/Repos/GHC-2022-data-engineering-workshop/venv/lib/python3.8/site-packages/airflow/example_dags/example_external_task_marker_dag.py
[2022-08-29T20:36:27.824-0400] {processor.py:640} INFO - Processing file /Users/jl/Documents/Repos/GHC-2022-data-engineering-workshop/venv/lib/python3.8/site-packages/airflow/example_dags/example_external_task_marker_dag.py for tasks to queue
[2022-08-29T20:36:27.825-0400] {logging_mixin.py:115} INFO - [2022-08-29T20:36:27.824-0400] {dagbag.py:508} INFO - Filling up the DagBag from /Users/jl/Documents/Repos/GHC-2022-data-engineering-workshop/venv/lib/python3.8/site-packages/airflow/example_dags/example_external_task_marker_dag.py
[2022-08-29T20:36:27.841-0400] {processor.py:650} INFO - DAG(s) dict_keys(['example_external_task_marker_parent', 'example_external_task_marker_child']) retrieved from /Users/jl/Documents/Repos/GHC-2022-data-engineering-workshop/venv/lib/python3.8/site-packages/airflow/example_dags/example_external_task_marker_dag.py
[2022-08-29T20:36:28.026-0400] {logging_mixin.py:115} INFO - [2022-08-29T20:36:28.026-0400] {dag.py:2429} INFO - Sync 2 DAGs
[2022-08-29T20:36:28.043-0400] {logging_mixin.py:115} INFO - [2022-08-29T20:36:28.043-0400] {dag.py:2977} INFO - Setting next_dagrun for example_external_task_marker_child to None, run_after=None
[2022-08-29T20:36:28.044-0400] {logging_mixin.py:115} INFO - [2022-08-29T20:36:28.043-0400] {dag.py:2977} INFO - Setting next_dagrun for example_external_task_marker_parent to None, run_after=None
[2022-08-29T20:36:28.058-0400] {processor.py:161} INFO - Processing /Users/jl/Documents/Repos/GHC-2022-data-engineering-workshop/venv/lib/python3.8/site-packages/airflow/example_dags/example_external_task_marker_dag.py took 0.245 seconds
[2022-08-29T20:38:20.761-0400] {processor.py:153} INFO - Started process (PID=16561) to work on /Users/jl/Documents/Repos/GHC-2022-data-engineering-workshop/venv/lib/python3.8/site-packages/airflow/example_dags/example_external_task_marker_dag.py
[2022-08-29T20:38:20.772-0400] {processor.py:640} INFO - Processing file /Users/jl/Documents/Repos/GHC-2022-data-engineering-workshop/venv/lib/python3.8/site-packages/airflow/example_dags/example_external_task_marker_dag.py for tasks to queue
[2022-08-29T20:38:20.772-0400] {logging_mixin.py:115} INFO - [2022-08-29T20:38:20.772-0400] {dagbag.py:508} INFO - Filling up the DagBag from /Users/jl/Documents/Repos/GHC-2022-data-engineering-workshop/venv/lib/python3.8/site-packages/airflow/example_dags/example_external_task_marker_dag.py
[2022-08-29T20:38:20.789-0400] {processor.py:650} INFO - DAG(s) dict_keys(['example_external_task_marker_parent', 'example_external_task_marker_child']) retrieved from /Users/jl/Documents/Repos/GHC-2022-data-engineering-workshop/venv/lib/python3.8/site-packages/airflow/example_dags/example_external_task_marker_dag.py
[2022-08-29T20:38:21.043-0400] {logging_mixin.py:115} INFO - [2022-08-29T20:38:21.043-0400] {dag.py:2429} INFO - Sync 2 DAGs
[2022-08-29T20:38:21.067-0400] {logging_mixin.py:115} INFO - [2022-08-29T20:38:21.067-0400] {dag.py:2977} INFO - Setting next_dagrun for example_external_task_marker_child to None, run_after=None
[2022-08-29T20:38:21.068-0400] {logging_mixin.py:115} INFO - [2022-08-29T20:38:21.068-0400] {dag.py:2977} INFO - Setting next_dagrun for example_external_task_marker_parent to None, run_after=None
[2022-08-29T20:38:21.086-0400] {processor.py:161} INFO - Processing /Users/jl/Documents/Repos/GHC-2022-data-engineering-workshop/venv/lib/python3.8/site-packages/airflow/example_dags/example_external_task_marker_dag.py took 0.326 seconds
[2022-08-29T20:40:16.530-0400] {processor.py:153} INFO - Started process (PID=16662) to work on /Users/jl/Documents/Repos/GHC-2022-data-engineering-workshop/venv/lib/python3.8/site-packages/airflow/example_dags/example_external_task_marker_dag.py
[2022-08-29T20:40:16.540-0400] {processor.py:640} INFO - Processing file /Users/jl/Documents/Repos/GHC-2022-data-engineering-workshop/venv/lib/python3.8/site-packages/airflow/example_dags/example_external_task_marker_dag.py for tasks to queue
[2022-08-29T20:40:16.540-0400] {logging_mixin.py:115} INFO - [2022-08-29T20:40:16.540-0400] {dagbag.py:508} INFO - Filling up the DagBag from /Users/jl/Documents/Repos/GHC-2022-data-engineering-workshop/venv/lib/python3.8/site-packages/airflow/example_dags/example_external_task_marker_dag.py
[2022-08-29T20:40:16.556-0400] {processor.py:650} INFO - DAG(s) dict_keys(['example_external_task_marker_parent', 'example_external_task_marker_child']) retrieved from /Users/jl/Documents/Repos/GHC-2022-data-engineering-workshop/venv/lib/python3.8/site-packages/airflow/example_dags/example_external_task_marker_dag.py
[2022-08-29T20:40:16.742-0400] {logging_mixin.py:115} INFO - [2022-08-29T20:40:16.742-0400] {dag.py:2429} INFO - Sync 2 DAGs
[2022-08-29T20:40:16.760-0400] {logging_mixin.py:115} INFO - [2022-08-29T20:40:16.759-0400] {dag.py:2977} INFO - Setting next_dagrun for example_external_task_marker_child to None, run_after=None
[2022-08-29T20:40:16.760-0400] {logging_mixin.py:115} INFO - [2022-08-29T20:40:16.760-0400] {dag.py:2977} INFO - Setting next_dagrun for example_external_task_marker_parent to None, run_after=None
[2022-08-29T20:40:16.774-0400] {processor.py:161} INFO - Processing /Users/jl/Documents/Repos/GHC-2022-data-engineering-workshop/venv/lib/python3.8/site-packages/airflow/example_dags/example_external_task_marker_dag.py took 0.245 seconds
[2022-08-29T20:42:03.103-0400] {processor.py:153} INFO - Started process (PID=16757) to work on /Users/jl/Documents/Repos/GHC-2022-data-engineering-workshop/venv/lib/python3.8/site-packages/airflow/example_dags/example_external_task_marker_dag.py
[2022-08-29T20:42:03.113-0400] {processor.py:640} INFO - Processing file /Users/jl/Documents/Repos/GHC-2022-data-engineering-workshop/venv/lib/python3.8/site-packages/airflow/example_dags/example_external_task_marker_dag.py for tasks to queue
[2022-08-29T20:42:03.114-0400] {logging_mixin.py:115} INFO - [2022-08-29T20:42:03.114-0400] {dagbag.py:508} INFO - Filling up the DagBag from /Users/jl/Documents/Repos/GHC-2022-data-engineering-workshop/venv/lib/python3.8/site-packages/airflow/example_dags/example_external_task_marker_dag.py
[2022-08-29T20:42:03.136-0400] {processor.py:650} INFO - DAG(s) dict_keys(['example_external_task_marker_parent', 'example_external_task_marker_child']) retrieved from /Users/jl/Documents/Repos/GHC-2022-data-engineering-workshop/venv/lib/python3.8/site-packages/airflow/example_dags/example_external_task_marker_dag.py
[2022-08-29T20:42:03.370-0400] {logging_mixin.py:115} INFO - [2022-08-29T20:42:03.370-0400] {dag.py:2429} INFO - Sync 2 DAGs
[2022-08-29T20:42:03.394-0400] {logging_mixin.py:115} INFO - [2022-08-29T20:42:03.394-0400] {dag.py:2977} INFO - Setting next_dagrun for example_external_task_marker_child to None, run_after=None
[2022-08-29T20:42:03.394-0400] {logging_mixin.py:115} INFO - [2022-08-29T20:42:03.394-0400] {dag.py:2977} INFO - Setting next_dagrun for example_external_task_marker_parent to None, run_after=None
[2022-08-29T20:42:03.412-0400] {processor.py:161} INFO - Processing /Users/jl/Documents/Repos/GHC-2022-data-engineering-workshop/venv/lib/python3.8/site-packages/airflow/example_dags/example_external_task_marker_dag.py took 0.312 seconds
[2022-08-29T20:43:57.431-0400] {processor.py:153} INFO - Started process (PID=16860) to work on /Users/jl/Documents/Repos/GHC-2022-data-engineering-workshop/venv/lib/python3.8/site-packages/airflow/example_dags/example_external_task_marker_dag.py
[2022-08-29T20:43:57.440-0400] {processor.py:640} INFO - Processing file /Users/jl/Documents/Repos/GHC-2022-data-engineering-workshop/venv/lib/python3.8/site-packages/airflow/example_dags/example_external_task_marker_dag.py for tasks to queue
[2022-08-29T20:43:57.440-0400] {logging_mixin.py:115} INFO - [2022-08-29T20:43:57.440-0400] {dagbag.py:508} INFO - Filling up the DagBag from /Users/jl/Documents/Repos/GHC-2022-data-engineering-workshop/venv/lib/python3.8/site-packages/airflow/example_dags/example_external_task_marker_dag.py
[2022-08-29T20:43:57.457-0400] {processor.py:650} INFO - DAG(s) dict_keys(['example_external_task_marker_parent', 'example_external_task_marker_child']) retrieved from /Users/jl/Documents/Repos/GHC-2022-data-engineering-workshop/venv/lib/python3.8/site-packages/airflow/example_dags/example_external_task_marker_dag.py
[2022-08-29T20:43:57.649-0400] {logging_mixin.py:115} INFO - [2022-08-29T20:43:57.649-0400] {dag.py:2429} INFO - Sync 2 DAGs
[2022-08-29T20:43:57.667-0400] {logging_mixin.py:115} INFO - [2022-08-29T20:43:57.667-0400] {dag.py:2977} INFO - Setting next_dagrun for example_external_task_marker_child to None, run_after=None
[2022-08-29T20:43:57.668-0400] {logging_mixin.py:115} INFO - [2022-08-29T20:43:57.668-0400] {dag.py:2977} INFO - Setting next_dagrun for example_external_task_marker_parent to None, run_after=None
[2022-08-29T20:43:57.683-0400] {processor.py:161} INFO - Processing /Users/jl/Documents/Repos/GHC-2022-data-engineering-workshop/venv/lib/python3.8/site-packages/airflow/example_dags/example_external_task_marker_dag.py took 0.253 seconds
[2022-08-29T20:45:49.875-0400] {processor.py:153} INFO - Started process (PID=16962) to work on /Users/jl/Documents/Repos/GHC-2022-data-engineering-workshop/venv/lib/python3.8/site-packages/airflow/example_dags/example_external_task_marker_dag.py
[2022-08-29T20:45:49.885-0400] {processor.py:640} INFO - Processing file /Users/jl/Documents/Repos/GHC-2022-data-engineering-workshop/venv/lib/python3.8/site-packages/airflow/example_dags/example_external_task_marker_dag.py for tasks to queue
[2022-08-29T20:45:49.886-0400] {logging_mixin.py:115} INFO - [2022-08-29T20:45:49.885-0400] {dagbag.py:508} INFO - Filling up the DagBag from /Users/jl/Documents/Repos/GHC-2022-data-engineering-workshop/venv/lib/python3.8/site-packages/airflow/example_dags/example_external_task_marker_dag.py
[2022-08-29T20:45:49.901-0400] {processor.py:650} INFO - DAG(s) dict_keys(['example_external_task_marker_parent', 'example_external_task_marker_child']) retrieved from /Users/jl/Documents/Repos/GHC-2022-data-engineering-workshop/venv/lib/python3.8/site-packages/airflow/example_dags/example_external_task_marker_dag.py
[2022-08-29T20:45:50.108-0400] {logging_mixin.py:115} INFO - [2022-08-29T20:45:50.107-0400] {dag.py:2429} INFO - Sync 2 DAGs
[2022-08-29T20:45:50.126-0400] {logging_mixin.py:115} INFO - [2022-08-29T20:45:50.126-0400] {dag.py:2977} INFO - Setting next_dagrun for example_external_task_marker_child to None, run_after=None
[2022-08-29T20:45:50.126-0400] {logging_mixin.py:115} INFO - [2022-08-29T20:45:50.126-0400] {dag.py:2977} INFO - Setting next_dagrun for example_external_task_marker_parent to None, run_after=None
[2022-08-29T20:45:50.141-0400] {processor.py:161} INFO - Processing /Users/jl/Documents/Repos/GHC-2022-data-engineering-workshop/venv/lib/python3.8/site-packages/airflow/example_dags/example_external_task_marker_dag.py took 0.267 seconds
[2022-08-29T20:47:32.672-0400] {processor.py:153} INFO - Started process (PID=17055) to work on /Users/jl/Documents/Repos/GHC-2022-data-engineering-workshop/venv/lib/python3.8/site-packages/airflow/example_dags/example_external_task_marker_dag.py
[2022-08-29T20:47:32.685-0400] {processor.py:640} INFO - Processing file /Users/jl/Documents/Repos/GHC-2022-data-engineering-workshop/venv/lib/python3.8/site-packages/airflow/example_dags/example_external_task_marker_dag.py for tasks to queue
[2022-08-29T20:47:32.687-0400] {logging_mixin.py:115} INFO - [2022-08-29T20:47:32.687-0400] {dagbag.py:508} INFO - Filling up the DagBag from /Users/jl/Documents/Repos/GHC-2022-data-engineering-workshop/venv/lib/python3.8/site-packages/airflow/example_dags/example_external_task_marker_dag.py
[2022-08-29T20:47:32.717-0400] {processor.py:650} INFO - DAG(s) dict_keys(['example_external_task_marker_parent', 'example_external_task_marker_child']) retrieved from /Users/jl/Documents/Repos/GHC-2022-data-engineering-workshop/venv/lib/python3.8/site-packages/airflow/example_dags/example_external_task_marker_dag.py
[2022-08-29T20:47:32.991-0400] {logging_mixin.py:115} INFO - [2022-08-29T20:47:32.991-0400] {dag.py:2429} INFO - Sync 2 DAGs
[2022-08-29T20:47:33.009-0400] {logging_mixin.py:115} INFO - [2022-08-29T20:47:33.009-0400] {dag.py:2977} INFO - Setting next_dagrun for example_external_task_marker_child to None, run_after=None
[2022-08-29T20:47:33.009-0400] {logging_mixin.py:115} INFO - [2022-08-29T20:47:33.009-0400] {dag.py:2977} INFO - Setting next_dagrun for example_external_task_marker_parent to None, run_after=None
[2022-08-29T20:47:33.024-0400] {processor.py:161} INFO - Processing /Users/jl/Documents/Repos/GHC-2022-data-engineering-workshop/venv/lib/python3.8/site-packages/airflow/example_dags/example_external_task_marker_dag.py took 0.354 seconds
[2022-08-29T20:49:25.419-0400] {processor.py:153} INFO - Started process (PID=17153) to work on /Users/jl/Documents/Repos/GHC-2022-data-engineering-workshop/venv/lib/python3.8/site-packages/airflow/example_dags/example_external_task_marker_dag.py
[2022-08-29T20:49:25.429-0400] {processor.py:640} INFO - Processing file /Users/jl/Documents/Repos/GHC-2022-data-engineering-workshop/venv/lib/python3.8/site-packages/airflow/example_dags/example_external_task_marker_dag.py for tasks to queue
[2022-08-29T20:49:25.430-0400] {logging_mixin.py:115} INFO - [2022-08-29T20:49:25.430-0400] {dagbag.py:508} INFO - Filling up the DagBag from /Users/jl/Documents/Repos/GHC-2022-data-engineering-workshop/venv/lib/python3.8/site-packages/airflow/example_dags/example_external_task_marker_dag.py
[2022-08-29T20:49:25.447-0400] {processor.py:650} INFO - DAG(s) dict_keys(['example_external_task_marker_parent', 'example_external_task_marker_child']) retrieved from /Users/jl/Documents/Repos/GHC-2022-data-engineering-workshop/venv/lib/python3.8/site-packages/airflow/example_dags/example_external_task_marker_dag.py
[2022-08-29T20:49:25.631-0400] {logging_mixin.py:115} INFO - [2022-08-29T20:49:25.631-0400] {dag.py:2429} INFO - Sync 2 DAGs
[2022-08-29T20:49:25.648-0400] {logging_mixin.py:115} INFO - [2022-08-29T20:49:25.648-0400] {dag.py:2977} INFO - Setting next_dagrun for example_external_task_marker_child to None, run_after=None
[2022-08-29T20:49:25.649-0400] {logging_mixin.py:115} INFO - [2022-08-29T20:49:25.649-0400] {dag.py:2977} INFO - Setting next_dagrun for example_external_task_marker_parent to None, run_after=None
[2022-08-29T20:49:25.663-0400] {processor.py:161} INFO - Processing /Users/jl/Documents/Repos/GHC-2022-data-engineering-workshop/venv/lib/python3.8/site-packages/airflow/example_dags/example_external_task_marker_dag.py took 0.244 seconds
[2022-08-29T20:51:01.968-0400] {processor.py:153} INFO - Started process (PID=17241) to work on /Users/jl/Documents/Repos/GHC-2022-data-engineering-workshop/venv/lib/python3.8/site-packages/airflow/example_dags/example_external_task_marker_dag.py
[2022-08-29T20:51:01.976-0400] {processor.py:640} INFO - Processing file /Users/jl/Documents/Repos/GHC-2022-data-engineering-workshop/venv/lib/python3.8/site-packages/airflow/example_dags/example_external_task_marker_dag.py for tasks to queue
[2022-08-29T20:51:01.977-0400] {logging_mixin.py:115} INFO - [2022-08-29T20:51:01.977-0400] {dagbag.py:508} INFO - Filling up the DagBag from /Users/jl/Documents/Repos/GHC-2022-data-engineering-workshop/venv/lib/python3.8/site-packages/airflow/example_dags/example_external_task_marker_dag.py
[2022-08-29T20:51:01.992-0400] {processor.py:650} INFO - DAG(s) dict_keys(['example_external_task_marker_parent', 'example_external_task_marker_child']) retrieved from /Users/jl/Documents/Repos/GHC-2022-data-engineering-workshop/venv/lib/python3.8/site-packages/airflow/example_dags/example_external_task_marker_dag.py
[2022-08-29T20:51:02.182-0400] {logging_mixin.py:115} INFO - [2022-08-29T20:51:02.182-0400] {dag.py:2429} INFO - Sync 2 DAGs
[2022-08-29T20:51:02.199-0400] {logging_mixin.py:115} INFO - [2022-08-29T20:51:02.199-0400] {dag.py:2977} INFO - Setting next_dagrun for example_external_task_marker_child to None, run_after=None
[2022-08-29T20:51:02.199-0400] {logging_mixin.py:115} INFO - [2022-08-29T20:51:02.199-0400] {dag.py:2977} INFO - Setting next_dagrun for example_external_task_marker_parent to None, run_after=None
[2022-08-29T20:51:02.213-0400] {processor.py:161} INFO - Processing /Users/jl/Documents/Repos/GHC-2022-data-engineering-workshop/venv/lib/python3.8/site-packages/airflow/example_dags/example_external_task_marker_dag.py took 0.246 seconds
[2022-08-29T20:52:39.192-0400] {processor.py:153} INFO - Started process (PID=17332) to work on /Users/jl/Documents/Repos/GHC-2022-data-engineering-workshop/venv/lib/python3.8/site-packages/airflow/example_dags/example_external_task_marker_dag.py
[2022-08-29T20:52:39.201-0400] {processor.py:640} INFO - Processing file /Users/jl/Documents/Repos/GHC-2022-data-engineering-workshop/venv/lib/python3.8/site-packages/airflow/example_dags/example_external_task_marker_dag.py for tasks to queue
[2022-08-29T20:52:39.201-0400] {logging_mixin.py:115} INFO - [2022-08-29T20:52:39.201-0400] {dagbag.py:508} INFO - Filling up the DagBag from /Users/jl/Documents/Repos/GHC-2022-data-engineering-workshop/venv/lib/python3.8/site-packages/airflow/example_dags/example_external_task_marker_dag.py
[2022-08-29T20:52:39.215-0400] {processor.py:650} INFO - DAG(s) dict_keys(['example_external_task_marker_parent', 'example_external_task_marker_child']) retrieved from /Users/jl/Documents/Repos/GHC-2022-data-engineering-workshop/venv/lib/python3.8/site-packages/airflow/example_dags/example_external_task_marker_dag.py
[2022-08-29T20:52:39.400-0400] {logging_mixin.py:115} INFO - [2022-08-29T20:52:39.399-0400] {dag.py:2429} INFO - Sync 2 DAGs
[2022-08-29T20:52:39.417-0400] {logging_mixin.py:115} INFO - [2022-08-29T20:52:39.417-0400] {dag.py:2977} INFO - Setting next_dagrun for example_external_task_marker_child to None, run_after=None
[2022-08-29T20:52:39.418-0400] {logging_mixin.py:115} INFO - [2022-08-29T20:52:39.418-0400] {dag.py:2977} INFO - Setting next_dagrun for example_external_task_marker_parent to None, run_after=None
[2022-08-29T20:52:39.432-0400] {processor.py:161} INFO - Processing /Users/jl/Documents/Repos/GHC-2022-data-engineering-workshop/venv/lib/python3.8/site-packages/airflow/example_dags/example_external_task_marker_dag.py took 0.241 seconds
[2022-08-29T20:54:43.877-0400] {processor.py:153} INFO - Started process (PID=17432) to work on /Users/jl/Documents/Repos/GHC-2022-data-engineering-workshop/venv/lib/python3.8/site-packages/airflow/example_dags/example_external_task_marker_dag.py
[2022-08-29T20:54:43.887-0400] {processor.py:640} INFO - Processing file /Users/jl/Documents/Repos/GHC-2022-data-engineering-workshop/venv/lib/python3.8/site-packages/airflow/example_dags/example_external_task_marker_dag.py for tasks to queue
[2022-08-29T20:54:43.887-0400] {logging_mixin.py:115} INFO - [2022-08-29T20:54:43.887-0400] {dagbag.py:508} INFO - Filling up the DagBag from /Users/jl/Documents/Repos/GHC-2022-data-engineering-workshop/venv/lib/python3.8/site-packages/airflow/example_dags/example_external_task_marker_dag.py
[2022-08-29T20:54:43.905-0400] {processor.py:650} INFO - DAG(s) dict_keys(['example_external_task_marker_parent', 'example_external_task_marker_child']) retrieved from /Users/jl/Documents/Repos/GHC-2022-data-engineering-workshop/venv/lib/python3.8/site-packages/airflow/example_dags/example_external_task_marker_dag.py
[2022-08-29T20:54:44.130-0400] {logging_mixin.py:115} INFO - [2022-08-29T20:54:44.130-0400] {dag.py:2429} INFO - Sync 2 DAGs
[2022-08-29T20:54:44.153-0400] {logging_mixin.py:115} INFO - [2022-08-29T20:54:44.153-0400] {dag.py:2977} INFO - Setting next_dagrun for example_external_task_marker_child to None, run_after=None
[2022-08-29T20:54:44.154-0400] {logging_mixin.py:115} INFO - [2022-08-29T20:54:44.154-0400] {dag.py:2977} INFO - Setting next_dagrun for example_external_task_marker_parent to None, run_after=None
[2022-08-29T20:54:44.173-0400] {processor.py:161} INFO - Processing /Users/jl/Documents/Repos/GHC-2022-data-engineering-workshop/venv/lib/python3.8/site-packages/airflow/example_dags/example_external_task_marker_dag.py took 0.297 seconds
[2022-08-29T20:56:29.987-0400] {processor.py:153} INFO - Started process (PID=17522) to work on /Users/jl/Documents/Repos/GHC-2022-data-engineering-workshop/venv/lib/python3.8/site-packages/airflow/example_dags/example_external_task_marker_dag.py
[2022-08-29T20:56:29.996-0400] {processor.py:640} INFO - Processing file /Users/jl/Documents/Repos/GHC-2022-data-engineering-workshop/venv/lib/python3.8/site-packages/airflow/example_dags/example_external_task_marker_dag.py for tasks to queue
[2022-08-29T20:56:29.997-0400] {logging_mixin.py:115} INFO - [2022-08-29T20:56:29.997-0400] {dagbag.py:508} INFO - Filling up the DagBag from /Users/jl/Documents/Repos/GHC-2022-data-engineering-workshop/venv/lib/python3.8/site-packages/airflow/example_dags/example_external_task_marker_dag.py
[2022-08-29T20:56:30.012-0400] {processor.py:650} INFO - DAG(s) dict_keys(['example_external_task_marker_parent', 'example_external_task_marker_child']) retrieved from /Users/jl/Documents/Repos/GHC-2022-data-engineering-workshop/venv/lib/python3.8/site-packages/airflow/example_dags/example_external_task_marker_dag.py
[2022-08-29T20:56:30.198-0400] {logging_mixin.py:115} INFO - [2022-08-29T20:56:30.198-0400] {dag.py:2429} INFO - Sync 2 DAGs
[2022-08-29T20:56:30.215-0400] {logging_mixin.py:115} INFO - [2022-08-29T20:56:30.215-0400] {dag.py:2977} INFO - Setting next_dagrun for example_external_task_marker_child to None, run_after=None
[2022-08-29T20:56:30.216-0400] {logging_mixin.py:115} INFO - [2022-08-29T20:56:30.216-0400] {dag.py:2977} INFO - Setting next_dagrun for example_external_task_marker_parent to None, run_after=None
[2022-08-29T20:56:30.230-0400] {processor.py:161} INFO - Processing /Users/jl/Documents/Repos/GHC-2022-data-engineering-workshop/venv/lib/python3.8/site-packages/airflow/example_dags/example_external_task_marker_dag.py took 0.244 seconds
[2022-08-29T20:58:42.062-0400] {processor.py:153} INFO - Started process (PID=17634) to work on /Users/jl/Documents/Repos/GHC-2022-data-engineering-workshop/venv/lib/python3.8/site-packages/airflow/example_dags/example_external_task_marker_dag.py
[2022-08-29T20:58:42.072-0400] {processor.py:640} INFO - Processing file /Users/jl/Documents/Repos/GHC-2022-data-engineering-workshop/venv/lib/python3.8/site-packages/airflow/example_dags/example_external_task_marker_dag.py for tasks to queue
[2022-08-29T20:58:42.073-0400] {logging_mixin.py:115} INFO - [2022-08-29T20:58:42.073-0400] {dagbag.py:508} INFO - Filling up the DagBag from /Users/jl/Documents/Repos/GHC-2022-data-engineering-workshop/venv/lib/python3.8/site-packages/airflow/example_dags/example_external_task_marker_dag.py
[2022-08-29T20:58:42.090-0400] {processor.py:650} INFO - DAG(s) dict_keys(['example_external_task_marker_parent', 'example_external_task_marker_child']) retrieved from /Users/jl/Documents/Repos/GHC-2022-data-engineering-workshop/venv/lib/python3.8/site-packages/airflow/example_dags/example_external_task_marker_dag.py
[2022-08-29T20:58:42.303-0400] {logging_mixin.py:115} INFO - [2022-08-29T20:58:42.302-0400] {dag.py:2429} INFO - Sync 2 DAGs
[2022-08-29T20:58:42.320-0400] {logging_mixin.py:115} INFO - [2022-08-29T20:58:42.319-0400] {dag.py:2977} INFO - Setting next_dagrun for example_external_task_marker_child to None, run_after=None
[2022-08-29T20:58:42.320-0400] {logging_mixin.py:115} INFO - [2022-08-29T20:58:42.320-0400] {dag.py:2977} INFO - Setting next_dagrun for example_external_task_marker_parent to None, run_after=None
[2022-08-29T20:58:42.334-0400] {processor.py:161} INFO - Processing /Users/jl/Documents/Repos/GHC-2022-data-engineering-workshop/venv/lib/python3.8/site-packages/airflow/example_dags/example_external_task_marker_dag.py took 0.273 seconds
[2022-08-29T21:00:49.230-0400] {processor.py:153} INFO - Started process (PID=17779) to work on /Users/jl/Documents/Repos/GHC-2022-data-engineering-workshop/venv/lib/python3.8/site-packages/airflow/example_dags/example_external_task_marker_dag.py
[2022-08-29T21:00:49.257-0400] {processor.py:640} INFO - Processing file /Users/jl/Documents/Repos/GHC-2022-data-engineering-workshop/venv/lib/python3.8/site-packages/airflow/example_dags/example_external_task_marker_dag.py for tasks to queue
[2022-08-29T21:00:49.258-0400] {logging_mixin.py:115} INFO - [2022-08-29T21:00:49.257-0400] {dagbag.py:508} INFO - Filling up the DagBag from /Users/jl/Documents/Repos/GHC-2022-data-engineering-workshop/venv/lib/python3.8/site-packages/airflow/example_dags/example_external_task_marker_dag.py
[2022-08-29T21:00:49.284-0400] {processor.py:650} INFO - DAG(s) dict_keys(['example_external_task_marker_parent', 'example_external_task_marker_child']) retrieved from /Users/jl/Documents/Repos/GHC-2022-data-engineering-workshop/venv/lib/python3.8/site-packages/airflow/example_dags/example_external_task_marker_dag.py
[2022-08-29T21:00:49.603-0400] {logging_mixin.py:115} INFO - [2022-08-29T21:00:49.602-0400] {dag.py:2429} INFO - Sync 2 DAGs
[2022-08-29T21:00:49.624-0400] {logging_mixin.py:115} INFO - [2022-08-29T21:00:49.624-0400] {dag.py:2977} INFO - Setting next_dagrun for example_external_task_marker_child to None, run_after=None
[2022-08-29T21:00:49.624-0400] {logging_mixin.py:115} INFO - [2022-08-29T21:00:49.624-0400] {dag.py:2977} INFO - Setting next_dagrun for example_external_task_marker_parent to None, run_after=None
[2022-08-29T21:00:49.639-0400] {processor.py:161} INFO - Processing /Users/jl/Documents/Repos/GHC-2022-data-engineering-workshop/venv/lib/python3.8/site-packages/airflow/example_dags/example_external_task_marker_dag.py took 0.411 seconds
