[2022-08-29T20:00:28.099-0400] {processor.py:153} INFO - Started process (PID=14371) to work on /Users/jl/Documents/Repos/GHC-2022-data-engineering-workshop/venv/lib/python3.8/site-packages/airflow/example_dags/example_branch_datetime_operator.py
[2022-08-29T20:00:28.108-0400] {processor.py:640} INFO - Processing file /Users/jl/Documents/Repos/GHC-2022-data-engineering-workshop/venv/lib/python3.8/site-packages/airflow/example_dags/example_branch_datetime_operator.py for tasks to queue
[2022-08-29T20:00:28.108-0400] {logging_mixin.py:115} INFO - [2022-08-29T20:00:28.108-0400] {dagbag.py:508} INFO - Filling up the DagBag from /Users/jl/Documents/Repos/GHC-2022-data-engineering-workshop/venv/lib/python3.8/site-packages/airflow/example_dags/example_branch_datetime_operator.py
[2022-08-29T20:00:28.130-0400] {processor.py:650} INFO - DAG(s) dict_keys(['example_branch_datetime_operator', 'example_branch_datetime_operator_2']) retrieved from /Users/jl/Documents/Repos/GHC-2022-data-engineering-workshop/venv/lib/python3.8/site-packages/airflow/example_dags/example_branch_datetime_operator.py
[2022-08-29T20:00:28.222-0400] {logging_mixin.py:115} INFO - [2022-08-29T20:00:28.222-0400] {dag.py:2429} INFO - Sync 2 DAGs
[2022-08-29T20:00:28.245-0400] {logging_mixin.py:115} INFO - [2022-08-29T20:00:28.244-0400] {dag.py:2977} INFO - Setting next_dagrun for example_branch_datetime_operator to 2022-08-29T00:00:00+00:00, run_after=2022-08-30T00:00:00+00:00
[2022-08-29T20:00:28.248-0400] {logging_mixin.py:115} INFO - [2022-08-29T20:00:28.247-0400] {dag.py:2977} INFO - Setting next_dagrun for example_branch_datetime_operator_2 to 2022-08-29T00:00:00+00:00, run_after=2022-08-30T00:00:00+00:00
[2022-08-29T20:00:28.264-0400] {processor.py:161} INFO - Processing /Users/jl/Documents/Repos/GHC-2022-data-engineering-workshop/venv/lib/python3.8/site-packages/airflow/example_dags/example_branch_datetime_operator.py took 0.166 seconds
[2022-08-29T20:01:58.551-0400] {processor.py:153} INFO - Started process (PID=14454) to work on /Users/jl/Documents/Repos/GHC-2022-data-engineering-workshop/venv/lib/python3.8/site-packages/airflow/example_dags/example_branch_datetime_operator.py
[2022-08-29T20:01:58.559-0400] {processor.py:640} INFO - Processing file /Users/jl/Documents/Repos/GHC-2022-data-engineering-workshop/venv/lib/python3.8/site-packages/airflow/example_dags/example_branch_datetime_operator.py for tasks to queue
[2022-08-29T20:01:58.559-0400] {logging_mixin.py:115} INFO - [2022-08-29T20:01:58.559-0400] {dagbag.py:508} INFO - Filling up the DagBag from /Users/jl/Documents/Repos/GHC-2022-data-engineering-workshop/venv/lib/python3.8/site-packages/airflow/example_dags/example_branch_datetime_operator.py
[2022-08-29T20:01:58.579-0400] {processor.py:650} INFO - DAG(s) dict_keys(['example_branch_datetime_operator', 'example_branch_datetime_operator_2']) retrieved from /Users/jl/Documents/Repos/GHC-2022-data-engineering-workshop/venv/lib/python3.8/site-packages/airflow/example_dags/example_branch_datetime_operator.py
[2022-08-29T20:01:58.657-0400] {logging_mixin.py:115} INFO - [2022-08-29T20:01:58.657-0400] {dag.py:2429} INFO - Sync 2 DAGs
[2022-08-29T20:01:58.677-0400] {logging_mixin.py:115} INFO - [2022-08-29T20:01:58.676-0400] {dag.py:2977} INFO - Setting next_dagrun for example_branch_datetime_operator to 2022-08-29T00:00:00+00:00, run_after=2022-08-30T00:00:00+00:00
[2022-08-29T20:01:58.679-0400] {logging_mixin.py:115} INFO - [2022-08-29T20:01:58.679-0400] {dag.py:2977} INFO - Setting next_dagrun for example_branch_datetime_operator_2 to 2022-08-29T00:00:00+00:00, run_after=2022-08-30T00:00:00+00:00
[2022-08-29T20:01:58.694-0400] {processor.py:161} INFO - Processing /Users/jl/Documents/Repos/GHC-2022-data-engineering-workshop/venv/lib/python3.8/site-packages/airflow/example_dags/example_branch_datetime_operator.py took 0.145 seconds
[2022-08-29T20:03:21.712-0400] {processor.py:153} INFO - Started process (PID=14534) to work on /Users/jl/Documents/Repos/GHC-2022-data-engineering-workshop/venv/lib/python3.8/site-packages/airflow/example_dags/example_branch_datetime_operator.py
[2022-08-29T20:03:21.721-0400] {processor.py:640} INFO - Processing file /Users/jl/Documents/Repos/GHC-2022-data-engineering-workshop/venv/lib/python3.8/site-packages/airflow/example_dags/example_branch_datetime_operator.py for tasks to queue
[2022-08-29T20:03:21.721-0400] {logging_mixin.py:115} INFO - [2022-08-29T20:03:21.721-0400] {dagbag.py:508} INFO - Filling up the DagBag from /Users/jl/Documents/Repos/GHC-2022-data-engineering-workshop/venv/lib/python3.8/site-packages/airflow/example_dags/example_branch_datetime_operator.py
[2022-08-29T20:03:21.740-0400] {processor.py:650} INFO - DAG(s) dict_keys(['example_branch_datetime_operator', 'example_branch_datetime_operator_2']) retrieved from /Users/jl/Documents/Repos/GHC-2022-data-engineering-workshop/venv/lib/python3.8/site-packages/airflow/example_dags/example_branch_datetime_operator.py
[2022-08-29T20:03:21.819-0400] {logging_mixin.py:115} INFO - [2022-08-29T20:03:21.819-0400] {dag.py:2429} INFO - Sync 2 DAGs
[2022-08-29T20:03:21.839-0400] {logging_mixin.py:115} INFO - [2022-08-29T20:03:21.839-0400] {dag.py:2977} INFO - Setting next_dagrun for example_branch_datetime_operator to 2022-08-29T00:00:00+00:00, run_after=2022-08-30T00:00:00+00:00
[2022-08-29T20:03:21.841-0400] {logging_mixin.py:115} INFO - [2022-08-29T20:03:21.841-0400] {dag.py:2977} INFO - Setting next_dagrun for example_branch_datetime_operator_2 to 2022-08-29T00:00:00+00:00, run_after=2022-08-30T00:00:00+00:00
[2022-08-29T20:03:21.857-0400] {processor.py:161} INFO - Processing /Users/jl/Documents/Repos/GHC-2022-data-engineering-workshop/venv/lib/python3.8/site-packages/airflow/example_dags/example_branch_datetime_operator.py took 0.145 seconds
[2022-08-29T20:04:48.669-0400] {processor.py:153} INFO - Started process (PID=14615) to work on /Users/jl/Documents/Repos/GHC-2022-data-engineering-workshop/venv/lib/python3.8/site-packages/airflow/example_dags/example_branch_datetime_operator.py
[2022-08-29T20:04:48.677-0400] {processor.py:640} INFO - Processing file /Users/jl/Documents/Repos/GHC-2022-data-engineering-workshop/venv/lib/python3.8/site-packages/airflow/example_dags/example_branch_datetime_operator.py for tasks to queue
[2022-08-29T20:04:48.678-0400] {logging_mixin.py:115} INFO - [2022-08-29T20:04:48.678-0400] {dagbag.py:508} INFO - Filling up the DagBag from /Users/jl/Documents/Repos/GHC-2022-data-engineering-workshop/venv/lib/python3.8/site-packages/airflow/example_dags/example_branch_datetime_operator.py
[2022-08-29T20:04:48.697-0400] {processor.py:650} INFO - DAG(s) dict_keys(['example_branch_datetime_operator', 'example_branch_datetime_operator_2']) retrieved from /Users/jl/Documents/Repos/GHC-2022-data-engineering-workshop/venv/lib/python3.8/site-packages/airflow/example_dags/example_branch_datetime_operator.py
[2022-08-29T20:04:48.776-0400] {logging_mixin.py:115} INFO - [2022-08-29T20:04:48.776-0400] {dag.py:2429} INFO - Sync 2 DAGs
[2022-08-29T20:04:48.796-0400] {logging_mixin.py:115} INFO - [2022-08-29T20:04:48.795-0400] {dag.py:2977} INFO - Setting next_dagrun for example_branch_datetime_operator to 2022-08-29T00:00:00+00:00, run_after=2022-08-30T00:00:00+00:00
[2022-08-29T20:04:48.798-0400] {logging_mixin.py:115} INFO - [2022-08-29T20:04:48.798-0400] {dag.py:2977} INFO - Setting next_dagrun for example_branch_datetime_operator_2 to 2022-08-29T00:00:00+00:00, run_after=2022-08-30T00:00:00+00:00
[2022-08-29T20:04:48.814-0400] {processor.py:161} INFO - Processing /Users/jl/Documents/Repos/GHC-2022-data-engineering-workshop/venv/lib/python3.8/site-packages/airflow/example_dags/example_branch_datetime_operator.py took 0.145 seconds
[2022-08-29T20:06:16.688-0400] {processor.py:153} INFO - Started process (PID=14696) to work on /Users/jl/Documents/Repos/GHC-2022-data-engineering-workshop/venv/lib/python3.8/site-packages/airflow/example_dags/example_branch_datetime_operator.py
[2022-08-29T20:06:16.696-0400] {processor.py:640} INFO - Processing file /Users/jl/Documents/Repos/GHC-2022-data-engineering-workshop/venv/lib/python3.8/site-packages/airflow/example_dags/example_branch_datetime_operator.py for tasks to queue
[2022-08-29T20:06:16.696-0400] {logging_mixin.py:115} INFO - [2022-08-29T20:06:16.696-0400] {dagbag.py:508} INFO - Filling up the DagBag from /Users/jl/Documents/Repos/GHC-2022-data-engineering-workshop/venv/lib/python3.8/site-packages/airflow/example_dags/example_branch_datetime_operator.py
[2022-08-29T20:06:16.716-0400] {processor.py:650} INFO - DAG(s) dict_keys(['example_branch_datetime_operator', 'example_branch_datetime_operator_2']) retrieved from /Users/jl/Documents/Repos/GHC-2022-data-engineering-workshop/venv/lib/python3.8/site-packages/airflow/example_dags/example_branch_datetime_operator.py
[2022-08-29T20:06:16.795-0400] {logging_mixin.py:115} INFO - [2022-08-29T20:06:16.795-0400] {dag.py:2429} INFO - Sync 2 DAGs
[2022-08-29T20:06:16.814-0400] {logging_mixin.py:115} INFO - [2022-08-29T20:06:16.814-0400] {dag.py:2977} INFO - Setting next_dagrun for example_branch_datetime_operator to 2022-08-29T00:00:00+00:00, run_after=2022-08-30T00:00:00+00:00
[2022-08-29T20:06:16.816-0400] {logging_mixin.py:115} INFO - [2022-08-29T20:06:16.816-0400] {dag.py:2977} INFO - Setting next_dagrun for example_branch_datetime_operator_2 to 2022-08-29T00:00:00+00:00, run_after=2022-08-30T00:00:00+00:00
[2022-08-29T20:06:16.832-0400] {processor.py:161} INFO - Processing /Users/jl/Documents/Repos/GHC-2022-data-engineering-workshop/venv/lib/python3.8/site-packages/airflow/example_dags/example_branch_datetime_operator.py took 0.145 seconds
[2022-08-29T20:07:43.438-0400] {processor.py:153} INFO - Started process (PID=14779) to work on /Users/jl/Documents/Repos/GHC-2022-data-engineering-workshop/venv/lib/python3.8/site-packages/airflow/example_dags/example_branch_datetime_operator.py
[2022-08-29T20:07:43.446-0400] {processor.py:640} INFO - Processing file /Users/jl/Documents/Repos/GHC-2022-data-engineering-workshop/venv/lib/python3.8/site-packages/airflow/example_dags/example_branch_datetime_operator.py for tasks to queue
[2022-08-29T20:07:43.447-0400] {logging_mixin.py:115} INFO - [2022-08-29T20:07:43.447-0400] {dagbag.py:508} INFO - Filling up the DagBag from /Users/jl/Documents/Repos/GHC-2022-data-engineering-workshop/venv/lib/python3.8/site-packages/airflow/example_dags/example_branch_datetime_operator.py
[2022-08-29T20:07:43.465-0400] {processor.py:650} INFO - DAG(s) dict_keys(['example_branch_datetime_operator', 'example_branch_datetime_operator_2']) retrieved from /Users/jl/Documents/Repos/GHC-2022-data-engineering-workshop/venv/lib/python3.8/site-packages/airflow/example_dags/example_branch_datetime_operator.py
[2022-08-29T20:07:43.548-0400] {logging_mixin.py:115} INFO - [2022-08-29T20:07:43.547-0400] {dag.py:2429} INFO - Sync 2 DAGs
[2022-08-29T20:07:43.567-0400] {logging_mixin.py:115} INFO - [2022-08-29T20:07:43.567-0400] {dag.py:2977} INFO - Setting next_dagrun for example_branch_datetime_operator to 2022-08-29T00:00:00+00:00, run_after=2022-08-30T00:00:00+00:00
[2022-08-29T20:07:43.569-0400] {logging_mixin.py:115} INFO - [2022-08-29T20:07:43.569-0400] {dag.py:2977} INFO - Setting next_dagrun for example_branch_datetime_operator_2 to 2022-08-29T00:00:00+00:00, run_after=2022-08-30T00:00:00+00:00
[2022-08-29T20:07:43.585-0400] {processor.py:161} INFO - Processing /Users/jl/Documents/Repos/GHC-2022-data-engineering-workshop/venv/lib/python3.8/site-packages/airflow/example_dags/example_branch_datetime_operator.py took 0.149 seconds
[2022-08-29T20:09:10.709-0400] {processor.py:153} INFO - Started process (PID=14859) to work on /Users/jl/Documents/Repos/GHC-2022-data-engineering-workshop/venv/lib/python3.8/site-packages/airflow/example_dags/example_branch_datetime_operator.py
[2022-08-29T20:09:10.718-0400] {processor.py:640} INFO - Processing file /Users/jl/Documents/Repos/GHC-2022-data-engineering-workshop/venv/lib/python3.8/site-packages/airflow/example_dags/example_branch_datetime_operator.py for tasks to queue
[2022-08-29T20:09:10.718-0400] {logging_mixin.py:115} INFO - [2022-08-29T20:09:10.718-0400] {dagbag.py:508} INFO - Filling up the DagBag from /Users/jl/Documents/Repos/GHC-2022-data-engineering-workshop/venv/lib/python3.8/site-packages/airflow/example_dags/example_branch_datetime_operator.py
[2022-08-29T20:09:10.737-0400] {processor.py:650} INFO - DAG(s) dict_keys(['example_branch_datetime_operator', 'example_branch_datetime_operator_2']) retrieved from /Users/jl/Documents/Repos/GHC-2022-data-engineering-workshop/venv/lib/python3.8/site-packages/airflow/example_dags/example_branch_datetime_operator.py
[2022-08-29T20:09:10.817-0400] {logging_mixin.py:115} INFO - [2022-08-29T20:09:10.817-0400] {dag.py:2429} INFO - Sync 2 DAGs
[2022-08-29T20:09:10.837-0400] {logging_mixin.py:115} INFO - [2022-08-29T20:09:10.836-0400] {dag.py:2977} INFO - Setting next_dagrun for example_branch_datetime_operator to 2022-08-29T00:00:00+00:00, run_after=2022-08-30T00:00:00+00:00
[2022-08-29T20:09:10.839-0400] {logging_mixin.py:115} INFO - [2022-08-29T20:09:10.839-0400] {dag.py:2977} INFO - Setting next_dagrun for example_branch_datetime_operator_2 to 2022-08-29T00:00:00+00:00, run_after=2022-08-30T00:00:00+00:00
[2022-08-29T20:09:10.855-0400] {processor.py:161} INFO - Processing /Users/jl/Documents/Repos/GHC-2022-data-engineering-workshop/venv/lib/python3.8/site-packages/airflow/example_dags/example_branch_datetime_operator.py took 0.146 seconds
[2022-08-29T20:10:48.476-0400] {processor.py:153} INFO - Started process (PID=14948) to work on /Users/jl/Documents/Repos/GHC-2022-data-engineering-workshop/venv/lib/python3.8/site-packages/airflow/example_dags/example_branch_datetime_operator.py
[2022-08-29T20:10:48.486-0400] {processor.py:640} INFO - Processing file /Users/jl/Documents/Repos/GHC-2022-data-engineering-workshop/venv/lib/python3.8/site-packages/airflow/example_dags/example_branch_datetime_operator.py for tasks to queue
[2022-08-29T20:10:48.487-0400] {logging_mixin.py:115} INFO - [2022-08-29T20:10:48.486-0400] {dagbag.py:508} INFO - Filling up the DagBag from /Users/jl/Documents/Repos/GHC-2022-data-engineering-workshop/venv/lib/python3.8/site-packages/airflow/example_dags/example_branch_datetime_operator.py
[2022-08-29T20:10:48.508-0400] {processor.py:650} INFO - DAG(s) dict_keys(['example_branch_datetime_operator', 'example_branch_datetime_operator_2']) retrieved from /Users/jl/Documents/Repos/GHC-2022-data-engineering-workshop/venv/lib/python3.8/site-packages/airflow/example_dags/example_branch_datetime_operator.py
[2022-08-29T20:10:48.588-0400] {logging_mixin.py:115} INFO - [2022-08-29T20:10:48.588-0400] {dag.py:2429} INFO - Sync 2 DAGs
[2022-08-29T20:10:48.607-0400] {logging_mixin.py:115} INFO - [2022-08-29T20:10:48.607-0400] {dag.py:2977} INFO - Setting next_dagrun for example_branch_datetime_operator to 2022-08-29T00:00:00+00:00, run_after=2022-08-30T00:00:00+00:00
[2022-08-29T20:10:48.610-0400] {logging_mixin.py:115} INFO - [2022-08-29T20:10:48.609-0400] {dag.py:2977} INFO - Setting next_dagrun for example_branch_datetime_operator_2 to 2022-08-29T00:00:00+00:00, run_after=2022-08-30T00:00:00+00:00
[2022-08-29T20:10:48.625-0400] {processor.py:161} INFO - Processing /Users/jl/Documents/Repos/GHC-2022-data-engineering-workshop/venv/lib/python3.8/site-packages/airflow/example_dags/example_branch_datetime_operator.py took 0.150 seconds
[2022-08-29T20:12:19.468-0400] {processor.py:153} INFO - Started process (PID=15033) to work on /Users/jl/Documents/Repos/GHC-2022-data-engineering-workshop/venv/lib/python3.8/site-packages/airflow/example_dags/example_branch_datetime_operator.py
[2022-08-29T20:12:19.476-0400] {processor.py:640} INFO - Processing file /Users/jl/Documents/Repos/GHC-2022-data-engineering-workshop/venv/lib/python3.8/site-packages/airflow/example_dags/example_branch_datetime_operator.py for tasks to queue
[2022-08-29T20:12:19.477-0400] {logging_mixin.py:115} INFO - [2022-08-29T20:12:19.476-0400] {dagbag.py:508} INFO - Filling up the DagBag from /Users/jl/Documents/Repos/GHC-2022-data-engineering-workshop/venv/lib/python3.8/site-packages/airflow/example_dags/example_branch_datetime_operator.py
[2022-08-29T20:12:19.496-0400] {processor.py:650} INFO - DAG(s) dict_keys(['example_branch_datetime_operator', 'example_branch_datetime_operator_2']) retrieved from /Users/jl/Documents/Repos/GHC-2022-data-engineering-workshop/venv/lib/python3.8/site-packages/airflow/example_dags/example_branch_datetime_operator.py
[2022-08-29T20:12:19.575-0400] {logging_mixin.py:115} INFO - [2022-08-29T20:12:19.575-0400] {dag.py:2429} INFO - Sync 2 DAGs
[2022-08-29T20:12:19.594-0400] {logging_mixin.py:115} INFO - [2022-08-29T20:12:19.594-0400] {dag.py:2977} INFO - Setting next_dagrun for example_branch_datetime_operator to 2022-08-29T00:00:00+00:00, run_after=2022-08-30T00:00:00+00:00
[2022-08-29T20:12:19.597-0400] {logging_mixin.py:115} INFO - [2022-08-29T20:12:19.596-0400] {dag.py:2977} INFO - Setting next_dagrun for example_branch_datetime_operator_2 to 2022-08-29T00:00:00+00:00, run_after=2022-08-30T00:00:00+00:00
[2022-08-29T20:12:19.613-0400] {processor.py:161} INFO - Processing /Users/jl/Documents/Repos/GHC-2022-data-engineering-workshop/venv/lib/python3.8/site-packages/airflow/example_dags/example_branch_datetime_operator.py took 0.146 seconds
[2022-08-29T20:13:48.961-0400] {processor.py:153} INFO - Started process (PID=15116) to work on /Users/jl/Documents/Repos/GHC-2022-data-engineering-workshop/venv/lib/python3.8/site-packages/airflow/example_dags/example_branch_datetime_operator.py
[2022-08-29T20:13:48.969-0400] {processor.py:640} INFO - Processing file /Users/jl/Documents/Repos/GHC-2022-data-engineering-workshop/venv/lib/python3.8/site-packages/airflow/example_dags/example_branch_datetime_operator.py for tasks to queue
[2022-08-29T20:13:48.969-0400] {logging_mixin.py:115} INFO - [2022-08-29T20:13:48.969-0400] {dagbag.py:508} INFO - Filling up the DagBag from /Users/jl/Documents/Repos/GHC-2022-data-engineering-workshop/venv/lib/python3.8/site-packages/airflow/example_dags/example_branch_datetime_operator.py
[2022-08-29T20:13:48.989-0400] {processor.py:650} INFO - DAG(s) dict_keys(['example_branch_datetime_operator', 'example_branch_datetime_operator_2']) retrieved from /Users/jl/Documents/Repos/GHC-2022-data-engineering-workshop/venv/lib/python3.8/site-packages/airflow/example_dags/example_branch_datetime_operator.py
[2022-08-29T20:13:49.075-0400] {logging_mixin.py:115} INFO - [2022-08-29T20:13:49.074-0400] {dag.py:2429} INFO - Sync 2 DAGs
[2022-08-29T20:13:49.102-0400] {logging_mixin.py:115} INFO - [2022-08-29T20:13:49.101-0400] {dag.py:2977} INFO - Setting next_dagrun for example_branch_datetime_operator to 2022-08-29T00:00:00+00:00, run_after=2022-08-30T00:00:00+00:00
[2022-08-29T20:13:49.104-0400] {logging_mixin.py:115} INFO - [2022-08-29T20:13:49.104-0400] {dag.py:2977} INFO - Setting next_dagrun for example_branch_datetime_operator_2 to 2022-08-29T00:00:00+00:00, run_after=2022-08-30T00:00:00+00:00
[2022-08-29T20:13:49.120-0400] {processor.py:161} INFO - Processing /Users/jl/Documents/Repos/GHC-2022-data-engineering-workshop/venv/lib/python3.8/site-packages/airflow/example_dags/example_branch_datetime_operator.py took 0.161 seconds
[2022-08-29T20:15:24.156-0400] {processor.py:153} INFO - Started process (PID=15232) to work on /Users/jl/Documents/Repos/GHC-2022-data-engineering-workshop/venv/lib/python3.8/site-packages/airflow/example_dags/example_branch_datetime_operator.py
[2022-08-29T20:15:24.164-0400] {processor.py:640} INFO - Processing file /Users/jl/Documents/Repos/GHC-2022-data-engineering-workshop/venv/lib/python3.8/site-packages/airflow/example_dags/example_branch_datetime_operator.py for tasks to queue
[2022-08-29T20:15:24.165-0400] {logging_mixin.py:115} INFO - [2022-08-29T20:15:24.165-0400] {dagbag.py:508} INFO - Filling up the DagBag from /Users/jl/Documents/Repos/GHC-2022-data-engineering-workshop/venv/lib/python3.8/site-packages/airflow/example_dags/example_branch_datetime_operator.py
[2022-08-29T20:15:24.184-0400] {processor.py:650} INFO - DAG(s) dict_keys(['example_branch_datetime_operator', 'example_branch_datetime_operator_2']) retrieved from /Users/jl/Documents/Repos/GHC-2022-data-engineering-workshop/venv/lib/python3.8/site-packages/airflow/example_dags/example_branch_datetime_operator.py
[2022-08-29T20:15:24.263-0400] {logging_mixin.py:115} INFO - [2022-08-29T20:15:24.262-0400] {dag.py:2429} INFO - Sync 2 DAGs
[2022-08-29T20:15:24.282-0400] {logging_mixin.py:115} INFO - [2022-08-29T20:15:24.282-0400] {dag.py:2977} INFO - Setting next_dagrun for example_branch_datetime_operator to 2022-08-29T00:00:00+00:00, run_after=2022-08-30T00:00:00+00:00
[2022-08-29T20:15:24.285-0400] {logging_mixin.py:115} INFO - [2022-08-29T20:15:24.285-0400] {dag.py:2977} INFO - Setting next_dagrun for example_branch_datetime_operator_2 to 2022-08-29T00:00:00+00:00, run_after=2022-08-30T00:00:00+00:00
[2022-08-29T20:15:24.300-0400] {processor.py:161} INFO - Processing /Users/jl/Documents/Repos/GHC-2022-data-engineering-workshop/venv/lib/python3.8/site-packages/airflow/example_dags/example_branch_datetime_operator.py took 0.146 seconds
[2022-08-29T20:17:10.296-0400] {processor.py:153} INFO - Started process (PID=15331) to work on /Users/jl/Documents/Repos/GHC-2022-data-engineering-workshop/venv/lib/python3.8/site-packages/airflow/example_dags/example_branch_datetime_operator.py
[2022-08-29T20:17:10.304-0400] {processor.py:640} INFO - Processing file /Users/jl/Documents/Repos/GHC-2022-data-engineering-workshop/venv/lib/python3.8/site-packages/airflow/example_dags/example_branch_datetime_operator.py for tasks to queue
[2022-08-29T20:17:10.305-0400] {logging_mixin.py:115} INFO - [2022-08-29T20:17:10.305-0400] {dagbag.py:508} INFO - Filling up the DagBag from /Users/jl/Documents/Repos/GHC-2022-data-engineering-workshop/venv/lib/python3.8/site-packages/airflow/example_dags/example_branch_datetime_operator.py
[2022-08-29T20:17:10.325-0400] {processor.py:650} INFO - DAG(s) dict_keys(['example_branch_datetime_operator', 'example_branch_datetime_operator_2']) retrieved from /Users/jl/Documents/Repos/GHC-2022-data-engineering-workshop/venv/lib/python3.8/site-packages/airflow/example_dags/example_branch_datetime_operator.py
[2022-08-29T20:17:10.418-0400] {logging_mixin.py:115} INFO - [2022-08-29T20:17:10.418-0400] {dag.py:2429} INFO - Sync 2 DAGs
[2022-08-29T20:17:10.440-0400] {logging_mixin.py:115} INFO - [2022-08-29T20:17:10.440-0400] {dag.py:2977} INFO - Setting next_dagrun for example_branch_datetime_operator to 2022-08-29T00:00:00+00:00, run_after=2022-08-30T00:00:00+00:00
[2022-08-29T20:17:10.443-0400] {logging_mixin.py:115} INFO - [2022-08-29T20:17:10.443-0400] {dag.py:2977} INFO - Setting next_dagrun for example_branch_datetime_operator_2 to 2022-08-29T00:00:00+00:00, run_after=2022-08-30T00:00:00+00:00
[2022-08-29T20:17:10.459-0400] {processor.py:161} INFO - Processing /Users/jl/Documents/Repos/GHC-2022-data-engineering-workshop/venv/lib/python3.8/site-packages/airflow/example_dags/example_branch_datetime_operator.py took 0.165 seconds
[2022-08-29T20:19:05.130-0400] {processor.py:153} INFO - Started process (PID=15460) to work on /Users/jl/Documents/Repos/GHC-2022-data-engineering-workshop/venv/lib/python3.8/site-packages/airflow/example_dags/example_branch_datetime_operator.py
[2022-08-29T20:19:05.139-0400] {processor.py:640} INFO - Processing file /Users/jl/Documents/Repos/GHC-2022-data-engineering-workshop/venv/lib/python3.8/site-packages/airflow/example_dags/example_branch_datetime_operator.py for tasks to queue
[2022-08-29T20:19:05.141-0400] {logging_mixin.py:115} INFO - [2022-08-29T20:19:05.140-0400] {dagbag.py:508} INFO - Filling up the DagBag from /Users/jl/Documents/Repos/GHC-2022-data-engineering-workshop/venv/lib/python3.8/site-packages/airflow/example_dags/example_branch_datetime_operator.py
[2022-08-29T20:19:05.159-0400] {processor.py:650} INFO - DAG(s) dict_keys(['example_branch_datetime_operator', 'example_branch_datetime_operator_2']) retrieved from /Users/jl/Documents/Repos/GHC-2022-data-engineering-workshop/venv/lib/python3.8/site-packages/airflow/example_dags/example_branch_datetime_operator.py
[2022-08-29T20:19:05.239-0400] {logging_mixin.py:115} INFO - [2022-08-29T20:19:05.238-0400] {dag.py:2429} INFO - Sync 2 DAGs
[2022-08-29T20:19:05.259-0400] {logging_mixin.py:115} INFO - [2022-08-29T20:19:05.258-0400] {dag.py:2977} INFO - Setting next_dagrun for example_branch_datetime_operator to 2022-08-29T00:00:00+00:00, run_after=2022-08-30T00:00:00+00:00
[2022-08-29T20:19:05.261-0400] {logging_mixin.py:115} INFO - [2022-08-29T20:19:05.261-0400] {dag.py:2977} INFO - Setting next_dagrun for example_branch_datetime_operator_2 to 2022-08-29T00:00:00+00:00, run_after=2022-08-30T00:00:00+00:00
[2022-08-29T20:19:05.277-0400] {processor.py:161} INFO - Processing /Users/jl/Documents/Repos/GHC-2022-data-engineering-workshop/venv/lib/python3.8/site-packages/airflow/example_dags/example_branch_datetime_operator.py took 0.148 seconds
[2022-08-29T20:20:44.340-0400] {processor.py:153} INFO - Started process (PID=15545) to work on /Users/jl/Documents/Repos/GHC-2022-data-engineering-workshop/venv/lib/python3.8/site-packages/airflow/example_dags/example_branch_datetime_operator.py
[2022-08-29T20:20:44.351-0400] {processor.py:640} INFO - Processing file /Users/jl/Documents/Repos/GHC-2022-data-engineering-workshop/venv/lib/python3.8/site-packages/airflow/example_dags/example_branch_datetime_operator.py for tasks to queue
[2022-08-29T20:20:44.351-0400] {logging_mixin.py:115} INFO - [2022-08-29T20:20:44.351-0400] {dagbag.py:508} INFO - Filling up the DagBag from /Users/jl/Documents/Repos/GHC-2022-data-engineering-workshop/venv/lib/python3.8/site-packages/airflow/example_dags/example_branch_datetime_operator.py
[2022-08-29T20:20:44.374-0400] {processor.py:650} INFO - DAG(s) dict_keys(['example_branch_datetime_operator', 'example_branch_datetime_operator_2']) retrieved from /Users/jl/Documents/Repos/GHC-2022-data-engineering-workshop/venv/lib/python3.8/site-packages/airflow/example_dags/example_branch_datetime_operator.py
[2022-08-29T20:20:44.454-0400] {logging_mixin.py:115} INFO - [2022-08-29T20:20:44.454-0400] {dag.py:2429} INFO - Sync 2 DAGs
[2022-08-29T20:20:44.473-0400] {logging_mixin.py:115} INFO - [2022-08-29T20:20:44.473-0400] {dag.py:2977} INFO - Setting next_dagrun for example_branch_datetime_operator to 2022-08-29T00:00:00+00:00, run_after=2022-08-30T00:00:00+00:00
[2022-08-29T20:20:44.476-0400] {logging_mixin.py:115} INFO - [2022-08-29T20:20:44.476-0400] {dag.py:2977} INFO - Setting next_dagrun for example_branch_datetime_operator_2 to 2022-08-29T00:00:00+00:00, run_after=2022-08-30T00:00:00+00:00
[2022-08-29T20:20:44.491-0400] {processor.py:161} INFO - Processing /Users/jl/Documents/Repos/GHC-2022-data-engineering-workshop/venv/lib/python3.8/site-packages/airflow/example_dags/example_branch_datetime_operator.py took 0.152 seconds
[2022-08-29T20:22:11.587-0400] {processor.py:153} INFO - Started process (PID=15628) to work on /Users/jl/Documents/Repos/GHC-2022-data-engineering-workshop/venv/lib/python3.8/site-packages/airflow/example_dags/example_branch_datetime_operator.py
[2022-08-29T20:22:11.595-0400] {processor.py:640} INFO - Processing file /Users/jl/Documents/Repos/GHC-2022-data-engineering-workshop/venv/lib/python3.8/site-packages/airflow/example_dags/example_branch_datetime_operator.py for tasks to queue
[2022-08-29T20:22:11.595-0400] {logging_mixin.py:115} INFO - [2022-08-29T20:22:11.595-0400] {dagbag.py:508} INFO - Filling up the DagBag from /Users/jl/Documents/Repos/GHC-2022-data-engineering-workshop/venv/lib/python3.8/site-packages/airflow/example_dags/example_branch_datetime_operator.py
[2022-08-29T20:22:11.614-0400] {processor.py:650} INFO - DAG(s) dict_keys(['example_branch_datetime_operator', 'example_branch_datetime_operator_2']) retrieved from /Users/jl/Documents/Repos/GHC-2022-data-engineering-workshop/venv/lib/python3.8/site-packages/airflow/example_dags/example_branch_datetime_operator.py
[2022-08-29T20:22:11.693-0400] {logging_mixin.py:115} INFO - [2022-08-29T20:22:11.693-0400] {dag.py:2429} INFO - Sync 2 DAGs
[2022-08-29T20:22:11.713-0400] {logging_mixin.py:115} INFO - [2022-08-29T20:22:11.713-0400] {dag.py:2977} INFO - Setting next_dagrun for example_branch_datetime_operator to 2022-08-29T00:00:00+00:00, run_after=2022-08-30T00:00:00+00:00
[2022-08-29T20:22:11.715-0400] {logging_mixin.py:115} INFO - [2022-08-29T20:22:11.715-0400] {dag.py:2977} INFO - Setting next_dagrun for example_branch_datetime_operator_2 to 2022-08-29T00:00:00+00:00, run_after=2022-08-30T00:00:00+00:00
[2022-08-29T20:22:11.731-0400] {processor.py:161} INFO - Processing /Users/jl/Documents/Repos/GHC-2022-data-engineering-workshop/venv/lib/python3.8/site-packages/airflow/example_dags/example_branch_datetime_operator.py took 0.145 seconds
[2022-08-29T20:23:37.568-0400] {processor.py:153} INFO - Started process (PID=15709) to work on /Users/jl/Documents/Repos/GHC-2022-data-engineering-workshop/venv/lib/python3.8/site-packages/airflow/example_dags/example_branch_datetime_operator.py
[2022-08-29T20:23:37.577-0400] {processor.py:640} INFO - Processing file /Users/jl/Documents/Repos/GHC-2022-data-engineering-workshop/venv/lib/python3.8/site-packages/airflow/example_dags/example_branch_datetime_operator.py for tasks to queue
[2022-08-29T20:23:37.578-0400] {logging_mixin.py:115} INFO - [2022-08-29T20:23:37.577-0400] {dagbag.py:508} INFO - Filling up the DagBag from /Users/jl/Documents/Repos/GHC-2022-data-engineering-workshop/venv/lib/python3.8/site-packages/airflow/example_dags/example_branch_datetime_operator.py
[2022-08-29T20:23:37.599-0400] {processor.py:650} INFO - DAG(s) dict_keys(['example_branch_datetime_operator', 'example_branch_datetime_operator_2']) retrieved from /Users/jl/Documents/Repos/GHC-2022-data-engineering-workshop/venv/lib/python3.8/site-packages/airflow/example_dags/example_branch_datetime_operator.py
[2022-08-29T20:23:37.682-0400] {logging_mixin.py:115} INFO - [2022-08-29T20:23:37.682-0400] {dag.py:2429} INFO - Sync 2 DAGs
[2022-08-29T20:23:37.703-0400] {logging_mixin.py:115} INFO - [2022-08-29T20:23:37.703-0400] {dag.py:2977} INFO - Setting next_dagrun for example_branch_datetime_operator to 2022-08-29T00:00:00+00:00, run_after=2022-08-30T00:00:00+00:00
[2022-08-29T20:23:37.705-0400] {logging_mixin.py:115} INFO - [2022-08-29T20:23:37.705-0400] {dag.py:2977} INFO - Setting next_dagrun for example_branch_datetime_operator_2 to 2022-08-29T00:00:00+00:00, run_after=2022-08-30T00:00:00+00:00
[2022-08-29T20:23:37.721-0400] {processor.py:161} INFO - Processing /Users/jl/Documents/Repos/GHC-2022-data-engineering-workshop/venv/lib/python3.8/site-packages/airflow/example_dags/example_branch_datetime_operator.py took 0.154 seconds
[2022-08-29T20:25:07.621-0400] {processor.py:153} INFO - Started process (PID=15792) to work on /Users/jl/Documents/Repos/GHC-2022-data-engineering-workshop/venv/lib/python3.8/site-packages/airflow/example_dags/example_branch_datetime_operator.py
[2022-08-29T20:25:07.631-0400] {processor.py:640} INFO - Processing file /Users/jl/Documents/Repos/GHC-2022-data-engineering-workshop/venv/lib/python3.8/site-packages/airflow/example_dags/example_branch_datetime_operator.py for tasks to queue
[2022-08-29T20:25:07.631-0400] {logging_mixin.py:115} INFO - [2022-08-29T20:25:07.631-0400] {dagbag.py:508} INFO - Filling up the DagBag from /Users/jl/Documents/Repos/GHC-2022-data-engineering-workshop/venv/lib/python3.8/site-packages/airflow/example_dags/example_branch_datetime_operator.py
[2022-08-29T20:25:07.661-0400] {processor.py:650} INFO - DAG(s) dict_keys(['example_branch_datetime_operator', 'example_branch_datetime_operator_2']) retrieved from /Users/jl/Documents/Repos/GHC-2022-data-engineering-workshop/venv/lib/python3.8/site-packages/airflow/example_dags/example_branch_datetime_operator.py
[2022-08-29T20:25:07.896-0400] {logging_mixin.py:115} INFO - [2022-08-29T20:25:07.895-0400] {dag.py:2429} INFO - Sync 2 DAGs
[2022-08-29T20:25:07.917-0400] {logging_mixin.py:115} INFO - [2022-08-29T20:25:07.916-0400] {dag.py:2977} INFO - Setting next_dagrun for example_branch_datetime_operator to 2022-08-29T00:00:00+00:00, run_after=2022-08-30T00:00:00+00:00
[2022-08-29T20:25:07.919-0400] {logging_mixin.py:115} INFO - [2022-08-29T20:25:07.919-0400] {dag.py:2977} INFO - Setting next_dagrun for example_branch_datetime_operator_2 to 2022-08-29T00:00:00+00:00, run_after=2022-08-30T00:00:00+00:00
[2022-08-29T20:25:07.935-0400] {processor.py:161} INFO - Processing /Users/jl/Documents/Repos/GHC-2022-data-engineering-workshop/venv/lib/python3.8/site-packages/airflow/example_dags/example_branch_datetime_operator.py took 0.315 seconds
[2022-08-29T20:27:16.920-0400] {processor.py:153} INFO - Started process (PID=15917) to work on /Users/jl/Documents/Repos/GHC-2022-data-engineering-workshop/venv/lib/python3.8/site-packages/airflow/example_dags/example_branch_datetime_operator.py
[2022-08-29T20:27:16.930-0400] {processor.py:640} INFO - Processing file /Users/jl/Documents/Repos/GHC-2022-data-engineering-workshop/venv/lib/python3.8/site-packages/airflow/example_dags/example_branch_datetime_operator.py for tasks to queue
[2022-08-29T20:27:16.930-0400] {logging_mixin.py:115} INFO - [2022-08-29T20:27:16.930-0400] {dagbag.py:508} INFO - Filling up the DagBag from /Users/jl/Documents/Repos/GHC-2022-data-engineering-workshop/venv/lib/python3.8/site-packages/airflow/example_dags/example_branch_datetime_operator.py
[2022-08-29T20:27:16.951-0400] {processor.py:650} INFO - DAG(s) dict_keys(['example_branch_datetime_operator', 'example_branch_datetime_operator_2']) retrieved from /Users/jl/Documents/Repos/GHC-2022-data-engineering-workshop/venv/lib/python3.8/site-packages/airflow/example_dags/example_branch_datetime_operator.py
[2022-08-29T20:27:17.062-0400] {logging_mixin.py:115} INFO - [2022-08-29T20:27:17.061-0400] {dag.py:2429} INFO - Sync 2 DAGs
[2022-08-29T20:27:17.107-0400] {logging_mixin.py:115} INFO - [2022-08-29T20:27:17.104-0400] {dag.py:2977} INFO - Setting next_dagrun for example_branch_datetime_operator to 2022-08-29T00:00:00+00:00, run_after=2022-08-30T00:00:00+00:00
[2022-08-29T20:27:17.111-0400] {logging_mixin.py:115} INFO - [2022-08-29T20:27:17.110-0400] {dag.py:2977} INFO - Setting next_dagrun for example_branch_datetime_operator_2 to 2022-08-29T00:00:00+00:00, run_after=2022-08-30T00:00:00+00:00
[2022-08-29T20:27:17.221-0400] {processor.py:161} INFO - Processing /Users/jl/Documents/Repos/GHC-2022-data-engineering-workshop/venv/lib/python3.8/site-packages/airflow/example_dags/example_branch_datetime_operator.py took 0.302 seconds
[2022-08-29T20:28:56.528-0400] {processor.py:153} INFO - Started process (PID=16005) to work on /Users/jl/Documents/Repos/GHC-2022-data-engineering-workshop/venv/lib/python3.8/site-packages/airflow/example_dags/example_branch_datetime_operator.py
[2022-08-29T20:28:56.536-0400] {processor.py:640} INFO - Processing file /Users/jl/Documents/Repos/GHC-2022-data-engineering-workshop/venv/lib/python3.8/site-packages/airflow/example_dags/example_branch_datetime_operator.py for tasks to queue
[2022-08-29T20:28:56.536-0400] {logging_mixin.py:115} INFO - [2022-08-29T20:28:56.536-0400] {dagbag.py:508} INFO - Filling up the DagBag from /Users/jl/Documents/Repos/GHC-2022-data-engineering-workshop/venv/lib/python3.8/site-packages/airflow/example_dags/example_branch_datetime_operator.py
[2022-08-29T20:28:56.556-0400] {processor.py:650} INFO - DAG(s) dict_keys(['example_branch_datetime_operator', 'example_branch_datetime_operator_2']) retrieved from /Users/jl/Documents/Repos/GHC-2022-data-engineering-workshop/venv/lib/python3.8/site-packages/airflow/example_dags/example_branch_datetime_operator.py
[2022-08-29T20:28:56.636-0400] {logging_mixin.py:115} INFO - [2022-08-29T20:28:56.636-0400] {dag.py:2429} INFO - Sync 2 DAGs
[2022-08-29T20:28:56.655-0400] {logging_mixin.py:115} INFO - [2022-08-29T20:28:56.655-0400] {dag.py:2977} INFO - Setting next_dagrun for example_branch_datetime_operator to 2022-08-29T00:00:00+00:00, run_after=2022-08-30T00:00:00+00:00
[2022-08-29T20:28:56.658-0400] {logging_mixin.py:115} INFO - [2022-08-29T20:28:56.658-0400] {dag.py:2977} INFO - Setting next_dagrun for example_branch_datetime_operator_2 to 2022-08-29T00:00:00+00:00, run_after=2022-08-30T00:00:00+00:00
[2022-08-29T20:28:56.674-0400] {processor.py:161} INFO - Processing /Users/jl/Documents/Repos/GHC-2022-data-engineering-workshop/venv/lib/python3.8/site-packages/airflow/example_dags/example_branch_datetime_operator.py took 0.147 seconds
[2022-08-29T20:31:03.264-0400] {processor.py:153} INFO - Started process (PID=16123) to work on /Users/jl/Documents/Repos/GHC-2022-data-engineering-workshop/venv/lib/python3.8/site-packages/airflow/example_dags/example_branch_datetime_operator.py
[2022-08-29T20:31:03.276-0400] {processor.py:640} INFO - Processing file /Users/jl/Documents/Repos/GHC-2022-data-engineering-workshop/venv/lib/python3.8/site-packages/airflow/example_dags/example_branch_datetime_operator.py for tasks to queue
[2022-08-29T20:31:03.276-0400] {logging_mixin.py:115} INFO - [2022-08-29T20:31:03.276-0400] {dagbag.py:508} INFO - Filling up the DagBag from /Users/jl/Documents/Repos/GHC-2022-data-engineering-workshop/venv/lib/python3.8/site-packages/airflow/example_dags/example_branch_datetime_operator.py
[2022-08-29T20:31:03.311-0400] {processor.py:650} INFO - DAG(s) dict_keys(['example_branch_datetime_operator', 'example_branch_datetime_operator_2']) retrieved from /Users/jl/Documents/Repos/GHC-2022-data-engineering-workshop/venv/lib/python3.8/site-packages/airflow/example_dags/example_branch_datetime_operator.py
[2022-08-29T20:31:03.433-0400] {logging_mixin.py:115} INFO - [2022-08-29T20:31:03.432-0400] {dag.py:2429} INFO - Sync 2 DAGs
[2022-08-29T20:31:03.455-0400] {logging_mixin.py:115} INFO - [2022-08-29T20:31:03.455-0400] {dag.py:2977} INFO - Setting next_dagrun for example_branch_datetime_operator to 2022-08-29T00:00:00+00:00, run_after=2022-08-30T00:00:00+00:00
[2022-08-29T20:31:03.458-0400] {logging_mixin.py:115} INFO - [2022-08-29T20:31:03.458-0400] {dag.py:2977} INFO - Setting next_dagrun for example_branch_datetime_operator_2 to 2022-08-29T00:00:00+00:00, run_after=2022-08-30T00:00:00+00:00
[2022-08-29T20:31:03.474-0400] {processor.py:161} INFO - Processing /Users/jl/Documents/Repos/GHC-2022-data-engineering-workshop/venv/lib/python3.8/site-packages/airflow/example_dags/example_branch_datetime_operator.py took 0.211 seconds
[2022-08-29T20:33:04.223-0400] {processor.py:153} INFO - Started process (PID=16244) to work on /Users/jl/Documents/Repos/GHC-2022-data-engineering-workshop/venv/lib/python3.8/site-packages/airflow/example_dags/example_branch_datetime_operator.py
[2022-08-29T20:33:04.244-0400] {processor.py:640} INFO - Processing file /Users/jl/Documents/Repos/GHC-2022-data-engineering-workshop/venv/lib/python3.8/site-packages/airflow/example_dags/example_branch_datetime_operator.py for tasks to queue
[2022-08-29T20:33:04.245-0400] {logging_mixin.py:115} INFO - [2022-08-29T20:33:04.245-0400] {dagbag.py:508} INFO - Filling up the DagBag from /Users/jl/Documents/Repos/GHC-2022-data-engineering-workshop/venv/lib/python3.8/site-packages/airflow/example_dags/example_branch_datetime_operator.py
[2022-08-29T20:33:04.295-0400] {processor.py:650} INFO - DAG(s) dict_keys(['example_branch_datetime_operator', 'example_branch_datetime_operator_2']) retrieved from /Users/jl/Documents/Repos/GHC-2022-data-engineering-workshop/venv/lib/python3.8/site-packages/airflow/example_dags/example_branch_datetime_operator.py
[2022-08-29T20:33:04.423-0400] {logging_mixin.py:115} INFO - [2022-08-29T20:33:04.423-0400] {dag.py:2429} INFO - Sync 2 DAGs
[2022-08-29T20:33:04.444-0400] {logging_mixin.py:115} INFO - [2022-08-29T20:33:04.443-0400] {dag.py:2977} INFO - Setting next_dagrun for example_branch_datetime_operator to 2022-08-29T00:00:00+00:00, run_after=2022-08-30T00:00:00+00:00
[2022-08-29T20:33:04.447-0400] {logging_mixin.py:115} INFO - [2022-08-29T20:33:04.446-0400] {dag.py:2977} INFO - Setting next_dagrun for example_branch_datetime_operator_2 to 2022-08-29T00:00:00+00:00, run_after=2022-08-30T00:00:00+00:00
[2022-08-29T20:33:04.463-0400] {processor.py:161} INFO - Processing /Users/jl/Documents/Repos/GHC-2022-data-engineering-workshop/venv/lib/python3.8/site-packages/airflow/example_dags/example_branch_datetime_operator.py took 0.243 seconds
[2022-08-29T20:34:58.083-0400] {processor.py:153} INFO - Started process (PID=16343) to work on /Users/jl/Documents/Repos/GHC-2022-data-engineering-workshop/venv/lib/python3.8/site-packages/airflow/example_dags/example_branch_datetime_operator.py
[2022-08-29T20:34:58.093-0400] {processor.py:640} INFO - Processing file /Users/jl/Documents/Repos/GHC-2022-data-engineering-workshop/venv/lib/python3.8/site-packages/airflow/example_dags/example_branch_datetime_operator.py for tasks to queue
[2022-08-29T20:34:58.094-0400] {logging_mixin.py:115} INFO - [2022-08-29T20:34:58.094-0400] {dagbag.py:508} INFO - Filling up the DagBag from /Users/jl/Documents/Repos/GHC-2022-data-engineering-workshop/venv/lib/python3.8/site-packages/airflow/example_dags/example_branch_datetime_operator.py
[2022-08-29T20:34:58.115-0400] {processor.py:650} INFO - DAG(s) dict_keys(['example_branch_datetime_operator', 'example_branch_datetime_operator_2']) retrieved from /Users/jl/Documents/Repos/GHC-2022-data-engineering-workshop/venv/lib/python3.8/site-packages/airflow/example_dags/example_branch_datetime_operator.py
[2022-08-29T20:34:58.194-0400] {logging_mixin.py:115} INFO - [2022-08-29T20:34:58.194-0400] {dag.py:2429} INFO - Sync 2 DAGs
[2022-08-29T20:34:58.214-0400] {logging_mixin.py:115} INFO - [2022-08-29T20:34:58.214-0400] {dag.py:2977} INFO - Setting next_dagrun for example_branch_datetime_operator to 2022-08-29T00:00:00+00:00, run_after=2022-08-30T00:00:00+00:00
[2022-08-29T20:34:58.217-0400] {logging_mixin.py:115} INFO - [2022-08-29T20:34:58.217-0400] {dag.py:2977} INFO - Setting next_dagrun for example_branch_datetime_operator_2 to 2022-08-29T00:00:00+00:00, run_after=2022-08-30T00:00:00+00:00
[2022-08-29T20:34:58.233-0400] {processor.py:161} INFO - Processing /Users/jl/Documents/Repos/GHC-2022-data-engineering-workshop/venv/lib/python3.8/site-packages/airflow/example_dags/example_branch_datetime_operator.py took 0.151 seconds
[2022-08-29T20:36:47.352-0400] {processor.py:153} INFO - Started process (PID=16465) to work on /Users/jl/Documents/Repos/GHC-2022-data-engineering-workshop/venv/lib/python3.8/site-packages/airflow/example_dags/example_branch_datetime_operator.py
[2022-08-29T20:36:47.370-0400] {processor.py:640} INFO - Processing file /Users/jl/Documents/Repos/GHC-2022-data-engineering-workshop/venv/lib/python3.8/site-packages/airflow/example_dags/example_branch_datetime_operator.py for tasks to queue
[2022-08-29T20:36:47.371-0400] {logging_mixin.py:115} INFO - [2022-08-29T20:36:47.371-0400] {dagbag.py:508} INFO - Filling up the DagBag from /Users/jl/Documents/Repos/GHC-2022-data-engineering-workshop/venv/lib/python3.8/site-packages/airflow/example_dags/example_branch_datetime_operator.py
[2022-08-29T20:36:47.396-0400] {processor.py:650} INFO - DAG(s) dict_keys(['example_branch_datetime_operator', 'example_branch_datetime_operator_2']) retrieved from /Users/jl/Documents/Repos/GHC-2022-data-engineering-workshop/venv/lib/python3.8/site-packages/airflow/example_dags/example_branch_datetime_operator.py
[2022-08-29T20:36:47.531-0400] {logging_mixin.py:115} INFO - [2022-08-29T20:36:47.531-0400] {dag.py:2429} INFO - Sync 2 DAGs
[2022-08-29T20:36:47.554-0400] {logging_mixin.py:115} INFO - [2022-08-29T20:36:47.553-0400] {dag.py:2977} INFO - Setting next_dagrun for example_branch_datetime_operator to 2022-08-29T00:00:00+00:00, run_after=2022-08-30T00:00:00+00:00
[2022-08-29T20:36:47.558-0400] {logging_mixin.py:115} INFO - [2022-08-29T20:36:47.558-0400] {dag.py:2977} INFO - Setting next_dagrun for example_branch_datetime_operator_2 to 2022-08-29T00:00:00+00:00, run_after=2022-08-30T00:00:00+00:00
[2022-08-29T20:36:47.577-0400] {processor.py:161} INFO - Processing /Users/jl/Documents/Repos/GHC-2022-data-engineering-workshop/venv/lib/python3.8/site-packages/airflow/example_dags/example_branch_datetime_operator.py took 0.226 seconds
[2022-08-29T20:38:42.116-0400] {processor.py:153} INFO - Started process (PID=16587) to work on /Users/jl/Documents/Repos/GHC-2022-data-engineering-workshop/venv/lib/python3.8/site-packages/airflow/example_dags/example_branch_datetime_operator.py
[2022-08-29T20:38:42.126-0400] {processor.py:640} INFO - Processing file /Users/jl/Documents/Repos/GHC-2022-data-engineering-workshop/venv/lib/python3.8/site-packages/airflow/example_dags/example_branch_datetime_operator.py for tasks to queue
[2022-08-29T20:38:42.127-0400] {logging_mixin.py:115} INFO - [2022-08-29T20:38:42.127-0400] {dagbag.py:508} INFO - Filling up the DagBag from /Users/jl/Documents/Repos/GHC-2022-data-engineering-workshop/venv/lib/python3.8/site-packages/airflow/example_dags/example_branch_datetime_operator.py
[2022-08-29T20:38:42.152-0400] {processor.py:650} INFO - DAG(s) dict_keys(['example_branch_datetime_operator', 'example_branch_datetime_operator_2']) retrieved from /Users/jl/Documents/Repos/GHC-2022-data-engineering-workshop/venv/lib/python3.8/site-packages/airflow/example_dags/example_branch_datetime_operator.py
[2022-08-29T20:38:42.252-0400] {logging_mixin.py:115} INFO - [2022-08-29T20:38:42.252-0400] {dag.py:2429} INFO - Sync 2 DAGs
[2022-08-29T20:38:42.281-0400] {logging_mixin.py:115} INFO - [2022-08-29T20:38:42.280-0400] {dag.py:2977} INFO - Setting next_dagrun for example_branch_datetime_operator to 2022-08-29T00:00:00+00:00, run_after=2022-08-30T00:00:00+00:00
[2022-08-29T20:38:42.284-0400] {logging_mixin.py:115} INFO - [2022-08-29T20:38:42.284-0400] {dag.py:2977} INFO - Setting next_dagrun for example_branch_datetime_operator_2 to 2022-08-29T00:00:00+00:00, run_after=2022-08-30T00:00:00+00:00
[2022-08-29T20:38:42.303-0400] {processor.py:161} INFO - Processing /Users/jl/Documents/Repos/GHC-2022-data-engineering-workshop/venv/lib/python3.8/site-packages/airflow/example_dags/example_branch_datetime_operator.py took 0.189 seconds
[2022-08-29T20:40:33.793-0400] {processor.py:153} INFO - Started process (PID=16678) to work on /Users/jl/Documents/Repos/GHC-2022-data-engineering-workshop/venv/lib/python3.8/site-packages/airflow/example_dags/example_branch_datetime_operator.py
[2022-08-29T20:40:33.803-0400] {processor.py:640} INFO - Processing file /Users/jl/Documents/Repos/GHC-2022-data-engineering-workshop/venv/lib/python3.8/site-packages/airflow/example_dags/example_branch_datetime_operator.py for tasks to queue
[2022-08-29T20:40:33.803-0400] {logging_mixin.py:115} INFO - [2022-08-29T20:40:33.803-0400] {dagbag.py:508} INFO - Filling up the DagBag from /Users/jl/Documents/Repos/GHC-2022-data-engineering-workshop/venv/lib/python3.8/site-packages/airflow/example_dags/example_branch_datetime_operator.py
[2022-08-29T20:40:33.824-0400] {processor.py:650} INFO - DAG(s) dict_keys(['example_branch_datetime_operator', 'example_branch_datetime_operator_2']) retrieved from /Users/jl/Documents/Repos/GHC-2022-data-engineering-workshop/venv/lib/python3.8/site-packages/airflow/example_dags/example_branch_datetime_operator.py
[2022-08-29T20:40:33.904-0400] {logging_mixin.py:115} INFO - [2022-08-29T20:40:33.904-0400] {dag.py:2429} INFO - Sync 2 DAGs
[2022-08-29T20:40:33.924-0400] {logging_mixin.py:115} INFO - [2022-08-29T20:40:33.923-0400] {dag.py:2977} INFO - Setting next_dagrun for example_branch_datetime_operator to 2022-08-29T00:00:00+00:00, run_after=2022-08-30T00:00:00+00:00
[2022-08-29T20:40:33.926-0400] {logging_mixin.py:115} INFO - [2022-08-29T20:40:33.926-0400] {dag.py:2977} INFO - Setting next_dagrun for example_branch_datetime_operator_2 to 2022-08-29T00:00:00+00:00, run_after=2022-08-30T00:00:00+00:00
[2022-08-29T20:40:33.941-0400] {processor.py:161} INFO - Processing /Users/jl/Documents/Repos/GHC-2022-data-engineering-workshop/venv/lib/python3.8/site-packages/airflow/example_dags/example_branch_datetime_operator.py took 0.150 seconds
[2022-08-29T20:42:21.214-0400] {processor.py:153} INFO - Started process (PID=16773) to work on /Users/jl/Documents/Repos/GHC-2022-data-engineering-workshop/venv/lib/python3.8/site-packages/airflow/example_dags/example_branch_datetime_operator.py
[2022-08-29T20:42:21.224-0400] {processor.py:640} INFO - Processing file /Users/jl/Documents/Repos/GHC-2022-data-engineering-workshop/venv/lib/python3.8/site-packages/airflow/example_dags/example_branch_datetime_operator.py for tasks to queue
[2022-08-29T20:42:21.225-0400] {logging_mixin.py:115} INFO - [2022-08-29T20:42:21.224-0400] {dagbag.py:508} INFO - Filling up the DagBag from /Users/jl/Documents/Repos/GHC-2022-data-engineering-workshop/venv/lib/python3.8/site-packages/airflow/example_dags/example_branch_datetime_operator.py
[2022-08-29T20:42:21.246-0400] {processor.py:650} INFO - DAG(s) dict_keys(['example_branch_datetime_operator', 'example_branch_datetime_operator_2']) retrieved from /Users/jl/Documents/Repos/GHC-2022-data-engineering-workshop/venv/lib/python3.8/site-packages/airflow/example_dags/example_branch_datetime_operator.py
[2022-08-29T20:42:21.326-0400] {logging_mixin.py:115} INFO - [2022-08-29T20:42:21.325-0400] {dag.py:2429} INFO - Sync 2 DAGs
[2022-08-29T20:42:21.345-0400] {logging_mixin.py:115} INFO - [2022-08-29T20:42:21.345-0400] {dag.py:2977} INFO - Setting next_dagrun for example_branch_datetime_operator to 2022-08-29T00:00:00+00:00, run_after=2022-08-30T00:00:00+00:00
[2022-08-29T20:42:21.347-0400] {logging_mixin.py:115} INFO - [2022-08-29T20:42:21.347-0400] {dag.py:2977} INFO - Setting next_dagrun for example_branch_datetime_operator_2 to 2022-08-29T00:00:00+00:00, run_after=2022-08-30T00:00:00+00:00
[2022-08-29T20:42:21.363-0400] {processor.py:161} INFO - Processing /Users/jl/Documents/Repos/GHC-2022-data-engineering-workshop/venv/lib/python3.8/site-packages/airflow/example_dags/example_branch_datetime_operator.py took 0.150 seconds
[2022-08-29T20:44:17.374-0400] {processor.py:153} INFO - Started process (PID=16878) to work on /Users/jl/Documents/Repos/GHC-2022-data-engineering-workshop/venv/lib/python3.8/site-packages/airflow/example_dags/example_branch_datetime_operator.py
[2022-08-29T20:44:17.391-0400] {processor.py:640} INFO - Processing file /Users/jl/Documents/Repos/GHC-2022-data-engineering-workshop/venv/lib/python3.8/site-packages/airflow/example_dags/example_branch_datetime_operator.py for tasks to queue
[2022-08-29T20:44:17.392-0400] {logging_mixin.py:115} INFO - [2022-08-29T20:44:17.392-0400] {dagbag.py:508} INFO - Filling up the DagBag from /Users/jl/Documents/Repos/GHC-2022-data-engineering-workshop/venv/lib/python3.8/site-packages/airflow/example_dags/example_branch_datetime_operator.py
[2022-08-29T20:44:17.422-0400] {processor.py:650} INFO - DAG(s) dict_keys(['example_branch_datetime_operator', 'example_branch_datetime_operator_2']) retrieved from /Users/jl/Documents/Repos/GHC-2022-data-engineering-workshop/venv/lib/python3.8/site-packages/airflow/example_dags/example_branch_datetime_operator.py
[2022-08-29T20:44:17.514-0400] {logging_mixin.py:115} INFO - [2022-08-29T20:44:17.514-0400] {dag.py:2429} INFO - Sync 2 DAGs
[2022-08-29T20:44:17.534-0400] {logging_mixin.py:115} INFO - [2022-08-29T20:44:17.533-0400] {dag.py:2977} INFO - Setting next_dagrun for example_branch_datetime_operator to 2022-08-29T00:00:00+00:00, run_after=2022-08-30T00:00:00+00:00
[2022-08-29T20:44:17.536-0400] {logging_mixin.py:115} INFO - [2022-08-29T20:44:17.536-0400] {dag.py:2977} INFO - Setting next_dagrun for example_branch_datetime_operator_2 to 2022-08-29T00:00:00+00:00, run_after=2022-08-30T00:00:00+00:00
[2022-08-29T20:44:17.555-0400] {processor.py:161} INFO - Processing /Users/jl/Documents/Repos/GHC-2022-data-engineering-workshop/venv/lib/python3.8/site-packages/airflow/example_dags/example_branch_datetime_operator.py took 0.181 seconds
[2022-08-29T20:46:07.555-0400] {processor.py:153} INFO - Started process (PID=16978) to work on /Users/jl/Documents/Repos/GHC-2022-data-engineering-workshop/venv/lib/python3.8/site-packages/airflow/example_dags/example_branch_datetime_operator.py
[2022-08-29T20:46:07.565-0400] {processor.py:640} INFO - Processing file /Users/jl/Documents/Repos/GHC-2022-data-engineering-workshop/venv/lib/python3.8/site-packages/airflow/example_dags/example_branch_datetime_operator.py for tasks to queue
[2022-08-29T20:46:07.565-0400] {logging_mixin.py:115} INFO - [2022-08-29T20:46:07.565-0400] {dagbag.py:508} INFO - Filling up the DagBag from /Users/jl/Documents/Repos/GHC-2022-data-engineering-workshop/venv/lib/python3.8/site-packages/airflow/example_dags/example_branch_datetime_operator.py
[2022-08-29T20:46:07.586-0400] {processor.py:650} INFO - DAG(s) dict_keys(['example_branch_datetime_operator', 'example_branch_datetime_operator_2']) retrieved from /Users/jl/Documents/Repos/GHC-2022-data-engineering-workshop/venv/lib/python3.8/site-packages/airflow/example_dags/example_branch_datetime_operator.py
[2022-08-29T20:46:07.670-0400] {logging_mixin.py:115} INFO - [2022-08-29T20:46:07.670-0400] {dag.py:2429} INFO - Sync 2 DAGs
[2022-08-29T20:46:07.689-0400] {logging_mixin.py:115} INFO - [2022-08-29T20:46:07.689-0400] {dag.py:2977} INFO - Setting next_dagrun for example_branch_datetime_operator to 2022-08-29T00:00:00+00:00, run_after=2022-08-30T00:00:00+00:00
[2022-08-29T20:46:07.691-0400] {logging_mixin.py:115} INFO - [2022-08-29T20:46:07.691-0400] {dag.py:2977} INFO - Setting next_dagrun for example_branch_datetime_operator_2 to 2022-08-29T00:00:00+00:00, run_after=2022-08-30T00:00:00+00:00
[2022-08-29T20:46:07.707-0400] {processor.py:161} INFO - Processing /Users/jl/Documents/Repos/GHC-2022-data-engineering-workshop/venv/lib/python3.8/site-packages/airflow/example_dags/example_branch_datetime_operator.py took 0.153 seconds
[2022-08-29T20:47:52.827-0400] {processor.py:153} INFO - Started process (PID=17075) to work on /Users/jl/Documents/Repos/GHC-2022-data-engineering-workshop/venv/lib/python3.8/site-packages/airflow/example_dags/example_branch_datetime_operator.py
[2022-08-29T20:47:52.836-0400] {processor.py:640} INFO - Processing file /Users/jl/Documents/Repos/GHC-2022-data-engineering-workshop/venv/lib/python3.8/site-packages/airflow/example_dags/example_branch_datetime_operator.py for tasks to queue
[2022-08-29T20:47:52.837-0400] {logging_mixin.py:115} INFO - [2022-08-29T20:47:52.837-0400] {dagbag.py:508} INFO - Filling up the DagBag from /Users/jl/Documents/Repos/GHC-2022-data-engineering-workshop/venv/lib/python3.8/site-packages/airflow/example_dags/example_branch_datetime_operator.py
[2022-08-29T20:47:52.857-0400] {processor.py:650} INFO - DAG(s) dict_keys(['example_branch_datetime_operator', 'example_branch_datetime_operator_2']) retrieved from /Users/jl/Documents/Repos/GHC-2022-data-engineering-workshop/venv/lib/python3.8/site-packages/airflow/example_dags/example_branch_datetime_operator.py
[2022-08-29T20:47:52.936-0400] {logging_mixin.py:115} INFO - [2022-08-29T20:47:52.936-0400] {dag.py:2429} INFO - Sync 2 DAGs
[2022-08-29T20:47:52.956-0400] {logging_mixin.py:115} INFO - [2022-08-29T20:47:52.956-0400] {dag.py:2977} INFO - Setting next_dagrun for example_branch_datetime_operator to 2022-08-29T00:00:00+00:00, run_after=2022-08-30T00:00:00+00:00
[2022-08-29T20:47:52.958-0400] {logging_mixin.py:115} INFO - [2022-08-29T20:47:52.958-0400] {dag.py:2977} INFO - Setting next_dagrun for example_branch_datetime_operator_2 to 2022-08-29T00:00:00+00:00, run_after=2022-08-30T00:00:00+00:00
[2022-08-29T20:47:52.974-0400] {processor.py:161} INFO - Processing /Users/jl/Documents/Repos/GHC-2022-data-engineering-workshop/venv/lib/python3.8/site-packages/airflow/example_dags/example_branch_datetime_operator.py took 0.148 seconds
[2022-08-29T20:49:43.509-0400] {processor.py:153} INFO - Started process (PID=17169) to work on /Users/jl/Documents/Repos/GHC-2022-data-engineering-workshop/venv/lib/python3.8/site-packages/airflow/example_dags/example_branch_datetime_operator.py
[2022-08-29T20:49:43.518-0400] {processor.py:640} INFO - Processing file /Users/jl/Documents/Repos/GHC-2022-data-engineering-workshop/venv/lib/python3.8/site-packages/airflow/example_dags/example_branch_datetime_operator.py for tasks to queue
[2022-08-29T20:49:43.519-0400] {logging_mixin.py:115} INFO - [2022-08-29T20:49:43.519-0400] {dagbag.py:508} INFO - Filling up the DagBag from /Users/jl/Documents/Repos/GHC-2022-data-engineering-workshop/venv/lib/python3.8/site-packages/airflow/example_dags/example_branch_datetime_operator.py
[2022-08-29T20:49:43.546-0400] {processor.py:650} INFO - DAG(s) dict_keys(['example_branch_datetime_operator', 'example_branch_datetime_operator_2']) retrieved from /Users/jl/Documents/Repos/GHC-2022-data-engineering-workshop/venv/lib/python3.8/site-packages/airflow/example_dags/example_branch_datetime_operator.py
[2022-08-29T20:49:43.630-0400] {logging_mixin.py:115} INFO - [2022-08-29T20:49:43.630-0400] {dag.py:2429} INFO - Sync 2 DAGs
[2022-08-29T20:49:43.652-0400] {logging_mixin.py:115} INFO - [2022-08-29T20:49:43.652-0400] {dag.py:2977} INFO - Setting next_dagrun for example_branch_datetime_operator to 2022-08-29T00:00:00+00:00, run_after=2022-08-30T00:00:00+00:00
[2022-08-29T20:49:43.655-0400] {logging_mixin.py:115} INFO - [2022-08-29T20:49:43.655-0400] {dag.py:2977} INFO - Setting next_dagrun for example_branch_datetime_operator_2 to 2022-08-29T00:00:00+00:00, run_after=2022-08-30T00:00:00+00:00
[2022-08-29T20:49:43.671-0400] {processor.py:161} INFO - Processing /Users/jl/Documents/Repos/GHC-2022-data-engineering-workshop/venv/lib/python3.8/site-packages/airflow/example_dags/example_branch_datetime_operator.py took 0.163 seconds
[2022-08-29T20:51:18.224-0400] {processor.py:153} INFO - Started process (PID=17257) to work on /Users/jl/Documents/Repos/GHC-2022-data-engineering-workshop/venv/lib/python3.8/site-packages/airflow/example_dags/example_branch_datetime_operator.py
[2022-08-29T20:51:18.233-0400] {processor.py:640} INFO - Processing file /Users/jl/Documents/Repos/GHC-2022-data-engineering-workshop/venv/lib/python3.8/site-packages/airflow/example_dags/example_branch_datetime_operator.py for tasks to queue
[2022-08-29T20:51:18.233-0400] {logging_mixin.py:115} INFO - [2022-08-29T20:51:18.233-0400] {dagbag.py:508} INFO - Filling up the DagBag from /Users/jl/Documents/Repos/GHC-2022-data-engineering-workshop/venv/lib/python3.8/site-packages/airflow/example_dags/example_branch_datetime_operator.py
[2022-08-29T20:51:18.252-0400] {processor.py:650} INFO - DAG(s) dict_keys(['example_branch_datetime_operator', 'example_branch_datetime_operator_2']) retrieved from /Users/jl/Documents/Repos/GHC-2022-data-engineering-workshop/venv/lib/python3.8/site-packages/airflow/example_dags/example_branch_datetime_operator.py
[2022-08-29T20:51:18.374-0400] {logging_mixin.py:115} INFO - [2022-08-29T20:51:18.374-0400] {dag.py:2429} INFO - Sync 2 DAGs
[2022-08-29T20:51:18.443-0400] {logging_mixin.py:115} INFO - [2022-08-29T20:51:18.443-0400] {dag.py:2977} INFO - Setting next_dagrun for example_branch_datetime_operator to 2022-08-29T00:00:00+00:00, run_after=2022-08-30T00:00:00+00:00
[2022-08-29T20:51:18.446-0400] {logging_mixin.py:115} INFO - [2022-08-29T20:51:18.446-0400] {dag.py:2977} INFO - Setting next_dagrun for example_branch_datetime_operator_2 to 2022-08-29T00:00:00+00:00, run_after=2022-08-30T00:00:00+00:00
[2022-08-29T20:51:18.469-0400] {processor.py:161} INFO - Processing /Users/jl/Documents/Repos/GHC-2022-data-engineering-workshop/venv/lib/python3.8/site-packages/airflow/example_dags/example_branch_datetime_operator.py took 0.246 seconds
[2022-08-29T20:52:57.057-0400] {processor.py:153} INFO - Started process (PID=17350) to work on /Users/jl/Documents/Repos/GHC-2022-data-engineering-workshop/venv/lib/python3.8/site-packages/airflow/example_dags/example_branch_datetime_operator.py
[2022-08-29T20:52:57.065-0400] {processor.py:640} INFO - Processing file /Users/jl/Documents/Repos/GHC-2022-data-engineering-workshop/venv/lib/python3.8/site-packages/airflow/example_dags/example_branch_datetime_operator.py for tasks to queue
[2022-08-29T20:52:57.066-0400] {logging_mixin.py:115} INFO - [2022-08-29T20:52:57.066-0400] {dagbag.py:508} INFO - Filling up the DagBag from /Users/jl/Documents/Repos/GHC-2022-data-engineering-workshop/venv/lib/python3.8/site-packages/airflow/example_dags/example_branch_datetime_operator.py
[2022-08-29T20:52:57.085-0400] {processor.py:650} INFO - DAG(s) dict_keys(['example_branch_datetime_operator', 'example_branch_datetime_operator_2']) retrieved from /Users/jl/Documents/Repos/GHC-2022-data-engineering-workshop/venv/lib/python3.8/site-packages/airflow/example_dags/example_branch_datetime_operator.py
[2022-08-29T20:52:57.165-0400] {logging_mixin.py:115} INFO - [2022-08-29T20:52:57.164-0400] {dag.py:2429} INFO - Sync 2 DAGs
[2022-08-29T20:52:57.185-0400] {logging_mixin.py:115} INFO - [2022-08-29T20:52:57.185-0400] {dag.py:2977} INFO - Setting next_dagrun for example_branch_datetime_operator to 2022-08-29T00:00:00+00:00, run_after=2022-08-30T00:00:00+00:00
[2022-08-29T20:52:57.188-0400] {logging_mixin.py:115} INFO - [2022-08-29T20:52:57.187-0400] {dag.py:2977} INFO - Setting next_dagrun for example_branch_datetime_operator_2 to 2022-08-29T00:00:00+00:00, run_after=2022-08-30T00:00:00+00:00
[2022-08-29T20:52:57.204-0400] {processor.py:161} INFO - Processing /Users/jl/Documents/Repos/GHC-2022-data-engineering-workshop/venv/lib/python3.8/site-packages/airflow/example_dags/example_branch_datetime_operator.py took 0.147 seconds
[2022-08-29T20:55:02.520-0400] {processor.py:153} INFO - Started process (PID=17448) to work on /Users/jl/Documents/Repos/GHC-2022-data-engineering-workshop/venv/lib/python3.8/site-packages/airflow/example_dags/example_branch_datetime_operator.py
[2022-08-29T20:55:02.530-0400] {processor.py:640} INFO - Processing file /Users/jl/Documents/Repos/GHC-2022-data-engineering-workshop/venv/lib/python3.8/site-packages/airflow/example_dags/example_branch_datetime_operator.py for tasks to queue
[2022-08-29T20:55:02.531-0400] {logging_mixin.py:115} INFO - [2022-08-29T20:55:02.531-0400] {dagbag.py:508} INFO - Filling up the DagBag from /Users/jl/Documents/Repos/GHC-2022-data-engineering-workshop/venv/lib/python3.8/site-packages/airflow/example_dags/example_branch_datetime_operator.py
[2022-08-29T20:55:02.553-0400] {processor.py:650} INFO - DAG(s) dict_keys(['example_branch_datetime_operator', 'example_branch_datetime_operator_2']) retrieved from /Users/jl/Documents/Repos/GHC-2022-data-engineering-workshop/venv/lib/python3.8/site-packages/airflow/example_dags/example_branch_datetime_operator.py
[2022-08-29T20:55:02.632-0400] {logging_mixin.py:115} INFO - [2022-08-29T20:55:02.632-0400] {dag.py:2429} INFO - Sync 2 DAGs
[2022-08-29T20:55:02.652-0400] {logging_mixin.py:115} INFO - [2022-08-29T20:55:02.652-0400] {dag.py:2977} INFO - Setting next_dagrun for example_branch_datetime_operator to 2022-08-29T00:00:00+00:00, run_after=2022-08-30T00:00:00+00:00
[2022-08-29T20:55:02.654-0400] {logging_mixin.py:115} INFO - [2022-08-29T20:55:02.654-0400] {dag.py:2977} INFO - Setting next_dagrun for example_branch_datetime_operator_2 to 2022-08-29T00:00:00+00:00, run_after=2022-08-30T00:00:00+00:00
[2022-08-29T20:55:02.670-0400] {processor.py:161} INFO - Processing /Users/jl/Documents/Repos/GHC-2022-data-engineering-workshop/venv/lib/python3.8/site-packages/airflow/example_dags/example_branch_datetime_operator.py took 0.151 seconds
[2022-08-29T20:56:46.980-0400] {processor.py:153} INFO - Started process (PID=17538) to work on /Users/jl/Documents/Repos/GHC-2022-data-engineering-workshop/venv/lib/python3.8/site-packages/airflow/example_dags/example_branch_datetime_operator.py
[2022-08-29T20:56:46.988-0400] {processor.py:640} INFO - Processing file /Users/jl/Documents/Repos/GHC-2022-data-engineering-workshop/venv/lib/python3.8/site-packages/airflow/example_dags/example_branch_datetime_operator.py for tasks to queue
[2022-08-29T20:56:46.988-0400] {logging_mixin.py:115} INFO - [2022-08-29T20:56:46.988-0400] {dagbag.py:508} INFO - Filling up the DagBag from /Users/jl/Documents/Repos/GHC-2022-data-engineering-workshop/venv/lib/python3.8/site-packages/airflow/example_dags/example_branch_datetime_operator.py
[2022-08-29T20:56:47.008-0400] {processor.py:650} INFO - DAG(s) dict_keys(['example_branch_datetime_operator', 'example_branch_datetime_operator_2']) retrieved from /Users/jl/Documents/Repos/GHC-2022-data-engineering-workshop/venv/lib/python3.8/site-packages/airflow/example_dags/example_branch_datetime_operator.py
[2022-08-29T20:56:47.088-0400] {logging_mixin.py:115} INFO - [2022-08-29T20:56:47.088-0400] {dag.py:2429} INFO - Sync 2 DAGs
[2022-08-29T20:56:47.107-0400] {logging_mixin.py:115} INFO - [2022-08-29T20:56:47.107-0400] {dag.py:2977} INFO - Setting next_dagrun for example_branch_datetime_operator to 2022-08-29T00:00:00+00:00, run_after=2022-08-30T00:00:00+00:00
[2022-08-29T20:56:47.110-0400] {logging_mixin.py:115} INFO - [2022-08-29T20:56:47.110-0400] {dag.py:2977} INFO - Setting next_dagrun for example_branch_datetime_operator_2 to 2022-08-29T00:00:00+00:00, run_after=2022-08-30T00:00:00+00:00
[2022-08-29T20:56:47.126-0400] {processor.py:161} INFO - Processing /Users/jl/Documents/Repos/GHC-2022-data-engineering-workshop/venv/lib/python3.8/site-packages/airflow/example_dags/example_branch_datetime_operator.py took 0.147 seconds
[2022-08-29T20:59:03.269-0400] {processor.py:153} INFO - Started process (PID=17656) to work on /Users/jl/Documents/Repos/GHC-2022-data-engineering-workshop/venv/lib/python3.8/site-packages/airflow/example_dags/example_branch_datetime_operator.py
[2022-08-29T20:59:03.281-0400] {processor.py:640} INFO - Processing file /Users/jl/Documents/Repos/GHC-2022-data-engineering-workshop/venv/lib/python3.8/site-packages/airflow/example_dags/example_branch_datetime_operator.py for tasks to queue
[2022-08-29T20:59:03.281-0400] {logging_mixin.py:115} INFO - [2022-08-29T20:59:03.281-0400] {dagbag.py:508} INFO - Filling up the DagBag from /Users/jl/Documents/Repos/GHC-2022-data-engineering-workshop/venv/lib/python3.8/site-packages/airflow/example_dags/example_branch_datetime_operator.py
[2022-08-29T20:59:03.306-0400] {processor.py:650} INFO - DAG(s) dict_keys(['example_branch_datetime_operator', 'example_branch_datetime_operator_2']) retrieved from /Users/jl/Documents/Repos/GHC-2022-data-engineering-workshop/venv/lib/python3.8/site-packages/airflow/example_dags/example_branch_datetime_operator.py
[2022-08-29T20:59:03.400-0400] {logging_mixin.py:115} INFO - [2022-08-29T20:59:03.400-0400] {dag.py:2429} INFO - Sync 2 DAGs
[2022-08-29T20:59:03.426-0400] {logging_mixin.py:115} INFO - [2022-08-29T20:59:03.425-0400] {dag.py:2977} INFO - Setting next_dagrun for example_branch_datetime_operator to 2022-08-29T00:00:00+00:00, run_after=2022-08-30T00:00:00+00:00
[2022-08-29T20:59:03.428-0400] {logging_mixin.py:115} INFO - [2022-08-29T20:59:03.428-0400] {dag.py:2977} INFO - Setting next_dagrun for example_branch_datetime_operator_2 to 2022-08-29T00:00:00+00:00, run_after=2022-08-30T00:00:00+00:00
[2022-08-29T20:59:03.446-0400] {processor.py:161} INFO - Processing /Users/jl/Documents/Repos/GHC-2022-data-engineering-workshop/venv/lib/python3.8/site-packages/airflow/example_dags/example_branch_datetime_operator.py took 0.178 seconds
[2022-08-29T21:01:09.515-0400] {processor.py:153} INFO - Started process (PID=17799) to work on /Users/jl/Documents/Repos/GHC-2022-data-engineering-workshop/venv/lib/python3.8/site-packages/airflow/example_dags/example_branch_datetime_operator.py
[2022-08-29T21:01:09.523-0400] {processor.py:640} INFO - Processing file /Users/jl/Documents/Repos/GHC-2022-data-engineering-workshop/venv/lib/python3.8/site-packages/airflow/example_dags/example_branch_datetime_operator.py for tasks to queue
[2022-08-29T21:01:09.524-0400] {logging_mixin.py:115} INFO - [2022-08-29T21:01:09.524-0400] {dagbag.py:508} INFO - Filling up the DagBag from /Users/jl/Documents/Repos/GHC-2022-data-engineering-workshop/venv/lib/python3.8/site-packages/airflow/example_dags/example_branch_datetime_operator.py
[2022-08-29T21:01:09.546-0400] {processor.py:650} INFO - DAG(s) dict_keys(['example_branch_datetime_operator', 'example_branch_datetime_operator_2']) retrieved from /Users/jl/Documents/Repos/GHC-2022-data-engineering-workshop/venv/lib/python3.8/site-packages/airflow/example_dags/example_branch_datetime_operator.py
[2022-08-29T21:01:09.626-0400] {logging_mixin.py:115} INFO - [2022-08-29T21:01:09.626-0400] {dag.py:2429} INFO - Sync 2 DAGs
[2022-08-29T21:01:09.646-0400] {logging_mixin.py:115} INFO - [2022-08-29T21:01:09.646-0400] {dag.py:2977} INFO - Setting next_dagrun for example_branch_datetime_operator to 2022-08-29T00:00:00+00:00, run_after=2022-08-30T00:00:00+00:00
[2022-08-29T21:01:09.648-0400] {logging_mixin.py:115} INFO - [2022-08-29T21:01:09.648-0400] {dag.py:2977} INFO - Setting next_dagrun for example_branch_datetime_operator_2 to 2022-08-29T00:00:00+00:00, run_after=2022-08-30T00:00:00+00:00
[2022-08-29T21:01:09.664-0400] {processor.py:161} INFO - Processing /Users/jl/Documents/Repos/GHC-2022-data-engineering-workshop/venv/lib/python3.8/site-packages/airflow/example_dags/example_branch_datetime_operator.py took 0.150 seconds
