[2022-08-29T20:00:58.215-0400] {processor.py:153} INFO - Started process (PID=14397) to work on /Users/jl/Documents/Repos/GHC-2022-data-engineering-workshop/venv/lib/python3.8/site-packages/airflow/example_dags/example_skip_dag.py
[2022-08-29T20:00:58.223-0400] {processor.py:640} INFO - Processing file /Users/jl/Documents/Repos/GHC-2022-data-engineering-workshop/venv/lib/python3.8/site-packages/airflow/example_dags/example_skip_dag.py for tasks to queue
[2022-08-29T20:00:58.224-0400] {logging_mixin.py:115} INFO - [2022-08-29T20:00:58.224-0400] {dagbag.py:508} INFO - Filling up the DagBag from /Users/jl/Documents/Repos/GHC-2022-data-engineering-workshop/venv/lib/python3.8/site-packages/airflow/example_dags/example_skip_dag.py
[2022-08-29T20:00:58.242-0400] {processor.py:650} INFO - DAG(s) dict_keys(['example_skip_dag']) retrieved from /Users/jl/Documents/Repos/GHC-2022-data-engineering-workshop/venv/lib/python3.8/site-packages/airflow/example_dags/example_skip_dag.py
[2022-08-29T20:00:58.320-0400] {logging_mixin.py:115} INFO - [2022-08-29T20:00:58.320-0400] {dag.py:2429} INFO - Sync 1 DAGs
[2022-08-29T20:00:58.338-0400] {logging_mixin.py:115} INFO - [2022-08-29T20:00:58.338-0400] {dag.py:2977} INFO - Setting next_dagrun for example_skip_dag to 2022-08-29T00:00:58.337888+00:00, run_after=2022-08-30T00:00:58.337888+00:00
[2022-08-29T20:00:58.354-0400] {processor.py:161} INFO - Processing /Users/jl/Documents/Repos/GHC-2022-data-engineering-workshop/venv/lib/python3.8/site-packages/airflow/example_dags/example_skip_dag.py took 0.140 seconds
[2022-08-29T20:02:27.401-0400] {processor.py:153} INFO - Started process (PID=14482) to work on /Users/jl/Documents/Repos/GHC-2022-data-engineering-workshop/venv/lib/python3.8/site-packages/airflow/example_dags/example_skip_dag.py
[2022-08-29T20:02:27.410-0400] {processor.py:640} INFO - Processing file /Users/jl/Documents/Repos/GHC-2022-data-engineering-workshop/venv/lib/python3.8/site-packages/airflow/example_dags/example_skip_dag.py for tasks to queue
[2022-08-29T20:02:27.410-0400] {logging_mixin.py:115} INFO - [2022-08-29T20:02:27.410-0400] {dagbag.py:508} INFO - Filling up the DagBag from /Users/jl/Documents/Repos/GHC-2022-data-engineering-workshop/venv/lib/python3.8/site-packages/airflow/example_dags/example_skip_dag.py
[2022-08-29T20:02:27.424-0400] {processor.py:650} INFO - DAG(s) dict_keys(['example_skip_dag']) retrieved from /Users/jl/Documents/Repos/GHC-2022-data-engineering-workshop/venv/lib/python3.8/site-packages/airflow/example_dags/example_skip_dag.py
[2022-08-29T20:02:27.502-0400] {logging_mixin.py:115} INFO - [2022-08-29T20:02:27.502-0400] {dag.py:2429} INFO - Sync 1 DAGs
[2022-08-29T20:02:27.519-0400] {logging_mixin.py:115} INFO - [2022-08-29T20:02:27.519-0400] {dag.py:2977} INFO - Setting next_dagrun for example_skip_dag to 2022-08-29T00:02:27.519567+00:00, run_after=2022-08-30T00:02:27.519567+00:00
[2022-08-29T20:02:27.536-0400] {processor.py:161} INFO - Processing /Users/jl/Documents/Repos/GHC-2022-data-engineering-workshop/venv/lib/python3.8/site-packages/airflow/example_dags/example_skip_dag.py took 0.135 seconds
[2022-08-29T20:03:51.093-0400] {processor.py:153} INFO - Started process (PID=14561) to work on /Users/jl/Documents/Repos/GHC-2022-data-engineering-workshop/venv/lib/python3.8/site-packages/airflow/example_dags/example_skip_dag.py
[2022-08-29T20:03:51.101-0400] {processor.py:640} INFO - Processing file /Users/jl/Documents/Repos/GHC-2022-data-engineering-workshop/venv/lib/python3.8/site-packages/airflow/example_dags/example_skip_dag.py for tasks to queue
[2022-08-29T20:03:51.101-0400] {logging_mixin.py:115} INFO - [2022-08-29T20:03:51.101-0400] {dagbag.py:508} INFO - Filling up the DagBag from /Users/jl/Documents/Repos/GHC-2022-data-engineering-workshop/venv/lib/python3.8/site-packages/airflow/example_dags/example_skip_dag.py
[2022-08-29T20:03:51.116-0400] {processor.py:650} INFO - DAG(s) dict_keys(['example_skip_dag']) retrieved from /Users/jl/Documents/Repos/GHC-2022-data-engineering-workshop/venv/lib/python3.8/site-packages/airflow/example_dags/example_skip_dag.py
[2022-08-29T20:03:51.193-0400] {logging_mixin.py:115} INFO - [2022-08-29T20:03:51.193-0400] {dag.py:2429} INFO - Sync 1 DAGs
[2022-08-29T20:03:51.211-0400] {logging_mixin.py:115} INFO - [2022-08-29T20:03:51.210-0400] {dag.py:2977} INFO - Setting next_dagrun for example_skip_dag to 2022-08-29T00:03:51.210736+00:00, run_after=2022-08-30T00:03:51.210736+00:00
[2022-08-29T20:03:51.227-0400] {processor.py:161} INFO - Processing /Users/jl/Documents/Repos/GHC-2022-data-engineering-workshop/venv/lib/python3.8/site-packages/airflow/example_dags/example_skip_dag.py took 0.135 seconds
[2022-08-29T20:05:18.907-0400] {processor.py:153} INFO - Started process (PID=14642) to work on /Users/jl/Documents/Repos/GHC-2022-data-engineering-workshop/venv/lib/python3.8/site-packages/airflow/example_dags/example_skip_dag.py
[2022-08-29T20:05:18.916-0400] {processor.py:640} INFO - Processing file /Users/jl/Documents/Repos/GHC-2022-data-engineering-workshop/venv/lib/python3.8/site-packages/airflow/example_dags/example_skip_dag.py for tasks to queue
[2022-08-29T20:05:18.916-0400] {logging_mixin.py:115} INFO - [2022-08-29T20:05:18.916-0400] {dagbag.py:508} INFO - Filling up the DagBag from /Users/jl/Documents/Repos/GHC-2022-data-engineering-workshop/venv/lib/python3.8/site-packages/airflow/example_dags/example_skip_dag.py
[2022-08-29T20:05:18.931-0400] {processor.py:650} INFO - DAG(s) dict_keys(['example_skip_dag']) retrieved from /Users/jl/Documents/Repos/GHC-2022-data-engineering-workshop/venv/lib/python3.8/site-packages/airflow/example_dags/example_skip_dag.py
[2022-08-29T20:05:19.008-0400] {logging_mixin.py:115} INFO - [2022-08-29T20:05:19.007-0400] {dag.py:2429} INFO - Sync 1 DAGs
[2022-08-29T20:05:19.025-0400] {logging_mixin.py:115} INFO - [2022-08-29T20:05:19.025-0400] {dag.py:2977} INFO - Setting next_dagrun for example_skip_dag to 2022-08-29T00:05:19.025021+00:00, run_after=2022-08-30T00:05:19.025021+00:00
[2022-08-29T20:05:19.041-0400] {processor.py:161} INFO - Processing /Users/jl/Documents/Repos/GHC-2022-data-engineering-workshop/venv/lib/python3.8/site-packages/airflow/example_dags/example_skip_dag.py took 0.135 seconds
[2022-08-29T20:06:45.325-0400] {processor.py:153} INFO - Started process (PID=14722) to work on /Users/jl/Documents/Repos/GHC-2022-data-engineering-workshop/venv/lib/python3.8/site-packages/airflow/example_dags/example_skip_dag.py
[2022-08-29T20:06:45.333-0400] {processor.py:640} INFO - Processing file /Users/jl/Documents/Repos/GHC-2022-data-engineering-workshop/venv/lib/python3.8/site-packages/airflow/example_dags/example_skip_dag.py for tasks to queue
[2022-08-29T20:06:45.334-0400] {logging_mixin.py:115} INFO - [2022-08-29T20:06:45.334-0400] {dagbag.py:508} INFO - Filling up the DagBag from /Users/jl/Documents/Repos/GHC-2022-data-engineering-workshop/venv/lib/python3.8/site-packages/airflow/example_dags/example_skip_dag.py
[2022-08-29T20:06:45.349-0400] {processor.py:650} INFO - DAG(s) dict_keys(['example_skip_dag']) retrieved from /Users/jl/Documents/Repos/GHC-2022-data-engineering-workshop/venv/lib/python3.8/site-packages/airflow/example_dags/example_skip_dag.py
[2022-08-29T20:06:45.426-0400] {logging_mixin.py:115} INFO - [2022-08-29T20:06:45.426-0400] {dag.py:2429} INFO - Sync 1 DAGs
[2022-08-29T20:06:45.444-0400] {logging_mixin.py:115} INFO - [2022-08-29T20:06:45.443-0400] {dag.py:2977} INFO - Setting next_dagrun for example_skip_dag to 2022-08-29T00:06:45.443599+00:00, run_after=2022-08-30T00:06:45.443599+00:00
[2022-08-29T20:06:45.459-0400] {processor.py:161} INFO - Processing /Users/jl/Documents/Repos/GHC-2022-data-engineering-workshop/venv/lib/python3.8/site-packages/airflow/example_dags/example_skip_dag.py took 0.136 seconds
[2022-08-29T20:08:11.622-0400] {processor.py:153} INFO - Started process (PID=14804) to work on /Users/jl/Documents/Repos/GHC-2022-data-engineering-workshop/venv/lib/python3.8/site-packages/airflow/example_dags/example_skip_dag.py
[2022-08-29T20:08:11.630-0400] {processor.py:640} INFO - Processing file /Users/jl/Documents/Repos/GHC-2022-data-engineering-workshop/venv/lib/python3.8/site-packages/airflow/example_dags/example_skip_dag.py for tasks to queue
[2022-08-29T20:08:11.631-0400] {logging_mixin.py:115} INFO - [2022-08-29T20:08:11.631-0400] {dagbag.py:508} INFO - Filling up the DagBag from /Users/jl/Documents/Repos/GHC-2022-data-engineering-workshop/venv/lib/python3.8/site-packages/airflow/example_dags/example_skip_dag.py
[2022-08-29T20:08:11.646-0400] {processor.py:650} INFO - DAG(s) dict_keys(['example_skip_dag']) retrieved from /Users/jl/Documents/Repos/GHC-2022-data-engineering-workshop/venv/lib/python3.8/site-packages/airflow/example_dags/example_skip_dag.py
[2022-08-29T20:08:11.730-0400] {logging_mixin.py:115} INFO - [2022-08-29T20:08:11.730-0400] {dag.py:2429} INFO - Sync 1 DAGs
[2022-08-29T20:08:11.749-0400] {logging_mixin.py:115} INFO - [2022-08-29T20:08:11.748-0400] {dag.py:2977} INFO - Setting next_dagrun for example_skip_dag to 2022-08-29T00:08:11.748727+00:00, run_after=2022-08-30T00:08:11.748727+00:00
[2022-08-29T20:08:11.764-0400] {processor.py:161} INFO - Processing /Users/jl/Documents/Repos/GHC-2022-data-engineering-workshop/venv/lib/python3.8/site-packages/airflow/example_dags/example_skip_dag.py took 0.143 seconds
[2022-08-29T20:09:40.876-0400] {processor.py:153} INFO - Started process (PID=14886) to work on /Users/jl/Documents/Repos/GHC-2022-data-engineering-workshop/venv/lib/python3.8/site-packages/airflow/example_dags/example_skip_dag.py
[2022-08-29T20:09:40.885-0400] {processor.py:640} INFO - Processing file /Users/jl/Documents/Repos/GHC-2022-data-engineering-workshop/venv/lib/python3.8/site-packages/airflow/example_dags/example_skip_dag.py for tasks to queue
[2022-08-29T20:09:40.886-0400] {logging_mixin.py:115} INFO - [2022-08-29T20:09:40.886-0400] {dagbag.py:508} INFO - Filling up the DagBag from /Users/jl/Documents/Repos/GHC-2022-data-engineering-workshop/venv/lib/python3.8/site-packages/airflow/example_dags/example_skip_dag.py
[2022-08-29T20:09:40.903-0400] {processor.py:650} INFO - DAG(s) dict_keys(['example_skip_dag']) retrieved from /Users/jl/Documents/Repos/GHC-2022-data-engineering-workshop/venv/lib/python3.8/site-packages/airflow/example_dags/example_skip_dag.py
[2022-08-29T20:09:40.981-0400] {logging_mixin.py:115} INFO - [2022-08-29T20:09:40.980-0400] {dag.py:2429} INFO - Sync 1 DAGs
[2022-08-29T20:09:40.998-0400] {logging_mixin.py:115} INFO - [2022-08-29T20:09:40.998-0400] {dag.py:2977} INFO - Setting next_dagrun for example_skip_dag to 2022-08-29T00:09:40.997834+00:00, run_after=2022-08-30T00:09:40.997834+00:00
[2022-08-29T20:09:41.014-0400] {processor.py:161} INFO - Processing /Users/jl/Documents/Repos/GHC-2022-data-engineering-workshop/venv/lib/python3.8/site-packages/airflow/example_dags/example_skip_dag.py took 0.140 seconds
[2022-08-29T20:11:19.692-0400] {processor.py:153} INFO - Started process (PID=14976) to work on /Users/jl/Documents/Repos/GHC-2022-data-engineering-workshop/venv/lib/python3.8/site-packages/airflow/example_dags/example_skip_dag.py
[2022-08-29T20:11:19.702-0400] {processor.py:640} INFO - Processing file /Users/jl/Documents/Repos/GHC-2022-data-engineering-workshop/venv/lib/python3.8/site-packages/airflow/example_dags/example_skip_dag.py for tasks to queue
[2022-08-29T20:11:19.702-0400] {logging_mixin.py:115} INFO - [2022-08-29T20:11:19.702-0400] {dagbag.py:508} INFO - Filling up the DagBag from /Users/jl/Documents/Repos/GHC-2022-data-engineering-workshop/venv/lib/python3.8/site-packages/airflow/example_dags/example_skip_dag.py
[2022-08-29T20:11:19.718-0400] {processor.py:650} INFO - DAG(s) dict_keys(['example_skip_dag']) retrieved from /Users/jl/Documents/Repos/GHC-2022-data-engineering-workshop/venv/lib/python3.8/site-packages/airflow/example_dags/example_skip_dag.py
[2022-08-29T20:11:19.797-0400] {logging_mixin.py:115} INFO - [2022-08-29T20:11:19.796-0400] {dag.py:2429} INFO - Sync 1 DAGs
[2022-08-29T20:11:19.814-0400] {logging_mixin.py:115} INFO - [2022-08-29T20:11:19.814-0400] {dag.py:2977} INFO - Setting next_dagrun for example_skip_dag to 2022-08-29T00:11:19.813962+00:00, run_after=2022-08-30T00:11:19.813962+00:00
[2022-08-29T20:11:19.830-0400] {processor.py:161} INFO - Processing /Users/jl/Documents/Repos/GHC-2022-data-engineering-workshop/venv/lib/python3.8/site-packages/airflow/example_dags/example_skip_dag.py took 0.139 seconds
[2022-08-29T20:12:49.368-0400] {processor.py:153} INFO - Started process (PID=15062) to work on /Users/jl/Documents/Repos/GHC-2022-data-engineering-workshop/venv/lib/python3.8/site-packages/airflow/example_dags/example_skip_dag.py
[2022-08-29T20:12:49.376-0400] {processor.py:640} INFO - Processing file /Users/jl/Documents/Repos/GHC-2022-data-engineering-workshop/venv/lib/python3.8/site-packages/airflow/example_dags/example_skip_dag.py for tasks to queue
[2022-08-29T20:12:49.377-0400] {logging_mixin.py:115} INFO - [2022-08-29T20:12:49.377-0400] {dagbag.py:508} INFO - Filling up the DagBag from /Users/jl/Documents/Repos/GHC-2022-data-engineering-workshop/venv/lib/python3.8/site-packages/airflow/example_dags/example_skip_dag.py
[2022-08-29T20:12:49.392-0400] {processor.py:650} INFO - DAG(s) dict_keys(['example_skip_dag']) retrieved from /Users/jl/Documents/Repos/GHC-2022-data-engineering-workshop/venv/lib/python3.8/site-packages/airflow/example_dags/example_skip_dag.py
[2022-08-29T20:12:49.471-0400] {logging_mixin.py:115} INFO - [2022-08-29T20:12:49.470-0400] {dag.py:2429} INFO - Sync 1 DAGs
[2022-08-29T20:12:49.488-0400] {logging_mixin.py:115} INFO - [2022-08-29T20:12:49.488-0400] {dag.py:2977} INFO - Setting next_dagrun for example_skip_dag to 2022-08-29T00:12:49.488005+00:00, run_after=2022-08-30T00:12:49.488005+00:00
[2022-08-29T20:12:49.504-0400] {processor.py:161} INFO - Processing /Users/jl/Documents/Repos/GHC-2022-data-engineering-workshop/venv/lib/python3.8/site-packages/airflow/example_dags/example_skip_dag.py took 0.137 seconds
[2022-08-29T20:14:18.504-0400] {processor.py:153} INFO - Started process (PID=15142) to work on /Users/jl/Documents/Repos/GHC-2022-data-engineering-workshop/venv/lib/python3.8/site-packages/airflow/example_dags/example_skip_dag.py
[2022-08-29T20:14:18.512-0400] {processor.py:640} INFO - Processing file /Users/jl/Documents/Repos/GHC-2022-data-engineering-workshop/venv/lib/python3.8/site-packages/airflow/example_dags/example_skip_dag.py for tasks to queue
[2022-08-29T20:14:18.513-0400] {logging_mixin.py:115} INFO - [2022-08-29T20:14:18.513-0400] {dagbag.py:508} INFO - Filling up the DagBag from /Users/jl/Documents/Repos/GHC-2022-data-engineering-workshop/venv/lib/python3.8/site-packages/airflow/example_dags/example_skip_dag.py
[2022-08-29T20:14:18.531-0400] {processor.py:650} INFO - DAG(s) dict_keys(['example_skip_dag']) retrieved from /Users/jl/Documents/Repos/GHC-2022-data-engineering-workshop/venv/lib/python3.8/site-packages/airflow/example_dags/example_skip_dag.py
[2022-08-29T20:14:18.609-0400] {logging_mixin.py:115} INFO - [2022-08-29T20:14:18.609-0400] {dag.py:2429} INFO - Sync 1 DAGs
[2022-08-29T20:14:18.626-0400] {logging_mixin.py:115} INFO - [2022-08-29T20:14:18.626-0400] {dag.py:2977} INFO - Setting next_dagrun for example_skip_dag to 2022-08-29T00:14:18.626599+00:00, run_after=2022-08-30T00:14:18.626599+00:00
[2022-08-29T20:14:18.644-0400] {processor.py:161} INFO - Processing /Users/jl/Documents/Repos/GHC-2022-data-engineering-workshop/venv/lib/python3.8/site-packages/airflow/example_dags/example_skip_dag.py took 0.141 seconds
[2022-08-29T20:15:57.866-0400] {processor.py:153} INFO - Started process (PID=15260) to work on /Users/jl/Documents/Repos/GHC-2022-data-engineering-workshop/venv/lib/python3.8/site-packages/airflow/example_dags/example_skip_dag.py
[2022-08-29T20:15:57.875-0400] {processor.py:640} INFO - Processing file /Users/jl/Documents/Repos/GHC-2022-data-engineering-workshop/venv/lib/python3.8/site-packages/airflow/example_dags/example_skip_dag.py for tasks to queue
[2022-08-29T20:15:57.876-0400] {logging_mixin.py:115} INFO - [2022-08-29T20:15:57.876-0400] {dagbag.py:508} INFO - Filling up the DagBag from /Users/jl/Documents/Repos/GHC-2022-data-engineering-workshop/venv/lib/python3.8/site-packages/airflow/example_dags/example_skip_dag.py
[2022-08-29T20:15:57.891-0400] {processor.py:650} INFO - DAG(s) dict_keys(['example_skip_dag']) retrieved from /Users/jl/Documents/Repos/GHC-2022-data-engineering-workshop/venv/lib/python3.8/site-packages/airflow/example_dags/example_skip_dag.py
[2022-08-29T20:15:57.969-0400] {logging_mixin.py:115} INFO - [2022-08-29T20:15:57.969-0400] {dag.py:2429} INFO - Sync 1 DAGs
[2022-08-29T20:15:57.989-0400] {logging_mixin.py:115} INFO - [2022-08-29T20:15:57.989-0400] {dag.py:2977} INFO - Setting next_dagrun for example_skip_dag to 2022-08-29T00:15:57.989116+00:00, run_after=2022-08-30T00:15:57.989116+00:00
[2022-08-29T20:15:58.006-0400] {processor.py:161} INFO - Processing /Users/jl/Documents/Repos/GHC-2022-data-engineering-workshop/venv/lib/python3.8/site-packages/airflow/example_dags/example_skip_dag.py took 0.140 seconds
[2022-08-29T20:17:53.967-0400] {processor.py:153} INFO - Started process (PID=15376) to work on /Users/jl/Documents/Repos/GHC-2022-data-engineering-workshop/venv/lib/python3.8/site-packages/airflow/example_dags/example_skip_dag.py
[2022-08-29T20:17:53.977-0400] {processor.py:640} INFO - Processing file /Users/jl/Documents/Repos/GHC-2022-data-engineering-workshop/venv/lib/python3.8/site-packages/airflow/example_dags/example_skip_dag.py for tasks to queue
[2022-08-29T20:17:53.978-0400] {logging_mixin.py:115} INFO - [2022-08-29T20:17:53.978-0400] {dagbag.py:508} INFO - Filling up the DagBag from /Users/jl/Documents/Repos/GHC-2022-data-engineering-workshop/venv/lib/python3.8/site-packages/airflow/example_dags/example_skip_dag.py
[2022-08-29T20:17:53.996-0400] {processor.py:650} INFO - DAG(s) dict_keys(['example_skip_dag']) retrieved from /Users/jl/Documents/Repos/GHC-2022-data-engineering-workshop/venv/lib/python3.8/site-packages/airflow/example_dags/example_skip_dag.py
[2022-08-29T20:17:54.089-0400] {logging_mixin.py:115} INFO - [2022-08-29T20:17:54.089-0400] {dag.py:2429} INFO - Sync 1 DAGs
[2022-08-29T20:17:54.106-0400] {logging_mixin.py:115} INFO - [2022-08-29T20:17:54.106-0400] {dag.py:2977} INFO - Setting next_dagrun for example_skip_dag to 2022-08-29T00:17:54.106226+00:00, run_after=2022-08-30T00:17:54.106226+00:00
[2022-08-29T20:17:54.123-0400] {processor.py:161} INFO - Processing /Users/jl/Documents/Repos/GHC-2022-data-engineering-workshop/venv/lib/python3.8/site-packages/airflow/example_dags/example_skip_dag.py took 0.157 seconds
[2022-08-29T20:19:42.797-0400] {processor.py:153} INFO - Started process (PID=15491) to work on /Users/jl/Documents/Repos/GHC-2022-data-engineering-workshop/venv/lib/python3.8/site-packages/airflow/example_dags/example_skip_dag.py
[2022-08-29T20:19:42.807-0400] {processor.py:640} INFO - Processing file /Users/jl/Documents/Repos/GHC-2022-data-engineering-workshop/venv/lib/python3.8/site-packages/airflow/example_dags/example_skip_dag.py for tasks to queue
[2022-08-29T20:19:42.808-0400] {logging_mixin.py:115} INFO - [2022-08-29T20:19:42.807-0400] {dagbag.py:508} INFO - Filling up the DagBag from /Users/jl/Documents/Repos/GHC-2022-data-engineering-workshop/venv/lib/python3.8/site-packages/airflow/example_dags/example_skip_dag.py
[2022-08-29T20:19:42.824-0400] {processor.py:650} INFO - DAG(s) dict_keys(['example_skip_dag']) retrieved from /Users/jl/Documents/Repos/GHC-2022-data-engineering-workshop/venv/lib/python3.8/site-packages/airflow/example_dags/example_skip_dag.py
[2022-08-29T20:19:42.903-0400] {logging_mixin.py:115} INFO - [2022-08-29T20:19:42.903-0400] {dag.py:2429} INFO - Sync 1 DAGs
[2022-08-29T20:19:42.920-0400] {logging_mixin.py:115} INFO - [2022-08-29T20:19:42.920-0400] {dag.py:2977} INFO - Setting next_dagrun for example_skip_dag to 2022-08-29T00:19:42.920274+00:00, run_after=2022-08-30T00:19:42.920274+00:00
[2022-08-29T20:19:42.935-0400] {processor.py:161} INFO - Processing /Users/jl/Documents/Repos/GHC-2022-data-engineering-workshop/venv/lib/python3.8/site-packages/airflow/example_dags/example_skip_dag.py took 0.139 seconds
[2022-08-29T20:21:15.506-0400] {processor.py:153} INFO - Started process (PID=15575) to work on /Users/jl/Documents/Repos/GHC-2022-data-engineering-workshop/venv/lib/python3.8/site-packages/airflow/example_dags/example_skip_dag.py
[2022-08-29T20:21:15.515-0400] {processor.py:640} INFO - Processing file /Users/jl/Documents/Repos/GHC-2022-data-engineering-workshop/venv/lib/python3.8/site-packages/airflow/example_dags/example_skip_dag.py for tasks to queue
[2022-08-29T20:21:15.515-0400] {logging_mixin.py:115} INFO - [2022-08-29T20:21:15.515-0400] {dagbag.py:508} INFO - Filling up the DagBag from /Users/jl/Documents/Repos/GHC-2022-data-engineering-workshop/venv/lib/python3.8/site-packages/airflow/example_dags/example_skip_dag.py
[2022-08-29T20:21:15.530-0400] {processor.py:650} INFO - DAG(s) dict_keys(['example_skip_dag']) retrieved from /Users/jl/Documents/Repos/GHC-2022-data-engineering-workshop/venv/lib/python3.8/site-packages/airflow/example_dags/example_skip_dag.py
[2022-08-29T20:21:15.607-0400] {logging_mixin.py:115} INFO - [2022-08-29T20:21:15.607-0400] {dag.py:2429} INFO - Sync 1 DAGs
[2022-08-29T20:21:15.624-0400] {logging_mixin.py:115} INFO - [2022-08-29T20:21:15.624-0400] {dag.py:2977} INFO - Setting next_dagrun for example_skip_dag to 2022-08-29T00:21:15.624409+00:00, run_after=2022-08-30T00:21:15.624409+00:00
[2022-08-29T20:21:15.640-0400] {processor.py:161} INFO - Processing /Users/jl/Documents/Repos/GHC-2022-data-engineering-workshop/venv/lib/python3.8/site-packages/airflow/example_dags/example_skip_dag.py took 0.135 seconds
[2022-08-29T20:22:40.416-0400] {processor.py:153} INFO - Started process (PID=15656) to work on /Users/jl/Documents/Repos/GHC-2022-data-engineering-workshop/venv/lib/python3.8/site-packages/airflow/example_dags/example_skip_dag.py
[2022-08-29T20:22:40.425-0400] {processor.py:640} INFO - Processing file /Users/jl/Documents/Repos/GHC-2022-data-engineering-workshop/venv/lib/python3.8/site-packages/airflow/example_dags/example_skip_dag.py for tasks to queue
[2022-08-29T20:22:40.425-0400] {logging_mixin.py:115} INFO - [2022-08-29T20:22:40.425-0400] {dagbag.py:508} INFO - Filling up the DagBag from /Users/jl/Documents/Repos/GHC-2022-data-engineering-workshop/venv/lib/python3.8/site-packages/airflow/example_dags/example_skip_dag.py
[2022-08-29T20:22:40.439-0400] {processor.py:650} INFO - DAG(s) dict_keys(['example_skip_dag']) retrieved from /Users/jl/Documents/Repos/GHC-2022-data-engineering-workshop/venv/lib/python3.8/site-packages/airflow/example_dags/example_skip_dag.py
[2022-08-29T20:22:40.519-0400] {logging_mixin.py:115} INFO - [2022-08-29T20:22:40.518-0400] {dag.py:2429} INFO - Sync 1 DAGs
[2022-08-29T20:22:40.536-0400] {logging_mixin.py:115} INFO - [2022-08-29T20:22:40.536-0400] {dag.py:2977} INFO - Setting next_dagrun for example_skip_dag to 2022-08-29T00:22:40.536111+00:00, run_after=2022-08-30T00:22:40.536111+00:00
[2022-08-29T20:22:40.552-0400] {processor.py:161} INFO - Processing /Users/jl/Documents/Repos/GHC-2022-data-engineering-workshop/venv/lib/python3.8/site-packages/airflow/example_dags/example_skip_dag.py took 0.137 seconds
[2022-08-29T20:24:08.552-0400] {processor.py:153} INFO - Started process (PID=15737) to work on /Users/jl/Documents/Repos/GHC-2022-data-engineering-workshop/venv/lib/python3.8/site-packages/airflow/example_dags/example_skip_dag.py
[2022-08-29T20:24:08.560-0400] {processor.py:640} INFO - Processing file /Users/jl/Documents/Repos/GHC-2022-data-engineering-workshop/venv/lib/python3.8/site-packages/airflow/example_dags/example_skip_dag.py for tasks to queue
[2022-08-29T20:24:08.561-0400] {logging_mixin.py:115} INFO - [2022-08-29T20:24:08.561-0400] {dagbag.py:508} INFO - Filling up the DagBag from /Users/jl/Documents/Repos/GHC-2022-data-engineering-workshop/venv/lib/python3.8/site-packages/airflow/example_dags/example_skip_dag.py
[2022-08-29T20:24:08.577-0400] {processor.py:650} INFO - DAG(s) dict_keys(['example_skip_dag']) retrieved from /Users/jl/Documents/Repos/GHC-2022-data-engineering-workshop/venv/lib/python3.8/site-packages/airflow/example_dags/example_skip_dag.py
[2022-08-29T20:24:08.654-0400] {logging_mixin.py:115} INFO - [2022-08-29T20:24:08.654-0400] {dag.py:2429} INFO - Sync 1 DAGs
[2022-08-29T20:24:08.672-0400] {logging_mixin.py:115} INFO - [2022-08-29T20:24:08.672-0400] {dag.py:2977} INFO - Setting next_dagrun for example_skip_dag to 2022-08-29T00:24:08.671948+00:00, run_after=2022-08-30T00:24:08.671948+00:00
[2022-08-29T20:24:08.688-0400] {processor.py:161} INFO - Processing /Users/jl/Documents/Repos/GHC-2022-data-engineering-workshop/venv/lib/python3.8/site-packages/airflow/example_dags/example_skip_dag.py took 0.137 seconds
[2022-08-29T20:25:45.164-0400] {processor.py:153} INFO - Started process (PID=15826) to work on /Users/jl/Documents/Repos/GHC-2022-data-engineering-workshop/venv/lib/python3.8/site-packages/airflow/example_dags/example_skip_dag.py
[2022-08-29T20:25:45.174-0400] {processor.py:640} INFO - Processing file /Users/jl/Documents/Repos/GHC-2022-data-engineering-workshop/venv/lib/python3.8/site-packages/airflow/example_dags/example_skip_dag.py for tasks to queue
[2022-08-29T20:25:45.175-0400] {logging_mixin.py:115} INFO - [2022-08-29T20:25:45.175-0400] {dagbag.py:508} INFO - Filling up the DagBag from /Users/jl/Documents/Repos/GHC-2022-data-engineering-workshop/venv/lib/python3.8/site-packages/airflow/example_dags/example_skip_dag.py
[2022-08-29T20:25:45.199-0400] {processor.py:650} INFO - DAG(s) dict_keys(['example_skip_dag']) retrieved from /Users/jl/Documents/Repos/GHC-2022-data-engineering-workshop/venv/lib/python3.8/site-packages/airflow/example_dags/example_skip_dag.py
[2022-08-29T20:25:45.787-0400] {logging_mixin.py:115} INFO - [2022-08-29T20:25:45.786-0400] {dag.py:2429} INFO - Sync 1 DAGs
[2022-08-29T20:25:45.850-0400] {logging_mixin.py:115} INFO - [2022-08-29T20:25:45.850-0400] {dag.py:2977} INFO - Setting next_dagrun for example_skip_dag to 2022-08-29T00:25:45.850491+00:00, run_after=2022-08-30T00:25:45.850491+00:00
[2022-08-29T20:25:45.920-0400] {processor.py:161} INFO - Processing /Users/jl/Documents/Repos/GHC-2022-data-engineering-workshop/venv/lib/python3.8/site-packages/airflow/example_dags/example_skip_dag.py took 0.757 seconds
[2022-08-29T20:27:55.147-0400] {processor.py:153} INFO - Started process (PID=15951) to work on /Users/jl/Documents/Repos/GHC-2022-data-engineering-workshop/venv/lib/python3.8/site-packages/airflow/example_dags/example_skip_dag.py
[2022-08-29T20:27:55.157-0400] {processor.py:640} INFO - Processing file /Users/jl/Documents/Repos/GHC-2022-data-engineering-workshop/venv/lib/python3.8/site-packages/airflow/example_dags/example_skip_dag.py for tasks to queue
[2022-08-29T20:27:55.158-0400] {logging_mixin.py:115} INFO - [2022-08-29T20:27:55.158-0400] {dagbag.py:508} INFO - Filling up the DagBag from /Users/jl/Documents/Repos/GHC-2022-data-engineering-workshop/venv/lib/python3.8/site-packages/airflow/example_dags/example_skip_dag.py
[2022-08-29T20:27:55.174-0400] {processor.py:650} INFO - DAG(s) dict_keys(['example_skip_dag']) retrieved from /Users/jl/Documents/Repos/GHC-2022-data-engineering-workshop/venv/lib/python3.8/site-packages/airflow/example_dags/example_skip_dag.py
[2022-08-29T20:27:55.250-0400] {logging_mixin.py:115} INFO - [2022-08-29T20:27:55.250-0400] {dag.py:2429} INFO - Sync 1 DAGs
[2022-08-29T20:27:55.268-0400] {logging_mixin.py:115} INFO - [2022-08-29T20:27:55.267-0400] {dag.py:2977} INFO - Setting next_dagrun for example_skip_dag to 2022-08-29T00:27:55.267762+00:00, run_after=2022-08-30T00:27:55.267762+00:00
[2022-08-29T20:27:55.282-0400] {processor.py:161} INFO - Processing /Users/jl/Documents/Repos/GHC-2022-data-engineering-workshop/venv/lib/python3.8/site-packages/airflow/example_dags/example_skip_dag.py took 0.136 seconds
[2022-08-29T20:29:30.091-0400] {processor.py:153} INFO - Started process (PID=16035) to work on /Users/jl/Documents/Repos/GHC-2022-data-engineering-workshop/venv/lib/python3.8/site-packages/airflow/example_dags/example_skip_dag.py
[2022-08-29T20:29:30.100-0400] {processor.py:640} INFO - Processing file /Users/jl/Documents/Repos/GHC-2022-data-engineering-workshop/venv/lib/python3.8/site-packages/airflow/example_dags/example_skip_dag.py for tasks to queue
[2022-08-29T20:29:30.100-0400] {logging_mixin.py:115} INFO - [2022-08-29T20:29:30.100-0400] {dagbag.py:508} INFO - Filling up the DagBag from /Users/jl/Documents/Repos/GHC-2022-data-engineering-workshop/venv/lib/python3.8/site-packages/airflow/example_dags/example_skip_dag.py
[2022-08-29T20:29:30.116-0400] {processor.py:650} INFO - DAG(s) dict_keys(['example_skip_dag']) retrieved from /Users/jl/Documents/Repos/GHC-2022-data-engineering-workshop/venv/lib/python3.8/site-packages/airflow/example_dags/example_skip_dag.py
[2022-08-29T20:29:30.195-0400] {logging_mixin.py:115} INFO - [2022-08-29T20:29:30.195-0400] {dag.py:2429} INFO - Sync 1 DAGs
[2022-08-29T20:29:30.213-0400] {logging_mixin.py:115} INFO - [2022-08-29T20:29:30.212-0400] {dag.py:2977} INFO - Setting next_dagrun for example_skip_dag to 2022-08-29T00:29:30.212738+00:00, run_after=2022-08-30T00:29:30.212738+00:00
[2022-08-29T20:29:30.229-0400] {processor.py:161} INFO - Processing /Users/jl/Documents/Repos/GHC-2022-data-engineering-workshop/venv/lib/python3.8/site-packages/airflow/example_dags/example_skip_dag.py took 0.139 seconds
[2022-08-29T20:31:49.730-0400] {processor.py:153} INFO - Started process (PID=16161) to work on /Users/jl/Documents/Repos/GHC-2022-data-engineering-workshop/venv/lib/python3.8/site-packages/airflow/example_dags/example_skip_dag.py
[2022-08-29T20:31:49.740-0400] {processor.py:640} INFO - Processing file /Users/jl/Documents/Repos/GHC-2022-data-engineering-workshop/venv/lib/python3.8/site-packages/airflow/example_dags/example_skip_dag.py for tasks to queue
[2022-08-29T20:31:49.741-0400] {logging_mixin.py:115} INFO - [2022-08-29T20:31:49.741-0400] {dagbag.py:508} INFO - Filling up the DagBag from /Users/jl/Documents/Repos/GHC-2022-data-engineering-workshop/venv/lib/python3.8/site-packages/airflow/example_dags/example_skip_dag.py
[2022-08-29T20:31:49.757-0400] {processor.py:650} INFO - DAG(s) dict_keys(['example_skip_dag']) retrieved from /Users/jl/Documents/Repos/GHC-2022-data-engineering-workshop/venv/lib/python3.8/site-packages/airflow/example_dags/example_skip_dag.py
[2022-08-29T20:31:49.834-0400] {logging_mixin.py:115} INFO - [2022-08-29T20:31:49.833-0400] {dag.py:2429} INFO - Sync 1 DAGs
[2022-08-29T20:31:49.851-0400] {logging_mixin.py:115} INFO - [2022-08-29T20:31:49.851-0400] {dag.py:2977} INFO - Setting next_dagrun for example_skip_dag to 2022-08-29T00:31:49.850881+00:00, run_after=2022-08-30T00:31:49.850881+00:00
[2022-08-29T20:31:49.867-0400] {processor.py:161} INFO - Processing /Users/jl/Documents/Repos/GHC-2022-data-engineering-workshop/venv/lib/python3.8/site-packages/airflow/example_dags/example_skip_dag.py took 0.138 seconds
[2022-08-29T20:33:52.796-0400] {processor.py:153} INFO - Started process (PID=16283) to work on /Users/jl/Documents/Repos/GHC-2022-data-engineering-workshop/venv/lib/python3.8/site-packages/airflow/example_dags/example_skip_dag.py
[2022-08-29T20:33:52.808-0400] {processor.py:640} INFO - Processing file /Users/jl/Documents/Repos/GHC-2022-data-engineering-workshop/venv/lib/python3.8/site-packages/airflow/example_dags/example_skip_dag.py for tasks to queue
[2022-08-29T20:33:52.809-0400] {logging_mixin.py:115} INFO - [2022-08-29T20:33:52.809-0400] {dagbag.py:508} INFO - Filling up the DagBag from /Users/jl/Documents/Repos/GHC-2022-data-engineering-workshop/venv/lib/python3.8/site-packages/airflow/example_dags/example_skip_dag.py
[2022-08-29T20:33:52.828-0400] {processor.py:650} INFO - DAG(s) dict_keys(['example_skip_dag']) retrieved from /Users/jl/Documents/Repos/GHC-2022-data-engineering-workshop/venv/lib/python3.8/site-packages/airflow/example_dags/example_skip_dag.py
[2022-08-29T20:33:52.926-0400] {logging_mixin.py:115} INFO - [2022-08-29T20:33:52.926-0400] {dag.py:2429} INFO - Sync 1 DAGs
[2022-08-29T20:33:52.943-0400] {logging_mixin.py:115} INFO - [2022-08-29T20:33:52.943-0400] {dag.py:2977} INFO - Setting next_dagrun for example_skip_dag to 2022-08-29T00:33:52.943447+00:00, run_after=2022-08-30T00:33:52.943447+00:00
[2022-08-29T20:33:52.960-0400] {processor.py:161} INFO - Processing /Users/jl/Documents/Repos/GHC-2022-data-engineering-workshop/venv/lib/python3.8/site-packages/airflow/example_dags/example_skip_dag.py took 0.165 seconds
[2022-08-29T20:35:34.157-0400] {processor.py:153} INFO - Started process (PID=16390) to work on /Users/jl/Documents/Repos/GHC-2022-data-engineering-workshop/venv/lib/python3.8/site-packages/airflow/example_dags/example_skip_dag.py
[2022-08-29T20:35:34.182-0400] {processor.py:640} INFO - Processing file /Users/jl/Documents/Repos/GHC-2022-data-engineering-workshop/venv/lib/python3.8/site-packages/airflow/example_dags/example_skip_dag.py for tasks to queue
[2022-08-29T20:35:34.182-0400] {logging_mixin.py:115} INFO - [2022-08-29T20:35:34.182-0400] {dagbag.py:508} INFO - Filling up the DagBag from /Users/jl/Documents/Repos/GHC-2022-data-engineering-workshop/venv/lib/python3.8/site-packages/airflow/example_dags/example_skip_dag.py
[2022-08-29T20:35:34.257-0400] {processor.py:650} INFO - DAG(s) dict_keys(['example_skip_dag']) retrieved from /Users/jl/Documents/Repos/GHC-2022-data-engineering-workshop/venv/lib/python3.8/site-packages/airflow/example_dags/example_skip_dag.py
[2022-08-29T20:35:34.365-0400] {logging_mixin.py:115} INFO - [2022-08-29T20:35:34.365-0400] {dag.py:2429} INFO - Sync 1 DAGs
[2022-08-29T20:35:34.383-0400] {logging_mixin.py:115} INFO - [2022-08-29T20:35:34.382-0400] {dag.py:2977} INFO - Setting next_dagrun for example_skip_dag to 2022-08-29T00:35:34.382732+00:00, run_after=2022-08-30T00:35:34.382732+00:00
[2022-08-29T20:35:34.399-0400] {processor.py:161} INFO - Processing /Users/jl/Documents/Repos/GHC-2022-data-engineering-workshop/venv/lib/python3.8/site-packages/airflow/example_dags/example_skip_dag.py took 0.244 seconds
[2022-08-29T20:37:24.668-0400] {processor.py:153} INFO - Started process (PID=16510) to work on /Users/jl/Documents/Repos/GHC-2022-data-engineering-workshop/venv/lib/python3.8/site-packages/airflow/example_dags/example_skip_dag.py
[2022-08-29T20:37:24.678-0400] {processor.py:640} INFO - Processing file /Users/jl/Documents/Repos/GHC-2022-data-engineering-workshop/venv/lib/python3.8/site-packages/airflow/example_dags/example_skip_dag.py for tasks to queue
[2022-08-29T20:37:24.679-0400] {logging_mixin.py:115} INFO - [2022-08-29T20:37:24.679-0400] {dagbag.py:508} INFO - Filling up the DagBag from /Users/jl/Documents/Repos/GHC-2022-data-engineering-workshop/venv/lib/python3.8/site-packages/airflow/example_dags/example_skip_dag.py
[2022-08-29T20:37:24.695-0400] {processor.py:650} INFO - DAG(s) dict_keys(['example_skip_dag']) retrieved from /Users/jl/Documents/Repos/GHC-2022-data-engineering-workshop/venv/lib/python3.8/site-packages/airflow/example_dags/example_skip_dag.py
[2022-08-29T20:37:24.774-0400] {logging_mixin.py:115} INFO - [2022-08-29T20:37:24.774-0400] {dag.py:2429} INFO - Sync 1 DAGs
[2022-08-29T20:37:24.792-0400] {logging_mixin.py:115} INFO - [2022-08-29T20:37:24.792-0400] {dag.py:2977} INFO - Setting next_dagrun for example_skip_dag to 2022-08-29T00:37:24.792519+00:00, run_after=2022-08-30T00:37:24.792519+00:00
[2022-08-29T20:37:24.809-0400] {processor.py:161} INFO - Processing /Users/jl/Documents/Repos/GHC-2022-data-engineering-workshop/venv/lib/python3.8/site-packages/airflow/example_dags/example_skip_dag.py took 0.142 seconds
[2022-08-29T20:39:28.393-0400] {processor.py:153} INFO - Started process (PID=16620) to work on /Users/jl/Documents/Repos/GHC-2022-data-engineering-workshop/venv/lib/python3.8/site-packages/airflow/example_dags/example_skip_dag.py
[2022-08-29T20:39:28.403-0400] {processor.py:640} INFO - Processing file /Users/jl/Documents/Repos/GHC-2022-data-engineering-workshop/venv/lib/python3.8/site-packages/airflow/example_dags/example_skip_dag.py for tasks to queue
[2022-08-29T20:39:28.403-0400] {logging_mixin.py:115} INFO - [2022-08-29T20:39:28.403-0400] {dagbag.py:508} INFO - Filling up the DagBag from /Users/jl/Documents/Repos/GHC-2022-data-engineering-workshop/venv/lib/python3.8/site-packages/airflow/example_dags/example_skip_dag.py
[2022-08-29T20:39:28.420-0400] {processor.py:650} INFO - DAG(s) dict_keys(['example_skip_dag']) retrieved from /Users/jl/Documents/Repos/GHC-2022-data-engineering-workshop/venv/lib/python3.8/site-packages/airflow/example_dags/example_skip_dag.py
[2022-08-29T20:39:28.497-0400] {logging_mixin.py:115} INFO - [2022-08-29T20:39:28.497-0400] {dag.py:2429} INFO - Sync 1 DAGs
[2022-08-29T20:39:28.515-0400] {logging_mixin.py:115} INFO - [2022-08-29T20:39:28.515-0400] {dag.py:2977} INFO - Setting next_dagrun for example_skip_dag to 2022-08-29T00:39:28.515116+00:00, run_after=2022-08-30T00:39:28.515116+00:00
[2022-08-29T20:39:28.531-0400] {processor.py:161} INFO - Processing /Users/jl/Documents/Repos/GHC-2022-data-engineering-workshop/venv/lib/python3.8/site-packages/airflow/example_dags/example_skip_dag.py took 0.139 seconds
[2022-08-29T20:41:11.074-0400] {processor.py:153} INFO - Started process (PID=16711) to work on /Users/jl/Documents/Repos/GHC-2022-data-engineering-workshop/venv/lib/python3.8/site-packages/airflow/example_dags/example_skip_dag.py
[2022-08-29T20:41:11.082-0400] {processor.py:640} INFO - Processing file /Users/jl/Documents/Repos/GHC-2022-data-engineering-workshop/venv/lib/python3.8/site-packages/airflow/example_dags/example_skip_dag.py for tasks to queue
[2022-08-29T20:41:11.083-0400] {logging_mixin.py:115} INFO - [2022-08-29T20:41:11.083-0400] {dagbag.py:508} INFO - Filling up the DagBag from /Users/jl/Documents/Repos/GHC-2022-data-engineering-workshop/venv/lib/python3.8/site-packages/airflow/example_dags/example_skip_dag.py
[2022-08-29T20:41:11.098-0400] {processor.py:650} INFO - DAG(s) dict_keys(['example_skip_dag']) retrieved from /Users/jl/Documents/Repos/GHC-2022-data-engineering-workshop/venv/lib/python3.8/site-packages/airflow/example_dags/example_skip_dag.py
[2022-08-29T20:41:11.183-0400] {logging_mixin.py:115} INFO - [2022-08-29T20:41:11.183-0400] {dag.py:2429} INFO - Sync 1 DAGs
[2022-08-29T20:41:11.201-0400] {logging_mixin.py:115} INFO - [2022-08-29T20:41:11.201-0400] {dag.py:2977} INFO - Setting next_dagrun for example_skip_dag to 2022-08-29T00:41:11.200962+00:00, run_after=2022-08-30T00:41:11.200962+00:00
[2022-08-29T20:41:11.218-0400] {processor.py:161} INFO - Processing /Users/jl/Documents/Repos/GHC-2022-data-engineering-workshop/venv/lib/python3.8/site-packages/airflow/example_dags/example_skip_dag.py took 0.145 seconds
[2022-08-29T20:43:04.722-0400] {processor.py:153} INFO - Started process (PID=16811) to work on /Users/jl/Documents/Repos/GHC-2022-data-engineering-workshop/venv/lib/python3.8/site-packages/airflow/example_dags/example_skip_dag.py
[2022-08-29T20:43:04.732-0400] {processor.py:640} INFO - Processing file /Users/jl/Documents/Repos/GHC-2022-data-engineering-workshop/venv/lib/python3.8/site-packages/airflow/example_dags/example_skip_dag.py for tasks to queue
[2022-08-29T20:43:04.733-0400] {logging_mixin.py:115} INFO - [2022-08-29T20:43:04.732-0400] {dagbag.py:508} INFO - Filling up the DagBag from /Users/jl/Documents/Repos/GHC-2022-data-engineering-workshop/venv/lib/python3.8/site-packages/airflow/example_dags/example_skip_dag.py
[2022-08-29T20:43:04.749-0400] {processor.py:650} INFO - DAG(s) dict_keys(['example_skip_dag']) retrieved from /Users/jl/Documents/Repos/GHC-2022-data-engineering-workshop/venv/lib/python3.8/site-packages/airflow/example_dags/example_skip_dag.py
[2022-08-29T20:43:04.825-0400] {logging_mixin.py:115} INFO - [2022-08-29T20:43:04.825-0400] {dag.py:2429} INFO - Sync 1 DAGs
[2022-08-29T20:43:04.843-0400] {logging_mixin.py:115} INFO - [2022-08-29T20:43:04.842-0400] {dag.py:2977} INFO - Setting next_dagrun for example_skip_dag to 2022-08-29T00:43:04.842786+00:00, run_after=2022-08-30T00:43:04.842786+00:00
[2022-08-29T20:43:04.858-0400] {processor.py:161} INFO - Processing /Users/jl/Documents/Repos/GHC-2022-data-engineering-workshop/venv/lib/python3.8/site-packages/airflow/example_dags/example_skip_dag.py took 0.138 seconds
[2022-08-29T20:45:04.706-0400] {processor.py:153} INFO - Started process (PID=16920) to work on /Users/jl/Documents/Repos/GHC-2022-data-engineering-workshop/venv/lib/python3.8/site-packages/airflow/example_dags/example_skip_dag.py
[2022-08-29T20:45:04.716-0400] {processor.py:640} INFO - Processing file /Users/jl/Documents/Repos/GHC-2022-data-engineering-workshop/venv/lib/python3.8/site-packages/airflow/example_dags/example_skip_dag.py for tasks to queue
[2022-08-29T20:45:04.717-0400] {logging_mixin.py:115} INFO - [2022-08-29T20:45:04.717-0400] {dagbag.py:508} INFO - Filling up the DagBag from /Users/jl/Documents/Repos/GHC-2022-data-engineering-workshop/venv/lib/python3.8/site-packages/airflow/example_dags/example_skip_dag.py
[2022-08-29T20:45:04.734-0400] {processor.py:650} INFO - DAG(s) dict_keys(['example_skip_dag']) retrieved from /Users/jl/Documents/Repos/GHC-2022-data-engineering-workshop/venv/lib/python3.8/site-packages/airflow/example_dags/example_skip_dag.py
[2022-08-29T20:45:04.812-0400] {logging_mixin.py:115} INFO - [2022-08-29T20:45:04.812-0400] {dag.py:2429} INFO - Sync 1 DAGs
[2022-08-29T20:45:04.829-0400] {logging_mixin.py:115} INFO - [2022-08-29T20:45:04.829-0400] {dag.py:2977} INFO - Setting next_dagrun for example_skip_dag to 2022-08-29T00:45:04.829603+00:00, run_after=2022-08-30T00:45:04.829603+00:00
[2022-08-29T20:45:04.845-0400] {processor.py:161} INFO - Processing /Users/jl/Documents/Repos/GHC-2022-data-engineering-workshop/venv/lib/python3.8/site-packages/airflow/example_dags/example_skip_dag.py took 0.140 seconds
[2022-08-29T20:46:41.827-0400] {processor.py:153} INFO - Started process (PID=17007) to work on /Users/jl/Documents/Repos/GHC-2022-data-engineering-workshop/venv/lib/python3.8/site-packages/airflow/example_dags/example_skip_dag.py
[2022-08-29T20:46:41.835-0400] {processor.py:640} INFO - Processing file /Users/jl/Documents/Repos/GHC-2022-data-engineering-workshop/venv/lib/python3.8/site-packages/airflow/example_dags/example_skip_dag.py for tasks to queue
[2022-08-29T20:46:41.836-0400] {logging_mixin.py:115} INFO - [2022-08-29T20:46:41.836-0400] {dagbag.py:508} INFO - Filling up the DagBag from /Users/jl/Documents/Repos/GHC-2022-data-engineering-workshop/venv/lib/python3.8/site-packages/airflow/example_dags/example_skip_dag.py
[2022-08-29T20:46:41.851-0400] {processor.py:650} INFO - DAG(s) dict_keys(['example_skip_dag']) retrieved from /Users/jl/Documents/Repos/GHC-2022-data-engineering-workshop/venv/lib/python3.8/site-packages/airflow/example_dags/example_skip_dag.py
[2022-08-29T20:46:41.928-0400] {logging_mixin.py:115} INFO - [2022-08-29T20:46:41.927-0400] {dag.py:2429} INFO - Sync 1 DAGs
[2022-08-29T20:46:41.945-0400] {logging_mixin.py:115} INFO - [2022-08-29T20:46:41.945-0400] {dag.py:2977} INFO - Setting next_dagrun for example_skip_dag to 2022-08-29T00:46:41.945078+00:00, run_after=2022-08-30T00:46:41.945078+00:00
[2022-08-29T20:46:41.961-0400] {processor.py:161} INFO - Processing /Users/jl/Documents/Repos/GHC-2022-data-engineering-workshop/venv/lib/python3.8/site-packages/airflow/example_dags/example_skip_dag.py took 0.135 seconds
[2022-08-29T20:48:37.708-0400] {processor.py:153} INFO - Started process (PID=17111) to work on /Users/jl/Documents/Repos/GHC-2022-data-engineering-workshop/venv/lib/python3.8/site-packages/airflow/example_dags/example_skip_dag.py
[2022-08-29T20:48:37.718-0400] {processor.py:640} INFO - Processing file /Users/jl/Documents/Repos/GHC-2022-data-engineering-workshop/venv/lib/python3.8/site-packages/airflow/example_dags/example_skip_dag.py for tasks to queue
[2022-08-29T20:48:37.719-0400] {logging_mixin.py:115} INFO - [2022-08-29T20:48:37.718-0400] {dagbag.py:508} INFO - Filling up the DagBag from /Users/jl/Documents/Repos/GHC-2022-data-engineering-workshop/venv/lib/python3.8/site-packages/airflow/example_dags/example_skip_dag.py
[2022-08-29T20:48:37.737-0400] {processor.py:650} INFO - DAG(s) dict_keys(['example_skip_dag']) retrieved from /Users/jl/Documents/Repos/GHC-2022-data-engineering-workshop/venv/lib/python3.8/site-packages/airflow/example_dags/example_skip_dag.py
[2022-08-29T20:48:37.822-0400] {logging_mixin.py:115} INFO - [2022-08-29T20:48:37.822-0400] {dag.py:2429} INFO - Sync 1 DAGs
[2022-08-29T20:48:37.839-0400] {logging_mixin.py:115} INFO - [2022-08-29T20:48:37.839-0400] {dag.py:2977} INFO - Setting next_dagrun for example_skip_dag to 2022-08-29T00:48:37.839177+00:00, run_after=2022-08-30T00:48:37.839177+00:00
[2022-08-29T20:48:37.855-0400] {processor.py:161} INFO - Processing /Users/jl/Documents/Repos/GHC-2022-data-engineering-workshop/venv/lib/python3.8/site-packages/airflow/example_dags/example_skip_dag.py took 0.149 seconds
[2022-08-29T20:50:16.655-0400] {processor.py:153} INFO - Started process (PID=17200) to work on /Users/jl/Documents/Repos/GHC-2022-data-engineering-workshop/venv/lib/python3.8/site-packages/airflow/example_dags/example_skip_dag.py
[2022-08-29T20:50:16.663-0400] {processor.py:640} INFO - Processing file /Users/jl/Documents/Repos/GHC-2022-data-engineering-workshop/venv/lib/python3.8/site-packages/airflow/example_dags/example_skip_dag.py for tasks to queue
[2022-08-29T20:50:16.664-0400] {logging_mixin.py:115} INFO - [2022-08-29T20:50:16.664-0400] {dagbag.py:508} INFO - Filling up the DagBag from /Users/jl/Documents/Repos/GHC-2022-data-engineering-workshop/venv/lib/python3.8/site-packages/airflow/example_dags/example_skip_dag.py
[2022-08-29T20:50:16.679-0400] {processor.py:650} INFO - DAG(s) dict_keys(['example_skip_dag']) retrieved from /Users/jl/Documents/Repos/GHC-2022-data-engineering-workshop/venv/lib/python3.8/site-packages/airflow/example_dags/example_skip_dag.py
[2022-08-29T20:50:16.757-0400] {logging_mixin.py:115} INFO - [2022-08-29T20:50:16.757-0400] {dag.py:2429} INFO - Sync 1 DAGs
[2022-08-29T20:50:16.774-0400] {logging_mixin.py:115} INFO - [2022-08-29T20:50:16.774-0400] {dag.py:2977} INFO - Setting next_dagrun for example_skip_dag to 2022-08-29T00:50:16.774463+00:00, run_after=2022-08-30T00:50:16.774463+00:00
[2022-08-29T20:50:16.792-0400] {processor.py:161} INFO - Processing /Users/jl/Documents/Repos/GHC-2022-data-engineering-workshop/venv/lib/python3.8/site-packages/airflow/example_dags/example_skip_dag.py took 0.138 seconds
[2022-08-29T20:51:52.994-0400] {processor.py:153} INFO - Started process (PID=17289) to work on /Users/jl/Documents/Repos/GHC-2022-data-engineering-workshop/venv/lib/python3.8/site-packages/airflow/example_dags/example_skip_dag.py
[2022-08-29T20:51:53.006-0400] {processor.py:640} INFO - Processing file /Users/jl/Documents/Repos/GHC-2022-data-engineering-workshop/venv/lib/python3.8/site-packages/airflow/example_dags/example_skip_dag.py for tasks to queue
[2022-08-29T20:51:53.006-0400] {logging_mixin.py:115} INFO - [2022-08-29T20:51:53.006-0400] {dagbag.py:508} INFO - Filling up the DagBag from /Users/jl/Documents/Repos/GHC-2022-data-engineering-workshop/venv/lib/python3.8/site-packages/airflow/example_dags/example_skip_dag.py
[2022-08-29T20:51:53.021-0400] {processor.py:650} INFO - DAG(s) dict_keys(['example_skip_dag']) retrieved from /Users/jl/Documents/Repos/GHC-2022-data-engineering-workshop/venv/lib/python3.8/site-packages/airflow/example_dags/example_skip_dag.py
[2022-08-29T20:51:53.107-0400] {logging_mixin.py:115} INFO - [2022-08-29T20:51:53.107-0400] {dag.py:2429} INFO - Sync 1 DAGs
[2022-08-29T20:51:53.127-0400] {logging_mixin.py:115} INFO - [2022-08-29T20:51:53.127-0400] {dag.py:2977} INFO - Setting next_dagrun for example_skip_dag to 2022-08-29T00:51:53.126675+00:00, run_after=2022-08-30T00:51:53.126675+00:00
[2022-08-29T20:51:53.145-0400] {processor.py:161} INFO - Processing /Users/jl/Documents/Repos/GHC-2022-data-engineering-workshop/venv/lib/python3.8/site-packages/airflow/example_dags/example_skip_dag.py took 0.152 seconds
[2022-08-29T20:53:38.732-0400] {processor.py:153} INFO - Started process (PID=17383) to work on /Users/jl/Documents/Repos/GHC-2022-data-engineering-workshop/venv/lib/python3.8/site-packages/airflow/example_dags/example_skip_dag.py
[2022-08-29T20:53:38.743-0400] {processor.py:640} INFO - Processing file /Users/jl/Documents/Repos/GHC-2022-data-engineering-workshop/venv/lib/python3.8/site-packages/airflow/example_dags/example_skip_dag.py for tasks to queue
[2022-08-29T20:53:38.744-0400] {logging_mixin.py:115} INFO - [2022-08-29T20:53:38.743-0400] {dagbag.py:508} INFO - Filling up the DagBag from /Users/jl/Documents/Repos/GHC-2022-data-engineering-workshop/venv/lib/python3.8/site-packages/airflow/example_dags/example_skip_dag.py
[2022-08-29T20:53:38.762-0400] {processor.py:650} INFO - DAG(s) dict_keys(['example_skip_dag']) retrieved from /Users/jl/Documents/Repos/GHC-2022-data-engineering-workshop/venv/lib/python3.8/site-packages/airflow/example_dags/example_skip_dag.py
[2022-08-29T20:53:38.937-0400] {logging_mixin.py:115} INFO - [2022-08-29T20:53:38.937-0400] {dag.py:2429} INFO - Sync 1 DAGs
[2022-08-29T20:53:38.956-0400] {logging_mixin.py:115} INFO - [2022-08-29T20:53:38.956-0400] {dag.py:2977} INFO - Setting next_dagrun for example_skip_dag to 2022-08-29T00:53:38.956141+00:00, run_after=2022-08-30T00:53:38.956141+00:00
[2022-08-29T20:53:38.972-0400] {processor.py:161} INFO - Processing /Users/jl/Documents/Repos/GHC-2022-data-engineering-workshop/venv/lib/python3.8/site-packages/airflow/example_dags/example_skip_dag.py took 0.241 seconds
[2022-08-29T20:55:41.340-0400] {processor.py:153} INFO - Started process (PID=17480) to work on /Users/jl/Documents/Repos/GHC-2022-data-engineering-workshop/venv/lib/python3.8/site-packages/airflow/example_dags/example_skip_dag.py
[2022-08-29T20:55:41.350-0400] {processor.py:640} INFO - Processing file /Users/jl/Documents/Repos/GHC-2022-data-engineering-workshop/venv/lib/python3.8/site-packages/airflow/example_dags/example_skip_dag.py for tasks to queue
[2022-08-29T20:55:41.350-0400] {logging_mixin.py:115} INFO - [2022-08-29T20:55:41.350-0400] {dagbag.py:508} INFO - Filling up the DagBag from /Users/jl/Documents/Repos/GHC-2022-data-engineering-workshop/venv/lib/python3.8/site-packages/airflow/example_dags/example_skip_dag.py
[2022-08-29T20:55:41.368-0400] {processor.py:650} INFO - DAG(s) dict_keys(['example_skip_dag']) retrieved from /Users/jl/Documents/Repos/GHC-2022-data-engineering-workshop/venv/lib/python3.8/site-packages/airflow/example_dags/example_skip_dag.py
[2022-08-29T20:55:41.461-0400] {logging_mixin.py:115} INFO - [2022-08-29T20:55:41.460-0400] {dag.py:2429} INFO - Sync 1 DAGs
[2022-08-29T20:55:41.480-0400] {logging_mixin.py:115} INFO - [2022-08-29T20:55:41.480-0400] {dag.py:2977} INFO - Setting next_dagrun for example_skip_dag to 2022-08-29T00:55:41.480537+00:00, run_after=2022-08-30T00:55:41.480537+00:00
[2022-08-29T20:55:41.499-0400] {processor.py:161} INFO - Processing /Users/jl/Documents/Repos/GHC-2022-data-engineering-workshop/venv/lib/python3.8/site-packages/airflow/example_dags/example_skip_dag.py took 0.161 seconds
[2022-08-29T20:57:27.130-0400] {processor.py:153} INFO - Started process (PID=17573) to work on /Users/jl/Documents/Repos/GHC-2022-data-engineering-workshop/venv/lib/python3.8/site-packages/airflow/example_dags/example_skip_dag.py
[2022-08-29T20:57:27.140-0400] {processor.py:640} INFO - Processing file /Users/jl/Documents/Repos/GHC-2022-data-engineering-workshop/venv/lib/python3.8/site-packages/airflow/example_dags/example_skip_dag.py for tasks to queue
[2022-08-29T20:57:27.141-0400] {logging_mixin.py:115} INFO - [2022-08-29T20:57:27.141-0400] {dagbag.py:508} INFO - Filling up the DagBag from /Users/jl/Documents/Repos/GHC-2022-data-engineering-workshop/venv/lib/python3.8/site-packages/airflow/example_dags/example_skip_dag.py
[2022-08-29T20:57:27.157-0400] {processor.py:650} INFO - DAG(s) dict_keys(['example_skip_dag']) retrieved from /Users/jl/Documents/Repos/GHC-2022-data-engineering-workshop/venv/lib/python3.8/site-packages/airflow/example_dags/example_skip_dag.py
[2022-08-29T20:57:27.239-0400] {logging_mixin.py:115} INFO - [2022-08-29T20:57:27.238-0400] {dag.py:2429} INFO - Sync 1 DAGs
[2022-08-29T20:57:27.257-0400] {logging_mixin.py:115} INFO - [2022-08-29T20:57:27.257-0400] {dag.py:2977} INFO - Setting next_dagrun for example_skip_dag to 2022-08-29T00:57:27.257136+00:00, run_after=2022-08-30T00:57:27.257136+00:00
[2022-08-29T20:57:27.277-0400] {processor.py:161} INFO - Processing /Users/jl/Documents/Repos/GHC-2022-data-engineering-workshop/venv/lib/python3.8/site-packages/airflow/example_dags/example_skip_dag.py took 0.147 seconds
[2022-08-29T20:59:55.615-0400] {processor.py:153} INFO - Started process (PID=17726) to work on /Users/jl/Documents/Repos/GHC-2022-data-engineering-workshop/venv/lib/python3.8/site-packages/airflow/example_dags/example_skip_dag.py
[2022-08-29T20:59:55.625-0400] {processor.py:640} INFO - Processing file /Users/jl/Documents/Repos/GHC-2022-data-engineering-workshop/venv/lib/python3.8/site-packages/airflow/example_dags/example_skip_dag.py for tasks to queue
[2022-08-29T20:59:55.626-0400] {logging_mixin.py:115} INFO - [2022-08-29T20:59:55.625-0400] {dagbag.py:508} INFO - Filling up the DagBag from /Users/jl/Documents/Repos/GHC-2022-data-engineering-workshop/venv/lib/python3.8/site-packages/airflow/example_dags/example_skip_dag.py
[2022-08-29T20:59:55.642-0400] {processor.py:650} INFO - DAG(s) dict_keys(['example_skip_dag']) retrieved from /Users/jl/Documents/Repos/GHC-2022-data-engineering-workshop/venv/lib/python3.8/site-packages/airflow/example_dags/example_skip_dag.py
[2022-08-29T20:59:55.719-0400] {logging_mixin.py:115} INFO - [2022-08-29T20:59:55.718-0400] {dag.py:2429} INFO - Sync 1 DAGs
[2022-08-29T20:59:55.736-0400] {logging_mixin.py:115} INFO - [2022-08-29T20:59:55.736-0400] {dag.py:2977} INFO - Setting next_dagrun for example_skip_dag to 2022-08-29T00:59:55.736327+00:00, run_after=2022-08-30T00:59:55.736327+00:00
[2022-08-29T20:59:55.753-0400] {processor.py:161} INFO - Processing /Users/jl/Documents/Repos/GHC-2022-data-engineering-workshop/venv/lib/python3.8/site-packages/airflow/example_dags/example_skip_dag.py took 0.139 seconds
[2022-08-29T21:01:48.177-0400] {processor.py:153} INFO - Started process (PID=17832) to work on /Users/jl/Documents/Repos/GHC-2022-data-engineering-workshop/venv/lib/python3.8/site-packages/airflow/example_dags/example_skip_dag.py
[2022-08-29T21:01:48.187-0400] {processor.py:640} INFO - Processing file /Users/jl/Documents/Repos/GHC-2022-data-engineering-workshop/venv/lib/python3.8/site-packages/airflow/example_dags/example_skip_dag.py for tasks to queue
[2022-08-29T21:01:48.187-0400] {logging_mixin.py:115} INFO - [2022-08-29T21:01:48.187-0400] {dagbag.py:508} INFO - Filling up the DagBag from /Users/jl/Documents/Repos/GHC-2022-data-engineering-workshop/venv/lib/python3.8/site-packages/airflow/example_dags/example_skip_dag.py
[2022-08-29T21:01:48.205-0400] {processor.py:650} INFO - DAG(s) dict_keys(['example_skip_dag']) retrieved from /Users/jl/Documents/Repos/GHC-2022-data-engineering-workshop/venv/lib/python3.8/site-packages/airflow/example_dags/example_skip_dag.py
[2022-08-29T21:01:48.286-0400] {logging_mixin.py:115} INFO - [2022-08-29T21:01:48.285-0400] {dag.py:2429} INFO - Sync 1 DAGs
[2022-08-29T21:01:48.304-0400] {logging_mixin.py:115} INFO - [2022-08-29T21:01:48.304-0400] {dag.py:2977} INFO - Setting next_dagrun for example_skip_dag to 2022-08-29T01:01:48.303850+00:00, run_after=2022-08-30T01:01:48.303850+00:00
[2022-08-29T21:01:48.322-0400] {processor.py:161} INFO - Processing /Users/jl/Documents/Repos/GHC-2022-data-engineering-workshop/venv/lib/python3.8/site-packages/airflow/example_dags/example_skip_dag.py took 0.146 seconds
[2022-08-29T21:03:46.001-0400] {processor.py:153} INFO - Started process (PID=17978) to work on /Users/jl/Documents/Repos/GHC-2022-data-engineering-workshop/venv/lib/python3.8/site-packages/airflow/example_dags/example_skip_dag.py
[2022-08-29T21:03:46.009-0400] {processor.py:640} INFO - Processing file /Users/jl/Documents/Repos/GHC-2022-data-engineering-workshop/venv/lib/python3.8/site-packages/airflow/example_dags/example_skip_dag.py for tasks to queue
[2022-08-29T21:03:46.010-0400] {logging_mixin.py:115} INFO - [2022-08-29T21:03:46.010-0400] {dagbag.py:508} INFO - Filling up the DagBag from /Users/jl/Documents/Repos/GHC-2022-data-engineering-workshop/venv/lib/python3.8/site-packages/airflow/example_dags/example_skip_dag.py
[2022-08-29T21:03:46.025-0400] {processor.py:650} INFO - DAG(s) dict_keys(['example_skip_dag']) retrieved from /Users/jl/Documents/Repos/GHC-2022-data-engineering-workshop/venv/lib/python3.8/site-packages/airflow/example_dags/example_skip_dag.py
[2022-08-29T21:03:46.105-0400] {logging_mixin.py:115} INFO - [2022-08-29T21:03:46.105-0400] {dag.py:2429} INFO - Sync 1 DAGs
[2022-08-29T21:03:46.123-0400] {logging_mixin.py:115} INFO - [2022-08-29T21:03:46.123-0400] {dag.py:2977} INFO - Setting next_dagrun for example_skip_dag to 2022-08-29T01:03:46.122938+00:00, run_after=2022-08-30T01:03:46.122938+00:00
[2022-08-29T21:03:46.140-0400] {processor.py:161} INFO - Processing /Users/jl/Documents/Repos/GHC-2022-data-engineering-workshop/venv/lib/python3.8/site-packages/airflow/example_dags/example_skip_dag.py took 0.140 seconds
[2022-08-29T21:05:21.129-0400] {processor.py:153} INFO - Started process (PID=18063) to work on /Users/jl/Documents/Repos/GHC-2022-data-engineering-workshop/venv/lib/python3.8/site-packages/airflow/example_dags/example_skip_dag.py
[2022-08-29T21:05:21.138-0400] {processor.py:640} INFO - Processing file /Users/jl/Documents/Repos/GHC-2022-data-engineering-workshop/venv/lib/python3.8/site-packages/airflow/example_dags/example_skip_dag.py for tasks to queue
[2022-08-29T21:05:21.138-0400] {logging_mixin.py:115} INFO - [2022-08-29T21:05:21.138-0400] {dagbag.py:508} INFO - Filling up the DagBag from /Users/jl/Documents/Repos/GHC-2022-data-engineering-workshop/venv/lib/python3.8/site-packages/airflow/example_dags/example_skip_dag.py
[2022-08-29T21:05:21.153-0400] {processor.py:650} INFO - DAG(s) dict_keys(['example_skip_dag']) retrieved from /Users/jl/Documents/Repos/GHC-2022-data-engineering-workshop/venv/lib/python3.8/site-packages/airflow/example_dags/example_skip_dag.py
[2022-08-29T21:05:21.233-0400] {logging_mixin.py:115} INFO - [2022-08-29T21:05:21.233-0400] {dag.py:2429} INFO - Sync 1 DAGs
[2022-08-29T21:05:21.252-0400] {logging_mixin.py:115} INFO - [2022-08-29T21:05:21.251-0400] {dag.py:2977} INFO - Setting next_dagrun for example_skip_dag to 2022-08-29T01:05:21.251666+00:00, run_after=2022-08-30T01:05:21.251666+00:00
[2022-08-29T21:05:21.268-0400] {processor.py:161} INFO - Processing /Users/jl/Documents/Repos/GHC-2022-data-engineering-workshop/venv/lib/python3.8/site-packages/airflow/example_dags/example_skip_dag.py took 0.140 seconds
[2022-08-29T21:06:55.627-0400] {processor.py:153} INFO - Started process (PID=18148) to work on /Users/jl/Documents/Repos/GHC-2022-data-engineering-workshop/venv/lib/python3.8/site-packages/airflow/example_dags/example_skip_dag.py
[2022-08-29T21:06:55.636-0400] {processor.py:640} INFO - Processing file /Users/jl/Documents/Repos/GHC-2022-data-engineering-workshop/venv/lib/python3.8/site-packages/airflow/example_dags/example_skip_dag.py for tasks to queue
[2022-08-29T21:06:55.636-0400] {logging_mixin.py:115} INFO - [2022-08-29T21:06:55.636-0400] {dagbag.py:508} INFO - Filling up the DagBag from /Users/jl/Documents/Repos/GHC-2022-data-engineering-workshop/venv/lib/python3.8/site-packages/airflow/example_dags/example_skip_dag.py
[2022-08-29T21:06:55.651-0400] {processor.py:650} INFO - DAG(s) dict_keys(['example_skip_dag']) retrieved from /Users/jl/Documents/Repos/GHC-2022-data-engineering-workshop/venv/lib/python3.8/site-packages/airflow/example_dags/example_skip_dag.py
[2022-08-29T21:06:55.727-0400] {logging_mixin.py:115} INFO - [2022-08-29T21:06:55.727-0400] {dag.py:2429} INFO - Sync 1 DAGs
[2022-08-29T21:06:55.744-0400] {logging_mixin.py:115} INFO - [2022-08-29T21:06:55.744-0400] {dag.py:2977} INFO - Setting next_dagrun for example_skip_dag to 2022-08-29T01:06:55.744411+00:00, run_after=2022-08-30T01:06:55.744411+00:00
[2022-08-29T21:06:55.761-0400] {processor.py:161} INFO - Processing /Users/jl/Documents/Repos/GHC-2022-data-engineering-workshop/venv/lib/python3.8/site-packages/airflow/example_dags/example_skip_dag.py took 0.135 seconds
[2022-08-29T21:08:32.722-0400] {processor.py:153} INFO - Started process (PID=18239) to work on /Users/jl/Documents/Repos/GHC-2022-data-engineering-workshop/venv/lib/python3.8/site-packages/airflow/example_dags/example_skip_dag.py
[2022-08-29T21:08:32.730-0400] {processor.py:640} INFO - Processing file /Users/jl/Documents/Repos/GHC-2022-data-engineering-workshop/venv/lib/python3.8/site-packages/airflow/example_dags/example_skip_dag.py for tasks to queue
[2022-08-29T21:08:32.731-0400] {logging_mixin.py:115} INFO - [2022-08-29T21:08:32.731-0400] {dagbag.py:508} INFO - Filling up the DagBag from /Users/jl/Documents/Repos/GHC-2022-data-engineering-workshop/venv/lib/python3.8/site-packages/airflow/example_dags/example_skip_dag.py
[2022-08-29T21:08:32.747-0400] {processor.py:650} INFO - DAG(s) dict_keys(['example_skip_dag']) retrieved from /Users/jl/Documents/Repos/GHC-2022-data-engineering-workshop/venv/lib/python3.8/site-packages/airflow/example_dags/example_skip_dag.py
[2022-08-29T21:08:32.826-0400] {logging_mixin.py:115} INFO - [2022-08-29T21:08:32.826-0400] {dag.py:2429} INFO - Sync 1 DAGs
[2022-08-29T21:08:32.843-0400] {logging_mixin.py:115} INFO - [2022-08-29T21:08:32.843-0400] {dag.py:2977} INFO - Setting next_dagrun for example_skip_dag to 2022-08-29T01:08:32.843337+00:00, run_after=2022-08-30T01:08:32.843337+00:00
[2022-08-29T21:08:32.859-0400] {processor.py:161} INFO - Processing /Users/jl/Documents/Repos/GHC-2022-data-engineering-workshop/venv/lib/python3.8/site-packages/airflow/example_dags/example_skip_dag.py took 0.138 seconds
[2022-08-29T21:10:10.057-0400] {processor.py:153} INFO - Started process (PID=18326) to work on /Users/jl/Documents/Repos/GHC-2022-data-engineering-workshop/venv/lib/python3.8/site-packages/airflow/example_dags/example_skip_dag.py
[2022-08-29T21:10:10.065-0400] {processor.py:640} INFO - Processing file /Users/jl/Documents/Repos/GHC-2022-data-engineering-workshop/venv/lib/python3.8/site-packages/airflow/example_dags/example_skip_dag.py for tasks to queue
[2022-08-29T21:10:10.066-0400] {logging_mixin.py:115} INFO - [2022-08-29T21:10:10.066-0400] {dagbag.py:508} INFO - Filling up the DagBag from /Users/jl/Documents/Repos/GHC-2022-data-engineering-workshop/venv/lib/python3.8/site-packages/airflow/example_dags/example_skip_dag.py
[2022-08-29T21:10:10.081-0400] {processor.py:650} INFO - DAG(s) dict_keys(['example_skip_dag']) retrieved from /Users/jl/Documents/Repos/GHC-2022-data-engineering-workshop/venv/lib/python3.8/site-packages/airflow/example_dags/example_skip_dag.py
[2022-08-29T21:10:10.160-0400] {logging_mixin.py:115} INFO - [2022-08-29T21:10:10.160-0400] {dag.py:2429} INFO - Sync 1 DAGs
[2022-08-29T21:10:10.178-0400] {logging_mixin.py:115} INFO - [2022-08-29T21:10:10.178-0400] {dag.py:2977} INFO - Setting next_dagrun for example_skip_dag to 2022-08-29T01:10:10.178060+00:00, run_after=2022-08-30T01:10:10.178060+00:00
[2022-08-29T21:10:10.195-0400] {processor.py:161} INFO - Processing /Users/jl/Documents/Repos/GHC-2022-data-engineering-workshop/venv/lib/python3.8/site-packages/airflow/example_dags/example_skip_dag.py took 0.139 seconds
[2022-08-29T21:11:52.513-0400] {processor.py:153} INFO - Started process (PID=18418) to work on /Users/jl/Documents/Repos/GHC-2022-data-engineering-workshop/venv/lib/python3.8/site-packages/airflow/example_dags/example_skip_dag.py
[2022-08-29T21:11:52.522-0400] {processor.py:640} INFO - Processing file /Users/jl/Documents/Repos/GHC-2022-data-engineering-workshop/venv/lib/python3.8/site-packages/airflow/example_dags/example_skip_dag.py for tasks to queue
[2022-08-29T21:11:52.522-0400] {logging_mixin.py:115} INFO - [2022-08-29T21:11:52.522-0400] {dagbag.py:508} INFO - Filling up the DagBag from /Users/jl/Documents/Repos/GHC-2022-data-engineering-workshop/venv/lib/python3.8/site-packages/airflow/example_dags/example_skip_dag.py
[2022-08-29T21:11:52.539-0400] {processor.py:650} INFO - DAG(s) dict_keys(['example_skip_dag']) retrieved from /Users/jl/Documents/Repos/GHC-2022-data-engineering-workshop/venv/lib/python3.8/site-packages/airflow/example_dags/example_skip_dag.py
[2022-08-29T21:11:52.617-0400] {logging_mixin.py:115} INFO - [2022-08-29T21:11:52.617-0400] {dag.py:2429} INFO - Sync 1 DAGs
[2022-08-29T21:11:52.635-0400] {logging_mixin.py:115} INFO - [2022-08-29T21:11:52.634-0400] {dag.py:2977} INFO - Setting next_dagrun for example_skip_dag to 2022-08-29T01:11:52.634633+00:00, run_after=2022-08-30T01:11:52.634633+00:00
[2022-08-29T21:11:52.650-0400] {processor.py:161} INFO - Processing /Users/jl/Documents/Repos/GHC-2022-data-engineering-workshop/venv/lib/python3.8/site-packages/airflow/example_dags/example_skip_dag.py took 0.138 seconds
[2022-08-29T21:13:49.940-0400] {processor.py:153} INFO - Started process (PID=18551) to work on /Users/jl/Documents/Repos/GHC-2022-data-engineering-workshop/venv/lib/python3.8/site-packages/airflow/example_dags/example_skip_dag.py
[2022-08-29T21:13:49.949-0400] {processor.py:640} INFO - Processing file /Users/jl/Documents/Repos/GHC-2022-data-engineering-workshop/venv/lib/python3.8/site-packages/airflow/example_dags/example_skip_dag.py for tasks to queue
[2022-08-29T21:13:49.950-0400] {logging_mixin.py:115} INFO - [2022-08-29T21:13:49.950-0400] {dagbag.py:508} INFO - Filling up the DagBag from /Users/jl/Documents/Repos/GHC-2022-data-engineering-workshop/venv/lib/python3.8/site-packages/airflow/example_dags/example_skip_dag.py
[2022-08-29T21:13:49.967-0400] {processor.py:650} INFO - DAG(s) dict_keys(['example_skip_dag']) retrieved from /Users/jl/Documents/Repos/GHC-2022-data-engineering-workshop/venv/lib/python3.8/site-packages/airflow/example_dags/example_skip_dag.py
[2022-08-29T21:13:50.045-0400] {logging_mixin.py:115} INFO - [2022-08-29T21:13:50.045-0400] {dag.py:2429} INFO - Sync 1 DAGs
[2022-08-29T21:13:50.063-0400] {logging_mixin.py:115} INFO - [2022-08-29T21:13:50.063-0400] {dag.py:2977} INFO - Setting next_dagrun for example_skip_dag to 2022-08-29T01:13:50.063036+00:00, run_after=2022-08-30T01:13:50.063036+00:00
[2022-08-29T21:13:50.079-0400] {processor.py:161} INFO - Processing /Users/jl/Documents/Repos/GHC-2022-data-engineering-workshop/venv/lib/python3.8/site-packages/airflow/example_dags/example_skip_dag.py took 0.141 seconds
[2022-08-29T21:15:29.748-0400] {processor.py:153} INFO - Started process (PID=18637) to work on /Users/jl/Documents/Repos/GHC-2022-data-engineering-workshop/venv/lib/python3.8/site-packages/airflow/example_dags/example_skip_dag.py
[2022-08-29T21:15:29.757-0400] {processor.py:640} INFO - Processing file /Users/jl/Documents/Repos/GHC-2022-data-engineering-workshop/venv/lib/python3.8/site-packages/airflow/example_dags/example_skip_dag.py for tasks to queue
[2022-08-29T21:15:29.757-0400] {logging_mixin.py:115} INFO - [2022-08-29T21:15:29.757-0400] {dagbag.py:508} INFO - Filling up the DagBag from /Users/jl/Documents/Repos/GHC-2022-data-engineering-workshop/venv/lib/python3.8/site-packages/airflow/example_dags/example_skip_dag.py
[2022-08-29T21:15:29.772-0400] {processor.py:650} INFO - DAG(s) dict_keys(['example_skip_dag']) retrieved from /Users/jl/Documents/Repos/GHC-2022-data-engineering-workshop/venv/lib/python3.8/site-packages/airflow/example_dags/example_skip_dag.py
[2022-08-29T21:15:29.849-0400] {logging_mixin.py:115} INFO - [2022-08-29T21:15:29.849-0400] {dag.py:2429} INFO - Sync 1 DAGs
[2022-08-29T21:15:29.867-0400] {logging_mixin.py:115} INFO - [2022-08-29T21:15:29.867-0400] {dag.py:2977} INFO - Setting next_dagrun for example_skip_dag to 2022-08-29T01:15:29.867050+00:00, run_after=2022-08-30T01:15:29.867050+00:00
[2022-08-29T21:15:29.883-0400] {processor.py:161} INFO - Processing /Users/jl/Documents/Repos/GHC-2022-data-engineering-workshop/venv/lib/python3.8/site-packages/airflow/example_dags/example_skip_dag.py took 0.136 seconds
[2022-08-29T21:17:00.203-0400] {processor.py:153} INFO - Started process (PID=18724) to work on /Users/jl/Documents/Repos/GHC-2022-data-engineering-workshop/venv/lib/python3.8/site-packages/airflow/example_dags/example_skip_dag.py
[2022-08-29T21:17:00.212-0400] {processor.py:640} INFO - Processing file /Users/jl/Documents/Repos/GHC-2022-data-engineering-workshop/venv/lib/python3.8/site-packages/airflow/example_dags/example_skip_dag.py for tasks to queue
[2022-08-29T21:17:00.213-0400] {logging_mixin.py:115} INFO - [2022-08-29T21:17:00.212-0400] {dagbag.py:508} INFO - Filling up the DagBag from /Users/jl/Documents/Repos/GHC-2022-data-engineering-workshop/venv/lib/python3.8/site-packages/airflow/example_dags/example_skip_dag.py
[2022-08-29T21:17:00.227-0400] {processor.py:650} INFO - DAG(s) dict_keys(['example_skip_dag']) retrieved from /Users/jl/Documents/Repos/GHC-2022-data-engineering-workshop/venv/lib/python3.8/site-packages/airflow/example_dags/example_skip_dag.py
[2022-08-29T21:17:00.310-0400] {logging_mixin.py:115} INFO - [2022-08-29T21:17:00.310-0400] {dag.py:2429} INFO - Sync 1 DAGs
[2022-08-29T21:17:00.327-0400] {logging_mixin.py:115} INFO - [2022-08-29T21:17:00.327-0400] {dag.py:2977} INFO - Setting next_dagrun for example_skip_dag to 2022-08-29T01:17:00.327551+00:00, run_after=2022-08-30T01:17:00.327551+00:00
[2022-08-29T21:17:00.344-0400] {processor.py:161} INFO - Processing /Users/jl/Documents/Repos/GHC-2022-data-engineering-workshop/venv/lib/python3.8/site-packages/airflow/example_dags/example_skip_dag.py took 0.142 seconds
[2022-08-29T21:18:31.208-0400] {processor.py:153} INFO - Started process (PID=18810) to work on /Users/jl/Documents/Repos/GHC-2022-data-engineering-workshop/venv/lib/python3.8/site-packages/airflow/example_dags/example_skip_dag.py
[2022-08-29T21:18:31.216-0400] {processor.py:640} INFO - Processing file /Users/jl/Documents/Repos/GHC-2022-data-engineering-workshop/venv/lib/python3.8/site-packages/airflow/example_dags/example_skip_dag.py for tasks to queue
[2022-08-29T21:18:31.217-0400] {logging_mixin.py:115} INFO - [2022-08-29T21:18:31.216-0400] {dagbag.py:508} INFO - Filling up the DagBag from /Users/jl/Documents/Repos/GHC-2022-data-engineering-workshop/venv/lib/python3.8/site-packages/airflow/example_dags/example_skip_dag.py
[2022-08-29T21:18:31.231-0400] {processor.py:650} INFO - DAG(s) dict_keys(['example_skip_dag']) retrieved from /Users/jl/Documents/Repos/GHC-2022-data-engineering-workshop/venv/lib/python3.8/site-packages/airflow/example_dags/example_skip_dag.py
[2022-08-29T21:18:31.309-0400] {logging_mixin.py:115} INFO - [2022-08-29T21:18:31.309-0400] {dag.py:2429} INFO - Sync 1 DAGs
[2022-08-29T21:18:31.327-0400] {logging_mixin.py:115} INFO - [2022-08-29T21:18:31.326-0400] {dag.py:2977} INFO - Setting next_dagrun for example_skip_dag to 2022-08-29T01:18:31.326670+00:00, run_after=2022-08-30T01:18:31.326670+00:00
[2022-08-29T21:18:31.343-0400] {processor.py:161} INFO - Processing /Users/jl/Documents/Repos/GHC-2022-data-engineering-workshop/venv/lib/python3.8/site-packages/airflow/example_dags/example_skip_dag.py took 0.136 seconds
[2022-08-29T21:20:10.294-0400] {processor.py:153} INFO - Started process (PID=18897) to work on /Users/jl/Documents/Repos/GHC-2022-data-engineering-workshop/venv/lib/python3.8/site-packages/airflow/example_dags/example_skip_dag.py
[2022-08-29T21:20:10.304-0400] {processor.py:640} INFO - Processing file /Users/jl/Documents/Repos/GHC-2022-data-engineering-workshop/venv/lib/python3.8/site-packages/airflow/example_dags/example_skip_dag.py for tasks to queue
[2022-08-29T21:20:10.305-0400] {logging_mixin.py:115} INFO - [2022-08-29T21:20:10.305-0400] {dagbag.py:508} INFO - Filling up the DagBag from /Users/jl/Documents/Repos/GHC-2022-data-engineering-workshop/venv/lib/python3.8/site-packages/airflow/example_dags/example_skip_dag.py
[2022-08-29T21:20:10.321-0400] {processor.py:650} INFO - DAG(s) dict_keys(['example_skip_dag']) retrieved from /Users/jl/Documents/Repos/GHC-2022-data-engineering-workshop/venv/lib/python3.8/site-packages/airflow/example_dags/example_skip_dag.py
[2022-08-29T21:20:10.399-0400] {logging_mixin.py:115} INFO - [2022-08-29T21:20:10.399-0400] {dag.py:2429} INFO - Sync 1 DAGs
[2022-08-29T21:20:10.416-0400] {logging_mixin.py:115} INFO - [2022-08-29T21:20:10.416-0400] {dag.py:2977} INFO - Setting next_dagrun for example_skip_dag to 2022-08-29T01:20:10.416370+00:00, run_after=2022-08-30T01:20:10.416370+00:00
[2022-08-29T21:20:10.432-0400] {processor.py:161} INFO - Processing /Users/jl/Documents/Repos/GHC-2022-data-engineering-workshop/venv/lib/python3.8/site-packages/airflow/example_dags/example_skip_dag.py took 0.139 seconds
[2022-08-29T21:21:44.318-0400] {processor.py:153} INFO - Started process (PID=18984) to work on /Users/jl/Documents/Repos/GHC-2022-data-engineering-workshop/venv/lib/python3.8/site-packages/airflow/example_dags/example_skip_dag.py
[2022-08-29T21:21:44.326-0400] {processor.py:640} INFO - Processing file /Users/jl/Documents/Repos/GHC-2022-data-engineering-workshop/venv/lib/python3.8/site-packages/airflow/example_dags/example_skip_dag.py for tasks to queue
[2022-08-29T21:21:44.327-0400] {logging_mixin.py:115} INFO - [2022-08-29T21:21:44.327-0400] {dagbag.py:508} INFO - Filling up the DagBag from /Users/jl/Documents/Repos/GHC-2022-data-engineering-workshop/venv/lib/python3.8/site-packages/airflow/example_dags/example_skip_dag.py
[2022-08-29T21:21:44.342-0400] {processor.py:650} INFO - DAG(s) dict_keys(['example_skip_dag']) retrieved from /Users/jl/Documents/Repos/GHC-2022-data-engineering-workshop/venv/lib/python3.8/site-packages/airflow/example_dags/example_skip_dag.py
[2022-08-29T21:21:44.419-0400] {logging_mixin.py:115} INFO - [2022-08-29T21:21:44.419-0400] {dag.py:2429} INFO - Sync 1 DAGs
[2022-08-29T21:21:44.436-0400] {logging_mixin.py:115} INFO - [2022-08-29T21:21:44.436-0400] {dag.py:2977} INFO - Setting next_dagrun for example_skip_dag to 2022-08-29T01:21:44.436396+00:00, run_after=2022-08-30T01:21:44.436396+00:00
[2022-08-29T21:21:44.452-0400] {processor.py:161} INFO - Processing /Users/jl/Documents/Repos/GHC-2022-data-engineering-workshop/venv/lib/python3.8/site-packages/airflow/example_dags/example_skip_dag.py took 0.135 seconds
[2022-08-29T21:23:21.745-0400] {processor.py:153} INFO - Started process (PID=19072) to work on /Users/jl/Documents/Repos/GHC-2022-data-engineering-workshop/venv/lib/python3.8/site-packages/airflow/example_dags/example_skip_dag.py
[2022-08-29T21:23:21.753-0400] {processor.py:640} INFO - Processing file /Users/jl/Documents/Repos/GHC-2022-data-engineering-workshop/venv/lib/python3.8/site-packages/airflow/example_dags/example_skip_dag.py for tasks to queue
[2022-08-29T21:23:21.754-0400] {logging_mixin.py:115} INFO - [2022-08-29T21:23:21.754-0400] {dagbag.py:508} INFO - Filling up the DagBag from /Users/jl/Documents/Repos/GHC-2022-data-engineering-workshop/venv/lib/python3.8/site-packages/airflow/example_dags/example_skip_dag.py
[2022-08-29T21:23:21.769-0400] {processor.py:650} INFO - DAG(s) dict_keys(['example_skip_dag']) retrieved from /Users/jl/Documents/Repos/GHC-2022-data-engineering-workshop/venv/lib/python3.8/site-packages/airflow/example_dags/example_skip_dag.py
[2022-08-29T21:23:21.846-0400] {logging_mixin.py:115} INFO - [2022-08-29T21:23:21.846-0400] {dag.py:2429} INFO - Sync 1 DAGs
[2022-08-29T21:23:21.864-0400] {logging_mixin.py:115} INFO - [2022-08-29T21:23:21.863-0400] {dag.py:2977} INFO - Setting next_dagrun for example_skip_dag to 2022-08-29T01:23:21.863746+00:00, run_after=2022-08-30T01:23:21.863746+00:00
[2022-08-29T21:23:21.880-0400] {processor.py:161} INFO - Processing /Users/jl/Documents/Repos/GHC-2022-data-engineering-workshop/venv/lib/python3.8/site-packages/airflow/example_dags/example_skip_dag.py took 0.136 seconds
[2022-08-29T21:24:59.513-0400] {processor.py:153} INFO - Started process (PID=19160) to work on /Users/jl/Documents/Repos/GHC-2022-data-engineering-workshop/venv/lib/python3.8/site-packages/airflow/example_dags/example_skip_dag.py
[2022-08-29T21:24:59.521-0400] {processor.py:640} INFO - Processing file /Users/jl/Documents/Repos/GHC-2022-data-engineering-workshop/venv/lib/python3.8/site-packages/airflow/example_dags/example_skip_dag.py for tasks to queue
[2022-08-29T21:24:59.522-0400] {logging_mixin.py:115} INFO - [2022-08-29T21:24:59.522-0400] {dagbag.py:508} INFO - Filling up the DagBag from /Users/jl/Documents/Repos/GHC-2022-data-engineering-workshop/venv/lib/python3.8/site-packages/airflow/example_dags/example_skip_dag.py
[2022-08-29T21:24:59.537-0400] {processor.py:650} INFO - DAG(s) dict_keys(['example_skip_dag']) retrieved from /Users/jl/Documents/Repos/GHC-2022-data-engineering-workshop/venv/lib/python3.8/site-packages/airflow/example_dags/example_skip_dag.py
[2022-08-29T21:24:59.614-0400] {logging_mixin.py:115} INFO - [2022-08-29T21:24:59.614-0400] {dag.py:2429} INFO - Sync 1 DAGs
[2022-08-29T21:24:59.632-0400] {logging_mixin.py:115} INFO - [2022-08-29T21:24:59.631-0400] {dag.py:2977} INFO - Setting next_dagrun for example_skip_dag to 2022-08-29T01:24:59.631546+00:00, run_after=2022-08-30T01:24:59.631546+00:00
[2022-08-29T21:24:59.647-0400] {processor.py:161} INFO - Processing /Users/jl/Documents/Repos/GHC-2022-data-engineering-workshop/venv/lib/python3.8/site-packages/airflow/example_dags/example_skip_dag.py took 0.135 seconds
[2022-08-29T21:26:30.807-0400] {processor.py:153} INFO - Started process (PID=19243) to work on /Users/jl/Documents/Repos/GHC-2022-data-engineering-workshop/venv/lib/python3.8/site-packages/airflow/example_dags/example_skip_dag.py
[2022-08-29T21:26:30.817-0400] {processor.py:640} INFO - Processing file /Users/jl/Documents/Repos/GHC-2022-data-engineering-workshop/venv/lib/python3.8/site-packages/airflow/example_dags/example_skip_dag.py for tasks to queue
[2022-08-29T21:26:30.818-0400] {logging_mixin.py:115} INFO - [2022-08-29T21:26:30.818-0400] {dagbag.py:508} INFO - Filling up the DagBag from /Users/jl/Documents/Repos/GHC-2022-data-engineering-workshop/venv/lib/python3.8/site-packages/airflow/example_dags/example_skip_dag.py
[2022-08-29T21:26:30.835-0400] {processor.py:650} INFO - DAG(s) dict_keys(['example_skip_dag']) retrieved from /Users/jl/Documents/Repos/GHC-2022-data-engineering-workshop/venv/lib/python3.8/site-packages/airflow/example_dags/example_skip_dag.py
[2022-08-29T21:26:30.912-0400] {logging_mixin.py:115} INFO - [2022-08-29T21:26:30.912-0400] {dag.py:2429} INFO - Sync 1 DAGs
[2022-08-29T21:26:30.930-0400] {logging_mixin.py:115} INFO - [2022-08-29T21:26:30.930-0400] {dag.py:2977} INFO - Setting next_dagrun for example_skip_dag to 2022-08-29T01:26:30.930123+00:00, run_after=2022-08-30T01:26:30.930123+00:00
[2022-08-29T21:26:30.946-0400] {processor.py:161} INFO - Processing /Users/jl/Documents/Repos/GHC-2022-data-engineering-workshop/venv/lib/python3.8/site-packages/airflow/example_dags/example_skip_dag.py took 0.140 seconds
[2022-08-29T21:28:15.770-0400] {processor.py:153} INFO - Started process (PID=19341) to work on /Users/jl/Documents/Repos/GHC-2022-data-engineering-workshop/venv/lib/python3.8/site-packages/airflow/example_dags/example_skip_dag.py
[2022-08-29T21:28:15.780-0400] {processor.py:640} INFO - Processing file /Users/jl/Documents/Repos/GHC-2022-data-engineering-workshop/venv/lib/python3.8/site-packages/airflow/example_dags/example_skip_dag.py for tasks to queue
[2022-08-29T21:28:15.781-0400] {logging_mixin.py:115} INFO - [2022-08-29T21:28:15.781-0400] {dagbag.py:508} INFO - Filling up the DagBag from /Users/jl/Documents/Repos/GHC-2022-data-engineering-workshop/venv/lib/python3.8/site-packages/airflow/example_dags/example_skip_dag.py
[2022-08-29T21:28:15.795-0400] {processor.py:650} INFO - DAG(s) dict_keys(['example_skip_dag']) retrieved from /Users/jl/Documents/Repos/GHC-2022-data-engineering-workshop/venv/lib/python3.8/site-packages/airflow/example_dags/example_skip_dag.py
[2022-08-29T21:28:15.873-0400] {logging_mixin.py:115} INFO - [2022-08-29T21:28:15.873-0400] {dag.py:2429} INFO - Sync 1 DAGs
[2022-08-29T21:28:15.890-0400] {logging_mixin.py:115} INFO - [2022-08-29T21:28:15.890-0400] {dag.py:2977} INFO - Setting next_dagrun for example_skip_dag to 2022-08-29T01:28:15.890455+00:00, run_after=2022-08-30T01:28:15.890455+00:00
[2022-08-29T21:28:15.907-0400] {processor.py:161} INFO - Processing /Users/jl/Documents/Repos/GHC-2022-data-engineering-workshop/venv/lib/python3.8/site-packages/airflow/example_dags/example_skip_dag.py took 0.138 seconds
[2022-08-29T21:29:56.298-0400] {processor.py:153} INFO - Started process (PID=19428) to work on /Users/jl/Documents/Repos/GHC-2022-data-engineering-workshop/venv/lib/python3.8/site-packages/airflow/example_dags/example_skip_dag.py
[2022-08-29T21:29:56.306-0400] {processor.py:640} INFO - Processing file /Users/jl/Documents/Repos/GHC-2022-data-engineering-workshop/venv/lib/python3.8/site-packages/airflow/example_dags/example_skip_dag.py for tasks to queue
[2022-08-29T21:29:56.307-0400] {logging_mixin.py:115} INFO - [2022-08-29T21:29:56.306-0400] {dagbag.py:508} INFO - Filling up the DagBag from /Users/jl/Documents/Repos/GHC-2022-data-engineering-workshop/venv/lib/python3.8/site-packages/airflow/example_dags/example_skip_dag.py
[2022-08-29T21:29:56.321-0400] {processor.py:650} INFO - DAG(s) dict_keys(['example_skip_dag']) retrieved from /Users/jl/Documents/Repos/GHC-2022-data-engineering-workshop/venv/lib/python3.8/site-packages/airflow/example_dags/example_skip_dag.py
[2022-08-29T21:29:56.403-0400] {logging_mixin.py:115} INFO - [2022-08-29T21:29:56.402-0400] {dag.py:2429} INFO - Sync 1 DAGs
[2022-08-29T21:29:56.421-0400] {logging_mixin.py:115} INFO - [2022-08-29T21:29:56.420-0400] {dag.py:2977} INFO - Setting next_dagrun for example_skip_dag to 2022-08-29T01:29:56.420801+00:00, run_after=2022-08-30T01:29:56.420801+00:00
[2022-08-29T21:29:56.438-0400] {processor.py:161} INFO - Processing /Users/jl/Documents/Repos/GHC-2022-data-engineering-workshop/venv/lib/python3.8/site-packages/airflow/example_dags/example_skip_dag.py took 0.140 seconds
[2022-08-29T21:31:53.633-0400] {processor.py:153} INFO - Started process (PID=19530) to work on /Users/jl/Documents/Repos/GHC-2022-data-engineering-workshop/venv/lib/python3.8/site-packages/airflow/example_dags/example_skip_dag.py
[2022-08-29T21:31:53.643-0400] {processor.py:640} INFO - Processing file /Users/jl/Documents/Repos/GHC-2022-data-engineering-workshop/venv/lib/python3.8/site-packages/airflow/example_dags/example_skip_dag.py for tasks to queue
[2022-08-29T21:31:53.644-0400] {logging_mixin.py:115} INFO - [2022-08-29T21:31:53.643-0400] {dagbag.py:508} INFO - Filling up the DagBag from /Users/jl/Documents/Repos/GHC-2022-data-engineering-workshop/venv/lib/python3.8/site-packages/airflow/example_dags/example_skip_dag.py
[2022-08-29T21:31:53.660-0400] {processor.py:650} INFO - DAG(s) dict_keys(['example_skip_dag']) retrieved from /Users/jl/Documents/Repos/GHC-2022-data-engineering-workshop/venv/lib/python3.8/site-packages/airflow/example_dags/example_skip_dag.py
[2022-08-29T21:31:53.744-0400] {logging_mixin.py:115} INFO - [2022-08-29T21:31:53.744-0400] {dag.py:2429} INFO - Sync 1 DAGs
[2022-08-29T21:31:53.763-0400] {logging_mixin.py:115} INFO - [2022-08-29T21:31:53.763-0400] {dag.py:2977} INFO - Setting next_dagrun for example_skip_dag to 2022-08-29T01:31:53.762892+00:00, run_after=2022-08-30T01:31:53.762892+00:00
[2022-08-29T21:31:53.779-0400] {processor.py:161} INFO - Processing /Users/jl/Documents/Repos/GHC-2022-data-engineering-workshop/venv/lib/python3.8/site-packages/airflow/example_dags/example_skip_dag.py took 0.148 seconds
[2022-08-29T21:33:47.319-0400] {processor.py:153} INFO - Started process (PID=19629) to work on /Users/jl/Documents/Repos/GHC-2022-data-engineering-workshop/venv/lib/python3.8/site-packages/airflow/example_dags/example_skip_dag.py
[2022-08-29T21:33:47.340-0400] {processor.py:640} INFO - Processing file /Users/jl/Documents/Repos/GHC-2022-data-engineering-workshop/venv/lib/python3.8/site-packages/airflow/example_dags/example_skip_dag.py for tasks to queue
[2022-08-29T21:33:47.343-0400] {logging_mixin.py:115} INFO - [2022-08-29T21:33:47.341-0400] {dagbag.py:508} INFO - Filling up the DagBag from /Users/jl/Documents/Repos/GHC-2022-data-engineering-workshop/venv/lib/python3.8/site-packages/airflow/example_dags/example_skip_dag.py
[2022-08-29T21:33:47.386-0400] {processor.py:650} INFO - DAG(s) dict_keys(['example_skip_dag']) retrieved from /Users/jl/Documents/Repos/GHC-2022-data-engineering-workshop/venv/lib/python3.8/site-packages/airflow/example_dags/example_skip_dag.py
[2022-08-29T21:33:47.560-0400] {logging_mixin.py:115} INFO - [2022-08-29T21:33:47.560-0400] {dag.py:2429} INFO - Sync 1 DAGs
[2022-08-29T21:33:47.594-0400] {logging_mixin.py:115} INFO - [2022-08-29T21:33:47.594-0400] {dag.py:2977} INFO - Setting next_dagrun for example_skip_dag to 2022-08-29T01:33:47.594105+00:00, run_after=2022-08-30T01:33:47.594105+00:00
[2022-08-29T21:33:47.642-0400] {processor.py:161} INFO - Processing /Users/jl/Documents/Repos/GHC-2022-data-engineering-workshop/venv/lib/python3.8/site-packages/airflow/example_dags/example_skip_dag.py took 0.331 seconds
[2022-08-29T21:36:42.866-0400] {processor.py:153} INFO - Started process (PID=19737) to work on /Users/jl/Documents/Repos/GHC-2022-data-engineering-workshop/venv/lib/python3.8/site-packages/airflow/example_dags/example_skip_dag.py
[2022-08-29T21:36:42.879-0400] {processor.py:640} INFO - Processing file /Users/jl/Documents/Repos/GHC-2022-data-engineering-workshop/venv/lib/python3.8/site-packages/airflow/example_dags/example_skip_dag.py for tasks to queue
[2022-08-29T21:36:42.880-0400] {logging_mixin.py:115} INFO - [2022-08-29T21:36:42.879-0400] {dagbag.py:508} INFO - Filling up the DagBag from /Users/jl/Documents/Repos/GHC-2022-data-engineering-workshop/venv/lib/python3.8/site-packages/airflow/example_dags/example_skip_dag.py
[2022-08-29T21:36:42.899-0400] {processor.py:650} INFO - DAG(s) dict_keys(['example_skip_dag']) retrieved from /Users/jl/Documents/Repos/GHC-2022-data-engineering-workshop/venv/lib/python3.8/site-packages/airflow/example_dags/example_skip_dag.py
[2022-08-29T21:36:42.996-0400] {logging_mixin.py:115} INFO - [2022-08-29T21:36:42.996-0400] {dag.py:2429} INFO - Sync 1 DAGs
[2022-08-29T21:36:43.036-0400] {logging_mixin.py:115} INFO - [2022-08-29T21:36:43.035-0400] {dag.py:2977} INFO - Setting next_dagrun for example_skip_dag to 2022-08-29T01:36:43.035295+00:00, run_after=2022-08-30T01:36:43.035295+00:00
[2022-08-29T21:36:43.057-0400] {processor.py:161} INFO - Processing /Users/jl/Documents/Repos/GHC-2022-data-engineering-workshop/venv/lib/python3.8/site-packages/airflow/example_dags/example_skip_dag.py took 0.192 seconds
[2022-08-29T21:39:29.564-0400] {processor.py:153} INFO - Started process (PID=19845) to work on /Users/jl/Documents/Repos/GHC-2022-data-engineering-workshop/venv/lib/python3.8/site-packages/airflow/example_dags/example_skip_dag.py
[2022-08-29T21:39:29.575-0400] {processor.py:640} INFO - Processing file /Users/jl/Documents/Repos/GHC-2022-data-engineering-workshop/venv/lib/python3.8/site-packages/airflow/example_dags/example_skip_dag.py for tasks to queue
[2022-08-29T21:39:29.577-0400] {logging_mixin.py:115} INFO - [2022-08-29T21:39:29.576-0400] {dagbag.py:508} INFO - Filling up the DagBag from /Users/jl/Documents/Repos/GHC-2022-data-engineering-workshop/venv/lib/python3.8/site-packages/airflow/example_dags/example_skip_dag.py
[2022-08-29T21:39:29.599-0400] {processor.py:650} INFO - DAG(s) dict_keys(['example_skip_dag']) retrieved from /Users/jl/Documents/Repos/GHC-2022-data-engineering-workshop/venv/lib/python3.8/site-packages/airflow/example_dags/example_skip_dag.py
[2022-08-29T21:39:29.724-0400] {logging_mixin.py:115} INFO - [2022-08-29T21:39:29.724-0400] {dag.py:2429} INFO - Sync 1 DAGs
[2022-08-29T21:39:29.748-0400] {logging_mixin.py:115} INFO - [2022-08-29T21:39:29.748-0400] {dag.py:2977} INFO - Setting next_dagrun for example_skip_dag to 2022-08-29T01:39:29.748195+00:00, run_after=2022-08-30T01:39:29.748195+00:00
[2022-08-29T21:39:29.775-0400] {processor.py:161} INFO - Processing /Users/jl/Documents/Repos/GHC-2022-data-engineering-workshop/venv/lib/python3.8/site-packages/airflow/example_dags/example_skip_dag.py took 0.213 seconds
[2022-08-29T21:42:00.893-0400] {processor.py:153} INFO - Started process (PID=19947) to work on /Users/jl/Documents/Repos/GHC-2022-data-engineering-workshop/venv/lib/python3.8/site-packages/airflow/example_dags/example_skip_dag.py
[2022-08-29T21:42:00.903-0400] {processor.py:640} INFO - Processing file /Users/jl/Documents/Repos/GHC-2022-data-engineering-workshop/venv/lib/python3.8/site-packages/airflow/example_dags/example_skip_dag.py for tasks to queue
[2022-08-29T21:42:00.905-0400] {logging_mixin.py:115} INFO - [2022-08-29T21:42:00.905-0400] {dagbag.py:508} INFO - Filling up the DagBag from /Users/jl/Documents/Repos/GHC-2022-data-engineering-workshop/venv/lib/python3.8/site-packages/airflow/example_dags/example_skip_dag.py
[2022-08-29T21:42:00.923-0400] {processor.py:650} INFO - DAG(s) dict_keys(['example_skip_dag']) retrieved from /Users/jl/Documents/Repos/GHC-2022-data-engineering-workshop/venv/lib/python3.8/site-packages/airflow/example_dags/example_skip_dag.py
[2022-08-29T21:42:01.076-0400] {logging_mixin.py:115} INFO - [2022-08-29T21:42:01.076-0400] {dag.py:2429} INFO - Sync 1 DAGs
[2022-08-29T21:42:01.106-0400] {logging_mixin.py:115} INFO - [2022-08-29T21:42:01.105-0400] {dag.py:2977} INFO - Setting next_dagrun for example_skip_dag to 2022-08-29T01:42:01.105561+00:00, run_after=2022-08-30T01:42:01.105561+00:00
[2022-08-29T21:42:01.131-0400] {processor.py:161} INFO - Processing /Users/jl/Documents/Repos/GHC-2022-data-engineering-workshop/venv/lib/python3.8/site-packages/airflow/example_dags/example_skip_dag.py took 0.239 seconds
[2022-08-29T21:44:54.643-0400] {processor.py:153} INFO - Started process (PID=20071) to work on /Users/jl/Documents/Repos/GHC-2022-data-engineering-workshop/venv/lib/python3.8/site-packages/airflow/example_dags/example_skip_dag.py
[2022-08-29T21:44:54.657-0400] {processor.py:640} INFO - Processing file /Users/jl/Documents/Repos/GHC-2022-data-engineering-workshop/venv/lib/python3.8/site-packages/airflow/example_dags/example_skip_dag.py for tasks to queue
[2022-08-29T21:44:54.658-0400] {logging_mixin.py:115} INFO - [2022-08-29T21:44:54.657-0400] {dagbag.py:508} INFO - Filling up the DagBag from /Users/jl/Documents/Repos/GHC-2022-data-engineering-workshop/venv/lib/python3.8/site-packages/airflow/example_dags/example_skip_dag.py
[2022-08-29T21:44:54.684-0400] {processor.py:650} INFO - DAG(s) dict_keys(['example_skip_dag']) retrieved from /Users/jl/Documents/Repos/GHC-2022-data-engineering-workshop/venv/lib/python3.8/site-packages/airflow/example_dags/example_skip_dag.py
[2022-08-29T21:44:54.779-0400] {logging_mixin.py:115} INFO - [2022-08-29T21:44:54.778-0400] {dag.py:2429} INFO - Sync 1 DAGs
[2022-08-29T21:44:54.799-0400] {logging_mixin.py:115} INFO - [2022-08-29T21:44:54.799-0400] {dag.py:2977} INFO - Setting next_dagrun for example_skip_dag to 2022-08-29T01:44:54.799070+00:00, run_after=2022-08-30T01:44:54.799070+00:00
[2022-08-29T21:44:54.821-0400] {processor.py:161} INFO - Processing /Users/jl/Documents/Repos/GHC-2022-data-engineering-workshop/venv/lib/python3.8/site-packages/airflow/example_dags/example_skip_dag.py took 0.180 seconds
[2022-08-29T21:47:23.212-0400] {processor.py:153} INFO - Started process (PID=20174) to work on /Users/jl/Documents/Repos/GHC-2022-data-engineering-workshop/venv/lib/python3.8/site-packages/airflow/example_dags/example_skip_dag.py
[2022-08-29T21:47:23.227-0400] {processor.py:640} INFO - Processing file /Users/jl/Documents/Repos/GHC-2022-data-engineering-workshop/venv/lib/python3.8/site-packages/airflow/example_dags/example_skip_dag.py for tasks to queue
[2022-08-29T21:47:23.228-0400] {logging_mixin.py:115} INFO - [2022-08-29T21:47:23.227-0400] {dagbag.py:508} INFO - Filling up the DagBag from /Users/jl/Documents/Repos/GHC-2022-data-engineering-workshop/venv/lib/python3.8/site-packages/airflow/example_dags/example_skip_dag.py
[2022-08-29T21:47:23.247-0400] {processor.py:650} INFO - DAG(s) dict_keys(['example_skip_dag']) retrieved from /Users/jl/Documents/Repos/GHC-2022-data-engineering-workshop/venv/lib/python3.8/site-packages/airflow/example_dags/example_skip_dag.py
[2022-08-29T21:47:23.370-0400] {logging_mixin.py:115} INFO - [2022-08-29T21:47:23.370-0400] {dag.py:2429} INFO - Sync 1 DAGs
[2022-08-29T21:47:23.408-0400] {logging_mixin.py:115} INFO - [2022-08-29T21:47:23.408-0400] {dag.py:2977} INFO - Setting next_dagrun for example_skip_dag to 2022-08-29T01:47:23.408279+00:00, run_after=2022-08-30T01:47:23.408279+00:00
[2022-08-29T21:47:23.441-0400] {processor.py:161} INFO - Processing /Users/jl/Documents/Repos/GHC-2022-data-engineering-workshop/venv/lib/python3.8/site-packages/airflow/example_dags/example_skip_dag.py took 0.230 seconds
[2022-08-29T21:49:47.012-0400] {processor.py:153} INFO - Started process (PID=20276) to work on /Users/jl/Documents/Repos/GHC-2022-data-engineering-workshop/venv/lib/python3.8/site-packages/airflow/example_dags/example_skip_dag.py
[2022-08-29T21:49:47.024-0400] {processor.py:640} INFO - Processing file /Users/jl/Documents/Repos/GHC-2022-data-engineering-workshop/venv/lib/python3.8/site-packages/airflow/example_dags/example_skip_dag.py for tasks to queue
[2022-08-29T21:49:47.025-0400] {logging_mixin.py:115} INFO - [2022-08-29T21:49:47.024-0400] {dagbag.py:508} INFO - Filling up the DagBag from /Users/jl/Documents/Repos/GHC-2022-data-engineering-workshop/venv/lib/python3.8/site-packages/airflow/example_dags/example_skip_dag.py
[2022-08-29T21:49:47.044-0400] {processor.py:650} INFO - DAG(s) dict_keys(['example_skip_dag']) retrieved from /Users/jl/Documents/Repos/GHC-2022-data-engineering-workshop/venv/lib/python3.8/site-packages/airflow/example_dags/example_skip_dag.py
[2022-08-29T21:49:47.166-0400] {logging_mixin.py:115} INFO - [2022-08-29T21:49:47.165-0400] {dag.py:2429} INFO - Sync 1 DAGs
[2022-08-29T21:49:47.192-0400] {logging_mixin.py:115} INFO - [2022-08-29T21:49:47.192-0400] {dag.py:2977} INFO - Setting next_dagrun for example_skip_dag to 2022-08-29T01:49:47.192283+00:00, run_after=2022-08-30T01:49:47.192283+00:00
[2022-08-29T21:49:47.212-0400] {processor.py:161} INFO - Processing /Users/jl/Documents/Repos/GHC-2022-data-engineering-workshop/venv/lib/python3.8/site-packages/airflow/example_dags/example_skip_dag.py took 0.202 seconds
[2022-08-29T21:52:14.228-0400] {processor.py:153} INFO - Started process (PID=20374) to work on /Users/jl/Documents/Repos/GHC-2022-data-engineering-workshop/venv/lib/python3.8/site-packages/airflow/example_dags/example_skip_dag.py
[2022-08-29T21:52:14.242-0400] {processor.py:640} INFO - Processing file /Users/jl/Documents/Repos/GHC-2022-data-engineering-workshop/venv/lib/python3.8/site-packages/airflow/example_dags/example_skip_dag.py for tasks to queue
[2022-08-29T21:52:14.243-0400] {logging_mixin.py:115} INFO - [2022-08-29T21:52:14.243-0400] {dagbag.py:508} INFO - Filling up the DagBag from /Users/jl/Documents/Repos/GHC-2022-data-engineering-workshop/venv/lib/python3.8/site-packages/airflow/example_dags/example_skip_dag.py
[2022-08-29T21:52:14.279-0400] {processor.py:650} INFO - DAG(s) dict_keys(['example_skip_dag']) retrieved from /Users/jl/Documents/Repos/GHC-2022-data-engineering-workshop/venv/lib/python3.8/site-packages/airflow/example_dags/example_skip_dag.py
[2022-08-29T21:52:14.400-0400] {logging_mixin.py:115} INFO - [2022-08-29T21:52:14.399-0400] {dag.py:2429} INFO - Sync 1 DAGs
[2022-08-29T21:52:14.423-0400] {logging_mixin.py:115} INFO - [2022-08-29T21:52:14.423-0400] {dag.py:2977} INFO - Setting next_dagrun for example_skip_dag to 2022-08-29T01:52:14.423501+00:00, run_after=2022-08-30T01:52:14.423501+00:00
[2022-08-29T21:52:14.442-0400] {processor.py:161} INFO - Processing /Users/jl/Documents/Repos/GHC-2022-data-engineering-workshop/venv/lib/python3.8/site-packages/airflow/example_dags/example_skip_dag.py took 0.215 seconds
