[2022-08-29T20:00:03.658-0400] {processor.py:153} INFO - Started process (PID=14349) to work on /Users/jl/Documents/Repos/GHC-2022-data-engineering-workshop/venv/lib/python3.8/site-packages/airflow/example_dags/example_trigger_target_dag.py
[2022-08-29T20:00:03.667-0400] {processor.py:640} INFO - Processing file /Users/jl/Documents/Repos/GHC-2022-data-engineering-workshop/venv/lib/python3.8/site-packages/airflow/example_dags/example_trigger_target_dag.py for tasks to queue
[2022-08-29T20:00:03.668-0400] {logging_mixin.py:115} INFO - [2022-08-29T20:00:03.667-0400] {dagbag.py:508} INFO - Filling up the DagBag from /Users/jl/Documents/Repos/GHC-2022-data-engineering-workshop/venv/lib/python3.8/site-packages/airflow/example_dags/example_trigger_target_dag.py
[2022-08-29T20:00:03.705-0400] {processor.py:650} INFO - DAG(s) dict_keys(['example_trigger_target_dag']) retrieved from /Users/jl/Documents/Repos/GHC-2022-data-engineering-workshop/venv/lib/python3.8/site-packages/airflow/example_dags/example_trigger_target_dag.py
[2022-08-29T20:00:03.783-0400] {logging_mixin.py:115} INFO - [2022-08-29T20:00:03.783-0400] {dag.py:2429} INFO - Sync 1 DAGs
[2022-08-29T20:00:03.801-0400] {logging_mixin.py:115} INFO - [2022-08-29T20:00:03.800-0400] {dag.py:2977} INFO - Setting next_dagrun for example_trigger_target_dag to None, run_after=None
[2022-08-29T20:00:03.815-0400] {processor.py:161} INFO - Processing /Users/jl/Documents/Repos/GHC-2022-data-engineering-workshop/venv/lib/python3.8/site-packages/airflow/example_dags/example_trigger_target_dag.py took 0.158 seconds
[2022-08-29T20:01:34.323-0400] {processor.py:153} INFO - Started process (PID=14432) to work on /Users/jl/Documents/Repos/GHC-2022-data-engineering-workshop/venv/lib/python3.8/site-packages/airflow/example_dags/example_trigger_target_dag.py
[2022-08-29T20:01:34.333-0400] {processor.py:640} INFO - Processing file /Users/jl/Documents/Repos/GHC-2022-data-engineering-workshop/venv/lib/python3.8/site-packages/airflow/example_dags/example_trigger_target_dag.py for tasks to queue
[2022-08-29T20:01:34.334-0400] {logging_mixin.py:115} INFO - [2022-08-29T20:01:34.334-0400] {dagbag.py:508} INFO - Filling up the DagBag from /Users/jl/Documents/Repos/GHC-2022-data-engineering-workshop/venv/lib/python3.8/site-packages/airflow/example_dags/example_trigger_target_dag.py
[2022-08-29T20:01:34.372-0400] {processor.py:650} INFO - DAG(s) dict_keys(['example_trigger_target_dag']) retrieved from /Users/jl/Documents/Repos/GHC-2022-data-engineering-workshop/venv/lib/python3.8/site-packages/airflow/example_dags/example_trigger_target_dag.py
[2022-08-29T20:01:34.450-0400] {logging_mixin.py:115} INFO - [2022-08-29T20:01:34.449-0400] {dag.py:2429} INFO - Sync 1 DAGs
[2022-08-29T20:01:34.467-0400] {logging_mixin.py:115} INFO - [2022-08-29T20:01:34.467-0400] {dag.py:2977} INFO - Setting next_dagrun for example_trigger_target_dag to None, run_after=None
[2022-08-29T20:01:34.481-0400] {processor.py:161} INFO - Processing /Users/jl/Documents/Repos/GHC-2022-data-engineering-workshop/venv/lib/python3.8/site-packages/airflow/example_dags/example_trigger_target_dag.py took 0.159 seconds
[2022-08-29T20:02:57.836-0400] {processor.py:153} INFO - Started process (PID=14512) to work on /Users/jl/Documents/Repos/GHC-2022-data-engineering-workshop/venv/lib/python3.8/site-packages/airflow/example_dags/example_trigger_target_dag.py
[2022-08-29T20:02:57.845-0400] {processor.py:640} INFO - Processing file /Users/jl/Documents/Repos/GHC-2022-data-engineering-workshop/venv/lib/python3.8/site-packages/airflow/example_dags/example_trigger_target_dag.py for tasks to queue
[2022-08-29T20:02:57.845-0400] {logging_mixin.py:115} INFO - [2022-08-29T20:02:57.845-0400] {dagbag.py:508} INFO - Filling up the DagBag from /Users/jl/Documents/Repos/GHC-2022-data-engineering-workshop/venv/lib/python3.8/site-packages/airflow/example_dags/example_trigger_target_dag.py
[2022-08-29T20:02:57.883-0400] {processor.py:650} INFO - DAG(s) dict_keys(['example_trigger_target_dag']) retrieved from /Users/jl/Documents/Repos/GHC-2022-data-engineering-workshop/venv/lib/python3.8/site-packages/airflow/example_dags/example_trigger_target_dag.py
[2022-08-29T20:02:57.969-0400] {logging_mixin.py:115} INFO - [2022-08-29T20:02:57.969-0400] {dag.py:2429} INFO - Sync 1 DAGs
[2022-08-29T20:02:57.986-0400] {logging_mixin.py:115} INFO - [2022-08-29T20:02:57.986-0400] {dag.py:2977} INFO - Setting next_dagrun for example_trigger_target_dag to None, run_after=None
[2022-08-29T20:02:58.000-0400] {processor.py:161} INFO - Processing /Users/jl/Documents/Repos/GHC-2022-data-engineering-workshop/venv/lib/python3.8/site-packages/airflow/example_dags/example_trigger_target_dag.py took 0.165 seconds
[2022-08-29T20:04:25.041-0400] {processor.py:153} INFO - Started process (PID=14593) to work on /Users/jl/Documents/Repos/GHC-2022-data-engineering-workshop/venv/lib/python3.8/site-packages/airflow/example_dags/example_trigger_target_dag.py
[2022-08-29T20:04:25.049-0400] {processor.py:640} INFO - Processing file /Users/jl/Documents/Repos/GHC-2022-data-engineering-workshop/venv/lib/python3.8/site-packages/airflow/example_dags/example_trigger_target_dag.py for tasks to queue
[2022-08-29T20:04:25.049-0400] {logging_mixin.py:115} INFO - [2022-08-29T20:04:25.049-0400] {dagbag.py:508} INFO - Filling up the DagBag from /Users/jl/Documents/Repos/GHC-2022-data-engineering-workshop/venv/lib/python3.8/site-packages/airflow/example_dags/example_trigger_target_dag.py
[2022-08-29T20:04:25.087-0400] {processor.py:650} INFO - DAG(s) dict_keys(['example_trigger_target_dag']) retrieved from /Users/jl/Documents/Repos/GHC-2022-data-engineering-workshop/venv/lib/python3.8/site-packages/airflow/example_dags/example_trigger_target_dag.py
[2022-08-29T20:04:25.166-0400] {logging_mixin.py:115} INFO - [2022-08-29T20:04:25.166-0400] {dag.py:2429} INFO - Sync 1 DAGs
[2022-08-29T20:04:25.183-0400] {logging_mixin.py:115} INFO - [2022-08-29T20:04:25.183-0400] {dag.py:2977} INFO - Setting next_dagrun for example_trigger_target_dag to None, run_after=None
[2022-08-29T20:04:25.197-0400] {processor.py:161} INFO - Processing /Users/jl/Documents/Repos/GHC-2022-data-engineering-workshop/venv/lib/python3.8/site-packages/airflow/example_dags/example_trigger_target_dag.py took 0.158 seconds
[2022-08-29T20:05:52.752-0400] {processor.py:153} INFO - Started process (PID=14674) to work on /Users/jl/Documents/Repos/GHC-2022-data-engineering-workshop/venv/lib/python3.8/site-packages/airflow/example_dags/example_trigger_target_dag.py
[2022-08-29T20:05:52.760-0400] {processor.py:640} INFO - Processing file /Users/jl/Documents/Repos/GHC-2022-data-engineering-workshop/venv/lib/python3.8/site-packages/airflow/example_dags/example_trigger_target_dag.py for tasks to queue
[2022-08-29T20:05:52.761-0400] {logging_mixin.py:115} INFO - [2022-08-29T20:05:52.761-0400] {dagbag.py:508} INFO - Filling up the DagBag from /Users/jl/Documents/Repos/GHC-2022-data-engineering-workshop/venv/lib/python3.8/site-packages/airflow/example_dags/example_trigger_target_dag.py
[2022-08-29T20:05:52.798-0400] {processor.py:650} INFO - DAG(s) dict_keys(['example_trigger_target_dag']) retrieved from /Users/jl/Documents/Repos/GHC-2022-data-engineering-workshop/venv/lib/python3.8/site-packages/airflow/example_dags/example_trigger_target_dag.py
[2022-08-29T20:05:52.874-0400] {logging_mixin.py:115} INFO - [2022-08-29T20:05:52.874-0400] {dag.py:2429} INFO - Sync 1 DAGs
[2022-08-29T20:05:52.891-0400] {logging_mixin.py:115} INFO - [2022-08-29T20:05:52.891-0400] {dag.py:2977} INFO - Setting next_dagrun for example_trigger_target_dag to None, run_after=None
[2022-08-29T20:05:52.906-0400] {processor.py:161} INFO - Processing /Users/jl/Documents/Repos/GHC-2022-data-engineering-workshop/venv/lib/python3.8/site-packages/airflow/example_dags/example_trigger_target_dag.py took 0.154 seconds
[2022-08-29T20:07:20.829-0400] {processor.py:153} INFO - Started process (PID=14754) to work on /Users/jl/Documents/Repos/GHC-2022-data-engineering-workshop/venv/lib/python3.8/site-packages/airflow/example_dags/example_trigger_target_dag.py
[2022-08-29T20:07:20.838-0400] {processor.py:640} INFO - Processing file /Users/jl/Documents/Repos/GHC-2022-data-engineering-workshop/venv/lib/python3.8/site-packages/airflow/example_dags/example_trigger_target_dag.py for tasks to queue
[2022-08-29T20:07:20.838-0400] {logging_mixin.py:115} INFO - [2022-08-29T20:07:20.838-0400] {dagbag.py:508} INFO - Filling up the DagBag from /Users/jl/Documents/Repos/GHC-2022-data-engineering-workshop/venv/lib/python3.8/site-packages/airflow/example_dags/example_trigger_target_dag.py
[2022-08-29T20:07:20.875-0400] {processor.py:650} INFO - DAG(s) dict_keys(['example_trigger_target_dag']) retrieved from /Users/jl/Documents/Repos/GHC-2022-data-engineering-workshop/venv/lib/python3.8/site-packages/airflow/example_dags/example_trigger_target_dag.py
[2022-08-29T20:07:20.952-0400] {logging_mixin.py:115} INFO - [2022-08-29T20:07:20.952-0400] {dag.py:2429} INFO - Sync 1 DAGs
[2022-08-29T20:07:20.969-0400] {logging_mixin.py:115} INFO - [2022-08-29T20:07:20.969-0400] {dag.py:2977} INFO - Setting next_dagrun for example_trigger_target_dag to None, run_after=None
[2022-08-29T20:07:20.983-0400] {processor.py:161} INFO - Processing /Users/jl/Documents/Repos/GHC-2022-data-engineering-workshop/venv/lib/python3.8/site-packages/airflow/example_dags/example_trigger_target_dag.py took 0.155 seconds
[2022-08-29T20:08:46.964-0400] {processor.py:153} INFO - Started process (PID=14837) to work on /Users/jl/Documents/Repos/GHC-2022-data-engineering-workshop/venv/lib/python3.8/site-packages/airflow/example_dags/example_trigger_target_dag.py
[2022-08-29T20:08:46.972-0400] {processor.py:640} INFO - Processing file /Users/jl/Documents/Repos/GHC-2022-data-engineering-workshop/venv/lib/python3.8/site-packages/airflow/example_dags/example_trigger_target_dag.py for tasks to queue
[2022-08-29T20:08:46.973-0400] {logging_mixin.py:115} INFO - [2022-08-29T20:08:46.973-0400] {dagbag.py:508} INFO - Filling up the DagBag from /Users/jl/Documents/Repos/GHC-2022-data-engineering-workshop/venv/lib/python3.8/site-packages/airflow/example_dags/example_trigger_target_dag.py
[2022-08-29T20:08:47.010-0400] {processor.py:650} INFO - DAG(s) dict_keys(['example_trigger_target_dag']) retrieved from /Users/jl/Documents/Repos/GHC-2022-data-engineering-workshop/venv/lib/python3.8/site-packages/airflow/example_dags/example_trigger_target_dag.py
[2022-08-29T20:08:47.087-0400] {logging_mixin.py:115} INFO - [2022-08-29T20:08:47.087-0400] {dag.py:2429} INFO - Sync 1 DAGs
[2022-08-29T20:08:47.105-0400] {logging_mixin.py:115} INFO - [2022-08-29T20:08:47.105-0400] {dag.py:2977} INFO - Setting next_dagrun for example_trigger_target_dag to None, run_after=None
[2022-08-29T20:08:47.119-0400] {processor.py:161} INFO - Processing /Users/jl/Documents/Repos/GHC-2022-data-engineering-workshop/venv/lib/python3.8/site-packages/airflow/example_dags/example_trigger_target_dag.py took 0.156 seconds
[2022-08-29T20:10:25.363-0400] {processor.py:153} INFO - Started process (PID=14924) to work on /Users/jl/Documents/Repos/GHC-2022-data-engineering-workshop/venv/lib/python3.8/site-packages/airflow/example_dags/example_trigger_target_dag.py
[2022-08-29T20:10:25.374-0400] {processor.py:640} INFO - Processing file /Users/jl/Documents/Repos/GHC-2022-data-engineering-workshop/venv/lib/python3.8/site-packages/airflow/example_dags/example_trigger_target_dag.py for tasks to queue
[2022-08-29T20:10:25.374-0400] {logging_mixin.py:115} INFO - [2022-08-29T20:10:25.374-0400] {dagbag.py:508} INFO - Filling up the DagBag from /Users/jl/Documents/Repos/GHC-2022-data-engineering-workshop/venv/lib/python3.8/site-packages/airflow/example_dags/example_trigger_target_dag.py
[2022-08-29T20:10:25.419-0400] {processor.py:650} INFO - DAG(s) dict_keys(['example_trigger_target_dag']) retrieved from /Users/jl/Documents/Repos/GHC-2022-data-engineering-workshop/venv/lib/python3.8/site-packages/airflow/example_dags/example_trigger_target_dag.py
[2022-08-29T20:10:25.504-0400] {logging_mixin.py:115} INFO - [2022-08-29T20:10:25.504-0400] {dag.py:2429} INFO - Sync 1 DAGs
[2022-08-29T20:10:25.522-0400] {logging_mixin.py:115} INFO - [2022-08-29T20:10:25.522-0400] {dag.py:2977} INFO - Setting next_dagrun for example_trigger_target_dag to None, run_after=None
[2022-08-29T20:10:25.537-0400] {processor.py:161} INFO - Processing /Users/jl/Documents/Repos/GHC-2022-data-engineering-workshop/venv/lib/python3.8/site-packages/airflow/example_dags/example_trigger_target_dag.py took 0.175 seconds
[2022-08-29T20:11:55.314-0400] {processor.py:153} INFO - Started process (PID=15009) to work on /Users/jl/Documents/Repos/GHC-2022-data-engineering-workshop/venv/lib/python3.8/site-packages/airflow/example_dags/example_trigger_target_dag.py
[2022-08-29T20:11:55.322-0400] {processor.py:640} INFO - Processing file /Users/jl/Documents/Repos/GHC-2022-data-engineering-workshop/venv/lib/python3.8/site-packages/airflow/example_dags/example_trigger_target_dag.py for tasks to queue
[2022-08-29T20:11:55.323-0400] {logging_mixin.py:115} INFO - [2022-08-29T20:11:55.323-0400] {dagbag.py:508} INFO - Filling up the DagBag from /Users/jl/Documents/Repos/GHC-2022-data-engineering-workshop/venv/lib/python3.8/site-packages/airflow/example_dags/example_trigger_target_dag.py
[2022-08-29T20:11:55.361-0400] {processor.py:650} INFO - DAG(s) dict_keys(['example_trigger_target_dag']) retrieved from /Users/jl/Documents/Repos/GHC-2022-data-engineering-workshop/venv/lib/python3.8/site-packages/airflow/example_dags/example_trigger_target_dag.py
[2022-08-29T20:11:55.438-0400] {logging_mixin.py:115} INFO - [2022-08-29T20:11:55.437-0400] {dag.py:2429} INFO - Sync 1 DAGs
[2022-08-29T20:11:55.455-0400] {logging_mixin.py:115} INFO - [2022-08-29T20:11:55.454-0400] {dag.py:2977} INFO - Setting next_dagrun for example_trigger_target_dag to None, run_after=None
[2022-08-29T20:11:55.469-0400] {processor.py:161} INFO - Processing /Users/jl/Documents/Repos/GHC-2022-data-engineering-workshop/venv/lib/python3.8/site-packages/airflow/example_dags/example_trigger_target_dag.py took 0.156 seconds
[2022-08-29T20:13:24.823-0400] {processor.py:153} INFO - Started process (PID=15094) to work on /Users/jl/Documents/Repos/GHC-2022-data-engineering-workshop/venv/lib/python3.8/site-packages/airflow/example_dags/example_trigger_target_dag.py
[2022-08-29T20:13:24.831-0400] {processor.py:640} INFO - Processing file /Users/jl/Documents/Repos/GHC-2022-data-engineering-workshop/venv/lib/python3.8/site-packages/airflow/example_dags/example_trigger_target_dag.py for tasks to queue
[2022-08-29T20:13:24.832-0400] {logging_mixin.py:115} INFO - [2022-08-29T20:13:24.831-0400] {dagbag.py:508} INFO - Filling up the DagBag from /Users/jl/Documents/Repos/GHC-2022-data-engineering-workshop/venv/lib/python3.8/site-packages/airflow/example_dags/example_trigger_target_dag.py
[2022-08-29T20:13:24.869-0400] {processor.py:650} INFO - DAG(s) dict_keys(['example_trigger_target_dag']) retrieved from /Users/jl/Documents/Repos/GHC-2022-data-engineering-workshop/venv/lib/python3.8/site-packages/airflow/example_dags/example_trigger_target_dag.py
[2022-08-29T20:13:24.947-0400] {logging_mixin.py:115} INFO - [2022-08-29T20:13:24.947-0400] {dag.py:2429} INFO - Sync 1 DAGs
[2022-08-29T20:13:24.967-0400] {logging_mixin.py:115} INFO - [2022-08-29T20:13:24.967-0400] {dag.py:2977} INFO - Setting next_dagrun for example_trigger_target_dag to None, run_after=None
[2022-08-29T20:13:24.980-0400] {processor.py:161} INFO - Processing /Users/jl/Documents/Repos/GHC-2022-data-engineering-workshop/venv/lib/python3.8/site-packages/airflow/example_dags/example_trigger_target_dag.py took 0.158 seconds
[2022-08-29T20:14:57.975-0400] {processor.py:153} INFO - Started process (PID=15207) to work on /Users/jl/Documents/Repos/GHC-2022-data-engineering-workshop/venv/lib/python3.8/site-packages/airflow/example_dags/example_trigger_target_dag.py
[2022-08-29T20:14:57.983-0400] {processor.py:640} INFO - Processing file /Users/jl/Documents/Repos/GHC-2022-data-engineering-workshop/venv/lib/python3.8/site-packages/airflow/example_dags/example_trigger_target_dag.py for tasks to queue
[2022-08-29T20:14:57.984-0400] {logging_mixin.py:115} INFO - [2022-08-29T20:14:57.984-0400] {dagbag.py:508} INFO - Filling up the DagBag from /Users/jl/Documents/Repos/GHC-2022-data-engineering-workshop/venv/lib/python3.8/site-packages/airflow/example_dags/example_trigger_target_dag.py
[2022-08-29T20:14:58.023-0400] {processor.py:650} INFO - DAG(s) dict_keys(['example_trigger_target_dag']) retrieved from /Users/jl/Documents/Repos/GHC-2022-data-engineering-workshop/venv/lib/python3.8/site-packages/airflow/example_dags/example_trigger_target_dag.py
[2022-08-29T20:14:58.103-0400] {logging_mixin.py:115} INFO - [2022-08-29T20:14:58.102-0400] {dag.py:2429} INFO - Sync 1 DAGs
[2022-08-29T20:14:58.120-0400] {logging_mixin.py:115} INFO - [2022-08-29T20:14:58.119-0400] {dag.py:2977} INFO - Setting next_dagrun for example_trigger_target_dag to None, run_after=None
[2022-08-29T20:14:58.134-0400] {processor.py:161} INFO - Processing /Users/jl/Documents/Repos/GHC-2022-data-engineering-workshop/venv/lib/python3.8/site-packages/airflow/example_dags/example_trigger_target_dag.py took 0.160 seconds
[2022-08-29T20:16:43.150-0400] {processor.py:153} INFO - Started process (PID=15298) to work on /Users/jl/Documents/Repos/GHC-2022-data-engineering-workshop/venv/lib/python3.8/site-packages/airflow/example_dags/example_trigger_target_dag.py
[2022-08-29T20:16:43.164-0400] {processor.py:640} INFO - Processing file /Users/jl/Documents/Repos/GHC-2022-data-engineering-workshop/venv/lib/python3.8/site-packages/airflow/example_dags/example_trigger_target_dag.py for tasks to queue
[2022-08-29T20:16:43.165-0400] {logging_mixin.py:115} INFO - [2022-08-29T20:16:43.165-0400] {dagbag.py:508} INFO - Filling up the DagBag from /Users/jl/Documents/Repos/GHC-2022-data-engineering-workshop/venv/lib/python3.8/site-packages/airflow/example_dags/example_trigger_target_dag.py
[2022-08-29T20:16:43.217-0400] {processor.py:650} INFO - DAG(s) dict_keys(['example_trigger_target_dag']) retrieved from /Users/jl/Documents/Repos/GHC-2022-data-engineering-workshop/venv/lib/python3.8/site-packages/airflow/example_dags/example_trigger_target_dag.py
[2022-08-29T20:16:43.304-0400] {logging_mixin.py:115} INFO - [2022-08-29T20:16:43.304-0400] {dag.py:2429} INFO - Sync 1 DAGs
[2022-08-29T20:16:43.330-0400] {logging_mixin.py:115} INFO - [2022-08-29T20:16:43.329-0400] {dag.py:2977} INFO - Setting next_dagrun for example_trigger_target_dag to None, run_after=None
[2022-08-29T20:16:43.350-0400] {processor.py:161} INFO - Processing /Users/jl/Documents/Repos/GHC-2022-data-engineering-workshop/venv/lib/python3.8/site-packages/airflow/example_dags/example_trigger_target_dag.py took 0.202 seconds
[2022-08-29T20:17:37.689-0400] {processor.py:153} INFO - Started process (PID=15355) to work on /Users/jl/Documents/Repos/GHC-2022-data-engineering-workshop/venv/lib/python3.8/site-packages/airflow/example_dags/example_trigger_target_dag.py
[2022-08-29T20:17:37.698-0400] {processor.py:640} INFO - Processing file /Users/jl/Documents/Repos/GHC-2022-data-engineering-workshop/venv/lib/python3.8/site-packages/airflow/example_dags/example_trigger_target_dag.py for tasks to queue
[2022-08-29T20:17:37.699-0400] {logging_mixin.py:115} INFO - [2022-08-29T20:17:37.699-0400] {dagbag.py:508} INFO - Filling up the DagBag from /Users/jl/Documents/Repos/GHC-2022-data-engineering-workshop/venv/lib/python3.8/site-packages/airflow/example_dags/example_trigger_target_dag.py
[2022-08-29T20:17:37.749-0400] {processor.py:650} INFO - DAG(s) dict_keys(['example_trigger_target_dag']) retrieved from /Users/jl/Documents/Repos/GHC-2022-data-engineering-workshop/venv/lib/python3.8/site-packages/airflow/example_dags/example_trigger_target_dag.py
[2022-08-29T20:17:37.874-0400] {logging_mixin.py:115} INFO - [2022-08-29T20:17:37.874-0400] {dag.py:2429} INFO - Sync 1 DAGs
[2022-08-29T20:17:37.905-0400] {logging_mixin.py:115} INFO - [2022-08-29T20:17:37.905-0400] {dag.py:2977} INFO - Setting next_dagrun for example_trigger_target_dag to None, run_after=None
[2022-08-29T20:17:37.923-0400] {processor.py:161} INFO - Processing /Users/jl/Documents/Repos/GHC-2022-data-engineering-workshop/venv/lib/python3.8/site-packages/airflow/example_dags/example_trigger_target_dag.py took 0.235 seconds
[2022-08-29T20:18:34.633-0400] {processor.py:153} INFO - Started process (PID=15418) to work on /Users/jl/Documents/Repos/GHC-2022-data-engineering-workshop/venv/lib/python3.8/site-packages/airflow/example_dags/example_trigger_target_dag.py
[2022-08-29T20:18:34.641-0400] {processor.py:640} INFO - Processing file /Users/jl/Documents/Repos/GHC-2022-data-engineering-workshop/venv/lib/python3.8/site-packages/airflow/example_dags/example_trigger_target_dag.py for tasks to queue
[2022-08-29T20:18:34.642-0400] {logging_mixin.py:115} INFO - [2022-08-29T20:18:34.641-0400] {dagbag.py:508} INFO - Filling up the DagBag from /Users/jl/Documents/Repos/GHC-2022-data-engineering-workshop/venv/lib/python3.8/site-packages/airflow/example_dags/example_trigger_target_dag.py
[2022-08-29T20:18:34.679-0400] {processor.py:650} INFO - DAG(s) dict_keys(['example_trigger_target_dag']) retrieved from /Users/jl/Documents/Repos/GHC-2022-data-engineering-workshop/venv/lib/python3.8/site-packages/airflow/example_dags/example_trigger_target_dag.py
[2022-08-29T20:18:34.759-0400] {logging_mixin.py:115} INFO - [2022-08-29T20:18:34.758-0400] {dag.py:2429} INFO - Sync 1 DAGs
[2022-08-29T20:18:34.775-0400] {logging_mixin.py:115} INFO - [2022-08-29T20:18:34.775-0400] {dag.py:2977} INFO - Setting next_dagrun for example_trigger_target_dag to None, run_after=None
[2022-08-29T20:18:34.790-0400] {processor.py:161} INFO - Processing /Users/jl/Documents/Repos/GHC-2022-data-engineering-workshop/venv/lib/python3.8/site-packages/airflow/example_dags/example_trigger_target_dag.py took 0.158 seconds
[2022-08-29T20:19:31.409-0400] {processor.py:153} INFO - Started process (PID=15481) to work on /Users/jl/Documents/Repos/GHC-2022-data-engineering-workshop/venv/lib/python3.8/site-packages/airflow/example_dags/example_trigger_target_dag.py
[2022-08-29T20:19:31.420-0400] {processor.py:640} INFO - Processing file /Users/jl/Documents/Repos/GHC-2022-data-engineering-workshop/venv/lib/python3.8/site-packages/airflow/example_dags/example_trigger_target_dag.py for tasks to queue
[2022-08-29T20:19:31.421-0400] {logging_mixin.py:115} INFO - [2022-08-29T20:19:31.421-0400] {dagbag.py:508} INFO - Filling up the DagBag from /Users/jl/Documents/Repos/GHC-2022-data-engineering-workshop/venv/lib/python3.8/site-packages/airflow/example_dags/example_trigger_target_dag.py
[2022-08-29T20:19:31.462-0400] {processor.py:650} INFO - DAG(s) dict_keys(['example_trigger_target_dag']) retrieved from /Users/jl/Documents/Repos/GHC-2022-data-engineering-workshop/venv/lib/python3.8/site-packages/airflow/example_dags/example_trigger_target_dag.py
[2022-08-29T20:19:31.541-0400] {logging_mixin.py:115} INFO - [2022-08-29T20:19:31.541-0400] {dag.py:2429} INFO - Sync 1 DAGs
[2022-08-29T20:19:31.558-0400] {logging_mixin.py:115} INFO - [2022-08-29T20:19:31.558-0400] {dag.py:2977} INFO - Setting next_dagrun for example_trigger_target_dag to None, run_after=None
[2022-08-29T20:19:31.572-0400] {processor.py:161} INFO - Processing /Users/jl/Documents/Repos/GHC-2022-data-engineering-workshop/venv/lib/python3.8/site-packages/airflow/example_dags/example_trigger_target_dag.py took 0.164 seconds
[2022-08-29T20:21:04.744-0400] {processor.py:153} INFO - Started process (PID=15563) to work on /Users/jl/Documents/Repos/GHC-2022-data-engineering-workshop/venv/lib/python3.8/site-packages/airflow/example_dags/example_trigger_target_dag.py
[2022-08-29T20:21:04.753-0400] {processor.py:640} INFO - Processing file /Users/jl/Documents/Repos/GHC-2022-data-engineering-workshop/venv/lib/python3.8/site-packages/airflow/example_dags/example_trigger_target_dag.py for tasks to queue
[2022-08-29T20:21:04.753-0400] {logging_mixin.py:115} INFO - [2022-08-29T20:21:04.753-0400] {dagbag.py:508} INFO - Filling up the DagBag from /Users/jl/Documents/Repos/GHC-2022-data-engineering-workshop/venv/lib/python3.8/site-packages/airflow/example_dags/example_trigger_target_dag.py
[2022-08-29T20:21:04.791-0400] {processor.py:650} INFO - DAG(s) dict_keys(['example_trigger_target_dag']) retrieved from /Users/jl/Documents/Repos/GHC-2022-data-engineering-workshop/venv/lib/python3.8/site-packages/airflow/example_dags/example_trigger_target_dag.py
[2022-08-29T20:21:04.869-0400] {logging_mixin.py:115} INFO - [2022-08-29T20:21:04.869-0400] {dag.py:2429} INFO - Sync 1 DAGs
[2022-08-29T20:21:04.887-0400] {logging_mixin.py:115} INFO - [2022-08-29T20:21:04.886-0400] {dag.py:2977} INFO - Setting next_dagrun for example_trigger_target_dag to None, run_after=None
[2022-08-29T20:21:04.900-0400] {processor.py:161} INFO - Processing /Users/jl/Documents/Repos/GHC-2022-data-engineering-workshop/venv/lib/python3.8/site-packages/airflow/example_dags/example_trigger_target_dag.py took 0.158 seconds
[2022-08-29T20:22:30.140-0400] {processor.py:153} INFO - Started process (PID=15644) to work on /Users/jl/Documents/Repos/GHC-2022-data-engineering-workshop/venv/lib/python3.8/site-packages/airflow/example_dags/example_trigger_target_dag.py
[2022-08-29T20:22:30.148-0400] {processor.py:640} INFO - Processing file /Users/jl/Documents/Repos/GHC-2022-data-engineering-workshop/venv/lib/python3.8/site-packages/airflow/example_dags/example_trigger_target_dag.py for tasks to queue
[2022-08-29T20:22:30.149-0400] {logging_mixin.py:115} INFO - [2022-08-29T20:22:30.148-0400] {dagbag.py:508} INFO - Filling up the DagBag from /Users/jl/Documents/Repos/GHC-2022-data-engineering-workshop/venv/lib/python3.8/site-packages/airflow/example_dags/example_trigger_target_dag.py
[2022-08-29T20:22:30.186-0400] {processor.py:650} INFO - DAG(s) dict_keys(['example_trigger_target_dag']) retrieved from /Users/jl/Documents/Repos/GHC-2022-data-engineering-workshop/venv/lib/python3.8/site-packages/airflow/example_dags/example_trigger_target_dag.py
[2022-08-29T20:22:30.266-0400] {logging_mixin.py:115} INFO - [2022-08-29T20:22:30.265-0400] {dag.py:2429} INFO - Sync 1 DAGs
[2022-08-29T20:22:30.282-0400] {logging_mixin.py:115} INFO - [2022-08-29T20:22:30.282-0400] {dag.py:2977} INFO - Setting next_dagrun for example_trigger_target_dag to None, run_after=None
[2022-08-29T20:22:30.296-0400] {processor.py:161} INFO - Processing /Users/jl/Documents/Repos/GHC-2022-data-engineering-workshop/venv/lib/python3.8/site-packages/airflow/example_dags/example_trigger_target_dag.py took 0.157 seconds
[2022-08-29T20:23:58.520-0400] {processor.py:153} INFO - Started process (PID=15727) to work on /Users/jl/Documents/Repos/GHC-2022-data-engineering-workshop/venv/lib/python3.8/site-packages/airflow/example_dags/example_trigger_target_dag.py
[2022-08-29T20:23:58.529-0400] {processor.py:640} INFO - Processing file /Users/jl/Documents/Repos/GHC-2022-data-engineering-workshop/venv/lib/python3.8/site-packages/airflow/example_dags/example_trigger_target_dag.py for tasks to queue
[2022-08-29T20:23:58.529-0400] {logging_mixin.py:115} INFO - [2022-08-29T20:23:58.529-0400] {dagbag.py:508} INFO - Filling up the DagBag from /Users/jl/Documents/Repos/GHC-2022-data-engineering-workshop/venv/lib/python3.8/site-packages/airflow/example_dags/example_trigger_target_dag.py
[2022-08-29T20:23:58.567-0400] {processor.py:650} INFO - DAG(s) dict_keys(['example_trigger_target_dag']) retrieved from /Users/jl/Documents/Repos/GHC-2022-data-engineering-workshop/venv/lib/python3.8/site-packages/airflow/example_dags/example_trigger_target_dag.py
[2022-08-29T20:23:58.646-0400] {logging_mixin.py:115} INFO - [2022-08-29T20:23:58.646-0400] {dag.py:2429} INFO - Sync 1 DAGs
[2022-08-29T20:23:58.663-0400] {logging_mixin.py:115} INFO - [2022-08-29T20:23:58.663-0400] {dag.py:2977} INFO - Setting next_dagrun for example_trigger_target_dag to None, run_after=None
[2022-08-29T20:23:58.677-0400] {processor.py:161} INFO - Processing /Users/jl/Documents/Repos/GHC-2022-data-engineering-workshop/venv/lib/python3.8/site-packages/airflow/example_dags/example_trigger_target_dag.py took 0.158 seconds
[2022-08-29T20:25:31.597-0400] {processor.py:153} INFO - Started process (PID=15813) to work on /Users/jl/Documents/Repos/GHC-2022-data-engineering-workshop/venv/lib/python3.8/site-packages/airflow/example_dags/example_trigger_target_dag.py
[2022-08-29T20:25:31.608-0400] {processor.py:640} INFO - Processing file /Users/jl/Documents/Repos/GHC-2022-data-engineering-workshop/venv/lib/python3.8/site-packages/airflow/example_dags/example_trigger_target_dag.py for tasks to queue
[2022-08-29T20:25:31.609-0400] {logging_mixin.py:115} INFO - [2022-08-29T20:25:31.609-0400] {dagbag.py:508} INFO - Filling up the DagBag from /Users/jl/Documents/Repos/GHC-2022-data-engineering-workshop/venv/lib/python3.8/site-packages/airflow/example_dags/example_trigger_target_dag.py
[2022-08-29T20:25:31.650-0400] {processor.py:650} INFO - DAG(s) dict_keys(['example_trigger_target_dag']) retrieved from /Users/jl/Documents/Repos/GHC-2022-data-engineering-workshop/venv/lib/python3.8/site-packages/airflow/example_dags/example_trigger_target_dag.py
[2022-08-29T20:25:31.738-0400] {logging_mixin.py:115} INFO - [2022-08-29T20:25:31.738-0400] {dag.py:2429} INFO - Sync 1 DAGs
[2022-08-29T20:25:31.756-0400] {logging_mixin.py:115} INFO - [2022-08-29T20:25:31.756-0400] {dag.py:2977} INFO - Setting next_dagrun for example_trigger_target_dag to None, run_after=None
[2022-08-29T20:25:31.771-0400] {processor.py:161} INFO - Processing /Users/jl/Documents/Repos/GHC-2022-data-engineering-workshop/venv/lib/python3.8/site-packages/airflow/example_dags/example_trigger_target_dag.py took 0.174 seconds
[2022-08-29T20:26:41.300-0400] {processor.py:153} INFO - Started process (PID=15883) to work on /Users/jl/Documents/Repos/GHC-2022-data-engineering-workshop/venv/lib/python3.8/site-packages/airflow/example_dags/example_trigger_target_dag.py
[2022-08-29T20:26:41.311-0400] {processor.py:640} INFO - Processing file /Users/jl/Documents/Repos/GHC-2022-data-engineering-workshop/venv/lib/python3.8/site-packages/airflow/example_dags/example_trigger_target_dag.py for tasks to queue
[2022-08-29T20:26:41.312-0400] {logging_mixin.py:115} INFO - [2022-08-29T20:26:41.312-0400] {dagbag.py:508} INFO - Filling up the DagBag from /Users/jl/Documents/Repos/GHC-2022-data-engineering-workshop/venv/lib/python3.8/site-packages/airflow/example_dags/example_trigger_target_dag.py
[2022-08-29T20:26:41.372-0400] {processor.py:650} INFO - DAG(s) dict_keys(['example_trigger_target_dag']) retrieved from /Users/jl/Documents/Repos/GHC-2022-data-engineering-workshop/venv/lib/python3.8/site-packages/airflow/example_dags/example_trigger_target_dag.py
[2022-08-29T20:26:41.626-0400] {logging_mixin.py:115} INFO - [2022-08-29T20:26:41.625-0400] {dag.py:2429} INFO - Sync 1 DAGs
[2022-08-29T20:26:41.705-0400] {logging_mixin.py:115} INFO - [2022-08-29T20:26:41.705-0400] {dag.py:2977} INFO - Setting next_dagrun for example_trigger_target_dag to None, run_after=None
[2022-08-29T20:26:41.907-0400] {processor.py:161} INFO - Processing /Users/jl/Documents/Repos/GHC-2022-data-engineering-workshop/venv/lib/python3.8/site-packages/airflow/example_dags/example_trigger_target_dag.py took 0.608 seconds
[2022-08-29T20:27:46.455-0400] {processor.py:153} INFO - Started process (PID=15943) to work on /Users/jl/Documents/Repos/GHC-2022-data-engineering-workshop/venv/lib/python3.8/site-packages/airflow/example_dags/example_trigger_target_dag.py
[2022-08-29T20:27:46.463-0400] {processor.py:640} INFO - Processing file /Users/jl/Documents/Repos/GHC-2022-data-engineering-workshop/venv/lib/python3.8/site-packages/airflow/example_dags/example_trigger_target_dag.py for tasks to queue
[2022-08-29T20:27:46.464-0400] {logging_mixin.py:115} INFO - [2022-08-29T20:27:46.464-0400] {dagbag.py:508} INFO - Filling up the DagBag from /Users/jl/Documents/Repos/GHC-2022-data-engineering-workshop/venv/lib/python3.8/site-packages/airflow/example_dags/example_trigger_target_dag.py
[2022-08-29T20:27:46.503-0400] {processor.py:650} INFO - DAG(s) dict_keys(['example_trigger_target_dag']) retrieved from /Users/jl/Documents/Repos/GHC-2022-data-engineering-workshop/venv/lib/python3.8/site-packages/airflow/example_dags/example_trigger_target_dag.py
[2022-08-29T20:27:46.622-0400] {logging_mixin.py:115} INFO - [2022-08-29T20:27:46.622-0400] {dag.py:2429} INFO - Sync 1 DAGs
[2022-08-29T20:27:46.655-0400] {logging_mixin.py:115} INFO - [2022-08-29T20:27:46.655-0400] {dag.py:2977} INFO - Setting next_dagrun for example_trigger_target_dag to None, run_after=None
[2022-08-29T20:27:46.683-0400] {processor.py:161} INFO - Processing /Users/jl/Documents/Repos/GHC-2022-data-engineering-workshop/venv/lib/python3.8/site-packages/airflow/example_dags/example_trigger_target_dag.py took 0.229 seconds
[2022-08-29T20:29:21.154-0400] {processor.py:153} INFO - Started process (PID=16025) to work on /Users/jl/Documents/Repos/GHC-2022-data-engineering-workshop/venv/lib/python3.8/site-packages/airflow/example_dags/example_trigger_target_dag.py
[2022-08-29T20:29:21.162-0400] {processor.py:640} INFO - Processing file /Users/jl/Documents/Repos/GHC-2022-data-engineering-workshop/venv/lib/python3.8/site-packages/airflow/example_dags/example_trigger_target_dag.py for tasks to queue
[2022-08-29T20:29:21.162-0400] {logging_mixin.py:115} INFO - [2022-08-29T20:29:21.162-0400] {dagbag.py:508} INFO - Filling up the DagBag from /Users/jl/Documents/Repos/GHC-2022-data-engineering-workshop/venv/lib/python3.8/site-packages/airflow/example_dags/example_trigger_target_dag.py
[2022-08-29T20:29:21.201-0400] {processor.py:650} INFO - DAG(s) dict_keys(['example_trigger_target_dag']) retrieved from /Users/jl/Documents/Repos/GHC-2022-data-engineering-workshop/venv/lib/python3.8/site-packages/airflow/example_dags/example_trigger_target_dag.py
[2022-08-29T20:29:21.283-0400] {logging_mixin.py:115} INFO - [2022-08-29T20:29:21.283-0400] {dag.py:2429} INFO - Sync 1 DAGs
[2022-08-29T20:29:21.300-0400] {logging_mixin.py:115} INFO - [2022-08-29T20:29:21.300-0400] {dag.py:2977} INFO - Setting next_dagrun for example_trigger_target_dag to None, run_after=None
[2022-08-29T20:29:21.315-0400] {processor.py:161} INFO - Processing /Users/jl/Documents/Repos/GHC-2022-data-engineering-workshop/venv/lib/python3.8/site-packages/airflow/example_dags/example_trigger_target_dag.py took 0.162 seconds
[2022-08-29T20:30:21.042-0400] {processor.py:153} INFO - Started process (PID=16087) to work on /Users/jl/Documents/Repos/GHC-2022-data-engineering-workshop/venv/lib/python3.8/site-packages/airflow/example_dags/example_trigger_target_dag.py
[2022-08-29T20:30:21.052-0400] {processor.py:640} INFO - Processing file /Users/jl/Documents/Repos/GHC-2022-data-engineering-workshop/venv/lib/python3.8/site-packages/airflow/example_dags/example_trigger_target_dag.py for tasks to queue
[2022-08-29T20:30:21.054-0400] {logging_mixin.py:115} INFO - [2022-08-29T20:30:21.054-0400] {dagbag.py:508} INFO - Filling up the DagBag from /Users/jl/Documents/Repos/GHC-2022-data-engineering-workshop/venv/lib/python3.8/site-packages/airflow/example_dags/example_trigger_target_dag.py
[2022-08-29T20:30:21.094-0400] {processor.py:650} INFO - DAG(s) dict_keys(['example_trigger_target_dag']) retrieved from /Users/jl/Documents/Repos/GHC-2022-data-engineering-workshop/venv/lib/python3.8/site-packages/airflow/example_dags/example_trigger_target_dag.py
[2022-08-29T20:30:21.180-0400] {logging_mixin.py:115} INFO - [2022-08-29T20:30:21.179-0400] {dag.py:2429} INFO - Sync 1 DAGs
[2022-08-29T20:30:21.199-0400] {logging_mixin.py:115} INFO - [2022-08-29T20:30:21.198-0400] {dag.py:2977} INFO - Setting next_dagrun for example_trigger_target_dag to None, run_after=None
[2022-08-29T20:30:21.214-0400] {processor.py:161} INFO - Processing /Users/jl/Documents/Repos/GHC-2022-data-engineering-workshop/venv/lib/python3.8/site-packages/airflow/example_dags/example_trigger_target_dag.py took 0.173 seconds
[2022-08-29T20:31:32.721-0400] {processor.py:153} INFO - Started process (PID=16145) to work on /Users/jl/Documents/Repos/GHC-2022-data-engineering-workshop/venv/lib/python3.8/site-packages/airflow/example_dags/example_trigger_target_dag.py
[2022-08-29T20:31:32.732-0400] {processor.py:640} INFO - Processing file /Users/jl/Documents/Repos/GHC-2022-data-engineering-workshop/venv/lib/python3.8/site-packages/airflow/example_dags/example_trigger_target_dag.py for tasks to queue
[2022-08-29T20:31:32.733-0400] {logging_mixin.py:115} INFO - [2022-08-29T20:31:32.733-0400] {dagbag.py:508} INFO - Filling up the DagBag from /Users/jl/Documents/Repos/GHC-2022-data-engineering-workshop/venv/lib/python3.8/site-packages/airflow/example_dags/example_trigger_target_dag.py
[2022-08-29T20:31:32.775-0400] {processor.py:650} INFO - DAG(s) dict_keys(['example_trigger_target_dag']) retrieved from /Users/jl/Documents/Repos/GHC-2022-data-engineering-workshop/venv/lib/python3.8/site-packages/airflow/example_dags/example_trigger_target_dag.py
[2022-08-29T20:31:32.864-0400] {logging_mixin.py:115} INFO - [2022-08-29T20:31:32.863-0400] {dag.py:2429} INFO - Sync 1 DAGs
[2022-08-29T20:31:32.883-0400] {logging_mixin.py:115} INFO - [2022-08-29T20:31:32.883-0400] {dag.py:2977} INFO - Setting next_dagrun for example_trigger_target_dag to None, run_after=None
[2022-08-29T20:31:32.902-0400] {processor.py:161} INFO - Processing /Users/jl/Documents/Repos/GHC-2022-data-engineering-workshop/venv/lib/python3.8/site-packages/airflow/example_dags/example_trigger_target_dag.py took 0.182 seconds
[2022-08-29T20:32:35.532-0400] {processor.py:153} INFO - Started process (PID=16210) to work on /Users/jl/Documents/Repos/GHC-2022-data-engineering-workshop/venv/lib/python3.8/site-packages/airflow/example_dags/example_trigger_target_dag.py
[2022-08-29T20:32:35.542-0400] {processor.py:640} INFO - Processing file /Users/jl/Documents/Repos/GHC-2022-data-engineering-workshop/venv/lib/python3.8/site-packages/airflow/example_dags/example_trigger_target_dag.py for tasks to queue
[2022-08-29T20:32:35.543-0400] {logging_mixin.py:115} INFO - [2022-08-29T20:32:35.542-0400] {dagbag.py:508} INFO - Filling up the DagBag from /Users/jl/Documents/Repos/GHC-2022-data-engineering-workshop/venv/lib/python3.8/site-packages/airflow/example_dags/example_trigger_target_dag.py
[2022-08-29T20:32:35.584-0400] {processor.py:650} INFO - DAG(s) dict_keys(['example_trigger_target_dag']) retrieved from /Users/jl/Documents/Repos/GHC-2022-data-engineering-workshop/venv/lib/python3.8/site-packages/airflow/example_dags/example_trigger_target_dag.py
[2022-08-29T20:32:35.668-0400] {logging_mixin.py:115} INFO - [2022-08-29T20:32:35.668-0400] {dag.py:2429} INFO - Sync 1 DAGs
[2022-08-29T20:32:35.686-0400] {logging_mixin.py:115} INFO - [2022-08-29T20:32:35.686-0400] {dag.py:2977} INFO - Setting next_dagrun for example_trigger_target_dag to None, run_after=None
[2022-08-29T20:32:35.701-0400] {processor.py:161} INFO - Processing /Users/jl/Documents/Repos/GHC-2022-data-engineering-workshop/venv/lib/python3.8/site-packages/airflow/example_dags/example_trigger_target_dag.py took 0.170 seconds
[2022-08-29T20:33:36.472-0400] {processor.py:153} INFO - Started process (PID=16269) to work on /Users/jl/Documents/Repos/GHC-2022-data-engineering-workshop/venv/lib/python3.8/site-packages/airflow/example_dags/example_trigger_target_dag.py
[2022-08-29T20:33:36.482-0400] {processor.py:640} INFO - Processing file /Users/jl/Documents/Repos/GHC-2022-data-engineering-workshop/venv/lib/python3.8/site-packages/airflow/example_dags/example_trigger_target_dag.py for tasks to queue
[2022-08-29T20:33:36.483-0400] {logging_mixin.py:115} INFO - [2022-08-29T20:33:36.483-0400] {dagbag.py:508} INFO - Filling up the DagBag from /Users/jl/Documents/Repos/GHC-2022-data-engineering-workshop/venv/lib/python3.8/site-packages/airflow/example_dags/example_trigger_target_dag.py
[2022-08-29T20:33:36.522-0400] {processor.py:650} INFO - DAG(s) dict_keys(['example_trigger_target_dag']) retrieved from /Users/jl/Documents/Repos/GHC-2022-data-engineering-workshop/venv/lib/python3.8/site-packages/airflow/example_dags/example_trigger_target_dag.py
[2022-08-29T20:33:36.602-0400] {logging_mixin.py:115} INFO - [2022-08-29T20:33:36.602-0400] {dag.py:2429} INFO - Sync 1 DAGs
[2022-08-29T20:33:36.619-0400] {logging_mixin.py:115} INFO - [2022-08-29T20:33:36.619-0400] {dag.py:2977} INFO - Setting next_dagrun for example_trigger_target_dag to None, run_after=None
[2022-08-29T20:33:36.634-0400] {processor.py:161} INFO - Processing /Users/jl/Documents/Repos/GHC-2022-data-engineering-workshop/venv/lib/python3.8/site-packages/airflow/example_dags/example_trigger_target_dag.py took 0.163 seconds
[2022-08-29T20:34:32.525-0400] {processor.py:153} INFO - Started process (PID=16317) to work on /Users/jl/Documents/Repos/GHC-2022-data-engineering-workshop/venv/lib/python3.8/site-packages/airflow/example_dags/example_trigger_target_dag.py
[2022-08-29T20:34:32.534-0400] {processor.py:640} INFO - Processing file /Users/jl/Documents/Repos/GHC-2022-data-engineering-workshop/venv/lib/python3.8/site-packages/airflow/example_dags/example_trigger_target_dag.py for tasks to queue
[2022-08-29T20:34:32.534-0400] {logging_mixin.py:115} INFO - [2022-08-29T20:34:32.534-0400] {dagbag.py:508} INFO - Filling up the DagBag from /Users/jl/Documents/Repos/GHC-2022-data-engineering-workshop/venv/lib/python3.8/site-packages/airflow/example_dags/example_trigger_target_dag.py
[2022-08-29T20:34:32.574-0400] {processor.py:650} INFO - DAG(s) dict_keys(['example_trigger_target_dag']) retrieved from /Users/jl/Documents/Repos/GHC-2022-data-engineering-workshop/venv/lib/python3.8/site-packages/airflow/example_dags/example_trigger_target_dag.py
[2022-08-29T20:34:32.653-0400] {logging_mixin.py:115} INFO - [2022-08-29T20:34:32.652-0400] {dag.py:2429} INFO - Sync 1 DAGs
[2022-08-29T20:34:32.670-0400] {logging_mixin.py:115} INFO - [2022-08-29T20:34:32.670-0400] {dag.py:2977} INFO - Setting next_dagrun for example_trigger_target_dag to None, run_after=None
[2022-08-29T20:34:32.684-0400] {processor.py:161} INFO - Processing /Users/jl/Documents/Repos/GHC-2022-data-engineering-workshop/venv/lib/python3.8/site-packages/airflow/example_dags/example_trigger_target_dag.py took 0.160 seconds
[2022-08-29T20:36:20.245-0400] {processor.py:153} INFO - Started process (PID=16443) to work on /Users/jl/Documents/Repos/GHC-2022-data-engineering-workshop/venv/lib/python3.8/site-packages/airflow/example_dags/example_trigger_target_dag.py
[2022-08-29T20:36:20.256-0400] {processor.py:640} INFO - Processing file /Users/jl/Documents/Repos/GHC-2022-data-engineering-workshop/venv/lib/python3.8/site-packages/airflow/example_dags/example_trigger_target_dag.py for tasks to queue
[2022-08-29T20:36:20.257-0400] {logging_mixin.py:115} INFO - [2022-08-29T20:36:20.257-0400] {dagbag.py:508} INFO - Filling up the DagBag from /Users/jl/Documents/Repos/GHC-2022-data-engineering-workshop/venv/lib/python3.8/site-packages/airflow/example_dags/example_trigger_target_dag.py
[2022-08-29T20:36:20.306-0400] {processor.py:650} INFO - DAG(s) dict_keys(['example_trigger_target_dag']) retrieved from /Users/jl/Documents/Repos/GHC-2022-data-engineering-workshop/venv/lib/python3.8/site-packages/airflow/example_dags/example_trigger_target_dag.py
[2022-08-29T20:36:20.394-0400] {logging_mixin.py:115} INFO - [2022-08-29T20:36:20.394-0400] {dag.py:2429} INFO - Sync 1 DAGs
[2022-08-29T20:36:20.412-0400] {logging_mixin.py:115} INFO - [2022-08-29T20:36:20.411-0400] {dag.py:2977} INFO - Setting next_dagrun for example_trigger_target_dag to None, run_after=None
[2022-08-29T20:36:20.427-0400] {processor.py:161} INFO - Processing /Users/jl/Documents/Repos/GHC-2022-data-engineering-workshop/venv/lib/python3.8/site-packages/airflow/example_dags/example_trigger_target_dag.py took 0.183 seconds
[2022-08-29T20:37:10.804-0400] {processor.py:153} INFO - Started process (PID=16498) to work on /Users/jl/Documents/Repos/GHC-2022-data-engineering-workshop/venv/lib/python3.8/site-packages/airflow/example_dags/example_trigger_target_dag.py
[2022-08-29T20:37:10.814-0400] {processor.py:640} INFO - Processing file /Users/jl/Documents/Repos/GHC-2022-data-engineering-workshop/venv/lib/python3.8/site-packages/airflow/example_dags/example_trigger_target_dag.py for tasks to queue
[2022-08-29T20:37:10.815-0400] {logging_mixin.py:115} INFO - [2022-08-29T20:37:10.814-0400] {dagbag.py:508} INFO - Filling up the DagBag from /Users/jl/Documents/Repos/GHC-2022-data-engineering-workshop/venv/lib/python3.8/site-packages/airflow/example_dags/example_trigger_target_dag.py
[2022-08-29T20:37:10.853-0400] {processor.py:650} INFO - DAG(s) dict_keys(['example_trigger_target_dag']) retrieved from /Users/jl/Documents/Repos/GHC-2022-data-engineering-workshop/venv/lib/python3.8/site-packages/airflow/example_dags/example_trigger_target_dag.py
[2022-08-29T20:37:10.931-0400] {logging_mixin.py:115} INFO - [2022-08-29T20:37:10.931-0400] {dag.py:2429} INFO - Sync 1 DAGs
[2022-08-29T20:37:10.950-0400] {logging_mixin.py:115} INFO - [2022-08-29T20:37:10.949-0400] {dag.py:2977} INFO - Setting next_dagrun for example_trigger_target_dag to None, run_after=None
[2022-08-29T20:37:10.966-0400] {processor.py:161} INFO - Processing /Users/jl/Documents/Repos/GHC-2022-data-engineering-workshop/venv/lib/python3.8/site-packages/airflow/example_dags/example_trigger_target_dag.py took 0.163 seconds
[2022-08-29T20:38:14.262-0400] {processor.py:153} INFO - Started process (PID=16555) to work on /Users/jl/Documents/Repos/GHC-2022-data-engineering-workshop/venv/lib/python3.8/site-packages/airflow/example_dags/example_trigger_target_dag.py
[2022-08-29T20:38:14.273-0400] {processor.py:640} INFO - Processing file /Users/jl/Documents/Repos/GHC-2022-data-engineering-workshop/venv/lib/python3.8/site-packages/airflow/example_dags/example_trigger_target_dag.py for tasks to queue
[2022-08-29T20:38:14.274-0400] {logging_mixin.py:115} INFO - [2022-08-29T20:38:14.274-0400] {dagbag.py:508} INFO - Filling up the DagBag from /Users/jl/Documents/Repos/GHC-2022-data-engineering-workshop/venv/lib/python3.8/site-packages/airflow/example_dags/example_trigger_target_dag.py
[2022-08-29T20:38:14.314-0400] {processor.py:650} INFO - DAG(s) dict_keys(['example_trigger_target_dag']) retrieved from /Users/jl/Documents/Repos/GHC-2022-data-engineering-workshop/venv/lib/python3.8/site-packages/airflow/example_dags/example_trigger_target_dag.py
[2022-08-29T20:38:14.396-0400] {logging_mixin.py:115} INFO - [2022-08-29T20:38:14.395-0400] {dag.py:2429} INFO - Sync 1 DAGs
[2022-08-29T20:38:14.413-0400] {logging_mixin.py:115} INFO - [2022-08-29T20:38:14.413-0400] {dag.py:2977} INFO - Setting next_dagrun for example_trigger_target_dag to None, run_after=None
[2022-08-29T20:38:14.428-0400] {processor.py:161} INFO - Processing /Users/jl/Documents/Repos/GHC-2022-data-engineering-workshop/venv/lib/python3.8/site-packages/airflow/example_dags/example_trigger_target_dag.py took 0.167 seconds
[2022-08-29T20:39:13.616-0400] {processor.py:153} INFO - Started process (PID=16609) to work on /Users/jl/Documents/Repos/GHC-2022-data-engineering-workshop/venv/lib/python3.8/site-packages/airflow/example_dags/example_trigger_target_dag.py
[2022-08-29T20:39:13.631-0400] {processor.py:640} INFO - Processing file /Users/jl/Documents/Repos/GHC-2022-data-engineering-workshop/venv/lib/python3.8/site-packages/airflow/example_dags/example_trigger_target_dag.py for tasks to queue
[2022-08-29T20:39:13.632-0400] {logging_mixin.py:115} INFO - [2022-08-29T20:39:13.632-0400] {dagbag.py:508} INFO - Filling up the DagBag from /Users/jl/Documents/Repos/GHC-2022-data-engineering-workshop/venv/lib/python3.8/site-packages/airflow/example_dags/example_trigger_target_dag.py
[2022-08-29T20:39:13.709-0400] {processor.py:650} INFO - DAG(s) dict_keys(['example_trigger_target_dag']) retrieved from /Users/jl/Documents/Repos/GHC-2022-data-engineering-workshop/venv/lib/python3.8/site-packages/airflow/example_dags/example_trigger_target_dag.py
[2022-08-29T20:39:13.857-0400] {logging_mixin.py:115} INFO - [2022-08-29T20:39:13.854-0400] {dag.py:2429} INFO - Sync 1 DAGs
[2022-08-29T20:39:13.894-0400] {logging_mixin.py:115} INFO - [2022-08-29T20:39:13.894-0400] {dag.py:2977} INFO - Setting next_dagrun for example_trigger_target_dag to None, run_after=None
[2022-08-29T20:39:13.927-0400] {processor.py:161} INFO - Processing /Users/jl/Documents/Repos/GHC-2022-data-engineering-workshop/venv/lib/python3.8/site-packages/airflow/example_dags/example_trigger_target_dag.py took 0.312 seconds
[2022-08-29T20:40:10.503-0400] {processor.py:153} INFO - Started process (PID=16656) to work on /Users/jl/Documents/Repos/GHC-2022-data-engineering-workshop/venv/lib/python3.8/site-packages/airflow/example_dags/example_trigger_target_dag.py
[2022-08-29T20:40:10.511-0400] {processor.py:640} INFO - Processing file /Users/jl/Documents/Repos/GHC-2022-data-engineering-workshop/venv/lib/python3.8/site-packages/airflow/example_dags/example_trigger_target_dag.py for tasks to queue
[2022-08-29T20:40:10.511-0400] {logging_mixin.py:115} INFO - [2022-08-29T20:40:10.511-0400] {dagbag.py:508} INFO - Filling up the DagBag from /Users/jl/Documents/Repos/GHC-2022-data-engineering-workshop/venv/lib/python3.8/site-packages/airflow/example_dags/example_trigger_target_dag.py
[2022-08-29T20:40:10.549-0400] {processor.py:650} INFO - DAG(s) dict_keys(['example_trigger_target_dag']) retrieved from /Users/jl/Documents/Repos/GHC-2022-data-engineering-workshop/venv/lib/python3.8/site-packages/airflow/example_dags/example_trigger_target_dag.py
[2022-08-29T20:40:10.628-0400] {logging_mixin.py:115} INFO - [2022-08-29T20:40:10.628-0400] {dag.py:2429} INFO - Sync 1 DAGs
[2022-08-29T20:40:10.645-0400] {logging_mixin.py:115} INFO - [2022-08-29T20:40:10.645-0400] {dag.py:2977} INFO - Setting next_dagrun for example_trigger_target_dag to None, run_after=None
[2022-08-29T20:40:10.659-0400] {processor.py:161} INFO - Processing /Users/jl/Documents/Repos/GHC-2022-data-engineering-workshop/venv/lib/python3.8/site-packages/airflow/example_dags/example_trigger_target_dag.py took 0.158 seconds
[2022-08-29T20:41:56.663-0400] {processor.py:153} INFO - Started process (PID=16751) to work on /Users/jl/Documents/Repos/GHC-2022-data-engineering-workshop/venv/lib/python3.8/site-packages/airflow/example_dags/example_trigger_target_dag.py
[2022-08-29T20:41:56.673-0400] {processor.py:640} INFO - Processing file /Users/jl/Documents/Repos/GHC-2022-data-engineering-workshop/venv/lib/python3.8/site-packages/airflow/example_dags/example_trigger_target_dag.py for tasks to queue
[2022-08-29T20:41:56.674-0400] {logging_mixin.py:115} INFO - [2022-08-29T20:41:56.674-0400] {dagbag.py:508} INFO - Filling up the DagBag from /Users/jl/Documents/Repos/GHC-2022-data-engineering-workshop/venv/lib/python3.8/site-packages/airflow/example_dags/example_trigger_target_dag.py
[2022-08-29T20:41:56.714-0400] {processor.py:650} INFO - DAG(s) dict_keys(['example_trigger_target_dag']) retrieved from /Users/jl/Documents/Repos/GHC-2022-data-engineering-workshop/venv/lib/python3.8/site-packages/airflow/example_dags/example_trigger_target_dag.py
[2022-08-29T20:41:56.793-0400] {logging_mixin.py:115} INFO - [2022-08-29T20:41:56.793-0400] {dag.py:2429} INFO - Sync 1 DAGs
[2022-08-29T20:41:56.810-0400] {logging_mixin.py:115} INFO - [2022-08-29T20:41:56.810-0400] {dag.py:2977} INFO - Setting next_dagrun for example_trigger_target_dag to None, run_after=None
[2022-08-29T20:41:56.825-0400] {processor.py:161} INFO - Processing /Users/jl/Documents/Repos/GHC-2022-data-engineering-workshop/venv/lib/python3.8/site-packages/airflow/example_dags/example_trigger_target_dag.py took 0.163 seconds
[2022-08-29T20:43:51.097-0400] {processor.py:153} INFO - Started process (PID=16854) to work on /Users/jl/Documents/Repos/GHC-2022-data-engineering-workshop/venv/lib/python3.8/site-packages/airflow/example_dags/example_trigger_target_dag.py
[2022-08-29T20:43:51.107-0400] {processor.py:640} INFO - Processing file /Users/jl/Documents/Repos/GHC-2022-data-engineering-workshop/venv/lib/python3.8/site-packages/airflow/example_dags/example_trigger_target_dag.py for tasks to queue
[2022-08-29T20:43:51.108-0400] {logging_mixin.py:115} INFO - [2022-08-29T20:43:51.108-0400] {dagbag.py:508} INFO - Filling up the DagBag from /Users/jl/Documents/Repos/GHC-2022-data-engineering-workshop/venv/lib/python3.8/site-packages/airflow/example_dags/example_trigger_target_dag.py
[2022-08-29T20:43:51.153-0400] {processor.py:650} INFO - DAG(s) dict_keys(['example_trigger_target_dag']) retrieved from /Users/jl/Documents/Repos/GHC-2022-data-engineering-workshop/venv/lib/python3.8/site-packages/airflow/example_dags/example_trigger_target_dag.py
[2022-08-29T20:43:51.234-0400] {logging_mixin.py:115} INFO - [2022-08-29T20:43:51.233-0400] {dag.py:2429} INFO - Sync 1 DAGs
[2022-08-29T20:43:51.252-0400] {logging_mixin.py:115} INFO - [2022-08-29T20:43:51.252-0400] {dag.py:2977} INFO - Setting next_dagrun for example_trigger_target_dag to None, run_after=None
[2022-08-29T20:43:51.267-0400] {processor.py:161} INFO - Processing /Users/jl/Documents/Repos/GHC-2022-data-engineering-workshop/venv/lib/python3.8/site-packages/airflow/example_dags/example_trigger_target_dag.py took 0.172 seconds
[2022-08-29T20:45:43.749-0400] {processor.py:153} INFO - Started process (PID=16956) to work on /Users/jl/Documents/Repos/GHC-2022-data-engineering-workshop/venv/lib/python3.8/site-packages/airflow/example_dags/example_trigger_target_dag.py
[2022-08-29T20:45:43.759-0400] {processor.py:640} INFO - Processing file /Users/jl/Documents/Repos/GHC-2022-data-engineering-workshop/venv/lib/python3.8/site-packages/airflow/example_dags/example_trigger_target_dag.py for tasks to queue
[2022-08-29T20:45:43.759-0400] {logging_mixin.py:115} INFO - [2022-08-29T20:45:43.759-0400] {dagbag.py:508} INFO - Filling up the DagBag from /Users/jl/Documents/Repos/GHC-2022-data-engineering-workshop/venv/lib/python3.8/site-packages/airflow/example_dags/example_trigger_target_dag.py
[2022-08-29T20:45:43.798-0400] {processor.py:650} INFO - DAG(s) dict_keys(['example_trigger_target_dag']) retrieved from /Users/jl/Documents/Repos/GHC-2022-data-engineering-workshop/venv/lib/python3.8/site-packages/airflow/example_dags/example_trigger_target_dag.py
[2022-08-29T20:45:43.876-0400] {logging_mixin.py:115} INFO - [2022-08-29T20:45:43.876-0400] {dag.py:2429} INFO - Sync 1 DAGs
[2022-08-29T20:45:43.893-0400] {logging_mixin.py:115} INFO - [2022-08-29T20:45:43.892-0400] {dag.py:2977} INFO - Setting next_dagrun for example_trigger_target_dag to None, run_after=None
[2022-08-29T20:45:43.907-0400] {processor.py:161} INFO - Processing /Users/jl/Documents/Repos/GHC-2022-data-engineering-workshop/venv/lib/python3.8/site-packages/airflow/example_dags/example_trigger_target_dag.py took 0.159 seconds
[2022-08-29T20:47:24.717-0400] {processor.py:153} INFO - Started process (PID=17048) to work on /Users/jl/Documents/Repos/GHC-2022-data-engineering-workshop/venv/lib/python3.8/site-packages/airflow/example_dags/example_trigger_target_dag.py
[2022-08-29T20:47:24.728-0400] {processor.py:640} INFO - Processing file /Users/jl/Documents/Repos/GHC-2022-data-engineering-workshop/venv/lib/python3.8/site-packages/airflow/example_dags/example_trigger_target_dag.py for tasks to queue
[2022-08-29T20:47:24.729-0400] {logging_mixin.py:115} INFO - [2022-08-29T20:47:24.729-0400] {dagbag.py:508} INFO - Filling up the DagBag from /Users/jl/Documents/Repos/GHC-2022-data-engineering-workshop/venv/lib/python3.8/site-packages/airflow/example_dags/example_trigger_target_dag.py
[2022-08-29T20:47:24.838-0400] {processor.py:650} INFO - DAG(s) dict_keys(['example_trigger_target_dag']) retrieved from /Users/jl/Documents/Repos/GHC-2022-data-engineering-workshop/venv/lib/python3.8/site-packages/airflow/example_dags/example_trigger_target_dag.py
[2022-08-29T20:47:24.942-0400] {logging_mixin.py:115} INFO - [2022-08-29T20:47:24.942-0400] {dag.py:2429} INFO - Sync 1 DAGs
[2022-08-29T20:47:24.962-0400] {logging_mixin.py:115} INFO - [2022-08-29T20:47:24.961-0400] {dag.py:2977} INFO - Setting next_dagrun for example_trigger_target_dag to None, run_after=None
[2022-08-29T20:47:24.976-0400] {processor.py:161} INFO - Processing /Users/jl/Documents/Repos/GHC-2022-data-engineering-workshop/venv/lib/python3.8/site-packages/airflow/example_dags/example_trigger_target_dag.py took 0.260 seconds
[2022-08-29T20:48:25.570-0400] {processor.py:153} INFO - Started process (PID=17101) to work on /Users/jl/Documents/Repos/GHC-2022-data-engineering-workshop/venv/lib/python3.8/site-packages/airflow/example_dags/example_trigger_target_dag.py
[2022-08-29T20:48:25.580-0400] {processor.py:640} INFO - Processing file /Users/jl/Documents/Repos/GHC-2022-data-engineering-workshop/venv/lib/python3.8/site-packages/airflow/example_dags/example_trigger_target_dag.py for tasks to queue
[2022-08-29T20:48:25.581-0400] {logging_mixin.py:115} INFO - [2022-08-29T20:48:25.581-0400] {dagbag.py:508} INFO - Filling up the DagBag from /Users/jl/Documents/Repos/GHC-2022-data-engineering-workshop/venv/lib/python3.8/site-packages/airflow/example_dags/example_trigger_target_dag.py
[2022-08-29T20:48:25.625-0400] {processor.py:650} INFO - DAG(s) dict_keys(['example_trigger_target_dag']) retrieved from /Users/jl/Documents/Repos/GHC-2022-data-engineering-workshop/venv/lib/python3.8/site-packages/airflow/example_dags/example_trigger_target_dag.py
[2022-08-29T20:48:25.713-0400] {logging_mixin.py:115} INFO - [2022-08-29T20:48:25.713-0400] {dag.py:2429} INFO - Sync 1 DAGs
[2022-08-29T20:48:25.731-0400] {logging_mixin.py:115} INFO - [2022-08-29T20:48:25.731-0400] {dag.py:2977} INFO - Setting next_dagrun for example_trigger_target_dag to None, run_after=None
[2022-08-29T20:48:25.747-0400] {processor.py:161} INFO - Processing /Users/jl/Documents/Repos/GHC-2022-data-engineering-workshop/venv/lib/python3.8/site-packages/airflow/example_dags/example_trigger_target_dag.py took 0.178 seconds
[2022-08-29T20:50:05.705-0400] {processor.py:153} INFO - Started process (PID=17190) to work on /Users/jl/Documents/Repos/GHC-2022-data-engineering-workshop/venv/lib/python3.8/site-packages/airflow/example_dags/example_trigger_target_dag.py
[2022-08-29T20:50:05.713-0400] {processor.py:640} INFO - Processing file /Users/jl/Documents/Repos/GHC-2022-data-engineering-workshop/venv/lib/python3.8/site-packages/airflow/example_dags/example_trigger_target_dag.py for tasks to queue
[2022-08-29T20:50:05.714-0400] {logging_mixin.py:115} INFO - [2022-08-29T20:50:05.714-0400] {dagbag.py:508} INFO - Filling up the DagBag from /Users/jl/Documents/Repos/GHC-2022-data-engineering-workshop/venv/lib/python3.8/site-packages/airflow/example_dags/example_trigger_target_dag.py
[2022-08-29T20:50:05.751-0400] {processor.py:650} INFO - DAG(s) dict_keys(['example_trigger_target_dag']) retrieved from /Users/jl/Documents/Repos/GHC-2022-data-engineering-workshop/venv/lib/python3.8/site-packages/airflow/example_dags/example_trigger_target_dag.py
[2022-08-29T20:50:05.829-0400] {logging_mixin.py:115} INFO - [2022-08-29T20:50:05.829-0400] {dag.py:2429} INFO - Sync 1 DAGs
[2022-08-29T20:50:05.847-0400] {logging_mixin.py:115} INFO - [2022-08-29T20:50:05.847-0400] {dag.py:2977} INFO - Setting next_dagrun for example_trigger_target_dag to None, run_after=None
[2022-08-29T20:50:05.863-0400] {processor.py:161} INFO - Processing /Users/jl/Documents/Repos/GHC-2022-data-engineering-workshop/venv/lib/python3.8/site-packages/airflow/example_dags/example_trigger_target_dag.py took 0.159 seconds
[2022-08-29T20:51:41.659-0400] {processor.py:153} INFO - Started process (PID=17278) to work on /Users/jl/Documents/Repos/GHC-2022-data-engineering-workshop/venv/lib/python3.8/site-packages/airflow/example_dags/example_trigger_target_dag.py
[2022-08-29T20:51:41.667-0400] {processor.py:640} INFO - Processing file /Users/jl/Documents/Repos/GHC-2022-data-engineering-workshop/venv/lib/python3.8/site-packages/airflow/example_dags/example_trigger_target_dag.py for tasks to queue
[2022-08-29T20:51:41.668-0400] {logging_mixin.py:115} INFO - [2022-08-29T20:51:41.668-0400] {dagbag.py:508} INFO - Filling up the DagBag from /Users/jl/Documents/Repos/GHC-2022-data-engineering-workshop/venv/lib/python3.8/site-packages/airflow/example_dags/example_trigger_target_dag.py
[2022-08-29T20:51:41.706-0400] {processor.py:650} INFO - DAG(s) dict_keys(['example_trigger_target_dag']) retrieved from /Users/jl/Documents/Repos/GHC-2022-data-engineering-workshop/venv/lib/python3.8/site-packages/airflow/example_dags/example_trigger_target_dag.py
[2022-08-29T20:51:41.789-0400] {logging_mixin.py:115} INFO - [2022-08-29T20:51:41.789-0400] {dag.py:2429} INFO - Sync 1 DAGs
[2022-08-29T20:51:41.807-0400] {logging_mixin.py:115} INFO - [2022-08-29T20:51:41.807-0400] {dag.py:2977} INFO - Setting next_dagrun for example_trigger_target_dag to None, run_after=None
[2022-08-29T20:51:41.821-0400] {processor.py:161} INFO - Processing /Users/jl/Documents/Repos/GHC-2022-data-engineering-workshop/venv/lib/python3.8/site-packages/airflow/example_dags/example_trigger_target_dag.py took 0.163 seconds
[2022-08-29T20:53:24.545-0400] {processor.py:153} INFO - Started process (PID=17372) to work on /Users/jl/Documents/Repos/GHC-2022-data-engineering-workshop/venv/lib/python3.8/site-packages/airflow/example_dags/example_trigger_target_dag.py
[2022-08-29T20:53:24.555-0400] {processor.py:640} INFO - Processing file /Users/jl/Documents/Repos/GHC-2022-data-engineering-workshop/venv/lib/python3.8/site-packages/airflow/example_dags/example_trigger_target_dag.py for tasks to queue
[2022-08-29T20:53:24.556-0400] {logging_mixin.py:115} INFO - [2022-08-29T20:53:24.556-0400] {dagbag.py:508} INFO - Filling up the DagBag from /Users/jl/Documents/Repos/GHC-2022-data-engineering-workshop/venv/lib/python3.8/site-packages/airflow/example_dags/example_trigger_target_dag.py
[2022-08-29T20:53:24.604-0400] {processor.py:650} INFO - DAG(s) dict_keys(['example_trigger_target_dag']) retrieved from /Users/jl/Documents/Repos/GHC-2022-data-engineering-workshop/venv/lib/python3.8/site-packages/airflow/example_dags/example_trigger_target_dag.py
[2022-08-29T20:53:24.700-0400] {logging_mixin.py:115} INFO - [2022-08-29T20:53:24.700-0400] {dag.py:2429} INFO - Sync 1 DAGs
[2022-08-29T20:53:24.721-0400] {logging_mixin.py:115} INFO - [2022-08-29T20:53:24.721-0400] {dag.py:2977} INFO - Setting next_dagrun for example_trigger_target_dag to None, run_after=None
[2022-08-29T20:53:24.738-0400] {processor.py:161} INFO - Processing /Users/jl/Documents/Repos/GHC-2022-data-engineering-workshop/venv/lib/python3.8/site-packages/airflow/example_dags/example_trigger_target_dag.py took 0.195 seconds
[2022-08-29T20:54:33.045-0400] {processor.py:153} INFO - Started process (PID=17423) to work on /Users/jl/Documents/Repos/GHC-2022-data-engineering-workshop/venv/lib/python3.8/site-packages/airflow/example_dags/example_trigger_target_dag.py
[2022-08-29T20:54:33.057-0400] {processor.py:640} INFO - Processing file /Users/jl/Documents/Repos/GHC-2022-data-engineering-workshop/venv/lib/python3.8/site-packages/airflow/example_dags/example_trigger_target_dag.py for tasks to queue
[2022-08-29T20:54:33.058-0400] {logging_mixin.py:115} INFO - [2022-08-29T20:54:33.058-0400] {dagbag.py:508} INFO - Filling up the DagBag from /Users/jl/Documents/Repos/GHC-2022-data-engineering-workshop/venv/lib/python3.8/site-packages/airflow/example_dags/example_trigger_target_dag.py
[2022-08-29T20:54:33.109-0400] {processor.py:650} INFO - DAG(s) dict_keys(['example_trigger_target_dag']) retrieved from /Users/jl/Documents/Repos/GHC-2022-data-engineering-workshop/venv/lib/python3.8/site-packages/airflow/example_dags/example_trigger_target_dag.py
[2022-08-29T20:54:33.211-0400] {logging_mixin.py:115} INFO - [2022-08-29T20:54:33.211-0400] {dag.py:2429} INFO - Sync 1 DAGs
[2022-08-29T20:54:33.234-0400] {logging_mixin.py:115} INFO - [2022-08-29T20:54:33.234-0400] {dag.py:2977} INFO - Setting next_dagrun for example_trigger_target_dag to None, run_after=None
[2022-08-29T20:54:33.257-0400] {processor.py:161} INFO - Processing /Users/jl/Documents/Repos/GHC-2022-data-engineering-workshop/venv/lib/python3.8/site-packages/airflow/example_dags/example_trigger_target_dag.py took 0.213 seconds
[2022-08-29T20:55:33.176-0400] {processor.py:153} INFO - Started process (PID=17472) to work on /Users/jl/Documents/Repos/GHC-2022-data-engineering-workshop/venv/lib/python3.8/site-packages/airflow/example_dags/example_trigger_target_dag.py
[2022-08-29T20:55:33.185-0400] {processor.py:640} INFO - Processing file /Users/jl/Documents/Repos/GHC-2022-data-engineering-workshop/venv/lib/python3.8/site-packages/airflow/example_dags/example_trigger_target_dag.py for tasks to queue
[2022-08-29T20:55:33.185-0400] {logging_mixin.py:115} INFO - [2022-08-29T20:55:33.185-0400] {dagbag.py:508} INFO - Filling up the DagBag from /Users/jl/Documents/Repos/GHC-2022-data-engineering-workshop/venv/lib/python3.8/site-packages/airflow/example_dags/example_trigger_target_dag.py
[2022-08-29T20:55:33.223-0400] {processor.py:650} INFO - DAG(s) dict_keys(['example_trigger_target_dag']) retrieved from /Users/jl/Documents/Repos/GHC-2022-data-engineering-workshop/venv/lib/python3.8/site-packages/airflow/example_dags/example_trigger_target_dag.py
[2022-08-29T20:55:33.301-0400] {logging_mixin.py:115} INFO - [2022-08-29T20:55:33.300-0400] {dag.py:2429} INFO - Sync 1 DAGs
[2022-08-29T20:55:33.318-0400] {logging_mixin.py:115} INFO - [2022-08-29T20:55:33.317-0400] {dag.py:2977} INFO - Setting next_dagrun for example_trigger_target_dag to None, run_after=None
[2022-08-29T20:55:33.332-0400] {processor.py:161} INFO - Processing /Users/jl/Documents/Repos/GHC-2022-data-engineering-workshop/venv/lib/python3.8/site-packages/airflow/example_dags/example_trigger_target_dag.py took 0.157 seconds
[2022-08-29T20:57:16.424-0400] {processor.py:153} INFO - Started process (PID=17563) to work on /Users/jl/Documents/Repos/GHC-2022-data-engineering-workshop/venv/lib/python3.8/site-packages/airflow/example_dags/example_trigger_target_dag.py
[2022-08-29T20:57:16.434-0400] {processor.py:640} INFO - Processing file /Users/jl/Documents/Repos/GHC-2022-data-engineering-workshop/venv/lib/python3.8/site-packages/airflow/example_dags/example_trigger_target_dag.py for tasks to queue
[2022-08-29T20:57:16.435-0400] {logging_mixin.py:115} INFO - [2022-08-29T20:57:16.434-0400] {dagbag.py:508} INFO - Filling up the DagBag from /Users/jl/Documents/Repos/GHC-2022-data-engineering-workshop/venv/lib/python3.8/site-packages/airflow/example_dags/example_trigger_target_dag.py
[2022-08-29T20:57:16.474-0400] {processor.py:650} INFO - DAG(s) dict_keys(['example_trigger_target_dag']) retrieved from /Users/jl/Documents/Repos/GHC-2022-data-engineering-workshop/venv/lib/python3.8/site-packages/airflow/example_dags/example_trigger_target_dag.py
[2022-08-29T20:57:16.553-0400] {logging_mixin.py:115} INFO - [2022-08-29T20:57:16.552-0400] {dag.py:2429} INFO - Sync 1 DAGs
[2022-08-29T20:57:16.569-0400] {logging_mixin.py:115} INFO - [2022-08-29T20:57:16.569-0400] {dag.py:2977} INFO - Setting next_dagrun for example_trigger_target_dag to None, run_after=None
[2022-08-29T20:57:16.584-0400] {processor.py:161} INFO - Processing /Users/jl/Documents/Repos/GHC-2022-data-engineering-workshop/venv/lib/python3.8/site-packages/airflow/example_dags/example_trigger_target_dag.py took 0.161 seconds
[2022-08-29T20:58:28.276-0400] {processor.py:153} INFO - Started process (PID=17622) to work on /Users/jl/Documents/Repos/GHC-2022-data-engineering-workshop/venv/lib/python3.8/site-packages/airflow/example_dags/example_trigger_target_dag.py
[2022-08-29T20:58:28.287-0400] {processor.py:640} INFO - Processing file /Users/jl/Documents/Repos/GHC-2022-data-engineering-workshop/venv/lib/python3.8/site-packages/airflow/example_dags/example_trigger_target_dag.py for tasks to queue
[2022-08-29T20:58:28.287-0400] {logging_mixin.py:115} INFO - [2022-08-29T20:58:28.287-0400] {dagbag.py:508} INFO - Filling up the DagBag from /Users/jl/Documents/Repos/GHC-2022-data-engineering-workshop/venv/lib/python3.8/site-packages/airflow/example_dags/example_trigger_target_dag.py
[2022-08-29T20:58:28.329-0400] {processor.py:650} INFO - DAG(s) dict_keys(['example_trigger_target_dag']) retrieved from /Users/jl/Documents/Repos/GHC-2022-data-engineering-workshop/venv/lib/python3.8/site-packages/airflow/example_dags/example_trigger_target_dag.py
[2022-08-29T20:58:28.411-0400] {logging_mixin.py:115} INFO - [2022-08-29T20:58:28.410-0400] {dag.py:2429} INFO - Sync 1 DAGs
[2022-08-29T20:58:28.428-0400] {logging_mixin.py:115} INFO - [2022-08-29T20:58:28.428-0400] {dag.py:2977} INFO - Setting next_dagrun for example_trigger_target_dag to None, run_after=None
[2022-08-29T20:58:28.443-0400] {processor.py:161} INFO - Processing /Users/jl/Documents/Repos/GHC-2022-data-engineering-workshop/venv/lib/python3.8/site-packages/airflow/example_dags/example_trigger_target_dag.py took 0.168 seconds
[2022-08-29T20:59:41.470-0400] {processor.py:153} INFO - Started process (PID=17704) to work on /Users/jl/Documents/Repos/GHC-2022-data-engineering-workshop/venv/lib/python3.8/site-packages/airflow/example_dags/example_trigger_target_dag.py
[2022-08-29T20:59:41.483-0400] {processor.py:640} INFO - Processing file /Users/jl/Documents/Repos/GHC-2022-data-engineering-workshop/venv/lib/python3.8/site-packages/airflow/example_dags/example_trigger_target_dag.py for tasks to queue
[2022-08-29T20:59:41.483-0400] {logging_mixin.py:115} INFO - [2022-08-29T20:59:41.483-0400] {dagbag.py:508} INFO - Filling up the DagBag from /Users/jl/Documents/Repos/GHC-2022-data-engineering-workshop/venv/lib/python3.8/site-packages/airflow/example_dags/example_trigger_target_dag.py
[2022-08-29T20:59:41.526-0400] {processor.py:650} INFO - DAG(s) dict_keys(['example_trigger_target_dag']) retrieved from /Users/jl/Documents/Repos/GHC-2022-data-engineering-workshop/venv/lib/python3.8/site-packages/airflow/example_dags/example_trigger_target_dag.py
[2022-08-29T20:59:41.613-0400] {logging_mixin.py:115} INFO - [2022-08-29T20:59:41.612-0400] {dag.py:2429} INFO - Sync 1 DAGs
[2022-08-29T20:59:41.631-0400] {logging_mixin.py:115} INFO - [2022-08-29T20:59:41.631-0400] {dag.py:2977} INFO - Setting next_dagrun for example_trigger_target_dag to None, run_after=None
[2022-08-29T20:59:41.646-0400] {processor.py:161} INFO - Processing /Users/jl/Documents/Repos/GHC-2022-data-engineering-workshop/venv/lib/python3.8/site-packages/airflow/example_dags/example_trigger_target_dag.py took 0.177 seconds
[2022-08-29T21:00:39.264-0400] {processor.py:153} INFO - Started process (PID=17765) to work on /Users/jl/Documents/Repos/GHC-2022-data-engineering-workshop/venv/lib/python3.8/site-packages/airflow/example_dags/example_trigger_target_dag.py
[2022-08-29T21:00:39.273-0400] {processor.py:640} INFO - Processing file /Users/jl/Documents/Repos/GHC-2022-data-engineering-workshop/venv/lib/python3.8/site-packages/airflow/example_dags/example_trigger_target_dag.py for tasks to queue
[2022-08-29T21:00:39.274-0400] {logging_mixin.py:115} INFO - [2022-08-29T21:00:39.274-0400] {dagbag.py:508} INFO - Filling up the DagBag from /Users/jl/Documents/Repos/GHC-2022-data-engineering-workshop/venv/lib/python3.8/site-packages/airflow/example_dags/example_trigger_target_dag.py
[2022-08-29T21:00:39.335-0400] {processor.py:650} INFO - DAG(s) dict_keys(['example_trigger_target_dag']) retrieved from /Users/jl/Documents/Repos/GHC-2022-data-engineering-workshop/venv/lib/python3.8/site-packages/airflow/example_dags/example_trigger_target_dag.py
[2022-08-29T21:00:39.416-0400] {logging_mixin.py:115} INFO - [2022-08-29T21:00:39.416-0400] {dag.py:2429} INFO - Sync 1 DAGs
[2022-08-29T21:00:39.435-0400] {logging_mixin.py:115} INFO - [2022-08-29T21:00:39.434-0400] {dag.py:2977} INFO - Setting next_dagrun for example_trigger_target_dag to None, run_after=None
[2022-08-29T21:00:39.463-0400] {processor.py:161} INFO - Processing /Users/jl/Documents/Repos/GHC-2022-data-engineering-workshop/venv/lib/python3.8/site-packages/airflow/example_dags/example_trigger_target_dag.py took 0.199 seconds
[2022-08-29T21:01:37.464-0400] {processor.py:153} INFO - Started process (PID=17822) to work on /Users/jl/Documents/Repos/GHC-2022-data-engineering-workshop/venv/lib/python3.8/site-packages/airflow/example_dags/example_trigger_target_dag.py
[2022-08-29T21:01:37.472-0400] {processor.py:640} INFO - Processing file /Users/jl/Documents/Repos/GHC-2022-data-engineering-workshop/venv/lib/python3.8/site-packages/airflow/example_dags/example_trigger_target_dag.py for tasks to queue
[2022-08-29T21:01:37.473-0400] {logging_mixin.py:115} INFO - [2022-08-29T21:01:37.473-0400] {dagbag.py:508} INFO - Filling up the DagBag from /Users/jl/Documents/Repos/GHC-2022-data-engineering-workshop/venv/lib/python3.8/site-packages/airflow/example_dags/example_trigger_target_dag.py
[2022-08-29T21:01:37.511-0400] {processor.py:650} INFO - DAG(s) dict_keys(['example_trigger_target_dag']) retrieved from /Users/jl/Documents/Repos/GHC-2022-data-engineering-workshop/venv/lib/python3.8/site-packages/airflow/example_dags/example_trigger_target_dag.py
[2022-08-29T21:01:37.588-0400] {logging_mixin.py:115} INFO - [2022-08-29T21:01:37.587-0400] {dag.py:2429} INFO - Sync 1 DAGs
[2022-08-29T21:01:37.605-0400] {logging_mixin.py:115} INFO - [2022-08-29T21:01:37.604-0400] {dag.py:2977} INFO - Setting next_dagrun for example_trigger_target_dag to None, run_after=None
[2022-08-29T21:01:37.619-0400] {processor.py:161} INFO - Processing /Users/jl/Documents/Repos/GHC-2022-data-engineering-workshop/venv/lib/python3.8/site-packages/airflow/example_dags/example_trigger_target_dag.py took 0.156 seconds
