[2022-08-29T20:01:02.217-0400] {processor.py:153} INFO - Started process (PID=14401) to work on /Users/jl/Documents/Repos/GHC-2022-data-engineering-workshop/venv/lib/python3.8/site-packages/airflow/example_dags/example_python_operator.py
[2022-08-29T20:01:02.225-0400] {processor.py:640} INFO - Processing file /Users/jl/Documents/Repos/GHC-2022-data-engineering-workshop/venv/lib/python3.8/site-packages/airflow/example_dags/example_python_operator.py for tasks to queue
[2022-08-29T20:01:02.226-0400] {logging_mixin.py:115} INFO - [2022-08-29T20:01:02.226-0400] {dagbag.py:508} INFO - Filling up the DagBag from /Users/jl/Documents/Repos/GHC-2022-data-engineering-workshop/venv/lib/python3.8/site-packages/airflow/example_dags/example_python_operator.py
[2022-08-29T20:01:02.269-0400] {processor.py:650} INFO - DAG(s) dict_keys(['example_python_operator']) retrieved from /Users/jl/Documents/Repos/GHC-2022-data-engineering-workshop/venv/lib/python3.8/site-packages/airflow/example_dags/example_python_operator.py
[2022-08-29T20:01:02.347-0400] {logging_mixin.py:115} INFO - [2022-08-29T20:01:02.347-0400] {dag.py:2429} INFO - Sync 1 DAGs
[2022-08-29T20:01:02.364-0400] {logging_mixin.py:115} INFO - [2022-08-29T20:01:02.364-0400] {dag.py:2977} INFO - Setting next_dagrun for example_python_operator to None, run_after=None
[2022-08-29T20:01:02.379-0400] {processor.py:161} INFO - Processing /Users/jl/Documents/Repos/GHC-2022-data-engineering-workshop/venv/lib/python3.8/site-packages/airflow/example_dags/example_python_operator.py took 0.163 seconds
[2022-08-29T20:02:31.358-0400] {processor.py:153} INFO - Started process (PID=14486) to work on /Users/jl/Documents/Repos/GHC-2022-data-engineering-workshop/venv/lib/python3.8/site-packages/airflow/example_dags/example_python_operator.py
[2022-08-29T20:02:31.366-0400] {processor.py:640} INFO - Processing file /Users/jl/Documents/Repos/GHC-2022-data-engineering-workshop/venv/lib/python3.8/site-packages/airflow/example_dags/example_python_operator.py for tasks to queue
[2022-08-29T20:02:31.366-0400] {logging_mixin.py:115} INFO - [2022-08-29T20:02:31.366-0400] {dagbag.py:508} INFO - Filling up the DagBag from /Users/jl/Documents/Repos/GHC-2022-data-engineering-workshop/venv/lib/python3.8/site-packages/airflow/example_dags/example_python_operator.py
[2022-08-29T20:02:31.406-0400] {processor.py:650} INFO - DAG(s) dict_keys(['example_python_operator']) retrieved from /Users/jl/Documents/Repos/GHC-2022-data-engineering-workshop/venv/lib/python3.8/site-packages/airflow/example_dags/example_python_operator.py
[2022-08-29T20:02:31.485-0400] {logging_mixin.py:115} INFO - [2022-08-29T20:02:31.485-0400] {dag.py:2429} INFO - Sync 1 DAGs
[2022-08-29T20:02:31.502-0400] {logging_mixin.py:115} INFO - [2022-08-29T20:02:31.502-0400] {dag.py:2977} INFO - Setting next_dagrun for example_python_operator to None, run_after=None
[2022-08-29T20:02:31.516-0400] {processor.py:161} INFO - Processing /Users/jl/Documents/Repos/GHC-2022-data-engineering-workshop/venv/lib/python3.8/site-packages/airflow/example_dags/example_python_operator.py took 0.160 seconds
[2022-08-29T20:03:55.106-0400] {processor.py:153} INFO - Started process (PID=14565) to work on /Users/jl/Documents/Repos/GHC-2022-data-engineering-workshop/venv/lib/python3.8/site-packages/airflow/example_dags/example_python_operator.py
[2022-08-29T20:03:55.114-0400] {processor.py:640} INFO - Processing file /Users/jl/Documents/Repos/GHC-2022-data-engineering-workshop/venv/lib/python3.8/site-packages/airflow/example_dags/example_python_operator.py for tasks to queue
[2022-08-29T20:03:55.115-0400] {logging_mixin.py:115} INFO - [2022-08-29T20:03:55.115-0400] {dagbag.py:508} INFO - Filling up the DagBag from /Users/jl/Documents/Repos/GHC-2022-data-engineering-workshop/venv/lib/python3.8/site-packages/airflow/example_dags/example_python_operator.py
[2022-08-29T20:03:55.154-0400] {processor.py:650} INFO - DAG(s) dict_keys(['example_python_operator']) retrieved from /Users/jl/Documents/Repos/GHC-2022-data-engineering-workshop/venv/lib/python3.8/site-packages/airflow/example_dags/example_python_operator.py
[2022-08-29T20:03:55.232-0400] {logging_mixin.py:115} INFO - [2022-08-29T20:03:55.232-0400] {dag.py:2429} INFO - Sync 1 DAGs
[2022-08-29T20:03:55.250-0400] {logging_mixin.py:115} INFO - [2022-08-29T20:03:55.249-0400] {dag.py:2977} INFO - Setting next_dagrun for example_python_operator to None, run_after=None
[2022-08-29T20:03:55.264-0400] {processor.py:161} INFO - Processing /Users/jl/Documents/Repos/GHC-2022-data-engineering-workshop/venv/lib/python3.8/site-packages/airflow/example_dags/example_python_operator.py took 0.159 seconds
[2022-08-29T20:05:23.409-0400] {processor.py:153} INFO - Started process (PID=14646) to work on /Users/jl/Documents/Repos/GHC-2022-data-engineering-workshop/venv/lib/python3.8/site-packages/airflow/example_dags/example_python_operator.py
[2022-08-29T20:05:23.417-0400] {processor.py:640} INFO - Processing file /Users/jl/Documents/Repos/GHC-2022-data-engineering-workshop/venv/lib/python3.8/site-packages/airflow/example_dags/example_python_operator.py for tasks to queue
[2022-08-29T20:05:23.418-0400] {logging_mixin.py:115} INFO - [2022-08-29T20:05:23.418-0400] {dagbag.py:508} INFO - Filling up the DagBag from /Users/jl/Documents/Repos/GHC-2022-data-engineering-workshop/venv/lib/python3.8/site-packages/airflow/example_dags/example_python_operator.py
[2022-08-29T20:05:23.457-0400] {processor.py:650} INFO - DAG(s) dict_keys(['example_python_operator']) retrieved from /Users/jl/Documents/Repos/GHC-2022-data-engineering-workshop/venv/lib/python3.8/site-packages/airflow/example_dags/example_python_operator.py
[2022-08-29T20:05:23.537-0400] {logging_mixin.py:115} INFO - [2022-08-29T20:05:23.536-0400] {dag.py:2429} INFO - Sync 1 DAGs
[2022-08-29T20:05:23.553-0400] {logging_mixin.py:115} INFO - [2022-08-29T20:05:23.553-0400] {dag.py:2977} INFO - Setting next_dagrun for example_python_operator to None, run_after=None
[2022-08-29T20:05:23.567-0400] {processor.py:161} INFO - Processing /Users/jl/Documents/Repos/GHC-2022-data-engineering-workshop/venv/lib/python3.8/site-packages/airflow/example_dags/example_python_operator.py took 0.159 seconds
[2022-08-29T20:06:49.417-0400] {processor.py:153} INFO - Started process (PID=14726) to work on /Users/jl/Documents/Repos/GHC-2022-data-engineering-workshop/venv/lib/python3.8/site-packages/airflow/example_dags/example_python_operator.py
[2022-08-29T20:06:49.425-0400] {processor.py:640} INFO - Processing file /Users/jl/Documents/Repos/GHC-2022-data-engineering-workshop/venv/lib/python3.8/site-packages/airflow/example_dags/example_python_operator.py for tasks to queue
[2022-08-29T20:06:49.426-0400] {logging_mixin.py:115} INFO - [2022-08-29T20:06:49.426-0400] {dagbag.py:508} INFO - Filling up the DagBag from /Users/jl/Documents/Repos/GHC-2022-data-engineering-workshop/venv/lib/python3.8/site-packages/airflow/example_dags/example_python_operator.py
[2022-08-29T20:06:49.465-0400] {processor.py:650} INFO - DAG(s) dict_keys(['example_python_operator']) retrieved from /Users/jl/Documents/Repos/GHC-2022-data-engineering-workshop/venv/lib/python3.8/site-packages/airflow/example_dags/example_python_operator.py
[2022-08-29T20:06:49.544-0400] {logging_mixin.py:115} INFO - [2022-08-29T20:06:49.544-0400] {dag.py:2429} INFO - Sync 1 DAGs
[2022-08-29T20:06:49.562-0400] {logging_mixin.py:115} INFO - [2022-08-29T20:06:49.562-0400] {dag.py:2977} INFO - Setting next_dagrun for example_python_operator to None, run_after=None
[2022-08-29T20:06:49.577-0400] {processor.py:161} INFO - Processing /Users/jl/Documents/Repos/GHC-2022-data-engineering-workshop/venv/lib/python3.8/site-packages/airflow/example_dags/example_python_operator.py took 0.161 seconds
[2022-08-29T20:08:16.189-0400] {processor.py:153} INFO - Started process (PID=14809) to work on /Users/jl/Documents/Repos/GHC-2022-data-engineering-workshop/venv/lib/python3.8/site-packages/airflow/example_dags/example_python_operator.py
[2022-08-29T20:08:16.197-0400] {processor.py:640} INFO - Processing file /Users/jl/Documents/Repos/GHC-2022-data-engineering-workshop/venv/lib/python3.8/site-packages/airflow/example_dags/example_python_operator.py for tasks to queue
[2022-08-29T20:08:16.198-0400] {logging_mixin.py:115} INFO - [2022-08-29T20:08:16.197-0400] {dagbag.py:508} INFO - Filling up the DagBag from /Users/jl/Documents/Repos/GHC-2022-data-engineering-workshop/venv/lib/python3.8/site-packages/airflow/example_dags/example_python_operator.py
[2022-08-29T20:08:16.238-0400] {processor.py:650} INFO - DAG(s) dict_keys(['example_python_operator']) retrieved from /Users/jl/Documents/Repos/GHC-2022-data-engineering-workshop/venv/lib/python3.8/site-packages/airflow/example_dags/example_python_operator.py
[2022-08-29T20:08:16.319-0400] {logging_mixin.py:115} INFO - [2022-08-29T20:08:16.319-0400] {dag.py:2429} INFO - Sync 1 DAGs
[2022-08-29T20:08:16.337-0400] {logging_mixin.py:115} INFO - [2022-08-29T20:08:16.337-0400] {dag.py:2977} INFO - Setting next_dagrun for example_python_operator to None, run_after=None
[2022-08-29T20:08:16.351-0400] {processor.py:161} INFO - Processing /Users/jl/Documents/Repos/GHC-2022-data-engineering-workshop/venv/lib/python3.8/site-packages/airflow/example_dags/example_python_operator.py took 0.163 seconds
[2022-08-29T20:09:45.363-0400] {processor.py:153} INFO - Started process (PID=14890) to work on /Users/jl/Documents/Repos/GHC-2022-data-engineering-workshop/venv/lib/python3.8/site-packages/airflow/example_dags/example_python_operator.py
[2022-08-29T20:09:45.373-0400] {processor.py:640} INFO - Processing file /Users/jl/Documents/Repos/GHC-2022-data-engineering-workshop/venv/lib/python3.8/site-packages/airflow/example_dags/example_python_operator.py for tasks to queue
[2022-08-29T20:09:45.374-0400] {logging_mixin.py:115} INFO - [2022-08-29T20:09:45.374-0400] {dagbag.py:508} INFO - Filling up the DagBag from /Users/jl/Documents/Repos/GHC-2022-data-engineering-workshop/venv/lib/python3.8/site-packages/airflow/example_dags/example_python_operator.py
[2022-08-29T20:09:45.415-0400] {processor.py:650} INFO - DAG(s) dict_keys(['example_python_operator']) retrieved from /Users/jl/Documents/Repos/GHC-2022-data-engineering-workshop/venv/lib/python3.8/site-packages/airflow/example_dags/example_python_operator.py
[2022-08-29T20:09:45.494-0400] {logging_mixin.py:115} INFO - [2022-08-29T20:09:45.494-0400] {dag.py:2429} INFO - Sync 1 DAGs
[2022-08-29T20:09:45.511-0400] {logging_mixin.py:115} INFO - [2022-08-29T20:09:45.510-0400] {dag.py:2977} INFO - Setting next_dagrun for example_python_operator to None, run_after=None
[2022-08-29T20:09:45.524-0400] {processor.py:161} INFO - Processing /Users/jl/Documents/Repos/GHC-2022-data-engineering-workshop/venv/lib/python3.8/site-packages/airflow/example_dags/example_python_operator.py took 0.162 seconds
[2022-08-29T20:11:24.195-0400] {processor.py:153} INFO - Started process (PID=14981) to work on /Users/jl/Documents/Repos/GHC-2022-data-engineering-workshop/venv/lib/python3.8/site-packages/airflow/example_dags/example_python_operator.py
[2022-08-29T20:11:24.203-0400] {processor.py:640} INFO - Processing file /Users/jl/Documents/Repos/GHC-2022-data-engineering-workshop/venv/lib/python3.8/site-packages/airflow/example_dags/example_python_operator.py for tasks to queue
[2022-08-29T20:11:24.204-0400] {logging_mixin.py:115} INFO - [2022-08-29T20:11:24.204-0400] {dagbag.py:508} INFO - Filling up the DagBag from /Users/jl/Documents/Repos/GHC-2022-data-engineering-workshop/venv/lib/python3.8/site-packages/airflow/example_dags/example_python_operator.py
[2022-08-29T20:11:24.246-0400] {processor.py:650} INFO - DAG(s) dict_keys(['example_python_operator']) retrieved from /Users/jl/Documents/Repos/GHC-2022-data-engineering-workshop/venv/lib/python3.8/site-packages/airflow/example_dags/example_python_operator.py
[2022-08-29T20:11:24.326-0400] {logging_mixin.py:115} INFO - [2022-08-29T20:11:24.326-0400] {dag.py:2429} INFO - Sync 1 DAGs
[2022-08-29T20:11:24.343-0400] {logging_mixin.py:115} INFO - [2022-08-29T20:11:24.343-0400] {dag.py:2977} INFO - Setting next_dagrun for example_python_operator to None, run_after=None
[2022-08-29T20:11:24.357-0400] {processor.py:161} INFO - Processing /Users/jl/Documents/Repos/GHC-2022-data-engineering-workshop/venv/lib/python3.8/site-packages/airflow/example_dags/example_python_operator.py took 0.163 seconds
[2022-08-29T20:12:53.347-0400] {processor.py:153} INFO - Started process (PID=15066) to work on /Users/jl/Documents/Repos/GHC-2022-data-engineering-workshop/venv/lib/python3.8/site-packages/airflow/example_dags/example_python_operator.py
[2022-08-29T20:12:53.355-0400] {processor.py:640} INFO - Processing file /Users/jl/Documents/Repos/GHC-2022-data-engineering-workshop/venv/lib/python3.8/site-packages/airflow/example_dags/example_python_operator.py for tasks to queue
[2022-08-29T20:12:53.356-0400] {logging_mixin.py:115} INFO - [2022-08-29T20:12:53.356-0400] {dagbag.py:508} INFO - Filling up the DagBag from /Users/jl/Documents/Repos/GHC-2022-data-engineering-workshop/venv/lib/python3.8/site-packages/airflow/example_dags/example_python_operator.py
[2022-08-29T20:12:53.397-0400] {processor.py:650} INFO - DAG(s) dict_keys(['example_python_operator']) retrieved from /Users/jl/Documents/Repos/GHC-2022-data-engineering-workshop/venv/lib/python3.8/site-packages/airflow/example_dags/example_python_operator.py
[2022-08-29T20:12:53.475-0400] {logging_mixin.py:115} INFO - [2022-08-29T20:12:53.475-0400] {dag.py:2429} INFO - Sync 1 DAGs
[2022-08-29T20:12:53.492-0400] {logging_mixin.py:115} INFO - [2022-08-29T20:12:53.491-0400] {dag.py:2977} INFO - Setting next_dagrun for example_python_operator to None, run_after=None
[2022-08-29T20:12:53.506-0400] {processor.py:161} INFO - Processing /Users/jl/Documents/Repos/GHC-2022-data-engineering-workshop/venv/lib/python3.8/site-packages/airflow/example_dags/example_python_operator.py took 0.160 seconds
[2022-08-29T20:14:23.003-0400] {processor.py:153} INFO - Started process (PID=15146) to work on /Users/jl/Documents/Repos/GHC-2022-data-engineering-workshop/venv/lib/python3.8/site-packages/airflow/example_dags/example_python_operator.py
[2022-08-29T20:14:23.013-0400] {processor.py:640} INFO - Processing file /Users/jl/Documents/Repos/GHC-2022-data-engineering-workshop/venv/lib/python3.8/site-packages/airflow/example_dags/example_python_operator.py for tasks to queue
[2022-08-29T20:14:23.013-0400] {logging_mixin.py:115} INFO - [2022-08-29T20:14:23.013-0400] {dagbag.py:508} INFO - Filling up the DagBag from /Users/jl/Documents/Repos/GHC-2022-data-engineering-workshop/venv/lib/python3.8/site-packages/airflow/example_dags/example_python_operator.py
[2022-08-29T20:14:23.052-0400] {processor.py:650} INFO - DAG(s) dict_keys(['example_python_operator']) retrieved from /Users/jl/Documents/Repos/GHC-2022-data-engineering-workshop/venv/lib/python3.8/site-packages/airflow/example_dags/example_python_operator.py
[2022-08-29T20:14:23.132-0400] {logging_mixin.py:115} INFO - [2022-08-29T20:14:23.131-0400] {dag.py:2429} INFO - Sync 1 DAGs
[2022-08-29T20:14:23.149-0400] {logging_mixin.py:115} INFO - [2022-08-29T20:14:23.148-0400] {dag.py:2977} INFO - Setting next_dagrun for example_python_operator to None, run_after=None
[2022-08-29T20:14:23.162-0400] {processor.py:161} INFO - Processing /Users/jl/Documents/Repos/GHC-2022-data-engineering-workshop/venv/lib/python3.8/site-packages/airflow/example_dags/example_python_operator.py took 0.160 seconds
[2022-08-29T20:16:03.036-0400] {processor.py:153} INFO - Started process (PID=15264) to work on /Users/jl/Documents/Repos/GHC-2022-data-engineering-workshop/venv/lib/python3.8/site-packages/airflow/example_dags/example_python_operator.py
[2022-08-29T20:16:03.045-0400] {processor.py:640} INFO - Processing file /Users/jl/Documents/Repos/GHC-2022-data-engineering-workshop/venv/lib/python3.8/site-packages/airflow/example_dags/example_python_operator.py for tasks to queue
[2022-08-29T20:16:03.046-0400] {logging_mixin.py:115} INFO - [2022-08-29T20:16:03.045-0400] {dagbag.py:508} INFO - Filling up the DagBag from /Users/jl/Documents/Repos/GHC-2022-data-engineering-workshop/venv/lib/python3.8/site-packages/airflow/example_dags/example_python_operator.py
[2022-08-29T20:16:03.088-0400] {processor.py:650} INFO - DAG(s) dict_keys(['example_python_operator']) retrieved from /Users/jl/Documents/Repos/GHC-2022-data-engineering-workshop/venv/lib/python3.8/site-packages/airflow/example_dags/example_python_operator.py
[2022-08-29T20:16:03.174-0400] {logging_mixin.py:115} INFO - [2022-08-29T20:16:03.174-0400] {dag.py:2429} INFO - Sync 1 DAGs
[2022-08-29T20:16:03.192-0400] {logging_mixin.py:115} INFO - [2022-08-29T20:16:03.192-0400] {dag.py:2977} INFO - Setting next_dagrun for example_python_operator to None, run_after=None
[2022-08-29T20:16:03.208-0400] {processor.py:161} INFO - Processing /Users/jl/Documents/Repos/GHC-2022-data-engineering-workshop/venv/lib/python3.8/site-packages/airflow/example_dags/example_python_operator.py took 0.172 seconds
[2022-08-29T20:17:58.393-0400] {processor.py:153} INFO - Started process (PID=15382) to work on /Users/jl/Documents/Repos/GHC-2022-data-engineering-workshop/venv/lib/python3.8/site-packages/airflow/example_dags/example_python_operator.py
[2022-08-29T20:17:58.402-0400] {processor.py:640} INFO - Processing file /Users/jl/Documents/Repos/GHC-2022-data-engineering-workshop/venv/lib/python3.8/site-packages/airflow/example_dags/example_python_operator.py for tasks to queue
[2022-08-29T20:17:58.402-0400] {logging_mixin.py:115} INFO - [2022-08-29T20:17:58.402-0400] {dagbag.py:508} INFO - Filling up the DagBag from /Users/jl/Documents/Repos/GHC-2022-data-engineering-workshop/venv/lib/python3.8/site-packages/airflow/example_dags/example_python_operator.py
[2022-08-29T20:17:58.442-0400] {processor.py:650} INFO - DAG(s) dict_keys(['example_python_operator']) retrieved from /Users/jl/Documents/Repos/GHC-2022-data-engineering-workshop/venv/lib/python3.8/site-packages/airflow/example_dags/example_python_operator.py
[2022-08-29T20:17:58.522-0400] {logging_mixin.py:115} INFO - [2022-08-29T20:17:58.522-0400] {dag.py:2429} INFO - Sync 1 DAGs
[2022-08-29T20:17:58.540-0400] {logging_mixin.py:115} INFO - [2022-08-29T20:17:58.539-0400] {dag.py:2977} INFO - Setting next_dagrun for example_python_operator to None, run_after=None
[2022-08-29T20:17:58.555-0400] {processor.py:161} INFO - Processing /Users/jl/Documents/Repos/GHC-2022-data-engineering-workshop/venv/lib/python3.8/site-packages/airflow/example_dags/example_python_operator.py took 0.162 seconds
[2022-08-29T20:19:46.750-0400] {processor.py:153} INFO - Started process (PID=15495) to work on /Users/jl/Documents/Repos/GHC-2022-data-engineering-workshop/venv/lib/python3.8/site-packages/airflow/example_dags/example_python_operator.py
[2022-08-29T20:19:46.760-0400] {processor.py:640} INFO - Processing file /Users/jl/Documents/Repos/GHC-2022-data-engineering-workshop/venv/lib/python3.8/site-packages/airflow/example_dags/example_python_operator.py for tasks to queue
[2022-08-29T20:19:46.761-0400] {logging_mixin.py:115} INFO - [2022-08-29T20:19:46.760-0400] {dagbag.py:508} INFO - Filling up the DagBag from /Users/jl/Documents/Repos/GHC-2022-data-engineering-workshop/venv/lib/python3.8/site-packages/airflow/example_dags/example_python_operator.py
[2022-08-29T20:19:46.802-0400] {processor.py:650} INFO - DAG(s) dict_keys(['example_python_operator']) retrieved from /Users/jl/Documents/Repos/GHC-2022-data-engineering-workshop/venv/lib/python3.8/site-packages/airflow/example_dags/example_python_operator.py
[2022-08-29T20:19:46.881-0400] {logging_mixin.py:115} INFO - [2022-08-29T20:19:46.880-0400] {dag.py:2429} INFO - Sync 1 DAGs
[2022-08-29T20:19:46.898-0400] {logging_mixin.py:115} INFO - [2022-08-29T20:19:46.897-0400] {dag.py:2977} INFO - Setting next_dagrun for example_python_operator to None, run_after=None
[2022-08-29T20:19:46.912-0400] {processor.py:161} INFO - Processing /Users/jl/Documents/Repos/GHC-2022-data-engineering-workshop/venv/lib/python3.8/site-packages/airflow/example_dags/example_python_operator.py took 0.163 seconds
[2022-08-29T20:21:20.009-0400] {processor.py:153} INFO - Started process (PID=15579) to work on /Users/jl/Documents/Repos/GHC-2022-data-engineering-workshop/venv/lib/python3.8/site-packages/airflow/example_dags/example_python_operator.py
[2022-08-29T20:21:20.018-0400] {processor.py:640} INFO - Processing file /Users/jl/Documents/Repos/GHC-2022-data-engineering-workshop/venv/lib/python3.8/site-packages/airflow/example_dags/example_python_operator.py for tasks to queue
[2022-08-29T20:21:20.019-0400] {logging_mixin.py:115} INFO - [2022-08-29T20:21:20.019-0400] {dagbag.py:508} INFO - Filling up the DagBag from /Users/jl/Documents/Repos/GHC-2022-data-engineering-workshop/venv/lib/python3.8/site-packages/airflow/example_dags/example_python_operator.py
[2022-08-29T20:21:20.061-0400] {processor.py:650} INFO - DAG(s) dict_keys(['example_python_operator']) retrieved from /Users/jl/Documents/Repos/GHC-2022-data-engineering-workshop/venv/lib/python3.8/site-packages/airflow/example_dags/example_python_operator.py
[2022-08-29T20:21:20.143-0400] {logging_mixin.py:115} INFO - [2022-08-29T20:21:20.143-0400] {dag.py:2429} INFO - Sync 1 DAGs
[2022-08-29T20:21:20.160-0400] {logging_mixin.py:115} INFO - [2022-08-29T20:21:20.160-0400] {dag.py:2977} INFO - Setting next_dagrun for example_python_operator to None, run_after=None
[2022-08-29T20:21:20.175-0400] {processor.py:161} INFO - Processing /Users/jl/Documents/Repos/GHC-2022-data-engineering-workshop/venv/lib/python3.8/site-packages/airflow/example_dags/example_python_operator.py took 0.167 seconds
[2022-08-29T20:22:44.906-0400] {processor.py:153} INFO - Started process (PID=15660) to work on /Users/jl/Documents/Repos/GHC-2022-data-engineering-workshop/venv/lib/python3.8/site-packages/airflow/example_dags/example_python_operator.py
[2022-08-29T20:22:44.915-0400] {processor.py:640} INFO - Processing file /Users/jl/Documents/Repos/GHC-2022-data-engineering-workshop/venv/lib/python3.8/site-packages/airflow/example_dags/example_python_operator.py for tasks to queue
[2022-08-29T20:22:44.915-0400] {logging_mixin.py:115} INFO - [2022-08-29T20:22:44.915-0400] {dagbag.py:508} INFO - Filling up the DagBag from /Users/jl/Documents/Repos/GHC-2022-data-engineering-workshop/venv/lib/python3.8/site-packages/airflow/example_dags/example_python_operator.py
[2022-08-29T20:22:44.954-0400] {processor.py:650} INFO - DAG(s) dict_keys(['example_python_operator']) retrieved from /Users/jl/Documents/Repos/GHC-2022-data-engineering-workshop/venv/lib/python3.8/site-packages/airflow/example_dags/example_python_operator.py
[2022-08-29T20:22:45.034-0400] {logging_mixin.py:115} INFO - [2022-08-29T20:22:45.034-0400] {dag.py:2429} INFO - Sync 1 DAGs
[2022-08-29T20:22:45.051-0400] {logging_mixin.py:115} INFO - [2022-08-29T20:22:45.051-0400] {dag.py:2977} INFO - Setting next_dagrun for example_python_operator to None, run_after=None
[2022-08-29T20:22:45.066-0400] {processor.py:161} INFO - Processing /Users/jl/Documents/Repos/GHC-2022-data-engineering-workshop/venv/lib/python3.8/site-packages/airflow/example_dags/example_python_operator.py took 0.161 seconds
[2022-08-29T20:24:13.025-0400] {processor.py:153} INFO - Started process (PID=15741) to work on /Users/jl/Documents/Repos/GHC-2022-data-engineering-workshop/venv/lib/python3.8/site-packages/airflow/example_dags/example_python_operator.py
[2022-08-29T20:24:13.033-0400] {processor.py:640} INFO - Processing file /Users/jl/Documents/Repos/GHC-2022-data-engineering-workshop/venv/lib/python3.8/site-packages/airflow/example_dags/example_python_operator.py for tasks to queue
[2022-08-29T20:24:13.034-0400] {logging_mixin.py:115} INFO - [2022-08-29T20:24:13.034-0400] {dagbag.py:508} INFO - Filling up the DagBag from /Users/jl/Documents/Repos/GHC-2022-data-engineering-workshop/venv/lib/python3.8/site-packages/airflow/example_dags/example_python_operator.py
[2022-08-29T20:24:13.074-0400] {processor.py:650} INFO - DAG(s) dict_keys(['example_python_operator']) retrieved from /Users/jl/Documents/Repos/GHC-2022-data-engineering-workshop/venv/lib/python3.8/site-packages/airflow/example_dags/example_python_operator.py
[2022-08-29T20:24:13.154-0400] {logging_mixin.py:115} INFO - [2022-08-29T20:24:13.153-0400] {dag.py:2429} INFO - Sync 1 DAGs
[2022-08-29T20:24:13.171-0400] {logging_mixin.py:115} INFO - [2022-08-29T20:24:13.171-0400] {dag.py:2977} INFO - Setting next_dagrun for example_python_operator to None, run_after=None
[2022-08-29T20:24:13.185-0400] {processor.py:161} INFO - Processing /Users/jl/Documents/Repos/GHC-2022-data-engineering-workshop/venv/lib/python3.8/site-packages/airflow/example_dags/example_python_operator.py took 0.161 seconds
[2022-08-29T20:25:51.623-0400] {processor.py:153} INFO - Started process (PID=15832) to work on /Users/jl/Documents/Repos/GHC-2022-data-engineering-workshop/venv/lib/python3.8/site-packages/airflow/example_dags/example_python_operator.py
[2022-08-29T20:25:51.661-0400] {processor.py:640} INFO - Processing file /Users/jl/Documents/Repos/GHC-2022-data-engineering-workshop/venv/lib/python3.8/site-packages/airflow/example_dags/example_python_operator.py for tasks to queue
[2022-08-29T20:25:51.668-0400] {logging_mixin.py:115} INFO - [2022-08-29T20:25:51.668-0400] {dagbag.py:508} INFO - Filling up the DagBag from /Users/jl/Documents/Repos/GHC-2022-data-engineering-workshop/venv/lib/python3.8/site-packages/airflow/example_dags/example_python_operator.py
[2022-08-29T20:25:51.831-0400] {processor.py:650} INFO - DAG(s) dict_keys(['example_python_operator']) retrieved from /Users/jl/Documents/Repos/GHC-2022-data-engineering-workshop/venv/lib/python3.8/site-packages/airflow/example_dags/example_python_operator.py
[2022-08-29T20:25:52.013-0400] {logging_mixin.py:115} INFO - [2022-08-29T20:25:52.013-0400] {dag.py:2429} INFO - Sync 1 DAGs
[2022-08-29T20:25:52.041-0400] {logging_mixin.py:115} INFO - [2022-08-29T20:25:52.041-0400] {dag.py:2977} INFO - Setting next_dagrun for example_python_operator to None, run_after=None
[2022-08-29T20:25:52.062-0400] {processor.py:161} INFO - Processing /Users/jl/Documents/Repos/GHC-2022-data-engineering-workshop/venv/lib/python3.8/site-packages/airflow/example_dags/example_python_operator.py took 0.443 seconds
[2022-08-29T20:27:59.145-0400] {processor.py:153} INFO - Started process (PID=15955) to work on /Users/jl/Documents/Repos/GHC-2022-data-engineering-workshop/venv/lib/python3.8/site-packages/airflow/example_dags/example_python_operator.py
[2022-08-29T20:27:59.155-0400] {processor.py:640} INFO - Processing file /Users/jl/Documents/Repos/GHC-2022-data-engineering-workshop/venv/lib/python3.8/site-packages/airflow/example_dags/example_python_operator.py for tasks to queue
[2022-08-29T20:27:59.156-0400] {logging_mixin.py:115} INFO - [2022-08-29T20:27:59.156-0400] {dagbag.py:508} INFO - Filling up the DagBag from /Users/jl/Documents/Repos/GHC-2022-data-engineering-workshop/venv/lib/python3.8/site-packages/airflow/example_dags/example_python_operator.py
[2022-08-29T20:27:59.195-0400] {processor.py:650} INFO - DAG(s) dict_keys(['example_python_operator']) retrieved from /Users/jl/Documents/Repos/GHC-2022-data-engineering-workshop/venv/lib/python3.8/site-packages/airflow/example_dags/example_python_operator.py
[2022-08-29T20:27:59.275-0400] {logging_mixin.py:115} INFO - [2022-08-29T20:27:59.275-0400] {dag.py:2429} INFO - Sync 1 DAGs
[2022-08-29T20:27:59.292-0400] {logging_mixin.py:115} INFO - [2022-08-29T20:27:59.292-0400] {dag.py:2977} INFO - Setting next_dagrun for example_python_operator to None, run_after=None
[2022-08-29T20:27:59.306-0400] {processor.py:161} INFO - Processing /Users/jl/Documents/Repos/GHC-2022-data-engineering-workshop/venv/lib/python3.8/site-packages/airflow/example_dags/example_python_operator.py took 0.162 seconds
[2022-08-29T20:29:34.887-0400] {processor.py:153} INFO - Started process (PID=16039) to work on /Users/jl/Documents/Repos/GHC-2022-data-engineering-workshop/venv/lib/python3.8/site-packages/airflow/example_dags/example_python_operator.py
[2022-08-29T20:29:34.896-0400] {processor.py:640} INFO - Processing file /Users/jl/Documents/Repos/GHC-2022-data-engineering-workshop/venv/lib/python3.8/site-packages/airflow/example_dags/example_python_operator.py for tasks to queue
[2022-08-29T20:29:34.897-0400] {logging_mixin.py:115} INFO - [2022-08-29T20:29:34.897-0400] {dagbag.py:508} INFO - Filling up the DagBag from /Users/jl/Documents/Repos/GHC-2022-data-engineering-workshop/venv/lib/python3.8/site-packages/airflow/example_dags/example_python_operator.py
[2022-08-29T20:29:34.942-0400] {processor.py:650} INFO - DAG(s) dict_keys(['example_python_operator']) retrieved from /Users/jl/Documents/Repos/GHC-2022-data-engineering-workshop/venv/lib/python3.8/site-packages/airflow/example_dags/example_python_operator.py
[2022-08-29T20:29:35.048-0400] {logging_mixin.py:115} INFO - [2022-08-29T20:29:35.047-0400] {dag.py:2429} INFO - Sync 1 DAGs
[2022-08-29T20:29:35.083-0400] {logging_mixin.py:115} INFO - [2022-08-29T20:29:35.083-0400] {dag.py:2977} INFO - Setting next_dagrun for example_python_operator to None, run_after=None
[2022-08-29T20:29:35.105-0400] {processor.py:161} INFO - Processing /Users/jl/Documents/Repos/GHC-2022-data-engineering-workshop/venv/lib/python3.8/site-packages/airflow/example_dags/example_python_operator.py took 0.219 seconds
[2022-08-29T20:31:54.629-0400] {processor.py:153} INFO - Started process (PID=16165) to work on /Users/jl/Documents/Repos/GHC-2022-data-engineering-workshop/venv/lib/python3.8/site-packages/airflow/example_dags/example_python_operator.py
[2022-08-29T20:31:54.639-0400] {processor.py:640} INFO - Processing file /Users/jl/Documents/Repos/GHC-2022-data-engineering-workshop/venv/lib/python3.8/site-packages/airflow/example_dags/example_python_operator.py for tasks to queue
[2022-08-29T20:31:54.640-0400] {logging_mixin.py:115} INFO - [2022-08-29T20:31:54.640-0400] {dagbag.py:508} INFO - Filling up the DagBag from /Users/jl/Documents/Repos/GHC-2022-data-engineering-workshop/venv/lib/python3.8/site-packages/airflow/example_dags/example_python_operator.py
[2022-08-29T20:31:54.684-0400] {processor.py:650} INFO - DAG(s) dict_keys(['example_python_operator']) retrieved from /Users/jl/Documents/Repos/GHC-2022-data-engineering-workshop/venv/lib/python3.8/site-packages/airflow/example_dags/example_python_operator.py
[2022-08-29T20:31:54.769-0400] {logging_mixin.py:115} INFO - [2022-08-29T20:31:54.768-0400] {dag.py:2429} INFO - Sync 1 DAGs
[2022-08-29T20:31:54.787-0400] {logging_mixin.py:115} INFO - [2022-08-29T20:31:54.787-0400] {dag.py:2977} INFO - Setting next_dagrun for example_python_operator to None, run_after=None
[2022-08-29T20:31:54.802-0400] {processor.py:161} INFO - Processing /Users/jl/Documents/Repos/GHC-2022-data-engineering-workshop/venv/lib/python3.8/site-packages/airflow/example_dags/example_python_operator.py took 0.175 seconds
[2022-08-29T20:33:56.860-0400] {processor.py:153} INFO - Started process (PID=16287) to work on /Users/jl/Documents/Repos/GHC-2022-data-engineering-workshop/venv/lib/python3.8/site-packages/airflow/example_dags/example_python_operator.py
[2022-08-29T20:33:56.872-0400] {processor.py:640} INFO - Processing file /Users/jl/Documents/Repos/GHC-2022-data-engineering-workshop/venv/lib/python3.8/site-packages/airflow/example_dags/example_python_operator.py for tasks to queue
[2022-08-29T20:33:56.873-0400] {logging_mixin.py:115} INFO - [2022-08-29T20:33:56.873-0400] {dagbag.py:508} INFO - Filling up the DagBag from /Users/jl/Documents/Repos/GHC-2022-data-engineering-workshop/venv/lib/python3.8/site-packages/airflow/example_dags/example_python_operator.py
[2022-08-29T20:33:56.937-0400] {processor.py:650} INFO - DAG(s) dict_keys(['example_python_operator']) retrieved from /Users/jl/Documents/Repos/GHC-2022-data-engineering-workshop/venv/lib/python3.8/site-packages/airflow/example_dags/example_python_operator.py
[2022-08-29T20:33:57.045-0400] {logging_mixin.py:115} INFO - [2022-08-29T20:33:57.044-0400] {dag.py:2429} INFO - Sync 1 DAGs
[2022-08-29T20:33:57.069-0400] {logging_mixin.py:115} INFO - [2022-08-29T20:33:57.069-0400] {dag.py:2977} INFO - Setting next_dagrun for example_python_operator to None, run_after=None
[2022-08-29T20:33:57.088-0400] {processor.py:161} INFO - Processing /Users/jl/Documents/Repos/GHC-2022-data-engineering-workshop/venv/lib/python3.8/site-packages/airflow/example_dags/example_python_operator.py took 0.230 seconds
[2022-08-29T20:35:38.327-0400] {processor.py:153} INFO - Started process (PID=16396) to work on /Users/jl/Documents/Repos/GHC-2022-data-engineering-workshop/venv/lib/python3.8/site-packages/airflow/example_dags/example_python_operator.py
[2022-08-29T20:35:38.339-0400] {processor.py:640} INFO - Processing file /Users/jl/Documents/Repos/GHC-2022-data-engineering-workshop/venv/lib/python3.8/site-packages/airflow/example_dags/example_python_operator.py for tasks to queue
[2022-08-29T20:35:38.340-0400] {logging_mixin.py:115} INFO - [2022-08-29T20:35:38.340-0400] {dagbag.py:508} INFO - Filling up the DagBag from /Users/jl/Documents/Repos/GHC-2022-data-engineering-workshop/venv/lib/python3.8/site-packages/airflow/example_dags/example_python_operator.py
[2022-08-29T20:35:38.396-0400] {processor.py:650} INFO - DAG(s) dict_keys(['example_python_operator']) retrieved from /Users/jl/Documents/Repos/GHC-2022-data-engineering-workshop/venv/lib/python3.8/site-packages/airflow/example_dags/example_python_operator.py
[2022-08-29T20:35:38.494-0400] {logging_mixin.py:115} INFO - [2022-08-29T20:35:38.494-0400] {dag.py:2429} INFO - Sync 1 DAGs
[2022-08-29T20:35:38.515-0400] {logging_mixin.py:115} INFO - [2022-08-29T20:35:38.515-0400] {dag.py:2977} INFO - Setting next_dagrun for example_python_operator to None, run_after=None
[2022-08-29T20:35:38.533-0400] {processor.py:161} INFO - Processing /Users/jl/Documents/Repos/GHC-2022-data-engineering-workshop/venv/lib/python3.8/site-packages/airflow/example_dags/example_python_operator.py took 0.210 seconds
[2022-08-29T20:37:28.769-0400] {processor.py:153} INFO - Started process (PID=16514) to work on /Users/jl/Documents/Repos/GHC-2022-data-engineering-workshop/venv/lib/python3.8/site-packages/airflow/example_dags/example_python_operator.py
[2022-08-29T20:37:28.778-0400] {processor.py:640} INFO - Processing file /Users/jl/Documents/Repos/GHC-2022-data-engineering-workshop/venv/lib/python3.8/site-packages/airflow/example_dags/example_python_operator.py for tasks to queue
[2022-08-29T20:37:28.779-0400] {logging_mixin.py:115} INFO - [2022-08-29T20:37:28.779-0400] {dagbag.py:508} INFO - Filling up the DagBag from /Users/jl/Documents/Repos/GHC-2022-data-engineering-workshop/venv/lib/python3.8/site-packages/airflow/example_dags/example_python_operator.py
[2022-08-29T20:37:28.820-0400] {processor.py:650} INFO - DAG(s) dict_keys(['example_python_operator']) retrieved from /Users/jl/Documents/Repos/GHC-2022-data-engineering-workshop/venv/lib/python3.8/site-packages/airflow/example_dags/example_python_operator.py
[2022-08-29T20:37:28.902-0400] {logging_mixin.py:115} INFO - [2022-08-29T20:37:28.901-0400] {dag.py:2429} INFO - Sync 1 DAGs
[2022-08-29T20:37:28.919-0400] {logging_mixin.py:115} INFO - [2022-08-29T20:37:28.919-0400] {dag.py:2977} INFO - Setting next_dagrun for example_python_operator to None, run_after=None
[2022-08-29T20:37:28.934-0400] {processor.py:161} INFO - Processing /Users/jl/Documents/Repos/GHC-2022-data-engineering-workshop/venv/lib/python3.8/site-packages/airflow/example_dags/example_python_operator.py took 0.166 seconds
[2022-08-29T20:39:32.553-0400] {processor.py:153} INFO - Started process (PID=16624) to work on /Users/jl/Documents/Repos/GHC-2022-data-engineering-workshop/venv/lib/python3.8/site-packages/airflow/example_dags/example_python_operator.py
[2022-08-29T20:39:32.563-0400] {processor.py:640} INFO - Processing file /Users/jl/Documents/Repos/GHC-2022-data-engineering-workshop/venv/lib/python3.8/site-packages/airflow/example_dags/example_python_operator.py for tasks to queue
[2022-08-29T20:39:32.564-0400] {logging_mixin.py:115} INFO - [2022-08-29T20:39:32.564-0400] {dagbag.py:508} INFO - Filling up the DagBag from /Users/jl/Documents/Repos/GHC-2022-data-engineering-workshop/venv/lib/python3.8/site-packages/airflow/example_dags/example_python_operator.py
[2022-08-29T20:39:32.607-0400] {processor.py:650} INFO - DAG(s) dict_keys(['example_python_operator']) retrieved from /Users/jl/Documents/Repos/GHC-2022-data-engineering-workshop/venv/lib/python3.8/site-packages/airflow/example_dags/example_python_operator.py
[2022-08-29T20:39:32.692-0400] {logging_mixin.py:115} INFO - [2022-08-29T20:39:32.691-0400] {dag.py:2429} INFO - Sync 1 DAGs
[2022-08-29T20:39:32.711-0400] {logging_mixin.py:115} INFO - [2022-08-29T20:39:32.711-0400] {dag.py:2977} INFO - Setting next_dagrun for example_python_operator to None, run_after=None
[2022-08-29T20:39:32.727-0400] {processor.py:161} INFO - Processing /Users/jl/Documents/Repos/GHC-2022-data-engineering-workshop/venv/lib/python3.8/site-packages/airflow/example_dags/example_python_operator.py took 0.175 seconds
[2022-08-29T20:41:15.707-0400] {processor.py:153} INFO - Started process (PID=16715) to work on /Users/jl/Documents/Repos/GHC-2022-data-engineering-workshop/venv/lib/python3.8/site-packages/airflow/example_dags/example_python_operator.py
[2022-08-29T20:41:15.715-0400] {processor.py:640} INFO - Processing file /Users/jl/Documents/Repos/GHC-2022-data-engineering-workshop/venv/lib/python3.8/site-packages/airflow/example_dags/example_python_operator.py for tasks to queue
[2022-08-29T20:41:15.716-0400] {logging_mixin.py:115} INFO - [2022-08-29T20:41:15.716-0400] {dagbag.py:508} INFO - Filling up the DagBag from /Users/jl/Documents/Repos/GHC-2022-data-engineering-workshop/venv/lib/python3.8/site-packages/airflow/example_dags/example_python_operator.py
[2022-08-29T20:41:15.755-0400] {processor.py:650} INFO - DAG(s) dict_keys(['example_python_operator']) retrieved from /Users/jl/Documents/Repos/GHC-2022-data-engineering-workshop/venv/lib/python3.8/site-packages/airflow/example_dags/example_python_operator.py
[2022-08-29T20:41:15.834-0400] {logging_mixin.py:115} INFO - [2022-08-29T20:41:15.833-0400] {dag.py:2429} INFO - Sync 1 DAGs
[2022-08-29T20:41:15.851-0400] {logging_mixin.py:115} INFO - [2022-08-29T20:41:15.850-0400] {dag.py:2977} INFO - Setting next_dagrun for example_python_operator to None, run_after=None
[2022-08-29T20:41:15.864-0400] {processor.py:161} INFO - Processing /Users/jl/Documents/Repos/GHC-2022-data-engineering-workshop/venv/lib/python3.8/site-packages/airflow/example_dags/example_python_operator.py took 0.158 seconds
[2022-08-29T20:43:08.681-0400] {processor.py:153} INFO - Started process (PID=16815) to work on /Users/jl/Documents/Repos/GHC-2022-data-engineering-workshop/venv/lib/python3.8/site-packages/airflow/example_dags/example_python_operator.py
[2022-08-29T20:43:08.692-0400] {processor.py:640} INFO - Processing file /Users/jl/Documents/Repos/GHC-2022-data-engineering-workshop/venv/lib/python3.8/site-packages/airflow/example_dags/example_python_operator.py for tasks to queue
[2022-08-29T20:43:08.693-0400] {logging_mixin.py:115} INFO - [2022-08-29T20:43:08.692-0400] {dagbag.py:508} INFO - Filling up the DagBag from /Users/jl/Documents/Repos/GHC-2022-data-engineering-workshop/venv/lib/python3.8/site-packages/airflow/example_dags/example_python_operator.py
[2022-08-29T20:43:08.750-0400] {processor.py:650} INFO - DAG(s) dict_keys(['example_python_operator']) retrieved from /Users/jl/Documents/Repos/GHC-2022-data-engineering-workshop/venv/lib/python3.8/site-packages/airflow/example_dags/example_python_operator.py
[2022-08-29T20:43:08.866-0400] {logging_mixin.py:115} INFO - [2022-08-29T20:43:08.866-0400] {dag.py:2429} INFO - Sync 1 DAGs
[2022-08-29T20:43:08.889-0400] {logging_mixin.py:115} INFO - [2022-08-29T20:43:08.889-0400] {dag.py:2977} INFO - Setting next_dagrun for example_python_operator to None, run_after=None
[2022-08-29T20:43:08.905-0400] {processor.py:161} INFO - Processing /Users/jl/Documents/Repos/GHC-2022-data-engineering-workshop/venv/lib/python3.8/site-packages/airflow/example_dags/example_python_operator.py took 0.225 seconds
[2022-08-29T20:45:08.243-0400] {processor.py:153} INFO - Started process (PID=16924) to work on /Users/jl/Documents/Repos/GHC-2022-data-engineering-workshop/venv/lib/python3.8/site-packages/airflow/example_dags/example_python_operator.py
[2022-08-29T20:45:08.253-0400] {processor.py:640} INFO - Processing file /Users/jl/Documents/Repos/GHC-2022-data-engineering-workshop/venv/lib/python3.8/site-packages/airflow/example_dags/example_python_operator.py for tasks to queue
[2022-08-29T20:45:08.253-0400] {logging_mixin.py:115} INFO - [2022-08-29T20:45:08.253-0400] {dagbag.py:508} INFO - Filling up the DagBag from /Users/jl/Documents/Repos/GHC-2022-data-engineering-workshop/venv/lib/python3.8/site-packages/airflow/example_dags/example_python_operator.py
[2022-08-29T20:45:08.294-0400] {processor.py:650} INFO - DAG(s) dict_keys(['example_python_operator']) retrieved from /Users/jl/Documents/Repos/GHC-2022-data-engineering-workshop/venv/lib/python3.8/site-packages/airflow/example_dags/example_python_operator.py
[2022-08-29T20:45:08.373-0400] {logging_mixin.py:115} INFO - [2022-08-29T20:45:08.373-0400] {dag.py:2429} INFO - Sync 1 DAGs
[2022-08-29T20:45:08.390-0400] {logging_mixin.py:115} INFO - [2022-08-29T20:45:08.390-0400] {dag.py:2977} INFO - Setting next_dagrun for example_python_operator to None, run_after=None
[2022-08-29T20:45:08.405-0400] {processor.py:161} INFO - Processing /Users/jl/Documents/Repos/GHC-2022-data-engineering-workshop/venv/lib/python3.8/site-packages/airflow/example_dags/example_python_operator.py took 0.163 seconds
[2022-08-29T20:46:46.334-0400] {processor.py:153} INFO - Started process (PID=17011) to work on /Users/jl/Documents/Repos/GHC-2022-data-engineering-workshop/venv/lib/python3.8/site-packages/airflow/example_dags/example_python_operator.py
[2022-08-29T20:46:46.343-0400] {processor.py:640} INFO - Processing file /Users/jl/Documents/Repos/GHC-2022-data-engineering-workshop/venv/lib/python3.8/site-packages/airflow/example_dags/example_python_operator.py for tasks to queue
[2022-08-29T20:46:46.344-0400] {logging_mixin.py:115} INFO - [2022-08-29T20:46:46.343-0400] {dagbag.py:508} INFO - Filling up the DagBag from /Users/jl/Documents/Repos/GHC-2022-data-engineering-workshop/venv/lib/python3.8/site-packages/airflow/example_dags/example_python_operator.py
[2022-08-29T20:46:46.383-0400] {processor.py:650} INFO - DAG(s) dict_keys(['example_python_operator']) retrieved from /Users/jl/Documents/Repos/GHC-2022-data-engineering-workshop/venv/lib/python3.8/site-packages/airflow/example_dags/example_python_operator.py
[2022-08-29T20:46:46.462-0400] {logging_mixin.py:115} INFO - [2022-08-29T20:46:46.461-0400] {dag.py:2429} INFO - Sync 1 DAGs
[2022-08-29T20:46:46.480-0400] {logging_mixin.py:115} INFO - [2022-08-29T20:46:46.480-0400] {dag.py:2977} INFO - Setting next_dagrun for example_python_operator to None, run_after=None
[2022-08-29T20:46:46.495-0400] {processor.py:161} INFO - Processing /Users/jl/Documents/Repos/GHC-2022-data-engineering-workshop/venv/lib/python3.8/site-packages/airflow/example_dags/example_python_operator.py took 0.162 seconds
[2022-08-29T20:48:42.424-0400] {processor.py:153} INFO - Started process (PID=17115) to work on /Users/jl/Documents/Repos/GHC-2022-data-engineering-workshop/venv/lib/python3.8/site-packages/airflow/example_dags/example_python_operator.py
[2022-08-29T20:48:42.434-0400] {processor.py:640} INFO - Processing file /Users/jl/Documents/Repos/GHC-2022-data-engineering-workshop/venv/lib/python3.8/site-packages/airflow/example_dags/example_python_operator.py for tasks to queue
[2022-08-29T20:48:42.435-0400] {logging_mixin.py:115} INFO - [2022-08-29T20:48:42.434-0400] {dagbag.py:508} INFO - Filling up the DagBag from /Users/jl/Documents/Repos/GHC-2022-data-engineering-workshop/venv/lib/python3.8/site-packages/airflow/example_dags/example_python_operator.py
[2022-08-29T20:48:42.477-0400] {processor.py:650} INFO - DAG(s) dict_keys(['example_python_operator']) retrieved from /Users/jl/Documents/Repos/GHC-2022-data-engineering-workshop/venv/lib/python3.8/site-packages/airflow/example_dags/example_python_operator.py
[2022-08-29T20:48:42.556-0400] {logging_mixin.py:115} INFO - [2022-08-29T20:48:42.556-0400] {dag.py:2429} INFO - Sync 1 DAGs
[2022-08-29T20:48:42.573-0400] {logging_mixin.py:115} INFO - [2022-08-29T20:48:42.573-0400] {dag.py:2977} INFO - Setting next_dagrun for example_python_operator to None, run_after=None
[2022-08-29T20:48:42.587-0400] {processor.py:161} INFO - Processing /Users/jl/Documents/Repos/GHC-2022-data-engineering-workshop/venv/lib/python3.8/site-packages/airflow/example_dags/example_python_operator.py took 0.164 seconds
[2022-08-29T20:50:20.639-0400] {processor.py:153} INFO - Started process (PID=17204) to work on /Users/jl/Documents/Repos/GHC-2022-data-engineering-workshop/venv/lib/python3.8/site-packages/airflow/example_dags/example_python_operator.py
[2022-08-29T20:50:20.647-0400] {processor.py:640} INFO - Processing file /Users/jl/Documents/Repos/GHC-2022-data-engineering-workshop/venv/lib/python3.8/site-packages/airflow/example_dags/example_python_operator.py for tasks to queue
[2022-08-29T20:50:20.648-0400] {logging_mixin.py:115} INFO - [2022-08-29T20:50:20.648-0400] {dagbag.py:508} INFO - Filling up the DagBag from /Users/jl/Documents/Repos/GHC-2022-data-engineering-workshop/venv/lib/python3.8/site-packages/airflow/example_dags/example_python_operator.py
[2022-08-29T20:50:20.688-0400] {processor.py:650} INFO - DAG(s) dict_keys(['example_python_operator']) retrieved from /Users/jl/Documents/Repos/GHC-2022-data-engineering-workshop/venv/lib/python3.8/site-packages/airflow/example_dags/example_python_operator.py
[2022-08-29T20:50:20.767-0400] {logging_mixin.py:115} INFO - [2022-08-29T20:50:20.767-0400] {dag.py:2429} INFO - Sync 1 DAGs
[2022-08-29T20:50:20.784-0400] {logging_mixin.py:115} INFO - [2022-08-29T20:50:20.784-0400] {dag.py:2977} INFO - Setting next_dagrun for example_python_operator to None, run_after=None
[2022-08-29T20:50:20.799-0400] {processor.py:161} INFO - Processing /Users/jl/Documents/Repos/GHC-2022-data-engineering-workshop/venv/lib/python3.8/site-packages/airflow/example_dags/example_python_operator.py took 0.161 seconds
[2022-08-29T20:51:56.996-0400] {processor.py:153} INFO - Started process (PID=17293) to work on /Users/jl/Documents/Repos/GHC-2022-data-engineering-workshop/venv/lib/python3.8/site-packages/airflow/example_dags/example_python_operator.py
[2022-08-29T20:51:57.005-0400] {processor.py:640} INFO - Processing file /Users/jl/Documents/Repos/GHC-2022-data-engineering-workshop/venv/lib/python3.8/site-packages/airflow/example_dags/example_python_operator.py for tasks to queue
[2022-08-29T20:51:57.005-0400] {logging_mixin.py:115} INFO - [2022-08-29T20:51:57.005-0400] {dagbag.py:508} INFO - Filling up the DagBag from /Users/jl/Documents/Repos/GHC-2022-data-engineering-workshop/venv/lib/python3.8/site-packages/airflow/example_dags/example_python_operator.py
[2022-08-29T20:51:57.050-0400] {processor.py:650} INFO - DAG(s) dict_keys(['example_python_operator']) retrieved from /Users/jl/Documents/Repos/GHC-2022-data-engineering-workshop/venv/lib/python3.8/site-packages/airflow/example_dags/example_python_operator.py
[2022-08-29T20:51:57.131-0400] {logging_mixin.py:115} INFO - [2022-08-29T20:51:57.131-0400] {dag.py:2429} INFO - Sync 1 DAGs
[2022-08-29T20:51:57.148-0400] {logging_mixin.py:115} INFO - [2022-08-29T20:51:57.148-0400] {dag.py:2977} INFO - Setting next_dagrun for example_python_operator to None, run_after=None
[2022-08-29T20:51:57.163-0400] {processor.py:161} INFO - Processing /Users/jl/Documents/Repos/GHC-2022-data-engineering-workshop/venv/lib/python3.8/site-packages/airflow/example_dags/example_python_operator.py took 0.168 seconds
[2022-08-29T20:53:43.813-0400] {processor.py:153} INFO - Started process (PID=17387) to work on /Users/jl/Documents/Repos/GHC-2022-data-engineering-workshop/venv/lib/python3.8/site-packages/airflow/example_dags/example_python_operator.py
[2022-08-29T20:53:43.823-0400] {processor.py:640} INFO - Processing file /Users/jl/Documents/Repos/GHC-2022-data-engineering-workshop/venv/lib/python3.8/site-packages/airflow/example_dags/example_python_operator.py for tasks to queue
[2022-08-29T20:53:43.824-0400] {logging_mixin.py:115} INFO - [2022-08-29T20:53:43.824-0400] {dagbag.py:508} INFO - Filling up the DagBag from /Users/jl/Documents/Repos/GHC-2022-data-engineering-workshop/venv/lib/python3.8/site-packages/airflow/example_dags/example_python_operator.py
[2022-08-29T20:53:43.867-0400] {processor.py:650} INFO - DAG(s) dict_keys(['example_python_operator']) retrieved from /Users/jl/Documents/Repos/GHC-2022-data-engineering-workshop/venv/lib/python3.8/site-packages/airflow/example_dags/example_python_operator.py
[2022-08-29T20:53:43.948-0400] {logging_mixin.py:115} INFO - [2022-08-29T20:53:43.948-0400] {dag.py:2429} INFO - Sync 1 DAGs
[2022-08-29T20:53:43.966-0400] {logging_mixin.py:115} INFO - [2022-08-29T20:53:43.966-0400] {dag.py:2977} INFO - Setting next_dagrun for example_python_operator to None, run_after=None
[2022-08-29T20:53:43.980-0400] {processor.py:161} INFO - Processing /Users/jl/Documents/Repos/GHC-2022-data-engineering-workshop/venv/lib/python3.8/site-packages/airflow/example_dags/example_python_operator.py took 0.168 seconds
[2022-08-29T20:55:46.095-0400] {processor.py:153} INFO - Started process (PID=17484) to work on /Users/jl/Documents/Repos/GHC-2022-data-engineering-workshop/venv/lib/python3.8/site-packages/airflow/example_dags/example_python_operator.py
[2022-08-29T20:55:46.107-0400] {processor.py:640} INFO - Processing file /Users/jl/Documents/Repos/GHC-2022-data-engineering-workshop/venv/lib/python3.8/site-packages/airflow/example_dags/example_python_operator.py for tasks to queue
[2022-08-29T20:55:46.107-0400] {logging_mixin.py:115} INFO - [2022-08-29T20:55:46.107-0400] {dagbag.py:508} INFO - Filling up the DagBag from /Users/jl/Documents/Repos/GHC-2022-data-engineering-workshop/venv/lib/python3.8/site-packages/airflow/example_dags/example_python_operator.py
[2022-08-29T20:55:46.152-0400] {processor.py:650} INFO - DAG(s) dict_keys(['example_python_operator']) retrieved from /Users/jl/Documents/Repos/GHC-2022-data-engineering-workshop/venv/lib/python3.8/site-packages/airflow/example_dags/example_python_operator.py
[2022-08-29T20:55:46.251-0400] {logging_mixin.py:115} INFO - [2022-08-29T20:55:46.251-0400] {dag.py:2429} INFO - Sync 1 DAGs
[2022-08-29T20:55:46.272-0400] {logging_mixin.py:115} INFO - [2022-08-29T20:55:46.272-0400] {dag.py:2977} INFO - Setting next_dagrun for example_python_operator to None, run_after=None
[2022-08-29T20:55:46.291-0400] {processor.py:161} INFO - Processing /Users/jl/Documents/Repos/GHC-2022-data-engineering-workshop/venv/lib/python3.8/site-packages/airflow/example_dags/example_python_operator.py took 0.197 seconds
[2022-08-29T20:57:33.369-0400] {processor.py:153} INFO - Started process (PID=17577) to work on /Users/jl/Documents/Repos/GHC-2022-data-engineering-workshop/venv/lib/python3.8/site-packages/airflow/example_dags/example_python_operator.py
[2022-08-29T20:57:33.380-0400] {processor.py:640} INFO - Processing file /Users/jl/Documents/Repos/GHC-2022-data-engineering-workshop/venv/lib/python3.8/site-packages/airflow/example_dags/example_python_operator.py for tasks to queue
[2022-08-29T20:57:33.381-0400] {logging_mixin.py:115} INFO - [2022-08-29T20:57:33.381-0400] {dagbag.py:508} INFO - Filling up the DagBag from /Users/jl/Documents/Repos/GHC-2022-data-engineering-workshop/venv/lib/python3.8/site-packages/airflow/example_dags/example_python_operator.py
[2022-08-29T20:57:33.449-0400] {processor.py:650} INFO - DAG(s) dict_keys(['example_python_operator']) retrieved from /Users/jl/Documents/Repos/GHC-2022-data-engineering-workshop/venv/lib/python3.8/site-packages/airflow/example_dags/example_python_operator.py
[2022-08-29T20:57:33.628-0400] {logging_mixin.py:115} INFO - [2022-08-29T20:57:33.628-0400] {dag.py:2429} INFO - Sync 1 DAGs
[2022-08-29T20:57:33.669-0400] {logging_mixin.py:115} INFO - [2022-08-29T20:57:33.668-0400] {dag.py:2977} INFO - Setting next_dagrun for example_python_operator to None, run_after=None
[2022-08-29T20:57:33.696-0400] {processor.py:161} INFO - Processing /Users/jl/Documents/Repos/GHC-2022-data-engineering-workshop/venv/lib/python3.8/site-packages/airflow/example_dags/example_python_operator.py took 0.328 seconds
[2022-08-29T20:59:59.464-0400] {processor.py:153} INFO - Started process (PID=17730) to work on /Users/jl/Documents/Repos/GHC-2022-data-engineering-workshop/venv/lib/python3.8/site-packages/airflow/example_dags/example_python_operator.py
[2022-08-29T20:59:59.475-0400] {processor.py:640} INFO - Processing file /Users/jl/Documents/Repos/GHC-2022-data-engineering-workshop/venv/lib/python3.8/site-packages/airflow/example_dags/example_python_operator.py for tasks to queue
[2022-08-29T20:59:59.476-0400] {logging_mixin.py:115} INFO - [2022-08-29T20:59:59.475-0400] {dagbag.py:508} INFO - Filling up the DagBag from /Users/jl/Documents/Repos/GHC-2022-data-engineering-workshop/venv/lib/python3.8/site-packages/airflow/example_dags/example_python_operator.py
[2022-08-29T20:59:59.523-0400] {processor.py:650} INFO - DAG(s) dict_keys(['example_python_operator']) retrieved from /Users/jl/Documents/Repos/GHC-2022-data-engineering-workshop/venv/lib/python3.8/site-packages/airflow/example_dags/example_python_operator.py
[2022-08-29T20:59:59.613-0400] {logging_mixin.py:115} INFO - [2022-08-29T20:59:59.612-0400] {dag.py:2429} INFO - Sync 1 DAGs
[2022-08-29T20:59:59.631-0400] {logging_mixin.py:115} INFO - [2022-08-29T20:59:59.631-0400] {dag.py:2977} INFO - Setting next_dagrun for example_python_operator to None, run_after=None
[2022-08-29T20:59:59.646-0400] {processor.py:161} INFO - Processing /Users/jl/Documents/Repos/GHC-2022-data-engineering-workshop/venv/lib/python3.8/site-packages/airflow/example_dags/example_python_operator.py took 0.184 seconds
[2022-08-29T21:01:53.448-0400] {processor.py:153} INFO - Started process (PID=17837) to work on /Users/jl/Documents/Repos/GHC-2022-data-engineering-workshop/venv/lib/python3.8/site-packages/airflow/example_dags/example_python_operator.py
[2022-08-29T21:01:53.458-0400] {processor.py:640} INFO - Processing file /Users/jl/Documents/Repos/GHC-2022-data-engineering-workshop/venv/lib/python3.8/site-packages/airflow/example_dags/example_python_operator.py for tasks to queue
[2022-08-29T21:01:53.459-0400] {logging_mixin.py:115} INFO - [2022-08-29T21:01:53.459-0400] {dagbag.py:508} INFO - Filling up the DagBag from /Users/jl/Documents/Repos/GHC-2022-data-engineering-workshop/venv/lib/python3.8/site-packages/airflow/example_dags/example_python_operator.py
[2022-08-29T21:01:53.502-0400] {processor.py:650} INFO - DAG(s) dict_keys(['example_python_operator']) retrieved from /Users/jl/Documents/Repos/GHC-2022-data-engineering-workshop/venv/lib/python3.8/site-packages/airflow/example_dags/example_python_operator.py
[2022-08-29T21:01:53.584-0400] {logging_mixin.py:115} INFO - [2022-08-29T21:01:53.584-0400] {dag.py:2429} INFO - Sync 1 DAGs
[2022-08-29T21:01:53.601-0400] {logging_mixin.py:115} INFO - [2022-08-29T21:01:53.601-0400] {dag.py:2977} INFO - Setting next_dagrun for example_python_operator to None, run_after=None
[2022-08-29T21:01:53.615-0400] {processor.py:161} INFO - Processing /Users/jl/Documents/Repos/GHC-2022-data-engineering-workshop/venv/lib/python3.8/site-packages/airflow/example_dags/example_python_operator.py took 0.168 seconds
[2022-08-29T21:03:50.487-0400] {processor.py:153} INFO - Started process (PID=17982) to work on /Users/jl/Documents/Repos/GHC-2022-data-engineering-workshop/venv/lib/python3.8/site-packages/airflow/example_dags/example_python_operator.py
[2022-08-29T21:03:50.497-0400] {processor.py:640} INFO - Processing file /Users/jl/Documents/Repos/GHC-2022-data-engineering-workshop/venv/lib/python3.8/site-packages/airflow/example_dags/example_python_operator.py for tasks to queue
[2022-08-29T21:03:50.498-0400] {logging_mixin.py:115} INFO - [2022-08-29T21:03:50.498-0400] {dagbag.py:508} INFO - Filling up the DagBag from /Users/jl/Documents/Repos/GHC-2022-data-engineering-workshop/venv/lib/python3.8/site-packages/airflow/example_dags/example_python_operator.py
[2022-08-29T21:03:50.538-0400] {processor.py:650} INFO - DAG(s) dict_keys(['example_python_operator']) retrieved from /Users/jl/Documents/Repos/GHC-2022-data-engineering-workshop/venv/lib/python3.8/site-packages/airflow/example_dags/example_python_operator.py
[2022-08-29T21:03:50.617-0400] {logging_mixin.py:115} INFO - [2022-08-29T21:03:50.617-0400] {dag.py:2429} INFO - Sync 1 DAGs
[2022-08-29T21:03:50.634-0400] {logging_mixin.py:115} INFO - [2022-08-29T21:03:50.634-0400] {dag.py:2977} INFO - Setting next_dagrun for example_python_operator to None, run_after=None
[2022-08-29T21:03:50.648-0400] {processor.py:161} INFO - Processing /Users/jl/Documents/Repos/GHC-2022-data-engineering-workshop/venv/lib/python3.8/site-packages/airflow/example_dags/example_python_operator.py took 0.162 seconds
[2022-08-29T21:05:25.144-0400] {processor.py:153} INFO - Started process (PID=18067) to work on /Users/jl/Documents/Repos/GHC-2022-data-engineering-workshop/venv/lib/python3.8/site-packages/airflow/example_dags/example_python_operator.py
[2022-08-29T21:05:25.152-0400] {processor.py:640} INFO - Processing file /Users/jl/Documents/Repos/GHC-2022-data-engineering-workshop/venv/lib/python3.8/site-packages/airflow/example_dags/example_python_operator.py for tasks to queue
[2022-08-29T21:05:25.153-0400] {logging_mixin.py:115} INFO - [2022-08-29T21:05:25.153-0400] {dagbag.py:508} INFO - Filling up the DagBag from /Users/jl/Documents/Repos/GHC-2022-data-engineering-workshop/venv/lib/python3.8/site-packages/airflow/example_dags/example_python_operator.py
[2022-08-29T21:05:25.193-0400] {processor.py:650} INFO - DAG(s) dict_keys(['example_python_operator']) retrieved from /Users/jl/Documents/Repos/GHC-2022-data-engineering-workshop/venv/lib/python3.8/site-packages/airflow/example_dags/example_python_operator.py
[2022-08-29T21:05:25.272-0400] {logging_mixin.py:115} INFO - [2022-08-29T21:05:25.272-0400] {dag.py:2429} INFO - Sync 1 DAGs
[2022-08-29T21:05:25.289-0400] {logging_mixin.py:115} INFO - [2022-08-29T21:05:25.289-0400] {dag.py:2977} INFO - Setting next_dagrun for example_python_operator to None, run_after=None
[2022-08-29T21:05:25.304-0400] {processor.py:161} INFO - Processing /Users/jl/Documents/Repos/GHC-2022-data-engineering-workshop/venv/lib/python3.8/site-packages/airflow/example_dags/example_python_operator.py took 0.161 seconds
[2022-08-29T21:06:59.632-0400] {processor.py:153} INFO - Started process (PID=18152) to work on /Users/jl/Documents/Repos/GHC-2022-data-engineering-workshop/venv/lib/python3.8/site-packages/airflow/example_dags/example_python_operator.py
[2022-08-29T21:06:59.640-0400] {processor.py:640} INFO - Processing file /Users/jl/Documents/Repos/GHC-2022-data-engineering-workshop/venv/lib/python3.8/site-packages/airflow/example_dags/example_python_operator.py for tasks to queue
[2022-08-29T21:06:59.640-0400] {logging_mixin.py:115} INFO - [2022-08-29T21:06:59.640-0400] {dagbag.py:508} INFO - Filling up the DagBag from /Users/jl/Documents/Repos/GHC-2022-data-engineering-workshop/venv/lib/python3.8/site-packages/airflow/example_dags/example_python_operator.py
[2022-08-29T21:06:59.681-0400] {processor.py:650} INFO - DAG(s) dict_keys(['example_python_operator']) retrieved from /Users/jl/Documents/Repos/GHC-2022-data-engineering-workshop/venv/lib/python3.8/site-packages/airflow/example_dags/example_python_operator.py
[2022-08-29T21:06:59.763-0400] {logging_mixin.py:115} INFO - [2022-08-29T21:06:59.762-0400] {dag.py:2429} INFO - Sync 1 DAGs
[2022-08-29T21:06:59.781-0400] {logging_mixin.py:115} INFO - [2022-08-29T21:06:59.781-0400] {dag.py:2977} INFO - Setting next_dagrun for example_python_operator to None, run_after=None
[2022-08-29T21:06:59.795-0400] {processor.py:161} INFO - Processing /Users/jl/Documents/Repos/GHC-2022-data-engineering-workshop/venv/lib/python3.8/site-packages/airflow/example_dags/example_python_operator.py took 0.165 seconds
[2022-08-29T21:08:36.720-0400] {processor.py:153} INFO - Started process (PID=18243) to work on /Users/jl/Documents/Repos/GHC-2022-data-engineering-workshop/venv/lib/python3.8/site-packages/airflow/example_dags/example_python_operator.py
[2022-08-29T21:08:36.728-0400] {processor.py:640} INFO - Processing file /Users/jl/Documents/Repos/GHC-2022-data-engineering-workshop/venv/lib/python3.8/site-packages/airflow/example_dags/example_python_operator.py for tasks to queue
[2022-08-29T21:08:36.729-0400] {logging_mixin.py:115} INFO - [2022-08-29T21:08:36.729-0400] {dagbag.py:508} INFO - Filling up the DagBag from /Users/jl/Documents/Repos/GHC-2022-data-engineering-workshop/venv/lib/python3.8/site-packages/airflow/example_dags/example_python_operator.py
[2022-08-29T21:08:36.768-0400] {processor.py:650} INFO - DAG(s) dict_keys(['example_python_operator']) retrieved from /Users/jl/Documents/Repos/GHC-2022-data-engineering-workshop/venv/lib/python3.8/site-packages/airflow/example_dags/example_python_operator.py
[2022-08-29T21:08:36.850-0400] {logging_mixin.py:115} INFO - [2022-08-29T21:08:36.850-0400] {dag.py:2429} INFO - Sync 1 DAGs
[2022-08-29T21:08:36.868-0400] {logging_mixin.py:115} INFO - [2022-08-29T21:08:36.867-0400] {dag.py:2977} INFO - Setting next_dagrun for example_python_operator to None, run_after=None
[2022-08-29T21:08:36.881-0400] {processor.py:161} INFO - Processing /Users/jl/Documents/Repos/GHC-2022-data-engineering-workshop/venv/lib/python3.8/site-packages/airflow/example_dags/example_python_operator.py took 0.162 seconds
[2022-08-29T21:10:13.955-0400] {processor.py:153} INFO - Started process (PID=18330) to work on /Users/jl/Documents/Repos/GHC-2022-data-engineering-workshop/venv/lib/python3.8/site-packages/airflow/example_dags/example_python_operator.py
[2022-08-29T21:10:13.963-0400] {processor.py:640} INFO - Processing file /Users/jl/Documents/Repos/GHC-2022-data-engineering-workshop/venv/lib/python3.8/site-packages/airflow/example_dags/example_python_operator.py for tasks to queue
[2022-08-29T21:10:13.964-0400] {logging_mixin.py:115} INFO - [2022-08-29T21:10:13.964-0400] {dagbag.py:508} INFO - Filling up the DagBag from /Users/jl/Documents/Repos/GHC-2022-data-engineering-workshop/venv/lib/python3.8/site-packages/airflow/example_dags/example_python_operator.py
[2022-08-29T21:10:14.003-0400] {processor.py:650} INFO - DAG(s) dict_keys(['example_python_operator']) retrieved from /Users/jl/Documents/Repos/GHC-2022-data-engineering-workshop/venv/lib/python3.8/site-packages/airflow/example_dags/example_python_operator.py
[2022-08-29T21:10:14.085-0400] {logging_mixin.py:115} INFO - [2022-08-29T21:10:14.085-0400] {dag.py:2429} INFO - Sync 1 DAGs
[2022-08-29T21:10:14.102-0400] {logging_mixin.py:115} INFO - [2022-08-29T21:10:14.102-0400] {dag.py:2977} INFO - Setting next_dagrun for example_python_operator to None, run_after=None
[2022-08-29T21:10:14.115-0400] {processor.py:161} INFO - Processing /Users/jl/Documents/Repos/GHC-2022-data-engineering-workshop/venv/lib/python3.8/site-packages/airflow/example_dags/example_python_operator.py took 0.161 seconds
[2022-08-29T21:11:56.509-0400] {processor.py:153} INFO - Started process (PID=18422) to work on /Users/jl/Documents/Repos/GHC-2022-data-engineering-workshop/venv/lib/python3.8/site-packages/airflow/example_dags/example_python_operator.py
[2022-08-29T21:11:56.518-0400] {processor.py:640} INFO - Processing file /Users/jl/Documents/Repos/GHC-2022-data-engineering-workshop/venv/lib/python3.8/site-packages/airflow/example_dags/example_python_operator.py for tasks to queue
[2022-08-29T21:11:56.518-0400] {logging_mixin.py:115} INFO - [2022-08-29T21:11:56.518-0400] {dagbag.py:508} INFO - Filling up the DagBag from /Users/jl/Documents/Repos/GHC-2022-data-engineering-workshop/venv/lib/python3.8/site-packages/airflow/example_dags/example_python_operator.py
[2022-08-29T21:11:56.559-0400] {processor.py:650} INFO - DAG(s) dict_keys(['example_python_operator']) retrieved from /Users/jl/Documents/Repos/GHC-2022-data-engineering-workshop/venv/lib/python3.8/site-packages/airflow/example_dags/example_python_operator.py
[2022-08-29T21:11:56.639-0400] {logging_mixin.py:115} INFO - [2022-08-29T21:11:56.639-0400] {dag.py:2429} INFO - Sync 1 DAGs
[2022-08-29T21:11:56.656-0400] {logging_mixin.py:115} INFO - [2022-08-29T21:11:56.656-0400] {dag.py:2977} INFO - Setting next_dagrun for example_python_operator to None, run_after=None
[2022-08-29T21:11:56.670-0400] {processor.py:161} INFO - Processing /Users/jl/Documents/Repos/GHC-2022-data-engineering-workshop/venv/lib/python3.8/site-packages/airflow/example_dags/example_python_operator.py took 0.162 seconds
[2022-08-29T21:13:53.949-0400] {processor.py:153} INFO - Started process (PID=18555) to work on /Users/jl/Documents/Repos/GHC-2022-data-engineering-workshop/venv/lib/python3.8/site-packages/airflow/example_dags/example_python_operator.py
[2022-08-29T21:13:53.959-0400] {processor.py:640} INFO - Processing file /Users/jl/Documents/Repos/GHC-2022-data-engineering-workshop/venv/lib/python3.8/site-packages/airflow/example_dags/example_python_operator.py for tasks to queue
[2022-08-29T21:13:53.960-0400] {logging_mixin.py:115} INFO - [2022-08-29T21:13:53.959-0400] {dagbag.py:508} INFO - Filling up the DagBag from /Users/jl/Documents/Repos/GHC-2022-data-engineering-workshop/venv/lib/python3.8/site-packages/airflow/example_dags/example_python_operator.py
[2022-08-29T21:13:54.001-0400] {processor.py:650} INFO - DAG(s) dict_keys(['example_python_operator']) retrieved from /Users/jl/Documents/Repos/GHC-2022-data-engineering-workshop/venv/lib/python3.8/site-packages/airflow/example_dags/example_python_operator.py
[2022-08-29T21:13:54.080-0400] {logging_mixin.py:115} INFO - [2022-08-29T21:13:54.080-0400] {dag.py:2429} INFO - Sync 1 DAGs
[2022-08-29T21:13:54.097-0400] {logging_mixin.py:115} INFO - [2022-08-29T21:13:54.097-0400] {dag.py:2977} INFO - Setting next_dagrun for example_python_operator to None, run_after=None
[2022-08-29T21:13:54.113-0400] {processor.py:161} INFO - Processing /Users/jl/Documents/Repos/GHC-2022-data-engineering-workshop/venv/lib/python3.8/site-packages/airflow/example_dags/example_python_operator.py took 0.165 seconds
[2022-08-29T21:15:34.249-0400] {processor.py:153} INFO - Started process (PID=18641) to work on /Users/jl/Documents/Repos/GHC-2022-data-engineering-workshop/venv/lib/python3.8/site-packages/airflow/example_dags/example_python_operator.py
[2022-08-29T21:15:34.258-0400] {processor.py:640} INFO - Processing file /Users/jl/Documents/Repos/GHC-2022-data-engineering-workshop/venv/lib/python3.8/site-packages/airflow/example_dags/example_python_operator.py for tasks to queue
[2022-08-29T21:15:34.258-0400] {logging_mixin.py:115} INFO - [2022-08-29T21:15:34.258-0400] {dagbag.py:508} INFO - Filling up the DagBag from /Users/jl/Documents/Repos/GHC-2022-data-engineering-workshop/venv/lib/python3.8/site-packages/airflow/example_dags/example_python_operator.py
[2022-08-29T21:15:34.298-0400] {processor.py:650} INFO - DAG(s) dict_keys(['example_python_operator']) retrieved from /Users/jl/Documents/Repos/GHC-2022-data-engineering-workshop/venv/lib/python3.8/site-packages/airflow/example_dags/example_python_operator.py
[2022-08-29T21:15:34.377-0400] {logging_mixin.py:115} INFO - [2022-08-29T21:15:34.377-0400] {dag.py:2429} INFO - Sync 1 DAGs
[2022-08-29T21:15:34.395-0400] {logging_mixin.py:115} INFO - [2022-08-29T21:15:34.395-0400] {dag.py:2977} INFO - Setting next_dagrun for example_python_operator to None, run_after=None
[2022-08-29T21:15:34.409-0400] {processor.py:161} INFO - Processing /Users/jl/Documents/Repos/GHC-2022-data-engineering-workshop/venv/lib/python3.8/site-packages/airflow/example_dags/example_python_operator.py took 0.161 seconds
[2022-08-29T21:17:04.990-0400] {processor.py:153} INFO - Started process (PID=18728) to work on /Users/jl/Documents/Repos/GHC-2022-data-engineering-workshop/venv/lib/python3.8/site-packages/airflow/example_dags/example_python_operator.py
[2022-08-29T21:17:04.998-0400] {processor.py:640} INFO - Processing file /Users/jl/Documents/Repos/GHC-2022-data-engineering-workshop/venv/lib/python3.8/site-packages/airflow/example_dags/example_python_operator.py for tasks to queue
[2022-08-29T21:17:04.999-0400] {logging_mixin.py:115} INFO - [2022-08-29T21:17:04.998-0400] {dagbag.py:508} INFO - Filling up the DagBag from /Users/jl/Documents/Repos/GHC-2022-data-engineering-workshop/venv/lib/python3.8/site-packages/airflow/example_dags/example_python_operator.py
[2022-08-29T21:17:05.039-0400] {processor.py:650} INFO - DAG(s) dict_keys(['example_python_operator']) retrieved from /Users/jl/Documents/Repos/GHC-2022-data-engineering-workshop/venv/lib/python3.8/site-packages/airflow/example_dags/example_python_operator.py
[2022-08-29T21:17:05.124-0400] {logging_mixin.py:115} INFO - [2022-08-29T21:17:05.124-0400] {dag.py:2429} INFO - Sync 1 DAGs
[2022-08-29T21:17:05.142-0400] {logging_mixin.py:115} INFO - [2022-08-29T21:17:05.142-0400] {dag.py:2977} INFO - Setting next_dagrun for example_python_operator to None, run_after=None
[2022-08-29T21:17:05.156-0400] {processor.py:161} INFO - Processing /Users/jl/Documents/Repos/GHC-2022-data-engineering-workshop/venv/lib/python3.8/site-packages/airflow/example_dags/example_python_operator.py took 0.167 seconds
[2022-08-29T21:18:35.716-0400] {processor.py:153} INFO - Started process (PID=18814) to work on /Users/jl/Documents/Repos/GHC-2022-data-engineering-workshop/venv/lib/python3.8/site-packages/airflow/example_dags/example_python_operator.py
[2022-08-29T21:18:35.725-0400] {processor.py:640} INFO - Processing file /Users/jl/Documents/Repos/GHC-2022-data-engineering-workshop/venv/lib/python3.8/site-packages/airflow/example_dags/example_python_operator.py for tasks to queue
[2022-08-29T21:18:35.725-0400] {logging_mixin.py:115} INFO - [2022-08-29T21:18:35.725-0400] {dagbag.py:508} INFO - Filling up the DagBag from /Users/jl/Documents/Repos/GHC-2022-data-engineering-workshop/venv/lib/python3.8/site-packages/airflow/example_dags/example_python_operator.py
[2022-08-29T21:18:35.766-0400] {processor.py:650} INFO - DAG(s) dict_keys(['example_python_operator']) retrieved from /Users/jl/Documents/Repos/GHC-2022-data-engineering-workshop/venv/lib/python3.8/site-packages/airflow/example_dags/example_python_operator.py
[2022-08-29T21:18:35.844-0400] {logging_mixin.py:115} INFO - [2022-08-29T21:18:35.843-0400] {dag.py:2429} INFO - Sync 1 DAGs
[2022-08-29T21:18:35.860-0400] {logging_mixin.py:115} INFO - [2022-08-29T21:18:35.860-0400] {dag.py:2977} INFO - Setting next_dagrun for example_python_operator to None, run_after=None
[2022-08-29T21:18:35.874-0400] {processor.py:161} INFO - Processing /Users/jl/Documents/Repos/GHC-2022-data-engineering-workshop/venv/lib/python3.8/site-packages/airflow/example_dags/example_python_operator.py took 0.159 seconds
[2022-08-29T21:20:14.300-0400] {processor.py:153} INFO - Started process (PID=18901) to work on /Users/jl/Documents/Repos/GHC-2022-data-engineering-workshop/venv/lib/python3.8/site-packages/airflow/example_dags/example_python_operator.py
[2022-08-29T21:20:14.310-0400] {processor.py:640} INFO - Processing file /Users/jl/Documents/Repos/GHC-2022-data-engineering-workshop/venv/lib/python3.8/site-packages/airflow/example_dags/example_python_operator.py for tasks to queue
[2022-08-29T21:20:14.311-0400] {logging_mixin.py:115} INFO - [2022-08-29T21:20:14.311-0400] {dagbag.py:508} INFO - Filling up the DagBag from /Users/jl/Documents/Repos/GHC-2022-data-engineering-workshop/venv/lib/python3.8/site-packages/airflow/example_dags/example_python_operator.py
[2022-08-29T21:20:14.352-0400] {processor.py:650} INFO - DAG(s) dict_keys(['example_python_operator']) retrieved from /Users/jl/Documents/Repos/GHC-2022-data-engineering-workshop/venv/lib/python3.8/site-packages/airflow/example_dags/example_python_operator.py
[2022-08-29T21:20:14.432-0400] {logging_mixin.py:115} INFO - [2022-08-29T21:20:14.432-0400] {dag.py:2429} INFO - Sync 1 DAGs
[2022-08-29T21:20:14.450-0400] {logging_mixin.py:115} INFO - [2022-08-29T21:20:14.450-0400] {dag.py:2977} INFO - Setting next_dagrun for example_python_operator to None, run_after=None
[2022-08-29T21:20:14.465-0400] {processor.py:161} INFO - Processing /Users/jl/Documents/Repos/GHC-2022-data-engineering-workshop/venv/lib/python3.8/site-packages/airflow/example_dags/example_python_operator.py took 0.166 seconds
[2022-08-29T21:21:48.811-0400] {processor.py:153} INFO - Started process (PID=18988) to work on /Users/jl/Documents/Repos/GHC-2022-data-engineering-workshop/venv/lib/python3.8/site-packages/airflow/example_dags/example_python_operator.py
[2022-08-29T21:21:48.819-0400] {processor.py:640} INFO - Processing file /Users/jl/Documents/Repos/GHC-2022-data-engineering-workshop/venv/lib/python3.8/site-packages/airflow/example_dags/example_python_operator.py for tasks to queue
[2022-08-29T21:21:48.820-0400] {logging_mixin.py:115} INFO - [2022-08-29T21:21:48.820-0400] {dagbag.py:508} INFO - Filling up the DagBag from /Users/jl/Documents/Repos/GHC-2022-data-engineering-workshop/venv/lib/python3.8/site-packages/airflow/example_dags/example_python_operator.py
[2022-08-29T21:21:48.858-0400] {processor.py:650} INFO - DAG(s) dict_keys(['example_python_operator']) retrieved from /Users/jl/Documents/Repos/GHC-2022-data-engineering-workshop/venv/lib/python3.8/site-packages/airflow/example_dags/example_python_operator.py
[2022-08-29T21:21:48.938-0400] {logging_mixin.py:115} INFO - [2022-08-29T21:21:48.937-0400] {dag.py:2429} INFO - Sync 1 DAGs
[2022-08-29T21:21:48.955-0400] {logging_mixin.py:115} INFO - [2022-08-29T21:21:48.955-0400] {dag.py:2977} INFO - Setting next_dagrun for example_python_operator to None, run_after=None
[2022-08-29T21:21:48.969-0400] {processor.py:161} INFO - Processing /Users/jl/Documents/Repos/GHC-2022-data-engineering-workshop/venv/lib/python3.8/site-packages/airflow/example_dags/example_python_operator.py took 0.159 seconds
[2022-08-29T21:23:26.242-0400] {processor.py:153} INFO - Started process (PID=19076) to work on /Users/jl/Documents/Repos/GHC-2022-data-engineering-workshop/venv/lib/python3.8/site-packages/airflow/example_dags/example_python_operator.py
[2022-08-29T21:23:26.250-0400] {processor.py:640} INFO - Processing file /Users/jl/Documents/Repos/GHC-2022-data-engineering-workshop/venv/lib/python3.8/site-packages/airflow/example_dags/example_python_operator.py for tasks to queue
[2022-08-29T21:23:26.251-0400] {logging_mixin.py:115} INFO - [2022-08-29T21:23:26.251-0400] {dagbag.py:508} INFO - Filling up the DagBag from /Users/jl/Documents/Repos/GHC-2022-data-engineering-workshop/venv/lib/python3.8/site-packages/airflow/example_dags/example_python_operator.py
[2022-08-29T21:23:26.291-0400] {processor.py:650} INFO - DAG(s) dict_keys(['example_python_operator']) retrieved from /Users/jl/Documents/Repos/GHC-2022-data-engineering-workshop/venv/lib/python3.8/site-packages/airflow/example_dags/example_python_operator.py
[2022-08-29T21:23:26.371-0400] {logging_mixin.py:115} INFO - [2022-08-29T21:23:26.371-0400] {dag.py:2429} INFO - Sync 1 DAGs
[2022-08-29T21:23:26.388-0400] {logging_mixin.py:115} INFO - [2022-08-29T21:23:26.388-0400] {dag.py:2977} INFO - Setting next_dagrun for example_python_operator to None, run_after=None
[2022-08-29T21:23:26.402-0400] {processor.py:161} INFO - Processing /Users/jl/Documents/Repos/GHC-2022-data-engineering-workshop/venv/lib/python3.8/site-packages/airflow/example_dags/example_python_operator.py took 0.161 seconds
[2022-08-29T21:25:04.000-0400] {processor.py:153} INFO - Started process (PID=19164) to work on /Users/jl/Documents/Repos/GHC-2022-data-engineering-workshop/venv/lib/python3.8/site-packages/airflow/example_dags/example_python_operator.py
[2022-08-29T21:25:04.009-0400] {processor.py:640} INFO - Processing file /Users/jl/Documents/Repos/GHC-2022-data-engineering-workshop/venv/lib/python3.8/site-packages/airflow/example_dags/example_python_operator.py for tasks to queue
[2022-08-29T21:25:04.009-0400] {logging_mixin.py:115} INFO - [2022-08-29T21:25:04.009-0400] {dagbag.py:508} INFO - Filling up the DagBag from /Users/jl/Documents/Repos/GHC-2022-data-engineering-workshop/venv/lib/python3.8/site-packages/airflow/example_dags/example_python_operator.py
[2022-08-29T21:25:04.049-0400] {processor.py:650} INFO - DAG(s) dict_keys(['example_python_operator']) retrieved from /Users/jl/Documents/Repos/GHC-2022-data-engineering-workshop/venv/lib/python3.8/site-packages/airflow/example_dags/example_python_operator.py
[2022-08-29T21:25:04.128-0400] {logging_mixin.py:115} INFO - [2022-08-29T21:25:04.128-0400] {dag.py:2429} INFO - Sync 1 DAGs
[2022-08-29T21:25:04.145-0400] {logging_mixin.py:115} INFO - [2022-08-29T21:25:04.145-0400] {dag.py:2977} INFO - Setting next_dagrun for example_python_operator to None, run_after=None
[2022-08-29T21:25:04.159-0400] {processor.py:161} INFO - Processing /Users/jl/Documents/Repos/GHC-2022-data-engineering-workshop/venv/lib/python3.8/site-packages/airflow/example_dags/example_python_operator.py took 0.160 seconds
[2022-08-29T21:26:35.327-0400] {processor.py:153} INFO - Started process (PID=19247) to work on /Users/jl/Documents/Repos/GHC-2022-data-engineering-workshop/venv/lib/python3.8/site-packages/airflow/example_dags/example_python_operator.py
[2022-08-29T21:26:35.336-0400] {processor.py:640} INFO - Processing file /Users/jl/Documents/Repos/GHC-2022-data-engineering-workshop/venv/lib/python3.8/site-packages/airflow/example_dags/example_python_operator.py for tasks to queue
[2022-08-29T21:26:35.337-0400] {logging_mixin.py:115} INFO - [2022-08-29T21:26:35.336-0400] {dagbag.py:508} INFO - Filling up the DagBag from /Users/jl/Documents/Repos/GHC-2022-data-engineering-workshop/venv/lib/python3.8/site-packages/airflow/example_dags/example_python_operator.py
[2022-08-29T21:26:35.379-0400] {processor.py:650} INFO - DAG(s) dict_keys(['example_python_operator']) retrieved from /Users/jl/Documents/Repos/GHC-2022-data-engineering-workshop/venv/lib/python3.8/site-packages/airflow/example_dags/example_python_operator.py
[2022-08-29T21:26:35.460-0400] {logging_mixin.py:115} INFO - [2022-08-29T21:26:35.460-0400] {dag.py:2429} INFO - Sync 1 DAGs
[2022-08-29T21:26:35.478-0400] {logging_mixin.py:115} INFO - [2022-08-29T21:26:35.478-0400] {dag.py:2977} INFO - Setting next_dagrun for example_python_operator to None, run_after=None
[2022-08-29T21:26:35.492-0400] {processor.py:161} INFO - Processing /Users/jl/Documents/Repos/GHC-2022-data-engineering-workshop/venv/lib/python3.8/site-packages/airflow/example_dags/example_python_operator.py took 0.166 seconds
[2022-08-29T21:28:19.768-0400] {processor.py:153} INFO - Started process (PID=19345) to work on /Users/jl/Documents/Repos/GHC-2022-data-engineering-workshop/venv/lib/python3.8/site-packages/airflow/example_dags/example_python_operator.py
[2022-08-29T21:28:19.778-0400] {processor.py:640} INFO - Processing file /Users/jl/Documents/Repos/GHC-2022-data-engineering-workshop/venv/lib/python3.8/site-packages/airflow/example_dags/example_python_operator.py for tasks to queue
[2022-08-29T21:28:19.779-0400] {logging_mixin.py:115} INFO - [2022-08-29T21:28:19.778-0400] {dagbag.py:508} INFO - Filling up the DagBag from /Users/jl/Documents/Repos/GHC-2022-data-engineering-workshop/venv/lib/python3.8/site-packages/airflow/example_dags/example_python_operator.py
[2022-08-29T21:28:19.819-0400] {processor.py:650} INFO - DAG(s) dict_keys(['example_python_operator']) retrieved from /Users/jl/Documents/Repos/GHC-2022-data-engineering-workshop/venv/lib/python3.8/site-packages/airflow/example_dags/example_python_operator.py
[2022-08-29T21:28:19.898-0400] {logging_mixin.py:115} INFO - [2022-08-29T21:28:19.897-0400] {dag.py:2429} INFO - Sync 1 DAGs
[2022-08-29T21:28:19.915-0400] {logging_mixin.py:115} INFO - [2022-08-29T21:28:19.915-0400] {dag.py:2977} INFO - Setting next_dagrun for example_python_operator to None, run_after=None
[2022-08-29T21:28:19.930-0400] {processor.py:161} INFO - Processing /Users/jl/Documents/Repos/GHC-2022-data-engineering-workshop/venv/lib/python3.8/site-packages/airflow/example_dags/example_python_operator.py took 0.163 seconds
[2022-08-29T21:30:00.353-0400] {processor.py:153} INFO - Started process (PID=19432) to work on /Users/jl/Documents/Repos/GHC-2022-data-engineering-workshop/venv/lib/python3.8/site-packages/airflow/example_dags/example_python_operator.py
[2022-08-29T21:30:00.361-0400] {processor.py:640} INFO - Processing file /Users/jl/Documents/Repos/GHC-2022-data-engineering-workshop/venv/lib/python3.8/site-packages/airflow/example_dags/example_python_operator.py for tasks to queue
[2022-08-29T21:30:00.362-0400] {logging_mixin.py:115} INFO - [2022-08-29T21:30:00.362-0400] {dagbag.py:508} INFO - Filling up the DagBag from /Users/jl/Documents/Repos/GHC-2022-data-engineering-workshop/venv/lib/python3.8/site-packages/airflow/example_dags/example_python_operator.py
[2022-08-29T21:30:00.403-0400] {processor.py:650} INFO - DAG(s) dict_keys(['example_python_operator']) retrieved from /Users/jl/Documents/Repos/GHC-2022-data-engineering-workshop/venv/lib/python3.8/site-packages/airflow/example_dags/example_python_operator.py
[2022-08-29T21:30:00.488-0400] {logging_mixin.py:115} INFO - [2022-08-29T21:30:00.488-0400] {dag.py:2429} INFO - Sync 1 DAGs
[2022-08-29T21:30:00.506-0400] {logging_mixin.py:115} INFO - [2022-08-29T21:30:00.505-0400] {dag.py:2977} INFO - Setting next_dagrun for example_python_operator to None, run_after=None
[2022-08-29T21:30:00.521-0400] {processor.py:161} INFO - Processing /Users/jl/Documents/Repos/GHC-2022-data-engineering-workshop/venv/lib/python3.8/site-packages/airflow/example_dags/example_python_operator.py took 0.169 seconds
[2022-08-29T21:31:57.701-0400] {processor.py:153} INFO - Started process (PID=19534) to work on /Users/jl/Documents/Repos/GHC-2022-data-engineering-workshop/venv/lib/python3.8/site-packages/airflow/example_dags/example_python_operator.py
[2022-08-29T21:31:57.714-0400] {processor.py:640} INFO - Processing file /Users/jl/Documents/Repos/GHC-2022-data-engineering-workshop/venv/lib/python3.8/site-packages/airflow/example_dags/example_python_operator.py for tasks to queue
[2022-08-29T21:31:57.715-0400] {logging_mixin.py:115} INFO - [2022-08-29T21:31:57.715-0400] {dagbag.py:508} INFO - Filling up the DagBag from /Users/jl/Documents/Repos/GHC-2022-data-engineering-workshop/venv/lib/python3.8/site-packages/airflow/example_dags/example_python_operator.py
[2022-08-29T21:31:57.783-0400] {processor.py:650} INFO - DAG(s) dict_keys(['example_python_operator']) retrieved from /Users/jl/Documents/Repos/GHC-2022-data-engineering-workshop/venv/lib/python3.8/site-packages/airflow/example_dags/example_python_operator.py
[2022-08-29T21:31:57.894-0400] {logging_mixin.py:115} INFO - [2022-08-29T21:31:57.893-0400] {dag.py:2429} INFO - Sync 1 DAGs
[2022-08-29T21:31:57.917-0400] {logging_mixin.py:115} INFO - [2022-08-29T21:31:57.916-0400] {dag.py:2977} INFO - Setting next_dagrun for example_python_operator to None, run_after=None
[2022-08-29T21:31:57.935-0400] {processor.py:161} INFO - Processing /Users/jl/Documents/Repos/GHC-2022-data-engineering-workshop/venv/lib/python3.8/site-packages/airflow/example_dags/example_python_operator.py took 0.235 seconds
[2022-08-29T21:33:54.610-0400] {processor.py:153} INFO - Started process (PID=19633) to work on /Users/jl/Documents/Repos/GHC-2022-data-engineering-workshop/venv/lib/python3.8/site-packages/airflow/example_dags/example_python_operator.py
[2022-08-29T21:33:54.624-0400] {processor.py:640} INFO - Processing file /Users/jl/Documents/Repos/GHC-2022-data-engineering-workshop/venv/lib/python3.8/site-packages/airflow/example_dags/example_python_operator.py for tasks to queue
[2022-08-29T21:33:54.625-0400] {logging_mixin.py:115} INFO - [2022-08-29T21:33:54.625-0400] {dagbag.py:508} INFO - Filling up the DagBag from /Users/jl/Documents/Repos/GHC-2022-data-engineering-workshop/venv/lib/python3.8/site-packages/airflow/example_dags/example_python_operator.py
[2022-08-29T21:33:54.681-0400] {processor.py:650} INFO - DAG(s) dict_keys(['example_python_operator']) retrieved from /Users/jl/Documents/Repos/GHC-2022-data-engineering-workshop/venv/lib/python3.8/site-packages/airflow/example_dags/example_python_operator.py
[2022-08-29T21:33:54.837-0400] {logging_mixin.py:115} INFO - [2022-08-29T21:33:54.836-0400] {dag.py:2429} INFO - Sync 1 DAGs
[2022-08-29T21:33:54.862-0400] {logging_mixin.py:115} INFO - [2022-08-29T21:33:54.861-0400] {dag.py:2977} INFO - Setting next_dagrun for example_python_operator to None, run_after=None
[2022-08-29T21:33:54.880-0400] {processor.py:161} INFO - Processing /Users/jl/Documents/Repos/GHC-2022-data-engineering-workshop/venv/lib/python3.8/site-packages/airflow/example_dags/example_python_operator.py took 0.271 seconds
[2022-08-29T21:36:48.528-0400] {processor.py:153} INFO - Started process (PID=19741) to work on /Users/jl/Documents/Repos/GHC-2022-data-engineering-workshop/venv/lib/python3.8/site-packages/airflow/example_dags/example_python_operator.py
[2022-08-29T21:36:48.549-0400] {processor.py:640} INFO - Processing file /Users/jl/Documents/Repos/GHC-2022-data-engineering-workshop/venv/lib/python3.8/site-packages/airflow/example_dags/example_python_operator.py for tasks to queue
[2022-08-29T21:36:48.550-0400] {logging_mixin.py:115} INFO - [2022-08-29T21:36:48.550-0400] {dagbag.py:508} INFO - Filling up the DagBag from /Users/jl/Documents/Repos/GHC-2022-data-engineering-workshop/venv/lib/python3.8/site-packages/airflow/example_dags/example_python_operator.py
[2022-08-29T21:36:48.622-0400] {processor.py:650} INFO - DAG(s) dict_keys(['example_python_operator']) retrieved from /Users/jl/Documents/Repos/GHC-2022-data-engineering-workshop/venv/lib/python3.8/site-packages/airflow/example_dags/example_python_operator.py
[2022-08-29T21:36:48.723-0400] {logging_mixin.py:115} INFO - [2022-08-29T21:36:48.723-0400] {dag.py:2429} INFO - Sync 1 DAGs
[2022-08-29T21:36:48.746-0400] {logging_mixin.py:115} INFO - [2022-08-29T21:36:48.746-0400] {dag.py:2977} INFO - Setting next_dagrun for example_python_operator to None, run_after=None
[2022-08-29T21:36:48.769-0400] {processor.py:161} INFO - Processing /Users/jl/Documents/Repos/GHC-2022-data-engineering-workshop/venv/lib/python3.8/site-packages/airflow/example_dags/example_python_operator.py took 0.242 seconds
[2022-08-29T21:39:34.637-0400] {processor.py:153} INFO - Started process (PID=19849) to work on /Users/jl/Documents/Repos/GHC-2022-data-engineering-workshop/venv/lib/python3.8/site-packages/airflow/example_dags/example_python_operator.py
[2022-08-29T21:39:34.650-0400] {processor.py:640} INFO - Processing file /Users/jl/Documents/Repos/GHC-2022-data-engineering-workshop/venv/lib/python3.8/site-packages/airflow/example_dags/example_python_operator.py for tasks to queue
[2022-08-29T21:39:34.651-0400] {logging_mixin.py:115} INFO - [2022-08-29T21:39:34.651-0400] {dagbag.py:508} INFO - Filling up the DagBag from /Users/jl/Documents/Repos/GHC-2022-data-engineering-workshop/venv/lib/python3.8/site-packages/airflow/example_dags/example_python_operator.py
[2022-08-29T21:39:34.705-0400] {processor.py:650} INFO - DAG(s) dict_keys(['example_python_operator']) retrieved from /Users/jl/Documents/Repos/GHC-2022-data-engineering-workshop/venv/lib/python3.8/site-packages/airflow/example_dags/example_python_operator.py
[2022-08-29T21:39:34.841-0400] {logging_mixin.py:115} INFO - [2022-08-29T21:39:34.838-0400] {dag.py:2429} INFO - Sync 1 DAGs
[2022-08-29T21:39:34.865-0400] {logging_mixin.py:115} INFO - [2022-08-29T21:39:34.865-0400] {dag.py:2977} INFO - Setting next_dagrun for example_python_operator to None, run_after=None
[2022-08-29T21:39:34.884-0400] {processor.py:161} INFO - Processing /Users/jl/Documents/Repos/GHC-2022-data-engineering-workshop/venv/lib/python3.8/site-packages/airflow/example_dags/example_python_operator.py took 0.248 seconds
[2022-08-29T21:42:06.647-0400] {processor.py:153} INFO - Started process (PID=19951) to work on /Users/jl/Documents/Repos/GHC-2022-data-engineering-workshop/venv/lib/python3.8/site-packages/airflow/example_dags/example_python_operator.py
[2022-08-29T21:42:06.656-0400] {processor.py:640} INFO - Processing file /Users/jl/Documents/Repos/GHC-2022-data-engineering-workshop/venv/lib/python3.8/site-packages/airflow/example_dags/example_python_operator.py for tasks to queue
[2022-08-29T21:42:06.657-0400] {logging_mixin.py:115} INFO - [2022-08-29T21:42:06.657-0400] {dagbag.py:508} INFO - Filling up the DagBag from /Users/jl/Documents/Repos/GHC-2022-data-engineering-workshop/venv/lib/python3.8/site-packages/airflow/example_dags/example_python_operator.py
[2022-08-29T21:42:06.714-0400] {processor.py:650} INFO - DAG(s) dict_keys(['example_python_operator']) retrieved from /Users/jl/Documents/Repos/GHC-2022-data-engineering-workshop/venv/lib/python3.8/site-packages/airflow/example_dags/example_python_operator.py
[2022-08-29T21:42:06.814-0400] {logging_mixin.py:115} INFO - [2022-08-29T21:42:06.814-0400] {dag.py:2429} INFO - Sync 1 DAGs
[2022-08-29T21:42:06.837-0400] {logging_mixin.py:115} INFO - [2022-08-29T21:42:06.837-0400] {dag.py:2977} INFO - Setting next_dagrun for example_python_operator to None, run_after=None
[2022-08-29T21:42:06.859-0400] {processor.py:161} INFO - Processing /Users/jl/Documents/Repos/GHC-2022-data-engineering-workshop/venv/lib/python3.8/site-packages/airflow/example_dags/example_python_operator.py took 0.214 seconds
[2022-08-29T21:45:01.230-0400] {processor.py:153} INFO - Started process (PID=20075) to work on /Users/jl/Documents/Repos/GHC-2022-data-engineering-workshop/venv/lib/python3.8/site-packages/airflow/example_dags/example_python_operator.py
[2022-08-29T21:45:01.241-0400] {processor.py:640} INFO - Processing file /Users/jl/Documents/Repos/GHC-2022-data-engineering-workshop/venv/lib/python3.8/site-packages/airflow/example_dags/example_python_operator.py for tasks to queue
[2022-08-29T21:45:01.242-0400] {logging_mixin.py:115} INFO - [2022-08-29T21:45:01.241-0400] {dagbag.py:508} INFO - Filling up the DagBag from /Users/jl/Documents/Repos/GHC-2022-data-engineering-workshop/venv/lib/python3.8/site-packages/airflow/example_dags/example_python_operator.py
[2022-08-29T21:45:01.291-0400] {processor.py:650} INFO - DAG(s) dict_keys(['example_python_operator']) retrieved from /Users/jl/Documents/Repos/GHC-2022-data-engineering-workshop/venv/lib/python3.8/site-packages/airflow/example_dags/example_python_operator.py
[2022-08-29T21:45:01.411-0400] {logging_mixin.py:115} INFO - [2022-08-29T21:45:01.411-0400] {dag.py:2429} INFO - Sync 1 DAGs
[2022-08-29T21:45:01.439-0400] {logging_mixin.py:115} INFO - [2022-08-29T21:45:01.438-0400] {dag.py:2977} INFO - Setting next_dagrun for example_python_operator to None, run_after=None
[2022-08-29T21:45:01.454-0400] {processor.py:161} INFO - Processing /Users/jl/Documents/Repos/GHC-2022-data-engineering-workshop/venv/lib/python3.8/site-packages/airflow/example_dags/example_python_operator.py took 0.225 seconds
[2022-08-29T21:47:30.251-0400] {processor.py:153} INFO - Started process (PID=20178) to work on /Users/jl/Documents/Repos/GHC-2022-data-engineering-workshop/venv/lib/python3.8/site-packages/airflow/example_dags/example_python_operator.py
[2022-08-29T21:47:30.262-0400] {processor.py:640} INFO - Processing file /Users/jl/Documents/Repos/GHC-2022-data-engineering-workshop/venv/lib/python3.8/site-packages/airflow/example_dags/example_python_operator.py for tasks to queue
[2022-08-29T21:47:30.262-0400] {logging_mixin.py:115} INFO - [2022-08-29T21:47:30.262-0400] {dagbag.py:508} INFO - Filling up the DagBag from /Users/jl/Documents/Repos/GHC-2022-data-engineering-workshop/venv/lib/python3.8/site-packages/airflow/example_dags/example_python_operator.py
[2022-08-29T21:47:30.335-0400] {processor.py:650} INFO - DAG(s) dict_keys(['example_python_operator']) retrieved from /Users/jl/Documents/Repos/GHC-2022-data-engineering-workshop/venv/lib/python3.8/site-packages/airflow/example_dags/example_python_operator.py
[2022-08-29T21:47:30.441-0400] {logging_mixin.py:115} INFO - [2022-08-29T21:47:30.441-0400] {dag.py:2429} INFO - Sync 1 DAGs
[2022-08-29T21:47:30.463-0400] {logging_mixin.py:115} INFO - [2022-08-29T21:47:30.463-0400] {dag.py:2977} INFO - Setting next_dagrun for example_python_operator to None, run_after=None
[2022-08-29T21:47:30.486-0400] {processor.py:161} INFO - Processing /Users/jl/Documents/Repos/GHC-2022-data-engineering-workshop/venv/lib/python3.8/site-packages/airflow/example_dags/example_python_operator.py took 0.236 seconds
[2022-08-29T21:49:52.643-0400] {processor.py:153} INFO - Started process (PID=20280) to work on /Users/jl/Documents/Repos/GHC-2022-data-engineering-workshop/venv/lib/python3.8/site-packages/airflow/example_dags/example_python_operator.py
[2022-08-29T21:49:52.657-0400] {processor.py:640} INFO - Processing file /Users/jl/Documents/Repos/GHC-2022-data-engineering-workshop/venv/lib/python3.8/site-packages/airflow/example_dags/example_python_operator.py for tasks to queue
[2022-08-29T21:49:52.658-0400] {logging_mixin.py:115} INFO - [2022-08-29T21:49:52.658-0400] {dagbag.py:508} INFO - Filling up the DagBag from /Users/jl/Documents/Repos/GHC-2022-data-engineering-workshop/venv/lib/python3.8/site-packages/airflow/example_dags/example_python_operator.py
[2022-08-29T21:49:52.718-0400] {processor.py:650} INFO - DAG(s) dict_keys(['example_python_operator']) retrieved from /Users/jl/Documents/Repos/GHC-2022-data-engineering-workshop/venv/lib/python3.8/site-packages/airflow/example_dags/example_python_operator.py
[2022-08-29T21:49:52.828-0400] {logging_mixin.py:115} INFO - [2022-08-29T21:49:52.827-0400] {dag.py:2429} INFO - Sync 1 DAGs
[2022-08-29T21:49:52.854-0400] {logging_mixin.py:115} INFO - [2022-08-29T21:49:52.853-0400] {dag.py:2977} INFO - Setting next_dagrun for example_python_operator to None, run_after=None
[2022-08-29T21:49:52.879-0400] {processor.py:161} INFO - Processing /Users/jl/Documents/Repos/GHC-2022-data-engineering-workshop/venv/lib/python3.8/site-packages/airflow/example_dags/example_python_operator.py took 0.237 seconds
[2022-08-29T21:52:19.955-0400] {processor.py:153} INFO - Started process (PID=20378) to work on /Users/jl/Documents/Repos/GHC-2022-data-engineering-workshop/venv/lib/python3.8/site-packages/airflow/example_dags/example_python_operator.py
[2022-08-29T21:52:19.967-0400] {processor.py:640} INFO - Processing file /Users/jl/Documents/Repos/GHC-2022-data-engineering-workshop/venv/lib/python3.8/site-packages/airflow/example_dags/example_python_operator.py for tasks to queue
[2022-08-29T21:52:19.968-0400] {logging_mixin.py:115} INFO - [2022-08-29T21:52:19.968-0400] {dagbag.py:508} INFO - Filling up the DagBag from /Users/jl/Documents/Repos/GHC-2022-data-engineering-workshop/venv/lib/python3.8/site-packages/airflow/example_dags/example_python_operator.py
[2022-08-29T21:52:20.026-0400] {processor.py:650} INFO - DAG(s) dict_keys(['example_python_operator']) retrieved from /Users/jl/Documents/Repos/GHC-2022-data-engineering-workshop/venv/lib/python3.8/site-packages/airflow/example_dags/example_python_operator.py
[2022-08-29T21:52:20.159-0400] {logging_mixin.py:115} INFO - [2022-08-29T21:52:20.159-0400] {dag.py:2429} INFO - Sync 1 DAGs
[2022-08-29T21:52:20.187-0400] {logging_mixin.py:115} INFO - [2022-08-29T21:52:20.186-0400] {dag.py:2977} INFO - Setting next_dagrun for example_python_operator to None, run_after=None
[2022-08-29T21:52:20.210-0400] {processor.py:161} INFO - Processing /Users/jl/Documents/Repos/GHC-2022-data-engineering-workshop/venv/lib/python3.8/site-packages/airflow/example_dags/example_python_operator.py took 0.258 seconds
