[2022-08-29T20:00:46.620-0400] {processor.py:153} INFO - Started process (PID=14387) to work on /Users/jl/Documents/Repos/GHC-2022-data-engineering-workshop/venv/lib/python3.8/site-packages/airflow/example_dags/example_xcomargs.py
[2022-08-29T20:00:46.629-0400] {processor.py:640} INFO - Processing file /Users/jl/Documents/Repos/GHC-2022-data-engineering-workshop/venv/lib/python3.8/site-packages/airflow/example_dags/example_xcomargs.py for tasks to queue
[2022-08-29T20:00:46.629-0400] {logging_mixin.py:115} INFO - [2022-08-29T20:00:46.629-0400] {dagbag.py:508} INFO - Filling up the DagBag from /Users/jl/Documents/Repos/GHC-2022-data-engineering-workshop/venv/lib/python3.8/site-packages/airflow/example_dags/example_xcomargs.py
[2022-08-29T20:00:46.672-0400] {processor.py:650} INFO - DAG(s) dict_keys(['example_xcom_args', 'example_xcom_args_with_operators']) retrieved from /Users/jl/Documents/Repos/GHC-2022-data-engineering-workshop/venv/lib/python3.8/site-packages/airflow/example_dags/example_xcomargs.py
[2022-08-29T20:00:47.387-0400] {logging_mixin.py:115} INFO - [2022-08-29T20:00:47.387-0400] {dag.py:2429} INFO - Sync 2 DAGs
[2022-08-29T20:00:47.406-0400] {logging_mixin.py:115} INFO - [2022-08-29T20:00:47.406-0400] {dag.py:2977} INFO - Setting next_dagrun for example_xcom_args to None, run_after=None
[2022-08-29T20:00:47.407-0400] {logging_mixin.py:115} INFO - [2022-08-29T20:00:47.406-0400] {dag.py:2977} INFO - Setting next_dagrun for example_xcom_args_with_operators to None, run_after=None
[2022-08-29T20:00:47.422-0400] {processor.py:161} INFO - Processing /Users/jl/Documents/Repos/GHC-2022-data-engineering-workshop/venv/lib/python3.8/site-packages/airflow/example_dags/example_xcomargs.py took 0.803 seconds
[2022-08-29T20:02:15.735-0400] {processor.py:153} INFO - Started process (PID=14470) to work on /Users/jl/Documents/Repos/GHC-2022-data-engineering-workshop/venv/lib/python3.8/site-packages/airflow/example_dags/example_xcomargs.py
[2022-08-29T20:02:15.743-0400] {processor.py:640} INFO - Processing file /Users/jl/Documents/Repos/GHC-2022-data-engineering-workshop/venv/lib/python3.8/site-packages/airflow/example_dags/example_xcomargs.py for tasks to queue
[2022-08-29T20:02:15.744-0400] {logging_mixin.py:115} INFO - [2022-08-29T20:02:15.744-0400] {dagbag.py:508} INFO - Filling up the DagBag from /Users/jl/Documents/Repos/GHC-2022-data-engineering-workshop/venv/lib/python3.8/site-packages/airflow/example_dags/example_xcomargs.py
[2022-08-29T20:02:15.784-0400] {processor.py:650} INFO - DAG(s) dict_keys(['example_xcom_args', 'example_xcom_args_with_operators']) retrieved from /Users/jl/Documents/Repos/GHC-2022-data-engineering-workshop/venv/lib/python3.8/site-packages/airflow/example_dags/example_xcomargs.py
[2022-08-29T20:02:16.497-0400] {logging_mixin.py:115} INFO - [2022-08-29T20:02:16.496-0400] {dag.py:2429} INFO - Sync 2 DAGs
[2022-08-29T20:02:16.515-0400] {logging_mixin.py:115} INFO - [2022-08-29T20:02:16.515-0400] {dag.py:2977} INFO - Setting next_dagrun for example_xcom_args to None, run_after=None
[2022-08-29T20:02:16.515-0400] {logging_mixin.py:115} INFO - [2022-08-29T20:02:16.515-0400] {dag.py:2977} INFO - Setting next_dagrun for example_xcom_args_with_operators to None, run_after=None
[2022-08-29T20:02:16.535-0400] {processor.py:161} INFO - Processing /Users/jl/Documents/Repos/GHC-2022-data-engineering-workshop/venv/lib/python3.8/site-packages/airflow/example_dags/example_xcomargs.py took 0.801 seconds
[2022-08-29T20:03:39.160-0400] {processor.py:153} INFO - Started process (PID=14551) to work on /Users/jl/Documents/Repos/GHC-2022-data-engineering-workshop/venv/lib/python3.8/site-packages/airflow/example_dags/example_xcomargs.py
[2022-08-29T20:03:39.168-0400] {processor.py:640} INFO - Processing file /Users/jl/Documents/Repos/GHC-2022-data-engineering-workshop/venv/lib/python3.8/site-packages/airflow/example_dags/example_xcomargs.py for tasks to queue
[2022-08-29T20:03:39.169-0400] {logging_mixin.py:115} INFO - [2022-08-29T20:03:39.169-0400] {dagbag.py:508} INFO - Filling up the DagBag from /Users/jl/Documents/Repos/GHC-2022-data-engineering-workshop/venv/lib/python3.8/site-packages/airflow/example_dags/example_xcomargs.py
[2022-08-29T20:03:39.209-0400] {processor.py:650} INFO - DAG(s) dict_keys(['example_xcom_args', 'example_xcom_args_with_operators']) retrieved from /Users/jl/Documents/Repos/GHC-2022-data-engineering-workshop/venv/lib/python3.8/site-packages/airflow/example_dags/example_xcomargs.py
[2022-08-29T20:03:39.929-0400] {logging_mixin.py:115} INFO - [2022-08-29T20:03:39.929-0400] {dag.py:2429} INFO - Sync 2 DAGs
[2022-08-29T20:03:39.947-0400] {logging_mixin.py:115} INFO - [2022-08-29T20:03:39.947-0400] {dag.py:2977} INFO - Setting next_dagrun for example_xcom_args to None, run_after=None
[2022-08-29T20:03:39.948-0400] {logging_mixin.py:115} INFO - [2022-08-29T20:03:39.948-0400] {dag.py:2977} INFO - Setting next_dagrun for example_xcom_args_with_operators to None, run_after=None
[2022-08-29T20:03:39.963-0400] {processor.py:161} INFO - Processing /Users/jl/Documents/Repos/GHC-2022-data-engineering-workshop/venv/lib/python3.8/site-packages/airflow/example_dags/example_xcomargs.py took 0.804 seconds
[2022-08-29T20:05:06.563-0400] {processor.py:153} INFO - Started process (PID=14631) to work on /Users/jl/Documents/Repos/GHC-2022-data-engineering-workshop/venv/lib/python3.8/site-packages/airflow/example_dags/example_xcomargs.py
[2022-08-29T20:05:06.571-0400] {processor.py:640} INFO - Processing file /Users/jl/Documents/Repos/GHC-2022-data-engineering-workshop/venv/lib/python3.8/site-packages/airflow/example_dags/example_xcomargs.py for tasks to queue
[2022-08-29T20:05:06.572-0400] {logging_mixin.py:115} INFO - [2022-08-29T20:05:06.572-0400] {dagbag.py:508} INFO - Filling up the DagBag from /Users/jl/Documents/Repos/GHC-2022-data-engineering-workshop/venv/lib/python3.8/site-packages/airflow/example_dags/example_xcomargs.py
[2022-08-29T20:05:06.612-0400] {processor.py:650} INFO - DAG(s) dict_keys(['example_xcom_args', 'example_xcom_args_with_operators']) retrieved from /Users/jl/Documents/Repos/GHC-2022-data-engineering-workshop/venv/lib/python3.8/site-packages/airflow/example_dags/example_xcomargs.py
[2022-08-29T20:05:07.330-0400] {logging_mixin.py:115} INFO - [2022-08-29T20:05:07.330-0400] {dag.py:2429} INFO - Sync 2 DAGs
[2022-08-29T20:05:07.349-0400] {logging_mixin.py:115} INFO - [2022-08-29T20:05:07.348-0400] {dag.py:2977} INFO - Setting next_dagrun for example_xcom_args to None, run_after=None
[2022-08-29T20:05:07.349-0400] {logging_mixin.py:115} INFO - [2022-08-29T20:05:07.349-0400] {dag.py:2977} INFO - Setting next_dagrun for example_xcom_args_with_operators to None, run_after=None
[2022-08-29T20:05:07.365-0400] {processor.py:161} INFO - Processing /Users/jl/Documents/Repos/GHC-2022-data-engineering-workshop/venv/lib/python3.8/site-packages/airflow/example_dags/example_xcomargs.py took 0.803 seconds
[2022-08-29T20:06:33.818-0400] {processor.py:153} INFO - Started process (PID=14712) to work on /Users/jl/Documents/Repos/GHC-2022-data-engineering-workshop/venv/lib/python3.8/site-packages/airflow/example_dags/example_xcomargs.py
[2022-08-29T20:06:33.826-0400] {processor.py:640} INFO - Processing file /Users/jl/Documents/Repos/GHC-2022-data-engineering-workshop/venv/lib/python3.8/site-packages/airflow/example_dags/example_xcomargs.py for tasks to queue
[2022-08-29T20:06:33.826-0400] {logging_mixin.py:115} INFO - [2022-08-29T20:06:33.826-0400] {dagbag.py:508} INFO - Filling up the DagBag from /Users/jl/Documents/Repos/GHC-2022-data-engineering-workshop/venv/lib/python3.8/site-packages/airflow/example_dags/example_xcomargs.py
[2022-08-29T20:06:33.866-0400] {processor.py:650} INFO - DAG(s) dict_keys(['example_xcom_args', 'example_xcom_args_with_operators']) retrieved from /Users/jl/Documents/Repos/GHC-2022-data-engineering-workshop/venv/lib/python3.8/site-packages/airflow/example_dags/example_xcomargs.py
[2022-08-29T20:06:34.581-0400] {logging_mixin.py:115} INFO - [2022-08-29T20:06:34.580-0400] {dag.py:2429} INFO - Sync 2 DAGs
[2022-08-29T20:06:34.599-0400] {logging_mixin.py:115} INFO - [2022-08-29T20:06:34.599-0400] {dag.py:2977} INFO - Setting next_dagrun for example_xcom_args to None, run_after=None
[2022-08-29T20:06:34.599-0400] {logging_mixin.py:115} INFO - [2022-08-29T20:06:34.599-0400] {dag.py:2977} INFO - Setting next_dagrun for example_xcom_args_with_operators to None, run_after=None
[2022-08-29T20:06:34.615-0400] {processor.py:161} INFO - Processing /Users/jl/Documents/Repos/GHC-2022-data-engineering-workshop/venv/lib/python3.8/site-packages/airflow/example_dags/example_xcomargs.py took 0.799 seconds
[2022-08-29T20:07:59.313-0400] {processor.py:153} INFO - Started process (PID=14794) to work on /Users/jl/Documents/Repos/GHC-2022-data-engineering-workshop/venv/lib/python3.8/site-packages/airflow/example_dags/example_xcomargs.py
[2022-08-29T20:07:59.321-0400] {processor.py:640} INFO - Processing file /Users/jl/Documents/Repos/GHC-2022-data-engineering-workshop/venv/lib/python3.8/site-packages/airflow/example_dags/example_xcomargs.py for tasks to queue
[2022-08-29T20:07:59.321-0400] {logging_mixin.py:115} INFO - [2022-08-29T20:07:59.321-0400] {dagbag.py:508} INFO - Filling up the DagBag from /Users/jl/Documents/Repos/GHC-2022-data-engineering-workshop/venv/lib/python3.8/site-packages/airflow/example_dags/example_xcomargs.py
[2022-08-29T20:07:59.362-0400] {processor.py:650} INFO - DAG(s) dict_keys(['example_xcom_args', 'example_xcom_args_with_operators']) retrieved from /Users/jl/Documents/Repos/GHC-2022-data-engineering-workshop/venv/lib/python3.8/site-packages/airflow/example_dags/example_xcomargs.py
[2022-08-29T20:08:00.077-0400] {logging_mixin.py:115} INFO - [2022-08-29T20:08:00.077-0400] {dag.py:2429} INFO - Sync 2 DAGs
[2022-08-29T20:08:00.096-0400] {logging_mixin.py:115} INFO - [2022-08-29T20:08:00.096-0400] {dag.py:2977} INFO - Setting next_dagrun for example_xcom_args to None, run_after=None
[2022-08-29T20:08:00.097-0400] {logging_mixin.py:115} INFO - [2022-08-29T20:08:00.097-0400] {dag.py:2977} INFO - Setting next_dagrun for example_xcom_args_with_operators to None, run_after=None
[2022-08-29T20:08:00.112-0400] {processor.py:161} INFO - Processing /Users/jl/Documents/Repos/GHC-2022-data-engineering-workshop/venv/lib/python3.8/site-packages/airflow/example_dags/example_xcomargs.py took 0.801 seconds
[2022-08-29T20:09:28.828-0400] {processor.py:153} INFO - Started process (PID=14876) to work on /Users/jl/Documents/Repos/GHC-2022-data-engineering-workshop/venv/lib/python3.8/site-packages/airflow/example_dags/example_xcomargs.py
[2022-08-29T20:09:28.836-0400] {processor.py:640} INFO - Processing file /Users/jl/Documents/Repos/GHC-2022-data-engineering-workshop/venv/lib/python3.8/site-packages/airflow/example_dags/example_xcomargs.py for tasks to queue
[2022-08-29T20:09:28.837-0400] {logging_mixin.py:115} INFO - [2022-08-29T20:09:28.837-0400] {dagbag.py:508} INFO - Filling up the DagBag from /Users/jl/Documents/Repos/GHC-2022-data-engineering-workshop/venv/lib/python3.8/site-packages/airflow/example_dags/example_xcomargs.py
[2022-08-29T20:09:28.877-0400] {processor.py:650} INFO - DAG(s) dict_keys(['example_xcom_args', 'example_xcom_args_with_operators']) retrieved from /Users/jl/Documents/Repos/GHC-2022-data-engineering-workshop/venv/lib/python3.8/site-packages/airflow/example_dags/example_xcomargs.py
[2022-08-29T20:09:29.604-0400] {logging_mixin.py:115} INFO - [2022-08-29T20:09:29.603-0400] {dag.py:2429} INFO - Sync 2 DAGs
[2022-08-29T20:09:29.622-0400] {logging_mixin.py:115} INFO - [2022-08-29T20:09:29.622-0400] {dag.py:2977} INFO - Setting next_dagrun for example_xcom_args to None, run_after=None
[2022-08-29T20:09:29.623-0400] {logging_mixin.py:115} INFO - [2022-08-29T20:09:29.622-0400] {dag.py:2977} INFO - Setting next_dagrun for example_xcom_args_with_operators to None, run_after=None
[2022-08-29T20:09:29.638-0400] {processor.py:161} INFO - Processing /Users/jl/Documents/Repos/GHC-2022-data-engineering-workshop/venv/lib/python3.8/site-packages/airflow/example_dags/example_xcomargs.py took 0.811 seconds
[2022-08-29T20:10:19.416-0400] {processor.py:153} INFO - Started process (PID=14920) to work on /Users/jl/Documents/Repos/GHC-2022-data-engineering-workshop/venv/lib/python3.8/site-packages/airflow/example_dags/example_xcomargs.py
[2022-08-29T20:10:19.426-0400] {processor.py:640} INFO - Processing file /Users/jl/Documents/Repos/GHC-2022-data-engineering-workshop/venv/lib/python3.8/site-packages/airflow/example_dags/example_xcomargs.py for tasks to queue
[2022-08-29T20:10:19.427-0400] {logging_mixin.py:115} INFO - [2022-08-29T20:10:19.427-0400] {dagbag.py:508} INFO - Filling up the DagBag from /Users/jl/Documents/Repos/GHC-2022-data-engineering-workshop/venv/lib/python3.8/site-packages/airflow/example_dags/example_xcomargs.py
[2022-08-29T20:10:19.471-0400] {processor.py:650} INFO - DAG(s) dict_keys(['example_xcom_args', 'example_xcom_args_with_operators']) retrieved from /Users/jl/Documents/Repos/GHC-2022-data-engineering-workshop/venv/lib/python3.8/site-packages/airflow/example_dags/example_xcomargs.py
[2022-08-29T20:10:20.388-0400] {logging_mixin.py:115} INFO - [2022-08-29T20:10:20.388-0400] {dag.py:2429} INFO - Sync 2 DAGs
[2022-08-29T20:10:20.409-0400] {logging_mixin.py:115} INFO - [2022-08-29T20:10:20.409-0400] {dag.py:2977} INFO - Setting next_dagrun for example_xcom_args to None, run_after=None
[2022-08-29T20:10:20.410-0400] {logging_mixin.py:115} INFO - [2022-08-29T20:10:20.409-0400] {dag.py:2977} INFO - Setting next_dagrun for example_xcom_args_with_operators to None, run_after=None
[2022-08-29T20:10:20.429-0400] {processor.py:161} INFO - Processing /Users/jl/Documents/Repos/GHC-2022-data-engineering-workshop/venv/lib/python3.8/site-packages/airflow/example_dags/example_xcomargs.py took 1.014 seconds
[2022-08-29T20:11:07.325-0400] {processor.py:153} INFO - Started process (PID=14964) to work on /Users/jl/Documents/Repos/GHC-2022-data-engineering-workshop/venv/lib/python3.8/site-packages/airflow/example_dags/example_xcomargs.py
[2022-08-29T20:11:07.333-0400] {processor.py:640} INFO - Processing file /Users/jl/Documents/Repos/GHC-2022-data-engineering-workshop/venv/lib/python3.8/site-packages/airflow/example_dags/example_xcomargs.py for tasks to queue
[2022-08-29T20:11:07.334-0400] {logging_mixin.py:115} INFO - [2022-08-29T20:11:07.334-0400] {dagbag.py:508} INFO - Filling up the DagBag from /Users/jl/Documents/Repos/GHC-2022-data-engineering-workshop/venv/lib/python3.8/site-packages/airflow/example_dags/example_xcomargs.py
[2022-08-29T20:11:07.375-0400] {processor.py:650} INFO - DAG(s) dict_keys(['example_xcom_args', 'example_xcom_args_with_operators']) retrieved from /Users/jl/Documents/Repos/GHC-2022-data-engineering-workshop/venv/lib/python3.8/site-packages/airflow/example_dags/example_xcomargs.py
[2022-08-29T20:11:08.098-0400] {logging_mixin.py:115} INFO - [2022-08-29T20:11:08.098-0400] {dag.py:2429} INFO - Sync 2 DAGs
[2022-08-29T20:11:08.117-0400] {logging_mixin.py:115} INFO - [2022-08-29T20:11:08.117-0400] {dag.py:2977} INFO - Setting next_dagrun for example_xcom_args to None, run_after=None
[2022-08-29T20:11:08.117-0400] {logging_mixin.py:115} INFO - [2022-08-29T20:11:08.117-0400] {dag.py:2977} INFO - Setting next_dagrun for example_xcom_args_with_operators to None, run_after=None
[2022-08-29T20:11:08.134-0400] {processor.py:161} INFO - Processing /Users/jl/Documents/Repos/GHC-2022-data-engineering-workshop/venv/lib/python3.8/site-packages/airflow/example_dags/example_xcomargs.py took 0.810 seconds
[2022-08-29T20:12:37.729-0400] {processor.py:153} INFO - Started process (PID=15051) to work on /Users/jl/Documents/Repos/GHC-2022-data-engineering-workshop/venv/lib/python3.8/site-packages/airflow/example_dags/example_xcomargs.py
[2022-08-29T20:12:37.738-0400] {processor.py:640} INFO - Processing file /Users/jl/Documents/Repos/GHC-2022-data-engineering-workshop/venv/lib/python3.8/site-packages/airflow/example_dags/example_xcomargs.py for tasks to queue
[2022-08-29T20:12:37.739-0400] {logging_mixin.py:115} INFO - [2022-08-29T20:12:37.739-0400] {dagbag.py:508} INFO - Filling up the DagBag from /Users/jl/Documents/Repos/GHC-2022-data-engineering-workshop/venv/lib/python3.8/site-packages/airflow/example_dags/example_xcomargs.py
[2022-08-29T20:12:37.780-0400] {processor.py:650} INFO - DAG(s) dict_keys(['example_xcom_args', 'example_xcom_args_with_operators']) retrieved from /Users/jl/Documents/Repos/GHC-2022-data-engineering-workshop/venv/lib/python3.8/site-packages/airflow/example_dags/example_xcomargs.py
[2022-08-29T20:12:38.502-0400] {logging_mixin.py:115} INFO - [2022-08-29T20:12:38.502-0400] {dag.py:2429} INFO - Sync 2 DAGs
[2022-08-29T20:12:38.520-0400] {logging_mixin.py:115} INFO - [2022-08-29T20:12:38.520-0400] {dag.py:2977} INFO - Setting next_dagrun for example_xcom_args to None, run_after=None
[2022-08-29T20:12:38.520-0400] {logging_mixin.py:115} INFO - [2022-08-29T20:12:38.520-0400] {dag.py:2977} INFO - Setting next_dagrun for example_xcom_args_with_operators to None, run_after=None
[2022-08-29T20:12:38.537-0400] {processor.py:161} INFO - Processing /Users/jl/Documents/Repos/GHC-2022-data-engineering-workshop/venv/lib/python3.8/site-packages/airflow/example_dags/example_xcomargs.py took 0.808 seconds
[2022-08-29T20:14:06.166-0400] {processor.py:153} INFO - Started process (PID=15132) to work on /Users/jl/Documents/Repos/GHC-2022-data-engineering-workshop/venv/lib/python3.8/site-packages/airflow/example_dags/example_xcomargs.py
[2022-08-29T20:14:06.175-0400] {processor.py:640} INFO - Processing file /Users/jl/Documents/Repos/GHC-2022-data-engineering-workshop/venv/lib/python3.8/site-packages/airflow/example_dags/example_xcomargs.py for tasks to queue
[2022-08-29T20:14:06.175-0400] {logging_mixin.py:115} INFO - [2022-08-29T20:14:06.175-0400] {dagbag.py:508} INFO - Filling up the DagBag from /Users/jl/Documents/Repos/GHC-2022-data-engineering-workshop/venv/lib/python3.8/site-packages/airflow/example_dags/example_xcomargs.py
[2022-08-29T20:14:06.216-0400] {processor.py:650} INFO - DAG(s) dict_keys(['example_xcom_args', 'example_xcom_args_with_operators']) retrieved from /Users/jl/Documents/Repos/GHC-2022-data-engineering-workshop/venv/lib/python3.8/site-packages/airflow/example_dags/example_xcomargs.py
[2022-08-29T20:14:06.947-0400] {logging_mixin.py:115} INFO - [2022-08-29T20:14:06.947-0400] {dag.py:2429} INFO - Sync 2 DAGs
[2022-08-29T20:14:06.966-0400] {logging_mixin.py:115} INFO - [2022-08-29T20:14:06.966-0400] {dag.py:2977} INFO - Setting next_dagrun for example_xcom_args to None, run_after=None
[2022-08-29T20:14:06.966-0400] {logging_mixin.py:115} INFO - [2022-08-29T20:14:06.966-0400] {dag.py:2977} INFO - Setting next_dagrun for example_xcom_args_with_operators to None, run_after=None
[2022-08-29T20:14:06.983-0400] {processor.py:161} INFO - Processing /Users/jl/Documents/Repos/GHC-2022-data-engineering-workshop/venv/lib/python3.8/site-packages/airflow/example_dags/example_xcomargs.py took 0.818 seconds
[2022-08-29T20:15:41.475-0400] {processor.py:153} INFO - Started process (PID=15248) to work on /Users/jl/Documents/Repos/GHC-2022-data-engineering-workshop/venv/lib/python3.8/site-packages/airflow/example_dags/example_xcomargs.py
[2022-08-29T20:15:41.483-0400] {processor.py:640} INFO - Processing file /Users/jl/Documents/Repos/GHC-2022-data-engineering-workshop/venv/lib/python3.8/site-packages/airflow/example_dags/example_xcomargs.py for tasks to queue
[2022-08-29T20:15:41.484-0400] {logging_mixin.py:115} INFO - [2022-08-29T20:15:41.484-0400] {dagbag.py:508} INFO - Filling up the DagBag from /Users/jl/Documents/Repos/GHC-2022-data-engineering-workshop/venv/lib/python3.8/site-packages/airflow/example_dags/example_xcomargs.py
[2022-08-29T20:15:41.523-0400] {processor.py:650} INFO - DAG(s) dict_keys(['example_xcom_args', 'example_xcom_args_with_operators']) retrieved from /Users/jl/Documents/Repos/GHC-2022-data-engineering-workshop/venv/lib/python3.8/site-packages/airflow/example_dags/example_xcomargs.py
[2022-08-29T20:15:42.247-0400] {logging_mixin.py:115} INFO - [2022-08-29T20:15:42.247-0400] {dag.py:2429} INFO - Sync 2 DAGs
[2022-08-29T20:15:42.266-0400] {logging_mixin.py:115} INFO - [2022-08-29T20:15:42.266-0400] {dag.py:2977} INFO - Setting next_dagrun for example_xcom_args to None, run_after=None
[2022-08-29T20:15:42.266-0400] {logging_mixin.py:115} INFO - [2022-08-29T20:15:42.266-0400] {dag.py:2977} INFO - Setting next_dagrun for example_xcom_args_with_operators to None, run_after=None
[2022-08-29T20:15:42.282-0400] {processor.py:161} INFO - Processing /Users/jl/Documents/Repos/GHC-2022-data-engineering-workshop/venv/lib/python3.8/site-packages/airflow/example_dags/example_xcomargs.py took 0.808 seconds
[2022-08-29T20:16:36.299-0400] {processor.py:153} INFO - Started process (PID=15294) to work on /Users/jl/Documents/Repos/GHC-2022-data-engineering-workshop/venv/lib/python3.8/site-packages/airflow/example_dags/example_xcomargs.py
[2022-08-29T20:16:36.309-0400] {processor.py:640} INFO - Processing file /Users/jl/Documents/Repos/GHC-2022-data-engineering-workshop/venv/lib/python3.8/site-packages/airflow/example_dags/example_xcomargs.py for tasks to queue
[2022-08-29T20:16:36.309-0400] {logging_mixin.py:115} INFO - [2022-08-29T20:16:36.309-0400] {dagbag.py:508} INFO - Filling up the DagBag from /Users/jl/Documents/Repos/GHC-2022-data-engineering-workshop/venv/lib/python3.8/site-packages/airflow/example_dags/example_xcomargs.py
[2022-08-29T20:16:36.357-0400] {processor.py:650} INFO - DAG(s) dict_keys(['example_xcom_args', 'example_xcom_args_with_operators']) retrieved from /Users/jl/Documents/Repos/GHC-2022-data-engineering-workshop/venv/lib/python3.8/site-packages/airflow/example_dags/example_xcomargs.py
[2022-08-29T20:16:37.378-0400] {logging_mixin.py:115} INFO - [2022-08-29T20:16:37.377-0400] {dag.py:2429} INFO - Sync 2 DAGs
[2022-08-29T20:16:37.398-0400] {logging_mixin.py:115} INFO - [2022-08-29T20:16:37.398-0400] {dag.py:2977} INFO - Setting next_dagrun for example_xcom_args to None, run_after=None
[2022-08-29T20:16:37.399-0400] {logging_mixin.py:115} INFO - [2022-08-29T20:16:37.399-0400] {dag.py:2977} INFO - Setting next_dagrun for example_xcom_args_with_operators to None, run_after=None
[2022-08-29T20:16:37.416-0400] {processor.py:161} INFO - Processing /Users/jl/Documents/Repos/GHC-2022-data-engineering-workshop/venv/lib/python3.8/site-packages/airflow/example_dags/example_xcomargs.py took 1.119 seconds
[2022-08-29T20:17:30.700-0400] {processor.py:153} INFO - Started process (PID=15349) to work on /Users/jl/Documents/Repos/GHC-2022-data-engineering-workshop/venv/lib/python3.8/site-packages/airflow/example_dags/example_xcomargs.py
[2022-08-29T20:17:30.709-0400] {processor.py:640} INFO - Processing file /Users/jl/Documents/Repos/GHC-2022-data-engineering-workshop/venv/lib/python3.8/site-packages/airflow/example_dags/example_xcomargs.py for tasks to queue
[2022-08-29T20:17:30.710-0400] {logging_mixin.py:115} INFO - [2022-08-29T20:17:30.710-0400] {dagbag.py:508} INFO - Filling up the DagBag from /Users/jl/Documents/Repos/GHC-2022-data-engineering-workshop/venv/lib/python3.8/site-packages/airflow/example_dags/example_xcomargs.py
[2022-08-29T20:17:30.757-0400] {processor.py:650} INFO - DAG(s) dict_keys(['example_xcom_args', 'example_xcom_args_with_operators']) retrieved from /Users/jl/Documents/Repos/GHC-2022-data-engineering-workshop/venv/lib/python3.8/site-packages/airflow/example_dags/example_xcomargs.py
[2022-08-29T20:17:31.571-0400] {logging_mixin.py:115} INFO - [2022-08-29T20:17:31.570-0400] {dag.py:2429} INFO - Sync 2 DAGs
[2022-08-29T20:17:31.593-0400] {logging_mixin.py:115} INFO - [2022-08-29T20:17:31.592-0400] {dag.py:2977} INFO - Setting next_dagrun for example_xcom_args to None, run_after=None
[2022-08-29T20:17:31.593-0400] {logging_mixin.py:115} INFO - [2022-08-29T20:17:31.593-0400] {dag.py:2977} INFO - Setting next_dagrun for example_xcom_args_with_operators to None, run_after=None
[2022-08-29T20:17:31.611-0400] {processor.py:161} INFO - Processing /Users/jl/Documents/Repos/GHC-2022-data-engineering-workshop/venv/lib/python3.8/site-packages/airflow/example_dags/example_xcomargs.py took 0.914 seconds
[2022-08-29T20:18:28.660-0400] {processor.py:153} INFO - Started process (PID=15414) to work on /Users/jl/Documents/Repos/GHC-2022-data-engineering-workshop/venv/lib/python3.8/site-packages/airflow/example_dags/example_xcomargs.py
[2022-08-29T20:18:28.668-0400] {processor.py:640} INFO - Processing file /Users/jl/Documents/Repos/GHC-2022-data-engineering-workshop/venv/lib/python3.8/site-packages/airflow/example_dags/example_xcomargs.py for tasks to queue
[2022-08-29T20:18:28.669-0400] {logging_mixin.py:115} INFO - [2022-08-29T20:18:28.669-0400] {dagbag.py:508} INFO - Filling up the DagBag from /Users/jl/Documents/Repos/GHC-2022-data-engineering-workshop/venv/lib/python3.8/site-packages/airflow/example_dags/example_xcomargs.py
[2022-08-29T20:18:28.709-0400] {processor.py:650} INFO - DAG(s) dict_keys(['example_xcom_args', 'example_xcom_args_with_operators']) retrieved from /Users/jl/Documents/Repos/GHC-2022-data-engineering-workshop/venv/lib/python3.8/site-packages/airflow/example_dags/example_xcomargs.py
[2022-08-29T20:18:29.422-0400] {logging_mixin.py:115} INFO - [2022-08-29T20:18:29.421-0400] {dag.py:2429} INFO - Sync 2 DAGs
[2022-08-29T20:18:29.440-0400] {logging_mixin.py:115} INFO - [2022-08-29T20:18:29.440-0400] {dag.py:2977} INFO - Setting next_dagrun for example_xcom_args to None, run_after=None
[2022-08-29T20:18:29.440-0400] {logging_mixin.py:115} INFO - [2022-08-29T20:18:29.440-0400] {dag.py:2977} INFO - Setting next_dagrun for example_xcom_args_with_operators to None, run_after=None
[2022-08-29T20:18:29.456-0400] {processor.py:161} INFO - Processing /Users/jl/Documents/Repos/GHC-2022-data-engineering-workshop/venv/lib/python3.8/site-packages/airflow/example_dags/example_xcomargs.py took 0.797 seconds
[2022-08-29T20:19:24.664-0400] {processor.py:153} INFO - Started process (PID=15477) to work on /Users/jl/Documents/Repos/GHC-2022-data-engineering-workshop/venv/lib/python3.8/site-packages/airflow/example_dags/example_xcomargs.py
[2022-08-29T20:19:24.674-0400] {processor.py:640} INFO - Processing file /Users/jl/Documents/Repos/GHC-2022-data-engineering-workshop/venv/lib/python3.8/site-packages/airflow/example_dags/example_xcomargs.py for tasks to queue
[2022-08-29T20:19:24.675-0400] {logging_mixin.py:115} INFO - [2022-08-29T20:19:24.675-0400] {dagbag.py:508} INFO - Filling up the DagBag from /Users/jl/Documents/Repos/GHC-2022-data-engineering-workshop/venv/lib/python3.8/site-packages/airflow/example_dags/example_xcomargs.py
[2022-08-29T20:19:24.715-0400] {processor.py:650} INFO - DAG(s) dict_keys(['example_xcom_args', 'example_xcom_args_with_operators']) retrieved from /Users/jl/Documents/Repos/GHC-2022-data-engineering-workshop/venv/lib/python3.8/site-packages/airflow/example_dags/example_xcomargs.py
[2022-08-29T20:19:25.618-0400] {logging_mixin.py:115} INFO - [2022-08-29T20:19:25.617-0400] {dag.py:2429} INFO - Sync 2 DAGs
[2022-08-29T20:19:25.645-0400] {logging_mixin.py:115} INFO - [2022-08-29T20:19:25.645-0400] {dag.py:2977} INFO - Setting next_dagrun for example_xcom_args to None, run_after=None
[2022-08-29T20:19:25.645-0400] {logging_mixin.py:115} INFO - [2022-08-29T20:19:25.645-0400] {dag.py:2977} INFO - Setting next_dagrun for example_xcom_args_with_operators to None, run_after=None
[2022-08-29T20:19:25.667-0400] {processor.py:161} INFO - Processing /Users/jl/Documents/Repos/GHC-2022-data-engineering-workshop/venv/lib/python3.8/site-packages/airflow/example_dags/example_xcomargs.py took 1.004 seconds
[2022-08-29T20:20:15.085-0400] {processor.py:153} INFO - Started process (PID=15521) to work on /Users/jl/Documents/Repos/GHC-2022-data-engineering-workshop/venv/lib/python3.8/site-packages/airflow/example_dags/example_xcomargs.py
[2022-08-29T20:20:15.093-0400] {processor.py:640} INFO - Processing file /Users/jl/Documents/Repos/GHC-2022-data-engineering-workshop/venv/lib/python3.8/site-packages/airflow/example_dags/example_xcomargs.py for tasks to queue
[2022-08-29T20:20:15.094-0400] {logging_mixin.py:115} INFO - [2022-08-29T20:20:15.093-0400] {dagbag.py:508} INFO - Filling up the DagBag from /Users/jl/Documents/Repos/GHC-2022-data-engineering-workshop/venv/lib/python3.8/site-packages/airflow/example_dags/example_xcomargs.py
[2022-08-29T20:20:15.133-0400] {processor.py:650} INFO - DAG(s) dict_keys(['example_xcom_args', 'example_xcom_args_with_operators']) retrieved from /Users/jl/Documents/Repos/GHC-2022-data-engineering-workshop/venv/lib/python3.8/site-packages/airflow/example_dags/example_xcomargs.py
[2022-08-29T20:20:15.848-0400] {logging_mixin.py:115} INFO - [2022-08-29T20:20:15.848-0400] {dag.py:2429} INFO - Sync 2 DAGs
[2022-08-29T20:20:15.867-0400] {logging_mixin.py:115} INFO - [2022-08-29T20:20:15.867-0400] {dag.py:2977} INFO - Setting next_dagrun for example_xcom_args to None, run_after=None
[2022-08-29T20:20:15.867-0400] {logging_mixin.py:115} INFO - [2022-08-29T20:20:15.867-0400] {dag.py:2977} INFO - Setting next_dagrun for example_xcom_args_with_operators to None, run_after=None
[2022-08-29T20:20:15.883-0400] {processor.py:161} INFO - Processing /Users/jl/Documents/Repos/GHC-2022-data-engineering-workshop/venv/lib/python3.8/site-packages/airflow/example_dags/example_xcomargs.py took 0.800 seconds
[2022-08-29T20:21:02.718-0400] {processor.py:153} INFO - Started process (PID=15561) to work on /Users/jl/Documents/Repos/GHC-2022-data-engineering-workshop/venv/lib/python3.8/site-packages/airflow/example_dags/example_xcomargs.py
[2022-08-29T20:21:02.726-0400] {processor.py:640} INFO - Processing file /Users/jl/Documents/Repos/GHC-2022-data-engineering-workshop/venv/lib/python3.8/site-packages/airflow/example_dags/example_xcomargs.py for tasks to queue
[2022-08-29T20:21:02.726-0400] {logging_mixin.py:115} INFO - [2022-08-29T20:21:02.726-0400] {dagbag.py:508} INFO - Filling up the DagBag from /Users/jl/Documents/Repos/GHC-2022-data-engineering-workshop/venv/lib/python3.8/site-packages/airflow/example_dags/example_xcomargs.py
[2022-08-29T20:21:02.766-0400] {processor.py:650} INFO - DAG(s) dict_keys(['example_xcom_args', 'example_xcom_args_with_operators']) retrieved from /Users/jl/Documents/Repos/GHC-2022-data-engineering-workshop/venv/lib/python3.8/site-packages/airflow/example_dags/example_xcomargs.py
[2022-08-29T20:21:03.483-0400] {logging_mixin.py:115} INFO - [2022-08-29T20:21:03.482-0400] {dag.py:2429} INFO - Sync 2 DAGs
[2022-08-29T20:21:03.501-0400] {logging_mixin.py:115} INFO - [2022-08-29T20:21:03.500-0400] {dag.py:2977} INFO - Setting next_dagrun for example_xcom_args to None, run_after=None
[2022-08-29T20:21:03.501-0400] {logging_mixin.py:115} INFO - [2022-08-29T20:21:03.501-0400] {dag.py:2977} INFO - Setting next_dagrun for example_xcom_args_with_operators to None, run_after=None
[2022-08-29T20:21:03.518-0400] {processor.py:161} INFO - Processing /Users/jl/Documents/Repos/GHC-2022-data-engineering-workshop/venv/lib/python3.8/site-packages/airflow/example_dags/example_xcomargs.py took 0.801 seconds
[2022-08-29T20:22:28.082-0400] {processor.py:153} INFO - Started process (PID=15642) to work on /Users/jl/Documents/Repos/GHC-2022-data-engineering-workshop/venv/lib/python3.8/site-packages/airflow/example_dags/example_xcomargs.py
[2022-08-29T20:22:28.090-0400] {processor.py:640} INFO - Processing file /Users/jl/Documents/Repos/GHC-2022-data-engineering-workshop/venv/lib/python3.8/site-packages/airflow/example_dags/example_xcomargs.py for tasks to queue
[2022-08-29T20:22:28.091-0400] {logging_mixin.py:115} INFO - [2022-08-29T20:22:28.091-0400] {dagbag.py:508} INFO - Filling up the DagBag from /Users/jl/Documents/Repos/GHC-2022-data-engineering-workshop/venv/lib/python3.8/site-packages/airflow/example_dags/example_xcomargs.py
[2022-08-29T20:22:28.131-0400] {processor.py:650} INFO - DAG(s) dict_keys(['example_xcom_args', 'example_xcom_args_with_operators']) retrieved from /Users/jl/Documents/Repos/GHC-2022-data-engineering-workshop/venv/lib/python3.8/site-packages/airflow/example_dags/example_xcomargs.py
[2022-08-29T20:22:28.847-0400] {logging_mixin.py:115} INFO - [2022-08-29T20:22:28.847-0400] {dag.py:2429} INFO - Sync 2 DAGs
[2022-08-29T20:22:28.865-0400] {logging_mixin.py:115} INFO - [2022-08-29T20:22:28.865-0400] {dag.py:2977} INFO - Setting next_dagrun for example_xcom_args to None, run_after=None
[2022-08-29T20:22:28.866-0400] {logging_mixin.py:115} INFO - [2022-08-29T20:22:28.866-0400] {dag.py:2977} INFO - Setting next_dagrun for example_xcom_args_with_operators to None, run_after=None
[2022-08-29T20:22:28.881-0400] {processor.py:161} INFO - Processing /Users/jl/Documents/Repos/GHC-2022-data-engineering-workshop/venv/lib/python3.8/site-packages/airflow/example_dags/example_xcomargs.py took 0.800 seconds
[2022-08-29T20:23:55.542-0400] {processor.py:153} INFO - Started process (PID=15725) to work on /Users/jl/Documents/Repos/GHC-2022-data-engineering-workshop/venv/lib/python3.8/site-packages/airflow/example_dags/example_xcomargs.py
[2022-08-29T20:23:55.550-0400] {processor.py:640} INFO - Processing file /Users/jl/Documents/Repos/GHC-2022-data-engineering-workshop/venv/lib/python3.8/site-packages/airflow/example_dags/example_xcomargs.py for tasks to queue
[2022-08-29T20:23:55.551-0400] {logging_mixin.py:115} INFO - [2022-08-29T20:23:55.551-0400] {dagbag.py:508} INFO - Filling up the DagBag from /Users/jl/Documents/Repos/GHC-2022-data-engineering-workshop/venv/lib/python3.8/site-packages/airflow/example_dags/example_xcomargs.py
[2022-08-29T20:23:55.591-0400] {processor.py:650} INFO - DAG(s) dict_keys(['example_xcom_args', 'example_xcom_args_with_operators']) retrieved from /Users/jl/Documents/Repos/GHC-2022-data-engineering-workshop/venv/lib/python3.8/site-packages/airflow/example_dags/example_xcomargs.py
[2022-08-29T20:23:56.306-0400] {logging_mixin.py:115} INFO - [2022-08-29T20:23:56.305-0400] {dag.py:2429} INFO - Sync 2 DAGs
[2022-08-29T20:23:56.324-0400] {logging_mixin.py:115} INFO - [2022-08-29T20:23:56.324-0400] {dag.py:2977} INFO - Setting next_dagrun for example_xcom_args to None, run_after=None
[2022-08-29T20:23:56.325-0400] {logging_mixin.py:115} INFO - [2022-08-29T20:23:56.324-0400] {dag.py:2977} INFO - Setting next_dagrun for example_xcom_args_with_operators to None, run_after=None
[2022-08-29T20:23:56.340-0400] {processor.py:161} INFO - Processing /Users/jl/Documents/Repos/GHC-2022-data-engineering-workshop/venv/lib/python3.8/site-packages/airflow/example_dags/example_xcomargs.py took 0.799 seconds
[2022-08-29T20:25:28.267-0400] {processor.py:153} INFO - Started process (PID=15809) to work on /Users/jl/Documents/Repos/GHC-2022-data-engineering-workshop/venv/lib/python3.8/site-packages/airflow/example_dags/example_xcomargs.py
[2022-08-29T20:25:28.277-0400] {processor.py:640} INFO - Processing file /Users/jl/Documents/Repos/GHC-2022-data-engineering-workshop/venv/lib/python3.8/site-packages/airflow/example_dags/example_xcomargs.py for tasks to queue
[2022-08-29T20:25:28.278-0400] {logging_mixin.py:115} INFO - [2022-08-29T20:25:28.278-0400] {dagbag.py:508} INFO - Filling up the DagBag from /Users/jl/Documents/Repos/GHC-2022-data-engineering-workshop/venv/lib/python3.8/site-packages/airflow/example_dags/example_xcomargs.py
[2022-08-29T20:25:28.324-0400] {processor.py:650} INFO - DAG(s) dict_keys(['example_xcom_args', 'example_xcom_args_with_operators']) retrieved from /Users/jl/Documents/Repos/GHC-2022-data-engineering-workshop/venv/lib/python3.8/site-packages/airflow/example_dags/example_xcomargs.py
[2022-08-29T20:25:29.357-0400] {logging_mixin.py:115} INFO - [2022-08-29T20:25:29.356-0400] {dag.py:2429} INFO - Sync 2 DAGs
[2022-08-29T20:25:29.375-0400] {logging_mixin.py:115} INFO - [2022-08-29T20:25:29.375-0400] {dag.py:2977} INFO - Setting next_dagrun for example_xcom_args to None, run_after=None
[2022-08-29T20:25:29.376-0400] {logging_mixin.py:115} INFO - [2022-08-29T20:25:29.376-0400] {dag.py:2977} INFO - Setting next_dagrun for example_xcom_args_with_operators to None, run_after=None
[2022-08-29T20:25:29.393-0400] {processor.py:161} INFO - Processing /Users/jl/Documents/Repos/GHC-2022-data-engineering-workshop/venv/lib/python3.8/site-packages/airflow/example_dags/example_xcomargs.py took 1.128 seconds
[2022-08-29T20:26:31.788-0400] {processor.py:153} INFO - Started process (PID=15874) to work on /Users/jl/Documents/Repos/GHC-2022-data-engineering-workshop/venv/lib/python3.8/site-packages/airflow/example_dags/example_xcomargs.py
[2022-08-29T20:26:31.798-0400] {processor.py:640} INFO - Processing file /Users/jl/Documents/Repos/GHC-2022-data-engineering-workshop/venv/lib/python3.8/site-packages/airflow/example_dags/example_xcomargs.py for tasks to queue
[2022-08-29T20:26:31.799-0400] {logging_mixin.py:115} INFO - [2022-08-29T20:26:31.798-0400] {dagbag.py:508} INFO - Filling up the DagBag from /Users/jl/Documents/Repos/GHC-2022-data-engineering-workshop/venv/lib/python3.8/site-packages/airflow/example_dags/example_xcomargs.py
[2022-08-29T20:26:31.846-0400] {processor.py:650} INFO - DAG(s) dict_keys(['example_xcom_args', 'example_xcom_args_with_operators']) retrieved from /Users/jl/Documents/Repos/GHC-2022-data-engineering-workshop/venv/lib/python3.8/site-packages/airflow/example_dags/example_xcomargs.py
[2022-08-29T20:26:32.657-0400] {logging_mixin.py:115} INFO - [2022-08-29T20:26:32.656-0400] {dag.py:2429} INFO - Sync 2 DAGs
[2022-08-29T20:26:32.684-0400] {logging_mixin.py:115} INFO - [2022-08-29T20:26:32.684-0400] {dag.py:2977} INFO - Setting next_dagrun for example_xcom_args to None, run_after=None
[2022-08-29T20:26:32.685-0400] {logging_mixin.py:115} INFO - [2022-08-29T20:26:32.685-0400] {dag.py:2977} INFO - Setting next_dagrun for example_xcom_args_with_operators to None, run_after=None
[2022-08-29T20:26:32.703-0400] {processor.py:161} INFO - Processing /Users/jl/Documents/Repos/GHC-2022-data-engineering-workshop/venv/lib/python3.8/site-packages/airflow/example_dags/example_xcomargs.py took 0.916 seconds
[2022-08-29T20:27:38.798-0400] {processor.py:153} INFO - Started process (PID=15937) to work on /Users/jl/Documents/Repos/GHC-2022-data-engineering-workshop/venv/lib/python3.8/site-packages/airflow/example_dags/example_xcomargs.py
[2022-08-29T20:27:38.808-0400] {processor.py:640} INFO - Processing file /Users/jl/Documents/Repos/GHC-2022-data-engineering-workshop/venv/lib/python3.8/site-packages/airflow/example_dags/example_xcomargs.py for tasks to queue
[2022-08-29T20:27:38.808-0400] {logging_mixin.py:115} INFO - [2022-08-29T20:27:38.808-0400] {dagbag.py:508} INFO - Filling up the DagBag from /Users/jl/Documents/Repos/GHC-2022-data-engineering-workshop/venv/lib/python3.8/site-packages/airflow/example_dags/example_xcomargs.py
[2022-08-29T20:27:38.872-0400] {processor.py:650} INFO - DAG(s) dict_keys(['example_xcom_args', 'example_xcom_args_with_operators']) retrieved from /Users/jl/Documents/Repos/GHC-2022-data-engineering-workshop/venv/lib/python3.8/site-packages/airflow/example_dags/example_xcomargs.py
[2022-08-29T20:27:39.783-0400] {logging_mixin.py:115} INFO - [2022-08-29T20:27:39.783-0400] {dag.py:2429} INFO - Sync 2 DAGs
[2022-08-29T20:27:39.940-0400] {logging_mixin.py:115} INFO - [2022-08-29T20:27:39.939-0400] {dag.py:2977} INFO - Setting next_dagrun for example_xcom_args to None, run_after=None
[2022-08-29T20:27:39.940-0400] {logging_mixin.py:115} INFO - [2022-08-29T20:27:39.940-0400] {dag.py:2977} INFO - Setting next_dagrun for example_xcom_args_with_operators to None, run_after=None
[2022-08-29T20:27:39.965-0400] {processor.py:161} INFO - Processing /Users/jl/Documents/Repos/GHC-2022-data-engineering-workshop/venv/lib/python3.8/site-packages/airflow/example_dags/example_xcomargs.py took 1.169 seconds
[2022-08-29T20:28:27.858-0400] {processor.py:153} INFO - Started process (PID=15981) to work on /Users/jl/Documents/Repos/GHC-2022-data-engineering-workshop/venv/lib/python3.8/site-packages/airflow/example_dags/example_xcomargs.py
[2022-08-29T20:28:27.866-0400] {processor.py:640} INFO - Processing file /Users/jl/Documents/Repos/GHC-2022-data-engineering-workshop/venv/lib/python3.8/site-packages/airflow/example_dags/example_xcomargs.py for tasks to queue
[2022-08-29T20:28:27.866-0400] {logging_mixin.py:115} INFO - [2022-08-29T20:28:27.866-0400] {dagbag.py:508} INFO - Filling up the DagBag from /Users/jl/Documents/Repos/GHC-2022-data-engineering-workshop/venv/lib/python3.8/site-packages/airflow/example_dags/example_xcomargs.py
[2022-08-29T20:28:27.906-0400] {processor.py:650} INFO - DAG(s) dict_keys(['example_xcom_args', 'example_xcom_args_with_operators']) retrieved from /Users/jl/Documents/Repos/GHC-2022-data-engineering-workshop/venv/lib/python3.8/site-packages/airflow/example_dags/example_xcomargs.py
[2022-08-29T20:28:28.631-0400] {logging_mixin.py:115} INFO - [2022-08-29T20:28:28.630-0400] {dag.py:2429} INFO - Sync 2 DAGs
[2022-08-29T20:28:28.649-0400] {logging_mixin.py:115} INFO - [2022-08-29T20:28:28.649-0400] {dag.py:2977} INFO - Setting next_dagrun for example_xcom_args to None, run_after=None
[2022-08-29T20:28:28.649-0400] {logging_mixin.py:115} INFO - [2022-08-29T20:28:28.649-0400] {dag.py:2977} INFO - Setting next_dagrun for example_xcom_args_with_operators to None, run_after=None
[2022-08-29T20:28:28.665-0400] {processor.py:161} INFO - Processing /Users/jl/Documents/Repos/GHC-2022-data-engineering-workshop/venv/lib/python3.8/site-packages/airflow/example_dags/example_xcomargs.py took 0.808 seconds
[2022-08-29T20:29:14.700-0400] {processor.py:153} INFO - Started process (PID=16021) to work on /Users/jl/Documents/Repos/GHC-2022-data-engineering-workshop/venv/lib/python3.8/site-packages/airflow/example_dags/example_xcomargs.py
[2022-08-29T20:29:14.709-0400] {processor.py:640} INFO - Processing file /Users/jl/Documents/Repos/GHC-2022-data-engineering-workshop/venv/lib/python3.8/site-packages/airflow/example_dags/example_xcomargs.py for tasks to queue
[2022-08-29T20:29:14.709-0400] {logging_mixin.py:115} INFO - [2022-08-29T20:29:14.709-0400] {dagbag.py:508} INFO - Filling up the DagBag from /Users/jl/Documents/Repos/GHC-2022-data-engineering-workshop/venv/lib/python3.8/site-packages/airflow/example_dags/example_xcomargs.py
[2022-08-29T20:29:14.751-0400] {processor.py:650} INFO - DAG(s) dict_keys(['example_xcom_args', 'example_xcom_args_with_operators']) retrieved from /Users/jl/Documents/Repos/GHC-2022-data-engineering-workshop/venv/lib/python3.8/site-packages/airflow/example_dags/example_xcomargs.py
[2022-08-29T20:29:15.477-0400] {logging_mixin.py:115} INFO - [2022-08-29T20:29:15.477-0400] {dag.py:2429} INFO - Sync 2 DAGs
[2022-08-29T20:29:15.498-0400] {logging_mixin.py:115} INFO - [2022-08-29T20:29:15.498-0400] {dag.py:2977} INFO - Setting next_dagrun for example_xcom_args to None, run_after=None
[2022-08-29T20:29:15.498-0400] {logging_mixin.py:115} INFO - [2022-08-29T20:29:15.498-0400] {dag.py:2977} INFO - Setting next_dagrun for example_xcom_args_with_operators to None, run_after=None
[2022-08-29T20:29:15.514-0400] {processor.py:161} INFO - Processing /Users/jl/Documents/Repos/GHC-2022-data-engineering-workshop/venv/lib/python3.8/site-packages/airflow/example_dags/example_xcomargs.py took 0.816 seconds
[2022-08-29T20:30:12.361-0400] {processor.py:153} INFO - Started process (PID=16082) to work on /Users/jl/Documents/Repos/GHC-2022-data-engineering-workshop/venv/lib/python3.8/site-packages/airflow/example_dags/example_xcomargs.py
[2022-08-29T20:30:12.375-0400] {processor.py:640} INFO - Processing file /Users/jl/Documents/Repos/GHC-2022-data-engineering-workshop/venv/lib/python3.8/site-packages/airflow/example_dags/example_xcomargs.py for tasks to queue
[2022-08-29T20:30:12.376-0400] {logging_mixin.py:115} INFO - [2022-08-29T20:30:12.376-0400] {dagbag.py:508} INFO - Filling up the DagBag from /Users/jl/Documents/Repos/GHC-2022-data-engineering-workshop/venv/lib/python3.8/site-packages/airflow/example_dags/example_xcomargs.py
[2022-08-29T20:30:12.439-0400] {processor.py:650} INFO - DAG(s) dict_keys(['example_xcom_args', 'example_xcom_args_with_operators']) retrieved from /Users/jl/Documents/Repos/GHC-2022-data-engineering-workshop/venv/lib/python3.8/site-packages/airflow/example_dags/example_xcomargs.py
[2022-08-29T20:30:14.125-0400] {logging_mixin.py:115} INFO - [2022-08-29T20:30:14.125-0400] {dag.py:2429} INFO - Sync 2 DAGs
[2022-08-29T20:30:14.175-0400] {logging_mixin.py:115} INFO - [2022-08-29T20:30:14.175-0400] {dag.py:2977} INFO - Setting next_dagrun for example_xcom_args to None, run_after=None
[2022-08-29T20:30:14.176-0400] {logging_mixin.py:115} INFO - [2022-08-29T20:30:14.175-0400] {dag.py:2977} INFO - Setting next_dagrun for example_xcom_args_with_operators to None, run_after=None
[2022-08-29T20:30:14.214-0400] {processor.py:161} INFO - Processing /Users/jl/Documents/Repos/GHC-2022-data-engineering-workshop/venv/lib/python3.8/site-packages/airflow/example_dags/example_xcomargs.py took 1.855 seconds
[2022-08-29T20:31:25.741-0400] {processor.py:153} INFO - Started process (PID=16141) to work on /Users/jl/Documents/Repos/GHC-2022-data-engineering-workshop/venv/lib/python3.8/site-packages/airflow/example_dags/example_xcomargs.py
[2022-08-29T20:31:25.751-0400] {processor.py:640} INFO - Processing file /Users/jl/Documents/Repos/GHC-2022-data-engineering-workshop/venv/lib/python3.8/site-packages/airflow/example_dags/example_xcomargs.py for tasks to queue
[2022-08-29T20:31:25.752-0400] {logging_mixin.py:115} INFO - [2022-08-29T20:31:25.752-0400] {dagbag.py:508} INFO - Filling up the DagBag from /Users/jl/Documents/Repos/GHC-2022-data-engineering-workshop/venv/lib/python3.8/site-packages/airflow/example_dags/example_xcomargs.py
[2022-08-29T20:31:25.798-0400] {processor.py:650} INFO - DAG(s) dict_keys(['example_xcom_args', 'example_xcom_args_with_operators']) retrieved from /Users/jl/Documents/Repos/GHC-2022-data-engineering-workshop/venv/lib/python3.8/site-packages/airflow/example_dags/example_xcomargs.py
[2022-08-29T20:31:26.708-0400] {logging_mixin.py:115} INFO - [2022-08-29T20:31:26.707-0400] {dag.py:2429} INFO - Sync 2 DAGs
[2022-08-29T20:31:26.733-0400] {logging_mixin.py:115} INFO - [2022-08-29T20:31:26.733-0400] {dag.py:2977} INFO - Setting next_dagrun for example_xcom_args to None, run_after=None
[2022-08-29T20:31:26.733-0400] {logging_mixin.py:115} INFO - [2022-08-29T20:31:26.733-0400] {dag.py:2977} INFO - Setting next_dagrun for example_xcom_args_with_operators to None, run_after=None
[2022-08-29T20:31:26.766-0400] {processor.py:161} INFO - Processing /Users/jl/Documents/Repos/GHC-2022-data-engineering-workshop/venv/lib/python3.8/site-packages/airflow/example_dags/example_xcomargs.py took 1.027 seconds
[2022-08-29T20:32:28.073-0400] {processor.py:153} INFO - Started process (PID=16206) to work on /Users/jl/Documents/Repos/GHC-2022-data-engineering-workshop/venv/lib/python3.8/site-packages/airflow/example_dags/example_xcomargs.py
[2022-08-29T20:32:28.084-0400] {processor.py:640} INFO - Processing file /Users/jl/Documents/Repos/GHC-2022-data-engineering-workshop/venv/lib/python3.8/site-packages/airflow/example_dags/example_xcomargs.py for tasks to queue
[2022-08-29T20:32:28.087-0400] {logging_mixin.py:115} INFO - [2022-08-29T20:32:28.086-0400] {dagbag.py:508} INFO - Filling up the DagBag from /Users/jl/Documents/Repos/GHC-2022-data-engineering-workshop/venv/lib/python3.8/site-packages/airflow/example_dags/example_xcomargs.py
[2022-08-29T20:32:28.230-0400] {processor.py:650} INFO - DAG(s) dict_keys(['example_xcom_args', 'example_xcom_args_with_operators']) retrieved from /Users/jl/Documents/Repos/GHC-2022-data-engineering-workshop/venv/lib/python3.8/site-packages/airflow/example_dags/example_xcomargs.py
[2022-08-29T20:32:29.041-0400] {logging_mixin.py:115} INFO - [2022-08-29T20:32:29.041-0400] {dag.py:2429} INFO - Sync 2 DAGs
[2022-08-29T20:32:29.060-0400] {logging_mixin.py:115} INFO - [2022-08-29T20:32:29.060-0400] {dag.py:2977} INFO - Setting next_dagrun for example_xcom_args to None, run_after=None
[2022-08-29T20:32:29.060-0400] {logging_mixin.py:115} INFO - [2022-08-29T20:32:29.060-0400] {dag.py:2977} INFO - Setting next_dagrun for example_xcom_args_with_operators to None, run_after=None
[2022-08-29T20:32:29.077-0400] {processor.py:161} INFO - Processing /Users/jl/Documents/Repos/GHC-2022-data-engineering-workshop/venv/lib/python3.8/site-packages/airflow/example_dags/example_xcomargs.py took 1.005 seconds
[2022-08-29T20:33:29.347-0400] {processor.py:153} INFO - Started process (PID=16265) to work on /Users/jl/Documents/Repos/GHC-2022-data-engineering-workshop/venv/lib/python3.8/site-packages/airflow/example_dags/example_xcomargs.py
[2022-08-29T20:33:29.363-0400] {processor.py:640} INFO - Processing file /Users/jl/Documents/Repos/GHC-2022-data-engineering-workshop/venv/lib/python3.8/site-packages/airflow/example_dags/example_xcomargs.py for tasks to queue
[2022-08-29T20:33:29.365-0400] {logging_mixin.py:115} INFO - [2022-08-29T20:33:29.364-0400] {dagbag.py:508} INFO - Filling up the DagBag from /Users/jl/Documents/Repos/GHC-2022-data-engineering-workshop/venv/lib/python3.8/site-packages/airflow/example_dags/example_xcomargs.py
[2022-08-29T20:33:29.431-0400] {processor.py:650} INFO - DAG(s) dict_keys(['example_xcom_args', 'example_xcom_args_with_operators']) retrieved from /Users/jl/Documents/Repos/GHC-2022-data-engineering-workshop/venv/lib/python3.8/site-packages/airflow/example_dags/example_xcomargs.py
[2022-08-29T20:33:30.659-0400] {logging_mixin.py:115} INFO - [2022-08-29T20:33:30.659-0400] {dag.py:2429} INFO - Sync 2 DAGs
[2022-08-29T20:33:30.684-0400] {logging_mixin.py:115} INFO - [2022-08-29T20:33:30.684-0400] {dag.py:2977} INFO - Setting next_dagrun for example_xcom_args to None, run_after=None
[2022-08-29T20:33:30.684-0400] {logging_mixin.py:115} INFO - [2022-08-29T20:33:30.684-0400] {dag.py:2977} INFO - Setting next_dagrun for example_xcom_args_with_operators to None, run_after=None
[2022-08-29T20:33:30.700-0400] {processor.py:161} INFO - Processing /Users/jl/Documents/Repos/GHC-2022-data-engineering-workshop/venv/lib/python3.8/site-packages/airflow/example_dags/example_xcomargs.py took 1.355 seconds
[2022-08-29T20:34:26.527-0400] {processor.py:153} INFO - Started process (PID=16313) to work on /Users/jl/Documents/Repos/GHC-2022-data-engineering-workshop/venv/lib/python3.8/site-packages/airflow/example_dags/example_xcomargs.py
[2022-08-29T20:34:26.537-0400] {processor.py:640} INFO - Processing file /Users/jl/Documents/Repos/GHC-2022-data-engineering-workshop/venv/lib/python3.8/site-packages/airflow/example_dags/example_xcomargs.py for tasks to queue
[2022-08-29T20:34:26.537-0400] {logging_mixin.py:115} INFO - [2022-08-29T20:34:26.537-0400] {dagbag.py:508} INFO - Filling up the DagBag from /Users/jl/Documents/Repos/GHC-2022-data-engineering-workshop/venv/lib/python3.8/site-packages/airflow/example_dags/example_xcomargs.py
[2022-08-29T20:34:26.579-0400] {processor.py:650} INFO - DAG(s) dict_keys(['example_xcom_args', 'example_xcom_args_with_operators']) retrieved from /Users/jl/Documents/Repos/GHC-2022-data-engineering-workshop/venv/lib/python3.8/site-packages/airflow/example_dags/example_xcomargs.py
[2022-08-29T20:34:27.314-0400] {logging_mixin.py:115} INFO - [2022-08-29T20:34:27.313-0400] {dag.py:2429} INFO - Sync 2 DAGs
[2022-08-29T20:34:27.333-0400] {logging_mixin.py:115} INFO - [2022-08-29T20:34:27.332-0400] {dag.py:2977} INFO - Setting next_dagrun for example_xcom_args to None, run_after=None
[2022-08-29T20:34:27.333-0400] {logging_mixin.py:115} INFO - [2022-08-29T20:34:27.333-0400] {dag.py:2977} INFO - Setting next_dagrun for example_xcom_args_with_operators to None, run_after=None
[2022-08-29T20:34:27.350-0400] {processor.py:161} INFO - Processing /Users/jl/Documents/Repos/GHC-2022-data-engineering-workshop/venv/lib/python3.8/site-packages/airflow/example_dags/example_xcomargs.py took 0.824 seconds
[2022-08-29T20:35:17.889-0400] {processor.py:153} INFO - Started process (PID=16360) to work on /Users/jl/Documents/Repos/GHC-2022-data-engineering-workshop/venv/lib/python3.8/site-packages/airflow/example_dags/example_xcomargs.py
[2022-08-29T20:35:17.898-0400] {processor.py:640} INFO - Processing file /Users/jl/Documents/Repos/GHC-2022-data-engineering-workshop/venv/lib/python3.8/site-packages/airflow/example_dags/example_xcomargs.py for tasks to queue
[2022-08-29T20:35:17.899-0400] {logging_mixin.py:115} INFO - [2022-08-29T20:35:17.899-0400] {dagbag.py:508} INFO - Filling up the DagBag from /Users/jl/Documents/Repos/GHC-2022-data-engineering-workshop/venv/lib/python3.8/site-packages/airflow/example_dags/example_xcomargs.py
[2022-08-29T20:35:17.941-0400] {processor.py:650} INFO - DAG(s) dict_keys(['example_xcom_args', 'example_xcom_args_with_operators']) retrieved from /Users/jl/Documents/Repos/GHC-2022-data-engineering-workshop/venv/lib/python3.8/site-packages/airflow/example_dags/example_xcomargs.py
[2022-08-29T20:35:18.658-0400] {logging_mixin.py:115} INFO - [2022-08-29T20:35:18.658-0400] {dag.py:2429} INFO - Sync 2 DAGs
[2022-08-29T20:35:18.676-0400] {logging_mixin.py:115} INFO - [2022-08-29T20:35:18.676-0400] {dag.py:2977} INFO - Setting next_dagrun for example_xcom_args to None, run_after=None
[2022-08-29T20:35:18.677-0400] {logging_mixin.py:115} INFO - [2022-08-29T20:35:18.677-0400] {dag.py:2977} INFO - Setting next_dagrun for example_xcom_args_with_operators to None, run_after=None
[2022-08-29T20:35:18.694-0400] {processor.py:161} INFO - Processing /Users/jl/Documents/Repos/GHC-2022-data-engineering-workshop/venv/lib/python3.8/site-packages/airflow/example_dags/example_xcomargs.py took 0.806 seconds
[2022-08-29T20:36:12.170-0400] {processor.py:153} INFO - Started process (PID=16435) to work on /Users/jl/Documents/Repos/GHC-2022-data-engineering-workshop/venv/lib/python3.8/site-packages/airflow/example_dags/example_xcomargs.py
[2022-08-29T20:36:12.179-0400] {processor.py:640} INFO - Processing file /Users/jl/Documents/Repos/GHC-2022-data-engineering-workshop/venv/lib/python3.8/site-packages/airflow/example_dags/example_xcomargs.py for tasks to queue
[2022-08-29T20:36:12.180-0400] {logging_mixin.py:115} INFO - [2022-08-29T20:36:12.179-0400] {dagbag.py:508} INFO - Filling up the DagBag from /Users/jl/Documents/Repos/GHC-2022-data-engineering-workshop/venv/lib/python3.8/site-packages/airflow/example_dags/example_xcomargs.py
[2022-08-29T20:36:12.223-0400] {processor.py:650} INFO - DAG(s) dict_keys(['example_xcom_args', 'example_xcom_args_with_operators']) retrieved from /Users/jl/Documents/Repos/GHC-2022-data-engineering-workshop/venv/lib/python3.8/site-packages/airflow/example_dags/example_xcomargs.py
[2022-08-29T20:36:14.125-0400] {logging_mixin.py:115} INFO - [2022-08-29T20:36:14.124-0400] {dag.py:2429} INFO - Sync 2 DAGs
[2022-08-29T20:36:14.150-0400] {logging_mixin.py:115} INFO - [2022-08-29T20:36:14.150-0400] {dag.py:2977} INFO - Setting next_dagrun for example_xcom_args to None, run_after=None
[2022-08-29T20:36:14.151-0400] {logging_mixin.py:115} INFO - [2022-08-29T20:36:14.151-0400] {dag.py:2977} INFO - Setting next_dagrun for example_xcom_args_with_operators to None, run_after=None
[2022-08-29T20:36:14.207-0400] {processor.py:161} INFO - Processing /Users/jl/Documents/Repos/GHC-2022-data-engineering-workshop/venv/lib/python3.8/site-packages/airflow/example_dags/example_xcomargs.py took 2.037 seconds
[2022-08-29T20:37:05.844-0400] {processor.py:153} INFO - Started process (PID=16485) to work on /Users/jl/Documents/Repos/GHC-2022-data-engineering-workshop/venv/lib/python3.8/site-packages/airflow/example_dags/example_xcomargs.py
[2022-08-29T20:37:05.852-0400] {processor.py:640} INFO - Processing file /Users/jl/Documents/Repos/GHC-2022-data-engineering-workshop/venv/lib/python3.8/site-packages/airflow/example_dags/example_xcomargs.py for tasks to queue
[2022-08-29T20:37:05.852-0400] {logging_mixin.py:115} INFO - [2022-08-29T20:37:05.852-0400] {dagbag.py:508} INFO - Filling up the DagBag from /Users/jl/Documents/Repos/GHC-2022-data-engineering-workshop/venv/lib/python3.8/site-packages/airflow/example_dags/example_xcomargs.py
[2022-08-29T20:37:05.893-0400] {processor.py:650} INFO - DAG(s) dict_keys(['example_xcom_args', 'example_xcom_args_with_operators']) retrieved from /Users/jl/Documents/Repos/GHC-2022-data-engineering-workshop/venv/lib/python3.8/site-packages/airflow/example_dags/example_xcomargs.py
[2022-08-29T20:37:06.642-0400] {logging_mixin.py:115} INFO - [2022-08-29T20:37:06.642-0400] {dag.py:2429} INFO - Sync 2 DAGs
[2022-08-29T20:37:06.661-0400] {logging_mixin.py:115} INFO - [2022-08-29T20:37:06.661-0400] {dag.py:2977} INFO - Setting next_dagrun for example_xcom_args to None, run_after=None
[2022-08-29T20:37:06.662-0400] {logging_mixin.py:115} INFO - [2022-08-29T20:37:06.662-0400] {dag.py:2977} INFO - Setting next_dagrun for example_xcom_args_with_operators to None, run_after=None
[2022-08-29T20:37:06.677-0400] {processor.py:161} INFO - Processing /Users/jl/Documents/Repos/GHC-2022-data-engineering-workshop/venv/lib/python3.8/site-packages/airflow/example_dags/example_xcomargs.py took 0.835 seconds
[2022-08-29T20:38:07.783-0400] {processor.py:153} INFO - Started process (PID=16551) to work on /Users/jl/Documents/Repos/GHC-2022-data-engineering-workshop/venv/lib/python3.8/site-packages/airflow/example_dags/example_xcomargs.py
[2022-08-29T20:38:07.793-0400] {processor.py:640} INFO - Processing file /Users/jl/Documents/Repos/GHC-2022-data-engineering-workshop/venv/lib/python3.8/site-packages/airflow/example_dags/example_xcomargs.py for tasks to queue
[2022-08-29T20:38:07.794-0400] {logging_mixin.py:115} INFO - [2022-08-29T20:38:07.793-0400] {dagbag.py:508} INFO - Filling up the DagBag from /Users/jl/Documents/Repos/GHC-2022-data-engineering-workshop/venv/lib/python3.8/site-packages/airflow/example_dags/example_xcomargs.py
[2022-08-29T20:38:07.837-0400] {processor.py:650} INFO - DAG(s) dict_keys(['example_xcom_args', 'example_xcom_args_with_operators']) retrieved from /Users/jl/Documents/Repos/GHC-2022-data-engineering-workshop/venv/lib/python3.8/site-packages/airflow/example_dags/example_xcomargs.py
[2022-08-29T20:38:08.562-0400] {logging_mixin.py:115} INFO - [2022-08-29T20:38:08.562-0400] {dag.py:2429} INFO - Sync 2 DAGs
[2022-08-29T20:38:08.582-0400] {logging_mixin.py:115} INFO - [2022-08-29T20:38:08.581-0400] {dag.py:2977} INFO - Setting next_dagrun for example_xcom_args to None, run_after=None
[2022-08-29T20:38:08.582-0400] {logging_mixin.py:115} INFO - [2022-08-29T20:38:08.582-0400] {dag.py:2977} INFO - Setting next_dagrun for example_xcom_args_with_operators to None, run_after=None
[2022-08-29T20:38:08.597-0400] {processor.py:161} INFO - Processing /Users/jl/Documents/Repos/GHC-2022-data-engineering-workshop/venv/lib/python3.8/site-packages/airflow/example_dags/example_xcomargs.py took 0.815 seconds
[2022-08-29T20:39:06.026-0400] {processor.py:153} INFO - Started process (PID=16605) to work on /Users/jl/Documents/Repos/GHC-2022-data-engineering-workshop/venv/lib/python3.8/site-packages/airflow/example_dags/example_xcomargs.py
[2022-08-29T20:39:06.035-0400] {processor.py:640} INFO - Processing file /Users/jl/Documents/Repos/GHC-2022-data-engineering-workshop/venv/lib/python3.8/site-packages/airflow/example_dags/example_xcomargs.py for tasks to queue
[2022-08-29T20:39:06.036-0400] {logging_mixin.py:115} INFO - [2022-08-29T20:39:06.035-0400] {dagbag.py:508} INFO - Filling up the DagBag from /Users/jl/Documents/Repos/GHC-2022-data-engineering-workshop/venv/lib/python3.8/site-packages/airflow/example_dags/example_xcomargs.py
[2022-08-29T20:39:06.078-0400] {processor.py:650} INFO - DAG(s) dict_keys(['example_xcom_args', 'example_xcom_args_with_operators']) retrieved from /Users/jl/Documents/Repos/GHC-2022-data-engineering-workshop/venv/lib/python3.8/site-packages/airflow/example_dags/example_xcomargs.py
[2022-08-29T20:39:07.158-0400] {logging_mixin.py:115} INFO - [2022-08-29T20:39:07.157-0400] {dag.py:2429} INFO - Sync 2 DAGs
[2022-08-29T20:39:07.187-0400] {logging_mixin.py:115} INFO - [2022-08-29T20:39:07.187-0400] {dag.py:2977} INFO - Setting next_dagrun for example_xcom_args to None, run_after=None
[2022-08-29T20:39:07.187-0400] {logging_mixin.py:115} INFO - [2022-08-29T20:39:07.187-0400] {dag.py:2977} INFO - Setting next_dagrun for example_xcom_args_with_operators to None, run_after=None
[2022-08-29T20:39:07.220-0400] {processor.py:161} INFO - Processing /Users/jl/Documents/Repos/GHC-2022-data-engineering-workshop/venv/lib/python3.8/site-packages/airflow/example_dags/example_xcomargs.py took 1.195 seconds
[2022-08-29T20:40:04.548-0400] {processor.py:153} INFO - Started process (PID=16652) to work on /Users/jl/Documents/Repos/GHC-2022-data-engineering-workshop/venv/lib/python3.8/site-packages/airflow/example_dags/example_xcomargs.py
[2022-08-29T20:40:04.556-0400] {processor.py:640} INFO - Processing file /Users/jl/Documents/Repos/GHC-2022-data-engineering-workshop/venv/lib/python3.8/site-packages/airflow/example_dags/example_xcomargs.py for tasks to queue
[2022-08-29T20:40:04.557-0400] {logging_mixin.py:115} INFO - [2022-08-29T20:40:04.557-0400] {dagbag.py:508} INFO - Filling up the DagBag from /Users/jl/Documents/Repos/GHC-2022-data-engineering-workshop/venv/lib/python3.8/site-packages/airflow/example_dags/example_xcomargs.py
[2022-08-29T20:40:04.597-0400] {processor.py:650} INFO - DAG(s) dict_keys(['example_xcom_args', 'example_xcom_args_with_operators']) retrieved from /Users/jl/Documents/Repos/GHC-2022-data-engineering-workshop/venv/lib/python3.8/site-packages/airflow/example_dags/example_xcomargs.py
[2022-08-29T20:40:05.318-0400] {logging_mixin.py:115} INFO - [2022-08-29T20:40:05.318-0400] {dag.py:2429} INFO - Sync 2 DAGs
[2022-08-29T20:40:05.337-0400] {logging_mixin.py:115} INFO - [2022-08-29T20:40:05.337-0400] {dag.py:2977} INFO - Setting next_dagrun for example_xcom_args to None, run_after=None
[2022-08-29T20:40:05.337-0400] {logging_mixin.py:115} INFO - [2022-08-29T20:40:05.337-0400] {dag.py:2977} INFO - Setting next_dagrun for example_xcom_args_with_operators to None, run_after=None
[2022-08-29T20:40:05.353-0400] {processor.py:161} INFO - Processing /Users/jl/Documents/Repos/GHC-2022-data-engineering-workshop/venv/lib/python3.8/site-packages/airflow/example_dags/example_xcomargs.py took 0.806 seconds
[2022-08-29T20:40:57.642-0400] {processor.py:153} INFO - Started process (PID=16696) to work on /Users/jl/Documents/Repos/GHC-2022-data-engineering-workshop/venv/lib/python3.8/site-packages/airflow/example_dags/example_xcomargs.py
[2022-08-29T20:40:57.652-0400] {processor.py:640} INFO - Processing file /Users/jl/Documents/Repos/GHC-2022-data-engineering-workshop/venv/lib/python3.8/site-packages/airflow/example_dags/example_xcomargs.py for tasks to queue
[2022-08-29T20:40:57.653-0400] {logging_mixin.py:115} INFO - [2022-08-29T20:40:57.652-0400] {dagbag.py:508} INFO - Filling up the DagBag from /Users/jl/Documents/Repos/GHC-2022-data-engineering-workshop/venv/lib/python3.8/site-packages/airflow/example_dags/example_xcomargs.py
[2022-08-29T20:40:57.706-0400] {processor.py:650} INFO - DAG(s) dict_keys(['example_xcom_args', 'example_xcom_args_with_operators']) retrieved from /Users/jl/Documents/Repos/GHC-2022-data-engineering-workshop/venv/lib/python3.8/site-packages/airflow/example_dags/example_xcomargs.py
[2022-08-29T20:40:58.689-0400] {logging_mixin.py:115} INFO - [2022-08-29T20:40:58.688-0400] {dag.py:2429} INFO - Sync 2 DAGs
[2022-08-29T20:40:58.714-0400] {logging_mixin.py:115} INFO - [2022-08-29T20:40:58.714-0400] {dag.py:2977} INFO - Setting next_dagrun for example_xcom_args to None, run_after=None
[2022-08-29T20:40:58.714-0400] {logging_mixin.py:115} INFO - [2022-08-29T20:40:58.714-0400] {dag.py:2977} INFO - Setting next_dagrun for example_xcom_args_with_operators to None, run_after=None
[2022-08-29T20:40:58.733-0400] {processor.py:161} INFO - Processing /Users/jl/Documents/Repos/GHC-2022-data-engineering-workshop/venv/lib/python3.8/site-packages/airflow/example_dags/example_xcomargs.py took 1.093 seconds
[2022-08-29T20:41:50.204-0400] {processor.py:153} INFO - Started process (PID=16747) to work on /Users/jl/Documents/Repos/GHC-2022-data-engineering-workshop/venv/lib/python3.8/site-packages/airflow/example_dags/example_xcomargs.py
[2022-08-29T20:41:50.213-0400] {processor.py:640} INFO - Processing file /Users/jl/Documents/Repos/GHC-2022-data-engineering-workshop/venv/lib/python3.8/site-packages/airflow/example_dags/example_xcomargs.py for tasks to queue
[2022-08-29T20:41:50.214-0400] {logging_mixin.py:115} INFO - [2022-08-29T20:41:50.214-0400] {dagbag.py:508} INFO - Filling up the DagBag from /Users/jl/Documents/Repos/GHC-2022-data-engineering-workshop/venv/lib/python3.8/site-packages/airflow/example_dags/example_xcomargs.py
[2022-08-29T20:41:50.256-0400] {processor.py:650} INFO - DAG(s) dict_keys(['example_xcom_args', 'example_xcom_args_with_operators']) retrieved from /Users/jl/Documents/Repos/GHC-2022-data-engineering-workshop/venv/lib/python3.8/site-packages/airflow/example_dags/example_xcomargs.py
[2022-08-29T20:41:51.047-0400] {logging_mixin.py:115} INFO - [2022-08-29T20:41:51.047-0400] {dag.py:2429} INFO - Sync 2 DAGs
[2022-08-29T20:41:51.065-0400] {logging_mixin.py:115} INFO - [2022-08-29T20:41:51.065-0400] {dag.py:2977} INFO - Setting next_dagrun for example_xcom_args to None, run_after=None
[2022-08-29T20:41:51.066-0400] {logging_mixin.py:115} INFO - [2022-08-29T20:41:51.065-0400] {dag.py:2977} INFO - Setting next_dagrun for example_xcom_args_with_operators to None, run_after=None
[2022-08-29T20:41:51.081-0400] {processor.py:161} INFO - Processing /Users/jl/Documents/Repos/GHC-2022-data-engineering-workshop/venv/lib/python3.8/site-packages/airflow/example_dags/example_xcomargs.py took 0.879 seconds
[2022-08-29T20:42:47.167-0400] {processor.py:153} INFO - Started process (PID=16799) to work on /Users/jl/Documents/Repos/GHC-2022-data-engineering-workshop/venv/lib/python3.8/site-packages/airflow/example_dags/example_xcomargs.py
[2022-08-29T20:42:47.176-0400] {processor.py:640} INFO - Processing file /Users/jl/Documents/Repos/GHC-2022-data-engineering-workshop/venv/lib/python3.8/site-packages/airflow/example_dags/example_xcomargs.py for tasks to queue
[2022-08-29T20:42:47.177-0400] {logging_mixin.py:115} INFO - [2022-08-29T20:42:47.177-0400] {dagbag.py:508} INFO - Filling up the DagBag from /Users/jl/Documents/Repos/GHC-2022-data-engineering-workshop/venv/lib/python3.8/site-packages/airflow/example_dags/example_xcomargs.py
[2022-08-29T20:42:47.234-0400] {processor.py:650} INFO - DAG(s) dict_keys(['example_xcom_args', 'example_xcom_args_with_operators']) retrieved from /Users/jl/Documents/Repos/GHC-2022-data-engineering-workshop/venv/lib/python3.8/site-packages/airflow/example_dags/example_xcomargs.py
[2022-08-29T20:42:48.350-0400] {logging_mixin.py:115} INFO - [2022-08-29T20:42:48.349-0400] {dag.py:2429} INFO - Sync 2 DAGs
[2022-08-29T20:42:48.388-0400] {logging_mixin.py:115} INFO - [2022-08-29T20:42:48.388-0400] {dag.py:2977} INFO - Setting next_dagrun for example_xcom_args to None, run_after=None
[2022-08-29T20:42:48.389-0400] {logging_mixin.py:115} INFO - [2022-08-29T20:42:48.389-0400] {dag.py:2977} INFO - Setting next_dagrun for example_xcom_args_with_operators to None, run_after=None
[2022-08-29T20:42:48.438-0400] {processor.py:161} INFO - Processing /Users/jl/Documents/Repos/GHC-2022-data-engineering-workshop/venv/lib/python3.8/site-packages/airflow/example_dags/example_xcomargs.py took 1.272 seconds
[2022-08-29T20:43:43.437-0400] {processor.py:153} INFO - Started process (PID=16845) to work on /Users/jl/Documents/Repos/GHC-2022-data-engineering-workshop/venv/lib/python3.8/site-packages/airflow/example_dags/example_xcomargs.py
[2022-08-29T20:43:43.447-0400] {processor.py:640} INFO - Processing file /Users/jl/Documents/Repos/GHC-2022-data-engineering-workshop/venv/lib/python3.8/site-packages/airflow/example_dags/example_xcomargs.py for tasks to queue
[2022-08-29T20:43:43.448-0400] {logging_mixin.py:115} INFO - [2022-08-29T20:43:43.448-0400] {dagbag.py:508} INFO - Filling up the DagBag from /Users/jl/Documents/Repos/GHC-2022-data-engineering-workshop/venv/lib/python3.8/site-packages/airflow/example_dags/example_xcomargs.py
[2022-08-29T20:43:43.492-0400] {processor.py:650} INFO - DAG(s) dict_keys(['example_xcom_args', 'example_xcom_args_with_operators']) retrieved from /Users/jl/Documents/Repos/GHC-2022-data-engineering-workshop/venv/lib/python3.8/site-packages/airflow/example_dags/example_xcomargs.py
[2022-08-29T20:43:44.218-0400] {logging_mixin.py:115} INFO - [2022-08-29T20:43:44.217-0400] {dag.py:2429} INFO - Sync 2 DAGs
[2022-08-29T20:43:44.237-0400] {logging_mixin.py:115} INFO - [2022-08-29T20:43:44.236-0400] {dag.py:2977} INFO - Setting next_dagrun for example_xcom_args to None, run_after=None
[2022-08-29T20:43:44.237-0400] {logging_mixin.py:115} INFO - [2022-08-29T20:43:44.237-0400] {dag.py:2977} INFO - Setting next_dagrun for example_xcom_args_with_operators to None, run_after=None
[2022-08-29T20:43:44.252-0400] {processor.py:161} INFO - Processing /Users/jl/Documents/Repos/GHC-2022-data-engineering-workshop/venv/lib/python3.8/site-packages/airflow/example_dags/example_xcomargs.py took 0.816 seconds
[2022-08-29T20:44:43.686-0400] {processor.py:153} INFO - Started process (PID=16899) to work on /Users/jl/Documents/Repos/GHC-2022-data-engineering-workshop/venv/lib/python3.8/site-packages/airflow/example_dags/example_xcomargs.py
[2022-08-29T20:44:43.695-0400] {processor.py:640} INFO - Processing file /Users/jl/Documents/Repos/GHC-2022-data-engineering-workshop/venv/lib/python3.8/site-packages/airflow/example_dags/example_xcomargs.py for tasks to queue
[2022-08-29T20:44:43.696-0400] {logging_mixin.py:115} INFO - [2022-08-29T20:44:43.696-0400] {dagbag.py:508} INFO - Filling up the DagBag from /Users/jl/Documents/Repos/GHC-2022-data-engineering-workshop/venv/lib/python3.8/site-packages/airflow/example_dags/example_xcomargs.py
[2022-08-29T20:44:43.743-0400] {processor.py:650} INFO - DAG(s) dict_keys(['example_xcom_args', 'example_xcom_args_with_operators']) retrieved from /Users/jl/Documents/Repos/GHC-2022-data-engineering-workshop/venv/lib/python3.8/site-packages/airflow/example_dags/example_xcomargs.py
[2022-08-29T20:44:44.571-0400] {logging_mixin.py:115} INFO - [2022-08-29T20:44:44.570-0400] {dag.py:2429} INFO - Sync 2 DAGs
[2022-08-29T20:44:44.591-0400] {logging_mixin.py:115} INFO - [2022-08-29T20:44:44.591-0400] {dag.py:2977} INFO - Setting next_dagrun for example_xcom_args to None, run_after=None
[2022-08-29T20:44:44.591-0400] {logging_mixin.py:115} INFO - [2022-08-29T20:44:44.591-0400] {dag.py:2977} INFO - Setting next_dagrun for example_xcom_args_with_operators to None, run_after=None
[2022-08-29T20:44:44.608-0400] {processor.py:161} INFO - Processing /Users/jl/Documents/Repos/GHC-2022-data-engineering-workshop/venv/lib/python3.8/site-packages/airflow/example_dags/example_xcomargs.py took 0.923 seconds
[2022-08-29T20:45:37.693-0400] {processor.py:153} INFO - Started process (PID=16952) to work on /Users/jl/Documents/Repos/GHC-2022-data-engineering-workshop/venv/lib/python3.8/site-packages/airflow/example_dags/example_xcomargs.py
[2022-08-29T20:45:37.704-0400] {processor.py:640} INFO - Processing file /Users/jl/Documents/Repos/GHC-2022-data-engineering-workshop/venv/lib/python3.8/site-packages/airflow/example_dags/example_xcomargs.py for tasks to queue
[2022-08-29T20:45:37.704-0400] {logging_mixin.py:115} INFO - [2022-08-29T20:45:37.704-0400] {dagbag.py:508} INFO - Filling up the DagBag from /Users/jl/Documents/Repos/GHC-2022-data-engineering-workshop/venv/lib/python3.8/site-packages/airflow/example_dags/example_xcomargs.py
[2022-08-29T20:45:37.747-0400] {processor.py:650} INFO - DAG(s) dict_keys(['example_xcom_args', 'example_xcom_args_with_operators']) retrieved from /Users/jl/Documents/Repos/GHC-2022-data-engineering-workshop/venv/lib/python3.8/site-packages/airflow/example_dags/example_xcomargs.py
[2022-08-29T20:45:38.468-0400] {logging_mixin.py:115} INFO - [2022-08-29T20:45:38.468-0400] {dag.py:2429} INFO - Sync 2 DAGs
[2022-08-29T20:45:38.486-0400] {logging_mixin.py:115} INFO - [2022-08-29T20:45:38.486-0400] {dag.py:2977} INFO - Setting next_dagrun for example_xcom_args to None, run_after=None
[2022-08-29T20:45:38.487-0400] {logging_mixin.py:115} INFO - [2022-08-29T20:45:38.487-0400] {dag.py:2977} INFO - Setting next_dagrun for example_xcom_args_with_operators to None, run_after=None
[2022-08-29T20:45:38.502-0400] {processor.py:161} INFO - Processing /Users/jl/Documents/Repos/GHC-2022-data-engineering-workshop/venv/lib/python3.8/site-packages/airflow/example_dags/example_xcomargs.py took 0.810 seconds
[2022-08-29T20:46:29.576-0400] {processor.py:153} INFO - Started process (PID=16997) to work on /Users/jl/Documents/Repos/GHC-2022-data-engineering-workshop/venv/lib/python3.8/site-packages/airflow/example_dags/example_xcomargs.py
[2022-08-29T20:46:29.584-0400] {processor.py:640} INFO - Processing file /Users/jl/Documents/Repos/GHC-2022-data-engineering-workshop/venv/lib/python3.8/site-packages/airflow/example_dags/example_xcomargs.py for tasks to queue
[2022-08-29T20:46:29.585-0400] {logging_mixin.py:115} INFO - [2022-08-29T20:46:29.585-0400] {dagbag.py:508} INFO - Filling up the DagBag from /Users/jl/Documents/Repos/GHC-2022-data-engineering-workshop/venv/lib/python3.8/site-packages/airflow/example_dags/example_xcomargs.py
[2022-08-29T20:46:29.627-0400] {processor.py:650} INFO - DAG(s) dict_keys(['example_xcom_args', 'example_xcom_args_with_operators']) retrieved from /Users/jl/Documents/Repos/GHC-2022-data-engineering-workshop/venv/lib/python3.8/site-packages/airflow/example_dags/example_xcomargs.py
[2022-08-29T20:46:30.347-0400] {logging_mixin.py:115} INFO - [2022-08-29T20:46:30.347-0400] {dag.py:2429} INFO - Sync 2 DAGs
[2022-08-29T20:46:30.366-0400] {logging_mixin.py:115} INFO - [2022-08-29T20:46:30.366-0400] {dag.py:2977} INFO - Setting next_dagrun for example_xcom_args to None, run_after=None
[2022-08-29T20:46:30.366-0400] {logging_mixin.py:115} INFO - [2022-08-29T20:46:30.366-0400] {dag.py:2977} INFO - Setting next_dagrun for example_xcom_args_with_operators to None, run_after=None
[2022-08-29T20:46:30.382-0400] {processor.py:161} INFO - Processing /Users/jl/Documents/Repos/GHC-2022-data-engineering-workshop/venv/lib/python3.8/site-packages/airflow/example_dags/example_xcomargs.py took 0.807 seconds
[2022-08-29T20:48:18.830-0400] {processor.py:153} INFO - Started process (PID=17097) to work on /Users/jl/Documents/Repos/GHC-2022-data-engineering-workshop/venv/lib/python3.8/site-packages/airflow/example_dags/example_xcomargs.py
[2022-08-29T20:48:18.855-0400] {processor.py:640} INFO - Processing file /Users/jl/Documents/Repos/GHC-2022-data-engineering-workshop/venv/lib/python3.8/site-packages/airflow/example_dags/example_xcomargs.py for tasks to queue
[2022-08-29T20:48:18.856-0400] {logging_mixin.py:115} INFO - [2022-08-29T20:48:18.856-0400] {dagbag.py:508} INFO - Filling up the DagBag from /Users/jl/Documents/Repos/GHC-2022-data-engineering-workshop/venv/lib/python3.8/site-packages/airflow/example_dags/example_xcomargs.py
[2022-08-29T20:48:18.992-0400] {processor.py:650} INFO - DAG(s) dict_keys(['example_xcom_args', 'example_xcom_args_with_operators']) retrieved from /Users/jl/Documents/Repos/GHC-2022-data-engineering-workshop/venv/lib/python3.8/site-packages/airflow/example_dags/example_xcomargs.py
[2022-08-29T20:48:19.940-0400] {logging_mixin.py:115} INFO - [2022-08-29T20:48:19.939-0400] {dag.py:2429} INFO - Sync 2 DAGs
[2022-08-29T20:48:19.959-0400] {logging_mixin.py:115} INFO - [2022-08-29T20:48:19.959-0400] {dag.py:2977} INFO - Setting next_dagrun for example_xcom_args to None, run_after=None
[2022-08-29T20:48:19.960-0400] {logging_mixin.py:115} INFO - [2022-08-29T20:48:19.960-0400] {dag.py:2977} INFO - Setting next_dagrun for example_xcom_args_with_operators to None, run_after=None
[2022-08-29T20:48:19.976-0400] {processor.py:161} INFO - Processing /Users/jl/Documents/Repos/GHC-2022-data-engineering-workshop/venv/lib/python3.8/site-packages/airflow/example_dags/example_xcomargs.py took 1.147 seconds
[2022-08-29T20:49:15.759-0400] {processor.py:153} INFO - Started process (PID=17145) to work on /Users/jl/Documents/Repos/GHC-2022-data-engineering-workshop/venv/lib/python3.8/site-packages/airflow/example_dags/example_xcomargs.py
[2022-08-29T20:49:15.767-0400] {processor.py:640} INFO - Processing file /Users/jl/Documents/Repos/GHC-2022-data-engineering-workshop/venv/lib/python3.8/site-packages/airflow/example_dags/example_xcomargs.py for tasks to queue
[2022-08-29T20:49:15.768-0400] {logging_mixin.py:115} INFO - [2022-08-29T20:49:15.767-0400] {dagbag.py:508} INFO - Filling up the DagBag from /Users/jl/Documents/Repos/GHC-2022-data-engineering-workshop/venv/lib/python3.8/site-packages/airflow/example_dags/example_xcomargs.py
[2022-08-29T20:49:15.808-0400] {processor.py:650} INFO - DAG(s) dict_keys(['example_xcom_args', 'example_xcom_args_with_operators']) retrieved from /Users/jl/Documents/Repos/GHC-2022-data-engineering-workshop/venv/lib/python3.8/site-packages/airflow/example_dags/example_xcomargs.py
[2022-08-29T20:49:16.556-0400] {logging_mixin.py:115} INFO - [2022-08-29T20:49:16.556-0400] {dag.py:2429} INFO - Sync 2 DAGs
[2022-08-29T20:49:16.575-0400] {logging_mixin.py:115} INFO - [2022-08-29T20:49:16.575-0400] {dag.py:2977} INFO - Setting next_dagrun for example_xcom_args to None, run_after=None
[2022-08-29T20:49:16.575-0400] {logging_mixin.py:115} INFO - [2022-08-29T20:49:16.575-0400] {dag.py:2977} INFO - Setting next_dagrun for example_xcom_args_with_operators to None, run_after=None
[2022-08-29T20:49:16.591-0400] {processor.py:161} INFO - Processing /Users/jl/Documents/Repos/GHC-2022-data-engineering-workshop/venv/lib/python3.8/site-packages/airflow/example_dags/example_xcomargs.py took 0.833 seconds
[2022-08-29T20:50:51.984-0400] {processor.py:153} INFO - Started process (PID=17233) to work on /Users/jl/Documents/Repos/GHC-2022-data-engineering-workshop/venv/lib/python3.8/site-packages/airflow/example_dags/example_xcomargs.py
[2022-08-29T20:50:51.992-0400] {processor.py:640} INFO - Processing file /Users/jl/Documents/Repos/GHC-2022-data-engineering-workshop/venv/lib/python3.8/site-packages/airflow/example_dags/example_xcomargs.py for tasks to queue
[2022-08-29T20:50:51.993-0400] {logging_mixin.py:115} INFO - [2022-08-29T20:50:51.993-0400] {dagbag.py:508} INFO - Filling up the DagBag from /Users/jl/Documents/Repos/GHC-2022-data-engineering-workshop/venv/lib/python3.8/site-packages/airflow/example_dags/example_xcomargs.py
[2022-08-29T20:50:52.033-0400] {processor.py:650} INFO - DAG(s) dict_keys(['example_xcom_args', 'example_xcom_args_with_operators']) retrieved from /Users/jl/Documents/Repos/GHC-2022-data-engineering-workshop/venv/lib/python3.8/site-packages/airflow/example_dags/example_xcomargs.py
[2022-08-29T20:50:52.761-0400] {logging_mixin.py:115} INFO - [2022-08-29T20:50:52.760-0400] {dag.py:2429} INFO - Sync 2 DAGs
[2022-08-29T20:50:52.779-0400] {logging_mixin.py:115} INFO - [2022-08-29T20:50:52.779-0400] {dag.py:2977} INFO - Setting next_dagrun for example_xcom_args to None, run_after=None
[2022-08-29T20:50:52.780-0400] {logging_mixin.py:115} INFO - [2022-08-29T20:50:52.780-0400] {dag.py:2977} INFO - Setting next_dagrun for example_xcom_args_with_operators to None, run_after=None
[2022-08-29T20:50:52.795-0400] {processor.py:161} INFO - Processing /Users/jl/Documents/Repos/GHC-2022-data-engineering-workshop/venv/lib/python3.8/site-packages/airflow/example_dags/example_xcomargs.py took 0.812 seconds
[2022-08-29T20:52:29.231-0400] {processor.py:153} INFO - Started process (PID=17324) to work on /Users/jl/Documents/Repos/GHC-2022-data-engineering-workshop/venv/lib/python3.8/site-packages/airflow/example_dags/example_xcomargs.py
[2022-08-29T20:52:29.239-0400] {processor.py:640} INFO - Processing file /Users/jl/Documents/Repos/GHC-2022-data-engineering-workshop/venv/lib/python3.8/site-packages/airflow/example_dags/example_xcomargs.py for tasks to queue
[2022-08-29T20:52:29.240-0400] {logging_mixin.py:115} INFO - [2022-08-29T20:52:29.240-0400] {dagbag.py:508} INFO - Filling up the DagBag from /Users/jl/Documents/Repos/GHC-2022-data-engineering-workshop/venv/lib/python3.8/site-packages/airflow/example_dags/example_xcomargs.py
[2022-08-29T20:52:29.281-0400] {processor.py:650} INFO - DAG(s) dict_keys(['example_xcom_args', 'example_xcom_args_with_operators']) retrieved from /Users/jl/Documents/Repos/GHC-2022-data-engineering-workshop/venv/lib/python3.8/site-packages/airflow/example_dags/example_xcomargs.py
[2022-08-29T20:52:29.999-0400] {logging_mixin.py:115} INFO - [2022-08-29T20:52:29.999-0400] {dag.py:2429} INFO - Sync 2 DAGs
[2022-08-29T20:52:30.018-0400] {logging_mixin.py:115} INFO - [2022-08-29T20:52:30.018-0400] {dag.py:2977} INFO - Setting next_dagrun for example_xcom_args to None, run_after=None
[2022-08-29T20:52:30.018-0400] {logging_mixin.py:115} INFO - [2022-08-29T20:52:30.018-0400] {dag.py:2977} INFO - Setting next_dagrun for example_xcom_args_with_operators to None, run_after=None
[2022-08-29T20:52:30.034-0400] {processor.py:161} INFO - Processing /Users/jl/Documents/Repos/GHC-2022-data-engineering-workshop/venv/lib/python3.8/site-packages/airflow/example_dags/example_xcomargs.py took 0.804 seconds
[2022-08-29T20:53:21.336-0400] {processor.py:153} INFO - Started process (PID=17370) to work on /Users/jl/Documents/Repos/GHC-2022-data-engineering-workshop/venv/lib/python3.8/site-packages/airflow/example_dags/example_xcomargs.py
[2022-08-29T20:53:21.346-0400] {processor.py:640} INFO - Processing file /Users/jl/Documents/Repos/GHC-2022-data-engineering-workshop/venv/lib/python3.8/site-packages/airflow/example_dags/example_xcomargs.py for tasks to queue
[2022-08-29T20:53:21.347-0400] {logging_mixin.py:115} INFO - [2022-08-29T20:53:21.347-0400] {dagbag.py:508} INFO - Filling up the DagBag from /Users/jl/Documents/Repos/GHC-2022-data-engineering-workshop/venv/lib/python3.8/site-packages/airflow/example_dags/example_xcomargs.py
[2022-08-29T20:53:21.395-0400] {processor.py:650} INFO - DAG(s) dict_keys(['example_xcom_args', 'example_xcom_args_with_operators']) retrieved from /Users/jl/Documents/Repos/GHC-2022-data-engineering-workshop/venv/lib/python3.8/site-packages/airflow/example_dags/example_xcomargs.py
[2022-08-29T20:53:22.193-0400] {logging_mixin.py:115} INFO - [2022-08-29T20:53:22.193-0400] {dag.py:2429} INFO - Sync 2 DAGs
[2022-08-29T20:53:22.213-0400] {logging_mixin.py:115} INFO - [2022-08-29T20:53:22.213-0400] {dag.py:2977} INFO - Setting next_dagrun for example_xcom_args to None, run_after=None
[2022-08-29T20:53:22.213-0400] {logging_mixin.py:115} INFO - [2022-08-29T20:53:22.213-0400] {dag.py:2977} INFO - Setting next_dagrun for example_xcom_args_with_operators to None, run_after=None
[2022-08-29T20:53:22.230-0400] {processor.py:161} INFO - Processing /Users/jl/Documents/Repos/GHC-2022-data-engineering-workshop/venv/lib/python3.8/site-packages/airflow/example_dags/example_xcomargs.py took 0.897 seconds
[2022-08-29T20:54:24.390-0400] {processor.py:153} INFO - Started process (PID=17417) to work on /Users/jl/Documents/Repos/GHC-2022-data-engineering-workshop/venv/lib/python3.8/site-packages/airflow/example_dags/example_xcomargs.py
[2022-08-29T20:54:24.404-0400] {processor.py:640} INFO - Processing file /Users/jl/Documents/Repos/GHC-2022-data-engineering-workshop/venv/lib/python3.8/site-packages/airflow/example_dags/example_xcomargs.py for tasks to queue
[2022-08-29T20:54:24.405-0400] {logging_mixin.py:115} INFO - [2022-08-29T20:54:24.405-0400] {dagbag.py:508} INFO - Filling up the DagBag from /Users/jl/Documents/Repos/GHC-2022-data-engineering-workshop/venv/lib/python3.8/site-packages/airflow/example_dags/example_xcomargs.py
[2022-08-29T20:54:24.454-0400] {processor.py:650} INFO - DAG(s) dict_keys(['example_xcom_args', 'example_xcom_args_with_operators']) retrieved from /Users/jl/Documents/Repos/GHC-2022-data-engineering-workshop/venv/lib/python3.8/site-packages/airflow/example_dags/example_xcomargs.py
[2022-08-29T20:54:25.602-0400] {logging_mixin.py:115} INFO - [2022-08-29T20:54:25.601-0400] {dag.py:2429} INFO - Sync 2 DAGs
[2022-08-29T20:54:25.629-0400] {logging_mixin.py:115} INFO - [2022-08-29T20:54:25.628-0400] {dag.py:2977} INFO - Setting next_dagrun for example_xcom_args to None, run_after=None
[2022-08-29T20:54:25.630-0400] {logging_mixin.py:115} INFO - [2022-08-29T20:54:25.630-0400] {dag.py:2977} INFO - Setting next_dagrun for example_xcom_args_with_operators to None, run_after=None
[2022-08-29T20:54:25.649-0400] {processor.py:161} INFO - Processing /Users/jl/Documents/Repos/GHC-2022-data-engineering-workshop/venv/lib/python3.8/site-packages/airflow/example_dags/example_xcomargs.py took 1.260 seconds
[2022-08-29T20:55:27.182-0400] {processor.py:153} INFO - Started process (PID=17468) to work on /Users/jl/Documents/Repos/GHC-2022-data-engineering-workshop/venv/lib/python3.8/site-packages/airflow/example_dags/example_xcomargs.py
[2022-08-29T20:55:27.190-0400] {processor.py:640} INFO - Processing file /Users/jl/Documents/Repos/GHC-2022-data-engineering-workshop/venv/lib/python3.8/site-packages/airflow/example_dags/example_xcomargs.py for tasks to queue
[2022-08-29T20:55:27.191-0400] {logging_mixin.py:115} INFO - [2022-08-29T20:55:27.190-0400] {dagbag.py:508} INFO - Filling up the DagBag from /Users/jl/Documents/Repos/GHC-2022-data-engineering-workshop/venv/lib/python3.8/site-packages/airflow/example_dags/example_xcomargs.py
[2022-08-29T20:55:27.231-0400] {processor.py:650} INFO - DAG(s) dict_keys(['example_xcom_args', 'example_xcom_args_with_operators']) retrieved from /Users/jl/Documents/Repos/GHC-2022-data-engineering-workshop/venv/lib/python3.8/site-packages/airflow/example_dags/example_xcomargs.py
[2022-08-29T20:55:27.948-0400] {logging_mixin.py:115} INFO - [2022-08-29T20:55:27.947-0400] {dag.py:2429} INFO - Sync 2 DAGs
[2022-08-29T20:55:27.966-0400] {logging_mixin.py:115} INFO - [2022-08-29T20:55:27.966-0400] {dag.py:2977} INFO - Setting next_dagrun for example_xcom_args to None, run_after=None
[2022-08-29T20:55:27.967-0400] {logging_mixin.py:115} INFO - [2022-08-29T20:55:27.967-0400] {dag.py:2977} INFO - Setting next_dagrun for example_xcom_args_with_operators to None, run_after=None
[2022-08-29T20:55:27.983-0400] {processor.py:161} INFO - Processing /Users/jl/Documents/Repos/GHC-2022-data-engineering-workshop/venv/lib/python3.8/site-packages/airflow/example_dags/example_xcomargs.py took 0.802 seconds
[2022-08-29T20:56:20.479-0400] {processor.py:153} INFO - Started process (PID=17514) to work on /Users/jl/Documents/Repos/GHC-2022-data-engineering-workshop/venv/lib/python3.8/site-packages/airflow/example_dags/example_xcomargs.py
[2022-08-29T20:56:20.488-0400] {processor.py:640} INFO - Processing file /Users/jl/Documents/Repos/GHC-2022-data-engineering-workshop/venv/lib/python3.8/site-packages/airflow/example_dags/example_xcomargs.py for tasks to queue
[2022-08-29T20:56:20.488-0400] {logging_mixin.py:115} INFO - [2022-08-29T20:56:20.488-0400] {dagbag.py:508} INFO - Filling up the DagBag from /Users/jl/Documents/Repos/GHC-2022-data-engineering-workshop/venv/lib/python3.8/site-packages/airflow/example_dags/example_xcomargs.py
[2022-08-29T20:56:20.529-0400] {processor.py:650} INFO - DAG(s) dict_keys(['example_xcom_args', 'example_xcom_args_with_operators']) retrieved from /Users/jl/Documents/Repos/GHC-2022-data-engineering-workshop/venv/lib/python3.8/site-packages/airflow/example_dags/example_xcomargs.py
[2022-08-29T20:56:21.251-0400] {logging_mixin.py:115} INFO - [2022-08-29T20:56:21.250-0400] {dag.py:2429} INFO - Sync 2 DAGs
[2022-08-29T20:56:21.269-0400] {logging_mixin.py:115} INFO - [2022-08-29T20:56:21.269-0400] {dag.py:2977} INFO - Setting next_dagrun for example_xcom_args to None, run_after=None
[2022-08-29T20:56:21.270-0400] {logging_mixin.py:115} INFO - [2022-08-29T20:56:21.269-0400] {dag.py:2977} INFO - Setting next_dagrun for example_xcom_args_with_operators to None, run_after=None
[2022-08-29T20:56:21.284-0400] {processor.py:161} INFO - Processing /Users/jl/Documents/Repos/GHC-2022-data-engineering-workshop/venv/lib/python3.8/site-packages/airflow/example_dags/example_xcomargs.py took 0.806 seconds
[2022-08-29T20:58:21.161-0400] {processor.py:153} INFO - Started process (PID=17618) to work on /Users/jl/Documents/Repos/GHC-2022-data-engineering-workshop/venv/lib/python3.8/site-packages/airflow/example_dags/example_xcomargs.py
[2022-08-29T20:58:21.170-0400] {processor.py:640} INFO - Processing file /Users/jl/Documents/Repos/GHC-2022-data-engineering-workshop/venv/lib/python3.8/site-packages/airflow/example_dags/example_xcomargs.py for tasks to queue
[2022-08-29T20:58:21.172-0400] {logging_mixin.py:115} INFO - [2022-08-29T20:58:21.171-0400] {dagbag.py:508} INFO - Filling up the DagBag from /Users/jl/Documents/Repos/GHC-2022-data-engineering-workshop/venv/lib/python3.8/site-packages/airflow/example_dags/example_xcomargs.py
[2022-08-29T20:58:21.217-0400] {processor.py:650} INFO - DAG(s) dict_keys(['example_xcom_args', 'example_xcom_args_with_operators']) retrieved from /Users/jl/Documents/Repos/GHC-2022-data-engineering-workshop/venv/lib/python3.8/site-packages/airflow/example_dags/example_xcomargs.py
[2022-08-29T20:58:21.957-0400] {logging_mixin.py:115} INFO - [2022-08-29T20:58:21.957-0400] {dag.py:2429} INFO - Sync 2 DAGs
[2022-08-29T20:58:21.978-0400] {logging_mixin.py:115} INFO - [2022-08-29T20:58:21.978-0400] {dag.py:2977} INFO - Setting next_dagrun for example_xcom_args to None, run_after=None
[2022-08-29T20:58:21.979-0400] {logging_mixin.py:115} INFO - [2022-08-29T20:58:21.979-0400] {dag.py:2977} INFO - Setting next_dagrun for example_xcom_args_with_operators to None, run_after=None
[2022-08-29T20:58:21.996-0400] {processor.py:161} INFO - Processing /Users/jl/Documents/Repos/GHC-2022-data-engineering-workshop/venv/lib/python3.8/site-packages/airflow/example_dags/example_xcomargs.py took 0.836 seconds
[2022-08-29T20:59:33.473-0400] {processor.py:153} INFO - Started process (PID=17697) to work on /Users/jl/Documents/Repos/GHC-2022-data-engineering-workshop/venv/lib/python3.8/site-packages/airflow/example_dags/example_xcomargs.py
[2022-08-29T20:59:33.492-0400] {processor.py:640} INFO - Processing file /Users/jl/Documents/Repos/GHC-2022-data-engineering-workshop/venv/lib/python3.8/site-packages/airflow/example_dags/example_xcomargs.py for tasks to queue
[2022-08-29T20:59:33.493-0400] {logging_mixin.py:115} INFO - [2022-08-29T20:59:33.492-0400] {dagbag.py:508} INFO - Filling up the DagBag from /Users/jl/Documents/Repos/GHC-2022-data-engineering-workshop/venv/lib/python3.8/site-packages/airflow/example_dags/example_xcomargs.py
[2022-08-29T20:59:33.673-0400] {processor.py:650} INFO - DAG(s) dict_keys(['example_xcom_args', 'example_xcom_args_with_operators']) retrieved from /Users/jl/Documents/Repos/GHC-2022-data-engineering-workshop/venv/lib/python3.8/site-packages/airflow/example_dags/example_xcomargs.py
[2022-08-29T20:59:34.866-0400] {logging_mixin.py:115} INFO - [2022-08-29T20:59:34.866-0400] {dag.py:2429} INFO - Sync 2 DAGs
[2022-08-29T20:59:34.889-0400] {logging_mixin.py:115} INFO - [2022-08-29T20:59:34.889-0400] {dag.py:2977} INFO - Setting next_dagrun for example_xcom_args to None, run_after=None
[2022-08-29T20:59:34.890-0400] {logging_mixin.py:115} INFO - [2022-08-29T20:59:34.889-0400] {dag.py:2977} INFO - Setting next_dagrun for example_xcom_args_with_operators to None, run_after=None
[2022-08-29T20:59:34.910-0400] {processor.py:161} INFO - Processing /Users/jl/Documents/Repos/GHC-2022-data-engineering-workshop/venv/lib/python3.8/site-packages/airflow/example_dags/example_xcomargs.py took 1.439 seconds
[2022-08-29T21:00:32.375-0400] {processor.py:153} INFO - Started process (PID=17761) to work on /Users/jl/Documents/Repos/GHC-2022-data-engineering-workshop/venv/lib/python3.8/site-packages/airflow/example_dags/example_xcomargs.py
[2022-08-29T21:00:32.386-0400] {processor.py:640} INFO - Processing file /Users/jl/Documents/Repos/GHC-2022-data-engineering-workshop/venv/lib/python3.8/site-packages/airflow/example_dags/example_xcomargs.py for tasks to queue
[2022-08-29T21:00:32.386-0400] {logging_mixin.py:115} INFO - [2022-08-29T21:00:32.386-0400] {dagbag.py:508} INFO - Filling up the DagBag from /Users/jl/Documents/Repos/GHC-2022-data-engineering-workshop/venv/lib/python3.8/site-packages/airflow/example_dags/example_xcomargs.py
[2022-08-29T21:00:32.430-0400] {processor.py:650} INFO - DAG(s) dict_keys(['example_xcom_args', 'example_xcom_args_with_operators']) retrieved from /Users/jl/Documents/Repos/GHC-2022-data-engineering-workshop/venv/lib/python3.8/site-packages/airflow/example_dags/example_xcomargs.py
[2022-08-29T21:00:33.313-0400] {logging_mixin.py:115} INFO - [2022-08-29T21:00:33.313-0400] {dag.py:2429} INFO - Sync 2 DAGs
[2022-08-29T21:00:33.332-0400] {logging_mixin.py:115} INFO - [2022-08-29T21:00:33.332-0400] {dag.py:2977} INFO - Setting next_dagrun for example_xcom_args to None, run_after=None
[2022-08-29T21:00:33.333-0400] {logging_mixin.py:115} INFO - [2022-08-29T21:00:33.332-0400] {dag.py:2977} INFO - Setting next_dagrun for example_xcom_args_with_operators to None, run_after=None
[2022-08-29T21:00:33.349-0400] {processor.py:161} INFO - Processing /Users/jl/Documents/Repos/GHC-2022-data-engineering-workshop/venv/lib/python3.8/site-packages/airflow/example_dags/example_xcomargs.py took 0.975 seconds
[2022-08-29T21:01:31.484-0400] {processor.py:153} INFO - Started process (PID=17818) to work on /Users/jl/Documents/Repos/GHC-2022-data-engineering-workshop/venv/lib/python3.8/site-packages/airflow/example_dags/example_xcomargs.py
[2022-08-29T21:01:31.492-0400] {processor.py:640} INFO - Processing file /Users/jl/Documents/Repos/GHC-2022-data-engineering-workshop/venv/lib/python3.8/site-packages/airflow/example_dags/example_xcomargs.py for tasks to queue
[2022-08-29T21:01:31.492-0400] {logging_mixin.py:115} INFO - [2022-08-29T21:01:31.492-0400] {dagbag.py:508} INFO - Filling up the DagBag from /Users/jl/Documents/Repos/GHC-2022-data-engineering-workshop/venv/lib/python3.8/site-packages/airflow/example_dags/example_xcomargs.py
[2022-08-29T21:01:31.533-0400] {processor.py:650} INFO - DAG(s) dict_keys(['example_xcom_args', 'example_xcom_args_with_operators']) retrieved from /Users/jl/Documents/Repos/GHC-2022-data-engineering-workshop/venv/lib/python3.8/site-packages/airflow/example_dags/example_xcomargs.py
[2022-08-29T21:01:32.249-0400] {logging_mixin.py:115} INFO - [2022-08-29T21:01:32.249-0400] {dag.py:2429} INFO - Sync 2 DAGs
[2022-08-29T21:01:32.268-0400] {logging_mixin.py:115} INFO - [2022-08-29T21:01:32.267-0400] {dag.py:2977} INFO - Setting next_dagrun for example_xcom_args to None, run_after=None
[2022-08-29T21:01:32.268-0400] {logging_mixin.py:115} INFO - [2022-08-29T21:01:32.268-0400] {dag.py:2977} INFO - Setting next_dagrun for example_xcom_args_with_operators to None, run_after=None
[2022-08-29T21:01:32.284-0400] {processor.py:161} INFO - Processing /Users/jl/Documents/Repos/GHC-2022-data-engineering-workshop/venv/lib/python3.8/site-packages/airflow/example_dags/example_xcomargs.py took 0.801 seconds
