[2022-08-29T20:01:00.454-0400] {processor.py:153} INFO - Started process (PID=14399) to work on /Users/jl/Documents/Repos/GHC-2022-data-engineering-workshop/venv/lib/python3.8/site-packages/airflow/example_dags/example_short_circuit_operator.py
[2022-08-29T20:01:00.462-0400] {processor.py:640} INFO - Processing file /Users/jl/Documents/Repos/GHC-2022-data-engineering-workshop/venv/lib/python3.8/site-packages/airflow/example_dags/example_short_circuit_operator.py for tasks to queue
[2022-08-29T20:01:00.463-0400] {logging_mixin.py:115} INFO - [2022-08-29T20:01:00.463-0400] {dagbag.py:508} INFO - Filling up the DagBag from /Users/jl/Documents/Repos/GHC-2022-data-engineering-workshop/venv/lib/python3.8/site-packages/airflow/example_dags/example_short_circuit_operator.py
[2022-08-29T20:01:00.496-0400] {processor.py:650} INFO - DAG(s) dict_keys(['example_short_circuit_operator']) retrieved from /Users/jl/Documents/Repos/GHC-2022-data-engineering-workshop/venv/lib/python3.8/site-packages/airflow/example_dags/example_short_circuit_operator.py
[2022-08-29T20:01:00.576-0400] {logging_mixin.py:115} INFO - [2022-08-29T20:01:00.575-0400] {dag.py:2429} INFO - Sync 1 DAGs
[2022-08-29T20:01:00.594-0400] {logging_mixin.py:115} INFO - [2022-08-29T20:01:00.594-0400] {dag.py:2977} INFO - Setting next_dagrun for example_short_circuit_operator to 2022-08-29T00:01:00.594097+00:00, run_after=2022-08-30T00:01:00.594097+00:00
[2022-08-29T20:01:00.609-0400] {processor.py:161} INFO - Processing /Users/jl/Documents/Repos/GHC-2022-data-engineering-workshop/venv/lib/python3.8/site-packages/airflow/example_dags/example_short_circuit_operator.py took 0.156 seconds
[2022-08-29T20:02:29.091-0400] {processor.py:153} INFO - Started process (PID=14484) to work on /Users/jl/Documents/Repos/GHC-2022-data-engineering-workshop/venv/lib/python3.8/site-packages/airflow/example_dags/example_short_circuit_operator.py
[2022-08-29T20:02:29.099-0400] {processor.py:640} INFO - Processing file /Users/jl/Documents/Repos/GHC-2022-data-engineering-workshop/venv/lib/python3.8/site-packages/airflow/example_dags/example_short_circuit_operator.py for tasks to queue
[2022-08-29T20:02:29.099-0400] {logging_mixin.py:115} INFO - [2022-08-29T20:02:29.099-0400] {dagbag.py:508} INFO - Filling up the DagBag from /Users/jl/Documents/Repos/GHC-2022-data-engineering-workshop/venv/lib/python3.8/site-packages/airflow/example_dags/example_short_circuit_operator.py
[2022-08-29T20:02:29.130-0400] {processor.py:650} INFO - DAG(s) dict_keys(['example_short_circuit_operator']) retrieved from /Users/jl/Documents/Repos/GHC-2022-data-engineering-workshop/venv/lib/python3.8/site-packages/airflow/example_dags/example_short_circuit_operator.py
[2022-08-29T20:02:29.207-0400] {logging_mixin.py:115} INFO - [2022-08-29T20:02:29.207-0400] {dag.py:2429} INFO - Sync 1 DAGs
[2022-08-29T20:02:29.226-0400] {logging_mixin.py:115} INFO - [2022-08-29T20:02:29.226-0400] {dag.py:2977} INFO - Setting next_dagrun for example_short_circuit_operator to 2022-08-29T00:02:29.225888+00:00, run_after=2022-08-30T00:02:29.225888+00:00
[2022-08-29T20:02:29.240-0400] {processor.py:161} INFO - Processing /Users/jl/Documents/Repos/GHC-2022-data-engineering-workshop/venv/lib/python3.8/site-packages/airflow/example_dags/example_short_circuit_operator.py took 0.151 seconds
[2022-08-29T20:03:53.335-0400] {processor.py:153} INFO - Started process (PID=14563) to work on /Users/jl/Documents/Repos/GHC-2022-data-engineering-workshop/venv/lib/python3.8/site-packages/airflow/example_dags/example_short_circuit_operator.py
[2022-08-29T20:03:53.344-0400] {processor.py:640} INFO - Processing file /Users/jl/Documents/Repos/GHC-2022-data-engineering-workshop/venv/lib/python3.8/site-packages/airflow/example_dags/example_short_circuit_operator.py for tasks to queue
[2022-08-29T20:03:53.344-0400] {logging_mixin.py:115} INFO - [2022-08-29T20:03:53.344-0400] {dagbag.py:508} INFO - Filling up the DagBag from /Users/jl/Documents/Repos/GHC-2022-data-engineering-workshop/venv/lib/python3.8/site-packages/airflow/example_dags/example_short_circuit_operator.py
[2022-08-29T20:03:53.376-0400] {processor.py:650} INFO - DAG(s) dict_keys(['example_short_circuit_operator']) retrieved from /Users/jl/Documents/Repos/GHC-2022-data-engineering-workshop/venv/lib/python3.8/site-packages/airflow/example_dags/example_short_circuit_operator.py
[2022-08-29T20:03:53.454-0400] {logging_mixin.py:115} INFO - [2022-08-29T20:03:53.454-0400] {dag.py:2429} INFO - Sync 1 DAGs
[2022-08-29T20:03:53.473-0400] {logging_mixin.py:115} INFO - [2022-08-29T20:03:53.473-0400] {dag.py:2977} INFO - Setting next_dagrun for example_short_circuit_operator to 2022-08-29T00:03:53.473061+00:00, run_after=2022-08-30T00:03:53.473061+00:00
[2022-08-29T20:03:53.487-0400] {processor.py:161} INFO - Processing /Users/jl/Documents/Repos/GHC-2022-data-engineering-workshop/venv/lib/python3.8/site-packages/airflow/example_dags/example_short_circuit_operator.py took 0.153 seconds
[2022-08-29T20:05:21.145-0400] {processor.py:153} INFO - Started process (PID=14644) to work on /Users/jl/Documents/Repos/GHC-2022-data-engineering-workshop/venv/lib/python3.8/site-packages/airflow/example_dags/example_short_circuit_operator.py
[2022-08-29T20:05:21.153-0400] {processor.py:640} INFO - Processing file /Users/jl/Documents/Repos/GHC-2022-data-engineering-workshop/venv/lib/python3.8/site-packages/airflow/example_dags/example_short_circuit_operator.py for tasks to queue
[2022-08-29T20:05:21.154-0400] {logging_mixin.py:115} INFO - [2022-08-29T20:05:21.154-0400] {dagbag.py:508} INFO - Filling up the DagBag from /Users/jl/Documents/Repos/GHC-2022-data-engineering-workshop/venv/lib/python3.8/site-packages/airflow/example_dags/example_short_circuit_operator.py
[2022-08-29T20:05:21.185-0400] {processor.py:650} INFO - DAG(s) dict_keys(['example_short_circuit_operator']) retrieved from /Users/jl/Documents/Repos/GHC-2022-data-engineering-workshop/venv/lib/python3.8/site-packages/airflow/example_dags/example_short_circuit_operator.py
[2022-08-29T20:05:21.263-0400] {logging_mixin.py:115} INFO - [2022-08-29T20:05:21.262-0400] {dag.py:2429} INFO - Sync 1 DAGs
[2022-08-29T20:05:21.281-0400] {logging_mixin.py:115} INFO - [2022-08-29T20:05:21.281-0400] {dag.py:2977} INFO - Setting next_dagrun for example_short_circuit_operator to 2022-08-29T00:05:21.281273+00:00, run_after=2022-08-30T00:05:21.281273+00:00
[2022-08-29T20:05:21.296-0400] {processor.py:161} INFO - Processing /Users/jl/Documents/Repos/GHC-2022-data-engineering-workshop/venv/lib/python3.8/site-packages/airflow/example_dags/example_short_circuit_operator.py took 0.152 seconds
[2022-08-29T20:06:47.159-0400] {processor.py:153} INFO - Started process (PID=14724) to work on /Users/jl/Documents/Repos/GHC-2022-data-engineering-workshop/venv/lib/python3.8/site-packages/airflow/example_dags/example_short_circuit_operator.py
[2022-08-29T20:06:47.167-0400] {processor.py:640} INFO - Processing file /Users/jl/Documents/Repos/GHC-2022-data-engineering-workshop/venv/lib/python3.8/site-packages/airflow/example_dags/example_short_circuit_operator.py for tasks to queue
[2022-08-29T20:06:47.167-0400] {logging_mixin.py:115} INFO - [2022-08-29T20:06:47.167-0400] {dagbag.py:508} INFO - Filling up the DagBag from /Users/jl/Documents/Repos/GHC-2022-data-engineering-workshop/venv/lib/python3.8/site-packages/airflow/example_dags/example_short_circuit_operator.py
[2022-08-29T20:06:47.199-0400] {processor.py:650} INFO - DAG(s) dict_keys(['example_short_circuit_operator']) retrieved from /Users/jl/Documents/Repos/GHC-2022-data-engineering-workshop/venv/lib/python3.8/site-packages/airflow/example_dags/example_short_circuit_operator.py
[2022-08-29T20:06:47.276-0400] {logging_mixin.py:115} INFO - [2022-08-29T20:06:47.275-0400] {dag.py:2429} INFO - Sync 1 DAGs
[2022-08-29T20:06:47.294-0400] {logging_mixin.py:115} INFO - [2022-08-29T20:06:47.294-0400] {dag.py:2977} INFO - Setting next_dagrun for example_short_circuit_operator to 2022-08-29T00:06:47.294057+00:00, run_after=2022-08-30T00:06:47.294057+00:00
[2022-08-29T20:06:47.309-0400] {processor.py:161} INFO - Processing /Users/jl/Documents/Repos/GHC-2022-data-engineering-workshop/venv/lib/python3.8/site-packages/airflow/example_dags/example_short_circuit_operator.py took 0.151 seconds
[2022-08-29T20:08:13.923-0400] {processor.py:153} INFO - Started process (PID=14806) to work on /Users/jl/Documents/Repos/GHC-2022-data-engineering-workshop/venv/lib/python3.8/site-packages/airflow/example_dags/example_short_circuit_operator.py
[2022-08-29T20:08:13.932-0400] {processor.py:640} INFO - Processing file /Users/jl/Documents/Repos/GHC-2022-data-engineering-workshop/venv/lib/python3.8/site-packages/airflow/example_dags/example_short_circuit_operator.py for tasks to queue
[2022-08-29T20:08:13.932-0400] {logging_mixin.py:115} INFO - [2022-08-29T20:08:13.932-0400] {dagbag.py:508} INFO - Filling up the DagBag from /Users/jl/Documents/Repos/GHC-2022-data-engineering-workshop/venv/lib/python3.8/site-packages/airflow/example_dags/example_short_circuit_operator.py
[2022-08-29T20:08:13.965-0400] {processor.py:650} INFO - DAG(s) dict_keys(['example_short_circuit_operator']) retrieved from /Users/jl/Documents/Repos/GHC-2022-data-engineering-workshop/venv/lib/python3.8/site-packages/airflow/example_dags/example_short_circuit_operator.py
[2022-08-29T20:08:14.044-0400] {logging_mixin.py:115} INFO - [2022-08-29T20:08:14.043-0400] {dag.py:2429} INFO - Sync 1 DAGs
[2022-08-29T20:08:14.063-0400] {logging_mixin.py:115} INFO - [2022-08-29T20:08:14.063-0400] {dag.py:2977} INFO - Setting next_dagrun for example_short_circuit_operator to 2022-08-29T00:08:14.063047+00:00, run_after=2022-08-30T00:08:14.063047+00:00
[2022-08-29T20:08:14.078-0400] {processor.py:161} INFO - Processing /Users/jl/Documents/Repos/GHC-2022-data-engineering-workshop/venv/lib/python3.8/site-packages/airflow/example_dags/example_short_circuit_operator.py took 0.157 seconds
[2022-08-29T20:09:43.111-0400] {processor.py:153} INFO - Started process (PID=14888) to work on /Users/jl/Documents/Repos/GHC-2022-data-engineering-workshop/venv/lib/python3.8/site-packages/airflow/example_dags/example_short_circuit_operator.py
[2022-08-29T20:09:43.121-0400] {processor.py:640} INFO - Processing file /Users/jl/Documents/Repos/GHC-2022-data-engineering-workshop/venv/lib/python3.8/site-packages/airflow/example_dags/example_short_circuit_operator.py for tasks to queue
[2022-08-29T20:09:43.122-0400] {logging_mixin.py:115} INFO - [2022-08-29T20:09:43.122-0400] {dagbag.py:508} INFO - Filling up the DagBag from /Users/jl/Documents/Repos/GHC-2022-data-engineering-workshop/venv/lib/python3.8/site-packages/airflow/example_dags/example_short_circuit_operator.py
[2022-08-29T20:09:43.155-0400] {processor.py:650} INFO - DAG(s) dict_keys(['example_short_circuit_operator']) retrieved from /Users/jl/Documents/Repos/GHC-2022-data-engineering-workshop/venv/lib/python3.8/site-packages/airflow/example_dags/example_short_circuit_operator.py
[2022-08-29T20:09:43.234-0400] {logging_mixin.py:115} INFO - [2022-08-29T20:09:43.233-0400] {dag.py:2429} INFO - Sync 1 DAGs
[2022-08-29T20:09:43.252-0400] {logging_mixin.py:115} INFO - [2022-08-29T20:09:43.252-0400] {dag.py:2977} INFO - Setting next_dagrun for example_short_circuit_operator to 2022-08-29T00:09:43.252349+00:00, run_after=2022-08-30T00:09:43.252349+00:00
[2022-08-29T20:09:43.266-0400] {processor.py:161} INFO - Processing /Users/jl/Documents/Repos/GHC-2022-data-engineering-workshop/venv/lib/python3.8/site-packages/airflow/example_dags/example_short_circuit_operator.py took 0.155 seconds
[2022-08-29T20:11:21.945-0400] {processor.py:153} INFO - Started process (PID=14979) to work on /Users/jl/Documents/Repos/GHC-2022-data-engineering-workshop/venv/lib/python3.8/site-packages/airflow/example_dags/example_short_circuit_operator.py
[2022-08-29T20:11:21.955-0400] {processor.py:640} INFO - Processing file /Users/jl/Documents/Repos/GHC-2022-data-engineering-workshop/venv/lib/python3.8/site-packages/airflow/example_dags/example_short_circuit_operator.py for tasks to queue
[2022-08-29T20:11:21.956-0400] {logging_mixin.py:115} INFO - [2022-08-29T20:11:21.956-0400] {dagbag.py:508} INFO - Filling up the DagBag from /Users/jl/Documents/Repos/GHC-2022-data-engineering-workshop/venv/lib/python3.8/site-packages/airflow/example_dags/example_short_circuit_operator.py
[2022-08-29T20:11:21.989-0400] {processor.py:650} INFO - DAG(s) dict_keys(['example_short_circuit_operator']) retrieved from /Users/jl/Documents/Repos/GHC-2022-data-engineering-workshop/venv/lib/python3.8/site-packages/airflow/example_dags/example_short_circuit_operator.py
[2022-08-29T20:11:22.067-0400] {logging_mixin.py:115} INFO - [2022-08-29T20:11:22.066-0400] {dag.py:2429} INFO - Sync 1 DAGs
[2022-08-29T20:11:22.085-0400] {logging_mixin.py:115} INFO - [2022-08-29T20:11:22.085-0400] {dag.py:2977} INFO - Setting next_dagrun for example_short_circuit_operator to 2022-08-29T00:11:22.085243+00:00, run_after=2022-08-30T00:11:22.085243+00:00
[2022-08-29T20:11:22.099-0400] {processor.py:161} INFO - Processing /Users/jl/Documents/Repos/GHC-2022-data-engineering-workshop/venv/lib/python3.8/site-packages/airflow/example_dags/example_short_circuit_operator.py took 0.156 seconds
[2022-08-29T20:12:51.087-0400] {processor.py:153} INFO - Started process (PID=15064) to work on /Users/jl/Documents/Repos/GHC-2022-data-engineering-workshop/venv/lib/python3.8/site-packages/airflow/example_dags/example_short_circuit_operator.py
[2022-08-29T20:12:51.095-0400] {processor.py:640} INFO - Processing file /Users/jl/Documents/Repos/GHC-2022-data-engineering-workshop/venv/lib/python3.8/site-packages/airflow/example_dags/example_short_circuit_operator.py for tasks to queue
[2022-08-29T20:12:51.096-0400] {logging_mixin.py:115} INFO - [2022-08-29T20:12:51.096-0400] {dagbag.py:508} INFO - Filling up the DagBag from /Users/jl/Documents/Repos/GHC-2022-data-engineering-workshop/venv/lib/python3.8/site-packages/airflow/example_dags/example_short_circuit_operator.py
[2022-08-29T20:12:51.127-0400] {processor.py:650} INFO - DAG(s) dict_keys(['example_short_circuit_operator']) retrieved from /Users/jl/Documents/Repos/GHC-2022-data-engineering-workshop/venv/lib/python3.8/site-packages/airflow/example_dags/example_short_circuit_operator.py
[2022-08-29T20:12:51.205-0400] {logging_mixin.py:115} INFO - [2022-08-29T20:12:51.204-0400] {dag.py:2429} INFO - Sync 1 DAGs
[2022-08-29T20:12:51.223-0400] {logging_mixin.py:115} INFO - [2022-08-29T20:12:51.223-0400] {dag.py:2977} INFO - Setting next_dagrun for example_short_circuit_operator to 2022-08-29T00:12:51.223009+00:00, run_after=2022-08-30T00:12:51.223009+00:00
[2022-08-29T20:12:51.238-0400] {processor.py:161} INFO - Processing /Users/jl/Documents/Repos/GHC-2022-data-engineering-workshop/venv/lib/python3.8/site-packages/airflow/example_dags/example_short_circuit_operator.py took 0.152 seconds
[2022-08-29T20:14:20.749-0400] {processor.py:153} INFO - Started process (PID=15144) to work on /Users/jl/Documents/Repos/GHC-2022-data-engineering-workshop/venv/lib/python3.8/site-packages/airflow/example_dags/example_short_circuit_operator.py
[2022-08-29T20:14:20.757-0400] {processor.py:640} INFO - Processing file /Users/jl/Documents/Repos/GHC-2022-data-engineering-workshop/venv/lib/python3.8/site-packages/airflow/example_dags/example_short_circuit_operator.py for tasks to queue
[2022-08-29T20:14:20.757-0400] {logging_mixin.py:115} INFO - [2022-08-29T20:14:20.757-0400] {dagbag.py:508} INFO - Filling up the DagBag from /Users/jl/Documents/Repos/GHC-2022-data-engineering-workshop/venv/lib/python3.8/site-packages/airflow/example_dags/example_short_circuit_operator.py
[2022-08-29T20:14:20.789-0400] {processor.py:650} INFO - DAG(s) dict_keys(['example_short_circuit_operator']) retrieved from /Users/jl/Documents/Repos/GHC-2022-data-engineering-workshop/venv/lib/python3.8/site-packages/airflow/example_dags/example_short_circuit_operator.py
[2022-08-29T20:14:20.867-0400] {logging_mixin.py:115} INFO - [2022-08-29T20:14:20.867-0400] {dag.py:2429} INFO - Sync 1 DAGs
[2022-08-29T20:14:20.886-0400] {logging_mixin.py:115} INFO - [2022-08-29T20:14:20.886-0400] {dag.py:2977} INFO - Setting next_dagrun for example_short_circuit_operator to 2022-08-29T00:14:20.886185+00:00, run_after=2022-08-30T00:14:20.886185+00:00
[2022-08-29T20:14:20.900-0400] {processor.py:161} INFO - Processing /Users/jl/Documents/Repos/GHC-2022-data-engineering-workshop/venv/lib/python3.8/site-packages/airflow/example_dags/example_short_circuit_operator.py took 0.152 seconds
[2022-08-29T20:16:00.422-0400] {processor.py:153} INFO - Started process (PID=15262) to work on /Users/jl/Documents/Repos/GHC-2022-data-engineering-workshop/venv/lib/python3.8/site-packages/airflow/example_dags/example_short_circuit_operator.py
[2022-08-29T20:16:00.430-0400] {processor.py:640} INFO - Processing file /Users/jl/Documents/Repos/GHC-2022-data-engineering-workshop/venv/lib/python3.8/site-packages/airflow/example_dags/example_short_circuit_operator.py for tasks to queue
[2022-08-29T20:16:00.431-0400] {logging_mixin.py:115} INFO - [2022-08-29T20:16:00.431-0400] {dagbag.py:508} INFO - Filling up the DagBag from /Users/jl/Documents/Repos/GHC-2022-data-engineering-workshop/venv/lib/python3.8/site-packages/airflow/example_dags/example_short_circuit_operator.py
[2022-08-29T20:16:00.478-0400] {processor.py:650} INFO - DAG(s) dict_keys(['example_short_circuit_operator']) retrieved from /Users/jl/Documents/Repos/GHC-2022-data-engineering-workshop/venv/lib/python3.8/site-packages/airflow/example_dags/example_short_circuit_operator.py
[2022-08-29T20:16:00.590-0400] {logging_mixin.py:115} INFO - [2022-08-29T20:16:00.590-0400] {dag.py:2429} INFO - Sync 1 DAGs
[2022-08-29T20:16:00.611-0400] {logging_mixin.py:115} INFO - [2022-08-29T20:16:00.611-0400] {dag.py:2977} INFO - Setting next_dagrun for example_short_circuit_operator to 2022-08-29T00:16:00.611576+00:00, run_after=2022-08-30T00:16:00.611576+00:00
[2022-08-29T20:16:00.626-0400] {processor.py:161} INFO - Processing /Users/jl/Documents/Repos/GHC-2022-data-engineering-workshop/venv/lib/python3.8/site-packages/airflow/example_dags/example_short_circuit_operator.py took 0.205 seconds
[2022-08-29T20:17:56.240-0400] {processor.py:153} INFO - Started process (PID=15380) to work on /Users/jl/Documents/Repos/GHC-2022-data-engineering-workshop/venv/lib/python3.8/site-packages/airflow/example_dags/example_short_circuit_operator.py
[2022-08-29T20:17:56.248-0400] {processor.py:640} INFO - Processing file /Users/jl/Documents/Repos/GHC-2022-data-engineering-workshop/venv/lib/python3.8/site-packages/airflow/example_dags/example_short_circuit_operator.py for tasks to queue
[2022-08-29T20:17:56.249-0400] {logging_mixin.py:115} INFO - [2022-08-29T20:17:56.249-0400] {dagbag.py:508} INFO - Filling up the DagBag from /Users/jl/Documents/Repos/GHC-2022-data-engineering-workshop/venv/lib/python3.8/site-packages/airflow/example_dags/example_short_circuit_operator.py
[2022-08-29T20:17:56.280-0400] {processor.py:650} INFO - DAG(s) dict_keys(['example_short_circuit_operator']) retrieved from /Users/jl/Documents/Repos/GHC-2022-data-engineering-workshop/venv/lib/python3.8/site-packages/airflow/example_dags/example_short_circuit_operator.py
[2022-08-29T20:17:56.358-0400] {logging_mixin.py:115} INFO - [2022-08-29T20:17:56.358-0400] {dag.py:2429} INFO - Sync 1 DAGs
[2022-08-29T20:17:56.377-0400] {logging_mixin.py:115} INFO - [2022-08-29T20:17:56.377-0400] {dag.py:2977} INFO - Setting next_dagrun for example_short_circuit_operator to 2022-08-29T00:17:56.377027+00:00, run_after=2022-08-30T00:17:56.377027+00:00
[2022-08-29T20:17:56.391-0400] {processor.py:161} INFO - Processing /Users/jl/Documents/Repos/GHC-2022-data-engineering-workshop/venv/lib/python3.8/site-packages/airflow/example_dags/example_short_circuit_operator.py took 0.152 seconds
[2022-08-29T20:19:44.478-0400] {processor.py:153} INFO - Started process (PID=15493) to work on /Users/jl/Documents/Repos/GHC-2022-data-engineering-workshop/venv/lib/python3.8/site-packages/airflow/example_dags/example_short_circuit_operator.py
[2022-08-29T20:19:44.487-0400] {processor.py:640} INFO - Processing file /Users/jl/Documents/Repos/GHC-2022-data-engineering-workshop/venv/lib/python3.8/site-packages/airflow/example_dags/example_short_circuit_operator.py for tasks to queue
[2022-08-29T20:19:44.488-0400] {logging_mixin.py:115} INFO - [2022-08-29T20:19:44.488-0400] {dagbag.py:508} INFO - Filling up the DagBag from /Users/jl/Documents/Repos/GHC-2022-data-engineering-workshop/venv/lib/python3.8/site-packages/airflow/example_dags/example_short_circuit_operator.py
[2022-08-29T20:19:44.521-0400] {processor.py:650} INFO - DAG(s) dict_keys(['example_short_circuit_operator']) retrieved from /Users/jl/Documents/Repos/GHC-2022-data-engineering-workshop/venv/lib/python3.8/site-packages/airflow/example_dags/example_short_circuit_operator.py
[2022-08-29T20:19:44.598-0400] {logging_mixin.py:115} INFO - [2022-08-29T20:19:44.598-0400] {dag.py:2429} INFO - Sync 1 DAGs
[2022-08-29T20:19:44.617-0400] {logging_mixin.py:115} INFO - [2022-08-29T20:19:44.617-0400] {dag.py:2977} INFO - Setting next_dagrun for example_short_circuit_operator to 2022-08-29T00:19:44.616878+00:00, run_after=2022-08-30T00:19:44.616878+00:00
[2022-08-29T20:19:44.630-0400] {processor.py:161} INFO - Processing /Users/jl/Documents/Repos/GHC-2022-data-engineering-workshop/venv/lib/python3.8/site-packages/airflow/example_dags/example_short_circuit_operator.py took 0.154 seconds
[2022-08-29T20:21:17.750-0400] {processor.py:153} INFO - Started process (PID=15577) to work on /Users/jl/Documents/Repos/GHC-2022-data-engineering-workshop/venv/lib/python3.8/site-packages/airflow/example_dags/example_short_circuit_operator.py
[2022-08-29T20:21:17.759-0400] {processor.py:640} INFO - Processing file /Users/jl/Documents/Repos/GHC-2022-data-engineering-workshop/venv/lib/python3.8/site-packages/airflow/example_dags/example_short_circuit_operator.py for tasks to queue
[2022-08-29T20:21:17.759-0400] {logging_mixin.py:115} INFO - [2022-08-29T20:21:17.759-0400] {dagbag.py:508} INFO - Filling up the DagBag from /Users/jl/Documents/Repos/GHC-2022-data-engineering-workshop/venv/lib/python3.8/site-packages/airflow/example_dags/example_short_circuit_operator.py
[2022-08-29T20:21:17.790-0400] {processor.py:650} INFO - DAG(s) dict_keys(['example_short_circuit_operator']) retrieved from /Users/jl/Documents/Repos/GHC-2022-data-engineering-workshop/venv/lib/python3.8/site-packages/airflow/example_dags/example_short_circuit_operator.py
[2022-08-29T20:21:17.868-0400] {logging_mixin.py:115} INFO - [2022-08-29T20:21:17.867-0400] {dag.py:2429} INFO - Sync 1 DAGs
[2022-08-29T20:21:17.886-0400] {logging_mixin.py:115} INFO - [2022-08-29T20:21:17.886-0400] {dag.py:2977} INFO - Setting next_dagrun for example_short_circuit_operator to 2022-08-29T00:21:17.886494+00:00, run_after=2022-08-30T00:21:17.886494+00:00
[2022-08-29T20:21:17.901-0400] {processor.py:161} INFO - Processing /Users/jl/Documents/Repos/GHC-2022-data-engineering-workshop/venv/lib/python3.8/site-packages/airflow/example_dags/example_short_circuit_operator.py took 0.151 seconds
[2022-08-29T20:22:42.658-0400] {processor.py:153} INFO - Started process (PID=15658) to work on /Users/jl/Documents/Repos/GHC-2022-data-engineering-workshop/venv/lib/python3.8/site-packages/airflow/example_dags/example_short_circuit_operator.py
[2022-08-29T20:22:42.666-0400] {processor.py:640} INFO - Processing file /Users/jl/Documents/Repos/GHC-2022-data-engineering-workshop/venv/lib/python3.8/site-packages/airflow/example_dags/example_short_circuit_operator.py for tasks to queue
[2022-08-29T20:22:42.666-0400] {logging_mixin.py:115} INFO - [2022-08-29T20:22:42.666-0400] {dagbag.py:508} INFO - Filling up the DagBag from /Users/jl/Documents/Repos/GHC-2022-data-engineering-workshop/venv/lib/python3.8/site-packages/airflow/example_dags/example_short_circuit_operator.py
[2022-08-29T20:22:42.698-0400] {processor.py:650} INFO - DAG(s) dict_keys(['example_short_circuit_operator']) retrieved from /Users/jl/Documents/Repos/GHC-2022-data-engineering-workshop/venv/lib/python3.8/site-packages/airflow/example_dags/example_short_circuit_operator.py
[2022-08-29T20:22:42.777-0400] {logging_mixin.py:115} INFO - [2022-08-29T20:22:42.777-0400] {dag.py:2429} INFO - Sync 1 DAGs
[2022-08-29T20:22:42.795-0400] {logging_mixin.py:115} INFO - [2022-08-29T20:22:42.795-0400] {dag.py:2977} INFO - Setting next_dagrun for example_short_circuit_operator to 2022-08-29T00:22:42.795381+00:00, run_after=2022-08-30T00:22:42.795381+00:00
[2022-08-29T20:22:42.810-0400] {processor.py:161} INFO - Processing /Users/jl/Documents/Repos/GHC-2022-data-engineering-workshop/venv/lib/python3.8/site-packages/airflow/example_dags/example_short_circuit_operator.py took 0.154 seconds
[2022-08-29T20:24:10.787-0400] {processor.py:153} INFO - Started process (PID=15739) to work on /Users/jl/Documents/Repos/GHC-2022-data-engineering-workshop/venv/lib/python3.8/site-packages/airflow/example_dags/example_short_circuit_operator.py
[2022-08-29T20:24:10.795-0400] {processor.py:640} INFO - Processing file /Users/jl/Documents/Repos/GHC-2022-data-engineering-workshop/venv/lib/python3.8/site-packages/airflow/example_dags/example_short_circuit_operator.py for tasks to queue
[2022-08-29T20:24:10.796-0400] {logging_mixin.py:115} INFO - [2022-08-29T20:24:10.796-0400] {dagbag.py:508} INFO - Filling up the DagBag from /Users/jl/Documents/Repos/GHC-2022-data-engineering-workshop/venv/lib/python3.8/site-packages/airflow/example_dags/example_short_circuit_operator.py
[2022-08-29T20:24:10.827-0400] {processor.py:650} INFO - DAG(s) dict_keys(['example_short_circuit_operator']) retrieved from /Users/jl/Documents/Repos/GHC-2022-data-engineering-workshop/venv/lib/python3.8/site-packages/airflow/example_dags/example_short_circuit_operator.py
[2022-08-29T20:24:10.905-0400] {logging_mixin.py:115} INFO - [2022-08-29T20:24:10.905-0400] {dag.py:2429} INFO - Sync 1 DAGs
[2022-08-29T20:24:10.924-0400] {logging_mixin.py:115} INFO - [2022-08-29T20:24:10.924-0400] {dag.py:2977} INFO - Setting next_dagrun for example_short_circuit_operator to 2022-08-29T00:24:10.924191+00:00, run_after=2022-08-30T00:24:10.924191+00:00
[2022-08-29T20:24:10.939-0400] {processor.py:161} INFO - Processing /Users/jl/Documents/Repos/GHC-2022-data-engineering-workshop/venv/lib/python3.8/site-packages/airflow/example_dags/example_short_circuit_operator.py took 0.153 seconds
[2022-08-29T20:25:48.227-0400] {processor.py:153} INFO - Started process (PID=15830) to work on /Users/jl/Documents/Repos/GHC-2022-data-engineering-workshop/venv/lib/python3.8/site-packages/airflow/example_dags/example_short_circuit_operator.py
[2022-08-29T20:25:48.262-0400] {processor.py:640} INFO - Processing file /Users/jl/Documents/Repos/GHC-2022-data-engineering-workshop/venv/lib/python3.8/site-packages/airflow/example_dags/example_short_circuit_operator.py for tasks to queue
[2022-08-29T20:25:48.263-0400] {logging_mixin.py:115} INFO - [2022-08-29T20:25:48.262-0400] {dagbag.py:508} INFO - Filling up the DagBag from /Users/jl/Documents/Repos/GHC-2022-data-engineering-workshop/venv/lib/python3.8/site-packages/airflow/example_dags/example_short_circuit_operator.py
[2022-08-29T20:25:48.312-0400] {processor.py:650} INFO - DAG(s) dict_keys(['example_short_circuit_operator']) retrieved from /Users/jl/Documents/Repos/GHC-2022-data-engineering-workshop/venv/lib/python3.8/site-packages/airflow/example_dags/example_short_circuit_operator.py
[2022-08-29T20:25:48.409-0400] {logging_mixin.py:115} INFO - [2022-08-29T20:25:48.409-0400] {dag.py:2429} INFO - Sync 1 DAGs
[2022-08-29T20:25:48.430-0400] {logging_mixin.py:115} INFO - [2022-08-29T20:25:48.429-0400] {dag.py:2977} INFO - Setting next_dagrun for example_short_circuit_operator to 2022-08-29T00:25:48.429746+00:00, run_after=2022-08-30T00:25:48.429746+00:00
[2022-08-29T20:25:48.447-0400] {processor.py:161} INFO - Processing /Users/jl/Documents/Repos/GHC-2022-data-engineering-workshop/venv/lib/python3.8/site-packages/airflow/example_dags/example_short_circuit_operator.py took 0.222 seconds
[2022-08-29T20:27:57.373-0400] {processor.py:153} INFO - Started process (PID=15953) to work on /Users/jl/Documents/Repos/GHC-2022-data-engineering-workshop/venv/lib/python3.8/site-packages/airflow/example_dags/example_short_circuit_operator.py
[2022-08-29T20:27:57.382-0400] {processor.py:640} INFO - Processing file /Users/jl/Documents/Repos/GHC-2022-data-engineering-workshop/venv/lib/python3.8/site-packages/airflow/example_dags/example_short_circuit_operator.py for tasks to queue
[2022-08-29T20:27:57.383-0400] {logging_mixin.py:115} INFO - [2022-08-29T20:27:57.383-0400] {dagbag.py:508} INFO - Filling up the DagBag from /Users/jl/Documents/Repos/GHC-2022-data-engineering-workshop/venv/lib/python3.8/site-packages/airflow/example_dags/example_short_circuit_operator.py
[2022-08-29T20:27:57.414-0400] {processor.py:650} INFO - DAG(s) dict_keys(['example_short_circuit_operator']) retrieved from /Users/jl/Documents/Repos/GHC-2022-data-engineering-workshop/venv/lib/python3.8/site-packages/airflow/example_dags/example_short_circuit_operator.py
[2022-08-29T20:27:57.494-0400] {logging_mixin.py:115} INFO - [2022-08-29T20:27:57.494-0400] {dag.py:2429} INFO - Sync 1 DAGs
[2022-08-29T20:27:57.513-0400] {logging_mixin.py:115} INFO - [2022-08-29T20:27:57.512-0400] {dag.py:2977} INFO - Setting next_dagrun for example_short_circuit_operator to 2022-08-29T00:27:57.512754+00:00, run_after=2022-08-30T00:27:57.512754+00:00
[2022-08-29T20:27:57.527-0400] {processor.py:161} INFO - Processing /Users/jl/Documents/Repos/GHC-2022-data-engineering-workshop/venv/lib/python3.8/site-packages/airflow/example_dags/example_short_circuit_operator.py took 0.155 seconds
[2022-08-29T20:29:32.402-0400] {processor.py:153} INFO - Started process (PID=16037) to work on /Users/jl/Documents/Repos/GHC-2022-data-engineering-workshop/venv/lib/python3.8/site-packages/airflow/example_dags/example_short_circuit_operator.py
[2022-08-29T20:29:32.410-0400] {processor.py:640} INFO - Processing file /Users/jl/Documents/Repos/GHC-2022-data-engineering-workshop/venv/lib/python3.8/site-packages/airflow/example_dags/example_short_circuit_operator.py for tasks to queue
[2022-08-29T20:29:32.411-0400] {logging_mixin.py:115} INFO - [2022-08-29T20:29:32.411-0400] {dagbag.py:508} INFO - Filling up the DagBag from /Users/jl/Documents/Repos/GHC-2022-data-engineering-workshop/venv/lib/python3.8/site-packages/airflow/example_dags/example_short_circuit_operator.py
[2022-08-29T20:29:32.442-0400] {processor.py:650} INFO - DAG(s) dict_keys(['example_short_circuit_operator']) retrieved from /Users/jl/Documents/Repos/GHC-2022-data-engineering-workshop/venv/lib/python3.8/site-packages/airflow/example_dags/example_short_circuit_operator.py
[2022-08-29T20:29:32.520-0400] {logging_mixin.py:115} INFO - [2022-08-29T20:29:32.520-0400] {dag.py:2429} INFO - Sync 1 DAGs
[2022-08-29T20:29:32.539-0400] {logging_mixin.py:115} INFO - [2022-08-29T20:29:32.538-0400] {dag.py:2977} INFO - Setting next_dagrun for example_short_circuit_operator to 2022-08-29T00:29:32.538755+00:00, run_after=2022-08-30T00:29:32.538755+00:00
[2022-08-29T20:29:32.554-0400] {processor.py:161} INFO - Processing /Users/jl/Documents/Repos/GHC-2022-data-engineering-workshop/venv/lib/python3.8/site-packages/airflow/example_dags/example_short_circuit_operator.py took 0.153 seconds
[2022-08-29T20:31:52.274-0400] {processor.py:153} INFO - Started process (PID=16163) to work on /Users/jl/Documents/Repos/GHC-2022-data-engineering-workshop/venv/lib/python3.8/site-packages/airflow/example_dags/example_short_circuit_operator.py
[2022-08-29T20:31:52.285-0400] {processor.py:640} INFO - Processing file /Users/jl/Documents/Repos/GHC-2022-data-engineering-workshop/venv/lib/python3.8/site-packages/airflow/example_dags/example_short_circuit_operator.py for tasks to queue
[2022-08-29T20:31:52.287-0400] {logging_mixin.py:115} INFO - [2022-08-29T20:31:52.286-0400] {dagbag.py:508} INFO - Filling up the DagBag from /Users/jl/Documents/Repos/GHC-2022-data-engineering-workshop/venv/lib/python3.8/site-packages/airflow/example_dags/example_short_circuit_operator.py
[2022-08-29T20:31:52.337-0400] {processor.py:650} INFO - DAG(s) dict_keys(['example_short_circuit_operator']) retrieved from /Users/jl/Documents/Repos/GHC-2022-data-engineering-workshop/venv/lib/python3.8/site-packages/airflow/example_dags/example_short_circuit_operator.py
[2022-08-29T20:31:52.417-0400] {logging_mixin.py:115} INFO - [2022-08-29T20:31:52.416-0400] {dag.py:2429} INFO - Sync 1 DAGs
[2022-08-29T20:31:52.440-0400] {logging_mixin.py:115} INFO - [2022-08-29T20:31:52.440-0400] {dag.py:2977} INFO - Setting next_dagrun for example_short_circuit_operator to 2022-08-29T00:31:52.439880+00:00, run_after=2022-08-30T00:31:52.439880+00:00
[2022-08-29T20:31:52.456-0400] {processor.py:161} INFO - Processing /Users/jl/Documents/Repos/GHC-2022-data-engineering-workshop/venv/lib/python3.8/site-packages/airflow/example_dags/example_short_circuit_operator.py took 0.183 seconds
[2022-08-29T20:33:55.308-0400] {processor.py:153} INFO - Started process (PID=16285) to work on /Users/jl/Documents/Repos/GHC-2022-data-engineering-workshop/venv/lib/python3.8/site-packages/airflow/example_dags/example_short_circuit_operator.py
[2022-08-29T20:33:55.319-0400] {processor.py:640} INFO - Processing file /Users/jl/Documents/Repos/GHC-2022-data-engineering-workshop/venv/lib/python3.8/site-packages/airflow/example_dags/example_short_circuit_operator.py for tasks to queue
[2022-08-29T20:33:55.320-0400] {logging_mixin.py:115} INFO - [2022-08-29T20:33:55.320-0400] {dagbag.py:508} INFO - Filling up the DagBag from /Users/jl/Documents/Repos/GHC-2022-data-engineering-workshop/venv/lib/python3.8/site-packages/airflow/example_dags/example_short_circuit_operator.py
[2022-08-29T20:33:55.353-0400] {processor.py:650} INFO - DAG(s) dict_keys(['example_short_circuit_operator']) retrieved from /Users/jl/Documents/Repos/GHC-2022-data-engineering-workshop/venv/lib/python3.8/site-packages/airflow/example_dags/example_short_circuit_operator.py
[2022-08-29T20:33:55.436-0400] {logging_mixin.py:115} INFO - [2022-08-29T20:33:55.435-0400] {dag.py:2429} INFO - Sync 1 DAGs
[2022-08-29T20:33:55.455-0400] {logging_mixin.py:115} INFO - [2022-08-29T20:33:55.455-0400] {dag.py:2977} INFO - Setting next_dagrun for example_short_circuit_operator to 2022-08-29T00:33:55.454963+00:00, run_after=2022-08-30T00:33:55.454963+00:00
[2022-08-29T20:33:55.471-0400] {processor.py:161} INFO - Processing /Users/jl/Documents/Repos/GHC-2022-data-engineering-workshop/venv/lib/python3.8/site-packages/airflow/example_dags/example_short_circuit_operator.py took 0.163 seconds
[2022-08-29T20:35:36.531-0400] {processor.py:153} INFO - Started process (PID=16394) to work on /Users/jl/Documents/Repos/GHC-2022-data-engineering-workshop/venv/lib/python3.8/site-packages/airflow/example_dags/example_short_circuit_operator.py
[2022-08-29T20:35:36.541-0400] {processor.py:640} INFO - Processing file /Users/jl/Documents/Repos/GHC-2022-data-engineering-workshop/venv/lib/python3.8/site-packages/airflow/example_dags/example_short_circuit_operator.py for tasks to queue
[2022-08-29T20:35:36.542-0400] {logging_mixin.py:115} INFO - [2022-08-29T20:35:36.542-0400] {dagbag.py:508} INFO - Filling up the DagBag from /Users/jl/Documents/Repos/GHC-2022-data-engineering-workshop/venv/lib/python3.8/site-packages/airflow/example_dags/example_short_circuit_operator.py
[2022-08-29T20:35:36.573-0400] {processor.py:650} INFO - DAG(s) dict_keys(['example_short_circuit_operator']) retrieved from /Users/jl/Documents/Repos/GHC-2022-data-engineering-workshop/venv/lib/python3.8/site-packages/airflow/example_dags/example_short_circuit_operator.py
[2022-08-29T20:35:36.651-0400] {logging_mixin.py:115} INFO - [2022-08-29T20:35:36.651-0400] {dag.py:2429} INFO - Sync 1 DAGs
[2022-08-29T20:35:36.670-0400] {logging_mixin.py:115} INFO - [2022-08-29T20:35:36.670-0400] {dag.py:2977} INFO - Setting next_dagrun for example_short_circuit_operator to 2022-08-29T00:35:36.669890+00:00, run_after=2022-08-30T00:35:36.669890+00:00
[2022-08-29T20:35:36.685-0400] {processor.py:161} INFO - Processing /Users/jl/Documents/Repos/GHC-2022-data-engineering-workshop/venv/lib/python3.8/site-packages/airflow/example_dags/example_short_circuit_operator.py took 0.154 seconds
[2022-08-29T20:37:26.272-0400] {processor.py:153} INFO - Started process (PID=16512) to work on /Users/jl/Documents/Repos/GHC-2022-data-engineering-workshop/venv/lib/python3.8/site-packages/airflow/example_dags/example_short_circuit_operator.py
[2022-08-29T20:37:26.282-0400] {processor.py:640} INFO - Processing file /Users/jl/Documents/Repos/GHC-2022-data-engineering-workshop/venv/lib/python3.8/site-packages/airflow/example_dags/example_short_circuit_operator.py for tasks to queue
[2022-08-29T20:37:26.283-0400] {logging_mixin.py:115} INFO - [2022-08-29T20:37:26.283-0400] {dagbag.py:508} INFO - Filling up the DagBag from /Users/jl/Documents/Repos/GHC-2022-data-engineering-workshop/venv/lib/python3.8/site-packages/airflow/example_dags/example_short_circuit_operator.py
[2022-08-29T20:37:26.315-0400] {processor.py:650} INFO - DAG(s) dict_keys(['example_short_circuit_operator']) retrieved from /Users/jl/Documents/Repos/GHC-2022-data-engineering-workshop/venv/lib/python3.8/site-packages/airflow/example_dags/example_short_circuit_operator.py
[2022-08-29T20:37:26.396-0400] {logging_mixin.py:115} INFO - [2022-08-29T20:37:26.396-0400] {dag.py:2429} INFO - Sync 1 DAGs
[2022-08-29T20:37:26.415-0400] {logging_mixin.py:115} INFO - [2022-08-29T20:37:26.415-0400] {dag.py:2977} INFO - Setting next_dagrun for example_short_circuit_operator to 2022-08-29T00:37:26.415510+00:00, run_after=2022-08-30T00:37:26.415510+00:00
[2022-08-29T20:37:26.431-0400] {processor.py:161} INFO - Processing /Users/jl/Documents/Repos/GHC-2022-data-engineering-workshop/venv/lib/python3.8/site-packages/airflow/example_dags/example_short_circuit_operator.py took 0.160 seconds
[2022-08-29T20:39:30.697-0400] {processor.py:153} INFO - Started process (PID=16622) to work on /Users/jl/Documents/Repos/GHC-2022-data-engineering-workshop/venv/lib/python3.8/site-packages/airflow/example_dags/example_short_circuit_operator.py
[2022-08-29T20:39:30.706-0400] {processor.py:640} INFO - Processing file /Users/jl/Documents/Repos/GHC-2022-data-engineering-workshop/venv/lib/python3.8/site-packages/airflow/example_dags/example_short_circuit_operator.py for tasks to queue
[2022-08-29T20:39:30.707-0400] {logging_mixin.py:115} INFO - [2022-08-29T20:39:30.707-0400] {dagbag.py:508} INFO - Filling up the DagBag from /Users/jl/Documents/Repos/GHC-2022-data-engineering-workshop/venv/lib/python3.8/site-packages/airflow/example_dags/example_short_circuit_operator.py
[2022-08-29T20:39:30.740-0400] {processor.py:650} INFO - DAG(s) dict_keys(['example_short_circuit_operator']) retrieved from /Users/jl/Documents/Repos/GHC-2022-data-engineering-workshop/venv/lib/python3.8/site-packages/airflow/example_dags/example_short_circuit_operator.py
[2022-08-29T20:39:30.819-0400] {logging_mixin.py:115} INFO - [2022-08-29T20:39:30.819-0400] {dag.py:2429} INFO - Sync 1 DAGs
[2022-08-29T20:39:30.837-0400] {logging_mixin.py:115} INFO - [2022-08-29T20:39:30.837-0400] {dag.py:2977} INFO - Setting next_dagrun for example_short_circuit_operator to 2022-08-29T00:39:30.837560+00:00, run_after=2022-08-30T00:39:30.837560+00:00
[2022-08-29T20:39:30.852-0400] {processor.py:161} INFO - Processing /Users/jl/Documents/Repos/GHC-2022-data-engineering-workshop/venv/lib/python3.8/site-packages/airflow/example_dags/example_short_circuit_operator.py took 0.157 seconds
[2022-08-29T20:41:13.444-0400] {processor.py:153} INFO - Started process (PID=16713) to work on /Users/jl/Documents/Repos/GHC-2022-data-engineering-workshop/venv/lib/python3.8/site-packages/airflow/example_dags/example_short_circuit_operator.py
[2022-08-29T20:41:13.452-0400] {processor.py:640} INFO - Processing file /Users/jl/Documents/Repos/GHC-2022-data-engineering-workshop/venv/lib/python3.8/site-packages/airflow/example_dags/example_short_circuit_operator.py for tasks to queue
[2022-08-29T20:41:13.452-0400] {logging_mixin.py:115} INFO - [2022-08-29T20:41:13.452-0400] {dagbag.py:508} INFO - Filling up the DagBag from /Users/jl/Documents/Repos/GHC-2022-data-engineering-workshop/venv/lib/python3.8/site-packages/airflow/example_dags/example_short_circuit_operator.py
[2022-08-29T20:41:13.483-0400] {processor.py:650} INFO - DAG(s) dict_keys(['example_short_circuit_operator']) retrieved from /Users/jl/Documents/Repos/GHC-2022-data-engineering-workshop/venv/lib/python3.8/site-packages/airflow/example_dags/example_short_circuit_operator.py
[2022-08-29T20:41:13.562-0400] {logging_mixin.py:115} INFO - [2022-08-29T20:41:13.561-0400] {dag.py:2429} INFO - Sync 1 DAGs
[2022-08-29T20:41:13.580-0400] {logging_mixin.py:115} INFO - [2022-08-29T20:41:13.580-0400] {dag.py:2977} INFO - Setting next_dagrun for example_short_circuit_operator to 2022-08-29T00:41:13.580614+00:00, run_after=2022-08-30T00:41:13.580614+00:00
[2022-08-29T20:41:13.595-0400] {processor.py:161} INFO - Processing /Users/jl/Documents/Repos/GHC-2022-data-engineering-workshop/venv/lib/python3.8/site-packages/airflow/example_dags/example_short_circuit_operator.py took 0.153 seconds
[2022-08-29T20:43:06.331-0400] {processor.py:153} INFO - Started process (PID=16813) to work on /Users/jl/Documents/Repos/GHC-2022-data-engineering-workshop/venv/lib/python3.8/site-packages/airflow/example_dags/example_short_circuit_operator.py
[2022-08-29T20:43:06.341-0400] {processor.py:640} INFO - Processing file /Users/jl/Documents/Repos/GHC-2022-data-engineering-workshop/venv/lib/python3.8/site-packages/airflow/example_dags/example_short_circuit_operator.py for tasks to queue
[2022-08-29T20:43:06.342-0400] {logging_mixin.py:115} INFO - [2022-08-29T20:43:06.342-0400] {dagbag.py:508} INFO - Filling up the DagBag from /Users/jl/Documents/Repos/GHC-2022-data-engineering-workshop/venv/lib/python3.8/site-packages/airflow/example_dags/example_short_circuit_operator.py
[2022-08-29T20:43:06.374-0400] {processor.py:650} INFO - DAG(s) dict_keys(['example_short_circuit_operator']) retrieved from /Users/jl/Documents/Repos/GHC-2022-data-engineering-workshop/venv/lib/python3.8/site-packages/airflow/example_dags/example_short_circuit_operator.py
[2022-08-29T20:43:06.453-0400] {logging_mixin.py:115} INFO - [2022-08-29T20:43:06.453-0400] {dag.py:2429} INFO - Sync 1 DAGs
[2022-08-29T20:43:06.474-0400] {logging_mixin.py:115} INFO - [2022-08-29T20:43:06.474-0400] {dag.py:2977} INFO - Setting next_dagrun for example_short_circuit_operator to 2022-08-29T00:43:06.474551+00:00, run_after=2022-08-30T00:43:06.474551+00:00
[2022-08-29T20:43:06.489-0400] {processor.py:161} INFO - Processing /Users/jl/Documents/Repos/GHC-2022-data-engineering-workshop/venv/lib/python3.8/site-packages/airflow/example_dags/example_short_circuit_operator.py took 0.159 seconds
[2022-08-29T20:45:05.973-0400] {processor.py:153} INFO - Started process (PID=16922) to work on /Users/jl/Documents/Repos/GHC-2022-data-engineering-workshop/venv/lib/python3.8/site-packages/airflow/example_dags/example_short_circuit_operator.py
[2022-08-29T20:45:05.983-0400] {processor.py:640} INFO - Processing file /Users/jl/Documents/Repos/GHC-2022-data-engineering-workshop/venv/lib/python3.8/site-packages/airflow/example_dags/example_short_circuit_operator.py for tasks to queue
[2022-08-29T20:45:05.984-0400] {logging_mixin.py:115} INFO - [2022-08-29T20:45:05.984-0400] {dagbag.py:508} INFO - Filling up the DagBag from /Users/jl/Documents/Repos/GHC-2022-data-engineering-workshop/venv/lib/python3.8/site-packages/airflow/example_dags/example_short_circuit_operator.py
[2022-08-29T20:45:06.018-0400] {processor.py:650} INFO - DAG(s) dict_keys(['example_short_circuit_operator']) retrieved from /Users/jl/Documents/Repos/GHC-2022-data-engineering-workshop/venv/lib/python3.8/site-packages/airflow/example_dags/example_short_circuit_operator.py
[2022-08-29T20:45:06.099-0400] {logging_mixin.py:115} INFO - [2022-08-29T20:45:06.099-0400] {dag.py:2429} INFO - Sync 1 DAGs
[2022-08-29T20:45:06.118-0400] {logging_mixin.py:115} INFO - [2022-08-29T20:45:06.117-0400] {dag.py:2977} INFO - Setting next_dagrun for example_short_circuit_operator to 2022-08-29T00:45:06.117692+00:00, run_after=2022-08-30T00:45:06.117692+00:00
[2022-08-29T20:45:06.131-0400] {processor.py:161} INFO - Processing /Users/jl/Documents/Repos/GHC-2022-data-engineering-workshop/venv/lib/python3.8/site-packages/airflow/example_dags/example_short_circuit_operator.py took 0.159 seconds
[2022-08-29T20:46:44.078-0400] {processor.py:153} INFO - Started process (PID=17009) to work on /Users/jl/Documents/Repos/GHC-2022-data-engineering-workshop/venv/lib/python3.8/site-packages/airflow/example_dags/example_short_circuit_operator.py
[2022-08-29T20:46:44.087-0400] {processor.py:640} INFO - Processing file /Users/jl/Documents/Repos/GHC-2022-data-engineering-workshop/venv/lib/python3.8/site-packages/airflow/example_dags/example_short_circuit_operator.py for tasks to queue
[2022-08-29T20:46:44.087-0400] {logging_mixin.py:115} INFO - [2022-08-29T20:46:44.087-0400] {dagbag.py:508} INFO - Filling up the DagBag from /Users/jl/Documents/Repos/GHC-2022-data-engineering-workshop/venv/lib/python3.8/site-packages/airflow/example_dags/example_short_circuit_operator.py
[2022-08-29T20:46:44.118-0400] {processor.py:650} INFO - DAG(s) dict_keys(['example_short_circuit_operator']) retrieved from /Users/jl/Documents/Repos/GHC-2022-data-engineering-workshop/venv/lib/python3.8/site-packages/airflow/example_dags/example_short_circuit_operator.py
[2022-08-29T20:46:44.201-0400] {logging_mixin.py:115} INFO - [2022-08-29T20:46:44.201-0400] {dag.py:2429} INFO - Sync 1 DAGs
[2022-08-29T20:46:44.220-0400] {logging_mixin.py:115} INFO - [2022-08-29T20:46:44.220-0400] {dag.py:2977} INFO - Setting next_dagrun for example_short_circuit_operator to 2022-08-29T00:46:44.219954+00:00, run_after=2022-08-30T00:46:44.219954+00:00
[2022-08-29T20:46:44.234-0400] {processor.py:161} INFO - Processing /Users/jl/Documents/Repos/GHC-2022-data-engineering-workshop/venv/lib/python3.8/site-packages/airflow/example_dags/example_short_circuit_operator.py took 0.157 seconds
[2022-08-29T20:48:40.087-0400] {processor.py:153} INFO - Started process (PID=17113) to work on /Users/jl/Documents/Repos/GHC-2022-data-engineering-workshop/venv/lib/python3.8/site-packages/airflow/example_dags/example_short_circuit_operator.py
[2022-08-29T20:48:40.098-0400] {processor.py:640} INFO - Processing file /Users/jl/Documents/Repos/GHC-2022-data-engineering-workshop/venv/lib/python3.8/site-packages/airflow/example_dags/example_short_circuit_operator.py for tasks to queue
[2022-08-29T20:48:40.098-0400] {logging_mixin.py:115} INFO - [2022-08-29T20:48:40.098-0400] {dagbag.py:508} INFO - Filling up the DagBag from /Users/jl/Documents/Repos/GHC-2022-data-engineering-workshop/venv/lib/python3.8/site-packages/airflow/example_dags/example_short_circuit_operator.py
[2022-08-29T20:48:40.134-0400] {processor.py:650} INFO - DAG(s) dict_keys(['example_short_circuit_operator']) retrieved from /Users/jl/Documents/Repos/GHC-2022-data-engineering-workshop/venv/lib/python3.8/site-packages/airflow/example_dags/example_short_circuit_operator.py
[2022-08-29T20:48:40.241-0400] {logging_mixin.py:115} INFO - [2022-08-29T20:48:40.240-0400] {dag.py:2429} INFO - Sync 1 DAGs
[2022-08-29T20:48:40.259-0400] {logging_mixin.py:115} INFO - [2022-08-29T20:48:40.259-0400] {dag.py:2977} INFO - Setting next_dagrun for example_short_circuit_operator to 2022-08-29T00:48:40.259381+00:00, run_after=2022-08-30T00:48:40.259381+00:00
[2022-08-29T20:48:40.273-0400] {processor.py:161} INFO - Processing /Users/jl/Documents/Repos/GHC-2022-data-engineering-workshop/venv/lib/python3.8/site-packages/airflow/example_dags/example_short_circuit_operator.py took 0.187 seconds
[2022-08-29T20:50:18.377-0400] {processor.py:153} INFO - Started process (PID=17202) to work on /Users/jl/Documents/Repos/GHC-2022-data-engineering-workshop/venv/lib/python3.8/site-packages/airflow/example_dags/example_short_circuit_operator.py
[2022-08-29T20:50:18.385-0400] {processor.py:640} INFO - Processing file /Users/jl/Documents/Repos/GHC-2022-data-engineering-workshop/venv/lib/python3.8/site-packages/airflow/example_dags/example_short_circuit_operator.py for tasks to queue
[2022-08-29T20:50:18.386-0400] {logging_mixin.py:115} INFO - [2022-08-29T20:50:18.386-0400] {dagbag.py:508} INFO - Filling up the DagBag from /Users/jl/Documents/Repos/GHC-2022-data-engineering-workshop/venv/lib/python3.8/site-packages/airflow/example_dags/example_short_circuit_operator.py
[2022-08-29T20:50:18.417-0400] {processor.py:650} INFO - DAG(s) dict_keys(['example_short_circuit_operator']) retrieved from /Users/jl/Documents/Repos/GHC-2022-data-engineering-workshop/venv/lib/python3.8/site-packages/airflow/example_dags/example_short_circuit_operator.py
[2022-08-29T20:50:18.495-0400] {logging_mixin.py:115} INFO - [2022-08-29T20:50:18.495-0400] {dag.py:2429} INFO - Sync 1 DAGs
[2022-08-29T20:50:18.513-0400] {logging_mixin.py:115} INFO - [2022-08-29T20:50:18.513-0400] {dag.py:2977} INFO - Setting next_dagrun for example_short_circuit_operator to 2022-08-29T00:50:18.513316+00:00, run_after=2022-08-30T00:50:18.513316+00:00
[2022-08-29T20:50:18.528-0400] {processor.py:161} INFO - Processing /Users/jl/Documents/Repos/GHC-2022-data-engineering-workshop/venv/lib/python3.8/site-packages/airflow/example_dags/example_short_circuit_operator.py took 0.152 seconds
[2022-08-29T20:51:55.326-0400] {processor.py:153} INFO - Started process (PID=17291) to work on /Users/jl/Documents/Repos/GHC-2022-data-engineering-workshop/venv/lib/python3.8/site-packages/airflow/example_dags/example_short_circuit_operator.py
[2022-08-29T20:51:55.334-0400] {processor.py:640} INFO - Processing file /Users/jl/Documents/Repos/GHC-2022-data-engineering-workshop/venv/lib/python3.8/site-packages/airflow/example_dags/example_short_circuit_operator.py for tasks to queue
[2022-08-29T20:51:55.335-0400] {logging_mixin.py:115} INFO - [2022-08-29T20:51:55.335-0400] {dagbag.py:508} INFO - Filling up the DagBag from /Users/jl/Documents/Repos/GHC-2022-data-engineering-workshop/venv/lib/python3.8/site-packages/airflow/example_dags/example_short_circuit_operator.py
[2022-08-29T20:51:55.368-0400] {processor.py:650} INFO - DAG(s) dict_keys(['example_short_circuit_operator']) retrieved from /Users/jl/Documents/Repos/GHC-2022-data-engineering-workshop/venv/lib/python3.8/site-packages/airflow/example_dags/example_short_circuit_operator.py
[2022-08-29T20:51:55.448-0400] {logging_mixin.py:115} INFO - [2022-08-29T20:51:55.447-0400] {dag.py:2429} INFO - Sync 1 DAGs
[2022-08-29T20:51:55.472-0400] {logging_mixin.py:115} INFO - [2022-08-29T20:51:55.472-0400] {dag.py:2977} INFO - Setting next_dagrun for example_short_circuit_operator to 2022-08-29T00:51:55.472483+00:00, run_after=2022-08-30T00:51:55.472483+00:00
[2022-08-29T20:51:55.490-0400] {processor.py:161} INFO - Processing /Users/jl/Documents/Repos/GHC-2022-data-engineering-workshop/venv/lib/python3.8/site-packages/airflow/example_dags/example_short_circuit_operator.py took 0.165 seconds
[2022-08-29T20:53:41.413-0400] {processor.py:153} INFO - Started process (PID=17385) to work on /Users/jl/Documents/Repos/GHC-2022-data-engineering-workshop/venv/lib/python3.8/site-packages/airflow/example_dags/example_short_circuit_operator.py
[2022-08-29T20:53:41.427-0400] {processor.py:640} INFO - Processing file /Users/jl/Documents/Repos/GHC-2022-data-engineering-workshop/venv/lib/python3.8/site-packages/airflow/example_dags/example_short_circuit_operator.py for tasks to queue
[2022-08-29T20:53:41.427-0400] {logging_mixin.py:115} INFO - [2022-08-29T20:53:41.427-0400] {dagbag.py:508} INFO - Filling up the DagBag from /Users/jl/Documents/Repos/GHC-2022-data-engineering-workshop/venv/lib/python3.8/site-packages/airflow/example_dags/example_short_circuit_operator.py
[2022-08-29T20:53:41.472-0400] {processor.py:650} INFO - DAG(s) dict_keys(['example_short_circuit_operator']) retrieved from /Users/jl/Documents/Repos/GHC-2022-data-engineering-workshop/venv/lib/python3.8/site-packages/airflow/example_dags/example_short_circuit_operator.py
[2022-08-29T20:53:41.574-0400] {logging_mixin.py:115} INFO - [2022-08-29T20:53:41.574-0400] {dag.py:2429} INFO - Sync 1 DAGs
[2022-08-29T20:53:41.599-0400] {logging_mixin.py:115} INFO - [2022-08-29T20:53:41.599-0400] {dag.py:2977} INFO - Setting next_dagrun for example_short_circuit_operator to 2022-08-29T00:53:41.599301+00:00, run_after=2022-08-30T00:53:41.599301+00:00
[2022-08-29T20:53:41.619-0400] {processor.py:161} INFO - Processing /Users/jl/Documents/Repos/GHC-2022-data-engineering-workshop/venv/lib/python3.8/site-packages/airflow/example_dags/example_short_circuit_operator.py took 0.207 seconds
[2022-08-29T20:55:43.628-0400] {processor.py:153} INFO - Started process (PID=17482) to work on /Users/jl/Documents/Repos/GHC-2022-data-engineering-workshop/venv/lib/python3.8/site-packages/airflow/example_dags/example_short_circuit_operator.py
[2022-08-29T20:55:43.638-0400] {processor.py:640} INFO - Processing file /Users/jl/Documents/Repos/GHC-2022-data-engineering-workshop/venv/lib/python3.8/site-packages/airflow/example_dags/example_short_circuit_operator.py for tasks to queue
[2022-08-29T20:55:43.639-0400] {logging_mixin.py:115} INFO - [2022-08-29T20:55:43.639-0400] {dagbag.py:508} INFO - Filling up the DagBag from /Users/jl/Documents/Repos/GHC-2022-data-engineering-workshop/venv/lib/python3.8/site-packages/airflow/example_dags/example_short_circuit_operator.py
[2022-08-29T20:55:43.671-0400] {processor.py:650} INFO - DAG(s) dict_keys(['example_short_circuit_operator']) retrieved from /Users/jl/Documents/Repos/GHC-2022-data-engineering-workshop/venv/lib/python3.8/site-packages/airflow/example_dags/example_short_circuit_operator.py
[2022-08-29T20:55:43.750-0400] {logging_mixin.py:115} INFO - [2022-08-29T20:55:43.750-0400] {dag.py:2429} INFO - Sync 1 DAGs
[2022-08-29T20:55:43.771-0400] {logging_mixin.py:115} INFO - [2022-08-29T20:55:43.771-0400] {dag.py:2977} INFO - Setting next_dagrun for example_short_circuit_operator to 2022-08-29T00:55:43.771200+00:00, run_after=2022-08-30T00:55:43.771200+00:00
[2022-08-29T20:55:43.788-0400] {processor.py:161} INFO - Processing /Users/jl/Documents/Repos/GHC-2022-data-engineering-workshop/venv/lib/python3.8/site-packages/airflow/example_dags/example_short_circuit_operator.py took 0.161 seconds
[2022-08-29T20:57:29.765-0400] {processor.py:153} INFO - Started process (PID=17575) to work on /Users/jl/Documents/Repos/GHC-2022-data-engineering-workshop/venv/lib/python3.8/site-packages/airflow/example_dags/example_short_circuit_operator.py
[2022-08-29T20:57:29.774-0400] {processor.py:640} INFO - Processing file /Users/jl/Documents/Repos/GHC-2022-data-engineering-workshop/venv/lib/python3.8/site-packages/airflow/example_dags/example_short_circuit_operator.py for tasks to queue
[2022-08-29T20:57:29.775-0400] {logging_mixin.py:115} INFO - [2022-08-29T20:57:29.775-0400] {dagbag.py:508} INFO - Filling up the DagBag from /Users/jl/Documents/Repos/GHC-2022-data-engineering-workshop/venv/lib/python3.8/site-packages/airflow/example_dags/example_short_circuit_operator.py
[2022-08-29T20:57:29.812-0400] {processor.py:650} INFO - DAG(s) dict_keys(['example_short_circuit_operator']) retrieved from /Users/jl/Documents/Repos/GHC-2022-data-engineering-workshop/venv/lib/python3.8/site-packages/airflow/example_dags/example_short_circuit_operator.py
[2022-08-29T20:57:29.902-0400] {logging_mixin.py:115} INFO - [2022-08-29T20:57:29.902-0400] {dag.py:2429} INFO - Sync 1 DAGs
[2022-08-29T20:57:29.923-0400] {logging_mixin.py:115} INFO - [2022-08-29T20:57:29.923-0400] {dag.py:2977} INFO - Setting next_dagrun for example_short_circuit_operator to 2022-08-29T00:57:29.923366+00:00, run_after=2022-08-30T00:57:29.923366+00:00
[2022-08-29T20:57:29.940-0400] {processor.py:161} INFO - Processing /Users/jl/Documents/Repos/GHC-2022-data-engineering-workshop/venv/lib/python3.8/site-packages/airflow/example_dags/example_short_circuit_operator.py took 0.176 seconds
[2022-08-29T20:59:57.939-0400] {processor.py:153} INFO - Started process (PID=17728) to work on /Users/jl/Documents/Repos/GHC-2022-data-engineering-workshop/venv/lib/python3.8/site-packages/airflow/example_dags/example_short_circuit_operator.py
[2022-08-29T20:59:57.949-0400] {processor.py:640} INFO - Processing file /Users/jl/Documents/Repos/GHC-2022-data-engineering-workshop/venv/lib/python3.8/site-packages/airflow/example_dags/example_short_circuit_operator.py for tasks to queue
[2022-08-29T20:59:57.950-0400] {logging_mixin.py:115} INFO - [2022-08-29T20:59:57.950-0400] {dagbag.py:508} INFO - Filling up the DagBag from /Users/jl/Documents/Repos/GHC-2022-data-engineering-workshop/venv/lib/python3.8/site-packages/airflow/example_dags/example_short_circuit_operator.py
[2022-08-29T20:59:57.984-0400] {processor.py:650} INFO - DAG(s) dict_keys(['example_short_circuit_operator']) retrieved from /Users/jl/Documents/Repos/GHC-2022-data-engineering-workshop/venv/lib/python3.8/site-packages/airflow/example_dags/example_short_circuit_operator.py
[2022-08-29T20:59:58.066-0400] {logging_mixin.py:115} INFO - [2022-08-29T20:59:58.066-0400] {dag.py:2429} INFO - Sync 1 DAGs
[2022-08-29T20:59:58.087-0400] {logging_mixin.py:115} INFO - [2022-08-29T20:59:58.086-0400] {dag.py:2977} INFO - Setting next_dagrun for example_short_circuit_operator to 2022-08-29T00:59:58.086648+00:00, run_after=2022-08-30T00:59:58.086648+00:00
[2022-08-29T20:59:58.101-0400] {processor.py:161} INFO - Processing /Users/jl/Documents/Repos/GHC-2022-data-engineering-workshop/venv/lib/python3.8/site-packages/airflow/example_dags/example_short_circuit_operator.py took 0.163 seconds
[2022-08-29T21:01:50.729-0400] {processor.py:153} INFO - Started process (PID=17834) to work on /Users/jl/Documents/Repos/GHC-2022-data-engineering-workshop/venv/lib/python3.8/site-packages/airflow/example_dags/example_short_circuit_operator.py
[2022-08-29T21:01:50.744-0400] {processor.py:640} INFO - Processing file /Users/jl/Documents/Repos/GHC-2022-data-engineering-workshop/venv/lib/python3.8/site-packages/airflow/example_dags/example_short_circuit_operator.py for tasks to queue
[2022-08-29T21:01:50.745-0400] {logging_mixin.py:115} INFO - [2022-08-29T21:01:50.745-0400] {dagbag.py:508} INFO - Filling up the DagBag from /Users/jl/Documents/Repos/GHC-2022-data-engineering-workshop/venv/lib/python3.8/site-packages/airflow/example_dags/example_short_circuit_operator.py
[2022-08-29T21:01:50.789-0400] {processor.py:650} INFO - DAG(s) dict_keys(['example_short_circuit_operator']) retrieved from /Users/jl/Documents/Repos/GHC-2022-data-engineering-workshop/venv/lib/python3.8/site-packages/airflow/example_dags/example_short_circuit_operator.py
[2022-08-29T21:01:50.897-0400] {logging_mixin.py:115} INFO - [2022-08-29T21:01:50.897-0400] {dag.py:2429} INFO - Sync 1 DAGs
[2022-08-29T21:01:50.922-0400] {logging_mixin.py:115} INFO - [2022-08-29T21:01:50.922-0400] {dag.py:2977} INFO - Setting next_dagrun for example_short_circuit_operator to 2022-08-29T01:01:50.922212+00:00, run_after=2022-08-30T01:01:50.922212+00:00
[2022-08-29T21:01:50.941-0400] {processor.py:161} INFO - Processing /Users/jl/Documents/Repos/GHC-2022-data-engineering-workshop/venv/lib/python3.8/site-packages/airflow/example_dags/example_short_circuit_operator.py took 0.214 seconds
