[2022-08-29T20:01:10.689-0400] {processor.py:153} INFO - Started process (PID=14409) to work on /Users/jl/Documents/Repos/GHC-2022-data-engineering-workshop/venv/lib/python3.8/site-packages/airflow/example_dags/example_latest_only_with_trigger.py
[2022-08-29T20:01:10.697-0400] {processor.py:640} INFO - Processing file /Users/jl/Documents/Repos/GHC-2022-data-engineering-workshop/venv/lib/python3.8/site-packages/airflow/example_dags/example_latest_only_with_trigger.py for tasks to queue
[2022-08-29T20:01:10.698-0400] {logging_mixin.py:115} INFO - [2022-08-29T20:01:10.698-0400] {dagbag.py:508} INFO - Filling up the DagBag from /Users/jl/Documents/Repos/GHC-2022-data-engineering-workshop/venv/lib/python3.8/site-packages/airflow/example_dags/example_latest_only_with_trigger.py
[2022-08-29T20:01:10.716-0400] {processor.py:650} INFO - DAG(s) dict_keys(['latest_only_with_trigger']) retrieved from /Users/jl/Documents/Repos/GHC-2022-data-engineering-workshop/venv/lib/python3.8/site-packages/airflow/example_dags/example_latest_only_with_trigger.py
[2022-08-29T20:01:10.794-0400] {logging_mixin.py:115} INFO - [2022-08-29T20:01:10.793-0400] {dag.py:2429} INFO - Sync 1 DAGs
[2022-08-29T20:01:10.811-0400] {logging_mixin.py:115} INFO - [2022-08-29T20:01:10.811-0400] {dag.py:2977} INFO - Setting next_dagrun for latest_only_with_trigger to 2022-08-29T20:01:10.810869+00:00, run_after=2022-08-30T00:01:10.810869+00:00
[2022-08-29T20:01:10.826-0400] {processor.py:161} INFO - Processing /Users/jl/Documents/Repos/GHC-2022-data-engineering-workshop/venv/lib/python3.8/site-packages/airflow/example_dags/example_latest_only_with_trigger.py took 0.138 seconds
[2022-08-29T20:02:39.096-0400] {processor.py:153} INFO - Started process (PID=14494) to work on /Users/jl/Documents/Repos/GHC-2022-data-engineering-workshop/venv/lib/python3.8/site-packages/airflow/example_dags/example_latest_only_with_trigger.py
[2022-08-29T20:02:39.104-0400] {processor.py:640} INFO - Processing file /Users/jl/Documents/Repos/GHC-2022-data-engineering-workshop/venv/lib/python3.8/site-packages/airflow/example_dags/example_latest_only_with_trigger.py for tasks to queue
[2022-08-29T20:02:39.105-0400] {logging_mixin.py:115} INFO - [2022-08-29T20:02:39.105-0400] {dagbag.py:508} INFO - Filling up the DagBag from /Users/jl/Documents/Repos/GHC-2022-data-engineering-workshop/venv/lib/python3.8/site-packages/airflow/example_dags/example_latest_only_with_trigger.py
[2022-08-29T20:02:39.120-0400] {processor.py:650} INFO - DAG(s) dict_keys(['latest_only_with_trigger']) retrieved from /Users/jl/Documents/Repos/GHC-2022-data-engineering-workshop/venv/lib/python3.8/site-packages/airflow/example_dags/example_latest_only_with_trigger.py
[2022-08-29T20:02:39.196-0400] {logging_mixin.py:115} INFO - [2022-08-29T20:02:39.196-0400] {dag.py:2429} INFO - Sync 1 DAGs
[2022-08-29T20:02:39.214-0400] {logging_mixin.py:115} INFO - [2022-08-29T20:02:39.213-0400] {dag.py:2977} INFO - Setting next_dagrun for latest_only_with_trigger to 2022-08-29T20:02:39.213689+00:00, run_after=2022-08-30T00:02:39.213689+00:00
[2022-08-29T20:02:39.229-0400] {processor.py:161} INFO - Processing /Users/jl/Documents/Repos/GHC-2022-data-engineering-workshop/venv/lib/python3.8/site-packages/airflow/example_dags/example_latest_only_with_trigger.py took 0.134 seconds
[2022-08-29T20:04:03.290-0400] {processor.py:153} INFO - Started process (PID=14573) to work on /Users/jl/Documents/Repos/GHC-2022-data-engineering-workshop/venv/lib/python3.8/site-packages/airflow/example_dags/example_latest_only_with_trigger.py
[2022-08-29T20:04:03.298-0400] {processor.py:640} INFO - Processing file /Users/jl/Documents/Repos/GHC-2022-data-engineering-workshop/venv/lib/python3.8/site-packages/airflow/example_dags/example_latest_only_with_trigger.py for tasks to queue
[2022-08-29T20:04:03.298-0400] {logging_mixin.py:115} INFO - [2022-08-29T20:04:03.298-0400] {dagbag.py:508} INFO - Filling up the DagBag from /Users/jl/Documents/Repos/GHC-2022-data-engineering-workshop/venv/lib/python3.8/site-packages/airflow/example_dags/example_latest_only_with_trigger.py
[2022-08-29T20:04:03.313-0400] {processor.py:650} INFO - DAG(s) dict_keys(['latest_only_with_trigger']) retrieved from /Users/jl/Documents/Repos/GHC-2022-data-engineering-workshop/venv/lib/python3.8/site-packages/airflow/example_dags/example_latest_only_with_trigger.py
[2022-08-29T20:04:03.390-0400] {logging_mixin.py:115} INFO - [2022-08-29T20:04:03.390-0400] {dag.py:2429} INFO - Sync 1 DAGs
[2022-08-29T20:04:03.408-0400] {logging_mixin.py:115} INFO - [2022-08-29T20:04:03.407-0400] {dag.py:2977} INFO - Setting next_dagrun for latest_only_with_trigger to 2022-08-29T20:04:03.407702+00:00, run_after=2022-08-30T00:04:03.407702+00:00
[2022-08-29T20:04:03.423-0400] {processor.py:161} INFO - Processing /Users/jl/Documents/Repos/GHC-2022-data-engineering-workshop/venv/lib/python3.8/site-packages/airflow/example_dags/example_latest_only_with_trigger.py took 0.134 seconds
[2022-08-29T20:05:31.426-0400] {processor.py:153} INFO - Started process (PID=14654) to work on /Users/jl/Documents/Repos/GHC-2022-data-engineering-workshop/venv/lib/python3.8/site-packages/airflow/example_dags/example_latest_only_with_trigger.py
[2022-08-29T20:05:31.434-0400] {processor.py:640} INFO - Processing file /Users/jl/Documents/Repos/GHC-2022-data-engineering-workshop/venv/lib/python3.8/site-packages/airflow/example_dags/example_latest_only_with_trigger.py for tasks to queue
[2022-08-29T20:05:31.435-0400] {logging_mixin.py:115} INFO - [2022-08-29T20:05:31.435-0400] {dagbag.py:508} INFO - Filling up the DagBag from /Users/jl/Documents/Repos/GHC-2022-data-engineering-workshop/venv/lib/python3.8/site-packages/airflow/example_dags/example_latest_only_with_trigger.py
[2022-08-29T20:05:31.450-0400] {processor.py:650} INFO - DAG(s) dict_keys(['latest_only_with_trigger']) retrieved from /Users/jl/Documents/Repos/GHC-2022-data-engineering-workshop/venv/lib/python3.8/site-packages/airflow/example_dags/example_latest_only_with_trigger.py
[2022-08-29T20:05:31.527-0400] {logging_mixin.py:115} INFO - [2022-08-29T20:05:31.527-0400] {dag.py:2429} INFO - Sync 1 DAGs
[2022-08-29T20:05:31.545-0400] {logging_mixin.py:115} INFO - [2022-08-29T20:05:31.545-0400] {dag.py:2977} INFO - Setting next_dagrun for latest_only_with_trigger to 2022-08-29T20:05:31.545041+00:00, run_after=2022-08-30T00:05:31.545041+00:00
[2022-08-29T20:05:31.560-0400] {processor.py:161} INFO - Processing /Users/jl/Documents/Repos/GHC-2022-data-engineering-workshop/venv/lib/python3.8/site-packages/airflow/example_dags/example_latest_only_with_trigger.py took 0.135 seconds
[2022-08-29T20:06:57.259-0400] {processor.py:153} INFO - Started process (PID=14734) to work on /Users/jl/Documents/Repos/GHC-2022-data-engineering-workshop/venv/lib/python3.8/site-packages/airflow/example_dags/example_latest_only_with_trigger.py
[2022-08-29T20:06:57.267-0400] {processor.py:640} INFO - Processing file /Users/jl/Documents/Repos/GHC-2022-data-engineering-workshop/venv/lib/python3.8/site-packages/airflow/example_dags/example_latest_only_with_trigger.py for tasks to queue
[2022-08-29T20:06:57.268-0400] {logging_mixin.py:115} INFO - [2022-08-29T20:06:57.268-0400] {dagbag.py:508} INFO - Filling up the DagBag from /Users/jl/Documents/Repos/GHC-2022-data-engineering-workshop/venv/lib/python3.8/site-packages/airflow/example_dags/example_latest_only_with_trigger.py
[2022-08-29T20:06:57.283-0400] {processor.py:650} INFO - DAG(s) dict_keys(['latest_only_with_trigger']) retrieved from /Users/jl/Documents/Repos/GHC-2022-data-engineering-workshop/venv/lib/python3.8/site-packages/airflow/example_dags/example_latest_only_with_trigger.py
[2022-08-29T20:06:57.359-0400] {logging_mixin.py:115} INFO - [2022-08-29T20:06:57.358-0400] {dag.py:2429} INFO - Sync 1 DAGs
[2022-08-29T20:06:57.376-0400] {logging_mixin.py:115} INFO - [2022-08-29T20:06:57.376-0400] {dag.py:2977} INFO - Setting next_dagrun for latest_only_with_trigger to 2022-08-29T20:06:57.376548+00:00, run_after=2022-08-30T00:06:57.376548+00:00
[2022-08-29T20:06:57.392-0400] {processor.py:161} INFO - Processing /Users/jl/Documents/Repos/GHC-2022-data-engineering-workshop/venv/lib/python3.8/site-packages/airflow/example_dags/example_latest_only_with_trigger.py took 0.134 seconds
[2022-08-29T20:08:24.216-0400] {processor.py:153} INFO - Started process (PID=14817) to work on /Users/jl/Documents/Repos/GHC-2022-data-engineering-workshop/venv/lib/python3.8/site-packages/airflow/example_dags/example_latest_only_with_trigger.py
[2022-08-29T20:08:24.224-0400] {processor.py:640} INFO - Processing file /Users/jl/Documents/Repos/GHC-2022-data-engineering-workshop/venv/lib/python3.8/site-packages/airflow/example_dags/example_latest_only_with_trigger.py for tasks to queue
[2022-08-29T20:08:24.225-0400] {logging_mixin.py:115} INFO - [2022-08-29T20:08:24.225-0400] {dagbag.py:508} INFO - Filling up the DagBag from /Users/jl/Documents/Repos/GHC-2022-data-engineering-workshop/venv/lib/python3.8/site-packages/airflow/example_dags/example_latest_only_with_trigger.py
[2022-08-29T20:08:24.240-0400] {processor.py:650} INFO - DAG(s) dict_keys(['latest_only_with_trigger']) retrieved from /Users/jl/Documents/Repos/GHC-2022-data-engineering-workshop/venv/lib/python3.8/site-packages/airflow/example_dags/example_latest_only_with_trigger.py
[2022-08-29T20:08:24.318-0400] {logging_mixin.py:115} INFO - [2022-08-29T20:08:24.317-0400] {dag.py:2429} INFO - Sync 1 DAGs
[2022-08-29T20:08:24.336-0400] {logging_mixin.py:115} INFO - [2022-08-29T20:08:24.336-0400] {dag.py:2977} INFO - Setting next_dagrun for latest_only_with_trigger to 2022-08-29T20:08:24.336130+00:00, run_after=2022-08-30T00:08:24.336130+00:00
[2022-08-29T20:08:24.352-0400] {processor.py:161} INFO - Processing /Users/jl/Documents/Repos/GHC-2022-data-engineering-workshop/venv/lib/python3.8/site-packages/airflow/example_dags/example_latest_only_with_trigger.py took 0.138 seconds
[2022-08-29T20:09:54.990-0400] {processor.py:153} INFO - Started process (PID=14899) to work on /Users/jl/Documents/Repos/GHC-2022-data-engineering-workshop/venv/lib/python3.8/site-packages/airflow/example_dags/example_latest_only_with_trigger.py
[2022-08-29T20:09:55.011-0400] {processor.py:640} INFO - Processing file /Users/jl/Documents/Repos/GHC-2022-data-engineering-workshop/venv/lib/python3.8/site-packages/airflow/example_dags/example_latest_only_with_trigger.py for tasks to queue
[2022-08-29T20:09:55.012-0400] {logging_mixin.py:115} INFO - [2022-08-29T20:09:55.012-0400] {dagbag.py:508} INFO - Filling up the DagBag from /Users/jl/Documents/Repos/GHC-2022-data-engineering-workshop/venv/lib/python3.8/site-packages/airflow/example_dags/example_latest_only_with_trigger.py
[2022-08-29T20:09:55.045-0400] {processor.py:650} INFO - DAG(s) dict_keys(['latest_only_with_trigger']) retrieved from /Users/jl/Documents/Repos/GHC-2022-data-engineering-workshop/venv/lib/python3.8/site-packages/airflow/example_dags/example_latest_only_with_trigger.py
[2022-08-29T20:09:55.138-0400] {logging_mixin.py:115} INFO - [2022-08-29T20:09:55.137-0400] {dag.py:2429} INFO - Sync 1 DAGs
[2022-08-29T20:09:55.156-0400] {logging_mixin.py:115} INFO - [2022-08-29T20:09:55.156-0400] {dag.py:2977} INFO - Setting next_dagrun for latest_only_with_trigger to 2022-08-29T20:09:55.156198+00:00, run_after=2022-08-30T00:09:55.156198+00:00
[2022-08-29T20:09:55.174-0400] {processor.py:161} INFO - Processing /Users/jl/Documents/Repos/GHC-2022-data-engineering-workshop/venv/lib/python3.8/site-packages/airflow/example_dags/example_latest_only_with_trigger.py took 0.185 seconds
[2022-08-29T20:11:31.835-0400] {processor.py:153} INFO - Started process (PID=14989) to work on /Users/jl/Documents/Repos/GHC-2022-data-engineering-workshop/venv/lib/python3.8/site-packages/airflow/example_dags/example_latest_only_with_trigger.py
[2022-08-29T20:11:31.844-0400] {processor.py:640} INFO - Processing file /Users/jl/Documents/Repos/GHC-2022-data-engineering-workshop/venv/lib/python3.8/site-packages/airflow/example_dags/example_latest_only_with_trigger.py for tasks to queue
[2022-08-29T20:11:31.844-0400] {logging_mixin.py:115} INFO - [2022-08-29T20:11:31.844-0400] {dagbag.py:508} INFO - Filling up the DagBag from /Users/jl/Documents/Repos/GHC-2022-data-engineering-workshop/venv/lib/python3.8/site-packages/airflow/example_dags/example_latest_only_with_trigger.py
[2022-08-29T20:11:31.859-0400] {processor.py:650} INFO - DAG(s) dict_keys(['latest_only_with_trigger']) retrieved from /Users/jl/Documents/Repos/GHC-2022-data-engineering-workshop/venv/lib/python3.8/site-packages/airflow/example_dags/example_latest_only_with_trigger.py
[2022-08-29T20:11:31.936-0400] {logging_mixin.py:115} INFO - [2022-08-29T20:11:31.936-0400] {dag.py:2429} INFO - Sync 1 DAGs
[2022-08-29T20:11:31.957-0400] {logging_mixin.py:115} INFO - [2022-08-29T20:11:31.957-0400] {dag.py:2977} INFO - Setting next_dagrun for latest_only_with_trigger to 2022-08-29T20:11:31.956856+00:00, run_after=2022-08-30T00:11:31.956856+00:00
[2022-08-29T20:11:31.973-0400] {processor.py:161} INFO - Processing /Users/jl/Documents/Repos/GHC-2022-data-engineering-workshop/venv/lib/python3.8/site-packages/airflow/example_dags/example_latest_only_with_trigger.py took 0.139 seconds
[2022-08-29T20:13:01.771-0400] {processor.py:153} INFO - Started process (PID=15074) to work on /Users/jl/Documents/Repos/GHC-2022-data-engineering-workshop/venv/lib/python3.8/site-packages/airflow/example_dags/example_latest_only_with_trigger.py
[2022-08-29T20:13:01.779-0400] {processor.py:640} INFO - Processing file /Users/jl/Documents/Repos/GHC-2022-data-engineering-workshop/venv/lib/python3.8/site-packages/airflow/example_dags/example_latest_only_with_trigger.py for tasks to queue
[2022-08-29T20:13:01.780-0400] {logging_mixin.py:115} INFO - [2022-08-29T20:13:01.780-0400] {dagbag.py:508} INFO - Filling up the DagBag from /Users/jl/Documents/Repos/GHC-2022-data-engineering-workshop/venv/lib/python3.8/site-packages/airflow/example_dags/example_latest_only_with_trigger.py
[2022-08-29T20:13:01.795-0400] {processor.py:650} INFO - DAG(s) dict_keys(['latest_only_with_trigger']) retrieved from /Users/jl/Documents/Repos/GHC-2022-data-engineering-workshop/venv/lib/python3.8/site-packages/airflow/example_dags/example_latest_only_with_trigger.py
[2022-08-29T20:13:01.872-0400] {logging_mixin.py:115} INFO - [2022-08-29T20:13:01.871-0400] {dag.py:2429} INFO - Sync 1 DAGs
[2022-08-29T20:13:01.889-0400] {logging_mixin.py:115} INFO - [2022-08-29T20:13:01.889-0400] {dag.py:2977} INFO - Setting next_dagrun for latest_only_with_trigger to 2022-08-29T20:13:01.888955+00:00, run_after=2022-08-30T00:13:01.888955+00:00
[2022-08-29T20:13:01.906-0400] {processor.py:161} INFO - Processing /Users/jl/Documents/Repos/GHC-2022-data-engineering-workshop/venv/lib/python3.8/site-packages/airflow/example_dags/example_latest_only_with_trigger.py took 0.136 seconds
[2022-08-29T20:14:30.609-0400] {processor.py:153} INFO - Started process (PID=15154) to work on /Users/jl/Documents/Repos/GHC-2022-data-engineering-workshop/venv/lib/python3.8/site-packages/airflow/example_dags/example_latest_only_with_trigger.py
[2022-08-29T20:14:30.617-0400] {processor.py:640} INFO - Processing file /Users/jl/Documents/Repos/GHC-2022-data-engineering-workshop/venv/lib/python3.8/site-packages/airflow/example_dags/example_latest_only_with_trigger.py for tasks to queue
[2022-08-29T20:14:30.618-0400] {logging_mixin.py:115} INFO - [2022-08-29T20:14:30.618-0400] {dagbag.py:508} INFO - Filling up the DagBag from /Users/jl/Documents/Repos/GHC-2022-data-engineering-workshop/venv/lib/python3.8/site-packages/airflow/example_dags/example_latest_only_with_trigger.py
[2022-08-29T20:14:30.633-0400] {processor.py:650} INFO - DAG(s) dict_keys(['latest_only_with_trigger']) retrieved from /Users/jl/Documents/Repos/GHC-2022-data-engineering-workshop/venv/lib/python3.8/site-packages/airflow/example_dags/example_latest_only_with_trigger.py
[2022-08-29T20:14:30.713-0400] {logging_mixin.py:115} INFO - [2022-08-29T20:14:30.712-0400] {dag.py:2429} INFO - Sync 1 DAGs
[2022-08-29T20:14:30.729-0400] {logging_mixin.py:115} INFO - [2022-08-29T20:14:30.729-0400] {dag.py:2977} INFO - Setting next_dagrun for latest_only_with_trigger to 2022-08-29T20:14:30.729303+00:00, run_after=2022-08-30T00:14:30.729303+00:00
[2022-08-29T20:14:30.745-0400] {processor.py:161} INFO - Processing /Users/jl/Documents/Repos/GHC-2022-data-engineering-workshop/venv/lib/python3.8/site-packages/airflow/example_dags/example_latest_only_with_trigger.py took 0.137 seconds
[2022-08-29T20:16:12.219-0400] {processor.py:153} INFO - Started process (PID=15272) to work on /Users/jl/Documents/Repos/GHC-2022-data-engineering-workshop/venv/lib/python3.8/site-packages/airflow/example_dags/example_latest_only_with_trigger.py
[2022-08-29T20:16:12.229-0400] {processor.py:640} INFO - Processing file /Users/jl/Documents/Repos/GHC-2022-data-engineering-workshop/venv/lib/python3.8/site-packages/airflow/example_dags/example_latest_only_with_trigger.py for tasks to queue
[2022-08-29T20:16:12.230-0400] {logging_mixin.py:115} INFO - [2022-08-29T20:16:12.229-0400] {dagbag.py:508} INFO - Filling up the DagBag from /Users/jl/Documents/Repos/GHC-2022-data-engineering-workshop/venv/lib/python3.8/site-packages/airflow/example_dags/example_latest_only_with_trigger.py
[2022-08-29T20:16:12.248-0400] {processor.py:650} INFO - DAG(s) dict_keys(['latest_only_with_trigger']) retrieved from /Users/jl/Documents/Repos/GHC-2022-data-engineering-workshop/venv/lib/python3.8/site-packages/airflow/example_dags/example_latest_only_with_trigger.py
[2022-08-29T20:16:12.337-0400] {logging_mixin.py:115} INFO - [2022-08-29T20:16:12.336-0400] {dag.py:2429} INFO - Sync 1 DAGs
[2022-08-29T20:16:12.356-0400] {logging_mixin.py:115} INFO - [2022-08-29T20:16:12.356-0400] {dag.py:2977} INFO - Setting next_dagrun for latest_only_with_trigger to 2022-08-29T20:16:12.355938+00:00, run_after=2022-08-30T00:16:12.355938+00:00
[2022-08-29T20:16:12.375-0400] {processor.py:161} INFO - Processing /Users/jl/Documents/Repos/GHC-2022-data-engineering-workshop/venv/lib/python3.8/site-packages/airflow/example_dags/example_latest_only_with_trigger.py took 0.156 seconds
[2022-08-29T20:18:07.212-0400] {processor.py:153} INFO - Started process (PID=15392) to work on /Users/jl/Documents/Repos/GHC-2022-data-engineering-workshop/venv/lib/python3.8/site-packages/airflow/example_dags/example_latest_only_with_trigger.py
[2022-08-29T20:18:07.220-0400] {processor.py:640} INFO - Processing file /Users/jl/Documents/Repos/GHC-2022-data-engineering-workshop/venv/lib/python3.8/site-packages/airflow/example_dags/example_latest_only_with_trigger.py for tasks to queue
[2022-08-29T20:18:07.221-0400] {logging_mixin.py:115} INFO - [2022-08-29T20:18:07.220-0400] {dagbag.py:508} INFO - Filling up the DagBag from /Users/jl/Documents/Repos/GHC-2022-data-engineering-workshop/venv/lib/python3.8/site-packages/airflow/example_dags/example_latest_only_with_trigger.py
[2022-08-29T20:18:07.238-0400] {processor.py:650} INFO - DAG(s) dict_keys(['latest_only_with_trigger']) retrieved from /Users/jl/Documents/Repos/GHC-2022-data-engineering-workshop/venv/lib/python3.8/site-packages/airflow/example_dags/example_latest_only_with_trigger.py
[2022-08-29T20:18:07.317-0400] {logging_mixin.py:115} INFO - [2022-08-29T20:18:07.316-0400] {dag.py:2429} INFO - Sync 1 DAGs
[2022-08-29T20:18:07.334-0400] {logging_mixin.py:115} INFO - [2022-08-29T20:18:07.334-0400] {dag.py:2977} INFO - Setting next_dagrun for latest_only_with_trigger to 2022-08-29T20:18:07.333886+00:00, run_after=2022-08-30T00:18:07.333886+00:00
[2022-08-29T20:18:07.350-0400] {processor.py:161} INFO - Processing /Users/jl/Documents/Repos/GHC-2022-data-engineering-workshop/venv/lib/python3.8/site-packages/airflow/example_dags/example_latest_only_with_trigger.py took 0.140 seconds
[2022-08-29T20:19:54.456-0400] {processor.py:153} INFO - Started process (PID=15503) to work on /Users/jl/Documents/Repos/GHC-2022-data-engineering-workshop/venv/lib/python3.8/site-packages/airflow/example_dags/example_latest_only_with_trigger.py
[2022-08-29T20:19:54.465-0400] {processor.py:640} INFO - Processing file /Users/jl/Documents/Repos/GHC-2022-data-engineering-workshop/venv/lib/python3.8/site-packages/airflow/example_dags/example_latest_only_with_trigger.py for tasks to queue
[2022-08-29T20:19:54.466-0400] {logging_mixin.py:115} INFO - [2022-08-29T20:19:54.466-0400] {dagbag.py:508} INFO - Filling up the DagBag from /Users/jl/Documents/Repos/GHC-2022-data-engineering-workshop/venv/lib/python3.8/site-packages/airflow/example_dags/example_latest_only_with_trigger.py
[2022-08-29T20:19:54.484-0400] {processor.py:650} INFO - DAG(s) dict_keys(['latest_only_with_trigger']) retrieved from /Users/jl/Documents/Repos/GHC-2022-data-engineering-workshop/venv/lib/python3.8/site-packages/airflow/example_dags/example_latest_only_with_trigger.py
[2022-08-29T20:19:54.560-0400] {logging_mixin.py:115} INFO - [2022-08-29T20:19:54.560-0400] {dag.py:2429} INFO - Sync 1 DAGs
[2022-08-29T20:19:54.577-0400] {logging_mixin.py:115} INFO - [2022-08-29T20:19:54.577-0400] {dag.py:2977} INFO - Setting next_dagrun for latest_only_with_trigger to 2022-08-29T20:19:54.577452+00:00, run_after=2022-08-30T00:19:54.577452+00:00
[2022-08-29T20:19:54.593-0400] {processor.py:161} INFO - Processing /Users/jl/Documents/Repos/GHC-2022-data-engineering-workshop/venv/lib/python3.8/site-packages/airflow/example_dags/example_latest_only_with_trigger.py took 0.138 seconds
[2022-08-29T20:21:27.864-0400] {processor.py:153} INFO - Started process (PID=15588) to work on /Users/jl/Documents/Repos/GHC-2022-data-engineering-workshop/venv/lib/python3.8/site-packages/airflow/example_dags/example_latest_only_with_trigger.py
[2022-08-29T20:21:27.873-0400] {processor.py:640} INFO - Processing file /Users/jl/Documents/Repos/GHC-2022-data-engineering-workshop/venv/lib/python3.8/site-packages/airflow/example_dags/example_latest_only_with_trigger.py for tasks to queue
[2022-08-29T20:21:27.873-0400] {logging_mixin.py:115} INFO - [2022-08-29T20:21:27.873-0400] {dagbag.py:508} INFO - Filling up the DagBag from /Users/jl/Documents/Repos/GHC-2022-data-engineering-workshop/venv/lib/python3.8/site-packages/airflow/example_dags/example_latest_only_with_trigger.py
[2022-08-29T20:21:27.888-0400] {processor.py:650} INFO - DAG(s) dict_keys(['latest_only_with_trigger']) retrieved from /Users/jl/Documents/Repos/GHC-2022-data-engineering-workshop/venv/lib/python3.8/site-packages/airflow/example_dags/example_latest_only_with_trigger.py
[2022-08-29T20:21:27.965-0400] {logging_mixin.py:115} INFO - [2022-08-29T20:21:27.965-0400] {dag.py:2429} INFO - Sync 1 DAGs
[2022-08-29T20:21:27.983-0400] {logging_mixin.py:115} INFO - [2022-08-29T20:21:27.982-0400] {dag.py:2977} INFO - Setting next_dagrun for latest_only_with_trigger to 2022-08-29T20:21:27.982693+00:00, run_after=2022-08-30T00:21:27.982693+00:00
[2022-08-29T20:21:27.999-0400] {processor.py:161} INFO - Processing /Users/jl/Documents/Repos/GHC-2022-data-engineering-workshop/venv/lib/python3.8/site-packages/airflow/example_dags/example_latest_only_with_trigger.py took 0.135 seconds
[2022-08-29T20:22:52.576-0400] {processor.py:153} INFO - Started process (PID=15668) to work on /Users/jl/Documents/Repos/GHC-2022-data-engineering-workshop/venv/lib/python3.8/site-packages/airflow/example_dags/example_latest_only_with_trigger.py
[2022-08-29T20:22:52.585-0400] {processor.py:640} INFO - Processing file /Users/jl/Documents/Repos/GHC-2022-data-engineering-workshop/venv/lib/python3.8/site-packages/airflow/example_dags/example_latest_only_with_trigger.py for tasks to queue
[2022-08-29T20:22:52.585-0400] {logging_mixin.py:115} INFO - [2022-08-29T20:22:52.585-0400] {dagbag.py:508} INFO - Filling up the DagBag from /Users/jl/Documents/Repos/GHC-2022-data-engineering-workshop/venv/lib/python3.8/site-packages/airflow/example_dags/example_latest_only_with_trigger.py
[2022-08-29T20:22:52.600-0400] {processor.py:650} INFO - DAG(s) dict_keys(['latest_only_with_trigger']) retrieved from /Users/jl/Documents/Repos/GHC-2022-data-engineering-workshop/venv/lib/python3.8/site-packages/airflow/example_dags/example_latest_only_with_trigger.py
[2022-08-29T20:22:52.679-0400] {logging_mixin.py:115} INFO - [2022-08-29T20:22:52.679-0400] {dag.py:2429} INFO - Sync 1 DAGs
[2022-08-29T20:22:52.697-0400] {logging_mixin.py:115} INFO - [2022-08-29T20:22:52.697-0400] {dag.py:2977} INFO - Setting next_dagrun for latest_only_with_trigger to 2022-08-29T20:22:52.696756+00:00, run_after=2022-08-30T00:22:52.696756+00:00
[2022-08-29T20:22:52.713-0400] {processor.py:161} INFO - Processing /Users/jl/Documents/Repos/GHC-2022-data-engineering-workshop/venv/lib/python3.8/site-packages/airflow/example_dags/example_latest_only_with_trigger.py took 0.138 seconds
[2022-08-29T20:24:21.072-0400] {processor.py:153} INFO - Started process (PID=15749) to work on /Users/jl/Documents/Repos/GHC-2022-data-engineering-workshop/venv/lib/python3.8/site-packages/airflow/example_dags/example_latest_only_with_trigger.py
[2022-08-29T20:24:21.080-0400] {processor.py:640} INFO - Processing file /Users/jl/Documents/Repos/GHC-2022-data-engineering-workshop/venv/lib/python3.8/site-packages/airflow/example_dags/example_latest_only_with_trigger.py for tasks to queue
[2022-08-29T20:24:21.081-0400] {logging_mixin.py:115} INFO - [2022-08-29T20:24:21.081-0400] {dagbag.py:508} INFO - Filling up the DagBag from /Users/jl/Documents/Repos/GHC-2022-data-engineering-workshop/venv/lib/python3.8/site-packages/airflow/example_dags/example_latest_only_with_trigger.py
[2022-08-29T20:24:21.096-0400] {processor.py:650} INFO - DAG(s) dict_keys(['latest_only_with_trigger']) retrieved from /Users/jl/Documents/Repos/GHC-2022-data-engineering-workshop/venv/lib/python3.8/site-packages/airflow/example_dags/example_latest_only_with_trigger.py
[2022-08-29T20:24:21.173-0400] {logging_mixin.py:115} INFO - [2022-08-29T20:24:21.173-0400] {dag.py:2429} INFO - Sync 1 DAGs
[2022-08-29T20:24:21.191-0400] {logging_mixin.py:115} INFO - [2022-08-29T20:24:21.190-0400] {dag.py:2977} INFO - Setting next_dagrun for latest_only_with_trigger to 2022-08-29T20:24:21.190745+00:00, run_after=2022-08-30T00:24:21.190745+00:00
[2022-08-29T20:24:21.207-0400] {processor.py:161} INFO - Processing /Users/jl/Documents/Repos/GHC-2022-data-engineering-workshop/venv/lib/python3.8/site-packages/airflow/example_dags/example_latest_only_with_trigger.py took 0.136 seconds
[2022-08-29T20:26:02.818-0400] {processor.py:153} INFO - Started process (PID=15845) to work on /Users/jl/Documents/Repos/GHC-2022-data-engineering-workshop/venv/lib/python3.8/site-packages/airflow/example_dags/example_latest_only_with_trigger.py
[2022-08-29T20:26:02.829-0400] {processor.py:640} INFO - Processing file /Users/jl/Documents/Repos/GHC-2022-data-engineering-workshop/venv/lib/python3.8/site-packages/airflow/example_dags/example_latest_only_with_trigger.py for tasks to queue
[2022-08-29T20:26:02.830-0400] {logging_mixin.py:115} INFO - [2022-08-29T20:26:02.829-0400] {dagbag.py:508} INFO - Filling up the DagBag from /Users/jl/Documents/Repos/GHC-2022-data-engineering-workshop/venv/lib/python3.8/site-packages/airflow/example_dags/example_latest_only_with_trigger.py
[2022-08-29T20:26:02.848-0400] {processor.py:650} INFO - DAG(s) dict_keys(['latest_only_with_trigger']) retrieved from /Users/jl/Documents/Repos/GHC-2022-data-engineering-workshop/venv/lib/python3.8/site-packages/airflow/example_dags/example_latest_only_with_trigger.py
[2022-08-29T20:26:02.926-0400] {logging_mixin.py:115} INFO - [2022-08-29T20:26:02.926-0400] {dag.py:2429} INFO - Sync 1 DAGs
[2022-08-29T20:26:02.944-0400] {logging_mixin.py:115} INFO - [2022-08-29T20:26:02.944-0400] {dag.py:2977} INFO - Setting next_dagrun for latest_only_with_trigger to 2022-08-29T20:26:02.943876+00:00, run_after=2022-08-30T00:26:02.943876+00:00
[2022-08-29T20:26:02.961-0400] {processor.py:161} INFO - Processing /Users/jl/Documents/Repos/GHC-2022-data-engineering-workshop/venv/lib/python3.8/site-packages/airflow/example_dags/example_latest_only_with_trigger.py took 0.143 seconds
[2022-08-29T20:28:07.202-0400] {processor.py:153} INFO - Started process (PID=15963) to work on /Users/jl/Documents/Repos/GHC-2022-data-engineering-workshop/venv/lib/python3.8/site-packages/airflow/example_dags/example_latest_only_with_trigger.py
[2022-08-29T20:28:07.211-0400] {processor.py:640} INFO - Processing file /Users/jl/Documents/Repos/GHC-2022-data-engineering-workshop/venv/lib/python3.8/site-packages/airflow/example_dags/example_latest_only_with_trigger.py for tasks to queue
[2022-08-29T20:28:07.213-0400] {logging_mixin.py:115} INFO - [2022-08-29T20:28:07.212-0400] {dagbag.py:508} INFO - Filling up the DagBag from /Users/jl/Documents/Repos/GHC-2022-data-engineering-workshop/venv/lib/python3.8/site-packages/airflow/example_dags/example_latest_only_with_trigger.py
[2022-08-29T20:28:07.229-0400] {processor.py:650} INFO - DAG(s) dict_keys(['latest_only_with_trigger']) retrieved from /Users/jl/Documents/Repos/GHC-2022-data-engineering-workshop/venv/lib/python3.8/site-packages/airflow/example_dags/example_latest_only_with_trigger.py
[2022-08-29T20:28:07.306-0400] {logging_mixin.py:115} INFO - [2022-08-29T20:28:07.306-0400] {dag.py:2429} INFO - Sync 1 DAGs
[2022-08-29T20:28:07.324-0400] {logging_mixin.py:115} INFO - [2022-08-29T20:28:07.324-0400] {dag.py:2977} INFO - Setting next_dagrun for latest_only_with_trigger to 2022-08-29T20:28:07.324091+00:00, run_after=2022-08-30T00:28:07.324091+00:00
[2022-08-29T20:28:07.339-0400] {processor.py:161} INFO - Processing /Users/jl/Documents/Repos/GHC-2022-data-engineering-workshop/venv/lib/python3.8/site-packages/airflow/example_dags/example_latest_only_with_trigger.py took 0.139 seconds
[2022-08-29T20:29:48.938-0400] {processor.py:153} INFO - Started process (PID=16051) to work on /Users/jl/Documents/Repos/GHC-2022-data-engineering-workshop/venv/lib/python3.8/site-packages/airflow/example_dags/example_latest_only_with_trigger.py
[2022-08-29T20:29:48.952-0400] {processor.py:640} INFO - Processing file /Users/jl/Documents/Repos/GHC-2022-data-engineering-workshop/venv/lib/python3.8/site-packages/airflow/example_dags/example_latest_only_with_trigger.py for tasks to queue
[2022-08-29T20:29:48.953-0400] {logging_mixin.py:115} INFO - [2022-08-29T20:29:48.953-0400] {dagbag.py:508} INFO - Filling up the DagBag from /Users/jl/Documents/Repos/GHC-2022-data-engineering-workshop/venv/lib/python3.8/site-packages/airflow/example_dags/example_latest_only_with_trigger.py
[2022-08-29T20:29:48.969-0400] {processor.py:650} INFO - DAG(s) dict_keys(['latest_only_with_trigger']) retrieved from /Users/jl/Documents/Repos/GHC-2022-data-engineering-workshop/venv/lib/python3.8/site-packages/airflow/example_dags/example_latest_only_with_trigger.py
[2022-08-29T20:29:49.058-0400] {logging_mixin.py:115} INFO - [2022-08-29T20:29:49.057-0400] {dag.py:2429} INFO - Sync 1 DAGs
[2022-08-29T20:29:49.091-0400] {logging_mixin.py:115} INFO - [2022-08-29T20:29:49.091-0400] {dag.py:2977} INFO - Setting next_dagrun for latest_only_with_trigger to 2022-08-29T20:29:49.091404+00:00, run_after=2022-08-30T00:29:49.091404+00:00
[2022-08-29T20:29:49.112-0400] {processor.py:161} INFO - Processing /Users/jl/Documents/Repos/GHC-2022-data-engineering-workshop/venv/lib/python3.8/site-packages/airflow/example_dags/example_latest_only_with_trigger.py took 0.176 seconds
[2022-08-29T20:32:02.739-0400] {processor.py:153} INFO - Started process (PID=16173) to work on /Users/jl/Documents/Repos/GHC-2022-data-engineering-workshop/venv/lib/python3.8/site-packages/airflow/example_dags/example_latest_only_with_trigger.py
[2022-08-29T20:32:02.752-0400] {processor.py:640} INFO - Processing file /Users/jl/Documents/Repos/GHC-2022-data-engineering-workshop/venv/lib/python3.8/site-packages/airflow/example_dags/example_latest_only_with_trigger.py for tasks to queue
[2022-08-29T20:32:02.752-0400] {logging_mixin.py:115} INFO - [2022-08-29T20:32:02.752-0400] {dagbag.py:508} INFO - Filling up the DagBag from /Users/jl/Documents/Repos/GHC-2022-data-engineering-workshop/venv/lib/python3.8/site-packages/airflow/example_dags/example_latest_only_with_trigger.py
[2022-08-29T20:32:02.774-0400] {processor.py:650} INFO - DAG(s) dict_keys(['latest_only_with_trigger']) retrieved from /Users/jl/Documents/Repos/GHC-2022-data-engineering-workshop/venv/lib/python3.8/site-packages/airflow/example_dags/example_latest_only_with_trigger.py
[2022-08-29T20:32:02.879-0400] {logging_mixin.py:115} INFO - [2022-08-29T20:32:02.879-0400] {dag.py:2429} INFO - Sync 1 DAGs
[2022-08-29T20:32:02.899-0400] {logging_mixin.py:115} INFO - [2022-08-29T20:32:02.898-0400] {dag.py:2977} INFO - Setting next_dagrun for latest_only_with_trigger to 2022-08-29T20:32:02.898671+00:00, run_after=2022-08-30T00:32:02.898671+00:00
[2022-08-29T20:32:02.915-0400] {processor.py:161} INFO - Processing /Users/jl/Documents/Repos/GHC-2022-data-engineering-workshop/venv/lib/python3.8/site-packages/airflow/example_dags/example_latest_only_with_trigger.py took 0.177 seconds
[2022-08-29T20:34:06.720-0400] {processor.py:153} INFO - Started process (PID=16295) to work on /Users/jl/Documents/Repos/GHC-2022-data-engineering-workshop/venv/lib/python3.8/site-packages/airflow/example_dags/example_latest_only_with_trigger.py
[2022-08-29T20:34:06.730-0400] {processor.py:640} INFO - Processing file /Users/jl/Documents/Repos/GHC-2022-data-engineering-workshop/venv/lib/python3.8/site-packages/airflow/example_dags/example_latest_only_with_trigger.py for tasks to queue
[2022-08-29T20:34:06.731-0400] {logging_mixin.py:115} INFO - [2022-08-29T20:34:06.731-0400] {dagbag.py:508} INFO - Filling up the DagBag from /Users/jl/Documents/Repos/GHC-2022-data-engineering-workshop/venv/lib/python3.8/site-packages/airflow/example_dags/example_latest_only_with_trigger.py
[2022-08-29T20:34:06.749-0400] {processor.py:650} INFO - DAG(s) dict_keys(['latest_only_with_trigger']) retrieved from /Users/jl/Documents/Repos/GHC-2022-data-engineering-workshop/venv/lib/python3.8/site-packages/airflow/example_dags/example_latest_only_with_trigger.py
[2022-08-29T20:34:06.827-0400] {logging_mixin.py:115} INFO - [2022-08-29T20:34:06.826-0400] {dag.py:2429} INFO - Sync 1 DAGs
[2022-08-29T20:34:06.844-0400] {logging_mixin.py:115} INFO - [2022-08-29T20:34:06.844-0400] {dag.py:2977} INFO - Setting next_dagrun for latest_only_with_trigger to 2022-08-29T20:34:06.844301+00:00, run_after=2022-08-30T00:34:06.844301+00:00
[2022-08-29T20:34:06.861-0400] {processor.py:161} INFO - Processing /Users/jl/Documents/Repos/GHC-2022-data-engineering-workshop/venv/lib/python3.8/site-packages/airflow/example_dags/example_latest_only_with_trigger.py took 0.142 seconds
[2022-08-29T20:35:49.475-0400] {processor.py:153} INFO - Started process (PID=16415) to work on /Users/jl/Documents/Repos/GHC-2022-data-engineering-workshop/venv/lib/python3.8/site-packages/airflow/example_dags/example_latest_only_with_trigger.py
[2022-08-29T20:35:49.489-0400] {processor.py:640} INFO - Processing file /Users/jl/Documents/Repos/GHC-2022-data-engineering-workshop/venv/lib/python3.8/site-packages/airflow/example_dags/example_latest_only_with_trigger.py for tasks to queue
[2022-08-29T20:35:49.489-0400] {logging_mixin.py:115} INFO - [2022-08-29T20:35:49.489-0400] {dagbag.py:508} INFO - Filling up the DagBag from /Users/jl/Documents/Repos/GHC-2022-data-engineering-workshop/venv/lib/python3.8/site-packages/airflow/example_dags/example_latest_only_with_trigger.py
[2022-08-29T20:35:49.508-0400] {processor.py:650} INFO - DAG(s) dict_keys(['latest_only_with_trigger']) retrieved from /Users/jl/Documents/Repos/GHC-2022-data-engineering-workshop/venv/lib/python3.8/site-packages/airflow/example_dags/example_latest_only_with_trigger.py
[2022-08-29T20:35:49.608-0400] {logging_mixin.py:115} INFO - [2022-08-29T20:35:49.608-0400] {dag.py:2429} INFO - Sync 1 DAGs
[2022-08-29T20:35:49.630-0400] {logging_mixin.py:115} INFO - [2022-08-29T20:35:49.630-0400] {dag.py:2977} INFO - Setting next_dagrun for latest_only_with_trigger to 2022-08-29T20:35:49.629710+00:00, run_after=2022-08-30T00:35:49.629710+00:00
[2022-08-29T20:35:49.650-0400] {processor.py:161} INFO - Processing /Users/jl/Documents/Repos/GHC-2022-data-engineering-workshop/venv/lib/python3.8/site-packages/airflow/example_dags/example_latest_only_with_trigger.py took 0.176 seconds
[2022-08-29T20:37:37.863-0400] {processor.py:153} INFO - Started process (PID=16524) to work on /Users/jl/Documents/Repos/GHC-2022-data-engineering-workshop/venv/lib/python3.8/site-packages/airflow/example_dags/example_latest_only_with_trigger.py
[2022-08-29T20:37:37.874-0400] {processor.py:640} INFO - Processing file /Users/jl/Documents/Repos/GHC-2022-data-engineering-workshop/venv/lib/python3.8/site-packages/airflow/example_dags/example_latest_only_with_trigger.py for tasks to queue
[2022-08-29T20:37:37.875-0400] {logging_mixin.py:115} INFO - [2022-08-29T20:37:37.874-0400] {dagbag.py:508} INFO - Filling up the DagBag from /Users/jl/Documents/Repos/GHC-2022-data-engineering-workshop/venv/lib/python3.8/site-packages/airflow/example_dags/example_latest_only_with_trigger.py
[2022-08-29T20:37:37.894-0400] {processor.py:650} INFO - DAG(s) dict_keys(['latest_only_with_trigger']) retrieved from /Users/jl/Documents/Repos/GHC-2022-data-engineering-workshop/venv/lib/python3.8/site-packages/airflow/example_dags/example_latest_only_with_trigger.py
[2022-08-29T20:37:37.976-0400] {logging_mixin.py:115} INFO - [2022-08-29T20:37:37.976-0400] {dag.py:2429} INFO - Sync 1 DAGs
[2022-08-29T20:37:37.995-0400] {logging_mixin.py:115} INFO - [2022-08-29T20:37:37.995-0400] {dag.py:2977} INFO - Setting next_dagrun for latest_only_with_trigger to 2022-08-29T20:37:37.995323+00:00, run_after=2022-08-30T00:37:37.995323+00:00
[2022-08-29T20:37:38.014-0400] {processor.py:161} INFO - Processing /Users/jl/Documents/Repos/GHC-2022-data-engineering-workshop/venv/lib/python3.8/site-packages/airflow/example_dags/example_latest_only_with_trigger.py took 0.151 seconds
[2022-08-29T20:39:40.652-0400] {processor.py:153} INFO - Started process (PID=16632) to work on /Users/jl/Documents/Repos/GHC-2022-data-engineering-workshop/venv/lib/python3.8/site-packages/airflow/example_dags/example_latest_only_with_trigger.py
[2022-08-29T20:39:40.662-0400] {processor.py:640} INFO - Processing file /Users/jl/Documents/Repos/GHC-2022-data-engineering-workshop/venv/lib/python3.8/site-packages/airflow/example_dags/example_latest_only_with_trigger.py for tasks to queue
[2022-08-29T20:39:40.663-0400] {logging_mixin.py:115} INFO - [2022-08-29T20:39:40.663-0400] {dagbag.py:508} INFO - Filling up the DagBag from /Users/jl/Documents/Repos/GHC-2022-data-engineering-workshop/venv/lib/python3.8/site-packages/airflow/example_dags/example_latest_only_with_trigger.py
[2022-08-29T20:39:40.680-0400] {processor.py:650} INFO - DAG(s) dict_keys(['latest_only_with_trigger']) retrieved from /Users/jl/Documents/Repos/GHC-2022-data-engineering-workshop/venv/lib/python3.8/site-packages/airflow/example_dags/example_latest_only_with_trigger.py
[2022-08-29T20:39:40.761-0400] {logging_mixin.py:115} INFO - [2022-08-29T20:39:40.761-0400] {dag.py:2429} INFO - Sync 1 DAGs
[2022-08-29T20:39:40.779-0400] {logging_mixin.py:115} INFO - [2022-08-29T20:39:40.779-0400] {dag.py:2977} INFO - Setting next_dagrun for latest_only_with_trigger to 2022-08-29T20:39:40.779093+00:00, run_after=2022-08-30T00:39:40.779093+00:00
[2022-08-29T20:39:40.794-0400] {processor.py:161} INFO - Processing /Users/jl/Documents/Repos/GHC-2022-data-engineering-workshop/venv/lib/python3.8/site-packages/airflow/example_dags/example_latest_only_with_trigger.py took 0.143 seconds
[2022-08-29T20:41:26.109-0400] {processor.py:153} INFO - Started process (PID=16724) to work on /Users/jl/Documents/Repos/GHC-2022-data-engineering-workshop/venv/lib/python3.8/site-packages/airflow/example_dags/example_latest_only_with_trigger.py
[2022-08-29T20:41:26.118-0400] {processor.py:640} INFO - Processing file /Users/jl/Documents/Repos/GHC-2022-data-engineering-workshop/venv/lib/python3.8/site-packages/airflow/example_dags/example_latest_only_with_trigger.py for tasks to queue
[2022-08-29T20:41:26.118-0400] {logging_mixin.py:115} INFO - [2022-08-29T20:41:26.118-0400] {dagbag.py:508} INFO - Filling up the DagBag from /Users/jl/Documents/Repos/GHC-2022-data-engineering-workshop/venv/lib/python3.8/site-packages/airflow/example_dags/example_latest_only_with_trigger.py
[2022-08-29T20:41:26.133-0400] {processor.py:650} INFO - DAG(s) dict_keys(['latest_only_with_trigger']) retrieved from /Users/jl/Documents/Repos/GHC-2022-data-engineering-workshop/venv/lib/python3.8/site-packages/airflow/example_dags/example_latest_only_with_trigger.py
[2022-08-29T20:41:26.218-0400] {logging_mixin.py:115} INFO - [2022-08-29T20:41:26.217-0400] {dag.py:2429} INFO - Sync 1 DAGs
[2022-08-29T20:41:26.245-0400] {logging_mixin.py:115} INFO - [2022-08-29T20:41:26.245-0400] {dag.py:2977} INFO - Setting next_dagrun for latest_only_with_trigger to 2022-08-29T20:41:26.245434+00:00, run_after=2022-08-30T00:41:26.245434+00:00
[2022-08-29T20:41:26.264-0400] {processor.py:161} INFO - Processing /Users/jl/Documents/Repos/GHC-2022-data-engineering-workshop/venv/lib/python3.8/site-packages/airflow/example_dags/example_latest_only_with_trigger.py took 0.156 seconds
[2022-08-29T20:43:17.193-0400] {processor.py:153} INFO - Started process (PID=16823) to work on /Users/jl/Documents/Repos/GHC-2022-data-engineering-workshop/venv/lib/python3.8/site-packages/airflow/example_dags/example_latest_only_with_trigger.py
[2022-08-29T20:43:17.207-0400] {processor.py:640} INFO - Processing file /Users/jl/Documents/Repos/GHC-2022-data-engineering-workshop/venv/lib/python3.8/site-packages/airflow/example_dags/example_latest_only_with_trigger.py for tasks to queue
[2022-08-29T20:43:17.208-0400] {logging_mixin.py:115} INFO - [2022-08-29T20:43:17.207-0400] {dagbag.py:508} INFO - Filling up the DagBag from /Users/jl/Documents/Repos/GHC-2022-data-engineering-workshop/venv/lib/python3.8/site-packages/airflow/example_dags/example_latest_only_with_trigger.py
[2022-08-29T20:43:17.231-0400] {processor.py:650} INFO - DAG(s) dict_keys(['latest_only_with_trigger']) retrieved from /Users/jl/Documents/Repos/GHC-2022-data-engineering-workshop/venv/lib/python3.8/site-packages/airflow/example_dags/example_latest_only_with_trigger.py
[2022-08-29T20:43:17.344-0400] {logging_mixin.py:115} INFO - [2022-08-29T20:43:17.343-0400] {dag.py:2429} INFO - Sync 1 DAGs
[2022-08-29T20:43:17.365-0400] {logging_mixin.py:115} INFO - [2022-08-29T20:43:17.365-0400] {dag.py:2977} INFO - Setting next_dagrun for latest_only_with_trigger to 2022-08-29T20:43:17.365429+00:00, run_after=2022-08-30T00:43:17.365429+00:00
[2022-08-29T20:43:17.388-0400] {processor.py:161} INFO - Processing /Users/jl/Documents/Repos/GHC-2022-data-engineering-workshop/venv/lib/python3.8/site-packages/airflow/example_dags/example_latest_only_with_trigger.py took 0.196 seconds
[2022-08-29T20:45:16.471-0400] {processor.py:153} INFO - Started process (PID=16932) to work on /Users/jl/Documents/Repos/GHC-2022-data-engineering-workshop/venv/lib/python3.8/site-packages/airflow/example_dags/example_latest_only_with_trigger.py
[2022-08-29T20:45:16.480-0400] {processor.py:640} INFO - Processing file /Users/jl/Documents/Repos/GHC-2022-data-engineering-workshop/venv/lib/python3.8/site-packages/airflow/example_dags/example_latest_only_with_trigger.py for tasks to queue
[2022-08-29T20:45:16.481-0400] {logging_mixin.py:115} INFO - [2022-08-29T20:45:16.481-0400] {dagbag.py:508} INFO - Filling up the DagBag from /Users/jl/Documents/Repos/GHC-2022-data-engineering-workshop/venv/lib/python3.8/site-packages/airflow/example_dags/example_latest_only_with_trigger.py
[2022-08-29T20:45:16.499-0400] {processor.py:650} INFO - DAG(s) dict_keys(['latest_only_with_trigger']) retrieved from /Users/jl/Documents/Repos/GHC-2022-data-engineering-workshop/venv/lib/python3.8/site-packages/airflow/example_dags/example_latest_only_with_trigger.py
[2022-08-29T20:45:16.577-0400] {logging_mixin.py:115} INFO - [2022-08-29T20:45:16.577-0400] {dag.py:2429} INFO - Sync 1 DAGs
[2022-08-29T20:45:16.595-0400] {logging_mixin.py:115} INFO - [2022-08-29T20:45:16.594-0400] {dag.py:2977} INFO - Setting next_dagrun for latest_only_with_trigger to 2022-08-29T20:45:16.594494+00:00, run_after=2022-08-30T00:45:16.594494+00:00
[2022-08-29T20:45:16.610-0400] {processor.py:161} INFO - Processing /Users/jl/Documents/Repos/GHC-2022-data-engineering-workshop/venv/lib/python3.8/site-packages/airflow/example_dags/example_latest_only_with_trigger.py took 0.141 seconds
[2022-08-29T20:46:54.750-0400] {processor.py:153} INFO - Started process (PID=17019) to work on /Users/jl/Documents/Repos/GHC-2022-data-engineering-workshop/venv/lib/python3.8/site-packages/airflow/example_dags/example_latest_only_with_trigger.py
[2022-08-29T20:46:54.761-0400] {processor.py:640} INFO - Processing file /Users/jl/Documents/Repos/GHC-2022-data-engineering-workshop/venv/lib/python3.8/site-packages/airflow/example_dags/example_latest_only_with_trigger.py for tasks to queue
[2022-08-29T20:46:54.761-0400] {logging_mixin.py:115} INFO - [2022-08-29T20:46:54.761-0400] {dagbag.py:508} INFO - Filling up the DagBag from /Users/jl/Documents/Repos/GHC-2022-data-engineering-workshop/venv/lib/python3.8/site-packages/airflow/example_dags/example_latest_only_with_trigger.py
[2022-08-29T20:46:54.782-0400] {processor.py:650} INFO - DAG(s) dict_keys(['latest_only_with_trigger']) retrieved from /Users/jl/Documents/Repos/GHC-2022-data-engineering-workshop/venv/lib/python3.8/site-packages/airflow/example_dags/example_latest_only_with_trigger.py
[2022-08-29T20:46:54.875-0400] {logging_mixin.py:115} INFO - [2022-08-29T20:46:54.875-0400] {dag.py:2429} INFO - Sync 1 DAGs
[2022-08-29T20:46:54.897-0400] {logging_mixin.py:115} INFO - [2022-08-29T20:46:54.896-0400] {dag.py:2977} INFO - Setting next_dagrun for latest_only_with_trigger to 2022-08-29T20:46:54.896715+00:00, run_after=2022-08-30T00:46:54.896715+00:00
[2022-08-29T20:46:54.914-0400] {processor.py:161} INFO - Processing /Users/jl/Documents/Repos/GHC-2022-data-engineering-workshop/venv/lib/python3.8/site-packages/airflow/example_dags/example_latest_only_with_trigger.py took 0.165 seconds
[2022-08-29T20:48:50.319-0400] {processor.py:153} INFO - Started process (PID=17123) to work on /Users/jl/Documents/Repos/GHC-2022-data-engineering-workshop/venv/lib/python3.8/site-packages/airflow/example_dags/example_latest_only_with_trigger.py
[2022-08-29T20:48:50.329-0400] {processor.py:640} INFO - Processing file /Users/jl/Documents/Repos/GHC-2022-data-engineering-workshop/venv/lib/python3.8/site-packages/airflow/example_dags/example_latest_only_with_trigger.py for tasks to queue
[2022-08-29T20:48:50.330-0400] {logging_mixin.py:115} INFO - [2022-08-29T20:48:50.329-0400] {dagbag.py:508} INFO - Filling up the DagBag from /Users/jl/Documents/Repos/GHC-2022-data-engineering-workshop/venv/lib/python3.8/site-packages/airflow/example_dags/example_latest_only_with_trigger.py
[2022-08-29T20:48:50.347-0400] {processor.py:650} INFO - DAG(s) dict_keys(['latest_only_with_trigger']) retrieved from /Users/jl/Documents/Repos/GHC-2022-data-engineering-workshop/venv/lib/python3.8/site-packages/airflow/example_dags/example_latest_only_with_trigger.py
[2022-08-29T20:48:50.424-0400] {logging_mixin.py:115} INFO - [2022-08-29T20:48:50.424-0400] {dag.py:2429} INFO - Sync 1 DAGs
[2022-08-29T20:48:50.447-0400] {logging_mixin.py:115} INFO - [2022-08-29T20:48:50.446-0400] {dag.py:2977} INFO - Setting next_dagrun for latest_only_with_trigger to 2022-08-29T20:48:50.446465+00:00, run_after=2022-08-30T00:48:50.446465+00:00
[2022-08-29T20:48:50.466-0400] {processor.py:161} INFO - Processing /Users/jl/Documents/Repos/GHC-2022-data-engineering-workshop/venv/lib/python3.8/site-packages/airflow/example_dags/example_latest_only_with_trigger.py took 0.148 seconds
[2022-08-29T20:50:28.657-0400] {processor.py:153} INFO - Started process (PID=17212) to work on /Users/jl/Documents/Repos/GHC-2022-data-engineering-workshop/venv/lib/python3.8/site-packages/airflow/example_dags/example_latest_only_with_trigger.py
[2022-08-29T20:50:28.665-0400] {processor.py:640} INFO - Processing file /Users/jl/Documents/Repos/GHC-2022-data-engineering-workshop/venv/lib/python3.8/site-packages/airflow/example_dags/example_latest_only_with_trigger.py for tasks to queue
[2022-08-29T20:50:28.666-0400] {logging_mixin.py:115} INFO - [2022-08-29T20:50:28.666-0400] {dagbag.py:508} INFO - Filling up the DagBag from /Users/jl/Documents/Repos/GHC-2022-data-engineering-workshop/venv/lib/python3.8/site-packages/airflow/example_dags/example_latest_only_with_trigger.py
[2022-08-29T20:50:28.681-0400] {processor.py:650} INFO - DAG(s) dict_keys(['latest_only_with_trigger']) retrieved from /Users/jl/Documents/Repos/GHC-2022-data-engineering-workshop/venv/lib/python3.8/site-packages/airflow/example_dags/example_latest_only_with_trigger.py
[2022-08-29T20:50:28.757-0400] {logging_mixin.py:115} INFO - [2022-08-29T20:50:28.757-0400] {dag.py:2429} INFO - Sync 1 DAGs
[2022-08-29T20:50:28.775-0400] {logging_mixin.py:115} INFO - [2022-08-29T20:50:28.774-0400] {dag.py:2977} INFO - Setting next_dagrun for latest_only_with_trigger to 2022-08-29T20:50:28.774791+00:00, run_after=2022-08-30T00:50:28.774791+00:00
[2022-08-29T20:50:28.790-0400] {processor.py:161} INFO - Processing /Users/jl/Documents/Repos/GHC-2022-data-engineering-workshop/venv/lib/python3.8/site-packages/airflow/example_dags/example_latest_only_with_trigger.py took 0.134 seconds
[2022-08-29T20:52:05.490-0400] {processor.py:153} INFO - Started process (PID=17301) to work on /Users/jl/Documents/Repos/GHC-2022-data-engineering-workshop/venv/lib/python3.8/site-packages/airflow/example_dags/example_latest_only_with_trigger.py
[2022-08-29T20:52:05.499-0400] {processor.py:640} INFO - Processing file /Users/jl/Documents/Repos/GHC-2022-data-engineering-workshop/venv/lib/python3.8/site-packages/airflow/example_dags/example_latest_only_with_trigger.py for tasks to queue
[2022-08-29T20:52:05.500-0400] {logging_mixin.py:115} INFO - [2022-08-29T20:52:05.499-0400] {dagbag.py:508} INFO - Filling up the DagBag from /Users/jl/Documents/Repos/GHC-2022-data-engineering-workshop/venv/lib/python3.8/site-packages/airflow/example_dags/example_latest_only_with_trigger.py
[2022-08-29T20:52:05.516-0400] {processor.py:650} INFO - DAG(s) dict_keys(['latest_only_with_trigger']) retrieved from /Users/jl/Documents/Repos/GHC-2022-data-engineering-workshop/venv/lib/python3.8/site-packages/airflow/example_dags/example_latest_only_with_trigger.py
[2022-08-29T20:52:05.595-0400] {logging_mixin.py:115} INFO - [2022-08-29T20:52:05.594-0400] {dag.py:2429} INFO - Sync 1 DAGs
[2022-08-29T20:52:05.612-0400] {logging_mixin.py:115} INFO - [2022-08-29T20:52:05.612-0400] {dag.py:2977} INFO - Setting next_dagrun for latest_only_with_trigger to 2022-08-29T20:52:05.611920+00:00, run_after=2022-08-30T00:52:05.611920+00:00
[2022-08-29T20:52:05.628-0400] {processor.py:161} INFO - Processing /Users/jl/Documents/Repos/GHC-2022-data-engineering-workshop/venv/lib/python3.8/site-packages/airflow/example_dags/example_latest_only_with_trigger.py took 0.138 seconds
[2022-08-29T20:53:54.432-0400] {processor.py:153} INFO - Started process (PID=17395) to work on /Users/jl/Documents/Repos/GHC-2022-data-engineering-workshop/venv/lib/python3.8/site-packages/airflow/example_dags/example_latest_only_with_trigger.py
[2022-08-29T20:53:54.442-0400] {processor.py:640} INFO - Processing file /Users/jl/Documents/Repos/GHC-2022-data-engineering-workshop/venv/lib/python3.8/site-packages/airflow/example_dags/example_latest_only_with_trigger.py for tasks to queue
[2022-08-29T20:53:54.443-0400] {logging_mixin.py:115} INFO - [2022-08-29T20:53:54.443-0400] {dagbag.py:508} INFO - Filling up the DagBag from /Users/jl/Documents/Repos/GHC-2022-data-engineering-workshop/venv/lib/python3.8/site-packages/airflow/example_dags/example_latest_only_with_trigger.py
[2022-08-29T20:53:54.462-0400] {processor.py:650} INFO - DAG(s) dict_keys(['latest_only_with_trigger']) retrieved from /Users/jl/Documents/Repos/GHC-2022-data-engineering-workshop/venv/lib/python3.8/site-packages/airflow/example_dags/example_latest_only_with_trigger.py
[2022-08-29T20:53:54.558-0400] {logging_mixin.py:115} INFO - [2022-08-29T20:53:54.557-0400] {dag.py:2429} INFO - Sync 1 DAGs
[2022-08-29T20:53:54.578-0400] {logging_mixin.py:115} INFO - [2022-08-29T20:53:54.577-0400] {dag.py:2977} INFO - Setting next_dagrun for latest_only_with_trigger to 2022-08-29T20:53:54.577670+00:00, run_after=2022-08-30T00:53:54.577670+00:00
[2022-08-29T20:53:54.594-0400] {processor.py:161} INFO - Processing /Users/jl/Documents/Repos/GHC-2022-data-engineering-workshop/venv/lib/python3.8/site-packages/airflow/example_dags/example_latest_only_with_trigger.py took 0.162 seconds
[2022-08-29T20:55:54.711-0400] {processor.py:153} INFO - Started process (PID=17492) to work on /Users/jl/Documents/Repos/GHC-2022-data-engineering-workshop/venv/lib/python3.8/site-packages/airflow/example_dags/example_latest_only_with_trigger.py
[2022-08-29T20:55:54.721-0400] {processor.py:640} INFO - Processing file /Users/jl/Documents/Repos/GHC-2022-data-engineering-workshop/venv/lib/python3.8/site-packages/airflow/example_dags/example_latest_only_with_trigger.py for tasks to queue
[2022-08-29T20:55:54.722-0400] {logging_mixin.py:115} INFO - [2022-08-29T20:55:54.722-0400] {dagbag.py:508} INFO - Filling up the DagBag from /Users/jl/Documents/Repos/GHC-2022-data-engineering-workshop/venv/lib/python3.8/site-packages/airflow/example_dags/example_latest_only_with_trigger.py
[2022-08-29T20:55:54.738-0400] {processor.py:650} INFO - DAG(s) dict_keys(['latest_only_with_trigger']) retrieved from /Users/jl/Documents/Repos/GHC-2022-data-engineering-workshop/venv/lib/python3.8/site-packages/airflow/example_dags/example_latest_only_with_trigger.py
[2022-08-29T20:55:54.815-0400] {logging_mixin.py:115} INFO - [2022-08-29T20:55:54.815-0400] {dag.py:2429} INFO - Sync 1 DAGs
[2022-08-29T20:55:54.832-0400] {logging_mixin.py:115} INFO - [2022-08-29T20:55:54.832-0400] {dag.py:2977} INFO - Setting next_dagrun for latest_only_with_trigger to 2022-08-29T20:55:54.831966+00:00, run_after=2022-08-30T00:55:54.831966+00:00
[2022-08-29T20:55:54.848-0400] {processor.py:161} INFO - Processing /Users/jl/Documents/Repos/GHC-2022-data-engineering-workshop/venv/lib/python3.8/site-packages/airflow/example_dags/example_latest_only_with_trigger.py took 0.138 seconds
[2022-08-29T20:57:44.816-0400] {processor.py:153} INFO - Started process (PID=17591) to work on /Users/jl/Documents/Repos/GHC-2022-data-engineering-workshop/venv/lib/python3.8/site-packages/airflow/example_dags/example_latest_only_with_trigger.py
[2022-08-29T20:57:44.827-0400] {processor.py:640} INFO - Processing file /Users/jl/Documents/Repos/GHC-2022-data-engineering-workshop/venv/lib/python3.8/site-packages/airflow/example_dags/example_latest_only_with_trigger.py for tasks to queue
[2022-08-29T20:57:44.828-0400] {logging_mixin.py:115} INFO - [2022-08-29T20:57:44.828-0400] {dagbag.py:508} INFO - Filling up the DagBag from /Users/jl/Documents/Repos/GHC-2022-data-engineering-workshop/venv/lib/python3.8/site-packages/airflow/example_dags/example_latest_only_with_trigger.py
[2022-08-29T20:57:44.847-0400] {processor.py:650} INFO - DAG(s) dict_keys(['latest_only_with_trigger']) retrieved from /Users/jl/Documents/Repos/GHC-2022-data-engineering-workshop/venv/lib/python3.8/site-packages/airflow/example_dags/example_latest_only_with_trigger.py
[2022-08-29T20:57:44.928-0400] {logging_mixin.py:115} INFO - [2022-08-29T20:57:44.928-0400] {dag.py:2429} INFO - Sync 1 DAGs
[2022-08-29T20:57:44.946-0400] {logging_mixin.py:115} INFO - [2022-08-29T20:57:44.946-0400] {dag.py:2977} INFO - Setting next_dagrun for latest_only_with_trigger to 2022-08-29T20:57:44.945904+00:00, run_after=2022-08-30T00:57:44.945904+00:00
[2022-08-29T20:57:44.967-0400] {processor.py:161} INFO - Processing /Users/jl/Documents/Repos/GHC-2022-data-engineering-workshop/venv/lib/python3.8/site-packages/airflow/example_dags/example_latest_only_with_trigger.py took 0.152 seconds
[2022-08-29T21:00:08.889-0400] {processor.py:153} INFO - Started process (PID=17740) to work on /Users/jl/Documents/Repos/GHC-2022-data-engineering-workshop/venv/lib/python3.8/site-packages/airflow/example_dags/example_latest_only_with_trigger.py
[2022-08-29T21:00:08.900-0400] {processor.py:640} INFO - Processing file /Users/jl/Documents/Repos/GHC-2022-data-engineering-workshop/venv/lib/python3.8/site-packages/airflow/example_dags/example_latest_only_with_trigger.py for tasks to queue
[2022-08-29T21:00:08.901-0400] {logging_mixin.py:115} INFO - [2022-08-29T21:00:08.900-0400] {dagbag.py:508} INFO - Filling up the DagBag from /Users/jl/Documents/Repos/GHC-2022-data-engineering-workshop/venv/lib/python3.8/site-packages/airflow/example_dags/example_latest_only_with_trigger.py
[2022-08-29T21:00:08.938-0400] {processor.py:650} INFO - DAG(s) dict_keys(['latest_only_with_trigger']) retrieved from /Users/jl/Documents/Repos/GHC-2022-data-engineering-workshop/venv/lib/python3.8/site-packages/airflow/example_dags/example_latest_only_with_trigger.py
[2022-08-29T21:00:09.017-0400] {logging_mixin.py:115} INFO - [2022-08-29T21:00:09.017-0400] {dag.py:2429} INFO - Sync 1 DAGs
[2022-08-29T21:00:09.034-0400] {logging_mixin.py:115} INFO - [2022-08-29T21:00:09.034-0400] {dag.py:2977} INFO - Setting next_dagrun for latest_only_with_trigger to 2022-08-29T21:00:09.034336+00:00, run_after=2022-08-30T01:00:09.034336+00:00
[2022-08-29T21:00:09.050-0400] {processor.py:161} INFO - Processing /Users/jl/Documents/Repos/GHC-2022-data-engineering-workshop/venv/lib/python3.8/site-packages/airflow/example_dags/example_latest_only_with_trigger.py took 0.163 seconds
