[2022-08-29T20:00:04.978-0400] {processor.py:153} INFO - Started process (PID=14351) to work on /Users/jl/Documents/Repos/GHC-2022-data-engineering-workshop/venv/lib/python3.8/site-packages/airflow/example_dags/example_trigger_controller_dag.py
[2022-08-29T20:00:04.986-0400] {processor.py:640} INFO - Processing file /Users/jl/Documents/Repos/GHC-2022-data-engineering-workshop/venv/lib/python3.8/site-packages/airflow/example_dags/example_trigger_controller_dag.py for tasks to queue
[2022-08-29T20:00:04.987-0400] {logging_mixin.py:115} INFO - [2022-08-29T20:00:04.987-0400] {dagbag.py:508} INFO - Filling up the DagBag from /Users/jl/Documents/Repos/GHC-2022-data-engineering-workshop/venv/lib/python3.8/site-packages/airflow/example_dags/example_trigger_controller_dag.py
[2022-08-29T20:00:05.002-0400] {processor.py:650} INFO - DAG(s) dict_keys(['example_trigger_controller_dag']) retrieved from /Users/jl/Documents/Repos/GHC-2022-data-engineering-workshop/venv/lib/python3.8/site-packages/airflow/example_dags/example_trigger_controller_dag.py
[2022-08-29T20:00:05.078-0400] {logging_mixin.py:115} INFO - [2022-08-29T20:00:05.078-0400] {dag.py:2429} INFO - Sync 1 DAGs
[2022-08-29T20:00:05.095-0400] {logging_mixin.py:115} INFO - [2022-08-29T20:00:05.095-0400] {dag.py:2977} INFO - Setting next_dagrun for example_trigger_controller_dag to 2021-01-01T00:00:00+00:00, run_after=2021-01-01T00:00:00+00:00
[2022-08-29T20:00:05.109-0400] {processor.py:161} INFO - Processing /Users/jl/Documents/Repos/GHC-2022-data-engineering-workshop/venv/lib/python3.8/site-packages/airflow/example_dags/example_trigger_controller_dag.py took 0.132 seconds
[2022-08-29T20:01:36.581-0400] {processor.py:153} INFO - Started process (PID=14434) to work on /Users/jl/Documents/Repos/GHC-2022-data-engineering-workshop/venv/lib/python3.8/site-packages/airflow/example_dags/example_trigger_controller_dag.py
[2022-08-29T20:01:36.591-0400] {processor.py:640} INFO - Processing file /Users/jl/Documents/Repos/GHC-2022-data-engineering-workshop/venv/lib/python3.8/site-packages/airflow/example_dags/example_trigger_controller_dag.py for tasks to queue
[2022-08-29T20:01:36.592-0400] {logging_mixin.py:115} INFO - [2022-08-29T20:01:36.592-0400] {dagbag.py:508} INFO - Filling up the DagBag from /Users/jl/Documents/Repos/GHC-2022-data-engineering-workshop/venv/lib/python3.8/site-packages/airflow/example_dags/example_trigger_controller_dag.py
[2022-08-29T20:01:36.606-0400] {processor.py:650} INFO - DAG(s) dict_keys(['example_trigger_controller_dag']) retrieved from /Users/jl/Documents/Repos/GHC-2022-data-engineering-workshop/venv/lib/python3.8/site-packages/airflow/example_dags/example_trigger_controller_dag.py
[2022-08-29T20:01:36.683-0400] {logging_mixin.py:115} INFO - [2022-08-29T20:01:36.683-0400] {dag.py:2429} INFO - Sync 1 DAGs
[2022-08-29T20:01:36.700-0400] {logging_mixin.py:115} INFO - [2022-08-29T20:01:36.700-0400] {dag.py:2977} INFO - Setting next_dagrun for example_trigger_controller_dag to 2021-01-01T00:00:00+00:00, run_after=2021-01-01T00:00:00+00:00
[2022-08-29T20:01:36.714-0400] {processor.py:161} INFO - Processing /Users/jl/Documents/Repos/GHC-2022-data-engineering-workshop/venv/lib/python3.8/site-packages/airflow/example_dags/example_trigger_controller_dag.py took 0.133 seconds
[2022-08-29T20:03:00.101-0400] {processor.py:153} INFO - Started process (PID=14514) to work on /Users/jl/Documents/Repos/GHC-2022-data-engineering-workshop/venv/lib/python3.8/site-packages/airflow/example_dags/example_trigger_controller_dag.py
[2022-08-29T20:03:00.109-0400] {processor.py:640} INFO - Processing file /Users/jl/Documents/Repos/GHC-2022-data-engineering-workshop/venv/lib/python3.8/site-packages/airflow/example_dags/example_trigger_controller_dag.py for tasks to queue
[2022-08-29T20:03:00.110-0400] {logging_mixin.py:115} INFO - [2022-08-29T20:03:00.110-0400] {dagbag.py:508} INFO - Filling up the DagBag from /Users/jl/Documents/Repos/GHC-2022-data-engineering-workshop/venv/lib/python3.8/site-packages/airflow/example_dags/example_trigger_controller_dag.py
[2022-08-29T20:03:00.123-0400] {processor.py:650} INFO - DAG(s) dict_keys(['example_trigger_controller_dag']) retrieved from /Users/jl/Documents/Repos/GHC-2022-data-engineering-workshop/venv/lib/python3.8/site-packages/airflow/example_dags/example_trigger_controller_dag.py
[2022-08-29T20:03:00.199-0400] {logging_mixin.py:115} INFO - [2022-08-29T20:03:00.199-0400] {dag.py:2429} INFO - Sync 1 DAGs
[2022-08-29T20:03:00.216-0400] {logging_mixin.py:115} INFO - [2022-08-29T20:03:00.216-0400] {dag.py:2977} INFO - Setting next_dagrun for example_trigger_controller_dag to 2021-01-01T00:00:00+00:00, run_after=2021-01-01T00:00:00+00:00
[2022-08-29T20:03:00.230-0400] {processor.py:161} INFO - Processing /Users/jl/Documents/Repos/GHC-2022-data-engineering-workshop/venv/lib/python3.8/site-packages/airflow/example_dags/example_trigger_controller_dag.py took 0.130 seconds
[2022-08-29T20:04:27.307-0400] {processor.py:153} INFO - Started process (PID=14595) to work on /Users/jl/Documents/Repos/GHC-2022-data-engineering-workshop/venv/lib/python3.8/site-packages/airflow/example_dags/example_trigger_controller_dag.py
[2022-08-29T20:04:27.315-0400] {processor.py:640} INFO - Processing file /Users/jl/Documents/Repos/GHC-2022-data-engineering-workshop/venv/lib/python3.8/site-packages/airflow/example_dags/example_trigger_controller_dag.py for tasks to queue
[2022-08-29T20:04:27.316-0400] {logging_mixin.py:115} INFO - [2022-08-29T20:04:27.316-0400] {dagbag.py:508} INFO - Filling up the DagBag from /Users/jl/Documents/Repos/GHC-2022-data-engineering-workshop/venv/lib/python3.8/site-packages/airflow/example_dags/example_trigger_controller_dag.py
[2022-08-29T20:04:27.330-0400] {processor.py:650} INFO - DAG(s) dict_keys(['example_trigger_controller_dag']) retrieved from /Users/jl/Documents/Repos/GHC-2022-data-engineering-workshop/venv/lib/python3.8/site-packages/airflow/example_dags/example_trigger_controller_dag.py
[2022-08-29T20:04:27.404-0400] {logging_mixin.py:115} INFO - [2022-08-29T20:04:27.404-0400] {dag.py:2429} INFO - Sync 1 DAGs
[2022-08-29T20:04:27.421-0400] {logging_mixin.py:115} INFO - [2022-08-29T20:04:27.421-0400] {dag.py:2977} INFO - Setting next_dagrun for example_trigger_controller_dag to 2021-01-01T00:00:00+00:00, run_after=2021-01-01T00:00:00+00:00
[2022-08-29T20:04:27.435-0400] {processor.py:161} INFO - Processing /Users/jl/Documents/Repos/GHC-2022-data-engineering-workshop/venv/lib/python3.8/site-packages/airflow/example_dags/example_trigger_controller_dag.py took 0.129 seconds
[2022-08-29T20:05:55.009-0400] {processor.py:153} INFO - Started process (PID=14676) to work on /Users/jl/Documents/Repos/GHC-2022-data-engineering-workshop/venv/lib/python3.8/site-packages/airflow/example_dags/example_trigger_controller_dag.py
[2022-08-29T20:05:55.017-0400] {processor.py:640} INFO - Processing file /Users/jl/Documents/Repos/GHC-2022-data-engineering-workshop/venv/lib/python3.8/site-packages/airflow/example_dags/example_trigger_controller_dag.py for tasks to queue
[2022-08-29T20:05:55.017-0400] {logging_mixin.py:115} INFO - [2022-08-29T20:05:55.017-0400] {dagbag.py:508} INFO - Filling up the DagBag from /Users/jl/Documents/Repos/GHC-2022-data-engineering-workshop/venv/lib/python3.8/site-packages/airflow/example_dags/example_trigger_controller_dag.py
[2022-08-29T20:05:55.031-0400] {processor.py:650} INFO - DAG(s) dict_keys(['example_trigger_controller_dag']) retrieved from /Users/jl/Documents/Repos/GHC-2022-data-engineering-workshop/venv/lib/python3.8/site-packages/airflow/example_dags/example_trigger_controller_dag.py
[2022-08-29T20:05:55.107-0400] {logging_mixin.py:115} INFO - [2022-08-29T20:05:55.106-0400] {dag.py:2429} INFO - Sync 1 DAGs
[2022-08-29T20:05:55.124-0400] {logging_mixin.py:115} INFO - [2022-08-29T20:05:55.123-0400] {dag.py:2977} INFO - Setting next_dagrun for example_trigger_controller_dag to 2021-01-01T00:00:00+00:00, run_after=2021-01-01T00:00:00+00:00
[2022-08-29T20:05:55.138-0400] {processor.py:161} INFO - Processing /Users/jl/Documents/Repos/GHC-2022-data-engineering-workshop/venv/lib/python3.8/site-packages/airflow/example_dags/example_trigger_controller_dag.py took 0.131 seconds
[2022-08-29T20:07:23.081-0400] {processor.py:153} INFO - Started process (PID=14756) to work on /Users/jl/Documents/Repos/GHC-2022-data-engineering-workshop/venv/lib/python3.8/site-packages/airflow/example_dags/example_trigger_controller_dag.py
[2022-08-29T20:07:23.089-0400] {processor.py:640} INFO - Processing file /Users/jl/Documents/Repos/GHC-2022-data-engineering-workshop/venv/lib/python3.8/site-packages/airflow/example_dags/example_trigger_controller_dag.py for tasks to queue
[2022-08-29T20:07:23.090-0400] {logging_mixin.py:115} INFO - [2022-08-29T20:07:23.090-0400] {dagbag.py:508} INFO - Filling up the DagBag from /Users/jl/Documents/Repos/GHC-2022-data-engineering-workshop/venv/lib/python3.8/site-packages/airflow/example_dags/example_trigger_controller_dag.py
[2022-08-29T20:07:23.104-0400] {processor.py:650} INFO - DAG(s) dict_keys(['example_trigger_controller_dag']) retrieved from /Users/jl/Documents/Repos/GHC-2022-data-engineering-workshop/venv/lib/python3.8/site-packages/airflow/example_dags/example_trigger_controller_dag.py
[2022-08-29T20:07:23.180-0400] {logging_mixin.py:115} INFO - [2022-08-29T20:07:23.180-0400] {dag.py:2429} INFO - Sync 1 DAGs
[2022-08-29T20:07:23.198-0400] {logging_mixin.py:115} INFO - [2022-08-29T20:07:23.198-0400] {dag.py:2977} INFO - Setting next_dagrun for example_trigger_controller_dag to 2021-01-01T00:00:00+00:00, run_after=2021-01-01T00:00:00+00:00
[2022-08-29T20:07:23.212-0400] {processor.py:161} INFO - Processing /Users/jl/Documents/Repos/GHC-2022-data-engineering-workshop/venv/lib/python3.8/site-packages/airflow/example_dags/example_trigger_controller_dag.py took 0.132 seconds
[2022-08-29T20:08:48.628-0400] {processor.py:153} INFO - Started process (PID=14839) to work on /Users/jl/Documents/Repos/GHC-2022-data-engineering-workshop/venv/lib/python3.8/site-packages/airflow/example_dags/example_trigger_controller_dag.py
[2022-08-29T20:08:48.636-0400] {processor.py:640} INFO - Processing file /Users/jl/Documents/Repos/GHC-2022-data-engineering-workshop/venv/lib/python3.8/site-packages/airflow/example_dags/example_trigger_controller_dag.py for tasks to queue
[2022-08-29T20:08:48.636-0400] {logging_mixin.py:115} INFO - [2022-08-29T20:08:48.636-0400] {dagbag.py:508} INFO - Filling up the DagBag from /Users/jl/Documents/Repos/GHC-2022-data-engineering-workshop/venv/lib/python3.8/site-packages/airflow/example_dags/example_trigger_controller_dag.py
[2022-08-29T20:08:48.650-0400] {processor.py:650} INFO - DAG(s) dict_keys(['example_trigger_controller_dag']) retrieved from /Users/jl/Documents/Repos/GHC-2022-data-engineering-workshop/venv/lib/python3.8/site-packages/airflow/example_dags/example_trigger_controller_dag.py
[2022-08-29T20:08:48.724-0400] {logging_mixin.py:115} INFO - [2022-08-29T20:08:48.724-0400] {dag.py:2429} INFO - Sync 1 DAGs
[2022-08-29T20:08:48.742-0400] {logging_mixin.py:115} INFO - [2022-08-29T20:08:48.742-0400] {dag.py:2977} INFO - Setting next_dagrun for example_trigger_controller_dag to 2021-01-01T00:00:00+00:00, run_after=2021-01-01T00:00:00+00:00
[2022-08-29T20:08:48.756-0400] {processor.py:161} INFO - Processing /Users/jl/Documents/Repos/GHC-2022-data-engineering-workshop/venv/lib/python3.8/site-packages/airflow/example_dags/example_trigger_controller_dag.py took 0.129 seconds
[2022-08-29T20:10:26.813-0400] {processor.py:153} INFO - Started process (PID=14926) to work on /Users/jl/Documents/Repos/GHC-2022-data-engineering-workshop/venv/lib/python3.8/site-packages/airflow/example_dags/example_trigger_controller_dag.py
[2022-08-29T20:10:26.822-0400] {processor.py:640} INFO - Processing file /Users/jl/Documents/Repos/GHC-2022-data-engineering-workshop/venv/lib/python3.8/site-packages/airflow/example_dags/example_trigger_controller_dag.py for tasks to queue
[2022-08-29T20:10:26.823-0400] {logging_mixin.py:115} INFO - [2022-08-29T20:10:26.823-0400] {dagbag.py:508} INFO - Filling up the DagBag from /Users/jl/Documents/Repos/GHC-2022-data-engineering-workshop/venv/lib/python3.8/site-packages/airflow/example_dags/example_trigger_controller_dag.py
[2022-08-29T20:10:26.838-0400] {processor.py:650} INFO - DAG(s) dict_keys(['example_trigger_controller_dag']) retrieved from /Users/jl/Documents/Repos/GHC-2022-data-engineering-workshop/venv/lib/python3.8/site-packages/airflow/example_dags/example_trigger_controller_dag.py
[2022-08-29T20:10:26.913-0400] {logging_mixin.py:115} INFO - [2022-08-29T20:10:26.913-0400] {dag.py:2429} INFO - Sync 1 DAGs
[2022-08-29T20:10:26.930-0400] {logging_mixin.py:115} INFO - [2022-08-29T20:10:26.930-0400] {dag.py:2977} INFO - Setting next_dagrun for example_trigger_controller_dag to 2021-01-01T00:00:00+00:00, run_after=2021-01-01T00:00:00+00:00
[2022-08-29T20:10:26.947-0400] {processor.py:161} INFO - Processing /Users/jl/Documents/Repos/GHC-2022-data-engineering-workshop/venv/lib/python3.8/site-packages/airflow/example_dags/example_trigger_controller_dag.py took 0.135 seconds
[2022-08-29T20:11:57.639-0400] {processor.py:153} INFO - Started process (PID=15011) to work on /Users/jl/Documents/Repos/GHC-2022-data-engineering-workshop/venv/lib/python3.8/site-packages/airflow/example_dags/example_trigger_controller_dag.py
[2022-08-29T20:11:57.647-0400] {processor.py:640} INFO - Processing file /Users/jl/Documents/Repos/GHC-2022-data-engineering-workshop/venv/lib/python3.8/site-packages/airflow/example_dags/example_trigger_controller_dag.py for tasks to queue
[2022-08-29T20:11:57.648-0400] {logging_mixin.py:115} INFO - [2022-08-29T20:11:57.648-0400] {dagbag.py:508} INFO - Filling up the DagBag from /Users/jl/Documents/Repos/GHC-2022-data-engineering-workshop/venv/lib/python3.8/site-packages/airflow/example_dags/example_trigger_controller_dag.py
[2022-08-29T20:11:57.661-0400] {processor.py:650} INFO - DAG(s) dict_keys(['example_trigger_controller_dag']) retrieved from /Users/jl/Documents/Repos/GHC-2022-data-engineering-workshop/venv/lib/python3.8/site-packages/airflow/example_dags/example_trigger_controller_dag.py
[2022-08-29T20:11:57.737-0400] {logging_mixin.py:115} INFO - [2022-08-29T20:11:57.736-0400] {dag.py:2429} INFO - Sync 1 DAGs
[2022-08-29T20:11:57.754-0400] {logging_mixin.py:115} INFO - [2022-08-29T20:11:57.753-0400] {dag.py:2977} INFO - Setting next_dagrun for example_trigger_controller_dag to 2021-01-01T00:00:00+00:00, run_after=2021-01-01T00:00:00+00:00
[2022-08-29T20:11:57.768-0400] {processor.py:161} INFO - Processing /Users/jl/Documents/Repos/GHC-2022-data-engineering-workshop/venv/lib/python3.8/site-packages/airflow/example_dags/example_trigger_controller_dag.py took 0.130 seconds
[2022-08-29T20:13:26.841-0400] {processor.py:153} INFO - Started process (PID=15096) to work on /Users/jl/Documents/Repos/GHC-2022-data-engineering-workshop/venv/lib/python3.8/site-packages/airflow/example_dags/example_trigger_controller_dag.py
[2022-08-29T20:13:26.849-0400] {processor.py:640} INFO - Processing file /Users/jl/Documents/Repos/GHC-2022-data-engineering-workshop/venv/lib/python3.8/site-packages/airflow/example_dags/example_trigger_controller_dag.py for tasks to queue
[2022-08-29T20:13:26.850-0400] {logging_mixin.py:115} INFO - [2022-08-29T20:13:26.850-0400] {dagbag.py:508} INFO - Filling up the DagBag from /Users/jl/Documents/Repos/GHC-2022-data-engineering-workshop/venv/lib/python3.8/site-packages/airflow/example_dags/example_trigger_controller_dag.py
[2022-08-29T20:13:26.864-0400] {processor.py:650} INFO - DAG(s) dict_keys(['example_trigger_controller_dag']) retrieved from /Users/jl/Documents/Repos/GHC-2022-data-engineering-workshop/venv/lib/python3.8/site-packages/airflow/example_dags/example_trigger_controller_dag.py
[2022-08-29T20:13:26.940-0400] {logging_mixin.py:115} INFO - [2022-08-29T20:13:26.940-0400] {dag.py:2429} INFO - Sync 1 DAGs
[2022-08-29T20:13:26.957-0400] {logging_mixin.py:115} INFO - [2022-08-29T20:13:26.957-0400] {dag.py:2977} INFO - Setting next_dagrun for example_trigger_controller_dag to 2021-01-01T00:00:00+00:00, run_after=2021-01-01T00:00:00+00:00
[2022-08-29T20:13:26.971-0400] {processor.py:161} INFO - Processing /Users/jl/Documents/Repos/GHC-2022-data-engineering-workshop/venv/lib/python3.8/site-packages/airflow/example_dags/example_trigger_controller_dag.py took 0.132 seconds
[2022-08-29T20:15:00.239-0400] {processor.py:153} INFO - Started process (PID=15209) to work on /Users/jl/Documents/Repos/GHC-2022-data-engineering-workshop/venv/lib/python3.8/site-packages/airflow/example_dags/example_trigger_controller_dag.py
[2022-08-29T20:15:00.247-0400] {processor.py:640} INFO - Processing file /Users/jl/Documents/Repos/GHC-2022-data-engineering-workshop/venv/lib/python3.8/site-packages/airflow/example_dags/example_trigger_controller_dag.py for tasks to queue
[2022-08-29T20:15:00.247-0400] {logging_mixin.py:115} INFO - [2022-08-29T20:15:00.247-0400] {dagbag.py:508} INFO - Filling up the DagBag from /Users/jl/Documents/Repos/GHC-2022-data-engineering-workshop/venv/lib/python3.8/site-packages/airflow/example_dags/example_trigger_controller_dag.py
[2022-08-29T20:15:00.261-0400] {processor.py:650} INFO - DAG(s) dict_keys(['example_trigger_controller_dag']) retrieved from /Users/jl/Documents/Repos/GHC-2022-data-engineering-workshop/venv/lib/python3.8/site-packages/airflow/example_dags/example_trigger_controller_dag.py
[2022-08-29T20:15:00.336-0400] {logging_mixin.py:115} INFO - [2022-08-29T20:15:00.336-0400] {dag.py:2429} INFO - Sync 1 DAGs
[2022-08-29T20:15:00.354-0400] {logging_mixin.py:115} INFO - [2022-08-29T20:15:00.353-0400] {dag.py:2977} INFO - Setting next_dagrun for example_trigger_controller_dag to 2021-01-01T00:00:00+00:00, run_after=2021-01-01T00:00:00+00:00
[2022-08-29T20:15:00.368-0400] {processor.py:161} INFO - Processing /Users/jl/Documents/Repos/GHC-2022-data-engineering-workshop/venv/lib/python3.8/site-packages/airflow/example_dags/example_trigger_controller_dag.py took 0.130 seconds
[2022-08-29T20:16:45.516-0400] {processor.py:153} INFO - Started process (PID=15300) to work on /Users/jl/Documents/Repos/GHC-2022-data-engineering-workshop/venv/lib/python3.8/site-packages/airflow/example_dags/example_trigger_controller_dag.py
[2022-08-29T20:16:45.524-0400] {processor.py:640} INFO - Processing file /Users/jl/Documents/Repos/GHC-2022-data-engineering-workshop/venv/lib/python3.8/site-packages/airflow/example_dags/example_trigger_controller_dag.py for tasks to queue
[2022-08-29T20:16:45.525-0400] {logging_mixin.py:115} INFO - [2022-08-29T20:16:45.525-0400] {dagbag.py:508} INFO - Filling up the DagBag from /Users/jl/Documents/Repos/GHC-2022-data-engineering-workshop/venv/lib/python3.8/site-packages/airflow/example_dags/example_trigger_controller_dag.py
[2022-08-29T20:16:45.538-0400] {processor.py:650} INFO - DAG(s) dict_keys(['example_trigger_controller_dag']) retrieved from /Users/jl/Documents/Repos/GHC-2022-data-engineering-workshop/venv/lib/python3.8/site-packages/airflow/example_dags/example_trigger_controller_dag.py
[2022-08-29T20:16:45.613-0400] {logging_mixin.py:115} INFO - [2022-08-29T20:16:45.613-0400] {dag.py:2429} INFO - Sync 1 DAGs
[2022-08-29T20:16:45.630-0400] {logging_mixin.py:115} INFO - [2022-08-29T20:16:45.630-0400] {dag.py:2977} INFO - Setting next_dagrun for example_trigger_controller_dag to 2021-01-01T00:00:00+00:00, run_after=2021-01-01T00:00:00+00:00
[2022-08-29T20:16:45.644-0400] {processor.py:161} INFO - Processing /Users/jl/Documents/Repos/GHC-2022-data-engineering-workshop/venv/lib/python3.8/site-packages/airflow/example_dags/example_trigger_controller_dag.py took 0.128 seconds
[2022-08-29T20:18:36.896-0400] {processor.py:153} INFO - Started process (PID=15420) to work on /Users/jl/Documents/Repos/GHC-2022-data-engineering-workshop/venv/lib/python3.8/site-packages/airflow/example_dags/example_trigger_controller_dag.py
[2022-08-29T20:18:36.904-0400] {processor.py:640} INFO - Processing file /Users/jl/Documents/Repos/GHC-2022-data-engineering-workshop/venv/lib/python3.8/site-packages/airflow/example_dags/example_trigger_controller_dag.py for tasks to queue
[2022-08-29T20:18:36.905-0400] {logging_mixin.py:115} INFO - [2022-08-29T20:18:36.905-0400] {dagbag.py:508} INFO - Filling up the DagBag from /Users/jl/Documents/Repos/GHC-2022-data-engineering-workshop/venv/lib/python3.8/site-packages/airflow/example_dags/example_trigger_controller_dag.py
[2022-08-29T20:18:36.920-0400] {processor.py:650} INFO - DAG(s) dict_keys(['example_trigger_controller_dag']) retrieved from /Users/jl/Documents/Repos/GHC-2022-data-engineering-workshop/venv/lib/python3.8/site-packages/airflow/example_dags/example_trigger_controller_dag.py
[2022-08-29T20:18:36.994-0400] {logging_mixin.py:115} INFO - [2022-08-29T20:18:36.994-0400] {dag.py:2429} INFO - Sync 1 DAGs
[2022-08-29T20:18:37.011-0400] {logging_mixin.py:115} INFO - [2022-08-29T20:18:37.011-0400] {dag.py:2977} INFO - Setting next_dagrun for example_trigger_controller_dag to 2021-01-01T00:00:00+00:00, run_after=2021-01-01T00:00:00+00:00
[2022-08-29T20:18:37.025-0400] {processor.py:161} INFO - Processing /Users/jl/Documents/Repos/GHC-2022-data-engineering-workshop/venv/lib/python3.8/site-packages/airflow/example_dags/example_trigger_controller_dag.py took 0.130 seconds
[2022-08-29T20:19:33.773-0400] {processor.py:153} INFO - Started process (PID=15483) to work on /Users/jl/Documents/Repos/GHC-2022-data-engineering-workshop/venv/lib/python3.8/site-packages/airflow/example_dags/example_trigger_controller_dag.py
[2022-08-29T20:19:33.784-0400] {processor.py:640} INFO - Processing file /Users/jl/Documents/Repos/GHC-2022-data-engineering-workshop/venv/lib/python3.8/site-packages/airflow/example_dags/example_trigger_controller_dag.py for tasks to queue
[2022-08-29T20:19:33.784-0400] {logging_mixin.py:115} INFO - [2022-08-29T20:19:33.784-0400] {dagbag.py:508} INFO - Filling up the DagBag from /Users/jl/Documents/Repos/GHC-2022-data-engineering-workshop/venv/lib/python3.8/site-packages/airflow/example_dags/example_trigger_controller_dag.py
[2022-08-29T20:19:33.799-0400] {processor.py:650} INFO - DAG(s) dict_keys(['example_trigger_controller_dag']) retrieved from /Users/jl/Documents/Repos/GHC-2022-data-engineering-workshop/venv/lib/python3.8/site-packages/airflow/example_dags/example_trigger_controller_dag.py
[2022-08-29T20:19:33.873-0400] {logging_mixin.py:115} INFO - [2022-08-29T20:19:33.873-0400] {dag.py:2429} INFO - Sync 1 DAGs
[2022-08-29T20:19:33.890-0400] {logging_mixin.py:115} INFO - [2022-08-29T20:19:33.890-0400] {dag.py:2977} INFO - Setting next_dagrun for example_trigger_controller_dag to 2021-01-01T00:00:00+00:00, run_after=2021-01-01T00:00:00+00:00
[2022-08-29T20:19:33.905-0400] {processor.py:161} INFO - Processing /Users/jl/Documents/Repos/GHC-2022-data-engineering-workshop/venv/lib/python3.8/site-packages/airflow/example_dags/example_trigger_controller_dag.py took 0.132 seconds
[2022-08-29T20:21:07.004-0400] {processor.py:153} INFO - Started process (PID=15565) to work on /Users/jl/Documents/Repos/GHC-2022-data-engineering-workshop/venv/lib/python3.8/site-packages/airflow/example_dags/example_trigger_controller_dag.py
[2022-08-29T20:21:07.013-0400] {processor.py:640} INFO - Processing file /Users/jl/Documents/Repos/GHC-2022-data-engineering-workshop/venv/lib/python3.8/site-packages/airflow/example_dags/example_trigger_controller_dag.py for tasks to queue
[2022-08-29T20:21:07.013-0400] {logging_mixin.py:115} INFO - [2022-08-29T20:21:07.013-0400] {dagbag.py:508} INFO - Filling up the DagBag from /Users/jl/Documents/Repos/GHC-2022-data-engineering-workshop/venv/lib/python3.8/site-packages/airflow/example_dags/example_trigger_controller_dag.py
[2022-08-29T20:21:07.026-0400] {processor.py:650} INFO - DAG(s) dict_keys(['example_trigger_controller_dag']) retrieved from /Users/jl/Documents/Repos/GHC-2022-data-engineering-workshop/venv/lib/python3.8/site-packages/airflow/example_dags/example_trigger_controller_dag.py
[2022-08-29T20:21:07.102-0400] {logging_mixin.py:115} INFO - [2022-08-29T20:21:07.102-0400] {dag.py:2429} INFO - Sync 1 DAGs
[2022-08-29T20:21:07.120-0400] {logging_mixin.py:115} INFO - [2022-08-29T20:21:07.120-0400] {dag.py:2977} INFO - Setting next_dagrun for example_trigger_controller_dag to 2021-01-01T00:00:00+00:00, run_after=2021-01-01T00:00:00+00:00
[2022-08-29T20:21:07.134-0400] {processor.py:161} INFO - Processing /Users/jl/Documents/Repos/GHC-2022-data-engineering-workshop/venv/lib/python3.8/site-packages/airflow/example_dags/example_trigger_controller_dag.py took 0.131 seconds
[2022-08-29T20:22:31.910-0400] {processor.py:153} INFO - Started process (PID=15646) to work on /Users/jl/Documents/Repos/GHC-2022-data-engineering-workshop/venv/lib/python3.8/site-packages/airflow/example_dags/example_trigger_controller_dag.py
[2022-08-29T20:22:31.918-0400] {processor.py:640} INFO - Processing file /Users/jl/Documents/Repos/GHC-2022-data-engineering-workshop/venv/lib/python3.8/site-packages/airflow/example_dags/example_trigger_controller_dag.py for tasks to queue
[2022-08-29T20:22:31.918-0400] {logging_mixin.py:115} INFO - [2022-08-29T20:22:31.918-0400] {dagbag.py:508} INFO - Filling up the DagBag from /Users/jl/Documents/Repos/GHC-2022-data-engineering-workshop/venv/lib/python3.8/site-packages/airflow/example_dags/example_trigger_controller_dag.py
[2022-08-29T20:22:31.932-0400] {processor.py:650} INFO - DAG(s) dict_keys(['example_trigger_controller_dag']) retrieved from /Users/jl/Documents/Repos/GHC-2022-data-engineering-workshop/venv/lib/python3.8/site-packages/airflow/example_dags/example_trigger_controller_dag.py
[2022-08-29T20:22:32.007-0400] {logging_mixin.py:115} INFO - [2022-08-29T20:22:32.007-0400] {dag.py:2429} INFO - Sync 1 DAGs
[2022-08-29T20:22:32.025-0400] {logging_mixin.py:115} INFO - [2022-08-29T20:22:32.025-0400] {dag.py:2977} INFO - Setting next_dagrun for example_trigger_controller_dag to 2021-01-01T00:00:00+00:00, run_after=2021-01-01T00:00:00+00:00
[2022-08-29T20:22:32.039-0400] {processor.py:161} INFO - Processing /Users/jl/Documents/Repos/GHC-2022-data-engineering-workshop/venv/lib/python3.8/site-packages/airflow/example_dags/example_trigger_controller_dag.py took 0.131 seconds
[2022-08-29T20:24:00.774-0400] {processor.py:153} INFO - Started process (PID=15729) to work on /Users/jl/Documents/Repos/GHC-2022-data-engineering-workshop/venv/lib/python3.8/site-packages/airflow/example_dags/example_trigger_controller_dag.py
[2022-08-29T20:24:00.782-0400] {processor.py:640} INFO - Processing file /Users/jl/Documents/Repos/GHC-2022-data-engineering-workshop/venv/lib/python3.8/site-packages/airflow/example_dags/example_trigger_controller_dag.py for tasks to queue
[2022-08-29T20:24:00.783-0400] {logging_mixin.py:115} INFO - [2022-08-29T20:24:00.783-0400] {dagbag.py:508} INFO - Filling up the DagBag from /Users/jl/Documents/Repos/GHC-2022-data-engineering-workshop/venv/lib/python3.8/site-packages/airflow/example_dags/example_trigger_controller_dag.py
[2022-08-29T20:24:00.796-0400] {processor.py:650} INFO - DAG(s) dict_keys(['example_trigger_controller_dag']) retrieved from /Users/jl/Documents/Repos/GHC-2022-data-engineering-workshop/venv/lib/python3.8/site-packages/airflow/example_dags/example_trigger_controller_dag.py
[2022-08-29T20:24:00.872-0400] {logging_mixin.py:115} INFO - [2022-08-29T20:24:00.872-0400] {dag.py:2429} INFO - Sync 1 DAGs
[2022-08-29T20:24:00.889-0400] {logging_mixin.py:115} INFO - [2022-08-29T20:24:00.889-0400] {dag.py:2977} INFO - Setting next_dagrun for example_trigger_controller_dag to 2021-01-01T00:00:00+00:00, run_after=2021-01-01T00:00:00+00:00
[2022-08-29T20:24:00.901-0400] {processor.py:161} INFO - Processing /Users/jl/Documents/Repos/GHC-2022-data-engineering-workshop/venv/lib/python3.8/site-packages/airflow/example_dags/example_trigger_controller_dag.py took 0.129 seconds
[2022-08-29T20:25:33.891-0400] {processor.py:153} INFO - Started process (PID=15815) to work on /Users/jl/Documents/Repos/GHC-2022-data-engineering-workshop/venv/lib/python3.8/site-packages/airflow/example_dags/example_trigger_controller_dag.py
[2022-08-29T20:25:33.901-0400] {processor.py:640} INFO - Processing file /Users/jl/Documents/Repos/GHC-2022-data-engineering-workshop/venv/lib/python3.8/site-packages/airflow/example_dags/example_trigger_controller_dag.py for tasks to queue
[2022-08-29T20:25:33.902-0400] {logging_mixin.py:115} INFO - [2022-08-29T20:25:33.901-0400] {dagbag.py:508} INFO - Filling up the DagBag from /Users/jl/Documents/Repos/GHC-2022-data-engineering-workshop/venv/lib/python3.8/site-packages/airflow/example_dags/example_trigger_controller_dag.py
[2022-08-29T20:25:33.917-0400] {processor.py:650} INFO - DAG(s) dict_keys(['example_trigger_controller_dag']) retrieved from /Users/jl/Documents/Repos/GHC-2022-data-engineering-workshop/venv/lib/python3.8/site-packages/airflow/example_dags/example_trigger_controller_dag.py
[2022-08-29T20:25:33.992-0400] {logging_mixin.py:115} INFO - [2022-08-29T20:25:33.992-0400] {dag.py:2429} INFO - Sync 1 DAGs
[2022-08-29T20:25:34.009-0400] {logging_mixin.py:115} INFO - [2022-08-29T20:25:34.009-0400] {dag.py:2977} INFO - Setting next_dagrun for example_trigger_controller_dag to 2021-01-01T00:00:00+00:00, run_after=2021-01-01T00:00:00+00:00
[2022-08-29T20:25:34.023-0400] {processor.py:161} INFO - Processing /Users/jl/Documents/Repos/GHC-2022-data-engineering-workshop/venv/lib/python3.8/site-packages/airflow/example_dags/example_trigger_controller_dag.py took 0.133 seconds
[2022-08-29T20:26:44.490-0400] {processor.py:153} INFO - Started process (PID=15885) to work on /Users/jl/Documents/Repos/GHC-2022-data-engineering-workshop/venv/lib/python3.8/site-packages/airflow/example_dags/example_trigger_controller_dag.py
[2022-08-29T20:26:44.502-0400] {processor.py:640} INFO - Processing file /Users/jl/Documents/Repos/GHC-2022-data-engineering-workshop/venv/lib/python3.8/site-packages/airflow/example_dags/example_trigger_controller_dag.py for tasks to queue
[2022-08-29T20:26:44.502-0400] {logging_mixin.py:115} INFO - [2022-08-29T20:26:44.502-0400] {dagbag.py:508} INFO - Filling up the DagBag from /Users/jl/Documents/Repos/GHC-2022-data-engineering-workshop/venv/lib/python3.8/site-packages/airflow/example_dags/example_trigger_controller_dag.py
[2022-08-29T20:26:44.518-0400] {processor.py:650} INFO - DAG(s) dict_keys(['example_trigger_controller_dag']) retrieved from /Users/jl/Documents/Repos/GHC-2022-data-engineering-workshop/venv/lib/python3.8/site-packages/airflow/example_dags/example_trigger_controller_dag.py
[2022-08-29T20:26:44.613-0400] {logging_mixin.py:115} INFO - [2022-08-29T20:26:44.612-0400] {dag.py:2429} INFO - Sync 1 DAGs
[2022-08-29T20:26:44.636-0400] {logging_mixin.py:115} INFO - [2022-08-29T20:26:44.636-0400] {dag.py:2977} INFO - Setting next_dagrun for example_trigger_controller_dag to 2021-01-01T00:00:00+00:00, run_after=2021-01-01T00:00:00+00:00
[2022-08-29T20:26:44.659-0400] {processor.py:161} INFO - Processing /Users/jl/Documents/Repos/GHC-2022-data-engineering-workshop/venv/lib/python3.8/site-packages/airflow/example_dags/example_trigger_controller_dag.py took 0.171 seconds
[2022-08-29T20:27:49.090-0400] {processor.py:153} INFO - Started process (PID=15945) to work on /Users/jl/Documents/Repos/GHC-2022-data-engineering-workshop/venv/lib/python3.8/site-packages/airflow/example_dags/example_trigger_controller_dag.py
[2022-08-29T20:27:49.099-0400] {processor.py:640} INFO - Processing file /Users/jl/Documents/Repos/GHC-2022-data-engineering-workshop/venv/lib/python3.8/site-packages/airflow/example_dags/example_trigger_controller_dag.py for tasks to queue
[2022-08-29T20:27:49.099-0400] {logging_mixin.py:115} INFO - [2022-08-29T20:27:49.099-0400] {dagbag.py:508} INFO - Filling up the DagBag from /Users/jl/Documents/Repos/GHC-2022-data-engineering-workshop/venv/lib/python3.8/site-packages/airflow/example_dags/example_trigger_controller_dag.py
[2022-08-29T20:27:49.113-0400] {processor.py:650} INFO - DAG(s) dict_keys(['example_trigger_controller_dag']) retrieved from /Users/jl/Documents/Repos/GHC-2022-data-engineering-workshop/venv/lib/python3.8/site-packages/airflow/example_dags/example_trigger_controller_dag.py
[2022-08-29T20:27:49.190-0400] {logging_mixin.py:115} INFO - [2022-08-29T20:27:49.190-0400] {dag.py:2429} INFO - Sync 1 DAGs
[2022-08-29T20:27:49.207-0400] {logging_mixin.py:115} INFO - [2022-08-29T20:27:49.207-0400] {dag.py:2977} INFO - Setting next_dagrun for example_trigger_controller_dag to 2021-01-01T00:00:00+00:00, run_after=2021-01-01T00:00:00+00:00
[2022-08-29T20:27:49.222-0400] {processor.py:161} INFO - Processing /Users/jl/Documents/Repos/GHC-2022-data-engineering-workshop/venv/lib/python3.8/site-packages/airflow/example_dags/example_trigger_controller_dag.py took 0.132 seconds
[2022-08-29T20:29:23.573-0400] {processor.py:153} INFO - Started process (PID=16027) to work on /Users/jl/Documents/Repos/GHC-2022-data-engineering-workshop/venv/lib/python3.8/site-packages/airflow/example_dags/example_trigger_controller_dag.py
[2022-08-29T20:29:23.586-0400] {processor.py:640} INFO - Processing file /Users/jl/Documents/Repos/GHC-2022-data-engineering-workshop/venv/lib/python3.8/site-packages/airflow/example_dags/example_trigger_controller_dag.py for tasks to queue
[2022-08-29T20:29:23.586-0400] {logging_mixin.py:115} INFO - [2022-08-29T20:29:23.586-0400] {dagbag.py:508} INFO - Filling up the DagBag from /Users/jl/Documents/Repos/GHC-2022-data-engineering-workshop/venv/lib/python3.8/site-packages/airflow/example_dags/example_trigger_controller_dag.py
[2022-08-29T20:29:23.603-0400] {processor.py:650} INFO - DAG(s) dict_keys(['example_trigger_controller_dag']) retrieved from /Users/jl/Documents/Repos/GHC-2022-data-engineering-workshop/venv/lib/python3.8/site-packages/airflow/example_dags/example_trigger_controller_dag.py
[2022-08-29T20:29:23.696-0400] {logging_mixin.py:115} INFO - [2022-08-29T20:29:23.695-0400] {dag.py:2429} INFO - Sync 1 DAGs
[2022-08-29T20:29:23.722-0400] {logging_mixin.py:115} INFO - [2022-08-29T20:29:23.721-0400] {dag.py:2977} INFO - Setting next_dagrun for example_trigger_controller_dag to 2021-01-01T00:00:00+00:00, run_after=2021-01-01T00:00:00+00:00
[2022-08-29T20:29:23.741-0400] {processor.py:161} INFO - Processing /Users/jl/Documents/Repos/GHC-2022-data-engineering-workshop/venv/lib/python3.8/site-packages/airflow/example_dags/example_trigger_controller_dag.py took 0.168 seconds
[2022-08-29T20:30:23.668-0400] {processor.py:153} INFO - Started process (PID=16089) to work on /Users/jl/Documents/Repos/GHC-2022-data-engineering-workshop/venv/lib/python3.8/site-packages/airflow/example_dags/example_trigger_controller_dag.py
[2022-08-29T20:30:23.679-0400] {processor.py:640} INFO - Processing file /Users/jl/Documents/Repos/GHC-2022-data-engineering-workshop/venv/lib/python3.8/site-packages/airflow/example_dags/example_trigger_controller_dag.py for tasks to queue
[2022-08-29T20:30:23.680-0400] {logging_mixin.py:115} INFO - [2022-08-29T20:30:23.680-0400] {dagbag.py:508} INFO - Filling up the DagBag from /Users/jl/Documents/Repos/GHC-2022-data-engineering-workshop/venv/lib/python3.8/site-packages/airflow/example_dags/example_trigger_controller_dag.py
[2022-08-29T20:30:23.696-0400] {processor.py:650} INFO - DAG(s) dict_keys(['example_trigger_controller_dag']) retrieved from /Users/jl/Documents/Repos/GHC-2022-data-engineering-workshop/venv/lib/python3.8/site-packages/airflow/example_dags/example_trigger_controller_dag.py
[2022-08-29T20:30:23.782-0400] {logging_mixin.py:115} INFO - [2022-08-29T20:30:23.782-0400] {dag.py:2429} INFO - Sync 1 DAGs
[2022-08-29T20:30:23.799-0400] {logging_mixin.py:115} INFO - [2022-08-29T20:30:23.799-0400] {dag.py:2977} INFO - Setting next_dagrun for example_trigger_controller_dag to 2021-01-01T00:00:00+00:00, run_after=2021-01-01T00:00:00+00:00
[2022-08-29T20:30:23.814-0400] {processor.py:161} INFO - Processing /Users/jl/Documents/Repos/GHC-2022-data-engineering-workshop/venv/lib/python3.8/site-packages/airflow/example_dags/example_trigger_controller_dag.py took 0.147 seconds
[2022-08-29T20:31:35.310-0400] {processor.py:153} INFO - Started process (PID=16149) to work on /Users/jl/Documents/Repos/GHC-2022-data-engineering-workshop/venv/lib/python3.8/site-packages/airflow/example_dags/example_trigger_controller_dag.py
[2022-08-29T20:31:35.321-0400] {processor.py:640} INFO - Processing file /Users/jl/Documents/Repos/GHC-2022-data-engineering-workshop/venv/lib/python3.8/site-packages/airflow/example_dags/example_trigger_controller_dag.py for tasks to queue
[2022-08-29T20:31:35.322-0400] {logging_mixin.py:115} INFO - [2022-08-29T20:31:35.321-0400] {dagbag.py:508} INFO - Filling up the DagBag from /Users/jl/Documents/Repos/GHC-2022-data-engineering-workshop/venv/lib/python3.8/site-packages/airflow/example_dags/example_trigger_controller_dag.py
[2022-08-29T20:31:35.338-0400] {processor.py:650} INFO - DAG(s) dict_keys(['example_trigger_controller_dag']) retrieved from /Users/jl/Documents/Repos/GHC-2022-data-engineering-workshop/venv/lib/python3.8/site-packages/airflow/example_dags/example_trigger_controller_dag.py
[2022-08-29T20:31:35.423-0400] {logging_mixin.py:115} INFO - [2022-08-29T20:31:35.423-0400] {dag.py:2429} INFO - Sync 1 DAGs
[2022-08-29T20:31:35.454-0400] {logging_mixin.py:115} INFO - [2022-08-29T20:31:35.454-0400] {dag.py:2977} INFO - Setting next_dagrun for example_trigger_controller_dag to 2021-01-01T00:00:00+00:00, run_after=2021-01-01T00:00:00+00:00
[2022-08-29T20:31:35.469-0400] {processor.py:161} INFO - Processing /Users/jl/Documents/Repos/GHC-2022-data-engineering-workshop/venv/lib/python3.8/site-packages/airflow/example_dags/example_trigger_controller_dag.py took 0.161 seconds
[2022-08-29T20:32:37.959-0400] {processor.py:153} INFO - Started process (PID=16214) to work on /Users/jl/Documents/Repos/GHC-2022-data-engineering-workshop/venv/lib/python3.8/site-packages/airflow/example_dags/example_trigger_controller_dag.py
[2022-08-29T20:32:37.970-0400] {processor.py:640} INFO - Processing file /Users/jl/Documents/Repos/GHC-2022-data-engineering-workshop/venv/lib/python3.8/site-packages/airflow/example_dags/example_trigger_controller_dag.py for tasks to queue
[2022-08-29T20:32:37.971-0400] {logging_mixin.py:115} INFO - [2022-08-29T20:32:37.971-0400] {dagbag.py:508} INFO - Filling up the DagBag from /Users/jl/Documents/Repos/GHC-2022-data-engineering-workshop/venv/lib/python3.8/site-packages/airflow/example_dags/example_trigger_controller_dag.py
[2022-08-29T20:32:37.989-0400] {processor.py:650} INFO - DAG(s) dict_keys(['example_trigger_controller_dag']) retrieved from /Users/jl/Documents/Repos/GHC-2022-data-engineering-workshop/venv/lib/python3.8/site-packages/airflow/example_dags/example_trigger_controller_dag.py
[2022-08-29T20:32:38.087-0400] {logging_mixin.py:115} INFO - [2022-08-29T20:32:38.087-0400] {dag.py:2429} INFO - Sync 1 DAGs
[2022-08-29T20:32:38.109-0400] {logging_mixin.py:115} INFO - [2022-08-29T20:32:38.109-0400] {dag.py:2977} INFO - Setting next_dagrun for example_trigger_controller_dag to 2021-01-01T00:00:00+00:00, run_after=2021-01-01T00:00:00+00:00
[2022-08-29T20:32:38.127-0400] {processor.py:161} INFO - Processing /Users/jl/Documents/Repos/GHC-2022-data-engineering-workshop/venv/lib/python3.8/site-packages/airflow/example_dags/example_trigger_controller_dag.py took 0.168 seconds
[2022-08-29T20:33:38.786-0400] {processor.py:153} INFO - Started process (PID=16271) to work on /Users/jl/Documents/Repos/GHC-2022-data-engineering-workshop/venv/lib/python3.8/site-packages/airflow/example_dags/example_trigger_controller_dag.py
[2022-08-29T20:33:38.794-0400] {processor.py:640} INFO - Processing file /Users/jl/Documents/Repos/GHC-2022-data-engineering-workshop/venv/lib/python3.8/site-packages/airflow/example_dags/example_trigger_controller_dag.py for tasks to queue
[2022-08-29T20:33:38.795-0400] {logging_mixin.py:115} INFO - [2022-08-29T20:33:38.794-0400] {dagbag.py:508} INFO - Filling up the DagBag from /Users/jl/Documents/Repos/GHC-2022-data-engineering-workshop/venv/lib/python3.8/site-packages/airflow/example_dags/example_trigger_controller_dag.py
[2022-08-29T20:33:38.809-0400] {processor.py:650} INFO - DAG(s) dict_keys(['example_trigger_controller_dag']) retrieved from /Users/jl/Documents/Repos/GHC-2022-data-engineering-workshop/venv/lib/python3.8/site-packages/airflow/example_dags/example_trigger_controller_dag.py
[2022-08-29T20:33:38.904-0400] {logging_mixin.py:115} INFO - [2022-08-29T20:33:38.904-0400] {dag.py:2429} INFO - Sync 1 DAGs
[2022-08-29T20:33:38.927-0400] {logging_mixin.py:115} INFO - [2022-08-29T20:33:38.927-0400] {dag.py:2977} INFO - Setting next_dagrun for example_trigger_controller_dag to 2021-01-01T00:00:00+00:00, run_after=2021-01-01T00:00:00+00:00
[2022-08-29T20:33:38.946-0400] {processor.py:161} INFO - Processing /Users/jl/Documents/Repos/GHC-2022-data-engineering-workshop/venv/lib/python3.8/site-packages/airflow/example_dags/example_trigger_controller_dag.py took 0.161 seconds
[2022-08-29T20:34:34.799-0400] {processor.py:153} INFO - Started process (PID=16319) to work on /Users/jl/Documents/Repos/GHC-2022-data-engineering-workshop/venv/lib/python3.8/site-packages/airflow/example_dags/example_trigger_controller_dag.py
[2022-08-29T20:34:34.807-0400] {processor.py:640} INFO - Processing file /Users/jl/Documents/Repos/GHC-2022-data-engineering-workshop/venv/lib/python3.8/site-packages/airflow/example_dags/example_trigger_controller_dag.py for tasks to queue
[2022-08-29T20:34:34.808-0400] {logging_mixin.py:115} INFO - [2022-08-29T20:34:34.808-0400] {dagbag.py:508} INFO - Filling up the DagBag from /Users/jl/Documents/Repos/GHC-2022-data-engineering-workshop/venv/lib/python3.8/site-packages/airflow/example_dags/example_trigger_controller_dag.py
[2022-08-29T20:34:34.821-0400] {processor.py:650} INFO - DAG(s) dict_keys(['example_trigger_controller_dag']) retrieved from /Users/jl/Documents/Repos/GHC-2022-data-engineering-workshop/venv/lib/python3.8/site-packages/airflow/example_dags/example_trigger_controller_dag.py
[2022-08-29T20:34:34.896-0400] {logging_mixin.py:115} INFO - [2022-08-29T20:34:34.896-0400] {dag.py:2429} INFO - Sync 1 DAGs
[2022-08-29T20:34:34.913-0400] {logging_mixin.py:115} INFO - [2022-08-29T20:34:34.913-0400] {dag.py:2977} INFO - Setting next_dagrun for example_trigger_controller_dag to 2021-01-01T00:00:00+00:00, run_after=2021-01-01T00:00:00+00:00
[2022-08-29T20:34:34.926-0400] {processor.py:161} INFO - Processing /Users/jl/Documents/Repos/GHC-2022-data-engineering-workshop/venv/lib/python3.8/site-packages/airflow/example_dags/example_trigger_controller_dag.py took 0.129 seconds
[2022-08-29T20:36:22.791-0400] {processor.py:153} INFO - Started process (PID=16445) to work on /Users/jl/Documents/Repos/GHC-2022-data-engineering-workshop/venv/lib/python3.8/site-packages/airflow/example_dags/example_trigger_controller_dag.py
[2022-08-29T20:36:22.799-0400] {processor.py:640} INFO - Processing file /Users/jl/Documents/Repos/GHC-2022-data-engineering-workshop/venv/lib/python3.8/site-packages/airflow/example_dags/example_trigger_controller_dag.py for tasks to queue
[2022-08-29T20:36:22.800-0400] {logging_mixin.py:115} INFO - [2022-08-29T20:36:22.800-0400] {dagbag.py:508} INFO - Filling up the DagBag from /Users/jl/Documents/Repos/GHC-2022-data-engineering-workshop/venv/lib/python3.8/site-packages/airflow/example_dags/example_trigger_controller_dag.py
[2022-08-29T20:36:22.816-0400] {processor.py:650} INFO - DAG(s) dict_keys(['example_trigger_controller_dag']) retrieved from /Users/jl/Documents/Repos/GHC-2022-data-engineering-workshop/venv/lib/python3.8/site-packages/airflow/example_dags/example_trigger_controller_dag.py
[2022-08-29T20:36:22.893-0400] {logging_mixin.py:115} INFO - [2022-08-29T20:36:22.893-0400] {dag.py:2429} INFO - Sync 1 DAGs
[2022-08-29T20:36:22.910-0400] {logging_mixin.py:115} INFO - [2022-08-29T20:36:22.910-0400] {dag.py:2977} INFO - Setting next_dagrun for example_trigger_controller_dag to 2021-01-01T00:00:00+00:00, run_after=2021-01-01T00:00:00+00:00
[2022-08-29T20:36:22.924-0400] {processor.py:161} INFO - Processing /Users/jl/Documents/Repos/GHC-2022-data-engineering-workshop/venv/lib/python3.8/site-packages/airflow/example_dags/example_trigger_controller_dag.py took 0.135 seconds
[2022-08-29T20:38:16.717-0400] {processor.py:153} INFO - Started process (PID=16557) to work on /Users/jl/Documents/Repos/GHC-2022-data-engineering-workshop/venv/lib/python3.8/site-packages/airflow/example_dags/example_trigger_controller_dag.py
[2022-08-29T20:38:16.727-0400] {processor.py:640} INFO - Processing file /Users/jl/Documents/Repos/GHC-2022-data-engineering-workshop/venv/lib/python3.8/site-packages/airflow/example_dags/example_trigger_controller_dag.py for tasks to queue
[2022-08-29T20:38:16.728-0400] {logging_mixin.py:115} INFO - [2022-08-29T20:38:16.728-0400] {dagbag.py:508} INFO - Filling up the DagBag from /Users/jl/Documents/Repos/GHC-2022-data-engineering-workshop/venv/lib/python3.8/site-packages/airflow/example_dags/example_trigger_controller_dag.py
[2022-08-29T20:38:16.743-0400] {processor.py:650} INFO - DAG(s) dict_keys(['example_trigger_controller_dag']) retrieved from /Users/jl/Documents/Repos/GHC-2022-data-engineering-workshop/venv/lib/python3.8/site-packages/airflow/example_dags/example_trigger_controller_dag.py
[2022-08-29T20:38:16.823-0400] {logging_mixin.py:115} INFO - [2022-08-29T20:38:16.822-0400] {dag.py:2429} INFO - Sync 1 DAGs
[2022-08-29T20:38:16.840-0400] {logging_mixin.py:115} INFO - [2022-08-29T20:38:16.840-0400] {dag.py:2977} INFO - Setting next_dagrun for example_trigger_controller_dag to 2021-01-01T00:00:00+00:00, run_after=2021-01-01T00:00:00+00:00
[2022-08-29T20:38:16.855-0400] {processor.py:161} INFO - Processing /Users/jl/Documents/Repos/GHC-2022-data-engineering-workshop/venv/lib/python3.8/site-packages/airflow/example_dags/example_trigger_controller_dag.py took 0.139 seconds
[2022-08-29T20:40:12.762-0400] {processor.py:153} INFO - Started process (PID=16658) to work on /Users/jl/Documents/Repos/GHC-2022-data-engineering-workshop/venv/lib/python3.8/site-packages/airflow/example_dags/example_trigger_controller_dag.py
[2022-08-29T20:40:12.772-0400] {processor.py:640} INFO - Processing file /Users/jl/Documents/Repos/GHC-2022-data-engineering-workshop/venv/lib/python3.8/site-packages/airflow/example_dags/example_trigger_controller_dag.py for tasks to queue
[2022-08-29T20:40:12.773-0400] {logging_mixin.py:115} INFO - [2022-08-29T20:40:12.773-0400] {dagbag.py:508} INFO - Filling up the DagBag from /Users/jl/Documents/Repos/GHC-2022-data-engineering-workshop/venv/lib/python3.8/site-packages/airflow/example_dags/example_trigger_controller_dag.py
[2022-08-29T20:40:12.787-0400] {processor.py:650} INFO - DAG(s) dict_keys(['example_trigger_controller_dag']) retrieved from /Users/jl/Documents/Repos/GHC-2022-data-engineering-workshop/venv/lib/python3.8/site-packages/airflow/example_dags/example_trigger_controller_dag.py
[2022-08-29T20:40:12.862-0400] {logging_mixin.py:115} INFO - [2022-08-29T20:40:12.862-0400] {dag.py:2429} INFO - Sync 1 DAGs
[2022-08-29T20:40:12.879-0400] {logging_mixin.py:115} INFO - [2022-08-29T20:40:12.879-0400] {dag.py:2977} INFO - Setting next_dagrun for example_trigger_controller_dag to 2021-01-01T00:00:00+00:00, run_after=2021-01-01T00:00:00+00:00
[2022-08-29T20:40:12.894-0400] {processor.py:161} INFO - Processing /Users/jl/Documents/Repos/GHC-2022-data-engineering-workshop/venv/lib/python3.8/site-packages/airflow/example_dags/example_trigger_controller_dag.py took 0.132 seconds
[2022-08-29T20:41:59.001-0400] {processor.py:153} INFO - Started process (PID=16753) to work on /Users/jl/Documents/Repos/GHC-2022-data-engineering-workshop/venv/lib/python3.8/site-packages/airflow/example_dags/example_trigger_controller_dag.py
[2022-08-29T20:41:59.011-0400] {processor.py:640} INFO - Processing file /Users/jl/Documents/Repos/GHC-2022-data-engineering-workshop/venv/lib/python3.8/site-packages/airflow/example_dags/example_trigger_controller_dag.py for tasks to queue
[2022-08-29T20:41:59.012-0400] {logging_mixin.py:115} INFO - [2022-08-29T20:41:59.012-0400] {dagbag.py:508} INFO - Filling up the DagBag from /Users/jl/Documents/Repos/GHC-2022-data-engineering-workshop/venv/lib/python3.8/site-packages/airflow/example_dags/example_trigger_controller_dag.py
[2022-08-29T20:41:59.026-0400] {processor.py:650} INFO - DAG(s) dict_keys(['example_trigger_controller_dag']) retrieved from /Users/jl/Documents/Repos/GHC-2022-data-engineering-workshop/venv/lib/python3.8/site-packages/airflow/example_dags/example_trigger_controller_dag.py
[2022-08-29T20:41:59.101-0400] {logging_mixin.py:115} INFO - [2022-08-29T20:41:59.100-0400] {dag.py:2429} INFO - Sync 1 DAGs
[2022-08-29T20:41:59.118-0400] {logging_mixin.py:115} INFO - [2022-08-29T20:41:59.118-0400] {dag.py:2977} INFO - Setting next_dagrun for example_trigger_controller_dag to 2021-01-01T00:00:00+00:00, run_after=2021-01-01T00:00:00+00:00
[2022-08-29T20:41:59.132-0400] {processor.py:161} INFO - Processing /Users/jl/Documents/Repos/GHC-2022-data-engineering-workshop/venv/lib/python3.8/site-packages/airflow/example_dags/example_trigger_controller_dag.py took 0.131 seconds
[2022-08-29T20:43:53.451-0400] {processor.py:153} INFO - Started process (PID=16856) to work on /Users/jl/Documents/Repos/GHC-2022-data-engineering-workshop/venv/lib/python3.8/site-packages/airflow/example_dags/example_trigger_controller_dag.py
[2022-08-29T20:43:53.460-0400] {processor.py:640} INFO - Processing file /Users/jl/Documents/Repos/GHC-2022-data-engineering-workshop/venv/lib/python3.8/site-packages/airflow/example_dags/example_trigger_controller_dag.py for tasks to queue
[2022-08-29T20:43:53.461-0400] {logging_mixin.py:115} INFO - [2022-08-29T20:43:53.461-0400] {dagbag.py:508} INFO - Filling up the DagBag from /Users/jl/Documents/Repos/GHC-2022-data-engineering-workshop/venv/lib/python3.8/site-packages/airflow/example_dags/example_trigger_controller_dag.py
[2022-08-29T20:43:53.476-0400] {processor.py:650} INFO - DAG(s) dict_keys(['example_trigger_controller_dag']) retrieved from /Users/jl/Documents/Repos/GHC-2022-data-engineering-workshop/venv/lib/python3.8/site-packages/airflow/example_dags/example_trigger_controller_dag.py
[2022-08-29T20:43:53.552-0400] {logging_mixin.py:115} INFO - [2022-08-29T20:43:53.551-0400] {dag.py:2429} INFO - Sync 1 DAGs
[2022-08-29T20:43:53.569-0400] {logging_mixin.py:115} INFO - [2022-08-29T20:43:53.568-0400] {dag.py:2977} INFO - Setting next_dagrun for example_trigger_controller_dag to 2021-01-01T00:00:00+00:00, run_after=2021-01-01T00:00:00+00:00
[2022-08-29T20:43:53.582-0400] {processor.py:161} INFO - Processing /Users/jl/Documents/Repos/GHC-2022-data-engineering-workshop/venv/lib/python3.8/site-packages/airflow/example_dags/example_trigger_controller_dag.py took 0.133 seconds
[2022-08-29T20:45:45.243-0400] {processor.py:153} INFO - Started process (PID=16958) to work on /Users/jl/Documents/Repos/GHC-2022-data-engineering-workshop/venv/lib/python3.8/site-packages/airflow/example_dags/example_trigger_controller_dag.py
[2022-08-29T20:45:45.253-0400] {processor.py:640} INFO - Processing file /Users/jl/Documents/Repos/GHC-2022-data-engineering-workshop/venv/lib/python3.8/site-packages/airflow/example_dags/example_trigger_controller_dag.py for tasks to queue
[2022-08-29T20:45:45.254-0400] {logging_mixin.py:115} INFO - [2022-08-29T20:45:45.254-0400] {dagbag.py:508} INFO - Filling up the DagBag from /Users/jl/Documents/Repos/GHC-2022-data-engineering-workshop/venv/lib/python3.8/site-packages/airflow/example_dags/example_trigger_controller_dag.py
[2022-08-29T20:45:45.275-0400] {processor.py:650} INFO - DAG(s) dict_keys(['example_trigger_controller_dag']) retrieved from /Users/jl/Documents/Repos/GHC-2022-data-engineering-workshop/venv/lib/python3.8/site-packages/airflow/example_dags/example_trigger_controller_dag.py
[2022-08-29T20:45:45.351-0400] {logging_mixin.py:115} INFO - [2022-08-29T20:45:45.351-0400] {dag.py:2429} INFO - Sync 1 DAGs
[2022-08-29T20:45:45.368-0400] {logging_mixin.py:115} INFO - [2022-08-29T20:45:45.368-0400] {dag.py:2977} INFO - Setting next_dagrun for example_trigger_controller_dag to 2021-01-01T00:00:00+00:00, run_after=2021-01-01T00:00:00+00:00
[2022-08-29T20:45:45.382-0400] {processor.py:161} INFO - Processing /Users/jl/Documents/Repos/GHC-2022-data-engineering-workshop/venv/lib/python3.8/site-packages/airflow/example_dags/example_trigger_controller_dag.py took 0.140 seconds
[2022-08-29T20:47:27.312-0400] {processor.py:153} INFO - Started process (PID=17050) to work on /Users/jl/Documents/Repos/GHC-2022-data-engineering-workshop/venv/lib/python3.8/site-packages/airflow/example_dags/example_trigger_controller_dag.py
[2022-08-29T20:47:27.324-0400] {processor.py:640} INFO - Processing file /Users/jl/Documents/Repos/GHC-2022-data-engineering-workshop/venv/lib/python3.8/site-packages/airflow/example_dags/example_trigger_controller_dag.py for tasks to queue
[2022-08-29T20:47:27.325-0400] {logging_mixin.py:115} INFO - [2022-08-29T20:47:27.324-0400] {dagbag.py:508} INFO - Filling up the DagBag from /Users/jl/Documents/Repos/GHC-2022-data-engineering-workshop/venv/lib/python3.8/site-packages/airflow/example_dags/example_trigger_controller_dag.py
[2022-08-29T20:47:27.344-0400] {processor.py:650} INFO - DAG(s) dict_keys(['example_trigger_controller_dag']) retrieved from /Users/jl/Documents/Repos/GHC-2022-data-engineering-workshop/venv/lib/python3.8/site-packages/airflow/example_dags/example_trigger_controller_dag.py
[2022-08-29T20:47:27.446-0400] {logging_mixin.py:115} INFO - [2022-08-29T20:47:27.445-0400] {dag.py:2429} INFO - Sync 1 DAGs
[2022-08-29T20:47:27.470-0400] {logging_mixin.py:115} INFO - [2022-08-29T20:47:27.469-0400] {dag.py:2977} INFO - Setting next_dagrun for example_trigger_controller_dag to 2021-01-01T00:00:00+00:00, run_after=2021-01-01T00:00:00+00:00
[2022-08-29T20:47:27.486-0400] {processor.py:161} INFO - Processing /Users/jl/Documents/Repos/GHC-2022-data-engineering-workshop/venv/lib/python3.8/site-packages/airflow/example_dags/example_trigger_controller_dag.py took 0.175 seconds
[2022-08-29T20:49:21.770-0400] {processor.py:153} INFO - Started process (PID=17149) to work on /Users/jl/Documents/Repos/GHC-2022-data-engineering-workshop/venv/lib/python3.8/site-packages/airflow/example_dags/example_trigger_controller_dag.py
[2022-08-29T20:49:21.780-0400] {processor.py:640} INFO - Processing file /Users/jl/Documents/Repos/GHC-2022-data-engineering-workshop/venv/lib/python3.8/site-packages/airflow/example_dags/example_trigger_controller_dag.py for tasks to queue
[2022-08-29T20:49:21.780-0400] {logging_mixin.py:115} INFO - [2022-08-29T20:49:21.780-0400] {dagbag.py:508} INFO - Filling up the DagBag from /Users/jl/Documents/Repos/GHC-2022-data-engineering-workshop/venv/lib/python3.8/site-packages/airflow/example_dags/example_trigger_controller_dag.py
[2022-08-29T20:49:21.795-0400] {processor.py:650} INFO - DAG(s) dict_keys(['example_trigger_controller_dag']) retrieved from /Users/jl/Documents/Repos/GHC-2022-data-engineering-workshop/venv/lib/python3.8/site-packages/airflow/example_dags/example_trigger_controller_dag.py
[2022-08-29T20:49:21.872-0400] {logging_mixin.py:115} INFO - [2022-08-29T20:49:21.872-0400] {dag.py:2429} INFO - Sync 1 DAGs
[2022-08-29T20:49:21.889-0400] {logging_mixin.py:115} INFO - [2022-08-29T20:49:21.889-0400] {dag.py:2977} INFO - Setting next_dagrun for example_trigger_controller_dag to 2021-01-01T00:00:00+00:00, run_after=2021-01-01T00:00:00+00:00
[2022-08-29T20:49:21.903-0400] {processor.py:161} INFO - Processing /Users/jl/Documents/Repos/GHC-2022-data-engineering-workshop/venv/lib/python3.8/site-packages/airflow/example_dags/example_trigger_controller_dag.py took 0.134 seconds
[2022-08-29T20:50:57.963-0400] {processor.py:153} INFO - Started process (PID=17237) to work on /Users/jl/Documents/Repos/GHC-2022-data-engineering-workshop/venv/lib/python3.8/site-packages/airflow/example_dags/example_trigger_controller_dag.py
[2022-08-29T20:50:57.973-0400] {processor.py:640} INFO - Processing file /Users/jl/Documents/Repos/GHC-2022-data-engineering-workshop/venv/lib/python3.8/site-packages/airflow/example_dags/example_trigger_controller_dag.py for tasks to queue
[2022-08-29T20:50:57.973-0400] {logging_mixin.py:115} INFO - [2022-08-29T20:50:57.973-0400] {dagbag.py:508} INFO - Filling up the DagBag from /Users/jl/Documents/Repos/GHC-2022-data-engineering-workshop/venv/lib/python3.8/site-packages/airflow/example_dags/example_trigger_controller_dag.py
[2022-08-29T20:50:57.986-0400] {processor.py:650} INFO - DAG(s) dict_keys(['example_trigger_controller_dag']) retrieved from /Users/jl/Documents/Repos/GHC-2022-data-engineering-workshop/venv/lib/python3.8/site-packages/airflow/example_dags/example_trigger_controller_dag.py
[2022-08-29T20:50:58.064-0400] {logging_mixin.py:115} INFO - [2022-08-29T20:50:58.063-0400] {dag.py:2429} INFO - Sync 1 DAGs
[2022-08-29T20:50:58.081-0400] {logging_mixin.py:115} INFO - [2022-08-29T20:50:58.081-0400] {dag.py:2977} INFO - Setting next_dagrun for example_trigger_controller_dag to 2021-01-01T00:00:00+00:00, run_after=2021-01-01T00:00:00+00:00
[2022-08-29T20:50:58.095-0400] {processor.py:161} INFO - Processing /Users/jl/Documents/Repos/GHC-2022-data-engineering-workshop/venv/lib/python3.8/site-packages/airflow/example_dags/example_trigger_controller_dag.py took 0.133 seconds
[2022-08-29T20:52:35.214-0400] {processor.py:153} INFO - Started process (PID=17328) to work on /Users/jl/Documents/Repos/GHC-2022-data-engineering-workshop/venv/lib/python3.8/site-packages/airflow/example_dags/example_trigger_controller_dag.py
[2022-08-29T20:52:35.222-0400] {processor.py:640} INFO - Processing file /Users/jl/Documents/Repos/GHC-2022-data-engineering-workshop/venv/lib/python3.8/site-packages/airflow/example_dags/example_trigger_controller_dag.py for tasks to queue
[2022-08-29T20:52:35.223-0400] {logging_mixin.py:115} INFO - [2022-08-29T20:52:35.223-0400] {dagbag.py:508} INFO - Filling up the DagBag from /Users/jl/Documents/Repos/GHC-2022-data-engineering-workshop/venv/lib/python3.8/site-packages/airflow/example_dags/example_trigger_controller_dag.py
[2022-08-29T20:52:35.237-0400] {processor.py:650} INFO - DAG(s) dict_keys(['example_trigger_controller_dag']) retrieved from /Users/jl/Documents/Repos/GHC-2022-data-engineering-workshop/venv/lib/python3.8/site-packages/airflow/example_dags/example_trigger_controller_dag.py
[2022-08-29T20:52:35.313-0400] {logging_mixin.py:115} INFO - [2022-08-29T20:52:35.313-0400] {dag.py:2429} INFO - Sync 1 DAGs
[2022-08-29T20:52:35.330-0400] {logging_mixin.py:115} INFO - [2022-08-29T20:52:35.330-0400] {dag.py:2977} INFO - Setting next_dagrun for example_trigger_controller_dag to 2021-01-01T00:00:00+00:00, run_after=2021-01-01T00:00:00+00:00
[2022-08-29T20:52:35.344-0400] {processor.py:161} INFO - Processing /Users/jl/Documents/Repos/GHC-2022-data-engineering-workshop/venv/lib/python3.8/site-packages/airflow/example_dags/example_trigger_controller_dag.py took 0.131 seconds
[2022-08-29T20:54:35.931-0400] {processor.py:153} INFO - Started process (PID=17425) to work on /Users/jl/Documents/Repos/GHC-2022-data-engineering-workshop/venv/lib/python3.8/site-packages/airflow/example_dags/example_trigger_controller_dag.py
[2022-08-29T20:54:35.945-0400] {processor.py:640} INFO - Processing file /Users/jl/Documents/Repos/GHC-2022-data-engineering-workshop/venv/lib/python3.8/site-packages/airflow/example_dags/example_trigger_controller_dag.py for tasks to queue
[2022-08-29T20:54:35.949-0400] {logging_mixin.py:115} INFO - [2022-08-29T20:54:35.948-0400] {dagbag.py:508} INFO - Filling up the DagBag from /Users/jl/Documents/Repos/GHC-2022-data-engineering-workshop/venv/lib/python3.8/site-packages/airflow/example_dags/example_trigger_controller_dag.py
[2022-08-29T20:54:35.982-0400] {processor.py:650} INFO - DAG(s) dict_keys(['example_trigger_controller_dag']) retrieved from /Users/jl/Documents/Repos/GHC-2022-data-engineering-workshop/venv/lib/python3.8/site-packages/airflow/example_dags/example_trigger_controller_dag.py
[2022-08-29T20:54:36.195-0400] {logging_mixin.py:115} INFO - [2022-08-29T20:54:36.195-0400] {dag.py:2429} INFO - Sync 1 DAGs
[2022-08-29T20:54:36.278-0400] {logging_mixin.py:115} INFO - [2022-08-29T20:54:36.278-0400] {dag.py:2977} INFO - Setting next_dagrun for example_trigger_controller_dag to 2021-01-01T00:00:00+00:00, run_after=2021-01-01T00:00:00+00:00
[2022-08-29T20:54:36.325-0400] {processor.py:161} INFO - Processing /Users/jl/Documents/Repos/GHC-2022-data-engineering-workshop/venv/lib/python3.8/site-packages/airflow/example_dags/example_trigger_controller_dag.py took 0.397 seconds
[2022-08-29T20:56:23.470-0400] {processor.py:153} INFO - Started process (PID=17516) to work on /Users/jl/Documents/Repos/GHC-2022-data-engineering-workshop/venv/lib/python3.8/site-packages/airflow/example_dags/example_trigger_controller_dag.py
[2022-08-29T20:56:23.478-0400] {processor.py:640} INFO - Processing file /Users/jl/Documents/Repos/GHC-2022-data-engineering-workshop/venv/lib/python3.8/site-packages/airflow/example_dags/example_trigger_controller_dag.py for tasks to queue
[2022-08-29T20:56:23.479-0400] {logging_mixin.py:115} INFO - [2022-08-29T20:56:23.478-0400] {dagbag.py:508} INFO - Filling up the DagBag from /Users/jl/Documents/Repos/GHC-2022-data-engineering-workshop/venv/lib/python3.8/site-packages/airflow/example_dags/example_trigger_controller_dag.py
[2022-08-29T20:56:23.493-0400] {processor.py:650} INFO - DAG(s) dict_keys(['example_trigger_controller_dag']) retrieved from /Users/jl/Documents/Repos/GHC-2022-data-engineering-workshop/venv/lib/python3.8/site-packages/airflow/example_dags/example_trigger_controller_dag.py
[2022-08-29T20:56:23.567-0400] {logging_mixin.py:115} INFO - [2022-08-29T20:56:23.567-0400] {dag.py:2429} INFO - Sync 1 DAGs
[2022-08-29T20:56:23.585-0400] {logging_mixin.py:115} INFO - [2022-08-29T20:56:23.585-0400] {dag.py:2977} INFO - Setting next_dagrun for example_trigger_controller_dag to 2021-01-01T00:00:00+00:00, run_after=2021-01-01T00:00:00+00:00
[2022-08-29T20:56:23.599-0400] {processor.py:161} INFO - Processing /Users/jl/Documents/Repos/GHC-2022-data-engineering-workshop/venv/lib/python3.8/site-packages/airflow/example_dags/example_trigger_controller_dag.py took 0.130 seconds
[2022-08-29T20:58:30.968-0400] {processor.py:153} INFO - Started process (PID=17624) to work on /Users/jl/Documents/Repos/GHC-2022-data-engineering-workshop/venv/lib/python3.8/site-packages/airflow/example_dags/example_trigger_controller_dag.py
[2022-08-29T20:58:30.979-0400] {processor.py:640} INFO - Processing file /Users/jl/Documents/Repos/GHC-2022-data-engineering-workshop/venv/lib/python3.8/site-packages/airflow/example_dags/example_trigger_controller_dag.py for tasks to queue
[2022-08-29T20:58:30.980-0400] {logging_mixin.py:115} INFO - [2022-08-29T20:58:30.980-0400] {dagbag.py:508} INFO - Filling up the DagBag from /Users/jl/Documents/Repos/GHC-2022-data-engineering-workshop/venv/lib/python3.8/site-packages/airflow/example_dags/example_trigger_controller_dag.py
[2022-08-29T20:58:30.996-0400] {processor.py:650} INFO - DAG(s) dict_keys(['example_trigger_controller_dag']) retrieved from /Users/jl/Documents/Repos/GHC-2022-data-engineering-workshop/venv/lib/python3.8/site-packages/airflow/example_dags/example_trigger_controller_dag.py
[2022-08-29T20:58:31.086-0400] {logging_mixin.py:115} INFO - [2022-08-29T20:58:31.086-0400] {dag.py:2429} INFO - Sync 1 DAGs
[2022-08-29T20:58:31.106-0400] {logging_mixin.py:115} INFO - [2022-08-29T20:58:31.106-0400] {dag.py:2977} INFO - Setting next_dagrun for example_trigger_controller_dag to 2021-01-01T00:00:00+00:00, run_after=2021-01-01T00:00:00+00:00
[2022-08-29T20:58:31.124-0400] {processor.py:161} INFO - Processing /Users/jl/Documents/Repos/GHC-2022-data-engineering-workshop/venv/lib/python3.8/site-packages/airflow/example_dags/example_trigger_controller_dag.py took 0.156 seconds
[2022-08-29T20:59:43.997-0400] {processor.py:153} INFO - Started process (PID=17706) to work on /Users/jl/Documents/Repos/GHC-2022-data-engineering-workshop/venv/lib/python3.8/site-packages/airflow/example_dags/example_trigger_controller_dag.py
[2022-08-29T20:59:44.007-0400] {processor.py:640} INFO - Processing file /Users/jl/Documents/Repos/GHC-2022-data-engineering-workshop/venv/lib/python3.8/site-packages/airflow/example_dags/example_trigger_controller_dag.py for tasks to queue
[2022-08-29T20:59:44.008-0400] {logging_mixin.py:115} INFO - [2022-08-29T20:59:44.008-0400] {dagbag.py:508} INFO - Filling up the DagBag from /Users/jl/Documents/Repos/GHC-2022-data-engineering-workshop/venv/lib/python3.8/site-packages/airflow/example_dags/example_trigger_controller_dag.py
[2022-08-29T20:59:44.023-0400] {processor.py:650} INFO - DAG(s) dict_keys(['example_trigger_controller_dag']) retrieved from /Users/jl/Documents/Repos/GHC-2022-data-engineering-workshop/venv/lib/python3.8/site-packages/airflow/example_dags/example_trigger_controller_dag.py
[2022-08-29T20:59:44.098-0400] {logging_mixin.py:115} INFO - [2022-08-29T20:59:44.098-0400] {dag.py:2429} INFO - Sync 1 DAGs
[2022-08-29T20:59:44.115-0400] {logging_mixin.py:115} INFO - [2022-08-29T20:59:44.115-0400] {dag.py:2977} INFO - Setting next_dagrun for example_trigger_controller_dag to 2021-01-01T00:00:00+00:00, run_after=2021-01-01T00:00:00+00:00
[2022-08-29T20:59:44.130-0400] {processor.py:161} INFO - Processing /Users/jl/Documents/Repos/GHC-2022-data-engineering-workshop/venv/lib/python3.8/site-packages/airflow/example_dags/example_trigger_controller_dag.py took 0.133 seconds
[2022-08-29T21:01:39.727-0400] {processor.py:153} INFO - Started process (PID=17824) to work on /Users/jl/Documents/Repos/GHC-2022-data-engineering-workshop/venv/lib/python3.8/site-packages/airflow/example_dags/example_trigger_controller_dag.py
[2022-08-29T21:01:39.735-0400] {processor.py:640} INFO - Processing file /Users/jl/Documents/Repos/GHC-2022-data-engineering-workshop/venv/lib/python3.8/site-packages/airflow/example_dags/example_trigger_controller_dag.py for tasks to queue
[2022-08-29T21:01:39.735-0400] {logging_mixin.py:115} INFO - [2022-08-29T21:01:39.735-0400] {dagbag.py:508} INFO - Filling up the DagBag from /Users/jl/Documents/Repos/GHC-2022-data-engineering-workshop/venv/lib/python3.8/site-packages/airflow/example_dags/example_trigger_controller_dag.py
[2022-08-29T21:01:39.752-0400] {processor.py:650} INFO - DAG(s) dict_keys(['example_trigger_controller_dag']) retrieved from /Users/jl/Documents/Repos/GHC-2022-data-engineering-workshop/venv/lib/python3.8/site-packages/airflow/example_dags/example_trigger_controller_dag.py
[2022-08-29T21:01:39.828-0400] {logging_mixin.py:115} INFO - [2022-08-29T21:01:39.827-0400] {dag.py:2429} INFO - Sync 1 DAGs
[2022-08-29T21:01:39.845-0400] {logging_mixin.py:115} INFO - [2022-08-29T21:01:39.845-0400] {dag.py:2977} INFO - Setting next_dagrun for example_trigger_controller_dag to 2021-01-01T00:00:00+00:00, run_after=2021-01-01T00:00:00+00:00
[2022-08-29T21:01:39.859-0400] {processor.py:161} INFO - Processing /Users/jl/Documents/Repos/GHC-2022-data-engineering-workshop/venv/lib/python3.8/site-packages/airflow/example_dags/example_trigger_controller_dag.py took 0.134 seconds
