[2022-08-29T20:00:00.192-0400] {processor.py:153} INFO - Started process (PID=14347) to work on /Users/jl/Documents/Repos/GHC-2022-data-engineering-workshop/venv/lib/python3.8/site-packages/airflow/example_dags/example_xcom.py
[2022-08-29T20:00:00.200-0400] {processor.py:640} INFO - Processing file /Users/jl/Documents/Repos/GHC-2022-data-engineering-workshop/venv/lib/python3.8/site-packages/airflow/example_dags/example_xcom.py for tasks to queue
[2022-08-29T20:00:00.201-0400] {logging_mixin.py:115} INFO - [2022-08-29T20:00:00.201-0400] {dagbag.py:508} INFO - Filling up the DagBag from /Users/jl/Documents/Repos/GHC-2022-data-engineering-workshop/venv/lib/python3.8/site-packages/airflow/example_dags/example_xcom.py
[2022-08-29T20:00:00.241-0400] {processor.py:650} INFO - DAG(s) dict_keys(['example_xcom']) retrieved from /Users/jl/Documents/Repos/GHC-2022-data-engineering-workshop/venv/lib/python3.8/site-packages/airflow/example_dags/example_xcom.py
[2022-08-29T20:00:01.136-0400] {logging_mixin.py:115} INFO - [2022-08-29T20:00:01.135-0400] {dag.py:2429} INFO - Sync 1 DAGs
[2022-08-29T20:00:01.161-0400] {logging_mixin.py:115} INFO - [2022-08-29T20:00:01.160-0400] {dag.py:2977} INFO - Setting next_dagrun for example_xcom to 2021-01-01T00:00:00+00:00, run_after=2021-01-01T00:00:00+00:00
[2022-08-29T20:00:01.178-0400] {processor.py:161} INFO - Processing /Users/jl/Documents/Repos/GHC-2022-data-engineering-workshop/venv/lib/python3.8/site-packages/airflow/example_dags/example_xcom.py took 0.987 seconds
[2022-08-29T20:01:31.338-0400] {processor.py:153} INFO - Started process (PID=14430) to work on /Users/jl/Documents/Repos/GHC-2022-data-engineering-workshop/venv/lib/python3.8/site-packages/airflow/example_dags/example_xcom.py
[2022-08-29T20:01:31.348-0400] {processor.py:640} INFO - Processing file /Users/jl/Documents/Repos/GHC-2022-data-engineering-workshop/venv/lib/python3.8/site-packages/airflow/example_dags/example_xcom.py for tasks to queue
[2022-08-29T20:01:31.349-0400] {logging_mixin.py:115} INFO - [2022-08-29T20:01:31.349-0400] {dagbag.py:508} INFO - Filling up the DagBag from /Users/jl/Documents/Repos/GHC-2022-data-engineering-workshop/venv/lib/python3.8/site-packages/airflow/example_dags/example_xcom.py
[2022-08-29T20:01:31.389-0400] {processor.py:650} INFO - DAG(s) dict_keys(['example_xcom']) retrieved from /Users/jl/Documents/Repos/GHC-2022-data-engineering-workshop/venv/lib/python3.8/site-packages/airflow/example_dags/example_xcom.py
[2022-08-29T20:01:32.100-0400] {logging_mixin.py:115} INFO - [2022-08-29T20:01:32.099-0400] {dag.py:2429} INFO - Sync 1 DAGs
[2022-08-29T20:01:32.118-0400] {logging_mixin.py:115} INFO - [2022-08-29T20:01:32.118-0400] {dag.py:2977} INFO - Setting next_dagrun for example_xcom to 2021-01-01T00:00:00+00:00, run_after=2021-01-01T00:00:00+00:00
[2022-08-29T20:01:32.134-0400] {processor.py:161} INFO - Processing /Users/jl/Documents/Repos/GHC-2022-data-engineering-workshop/venv/lib/python3.8/site-packages/airflow/example_dags/example_xcom.py took 0.797 seconds
[2022-08-29T20:02:54.845-0400] {processor.py:153} INFO - Started process (PID=14510) to work on /Users/jl/Documents/Repos/GHC-2022-data-engineering-workshop/venv/lib/python3.8/site-packages/airflow/example_dags/example_xcom.py
[2022-08-29T20:02:54.853-0400] {processor.py:640} INFO - Processing file /Users/jl/Documents/Repos/GHC-2022-data-engineering-workshop/venv/lib/python3.8/site-packages/airflow/example_dags/example_xcom.py for tasks to queue
[2022-08-29T20:02:54.853-0400] {logging_mixin.py:115} INFO - [2022-08-29T20:02:54.853-0400] {dagbag.py:508} INFO - Filling up the DagBag from /Users/jl/Documents/Repos/GHC-2022-data-engineering-workshop/venv/lib/python3.8/site-packages/airflow/example_dags/example_xcom.py
[2022-08-29T20:02:54.893-0400] {processor.py:650} INFO - DAG(s) dict_keys(['example_xcom']) retrieved from /Users/jl/Documents/Repos/GHC-2022-data-engineering-workshop/venv/lib/python3.8/site-packages/airflow/example_dags/example_xcom.py
[2022-08-29T20:02:55.615-0400] {logging_mixin.py:115} INFO - [2022-08-29T20:02:55.614-0400] {dag.py:2429} INFO - Sync 1 DAGs
[2022-08-29T20:02:55.633-0400] {logging_mixin.py:115} INFO - [2022-08-29T20:02:55.633-0400] {dag.py:2977} INFO - Setting next_dagrun for example_xcom to 2021-01-01T00:00:00+00:00, run_after=2021-01-01T00:00:00+00:00
[2022-08-29T20:02:55.649-0400] {processor.py:161} INFO - Processing /Users/jl/Documents/Repos/GHC-2022-data-engineering-workshop/venv/lib/python3.8/site-packages/airflow/example_dags/example_xcom.py took 0.805 seconds
[2022-08-29T20:04:22.057-0400] {processor.py:153} INFO - Started process (PID=14591) to work on /Users/jl/Documents/Repos/GHC-2022-data-engineering-workshop/venv/lib/python3.8/site-packages/airflow/example_dags/example_xcom.py
[2022-08-29T20:04:22.065-0400] {processor.py:640} INFO - Processing file /Users/jl/Documents/Repos/GHC-2022-data-engineering-workshop/venv/lib/python3.8/site-packages/airflow/example_dags/example_xcom.py for tasks to queue
[2022-08-29T20:04:22.065-0400] {logging_mixin.py:115} INFO - [2022-08-29T20:04:22.065-0400] {dagbag.py:508} INFO - Filling up the DagBag from /Users/jl/Documents/Repos/GHC-2022-data-engineering-workshop/venv/lib/python3.8/site-packages/airflow/example_dags/example_xcom.py
[2022-08-29T20:04:22.105-0400] {processor.py:650} INFO - DAG(s) dict_keys(['example_xcom']) retrieved from /Users/jl/Documents/Repos/GHC-2022-data-engineering-workshop/venv/lib/python3.8/site-packages/airflow/example_dags/example_xcom.py
[2022-08-29T20:04:22.829-0400] {logging_mixin.py:115} INFO - [2022-08-29T20:04:22.828-0400] {dag.py:2429} INFO - Sync 1 DAGs
[2022-08-29T20:04:22.847-0400] {logging_mixin.py:115} INFO - [2022-08-29T20:04:22.847-0400] {dag.py:2977} INFO - Setting next_dagrun for example_xcom to 2021-01-01T00:00:00+00:00, run_after=2021-01-01T00:00:00+00:00
[2022-08-29T20:04:22.863-0400] {processor.py:161} INFO - Processing /Users/jl/Documents/Repos/GHC-2022-data-engineering-workshop/venv/lib/python3.8/site-packages/airflow/example_dags/example_xcom.py took 0.807 seconds
[2022-08-29T20:05:49.765-0400] {processor.py:153} INFO - Started process (PID=14672) to work on /Users/jl/Documents/Repos/GHC-2022-data-engineering-workshop/venv/lib/python3.8/site-packages/airflow/example_dags/example_xcom.py
[2022-08-29T20:05:49.773-0400] {processor.py:640} INFO - Processing file /Users/jl/Documents/Repos/GHC-2022-data-engineering-workshop/venv/lib/python3.8/site-packages/airflow/example_dags/example_xcom.py for tasks to queue
[2022-08-29T20:05:49.774-0400] {logging_mixin.py:115} INFO - [2022-08-29T20:05:49.773-0400] {dagbag.py:508} INFO - Filling up the DagBag from /Users/jl/Documents/Repos/GHC-2022-data-engineering-workshop/venv/lib/python3.8/site-packages/airflow/example_dags/example_xcom.py
[2022-08-29T20:05:49.813-0400] {processor.py:650} INFO - DAG(s) dict_keys(['example_xcom']) retrieved from /Users/jl/Documents/Repos/GHC-2022-data-engineering-workshop/venv/lib/python3.8/site-packages/airflow/example_dags/example_xcom.py
[2022-08-29T20:05:50.532-0400] {logging_mixin.py:115} INFO - [2022-08-29T20:05:50.531-0400] {dag.py:2429} INFO - Sync 1 DAGs
[2022-08-29T20:05:50.550-0400] {logging_mixin.py:115} INFO - [2022-08-29T20:05:50.549-0400] {dag.py:2977} INFO - Setting next_dagrun for example_xcom to 2021-01-01T00:00:00+00:00, run_after=2021-01-01T00:00:00+00:00
[2022-08-29T20:05:50.565-0400] {processor.py:161} INFO - Processing /Users/jl/Documents/Repos/GHC-2022-data-engineering-workshop/venv/lib/python3.8/site-packages/airflow/example_dags/example_xcom.py took 0.802 seconds
[2022-08-29T20:07:17.836-0400] {processor.py:153} INFO - Started process (PID=14752) to work on /Users/jl/Documents/Repos/GHC-2022-data-engineering-workshop/venv/lib/python3.8/site-packages/airflow/example_dags/example_xcom.py
[2022-08-29T20:07:17.844-0400] {processor.py:640} INFO - Processing file /Users/jl/Documents/Repos/GHC-2022-data-engineering-workshop/venv/lib/python3.8/site-packages/airflow/example_dags/example_xcom.py for tasks to queue
[2022-08-29T20:07:17.845-0400] {logging_mixin.py:115} INFO - [2022-08-29T20:07:17.844-0400] {dagbag.py:508} INFO - Filling up the DagBag from /Users/jl/Documents/Repos/GHC-2022-data-engineering-workshop/venv/lib/python3.8/site-packages/airflow/example_dags/example_xcom.py
[2022-08-29T20:07:17.884-0400] {processor.py:650} INFO - DAG(s) dict_keys(['example_xcom']) retrieved from /Users/jl/Documents/Repos/GHC-2022-data-engineering-workshop/venv/lib/python3.8/site-packages/airflow/example_dags/example_xcom.py
[2022-08-29T20:07:18.604-0400] {logging_mixin.py:115} INFO - [2022-08-29T20:07:18.604-0400] {dag.py:2429} INFO - Sync 1 DAGs
[2022-08-29T20:07:18.622-0400] {logging_mixin.py:115} INFO - [2022-08-29T20:07:18.622-0400] {dag.py:2977} INFO - Setting next_dagrun for example_xcom to 2021-01-01T00:00:00+00:00, run_after=2021-01-01T00:00:00+00:00
[2022-08-29T20:07:18.638-0400] {processor.py:161} INFO - Processing /Users/jl/Documents/Repos/GHC-2022-data-engineering-workshop/venv/lib/python3.8/site-packages/airflow/example_dags/example_xcom.py took 0.804 seconds
[2022-08-29T20:08:43.984-0400] {processor.py:153} INFO - Started process (PID=14835) to work on /Users/jl/Documents/Repos/GHC-2022-data-engineering-workshop/venv/lib/python3.8/site-packages/airflow/example_dags/example_xcom.py
[2022-08-29T20:08:43.992-0400] {processor.py:640} INFO - Processing file /Users/jl/Documents/Repos/GHC-2022-data-engineering-workshop/venv/lib/python3.8/site-packages/airflow/example_dags/example_xcom.py for tasks to queue
[2022-08-29T20:08:43.993-0400] {logging_mixin.py:115} INFO - [2022-08-29T20:08:43.992-0400] {dagbag.py:508} INFO - Filling up the DagBag from /Users/jl/Documents/Repos/GHC-2022-data-engineering-workshop/venv/lib/python3.8/site-packages/airflow/example_dags/example_xcom.py
[2022-08-29T20:08:44.035-0400] {processor.py:650} INFO - DAG(s) dict_keys(['example_xcom']) retrieved from /Users/jl/Documents/Repos/GHC-2022-data-engineering-workshop/venv/lib/python3.8/site-packages/airflow/example_dags/example_xcom.py
[2022-08-29T20:08:44.757-0400] {logging_mixin.py:115} INFO - [2022-08-29T20:08:44.757-0400] {dag.py:2429} INFO - Sync 1 DAGs
[2022-08-29T20:08:44.775-0400] {logging_mixin.py:115} INFO - [2022-08-29T20:08:44.775-0400] {dag.py:2977} INFO - Setting next_dagrun for example_xcom to 2021-01-01T00:00:00+00:00, run_after=2021-01-01T00:00:00+00:00
[2022-08-29T20:08:44.791-0400] {processor.py:161} INFO - Processing /Users/jl/Documents/Repos/GHC-2022-data-engineering-workshop/venv/lib/python3.8/site-packages/airflow/example_dags/example_xcom.py took 0.808 seconds
[2022-08-29T20:10:22.952-0400] {processor.py:153} INFO - Started process (PID=14922) to work on /Users/jl/Documents/Repos/GHC-2022-data-engineering-workshop/venv/lib/python3.8/site-packages/airflow/example_dags/example_xcom.py
[2022-08-29T20:10:22.962-0400] {processor.py:640} INFO - Processing file /Users/jl/Documents/Repos/GHC-2022-data-engineering-workshop/venv/lib/python3.8/site-packages/airflow/example_dags/example_xcom.py for tasks to queue
[2022-08-29T20:10:22.964-0400] {logging_mixin.py:115} INFO - [2022-08-29T20:10:22.963-0400] {dagbag.py:508} INFO - Filling up the DagBag from /Users/jl/Documents/Repos/GHC-2022-data-engineering-workshop/venv/lib/python3.8/site-packages/airflow/example_dags/example_xcom.py
[2022-08-29T20:10:23.006-0400] {processor.py:650} INFO - DAG(s) dict_keys(['example_xcom']) retrieved from /Users/jl/Documents/Repos/GHC-2022-data-engineering-workshop/venv/lib/python3.8/site-packages/airflow/example_dags/example_xcom.py
[2022-08-29T20:10:23.720-0400] {logging_mixin.py:115} INFO - [2022-08-29T20:10:23.720-0400] {dag.py:2429} INFO - Sync 1 DAGs
[2022-08-29T20:10:23.739-0400] {logging_mixin.py:115} INFO - [2022-08-29T20:10:23.739-0400] {dag.py:2977} INFO - Setting next_dagrun for example_xcom to 2021-01-01T00:00:00+00:00, run_after=2021-01-01T00:00:00+00:00
[2022-08-29T20:10:23.755-0400] {processor.py:161} INFO - Processing /Users/jl/Documents/Repos/GHC-2022-data-engineering-workshop/venv/lib/python3.8/site-packages/airflow/example_dags/example_xcom.py took 0.804 seconds
[2022-08-29T20:11:52.343-0400] {processor.py:153} INFO - Started process (PID=15007) to work on /Users/jl/Documents/Repos/GHC-2022-data-engineering-workshop/venv/lib/python3.8/site-packages/airflow/example_dags/example_xcom.py
[2022-08-29T20:11:52.351-0400] {processor.py:640} INFO - Processing file /Users/jl/Documents/Repos/GHC-2022-data-engineering-workshop/venv/lib/python3.8/site-packages/airflow/example_dags/example_xcom.py for tasks to queue
[2022-08-29T20:11:52.352-0400] {logging_mixin.py:115} INFO - [2022-08-29T20:11:52.352-0400] {dagbag.py:508} INFO - Filling up the DagBag from /Users/jl/Documents/Repos/GHC-2022-data-engineering-workshop/venv/lib/python3.8/site-packages/airflow/example_dags/example_xcom.py
[2022-08-29T20:11:52.391-0400] {processor.py:650} INFO - DAG(s) dict_keys(['example_xcom']) retrieved from /Users/jl/Documents/Repos/GHC-2022-data-engineering-workshop/venv/lib/python3.8/site-packages/airflow/example_dags/example_xcom.py
[2022-08-29T20:11:53.101-0400] {logging_mixin.py:115} INFO - [2022-08-29T20:11:53.101-0400] {dag.py:2429} INFO - Sync 1 DAGs
[2022-08-29T20:11:53.120-0400] {logging_mixin.py:115} INFO - [2022-08-29T20:11:53.120-0400] {dag.py:2977} INFO - Setting next_dagrun for example_xcom to 2021-01-01T00:00:00+00:00, run_after=2021-01-01T00:00:00+00:00
[2022-08-29T20:11:53.136-0400] {processor.py:161} INFO - Processing /Users/jl/Documents/Repos/GHC-2022-data-engineering-workshop/venv/lib/python3.8/site-packages/airflow/example_dags/example_xcom.py took 0.794 seconds
[2022-08-29T20:13:21.799-0400] {processor.py:153} INFO - Started process (PID=15092) to work on /Users/jl/Documents/Repos/GHC-2022-data-engineering-workshop/venv/lib/python3.8/site-packages/airflow/example_dags/example_xcom.py
[2022-08-29T20:13:21.807-0400] {processor.py:640} INFO - Processing file /Users/jl/Documents/Repos/GHC-2022-data-engineering-workshop/venv/lib/python3.8/site-packages/airflow/example_dags/example_xcom.py for tasks to queue
[2022-08-29T20:13:21.807-0400] {logging_mixin.py:115} INFO - [2022-08-29T20:13:21.807-0400] {dagbag.py:508} INFO - Filling up the DagBag from /Users/jl/Documents/Repos/GHC-2022-data-engineering-workshop/venv/lib/python3.8/site-packages/airflow/example_dags/example_xcom.py
[2022-08-29T20:13:21.848-0400] {processor.py:650} INFO - DAG(s) dict_keys(['example_xcom']) retrieved from /Users/jl/Documents/Repos/GHC-2022-data-engineering-workshop/venv/lib/python3.8/site-packages/airflow/example_dags/example_xcom.py
[2022-08-29T20:13:22.580-0400] {logging_mixin.py:115} INFO - [2022-08-29T20:13:22.580-0400] {dag.py:2429} INFO - Sync 1 DAGs
[2022-08-29T20:13:22.598-0400] {logging_mixin.py:115} INFO - [2022-08-29T20:13:22.598-0400] {dag.py:2977} INFO - Setting next_dagrun for example_xcom to 2021-01-01T00:00:00+00:00, run_after=2021-01-01T00:00:00+00:00
[2022-08-29T20:13:22.615-0400] {processor.py:161} INFO - Processing /Users/jl/Documents/Repos/GHC-2022-data-engineering-workshop/venv/lib/python3.8/site-packages/airflow/example_dags/example_xcom.py took 0.817 seconds
[2022-08-29T20:14:54.981-0400] {processor.py:153} INFO - Started process (PID=15205) to work on /Users/jl/Documents/Repos/GHC-2022-data-engineering-workshop/venv/lib/python3.8/site-packages/airflow/example_dags/example_xcom.py
[2022-08-29T20:14:54.990-0400] {processor.py:640} INFO - Processing file /Users/jl/Documents/Repos/GHC-2022-data-engineering-workshop/venv/lib/python3.8/site-packages/airflow/example_dags/example_xcom.py for tasks to queue
[2022-08-29T20:14:54.991-0400] {logging_mixin.py:115} INFO - [2022-08-29T20:14:54.990-0400] {dagbag.py:508} INFO - Filling up the DagBag from /Users/jl/Documents/Repos/GHC-2022-data-engineering-workshop/venv/lib/python3.8/site-packages/airflow/example_dags/example_xcom.py
[2022-08-29T20:14:55.031-0400] {processor.py:650} INFO - DAG(s) dict_keys(['example_xcom']) retrieved from /Users/jl/Documents/Repos/GHC-2022-data-engineering-workshop/venv/lib/python3.8/site-packages/airflow/example_dags/example_xcom.py
[2022-08-29T20:14:55.741-0400] {logging_mixin.py:115} INFO - [2022-08-29T20:14:55.741-0400] {dag.py:2429} INFO - Sync 1 DAGs
[2022-08-29T20:14:55.759-0400] {logging_mixin.py:115} INFO - [2022-08-29T20:14:55.759-0400] {dag.py:2977} INFO - Setting next_dagrun for example_xcom to 2021-01-01T00:00:00+00:00, run_after=2021-01-01T00:00:00+00:00
[2022-08-29T20:14:55.775-0400] {processor.py:161} INFO - Processing /Users/jl/Documents/Repos/GHC-2022-data-engineering-workshop/venv/lib/python3.8/site-packages/airflow/example_dags/example_xcom.py took 0.796 seconds
[2022-08-29T20:15:44.508-0400] {processor.py:153} INFO - Started process (PID=15250) to work on /Users/jl/Documents/Repos/GHC-2022-data-engineering-workshop/venv/lib/python3.8/site-packages/airflow/example_dags/example_xcom.py
[2022-08-29T20:15:44.517-0400] {processor.py:640} INFO - Processing file /Users/jl/Documents/Repos/GHC-2022-data-engineering-workshop/venv/lib/python3.8/site-packages/airflow/example_dags/example_xcom.py for tasks to queue
[2022-08-29T20:15:44.517-0400] {logging_mixin.py:115} INFO - [2022-08-29T20:15:44.517-0400] {dagbag.py:508} INFO - Filling up the DagBag from /Users/jl/Documents/Repos/GHC-2022-data-engineering-workshop/venv/lib/python3.8/site-packages/airflow/example_dags/example_xcom.py
[2022-08-29T20:15:44.561-0400] {processor.py:650} INFO - DAG(s) dict_keys(['example_xcom']) retrieved from /Users/jl/Documents/Repos/GHC-2022-data-engineering-workshop/venv/lib/python3.8/site-packages/airflow/example_dags/example_xcom.py
[2022-08-29T20:15:45.836-0400] {logging_mixin.py:115} INFO - [2022-08-29T20:15:45.836-0400] {dag.py:2429} INFO - Sync 1 DAGs
[2022-08-29T20:15:45.855-0400] {logging_mixin.py:115} INFO - [2022-08-29T20:15:45.855-0400] {dag.py:2977} INFO - Setting next_dagrun for example_xcom to 2021-01-01T00:00:00+00:00, run_after=2021-01-01T00:00:00+00:00
[2022-08-29T20:15:45.877-0400] {processor.py:161} INFO - Processing /Users/jl/Documents/Repos/GHC-2022-data-engineering-workshop/venv/lib/python3.8/site-packages/airflow/example_dags/example_xcom.py took 1.370 seconds
[2022-08-29T20:16:39.706-0400] {processor.py:153} INFO - Started process (PID=15296) to work on /Users/jl/Documents/Repos/GHC-2022-data-engineering-workshop/venv/lib/python3.8/site-packages/airflow/example_dags/example_xcom.py
[2022-08-29T20:16:39.715-0400] {processor.py:640} INFO - Processing file /Users/jl/Documents/Repos/GHC-2022-data-engineering-workshop/venv/lib/python3.8/site-packages/airflow/example_dags/example_xcom.py for tasks to queue
[2022-08-29T20:16:39.716-0400] {logging_mixin.py:115} INFO - [2022-08-29T20:16:39.715-0400] {dagbag.py:508} INFO - Filling up the DagBag from /Users/jl/Documents/Repos/GHC-2022-data-engineering-workshop/venv/lib/python3.8/site-packages/airflow/example_dags/example_xcom.py
[2022-08-29T20:16:39.759-0400] {processor.py:650} INFO - DAG(s) dict_keys(['example_xcom']) retrieved from /Users/jl/Documents/Repos/GHC-2022-data-engineering-workshop/venv/lib/python3.8/site-packages/airflow/example_dags/example_xcom.py
[2022-08-29T20:16:40.628-0400] {logging_mixin.py:115} INFO - [2022-08-29T20:16:40.627-0400] {dag.py:2429} INFO - Sync 1 DAGs
[2022-08-29T20:16:40.648-0400] {logging_mixin.py:115} INFO - [2022-08-29T20:16:40.648-0400] {dag.py:2977} INFO - Setting next_dagrun for example_xcom to 2021-01-01T00:00:00+00:00, run_after=2021-01-01T00:00:00+00:00
[2022-08-29T20:16:40.663-0400] {processor.py:161} INFO - Processing /Users/jl/Documents/Repos/GHC-2022-data-engineering-workshop/venv/lib/python3.8/site-packages/airflow/example_dags/example_xcom.py took 0.959 seconds
[2022-08-29T20:17:34.168-0400] {processor.py:153} INFO - Started process (PID=15353) to work on /Users/jl/Documents/Repos/GHC-2022-data-engineering-workshop/venv/lib/python3.8/site-packages/airflow/example_dags/example_xcom.py
[2022-08-29T20:17:34.176-0400] {processor.py:640} INFO - Processing file /Users/jl/Documents/Repos/GHC-2022-data-engineering-workshop/venv/lib/python3.8/site-packages/airflow/example_dags/example_xcom.py for tasks to queue
[2022-08-29T20:17:34.177-0400] {logging_mixin.py:115} INFO - [2022-08-29T20:17:34.177-0400] {dagbag.py:508} INFO - Filling up the DagBag from /Users/jl/Documents/Repos/GHC-2022-data-engineering-workshop/venv/lib/python3.8/site-packages/airflow/example_dags/example_xcom.py
[2022-08-29T20:17:34.219-0400] {processor.py:650} INFO - DAG(s) dict_keys(['example_xcom']) retrieved from /Users/jl/Documents/Repos/GHC-2022-data-engineering-workshop/venv/lib/python3.8/site-packages/airflow/example_dags/example_xcom.py
[2022-08-29T20:17:34.971-0400] {logging_mixin.py:115} INFO - [2022-08-29T20:17:34.971-0400] {dag.py:2429} INFO - Sync 1 DAGs
[2022-08-29T20:17:34.989-0400] {logging_mixin.py:115} INFO - [2022-08-29T20:17:34.989-0400] {dag.py:2977} INFO - Setting next_dagrun for example_xcom to 2021-01-01T00:00:00+00:00, run_after=2021-01-01T00:00:00+00:00
[2022-08-29T20:17:35.005-0400] {processor.py:161} INFO - Processing /Users/jl/Documents/Repos/GHC-2022-data-engineering-workshop/venv/lib/python3.8/site-packages/airflow/example_dags/example_xcom.py took 0.838 seconds
[2022-08-29T20:18:31.648-0400] {processor.py:153} INFO - Started process (PID=15416) to work on /Users/jl/Documents/Repos/GHC-2022-data-engineering-workshop/venv/lib/python3.8/site-packages/airflow/example_dags/example_xcom.py
[2022-08-29T20:18:31.656-0400] {processor.py:640} INFO - Processing file /Users/jl/Documents/Repos/GHC-2022-data-engineering-workshop/venv/lib/python3.8/site-packages/airflow/example_dags/example_xcom.py for tasks to queue
[2022-08-29T20:18:31.657-0400] {logging_mixin.py:115} INFO - [2022-08-29T20:18:31.657-0400] {dagbag.py:508} INFO - Filling up the DagBag from /Users/jl/Documents/Repos/GHC-2022-data-engineering-workshop/venv/lib/python3.8/site-packages/airflow/example_dags/example_xcom.py
[2022-08-29T20:18:31.698-0400] {processor.py:650} INFO - DAG(s) dict_keys(['example_xcom']) retrieved from /Users/jl/Documents/Repos/GHC-2022-data-engineering-workshop/venv/lib/python3.8/site-packages/airflow/example_dags/example_xcom.py
[2022-08-29T20:18:32.422-0400] {logging_mixin.py:115} INFO - [2022-08-29T20:18:32.422-0400] {dag.py:2429} INFO - Sync 1 DAGs
[2022-08-29T20:18:32.441-0400] {logging_mixin.py:115} INFO - [2022-08-29T20:18:32.441-0400] {dag.py:2977} INFO - Setting next_dagrun for example_xcom to 2021-01-01T00:00:00+00:00, run_after=2021-01-01T00:00:00+00:00
[2022-08-29T20:18:32.457-0400] {processor.py:161} INFO - Processing /Users/jl/Documents/Repos/GHC-2022-data-engineering-workshop/venv/lib/python3.8/site-packages/airflow/example_dags/example_xcom.py took 0.810 seconds
[2022-08-29T20:19:28.081-0400] {processor.py:153} INFO - Started process (PID=15479) to work on /Users/jl/Documents/Repos/GHC-2022-data-engineering-workshop/venv/lib/python3.8/site-packages/airflow/example_dags/example_xcom.py
[2022-08-29T20:19:28.092-0400] {processor.py:640} INFO - Processing file /Users/jl/Documents/Repos/GHC-2022-data-engineering-workshop/venv/lib/python3.8/site-packages/airflow/example_dags/example_xcom.py for tasks to queue
[2022-08-29T20:19:28.093-0400] {logging_mixin.py:115} INFO - [2022-08-29T20:19:28.093-0400] {dagbag.py:508} INFO - Filling up the DagBag from /Users/jl/Documents/Repos/GHC-2022-data-engineering-workshop/venv/lib/python3.8/site-packages/airflow/example_dags/example_xcom.py
[2022-08-29T20:19:28.145-0400] {processor.py:650} INFO - DAG(s) dict_keys(['example_xcom']) retrieved from /Users/jl/Documents/Repos/GHC-2022-data-engineering-workshop/venv/lib/python3.8/site-packages/airflow/example_dags/example_xcom.py
[2022-08-29T20:19:29.010-0400] {logging_mixin.py:115} INFO - [2022-08-29T20:19:29.010-0400] {dag.py:2429} INFO - Sync 1 DAGs
[2022-08-29T20:19:29.031-0400] {logging_mixin.py:115} INFO - [2022-08-29T20:19:29.030-0400] {dag.py:2977} INFO - Setting next_dagrun for example_xcom to 2021-01-01T00:00:00+00:00, run_after=2021-01-01T00:00:00+00:00
[2022-08-29T20:19:29.050-0400] {processor.py:161} INFO - Processing /Users/jl/Documents/Repos/GHC-2022-data-engineering-workshop/venv/lib/python3.8/site-packages/airflow/example_dags/example_xcom.py took 0.969 seconds
[2022-08-29T20:20:18.076-0400] {processor.py:153} INFO - Started process (PID=15523) to work on /Users/jl/Documents/Repos/GHC-2022-data-engineering-workshop/venv/lib/python3.8/site-packages/airflow/example_dags/example_xcom.py
[2022-08-29T20:20:18.085-0400] {processor.py:640} INFO - Processing file /Users/jl/Documents/Repos/GHC-2022-data-engineering-workshop/venv/lib/python3.8/site-packages/airflow/example_dags/example_xcom.py for tasks to queue
[2022-08-29T20:20:18.085-0400] {logging_mixin.py:115} INFO - [2022-08-29T20:20:18.085-0400] {dagbag.py:508} INFO - Filling up the DagBag from /Users/jl/Documents/Repos/GHC-2022-data-engineering-workshop/venv/lib/python3.8/site-packages/airflow/example_dags/example_xcom.py
[2022-08-29T20:20:18.125-0400] {processor.py:650} INFO - DAG(s) dict_keys(['example_xcom']) retrieved from /Users/jl/Documents/Repos/GHC-2022-data-engineering-workshop/venv/lib/python3.8/site-packages/airflow/example_dags/example_xcom.py
[2022-08-29T20:20:18.844-0400] {logging_mixin.py:115} INFO - [2022-08-29T20:20:18.844-0400] {dag.py:2429} INFO - Sync 1 DAGs
[2022-08-29T20:20:18.864-0400] {logging_mixin.py:115} INFO - [2022-08-29T20:20:18.864-0400] {dag.py:2977} INFO - Setting next_dagrun for example_xcom to 2021-01-01T00:00:00+00:00, run_after=2021-01-01T00:00:00+00:00
[2022-08-29T20:20:18.881-0400] {processor.py:161} INFO - Processing /Users/jl/Documents/Repos/GHC-2022-data-engineering-workshop/venv/lib/python3.8/site-packages/airflow/example_dags/example_xcom.py took 0.806 seconds
[2022-08-29T20:21:47.238-0400] {processor.py:153} INFO - Started process (PID=15606) to work on /Users/jl/Documents/Repos/GHC-2022-data-engineering-workshop/venv/lib/python3.8/site-packages/airflow/example_dags/example_xcom.py
[2022-08-29T20:21:47.246-0400] {processor.py:640} INFO - Processing file /Users/jl/Documents/Repos/GHC-2022-data-engineering-workshop/venv/lib/python3.8/site-packages/airflow/example_dags/example_xcom.py for tasks to queue
[2022-08-29T20:21:47.247-0400] {logging_mixin.py:115} INFO - [2022-08-29T20:21:47.247-0400] {dagbag.py:508} INFO - Filling up the DagBag from /Users/jl/Documents/Repos/GHC-2022-data-engineering-workshop/venv/lib/python3.8/site-packages/airflow/example_dags/example_xcom.py
[2022-08-29T20:21:47.287-0400] {processor.py:650} INFO - DAG(s) dict_keys(['example_xcom']) retrieved from /Users/jl/Documents/Repos/GHC-2022-data-engineering-workshop/venv/lib/python3.8/site-packages/airflow/example_dags/example_xcom.py
[2022-08-29T20:21:48.001-0400] {logging_mixin.py:115} INFO - [2022-08-29T20:21:48.001-0400] {dag.py:2429} INFO - Sync 1 DAGs
[2022-08-29T20:21:48.020-0400] {logging_mixin.py:115} INFO - [2022-08-29T20:21:48.020-0400] {dag.py:2977} INFO - Setting next_dagrun for example_xcom to 2021-01-01T00:00:00+00:00, run_after=2021-01-01T00:00:00+00:00
[2022-08-29T20:21:48.036-0400] {processor.py:161} INFO - Processing /Users/jl/Documents/Repos/GHC-2022-data-engineering-workshop/venv/lib/python3.8/site-packages/airflow/example_dags/example_xcom.py took 0.799 seconds
[2022-08-29T20:23:13.085-0400] {processor.py:153} INFO - Started process (PID=15687) to work on /Users/jl/Documents/Repos/GHC-2022-data-engineering-workshop/venv/lib/python3.8/site-packages/airflow/example_dags/example_xcom.py
[2022-08-29T20:23:13.093-0400] {processor.py:640} INFO - Processing file /Users/jl/Documents/Repos/GHC-2022-data-engineering-workshop/venv/lib/python3.8/site-packages/airflow/example_dags/example_xcom.py for tasks to queue
[2022-08-29T20:23:13.094-0400] {logging_mixin.py:115} INFO - [2022-08-29T20:23:13.094-0400] {dagbag.py:508} INFO - Filling up the DagBag from /Users/jl/Documents/Repos/GHC-2022-data-engineering-workshop/venv/lib/python3.8/site-packages/airflow/example_dags/example_xcom.py
[2022-08-29T20:23:13.134-0400] {processor.py:650} INFO - DAG(s) dict_keys(['example_xcom']) retrieved from /Users/jl/Documents/Repos/GHC-2022-data-engineering-workshop/venv/lib/python3.8/site-packages/airflow/example_dags/example_xcom.py
[2022-08-29T20:23:13.844-0400] {logging_mixin.py:115} INFO - [2022-08-29T20:23:13.844-0400] {dag.py:2429} INFO - Sync 1 DAGs
[2022-08-29T20:23:13.862-0400] {logging_mixin.py:115} INFO - [2022-08-29T20:23:13.862-0400] {dag.py:2977} INFO - Setting next_dagrun for example_xcom to 2021-01-01T00:00:00+00:00, run_after=2021-01-01T00:00:00+00:00
[2022-08-29T20:23:13.877-0400] {processor.py:161} INFO - Processing /Users/jl/Documents/Repos/GHC-2022-data-engineering-workshop/venv/lib/python3.8/site-packages/airflow/example_dags/example_xcom.py took 0.794 seconds
[2022-08-29T20:24:41.657-0400] {processor.py:153} INFO - Started process (PID=15767) to work on /Users/jl/Documents/Repos/GHC-2022-data-engineering-workshop/venv/lib/python3.8/site-packages/airflow/example_dags/example_xcom.py
[2022-08-29T20:24:41.665-0400] {processor.py:640} INFO - Processing file /Users/jl/Documents/Repos/GHC-2022-data-engineering-workshop/venv/lib/python3.8/site-packages/airflow/example_dags/example_xcom.py for tasks to queue
[2022-08-29T20:24:41.666-0400] {logging_mixin.py:115} INFO - [2022-08-29T20:24:41.666-0400] {dagbag.py:508} INFO - Filling up the DagBag from /Users/jl/Documents/Repos/GHC-2022-data-engineering-workshop/venv/lib/python3.8/site-packages/airflow/example_dags/example_xcom.py
[2022-08-29T20:24:41.706-0400] {processor.py:650} INFO - DAG(s) dict_keys(['example_xcom']) retrieved from /Users/jl/Documents/Repos/GHC-2022-data-engineering-workshop/venv/lib/python3.8/site-packages/airflow/example_dags/example_xcom.py
[2022-08-29T20:24:42.421-0400] {logging_mixin.py:115} INFO - [2022-08-29T20:24:42.421-0400] {dag.py:2429} INFO - Sync 1 DAGs
[2022-08-29T20:24:42.440-0400] {logging_mixin.py:115} INFO - [2022-08-29T20:24:42.440-0400] {dag.py:2977} INFO - Setting next_dagrun for example_xcom to 2021-01-01T00:00:00+00:00, run_after=2021-01-01T00:00:00+00:00
[2022-08-29T20:24:42.455-0400] {processor.py:161} INFO - Processing /Users/jl/Documents/Repos/GHC-2022-data-engineering-workshop/venv/lib/python3.8/site-packages/airflow/example_dags/example_xcom.py took 0.799 seconds
[2022-08-29T20:26:36.385-0400] {processor.py:153} INFO - Started process (PID=15879) to work on /Users/jl/Documents/Repos/GHC-2022-data-engineering-workshop/venv/lib/python3.8/site-packages/airflow/example_dags/example_xcom.py
[2022-08-29T20:26:36.395-0400] {processor.py:640} INFO - Processing file /Users/jl/Documents/Repos/GHC-2022-data-engineering-workshop/venv/lib/python3.8/site-packages/airflow/example_dags/example_xcom.py for tasks to queue
[2022-08-29T20:26:36.395-0400] {logging_mixin.py:115} INFO - [2022-08-29T20:26:36.395-0400] {dagbag.py:508} INFO - Filling up the DagBag from /Users/jl/Documents/Repos/GHC-2022-data-engineering-workshop/venv/lib/python3.8/site-packages/airflow/example_dags/example_xcom.py
[2022-08-29T20:26:36.514-0400] {processor.py:650} INFO - DAG(s) dict_keys(['example_xcom']) retrieved from /Users/jl/Documents/Repos/GHC-2022-data-engineering-workshop/venv/lib/python3.8/site-packages/airflow/example_dags/example_xcom.py
[2022-08-29T20:26:38.354-0400] {logging_mixin.py:115} INFO - [2022-08-29T20:26:38.354-0400] {dag.py:2429} INFO - Sync 1 DAGs
[2022-08-29T20:26:38.374-0400] {logging_mixin.py:115} INFO - [2022-08-29T20:26:38.374-0400] {dag.py:2977} INFO - Setting next_dagrun for example_xcom to 2021-01-01T00:00:00+00:00, run_after=2021-01-01T00:00:00+00:00
[2022-08-29T20:26:38.393-0400] {processor.py:161} INFO - Processing /Users/jl/Documents/Repos/GHC-2022-data-engineering-workshop/venv/lib/python3.8/site-packages/airflow/example_dags/example_xcom.py took 2.009 seconds
[2022-08-29T20:27:42.344-0400] {processor.py:153} INFO - Started process (PID=15939) to work on /Users/jl/Documents/Repos/GHC-2022-data-engineering-workshop/venv/lib/python3.8/site-packages/airflow/example_dags/example_xcom.py
[2022-08-29T20:27:42.353-0400] {processor.py:640} INFO - Processing file /Users/jl/Documents/Repos/GHC-2022-data-engineering-workshop/venv/lib/python3.8/site-packages/airflow/example_dags/example_xcom.py for tasks to queue
[2022-08-29T20:27:42.353-0400] {logging_mixin.py:115} INFO - [2022-08-29T20:27:42.353-0400] {dagbag.py:508} INFO - Filling up the DagBag from /Users/jl/Documents/Repos/GHC-2022-data-engineering-workshop/venv/lib/python3.8/site-packages/airflow/example_dags/example_xcom.py
[2022-08-29T20:27:42.394-0400] {processor.py:650} INFO - DAG(s) dict_keys(['example_xcom']) retrieved from /Users/jl/Documents/Repos/GHC-2022-data-engineering-workshop/venv/lib/python3.8/site-packages/airflow/example_dags/example_xcom.py
[2022-08-29T20:27:43.941-0400] {logging_mixin.py:115} INFO - [2022-08-29T20:27:43.941-0400] {dag.py:2429} INFO - Sync 1 DAGs
[2022-08-29T20:27:43.979-0400] {logging_mixin.py:115} INFO - [2022-08-29T20:27:43.979-0400] {dag.py:2977} INFO - Setting next_dagrun for example_xcom to 2021-01-01T00:00:00+00:00, run_after=2021-01-01T00:00:00+00:00
[2022-08-29T20:27:44.007-0400] {processor.py:161} INFO - Processing /Users/jl/Documents/Repos/GHC-2022-data-engineering-workshop/venv/lib/python3.8/site-packages/airflow/example_dags/example_xcom.py took 1.663 seconds
[2022-08-29T20:29:17.963-0400] {processor.py:153} INFO - Started process (PID=16023) to work on /Users/jl/Documents/Repos/GHC-2022-data-engineering-workshop/venv/lib/python3.8/site-packages/airflow/example_dags/example_xcom.py
[2022-08-29T20:29:17.972-0400] {processor.py:640} INFO - Processing file /Users/jl/Documents/Repos/GHC-2022-data-engineering-workshop/venv/lib/python3.8/site-packages/airflow/example_dags/example_xcom.py for tasks to queue
[2022-08-29T20:29:17.973-0400] {logging_mixin.py:115} INFO - [2022-08-29T20:29:17.973-0400] {dagbag.py:508} INFO - Filling up the DagBag from /Users/jl/Documents/Repos/GHC-2022-data-engineering-workshop/venv/lib/python3.8/site-packages/airflow/example_dags/example_xcom.py
[2022-08-29T20:29:18.017-0400] {processor.py:650} INFO - DAG(s) dict_keys(['example_xcom']) retrieved from /Users/jl/Documents/Repos/GHC-2022-data-engineering-workshop/venv/lib/python3.8/site-packages/airflow/example_dags/example_xcom.py
[2022-08-29T20:29:18.794-0400] {logging_mixin.py:115} INFO - [2022-08-29T20:29:18.794-0400] {dag.py:2429} INFO - Sync 1 DAGs
[2022-08-29T20:29:18.813-0400] {logging_mixin.py:115} INFO - [2022-08-29T20:29:18.813-0400] {dag.py:2977} INFO - Setting next_dagrun for example_xcom to 2021-01-01T00:00:00+00:00, run_after=2021-01-01T00:00:00+00:00
[2022-08-29T20:29:18.831-0400] {processor.py:161} INFO - Processing /Users/jl/Documents/Repos/GHC-2022-data-engineering-workshop/venv/lib/python3.8/site-packages/airflow/example_dags/example_xcom.py took 0.869 seconds
[2022-08-29T20:30:17.184-0400] {processor.py:153} INFO - Started process (PID=16085) to work on /Users/jl/Documents/Repos/GHC-2022-data-engineering-workshop/venv/lib/python3.8/site-packages/airflow/example_dags/example_xcom.py
[2022-08-29T20:30:17.194-0400] {processor.py:640} INFO - Processing file /Users/jl/Documents/Repos/GHC-2022-data-engineering-workshop/venv/lib/python3.8/site-packages/airflow/example_dags/example_xcom.py for tasks to queue
[2022-08-29T20:30:17.196-0400] {logging_mixin.py:115} INFO - [2022-08-29T20:30:17.195-0400] {dagbag.py:508} INFO - Filling up the DagBag from /Users/jl/Documents/Repos/GHC-2022-data-engineering-workshop/venv/lib/python3.8/site-packages/airflow/example_dags/example_xcom.py
[2022-08-29T20:30:17.260-0400] {processor.py:650} INFO - DAG(s) dict_keys(['example_xcom']) retrieved from /Users/jl/Documents/Repos/GHC-2022-data-engineering-workshop/venv/lib/python3.8/site-packages/airflow/example_dags/example_xcom.py
[2022-08-29T20:30:18.985-0400] {logging_mixin.py:115} INFO - [2022-08-29T20:30:18.985-0400] {dag.py:2429} INFO - Sync 1 DAGs
[2022-08-29T20:30:19.249-0400] {logging_mixin.py:115} INFO - [2022-08-29T20:30:19.249-0400] {dag.py:2977} INFO - Setting next_dagrun for example_xcom to 2021-01-01T00:00:00+00:00, run_after=2021-01-01T00:00:00+00:00
[2022-08-29T20:30:19.313-0400] {processor.py:161} INFO - Processing /Users/jl/Documents/Repos/GHC-2022-data-engineering-workshop/venv/lib/python3.8/site-packages/airflow/example_dags/example_xcom.py took 2.130 seconds
[2022-08-29T20:31:29.143-0400] {processor.py:153} INFO - Started process (PID=16143) to work on /Users/jl/Documents/Repos/GHC-2022-data-engineering-workshop/venv/lib/python3.8/site-packages/airflow/example_dags/example_xcom.py
[2022-08-29T20:31:29.153-0400] {processor.py:640} INFO - Processing file /Users/jl/Documents/Repos/GHC-2022-data-engineering-workshop/venv/lib/python3.8/site-packages/airflow/example_dags/example_xcom.py for tasks to queue
[2022-08-29T20:31:29.154-0400] {logging_mixin.py:115} INFO - [2022-08-29T20:31:29.154-0400] {dagbag.py:508} INFO - Filling up the DagBag from /Users/jl/Documents/Repos/GHC-2022-data-engineering-workshop/venv/lib/python3.8/site-packages/airflow/example_dags/example_xcom.py
[2022-08-29T20:31:29.201-0400] {processor.py:650} INFO - DAG(s) dict_keys(['example_xcom']) retrieved from /Users/jl/Documents/Repos/GHC-2022-data-engineering-workshop/venv/lib/python3.8/site-packages/airflow/example_dags/example_xcom.py
[2022-08-29T20:31:30.221-0400] {logging_mixin.py:115} INFO - [2022-08-29T20:31:30.221-0400] {dag.py:2429} INFO - Sync 1 DAGs
[2022-08-29T20:31:30.240-0400] {logging_mixin.py:115} INFO - [2022-08-29T20:31:30.240-0400] {dag.py:2977} INFO - Setting next_dagrun for example_xcom to 2021-01-01T00:00:00+00:00, run_after=2021-01-01T00:00:00+00:00
[2022-08-29T20:31:30.256-0400] {processor.py:161} INFO - Processing /Users/jl/Documents/Repos/GHC-2022-data-engineering-workshop/venv/lib/python3.8/site-packages/airflow/example_dags/example_xcom.py took 1.114 seconds
[2022-08-29T20:32:31.821-0400] {processor.py:153} INFO - Started process (PID=16208) to work on /Users/jl/Documents/Repos/GHC-2022-data-engineering-workshop/venv/lib/python3.8/site-packages/airflow/example_dags/example_xcom.py
[2022-08-29T20:32:31.845-0400] {processor.py:640} INFO - Processing file /Users/jl/Documents/Repos/GHC-2022-data-engineering-workshop/venv/lib/python3.8/site-packages/airflow/example_dags/example_xcom.py for tasks to queue
[2022-08-29T20:32:31.852-0400] {logging_mixin.py:115} INFO - [2022-08-29T20:32:31.852-0400] {dagbag.py:508} INFO - Filling up the DagBag from /Users/jl/Documents/Repos/GHC-2022-data-engineering-workshop/venv/lib/python3.8/site-packages/airflow/example_dags/example_xcom.py
[2022-08-29T20:32:31.974-0400] {processor.py:650} INFO - DAG(s) dict_keys(['example_xcom']) retrieved from /Users/jl/Documents/Repos/GHC-2022-data-engineering-workshop/venv/lib/python3.8/site-packages/airflow/example_dags/example_xcom.py
[2022-08-29T20:32:32.968-0400] {logging_mixin.py:115} INFO - [2022-08-29T20:32:32.968-0400] {dag.py:2429} INFO - Sync 1 DAGs
[2022-08-29T20:32:32.988-0400] {logging_mixin.py:115} INFO - [2022-08-29T20:32:32.988-0400] {dag.py:2977} INFO - Setting next_dagrun for example_xcom to 2021-01-01T00:00:00+00:00, run_after=2021-01-01T00:00:00+00:00
[2022-08-29T20:32:33.005-0400] {processor.py:161} INFO - Processing /Users/jl/Documents/Repos/GHC-2022-data-engineering-workshop/venv/lib/python3.8/site-packages/airflow/example_dags/example_xcom.py took 1.193 seconds
[2022-08-29T20:33:33.057-0400] {processor.py:153} INFO - Started process (PID=16267) to work on /Users/jl/Documents/Repos/GHC-2022-data-engineering-workshop/venv/lib/python3.8/site-packages/airflow/example_dags/example_xcom.py
[2022-08-29T20:33:33.092-0400] {processor.py:640} INFO - Processing file /Users/jl/Documents/Repos/GHC-2022-data-engineering-workshop/venv/lib/python3.8/site-packages/airflow/example_dags/example_xcom.py for tasks to queue
[2022-08-29T20:33:33.093-0400] {logging_mixin.py:115} INFO - [2022-08-29T20:33:33.093-0400] {dagbag.py:508} INFO - Filling up the DagBag from /Users/jl/Documents/Repos/GHC-2022-data-engineering-workshop/venv/lib/python3.8/site-packages/airflow/example_dags/example_xcom.py
[2022-08-29T20:33:33.185-0400] {processor.py:650} INFO - DAG(s) dict_keys(['example_xcom']) retrieved from /Users/jl/Documents/Repos/GHC-2022-data-engineering-workshop/venv/lib/python3.8/site-packages/airflow/example_dags/example_xcom.py
[2022-08-29T20:33:34.197-0400] {logging_mixin.py:115} INFO - [2022-08-29T20:33:34.196-0400] {dag.py:2429} INFO - Sync 1 DAGs
[2022-08-29T20:33:34.215-0400] {logging_mixin.py:115} INFO - [2022-08-29T20:33:34.215-0400] {dag.py:2977} INFO - Setting next_dagrun for example_xcom to 2021-01-01T00:00:00+00:00, run_after=2021-01-01T00:00:00+00:00
[2022-08-29T20:33:34.231-0400] {processor.py:161} INFO - Processing /Users/jl/Documents/Repos/GHC-2022-data-engineering-workshop/venv/lib/python3.8/site-packages/airflow/example_dags/example_xcom.py took 1.176 seconds
[2022-08-29T20:34:29.542-0400] {processor.py:153} INFO - Started process (PID=16315) to work on /Users/jl/Documents/Repos/GHC-2022-data-engineering-workshop/venv/lib/python3.8/site-packages/airflow/example_dags/example_xcom.py
[2022-08-29T20:34:29.552-0400] {processor.py:640} INFO - Processing file /Users/jl/Documents/Repos/GHC-2022-data-engineering-workshop/venv/lib/python3.8/site-packages/airflow/example_dags/example_xcom.py for tasks to queue
[2022-08-29T20:34:29.552-0400] {logging_mixin.py:115} INFO - [2022-08-29T20:34:29.552-0400] {dagbag.py:508} INFO - Filling up the DagBag from /Users/jl/Documents/Repos/GHC-2022-data-engineering-workshop/venv/lib/python3.8/site-packages/airflow/example_dags/example_xcom.py
[2022-08-29T20:34:29.595-0400] {processor.py:650} INFO - DAG(s) dict_keys(['example_xcom']) retrieved from /Users/jl/Documents/Repos/GHC-2022-data-engineering-workshop/venv/lib/python3.8/site-packages/airflow/example_dags/example_xcom.py
[2022-08-29T20:34:30.316-0400] {logging_mixin.py:115} INFO - [2022-08-29T20:34:30.316-0400] {dag.py:2429} INFO - Sync 1 DAGs
[2022-08-29T20:34:30.335-0400] {logging_mixin.py:115} INFO - [2022-08-29T20:34:30.334-0400] {dag.py:2977} INFO - Setting next_dagrun for example_xcom to 2021-01-01T00:00:00+00:00, run_after=2021-01-01T00:00:00+00:00
[2022-08-29T20:34:30.350-0400] {processor.py:161} INFO - Processing /Users/jl/Documents/Repos/GHC-2022-data-engineering-workshop/venv/lib/python3.8/site-packages/airflow/example_dags/example_xcom.py took 0.809 seconds
[2022-08-29T20:35:20.916-0400] {processor.py:153} INFO - Started process (PID=16364) to work on /Users/jl/Documents/Repos/GHC-2022-data-engineering-workshop/venv/lib/python3.8/site-packages/airflow/example_dags/example_xcom.py
[2022-08-29T20:35:20.927-0400] {processor.py:640} INFO - Processing file /Users/jl/Documents/Repos/GHC-2022-data-engineering-workshop/venv/lib/python3.8/site-packages/airflow/example_dags/example_xcom.py for tasks to queue
[2022-08-29T20:35:20.928-0400] {logging_mixin.py:115} INFO - [2022-08-29T20:35:20.928-0400] {dagbag.py:508} INFO - Filling up the DagBag from /Users/jl/Documents/Repos/GHC-2022-data-engineering-workshop/venv/lib/python3.8/site-packages/airflow/example_dags/example_xcom.py
[2022-08-29T20:35:20.970-0400] {processor.py:650} INFO - DAG(s) dict_keys(['example_xcom']) retrieved from /Users/jl/Documents/Repos/GHC-2022-data-engineering-workshop/venv/lib/python3.8/site-packages/airflow/example_dags/example_xcom.py
[2022-08-29T20:35:21.766-0400] {logging_mixin.py:115} INFO - [2022-08-29T20:35:21.766-0400] {dag.py:2429} INFO - Sync 1 DAGs
[2022-08-29T20:35:21.789-0400] {logging_mixin.py:115} INFO - [2022-08-29T20:35:21.789-0400] {dag.py:2977} INFO - Setting next_dagrun for example_xcom to 2021-01-01T00:00:00+00:00, run_after=2021-01-01T00:00:00+00:00
[2022-08-29T20:35:21.807-0400] {processor.py:161} INFO - Processing /Users/jl/Documents/Repos/GHC-2022-data-engineering-workshop/venv/lib/python3.8/site-packages/airflow/example_dags/example_xcom.py took 0.891 seconds
[2022-08-29T20:36:16.739-0400] {processor.py:153} INFO - Started process (PID=16441) to work on /Users/jl/Documents/Repos/GHC-2022-data-engineering-workshop/venv/lib/python3.8/site-packages/airflow/example_dags/example_xcom.py
[2022-08-29T20:36:16.749-0400] {processor.py:640} INFO - Processing file /Users/jl/Documents/Repos/GHC-2022-data-engineering-workshop/venv/lib/python3.8/site-packages/airflow/example_dags/example_xcom.py for tasks to queue
[2022-08-29T20:36:16.751-0400] {logging_mixin.py:115} INFO - [2022-08-29T20:36:16.750-0400] {dagbag.py:508} INFO - Filling up the DagBag from /Users/jl/Documents/Repos/GHC-2022-data-engineering-workshop/venv/lib/python3.8/site-packages/airflow/example_dags/example_xcom.py
[2022-08-29T20:36:16.794-0400] {processor.py:650} INFO - DAG(s) dict_keys(['example_xcom']) retrieved from /Users/jl/Documents/Repos/GHC-2022-data-engineering-workshop/venv/lib/python3.8/site-packages/airflow/example_dags/example_xcom.py
[2022-08-29T20:36:17.575-0400] {logging_mixin.py:115} INFO - [2022-08-29T20:36:17.575-0400] {dag.py:2429} INFO - Sync 1 DAGs
[2022-08-29T20:36:17.594-0400] {logging_mixin.py:115} INFO - [2022-08-29T20:36:17.594-0400] {dag.py:2977} INFO - Setting next_dagrun for example_xcom to 2021-01-01T00:00:00+00:00, run_after=2021-01-01T00:00:00+00:00
[2022-08-29T20:36:17.615-0400] {processor.py:161} INFO - Processing /Users/jl/Documents/Repos/GHC-2022-data-engineering-workshop/venv/lib/python3.8/site-packages/airflow/example_dags/example_xcom.py took 0.878 seconds
[2022-08-29T20:37:08.161-0400] {processor.py:153} INFO - Started process (PID=16487) to work on /Users/jl/Documents/Repos/GHC-2022-data-engineering-workshop/venv/lib/python3.8/site-packages/airflow/example_dags/example_xcom.py
[2022-08-29T20:37:08.170-0400] {processor.py:640} INFO - Processing file /Users/jl/Documents/Repos/GHC-2022-data-engineering-workshop/venv/lib/python3.8/site-packages/airflow/example_dags/example_xcom.py for tasks to queue
[2022-08-29T20:37:08.170-0400] {logging_mixin.py:115} INFO - [2022-08-29T20:37:08.170-0400] {dagbag.py:508} INFO - Filling up the DagBag from /Users/jl/Documents/Repos/GHC-2022-data-engineering-workshop/venv/lib/python3.8/site-packages/airflow/example_dags/example_xcom.py
[2022-08-29T20:37:08.219-0400] {processor.py:650} INFO - DAG(s) dict_keys(['example_xcom']) retrieved from /Users/jl/Documents/Repos/GHC-2022-data-engineering-workshop/venv/lib/python3.8/site-packages/airflow/example_dags/example_xcom.py
[2022-08-29T20:37:09.083-0400] {logging_mixin.py:115} INFO - [2022-08-29T20:37:09.083-0400] {dag.py:2429} INFO - Sync 1 DAGs
[2022-08-29T20:37:09.104-0400] {logging_mixin.py:115} INFO - [2022-08-29T20:37:09.104-0400] {dag.py:2977} INFO - Setting next_dagrun for example_xcom to 2021-01-01T00:00:00+00:00, run_after=2021-01-01T00:00:00+00:00
[2022-08-29T20:37:09.121-0400] {processor.py:161} INFO - Processing /Users/jl/Documents/Repos/GHC-2022-data-engineering-workshop/venv/lib/python3.8/site-packages/airflow/example_dags/example_xcom.py took 0.961 seconds
[2022-08-29T20:38:10.554-0400] {processor.py:153} INFO - Started process (PID=16553) to work on /Users/jl/Documents/Repos/GHC-2022-data-engineering-workshop/venv/lib/python3.8/site-packages/airflow/example_dags/example_xcom.py
[2022-08-29T20:38:10.563-0400] {processor.py:640} INFO - Processing file /Users/jl/Documents/Repos/GHC-2022-data-engineering-workshop/venv/lib/python3.8/site-packages/airflow/example_dags/example_xcom.py for tasks to queue
[2022-08-29T20:38:10.564-0400] {logging_mixin.py:115} INFO - [2022-08-29T20:38:10.563-0400] {dagbag.py:508} INFO - Filling up the DagBag from /Users/jl/Documents/Repos/GHC-2022-data-engineering-workshop/venv/lib/python3.8/site-packages/airflow/example_dags/example_xcom.py
[2022-08-29T20:38:10.608-0400] {processor.py:650} INFO - DAG(s) dict_keys(['example_xcom']) retrieved from /Users/jl/Documents/Repos/GHC-2022-data-engineering-workshop/venv/lib/python3.8/site-packages/airflow/example_dags/example_xcom.py
[2022-08-29T20:38:11.640-0400] {logging_mixin.py:115} INFO - [2022-08-29T20:38:11.639-0400] {dag.py:2429} INFO - Sync 1 DAGs
[2022-08-29T20:38:11.673-0400] {logging_mixin.py:115} INFO - [2022-08-29T20:38:11.673-0400] {dag.py:2977} INFO - Setting next_dagrun for example_xcom to 2021-01-01T00:00:00+00:00, run_after=2021-01-01T00:00:00+00:00
[2022-08-29T20:38:11.700-0400] {processor.py:161} INFO - Processing /Users/jl/Documents/Repos/GHC-2022-data-engineering-workshop/venv/lib/python3.8/site-packages/airflow/example_dags/example_xcom.py took 1.146 seconds
[2022-08-29T20:39:09.956-0400] {processor.py:153} INFO - Started process (PID=16607) to work on /Users/jl/Documents/Repos/GHC-2022-data-engineering-workshop/venv/lib/python3.8/site-packages/airflow/example_dags/example_xcom.py
[2022-08-29T20:39:09.965-0400] {processor.py:640} INFO - Processing file /Users/jl/Documents/Repos/GHC-2022-data-engineering-workshop/venv/lib/python3.8/site-packages/airflow/example_dags/example_xcom.py for tasks to queue
[2022-08-29T20:39:09.966-0400] {logging_mixin.py:115} INFO - [2022-08-29T20:39:09.965-0400] {dagbag.py:508} INFO - Filling up the DagBag from /Users/jl/Documents/Repos/GHC-2022-data-engineering-workshop/venv/lib/python3.8/site-packages/airflow/example_dags/example_xcom.py
[2022-08-29T20:39:10.008-0400] {processor.py:650} INFO - DAG(s) dict_keys(['example_xcom']) retrieved from /Users/jl/Documents/Repos/GHC-2022-data-engineering-workshop/venv/lib/python3.8/site-packages/airflow/example_dags/example_xcom.py
[2022-08-29T20:39:11.231-0400] {logging_mixin.py:115} INFO - [2022-08-29T20:39:11.230-0400] {dag.py:2429} INFO - Sync 1 DAGs
[2022-08-29T20:39:11.265-0400] {logging_mixin.py:115} INFO - [2022-08-29T20:39:11.265-0400] {dag.py:2977} INFO - Setting next_dagrun for example_xcom to 2021-01-01T00:00:00+00:00, run_after=2021-01-01T00:00:00+00:00
[2022-08-29T20:39:11.299-0400] {processor.py:161} INFO - Processing /Users/jl/Documents/Repos/GHC-2022-data-engineering-workshop/venv/lib/python3.8/site-packages/airflow/example_dags/example_xcom.py took 1.345 seconds
[2022-08-29T20:40:07.537-0400] {processor.py:153} INFO - Started process (PID=16654) to work on /Users/jl/Documents/Repos/GHC-2022-data-engineering-workshop/venv/lib/python3.8/site-packages/airflow/example_dags/example_xcom.py
[2022-08-29T20:40:07.545-0400] {processor.py:640} INFO - Processing file /Users/jl/Documents/Repos/GHC-2022-data-engineering-workshop/venv/lib/python3.8/site-packages/airflow/example_dags/example_xcom.py for tasks to queue
[2022-08-29T20:40:07.546-0400] {logging_mixin.py:115} INFO - [2022-08-29T20:40:07.546-0400] {dagbag.py:508} INFO - Filling up the DagBag from /Users/jl/Documents/Repos/GHC-2022-data-engineering-workshop/venv/lib/python3.8/site-packages/airflow/example_dags/example_xcom.py
[2022-08-29T20:40:07.586-0400] {processor.py:650} INFO - DAG(s) dict_keys(['example_xcom']) retrieved from /Users/jl/Documents/Repos/GHC-2022-data-engineering-workshop/venv/lib/python3.8/site-packages/airflow/example_dags/example_xcom.py
[2022-08-29T20:40:08.298-0400] {logging_mixin.py:115} INFO - [2022-08-29T20:40:08.298-0400] {dag.py:2429} INFO - Sync 1 DAGs
[2022-08-29T20:40:08.317-0400] {logging_mixin.py:115} INFO - [2022-08-29T20:40:08.316-0400] {dag.py:2977} INFO - Setting next_dagrun for example_xcom to 2021-01-01T00:00:00+00:00, run_after=2021-01-01T00:00:00+00:00
[2022-08-29T20:40:08.333-0400] {processor.py:161} INFO - Processing /Users/jl/Documents/Repos/GHC-2022-data-engineering-workshop/venv/lib/python3.8/site-packages/airflow/example_dags/example_xcom.py took 0.797 seconds
[2022-08-29T20:41:53.402-0400] {processor.py:153} INFO - Started process (PID=16749) to work on /Users/jl/Documents/Repos/GHC-2022-data-engineering-workshop/venv/lib/python3.8/site-packages/airflow/example_dags/example_xcom.py
[2022-08-29T20:41:53.414-0400] {processor.py:640} INFO - Processing file /Users/jl/Documents/Repos/GHC-2022-data-engineering-workshop/venv/lib/python3.8/site-packages/airflow/example_dags/example_xcom.py for tasks to queue
[2022-08-29T20:41:53.415-0400] {logging_mixin.py:115} INFO - [2022-08-29T20:41:53.415-0400] {dagbag.py:508} INFO - Filling up the DagBag from /Users/jl/Documents/Repos/GHC-2022-data-engineering-workshop/venv/lib/python3.8/site-packages/airflow/example_dags/example_xcom.py
[2022-08-29T20:41:53.471-0400] {processor.py:650} INFO - DAG(s) dict_keys(['example_xcom']) retrieved from /Users/jl/Documents/Repos/GHC-2022-data-engineering-workshop/venv/lib/python3.8/site-packages/airflow/example_dags/example_xcom.py
[2022-08-29T20:41:54.334-0400] {logging_mixin.py:115} INFO - [2022-08-29T20:41:54.334-0400] {dag.py:2429} INFO - Sync 1 DAGs
[2022-08-29T20:41:54.356-0400] {logging_mixin.py:115} INFO - [2022-08-29T20:41:54.355-0400] {dag.py:2977} INFO - Setting next_dagrun for example_xcom to 2021-01-01T00:00:00+00:00, run_after=2021-01-01T00:00:00+00:00
[2022-08-29T20:41:54.371-0400] {processor.py:161} INFO - Processing /Users/jl/Documents/Repos/GHC-2022-data-engineering-workshop/venv/lib/python3.8/site-packages/airflow/example_dags/example_xcom.py took 0.971 seconds
[2022-08-29T20:42:51.055-0400] {processor.py:153} INFO - Started process (PID=16801) to work on /Users/jl/Documents/Repos/GHC-2022-data-engineering-workshop/venv/lib/python3.8/site-packages/airflow/example_dags/example_xcom.py
[2022-08-29T20:42:51.064-0400] {processor.py:640} INFO - Processing file /Users/jl/Documents/Repos/GHC-2022-data-engineering-workshop/venv/lib/python3.8/site-packages/airflow/example_dags/example_xcom.py for tasks to queue
[2022-08-29T20:42:51.065-0400] {logging_mixin.py:115} INFO - [2022-08-29T20:42:51.065-0400] {dagbag.py:508} INFO - Filling up the DagBag from /Users/jl/Documents/Repos/GHC-2022-data-engineering-workshop/venv/lib/python3.8/site-packages/airflow/example_dags/example_xcom.py
[2022-08-29T20:42:51.107-0400] {processor.py:650} INFO - DAG(s) dict_keys(['example_xcom']) retrieved from /Users/jl/Documents/Repos/GHC-2022-data-engineering-workshop/venv/lib/python3.8/site-packages/airflow/example_dags/example_xcom.py
[2022-08-29T20:42:51.855-0400] {logging_mixin.py:115} INFO - [2022-08-29T20:42:51.854-0400] {dag.py:2429} INFO - Sync 1 DAGs
[2022-08-29T20:42:51.873-0400] {logging_mixin.py:115} INFO - [2022-08-29T20:42:51.873-0400] {dag.py:2977} INFO - Setting next_dagrun for example_xcom to 2021-01-01T00:00:00+00:00, run_after=2021-01-01T00:00:00+00:00
[2022-08-29T20:42:51.890-0400] {processor.py:161} INFO - Processing /Users/jl/Documents/Repos/GHC-2022-data-engineering-workshop/venv/lib/python3.8/site-packages/airflow/example_dags/example_xcom.py took 0.836 seconds
[2022-08-29T20:43:46.898-0400] {processor.py:153} INFO - Started process (PID=16847) to work on /Users/jl/Documents/Repos/GHC-2022-data-engineering-workshop/venv/lib/python3.8/site-packages/airflow/example_dags/example_xcom.py
[2022-08-29T20:43:46.908-0400] {processor.py:640} INFO - Processing file /Users/jl/Documents/Repos/GHC-2022-data-engineering-workshop/venv/lib/python3.8/site-packages/airflow/example_dags/example_xcom.py for tasks to queue
[2022-08-29T20:43:46.909-0400] {logging_mixin.py:115} INFO - [2022-08-29T20:43:46.909-0400] {dagbag.py:508} INFO - Filling up the DagBag from /Users/jl/Documents/Repos/GHC-2022-data-engineering-workshop/venv/lib/python3.8/site-packages/airflow/example_dags/example_xcom.py
[2022-08-29T20:43:46.958-0400] {processor.py:650} INFO - DAG(s) dict_keys(['example_xcom']) retrieved from /Users/jl/Documents/Repos/GHC-2022-data-engineering-workshop/venv/lib/python3.8/site-packages/airflow/example_dags/example_xcom.py
[2022-08-29T20:43:48.081-0400] {logging_mixin.py:115} INFO - [2022-08-29T20:43:48.080-0400] {dag.py:2429} INFO - Sync 1 DAGs
[2022-08-29T20:43:48.113-0400] {logging_mixin.py:115} INFO - [2022-08-29T20:43:48.113-0400] {dag.py:2977} INFO - Setting next_dagrun for example_xcom to 2021-01-01T00:00:00+00:00, run_after=2021-01-01T00:00:00+00:00
[2022-08-29T20:43:48.240-0400] {processor.py:161} INFO - Processing /Users/jl/Documents/Repos/GHC-2022-data-engineering-workshop/venv/lib/python3.8/site-packages/airflow/example_dags/example_xcom.py took 1.344 seconds
[2022-08-29T20:44:46.953-0400] {processor.py:153} INFO - Started process (PID=16901) to work on /Users/jl/Documents/Repos/GHC-2022-data-engineering-workshop/venv/lib/python3.8/site-packages/airflow/example_dags/example_xcom.py
[2022-08-29T20:44:46.963-0400] {processor.py:640} INFO - Processing file /Users/jl/Documents/Repos/GHC-2022-data-engineering-workshop/venv/lib/python3.8/site-packages/airflow/example_dags/example_xcom.py for tasks to queue
[2022-08-29T20:44:46.964-0400] {logging_mixin.py:115} INFO - [2022-08-29T20:44:46.964-0400] {dagbag.py:508} INFO - Filling up the DagBag from /Users/jl/Documents/Repos/GHC-2022-data-engineering-workshop/venv/lib/python3.8/site-packages/airflow/example_dags/example_xcom.py
[2022-08-29T20:44:47.016-0400] {processor.py:650} INFO - DAG(s) dict_keys(['example_xcom']) retrieved from /Users/jl/Documents/Repos/GHC-2022-data-engineering-workshop/venv/lib/python3.8/site-packages/airflow/example_dags/example_xcom.py
[2022-08-29T20:44:47.857-0400] {logging_mixin.py:115} INFO - [2022-08-29T20:44:47.856-0400] {dag.py:2429} INFO - Sync 1 DAGs
[2022-08-29T20:44:47.927-0400] {logging_mixin.py:115} INFO - [2022-08-29T20:44:47.912-0400] {dag.py:2977} INFO - Setting next_dagrun for example_xcom to 2021-01-01T00:00:00+00:00, run_after=2021-01-01T00:00:00+00:00
[2022-08-29T20:44:47.965-0400] {processor.py:161} INFO - Processing /Users/jl/Documents/Repos/GHC-2022-data-engineering-workshop/venv/lib/python3.8/site-packages/airflow/example_dags/example_xcom.py took 1.013 seconds
[2022-08-29T20:45:40.706-0400] {processor.py:153} INFO - Started process (PID=16954) to work on /Users/jl/Documents/Repos/GHC-2022-data-engineering-workshop/venv/lib/python3.8/site-packages/airflow/example_dags/example_xcom.py
[2022-08-29T20:45:40.714-0400] {processor.py:640} INFO - Processing file /Users/jl/Documents/Repos/GHC-2022-data-engineering-workshop/venv/lib/python3.8/site-packages/airflow/example_dags/example_xcom.py for tasks to queue
[2022-08-29T20:45:40.715-0400] {logging_mixin.py:115} INFO - [2022-08-29T20:45:40.715-0400] {dagbag.py:508} INFO - Filling up the DagBag from /Users/jl/Documents/Repos/GHC-2022-data-engineering-workshop/venv/lib/python3.8/site-packages/airflow/example_dags/example_xcom.py
[2022-08-29T20:45:40.758-0400] {processor.py:650} INFO - DAG(s) dict_keys(['example_xcom']) retrieved from /Users/jl/Documents/Repos/GHC-2022-data-engineering-workshop/venv/lib/python3.8/site-packages/airflow/example_dags/example_xcom.py
[2022-08-29T20:45:41.517-0400] {logging_mixin.py:115} INFO - [2022-08-29T20:45:41.517-0400] {dag.py:2429} INFO - Sync 1 DAGs
[2022-08-29T20:45:41.536-0400] {logging_mixin.py:115} INFO - [2022-08-29T20:45:41.535-0400] {dag.py:2977} INFO - Setting next_dagrun for example_xcom to 2021-01-01T00:00:00+00:00, run_after=2021-01-01T00:00:00+00:00
[2022-08-29T20:45:41.552-0400] {processor.py:161} INFO - Processing /Users/jl/Documents/Repos/GHC-2022-data-engineering-workshop/venv/lib/python3.8/site-packages/airflow/example_dags/example_xcom.py took 0.847 seconds
[2022-08-29T20:47:21.397-0400] {processor.py:153} INFO - Started process (PID=17046) to work on /Users/jl/Documents/Repos/GHC-2022-data-engineering-workshop/venv/lib/python3.8/site-packages/airflow/example_dags/example_xcom.py
[2022-08-29T20:47:21.408-0400] {processor.py:640} INFO - Processing file /Users/jl/Documents/Repos/GHC-2022-data-engineering-workshop/venv/lib/python3.8/site-packages/airflow/example_dags/example_xcom.py for tasks to queue
[2022-08-29T20:47:21.409-0400] {logging_mixin.py:115} INFO - [2022-08-29T20:47:21.408-0400] {dagbag.py:508} INFO - Filling up the DagBag from /Users/jl/Documents/Repos/GHC-2022-data-engineering-workshop/venv/lib/python3.8/site-packages/airflow/example_dags/example_xcom.py
[2022-08-29T20:47:21.455-0400] {processor.py:650} INFO - DAG(s) dict_keys(['example_xcom']) retrieved from /Users/jl/Documents/Repos/GHC-2022-data-engineering-workshop/venv/lib/python3.8/site-packages/airflow/example_dags/example_xcom.py
[2022-08-29T20:47:22.327-0400] {logging_mixin.py:115} INFO - [2022-08-29T20:47:22.327-0400] {dag.py:2429} INFO - Sync 1 DAGs
[2022-08-29T20:47:22.349-0400] {logging_mixin.py:115} INFO - [2022-08-29T20:47:22.349-0400] {dag.py:2977} INFO - Setting next_dagrun for example_xcom to 2021-01-01T00:00:00+00:00, run_after=2021-01-01T00:00:00+00:00
[2022-08-29T20:47:22.364-0400] {processor.py:161} INFO - Processing /Users/jl/Documents/Repos/GHC-2022-data-engineering-workshop/venv/lib/python3.8/site-packages/airflow/example_dags/example_xcom.py took 0.969 seconds
[2022-08-29T20:48:22.366-0400] {processor.py:153} INFO - Started process (PID=17099) to work on /Users/jl/Documents/Repos/GHC-2022-data-engineering-workshop/venv/lib/python3.8/site-packages/airflow/example_dags/example_xcom.py
[2022-08-29T20:48:22.377-0400] {processor.py:640} INFO - Processing file /Users/jl/Documents/Repos/GHC-2022-data-engineering-workshop/venv/lib/python3.8/site-packages/airflow/example_dags/example_xcom.py for tasks to queue
[2022-08-29T20:48:22.380-0400] {logging_mixin.py:115} INFO - [2022-08-29T20:48:22.380-0400] {dagbag.py:508} INFO - Filling up the DagBag from /Users/jl/Documents/Repos/GHC-2022-data-engineering-workshop/venv/lib/python3.8/site-packages/airflow/example_dags/example_xcom.py
[2022-08-29T20:48:22.440-0400] {processor.py:650} INFO - DAG(s) dict_keys(['example_xcom']) retrieved from /Users/jl/Documents/Repos/GHC-2022-data-engineering-workshop/venv/lib/python3.8/site-packages/airflow/example_dags/example_xcom.py
[2022-08-29T20:48:23.202-0400] {logging_mixin.py:115} INFO - [2022-08-29T20:48:23.202-0400] {dag.py:2429} INFO - Sync 1 DAGs
[2022-08-29T20:48:23.222-0400] {logging_mixin.py:115} INFO - [2022-08-29T20:48:23.221-0400] {dag.py:2977} INFO - Setting next_dagrun for example_xcom to 2021-01-01T00:00:00+00:00, run_after=2021-01-01T00:00:00+00:00
[2022-08-29T20:48:23.238-0400] {processor.py:161} INFO - Processing /Users/jl/Documents/Repos/GHC-2022-data-engineering-workshop/venv/lib/python3.8/site-packages/airflow/example_dags/example_xcom.py took 0.873 seconds
[2022-08-29T20:49:18.786-0400] {processor.py:153} INFO - Started process (PID=17147) to work on /Users/jl/Documents/Repos/GHC-2022-data-engineering-workshop/venv/lib/python3.8/site-packages/airflow/example_dags/example_xcom.py
[2022-08-29T20:49:18.794-0400] {processor.py:640} INFO - Processing file /Users/jl/Documents/Repos/GHC-2022-data-engineering-workshop/venv/lib/python3.8/site-packages/airflow/example_dags/example_xcom.py for tasks to queue
[2022-08-29T20:49:18.795-0400] {logging_mixin.py:115} INFO - [2022-08-29T20:49:18.795-0400] {dagbag.py:508} INFO - Filling up the DagBag from /Users/jl/Documents/Repos/GHC-2022-data-engineering-workshop/venv/lib/python3.8/site-packages/airflow/example_dags/example_xcom.py
[2022-08-29T20:49:18.835-0400] {processor.py:650} INFO - DAG(s) dict_keys(['example_xcom']) retrieved from /Users/jl/Documents/Repos/GHC-2022-data-engineering-workshop/venv/lib/python3.8/site-packages/airflow/example_dags/example_xcom.py
[2022-08-29T20:49:19.558-0400] {logging_mixin.py:115} INFO - [2022-08-29T20:49:19.557-0400] {dag.py:2429} INFO - Sync 1 DAGs
[2022-08-29T20:49:19.576-0400] {logging_mixin.py:115} INFO - [2022-08-29T20:49:19.576-0400] {dag.py:2977} INFO - Setting next_dagrun for example_xcom to 2021-01-01T00:00:00+00:00, run_after=2021-01-01T00:00:00+00:00
[2022-08-29T20:49:19.592-0400] {processor.py:161} INFO - Processing /Users/jl/Documents/Repos/GHC-2022-data-engineering-workshop/venv/lib/python3.8/site-packages/airflow/example_dags/example_xcom.py took 0.807 seconds
[2022-08-29T20:50:54.981-0400] {processor.py:153} INFO - Started process (PID=17235) to work on /Users/jl/Documents/Repos/GHC-2022-data-engineering-workshop/venv/lib/python3.8/site-packages/airflow/example_dags/example_xcom.py
[2022-08-29T20:50:54.990-0400] {processor.py:640} INFO - Processing file /Users/jl/Documents/Repos/GHC-2022-data-engineering-workshop/venv/lib/python3.8/site-packages/airflow/example_dags/example_xcom.py for tasks to queue
[2022-08-29T20:50:54.991-0400] {logging_mixin.py:115} INFO - [2022-08-29T20:50:54.991-0400] {dagbag.py:508} INFO - Filling up the DagBag from /Users/jl/Documents/Repos/GHC-2022-data-engineering-workshop/venv/lib/python3.8/site-packages/airflow/example_dags/example_xcom.py
[2022-08-29T20:50:55.030-0400] {processor.py:650} INFO - DAG(s) dict_keys(['example_xcom']) retrieved from /Users/jl/Documents/Repos/GHC-2022-data-engineering-workshop/venv/lib/python3.8/site-packages/airflow/example_dags/example_xcom.py
[2022-08-29T20:50:55.740-0400] {logging_mixin.py:115} INFO - [2022-08-29T20:50:55.740-0400] {dag.py:2429} INFO - Sync 1 DAGs
[2022-08-29T20:50:55.758-0400] {logging_mixin.py:115} INFO - [2022-08-29T20:50:55.758-0400] {dag.py:2977} INFO - Setting next_dagrun for example_xcom to 2021-01-01T00:00:00+00:00, run_after=2021-01-01T00:00:00+00:00
[2022-08-29T20:50:55.774-0400] {processor.py:161} INFO - Processing /Users/jl/Documents/Repos/GHC-2022-data-engineering-workshop/venv/lib/python3.8/site-packages/airflow/example_dags/example_xcom.py took 0.794 seconds
[2022-08-29T20:52:32.210-0400] {processor.py:153} INFO - Started process (PID=17326) to work on /Users/jl/Documents/Repos/GHC-2022-data-engineering-workshop/venv/lib/python3.8/site-packages/airflow/example_dags/example_xcom.py
[2022-08-29T20:52:32.218-0400] {processor.py:640} INFO - Processing file /Users/jl/Documents/Repos/GHC-2022-data-engineering-workshop/venv/lib/python3.8/site-packages/airflow/example_dags/example_xcom.py for tasks to queue
[2022-08-29T20:52:32.219-0400] {logging_mixin.py:115} INFO - [2022-08-29T20:52:32.218-0400] {dagbag.py:508} INFO - Filling up the DagBag from /Users/jl/Documents/Repos/GHC-2022-data-engineering-workshop/venv/lib/python3.8/site-packages/airflow/example_dags/example_xcom.py
[2022-08-29T20:52:32.258-0400] {processor.py:650} INFO - DAG(s) dict_keys(['example_xcom']) retrieved from /Users/jl/Documents/Repos/GHC-2022-data-engineering-workshop/venv/lib/python3.8/site-packages/airflow/example_dags/example_xcom.py
[2022-08-29T20:52:32.968-0400] {logging_mixin.py:115} INFO - [2022-08-29T20:52:32.967-0400] {dag.py:2429} INFO - Sync 1 DAGs
[2022-08-29T20:52:32.987-0400] {logging_mixin.py:115} INFO - [2022-08-29T20:52:32.987-0400] {dag.py:2977} INFO - Setting next_dagrun for example_xcom to 2021-01-01T00:00:00+00:00, run_after=2021-01-01T00:00:00+00:00
[2022-08-29T20:52:33.006-0400] {processor.py:161} INFO - Processing /Users/jl/Documents/Repos/GHC-2022-data-engineering-workshop/venv/lib/python3.8/site-packages/airflow/example_dags/example_xcom.py took 0.797 seconds
[2022-08-29T20:54:29.072-0400] {processor.py:153} INFO - Started process (PID=17419) to work on /Users/jl/Documents/Repos/GHC-2022-data-engineering-workshop/venv/lib/python3.8/site-packages/airflow/example_dags/example_xcom.py
[2022-08-29T20:54:29.087-0400] {processor.py:640} INFO - Processing file /Users/jl/Documents/Repos/GHC-2022-data-engineering-workshop/venv/lib/python3.8/site-packages/airflow/example_dags/example_xcom.py for tasks to queue
[2022-08-29T20:54:29.087-0400] {logging_mixin.py:115} INFO - [2022-08-29T20:54:29.087-0400] {dagbag.py:508} INFO - Filling up the DagBag from /Users/jl/Documents/Repos/GHC-2022-data-engineering-workshop/venv/lib/python3.8/site-packages/airflow/example_dags/example_xcom.py
[2022-08-29T20:54:29.169-0400] {processor.py:650} INFO - DAG(s) dict_keys(['example_xcom']) retrieved from /Users/jl/Documents/Repos/GHC-2022-data-engineering-workshop/venv/lib/python3.8/site-packages/airflow/example_dags/example_xcom.py
[2022-08-29T20:54:30.099-0400] {logging_mixin.py:115} INFO - [2022-08-29T20:54:30.099-0400] {dag.py:2429} INFO - Sync 1 DAGs
[2022-08-29T20:54:30.128-0400] {logging_mixin.py:115} INFO - [2022-08-29T20:54:30.127-0400] {dag.py:2977} INFO - Setting next_dagrun for example_xcom to 2021-01-01T00:00:00+00:00, run_after=2021-01-01T00:00:00+00:00
[2022-08-29T20:54:30.150-0400] {processor.py:161} INFO - Processing /Users/jl/Documents/Repos/GHC-2022-data-engineering-workshop/venv/lib/python3.8/site-packages/airflow/example_dags/example_xcom.py took 1.079 seconds
[2022-08-29T20:55:30.203-0400] {processor.py:153} INFO - Started process (PID=17470) to work on /Users/jl/Documents/Repos/GHC-2022-data-engineering-workshop/venv/lib/python3.8/site-packages/airflow/example_dags/example_xcom.py
[2022-08-29T20:55:30.211-0400] {processor.py:640} INFO - Processing file /Users/jl/Documents/Repos/GHC-2022-data-engineering-workshop/venv/lib/python3.8/site-packages/airflow/example_dags/example_xcom.py for tasks to queue
[2022-08-29T20:55:30.212-0400] {logging_mixin.py:115} INFO - [2022-08-29T20:55:30.211-0400] {dagbag.py:508} INFO - Filling up the DagBag from /Users/jl/Documents/Repos/GHC-2022-data-engineering-workshop/venv/lib/python3.8/site-packages/airflow/example_dags/example_xcom.py
[2022-08-29T20:55:30.252-0400] {processor.py:650} INFO - DAG(s) dict_keys(['example_xcom']) retrieved from /Users/jl/Documents/Repos/GHC-2022-data-engineering-workshop/venv/lib/python3.8/site-packages/airflow/example_dags/example_xcom.py
[2022-08-29T20:55:30.967-0400] {logging_mixin.py:115} INFO - [2022-08-29T20:55:30.966-0400] {dag.py:2429} INFO - Sync 1 DAGs
[2022-08-29T20:55:30.985-0400] {logging_mixin.py:115} INFO - [2022-08-29T20:55:30.984-0400] {dag.py:2977} INFO - Setting next_dagrun for example_xcom to 2021-01-01T00:00:00+00:00, run_after=2021-01-01T00:00:00+00:00
[2022-08-29T20:55:31.001-0400] {processor.py:161} INFO - Processing /Users/jl/Documents/Repos/GHC-2022-data-engineering-workshop/venv/lib/python3.8/site-packages/airflow/example_dags/example_xcom.py took 0.799 seconds
[2022-08-29T20:57:12.559-0400] {processor.py:153} INFO - Started process (PID=17561) to work on /Users/jl/Documents/Repos/GHC-2022-data-engineering-workshop/venv/lib/python3.8/site-packages/airflow/example_dags/example_xcom.py
[2022-08-29T20:57:12.568-0400] {processor.py:640} INFO - Processing file /Users/jl/Documents/Repos/GHC-2022-data-engineering-workshop/venv/lib/python3.8/site-packages/airflow/example_dags/example_xcom.py for tasks to queue
[2022-08-29T20:57:12.569-0400] {logging_mixin.py:115} INFO - [2022-08-29T20:57:12.568-0400] {dagbag.py:508} INFO - Filling up the DagBag from /Users/jl/Documents/Repos/GHC-2022-data-engineering-workshop/venv/lib/python3.8/site-packages/airflow/example_dags/example_xcom.py
[2022-08-29T20:57:12.612-0400] {processor.py:650} INFO - DAG(s) dict_keys(['example_xcom']) retrieved from /Users/jl/Documents/Repos/GHC-2022-data-engineering-workshop/venv/lib/python3.8/site-packages/airflow/example_dags/example_xcom.py
[2022-08-29T20:57:13.805-0400] {logging_mixin.py:115} INFO - [2022-08-29T20:57:13.804-0400] {dag.py:2429} INFO - Sync 1 DAGs
[2022-08-29T20:57:13.832-0400] {logging_mixin.py:115} INFO - [2022-08-29T20:57:13.832-0400] {dag.py:2977} INFO - Setting next_dagrun for example_xcom to 2021-01-01T00:00:00+00:00, run_after=2021-01-01T00:00:00+00:00
[2022-08-29T20:57:13.857-0400] {processor.py:161} INFO - Processing /Users/jl/Documents/Repos/GHC-2022-data-engineering-workshop/venv/lib/python3.8/site-packages/airflow/example_dags/example_xcom.py took 1.299 seconds
[2022-08-29T20:58:24.812-0400] {processor.py:153} INFO - Started process (PID=17620) to work on /Users/jl/Documents/Repos/GHC-2022-data-engineering-workshop/venv/lib/python3.8/site-packages/airflow/example_dags/example_xcom.py
[2022-08-29T20:58:24.829-0400] {processor.py:640} INFO - Processing file /Users/jl/Documents/Repos/GHC-2022-data-engineering-workshop/venv/lib/python3.8/site-packages/airflow/example_dags/example_xcom.py for tasks to queue
[2022-08-29T20:58:24.830-0400] {logging_mixin.py:115} INFO - [2022-08-29T20:58:24.830-0400] {dagbag.py:508} INFO - Filling up the DagBag from /Users/jl/Documents/Repos/GHC-2022-data-engineering-workshop/venv/lib/python3.8/site-packages/airflow/example_dags/example_xcom.py
[2022-08-29T20:58:24.925-0400] {processor.py:650} INFO - DAG(s) dict_keys(['example_xcom']) retrieved from /Users/jl/Documents/Repos/GHC-2022-data-engineering-workshop/venv/lib/python3.8/site-packages/airflow/example_dags/example_xcom.py
[2022-08-29T20:58:25.745-0400] {logging_mixin.py:115} INFO - [2022-08-29T20:58:25.744-0400] {dag.py:2429} INFO - Sync 1 DAGs
[2022-08-29T20:58:25.782-0400] {logging_mixin.py:115} INFO - [2022-08-29T20:58:25.782-0400] {dag.py:2977} INFO - Setting next_dagrun for example_xcom to 2021-01-01T00:00:00+00:00, run_after=2021-01-01T00:00:00+00:00
[2022-08-29T20:58:25.837-0400] {processor.py:161} INFO - Processing /Users/jl/Documents/Repos/GHC-2022-data-engineering-workshop/venv/lib/python3.8/site-packages/airflow/example_dags/example_xcom.py took 1.027 seconds
[2022-08-29T20:59:38.148-0400] {processor.py:153} INFO - Started process (PID=17699) to work on /Users/jl/Documents/Repos/GHC-2022-data-engineering-workshop/venv/lib/python3.8/site-packages/airflow/example_dags/example_xcom.py
[2022-08-29T20:59:38.172-0400] {processor.py:640} INFO - Processing file /Users/jl/Documents/Repos/GHC-2022-data-engineering-workshop/venv/lib/python3.8/site-packages/airflow/example_dags/example_xcom.py for tasks to queue
[2022-08-29T20:59:38.174-0400] {logging_mixin.py:115} INFO - [2022-08-29T20:59:38.174-0400] {dagbag.py:508} INFO - Filling up the DagBag from /Users/jl/Documents/Repos/GHC-2022-data-engineering-workshop/venv/lib/python3.8/site-packages/airflow/example_dags/example_xcom.py
[2022-08-29T20:59:38.242-0400] {processor.py:650} INFO - DAG(s) dict_keys(['example_xcom']) retrieved from /Users/jl/Documents/Repos/GHC-2022-data-engineering-workshop/venv/lib/python3.8/site-packages/airflow/example_dags/example_xcom.py
[2022-08-29T20:59:39.015-0400] {logging_mixin.py:115} INFO - [2022-08-29T20:59:39.014-0400] {dag.py:2429} INFO - Sync 1 DAGs
[2022-08-29T20:59:39.036-0400] {logging_mixin.py:115} INFO - [2022-08-29T20:59:39.036-0400] {dag.py:2977} INFO - Setting next_dagrun for example_xcom to 2021-01-01T00:00:00+00:00, run_after=2021-01-01T00:00:00+00:00
[2022-08-29T20:59:39.053-0400] {processor.py:161} INFO - Processing /Users/jl/Documents/Repos/GHC-2022-data-engineering-workshop/venv/lib/python3.8/site-packages/airflow/example_dags/example_xcom.py took 0.908 seconds
[2022-08-29T21:00:35.926-0400] {processor.py:153} INFO - Started process (PID=17763) to work on /Users/jl/Documents/Repos/GHC-2022-data-engineering-workshop/venv/lib/python3.8/site-packages/airflow/example_dags/example_xcom.py
[2022-08-29T21:00:35.939-0400] {processor.py:640} INFO - Processing file /Users/jl/Documents/Repos/GHC-2022-data-engineering-workshop/venv/lib/python3.8/site-packages/airflow/example_dags/example_xcom.py for tasks to queue
[2022-08-29T21:00:35.939-0400] {logging_mixin.py:115} INFO - [2022-08-29T21:00:35.939-0400] {dagbag.py:508} INFO - Filling up the DagBag from /Users/jl/Documents/Repos/GHC-2022-data-engineering-workshop/venv/lib/python3.8/site-packages/airflow/example_dags/example_xcom.py
[2022-08-29T21:00:35.989-0400] {processor.py:650} INFO - DAG(s) dict_keys(['example_xcom']) retrieved from /Users/jl/Documents/Repos/GHC-2022-data-engineering-workshop/venv/lib/python3.8/site-packages/airflow/example_dags/example_xcom.py
[2022-08-29T21:00:37.027-0400] {logging_mixin.py:115} INFO - [2022-08-29T21:00:37.027-0400] {dag.py:2429} INFO - Sync 1 DAGs
[2022-08-29T21:00:37.051-0400] {logging_mixin.py:115} INFO - [2022-08-29T21:00:37.051-0400] {dag.py:2977} INFO - Setting next_dagrun for example_xcom to 2021-01-01T00:00:00+00:00, run_after=2021-01-01T00:00:00+00:00
[2022-08-29T21:00:37.073-0400] {processor.py:161} INFO - Processing /Users/jl/Documents/Repos/GHC-2022-data-engineering-workshop/venv/lib/python3.8/site-packages/airflow/example_dags/example_xcom.py took 1.148 seconds
[2022-08-29T21:01:34.476-0400] {processor.py:153} INFO - Started process (PID=17820) to work on /Users/jl/Documents/Repos/GHC-2022-data-engineering-workshop/venv/lib/python3.8/site-packages/airflow/example_dags/example_xcom.py
[2022-08-29T21:01:34.484-0400] {processor.py:640} INFO - Processing file /Users/jl/Documents/Repos/GHC-2022-data-engineering-workshop/venv/lib/python3.8/site-packages/airflow/example_dags/example_xcom.py for tasks to queue
[2022-08-29T21:01:34.485-0400] {logging_mixin.py:115} INFO - [2022-08-29T21:01:34.484-0400] {dagbag.py:508} INFO - Filling up the DagBag from /Users/jl/Documents/Repos/GHC-2022-data-engineering-workshop/venv/lib/python3.8/site-packages/airflow/example_dags/example_xcom.py
[2022-08-29T21:01:34.524-0400] {processor.py:650} INFO - DAG(s) dict_keys(['example_xcom']) retrieved from /Users/jl/Documents/Repos/GHC-2022-data-engineering-workshop/venv/lib/python3.8/site-packages/airflow/example_dags/example_xcom.py
[2022-08-29T21:01:35.244-0400] {logging_mixin.py:115} INFO - [2022-08-29T21:01:35.243-0400] {dag.py:2429} INFO - Sync 1 DAGs
[2022-08-29T21:01:35.263-0400] {logging_mixin.py:115} INFO - [2022-08-29T21:01:35.263-0400] {dag.py:2977} INFO - Setting next_dagrun for example_xcom to 2021-01-01T00:00:00+00:00, run_after=2021-01-01T00:00:00+00:00
[2022-08-29T21:01:35.279-0400] {processor.py:161} INFO - Processing /Users/jl/Documents/Repos/GHC-2022-data-engineering-workshop/venv/lib/python3.8/site-packages/airflow/example_dags/example_xcom.py took 0.805 seconds
