[2022-08-29T20:00:17.462-0400] {processor.py:153} INFO - Started process (PID=14361) to work on /Users/jl/Documents/Repos/GHC-2022-data-engineering-workshop/venv/lib/python3.8/site-packages/airflow/example_dags/example_branch_python_dop_operator_3.py
[2022-08-29T20:00:17.470-0400] {processor.py:640} INFO - Processing file /Users/jl/Documents/Repos/GHC-2022-data-engineering-workshop/venv/lib/python3.8/site-packages/airflow/example_dags/example_branch_python_dop_operator_3.py for tasks to queue
[2022-08-29T20:00:17.471-0400] {logging_mixin.py:115} INFO - [2022-08-29T20:00:17.471-0400] {dagbag.py:508} INFO - Filling up the DagBag from /Users/jl/Documents/Repos/GHC-2022-data-engineering-workshop/venv/lib/python3.8/site-packages/airflow/example_dags/example_branch_python_dop_operator_3.py
[2022-08-29T20:00:17.503-0400] {processor.py:650} INFO - DAG(s) dict_keys(['example_branch_dop_operator_v3']) retrieved from /Users/jl/Documents/Repos/GHC-2022-data-engineering-workshop/venv/lib/python3.8/site-packages/airflow/example_dags/example_branch_python_dop_operator_3.py
[2022-08-29T20:00:17.580-0400] {logging_mixin.py:115} INFO - [2022-08-29T20:00:17.579-0400] {dag.py:2429} INFO - Sync 1 DAGs
[2022-08-29T20:00:17.605-0400] {logging_mixin.py:115} INFO - [2022-08-29T20:00:17.605-0400] {dag.py:2977} INFO - Setting next_dagrun for example_branch_dop_operator_v3 to 2022-08-29T23:59:00+00:00, run_after=2022-08-30T00:00:00+00:00
[2022-08-29T20:00:17.620-0400] {processor.py:161} INFO - Processing /Users/jl/Documents/Repos/GHC-2022-data-engineering-workshop/venv/lib/python3.8/site-packages/airflow/example_dags/example_branch_python_dop_operator_3.py took 0.160 seconds
[2022-08-29T20:01:48.284-0400] {processor.py:153} INFO - Started process (PID=14444) to work on /Users/jl/Documents/Repos/GHC-2022-data-engineering-workshop/venv/lib/python3.8/site-packages/airflow/example_dags/example_branch_python_dop_operator_3.py
[2022-08-29T20:01:48.292-0400] {processor.py:640} INFO - Processing file /Users/jl/Documents/Repos/GHC-2022-data-engineering-workshop/venv/lib/python3.8/site-packages/airflow/example_dags/example_branch_python_dop_operator_3.py for tasks to queue
[2022-08-29T20:01:48.293-0400] {logging_mixin.py:115} INFO - [2022-08-29T20:01:48.293-0400] {dagbag.py:508} INFO - Filling up the DagBag from /Users/jl/Documents/Repos/GHC-2022-data-engineering-workshop/venv/lib/python3.8/site-packages/airflow/example_dags/example_branch_python_dop_operator_3.py
[2022-08-29T20:01:48.325-0400] {processor.py:650} INFO - DAG(s) dict_keys(['example_branch_dop_operator_v3']) retrieved from /Users/jl/Documents/Repos/GHC-2022-data-engineering-workshop/venv/lib/python3.8/site-packages/airflow/example_dags/example_branch_python_dop_operator_3.py
[2022-08-29T20:01:48.401-0400] {logging_mixin.py:115} INFO - [2022-08-29T20:01:48.401-0400] {dag.py:2429} INFO - Sync 1 DAGs
[2022-08-29T20:01:48.427-0400] {logging_mixin.py:115} INFO - [2022-08-29T20:01:48.426-0400] {dag.py:2977} INFO - Setting next_dagrun for example_branch_dop_operator_v3 to 2022-08-30T00:00:00+00:00, run_after=2022-08-30T00:01:00+00:00
[2022-08-29T20:01:48.441-0400] {processor.py:161} INFO - Processing /Users/jl/Documents/Repos/GHC-2022-data-engineering-workshop/venv/lib/python3.8/site-packages/airflow/example_dags/example_branch_python_dop_operator_3.py took 0.158 seconds
[2022-08-29T20:03:11.656-0400] {processor.py:153} INFO - Started process (PID=14524) to work on /Users/jl/Documents/Repos/GHC-2022-data-engineering-workshop/venv/lib/python3.8/site-packages/airflow/example_dags/example_branch_python_dop_operator_3.py
[2022-08-29T20:03:11.665-0400] {processor.py:640} INFO - Processing file /Users/jl/Documents/Repos/GHC-2022-data-engineering-workshop/venv/lib/python3.8/site-packages/airflow/example_dags/example_branch_python_dop_operator_3.py for tasks to queue
[2022-08-29T20:03:11.665-0400] {logging_mixin.py:115} INFO - [2022-08-29T20:03:11.665-0400] {dagbag.py:508} INFO - Filling up the DagBag from /Users/jl/Documents/Repos/GHC-2022-data-engineering-workshop/venv/lib/python3.8/site-packages/airflow/example_dags/example_branch_python_dop_operator_3.py
[2022-08-29T20:03:11.697-0400] {processor.py:650} INFO - DAG(s) dict_keys(['example_branch_dop_operator_v3']) retrieved from /Users/jl/Documents/Repos/GHC-2022-data-engineering-workshop/venv/lib/python3.8/site-packages/airflow/example_dags/example_branch_python_dop_operator_3.py
[2022-08-29T20:03:11.775-0400] {logging_mixin.py:115} INFO - [2022-08-29T20:03:11.775-0400] {dag.py:2429} INFO - Sync 1 DAGs
[2022-08-29T20:03:11.800-0400] {logging_mixin.py:115} INFO - [2022-08-29T20:03:11.800-0400] {dag.py:2977} INFO - Setting next_dagrun for example_branch_dop_operator_v3 to 2022-08-30T00:02:00+00:00, run_after=2022-08-30T00:03:00+00:00
[2022-08-29T20:03:11.815-0400] {processor.py:161} INFO - Processing /Users/jl/Documents/Repos/GHC-2022-data-engineering-workshop/venv/lib/python3.8/site-packages/airflow/example_dags/example_branch_python_dop_operator_3.py took 0.160 seconds
[2022-08-29T20:04:38.646-0400] {processor.py:153} INFO - Started process (PID=14605) to work on /Users/jl/Documents/Repos/GHC-2022-data-engineering-workshop/venv/lib/python3.8/site-packages/airflow/example_dags/example_branch_python_dop_operator_3.py
[2022-08-29T20:04:38.654-0400] {processor.py:640} INFO - Processing file /Users/jl/Documents/Repos/GHC-2022-data-engineering-workshop/venv/lib/python3.8/site-packages/airflow/example_dags/example_branch_python_dop_operator_3.py for tasks to queue
[2022-08-29T20:04:38.655-0400] {logging_mixin.py:115} INFO - [2022-08-29T20:04:38.655-0400] {dagbag.py:508} INFO - Filling up the DagBag from /Users/jl/Documents/Repos/GHC-2022-data-engineering-workshop/venv/lib/python3.8/site-packages/airflow/example_dags/example_branch_python_dop_operator_3.py
[2022-08-29T20:04:38.688-0400] {processor.py:650} INFO - DAG(s) dict_keys(['example_branch_dop_operator_v3']) retrieved from /Users/jl/Documents/Repos/GHC-2022-data-engineering-workshop/venv/lib/python3.8/site-packages/airflow/example_dags/example_branch_python_dop_operator_3.py
[2022-08-29T20:04:38.763-0400] {logging_mixin.py:115} INFO - [2022-08-29T20:04:38.763-0400] {dag.py:2429} INFO - Sync 1 DAGs
[2022-08-29T20:04:38.789-0400] {logging_mixin.py:115} INFO - [2022-08-29T20:04:38.789-0400] {dag.py:2977} INFO - Setting next_dagrun for example_branch_dop_operator_v3 to 2022-08-30T00:03:00+00:00, run_after=2022-08-30T00:04:00+00:00
[2022-08-29T20:04:38.806-0400] {processor.py:161} INFO - Processing /Users/jl/Documents/Repos/GHC-2022-data-engineering-workshop/venv/lib/python3.8/site-packages/airflow/example_dags/example_branch_python_dop_operator_3.py took 0.161 seconds
[2022-08-29T20:06:06.430-0400] {processor.py:153} INFO - Started process (PID=14686) to work on /Users/jl/Documents/Repos/GHC-2022-data-engineering-workshop/venv/lib/python3.8/site-packages/airflow/example_dags/example_branch_python_dop_operator_3.py
[2022-08-29T20:06:06.438-0400] {processor.py:640} INFO - Processing file /Users/jl/Documents/Repos/GHC-2022-data-engineering-workshop/venv/lib/python3.8/site-packages/airflow/example_dags/example_branch_python_dop_operator_3.py for tasks to queue
[2022-08-29T20:06:06.439-0400] {logging_mixin.py:115} INFO - [2022-08-29T20:06:06.439-0400] {dagbag.py:508} INFO - Filling up the DagBag from /Users/jl/Documents/Repos/GHC-2022-data-engineering-workshop/venv/lib/python3.8/site-packages/airflow/example_dags/example_branch_python_dop_operator_3.py
[2022-08-29T20:06:06.471-0400] {processor.py:650} INFO - DAG(s) dict_keys(['example_branch_dop_operator_v3']) retrieved from /Users/jl/Documents/Repos/GHC-2022-data-engineering-workshop/venv/lib/python3.8/site-packages/airflow/example_dags/example_branch_python_dop_operator_3.py
[2022-08-29T20:06:06.548-0400] {logging_mixin.py:115} INFO - [2022-08-29T20:06:06.548-0400] {dag.py:2429} INFO - Sync 1 DAGs
[2022-08-29T20:06:06.573-0400] {logging_mixin.py:115} INFO - [2022-08-29T20:06:06.573-0400] {dag.py:2977} INFO - Setting next_dagrun for example_branch_dop_operator_v3 to 2022-08-30T00:05:00+00:00, run_after=2022-08-30T00:06:00+00:00
[2022-08-29T20:06:06.588-0400] {processor.py:161} INFO - Processing /Users/jl/Documents/Repos/GHC-2022-data-engineering-workshop/venv/lib/python3.8/site-packages/airflow/example_dags/example_branch_python_dop_operator_3.py took 0.159 seconds
[2022-08-29T20:07:33.129-0400] {processor.py:153} INFO - Started process (PID=14769) to work on /Users/jl/Documents/Repos/GHC-2022-data-engineering-workshop/venv/lib/python3.8/site-packages/airflow/example_dags/example_branch_python_dop_operator_3.py
[2022-08-29T20:07:33.137-0400] {processor.py:640} INFO - Processing file /Users/jl/Documents/Repos/GHC-2022-data-engineering-workshop/venv/lib/python3.8/site-packages/airflow/example_dags/example_branch_python_dop_operator_3.py for tasks to queue
[2022-08-29T20:07:33.138-0400] {logging_mixin.py:115} INFO - [2022-08-29T20:07:33.138-0400] {dagbag.py:508} INFO - Filling up the DagBag from /Users/jl/Documents/Repos/GHC-2022-data-engineering-workshop/venv/lib/python3.8/site-packages/airflow/example_dags/example_branch_python_dop_operator_3.py
[2022-08-29T20:07:33.170-0400] {processor.py:650} INFO - DAG(s) dict_keys(['example_branch_dop_operator_v3']) retrieved from /Users/jl/Documents/Repos/GHC-2022-data-engineering-workshop/venv/lib/python3.8/site-packages/airflow/example_dags/example_branch_python_dop_operator_3.py
[2022-08-29T20:07:33.246-0400] {logging_mixin.py:115} INFO - [2022-08-29T20:07:33.246-0400] {dag.py:2429} INFO - Sync 1 DAGs
[2022-08-29T20:07:33.272-0400] {logging_mixin.py:115} INFO - [2022-08-29T20:07:33.272-0400] {dag.py:2977} INFO - Setting next_dagrun for example_branch_dop_operator_v3 to 2022-08-30T00:06:00+00:00, run_after=2022-08-30T00:07:00+00:00
[2022-08-29T20:07:33.287-0400] {processor.py:161} INFO - Processing /Users/jl/Documents/Repos/GHC-2022-data-engineering-workshop/venv/lib/python3.8/site-packages/airflow/example_dags/example_branch_python_dop_operator_3.py took 0.159 seconds
[2022-08-29T20:09:00.755-0400] {processor.py:153} INFO - Started process (PID=14849) to work on /Users/jl/Documents/Repos/GHC-2022-data-engineering-workshop/venv/lib/python3.8/site-packages/airflow/example_dags/example_branch_python_dop_operator_3.py
[2022-08-29T20:09:00.763-0400] {processor.py:640} INFO - Processing file /Users/jl/Documents/Repos/GHC-2022-data-engineering-workshop/venv/lib/python3.8/site-packages/airflow/example_dags/example_branch_python_dop_operator_3.py for tasks to queue
[2022-08-29T20:09:00.764-0400] {logging_mixin.py:115} INFO - [2022-08-29T20:09:00.764-0400] {dagbag.py:508} INFO - Filling up the DagBag from /Users/jl/Documents/Repos/GHC-2022-data-engineering-workshop/venv/lib/python3.8/site-packages/airflow/example_dags/example_branch_python_dop_operator_3.py
[2022-08-29T20:09:00.796-0400] {processor.py:650} INFO - DAG(s) dict_keys(['example_branch_dop_operator_v3']) retrieved from /Users/jl/Documents/Repos/GHC-2022-data-engineering-workshop/venv/lib/python3.8/site-packages/airflow/example_dags/example_branch_python_dop_operator_3.py
[2022-08-29T20:09:00.872-0400] {logging_mixin.py:115} INFO - [2022-08-29T20:09:00.872-0400] {dag.py:2429} INFO - Sync 1 DAGs
[2022-08-29T20:09:00.897-0400] {logging_mixin.py:115} INFO - [2022-08-29T20:09:00.897-0400] {dag.py:2977} INFO - Setting next_dagrun for example_branch_dop_operator_v3 to 2022-08-30T00:08:00+00:00, run_after=2022-08-30T00:09:00+00:00
[2022-08-29T20:09:00.912-0400] {processor.py:161} INFO - Processing /Users/jl/Documents/Repos/GHC-2022-data-engineering-workshop/venv/lib/python3.8/site-packages/airflow/example_dags/example_branch_python_dop_operator_3.py took 0.158 seconds
[2022-08-29T20:10:38.364-0400] {processor.py:153} INFO - Started process (PID=14938) to work on /Users/jl/Documents/Repos/GHC-2022-data-engineering-workshop/venv/lib/python3.8/site-packages/airflow/example_dags/example_branch_python_dop_operator_3.py
[2022-08-29T20:10:38.374-0400] {processor.py:640} INFO - Processing file /Users/jl/Documents/Repos/GHC-2022-data-engineering-workshop/venv/lib/python3.8/site-packages/airflow/example_dags/example_branch_python_dop_operator_3.py for tasks to queue
[2022-08-29T20:10:38.374-0400] {logging_mixin.py:115} INFO - [2022-08-29T20:10:38.374-0400] {dagbag.py:508} INFO - Filling up the DagBag from /Users/jl/Documents/Repos/GHC-2022-data-engineering-workshop/venv/lib/python3.8/site-packages/airflow/example_dags/example_branch_python_dop_operator_3.py
[2022-08-29T20:10:38.408-0400] {processor.py:650} INFO - DAG(s) dict_keys(['example_branch_dop_operator_v3']) retrieved from /Users/jl/Documents/Repos/GHC-2022-data-engineering-workshop/venv/lib/python3.8/site-packages/airflow/example_dags/example_branch_python_dop_operator_3.py
[2022-08-29T20:10:38.485-0400] {logging_mixin.py:115} INFO - [2022-08-29T20:10:38.485-0400] {dag.py:2429} INFO - Sync 1 DAGs
[2022-08-29T20:10:38.511-0400] {logging_mixin.py:115} INFO - [2022-08-29T20:10:38.511-0400] {dag.py:2977} INFO - Setting next_dagrun for example_branch_dop_operator_v3 to 2022-08-30T00:09:00+00:00, run_after=2022-08-30T00:10:00+00:00
[2022-08-29T20:10:38.526-0400] {processor.py:161} INFO - Processing /Users/jl/Documents/Repos/GHC-2022-data-engineering-workshop/venv/lib/python3.8/site-packages/airflow/example_dags/example_branch_python_dop_operator_3.py took 0.163 seconds
[2022-08-29T20:12:08.877-0400] {processor.py:153} INFO - Started process (PID=15023) to work on /Users/jl/Documents/Repos/GHC-2022-data-engineering-workshop/venv/lib/python3.8/site-packages/airflow/example_dags/example_branch_python_dop_operator_3.py
[2022-08-29T20:12:08.885-0400] {processor.py:640} INFO - Processing file /Users/jl/Documents/Repos/GHC-2022-data-engineering-workshop/venv/lib/python3.8/site-packages/airflow/example_dags/example_branch_python_dop_operator_3.py for tasks to queue
[2022-08-29T20:12:08.886-0400] {logging_mixin.py:115} INFO - [2022-08-29T20:12:08.886-0400] {dagbag.py:508} INFO - Filling up the DagBag from /Users/jl/Documents/Repos/GHC-2022-data-engineering-workshop/venv/lib/python3.8/site-packages/airflow/example_dags/example_branch_python_dop_operator_3.py
[2022-08-29T20:12:08.919-0400] {processor.py:650} INFO - DAG(s) dict_keys(['example_branch_dop_operator_v3']) retrieved from /Users/jl/Documents/Repos/GHC-2022-data-engineering-workshop/venv/lib/python3.8/site-packages/airflow/example_dags/example_branch_python_dop_operator_3.py
[2022-08-29T20:12:08.995-0400] {logging_mixin.py:115} INFO - [2022-08-29T20:12:08.995-0400] {dag.py:2429} INFO - Sync 1 DAGs
[2022-08-29T20:12:09.020-0400] {logging_mixin.py:115} INFO - [2022-08-29T20:12:09.020-0400] {dag.py:2977} INFO - Setting next_dagrun for example_branch_dop_operator_v3 to 2022-08-30T00:11:00+00:00, run_after=2022-08-30T00:12:00+00:00
[2022-08-29T20:12:09.035-0400] {processor.py:161} INFO - Processing /Users/jl/Documents/Repos/GHC-2022-data-engineering-workshop/venv/lib/python3.8/site-packages/airflow/example_dags/example_branch_python_dop_operator_3.py took 0.159 seconds
[2022-08-29T20:13:38.101-0400] {processor.py:153} INFO - Started process (PID=15106) to work on /Users/jl/Documents/Repos/GHC-2022-data-engineering-workshop/venv/lib/python3.8/site-packages/airflow/example_dags/example_branch_python_dop_operator_3.py
[2022-08-29T20:13:38.109-0400] {processor.py:640} INFO - Processing file /Users/jl/Documents/Repos/GHC-2022-data-engineering-workshop/venv/lib/python3.8/site-packages/airflow/example_dags/example_branch_python_dop_operator_3.py for tasks to queue
[2022-08-29T20:13:38.110-0400] {logging_mixin.py:115} INFO - [2022-08-29T20:13:38.110-0400] {dagbag.py:508} INFO - Filling up the DagBag from /Users/jl/Documents/Repos/GHC-2022-data-engineering-workshop/venv/lib/python3.8/site-packages/airflow/example_dags/example_branch_python_dop_operator_3.py
[2022-08-29T20:13:38.146-0400] {processor.py:650} INFO - DAG(s) dict_keys(['example_branch_dop_operator_v3']) retrieved from /Users/jl/Documents/Repos/GHC-2022-data-engineering-workshop/venv/lib/python3.8/site-packages/airflow/example_dags/example_branch_python_dop_operator_3.py
[2022-08-29T20:13:38.228-0400] {logging_mixin.py:115} INFO - [2022-08-29T20:13:38.222-0400] {dag.py:2429} INFO - Sync 1 DAGs
[2022-08-29T20:13:38.255-0400] {logging_mixin.py:115} INFO - [2022-08-29T20:13:38.254-0400] {dag.py:2977} INFO - Setting next_dagrun for example_branch_dop_operator_v3 to 2022-08-30T00:12:00+00:00, run_after=2022-08-30T00:13:00+00:00
[2022-08-29T20:13:38.269-0400] {processor.py:161} INFO - Processing /Users/jl/Documents/Repos/GHC-2022-data-engineering-workshop/venv/lib/python3.8/site-packages/airflow/example_dags/example_branch_python_dop_operator_3.py took 0.169 seconds
[2022-08-29T20:15:13.427-0400] {processor.py:153} INFO - Started process (PID=15221) to work on /Users/jl/Documents/Repos/GHC-2022-data-engineering-workshop/venv/lib/python3.8/site-packages/airflow/example_dags/example_branch_python_dop_operator_3.py
[2022-08-29T20:15:13.436-0400] {processor.py:640} INFO - Processing file /Users/jl/Documents/Repos/GHC-2022-data-engineering-workshop/venv/lib/python3.8/site-packages/airflow/example_dags/example_branch_python_dop_operator_3.py for tasks to queue
[2022-08-29T20:15:13.436-0400] {logging_mixin.py:115} INFO - [2022-08-29T20:15:13.436-0400] {dagbag.py:508} INFO - Filling up the DagBag from /Users/jl/Documents/Repos/GHC-2022-data-engineering-workshop/venv/lib/python3.8/site-packages/airflow/example_dags/example_branch_python_dop_operator_3.py
[2022-08-29T20:15:13.472-0400] {processor.py:650} INFO - DAG(s) dict_keys(['example_branch_dop_operator_v3']) retrieved from /Users/jl/Documents/Repos/GHC-2022-data-engineering-workshop/venv/lib/python3.8/site-packages/airflow/example_dags/example_branch_python_dop_operator_3.py
[2022-08-29T20:15:13.555-0400] {logging_mixin.py:115} INFO - [2022-08-29T20:15:13.554-0400] {dag.py:2429} INFO - Sync 1 DAGs
[2022-08-29T20:15:13.582-0400] {logging_mixin.py:115} INFO - [2022-08-29T20:15:13.582-0400] {dag.py:2977} INFO - Setting next_dagrun for example_branch_dop_operator_v3 to 2022-08-30T00:14:00+00:00, run_after=2022-08-30T00:15:00+00:00
[2022-08-29T20:15:13.596-0400] {processor.py:161} INFO - Processing /Users/jl/Documents/Repos/GHC-2022-data-engineering-workshop/venv/lib/python3.8/site-packages/airflow/example_dags/example_branch_python_dop_operator_3.py took 0.170 seconds
[2022-08-29T20:16:58.024-0400] {processor.py:153} INFO - Started process (PID=15310) to work on /Users/jl/Documents/Repos/GHC-2022-data-engineering-workshop/venv/lib/python3.8/site-packages/airflow/example_dags/example_branch_python_dop_operator_3.py
[2022-08-29T20:16:58.034-0400] {processor.py:640} INFO - Processing file /Users/jl/Documents/Repos/GHC-2022-data-engineering-workshop/venv/lib/python3.8/site-packages/airflow/example_dags/example_branch_python_dop_operator_3.py for tasks to queue
[2022-08-29T20:16:58.037-0400] {logging_mixin.py:115} INFO - [2022-08-29T20:16:58.037-0400] {dagbag.py:508} INFO - Filling up the DagBag from /Users/jl/Documents/Repos/GHC-2022-data-engineering-workshop/venv/lib/python3.8/site-packages/airflow/example_dags/example_branch_python_dop_operator_3.py
[2022-08-29T20:16:58.082-0400] {processor.py:650} INFO - DAG(s) dict_keys(['example_branch_dop_operator_v3']) retrieved from /Users/jl/Documents/Repos/GHC-2022-data-engineering-workshop/venv/lib/python3.8/site-packages/airflow/example_dags/example_branch_python_dop_operator_3.py
[2022-08-29T20:16:58.213-0400] {logging_mixin.py:115} INFO - [2022-08-29T20:16:58.213-0400] {dag.py:2429} INFO - Sync 1 DAGs
[2022-08-29T20:16:58.254-0400] {logging_mixin.py:115} INFO - [2022-08-29T20:16:58.253-0400] {dag.py:2977} INFO - Setting next_dagrun for example_branch_dop_operator_v3 to 2022-08-30T00:15:00+00:00, run_after=2022-08-30T00:16:00+00:00
[2022-08-29T20:16:58.279-0400] {processor.py:161} INFO - Processing /Users/jl/Documents/Repos/GHC-2022-data-engineering-workshop/venv/lib/python3.8/site-packages/airflow/example_dags/example_branch_python_dop_operator_3.py took 0.255 seconds
[2022-08-29T20:18:51.829-0400] {processor.py:153} INFO - Started process (PID=15442) to work on /Users/jl/Documents/Repos/GHC-2022-data-engineering-workshop/venv/lib/python3.8/site-packages/airflow/example_dags/example_branch_python_dop_operator_3.py
[2022-08-29T20:18:51.837-0400] {processor.py:640} INFO - Processing file /Users/jl/Documents/Repos/GHC-2022-data-engineering-workshop/venv/lib/python3.8/site-packages/airflow/example_dags/example_branch_python_dop_operator_3.py for tasks to queue
[2022-08-29T20:18:51.838-0400] {logging_mixin.py:115} INFO - [2022-08-29T20:18:51.838-0400] {dagbag.py:508} INFO - Filling up the DagBag from /Users/jl/Documents/Repos/GHC-2022-data-engineering-workshop/venv/lib/python3.8/site-packages/airflow/example_dags/example_branch_python_dop_operator_3.py
[2022-08-29T20:18:51.871-0400] {processor.py:650} INFO - DAG(s) dict_keys(['example_branch_dop_operator_v3']) retrieved from /Users/jl/Documents/Repos/GHC-2022-data-engineering-workshop/venv/lib/python3.8/site-packages/airflow/example_dags/example_branch_python_dop_operator_3.py
[2022-08-29T20:18:51.953-0400] {logging_mixin.py:115} INFO - [2022-08-29T20:18:51.952-0400] {dag.py:2429} INFO - Sync 1 DAGs
[2022-08-29T20:18:51.979-0400] {logging_mixin.py:115} INFO - [2022-08-29T20:18:51.978-0400] {dag.py:2977} INFO - Setting next_dagrun for example_branch_dop_operator_v3 to 2022-08-30T00:17:00+00:00, run_after=2022-08-30T00:18:00+00:00
[2022-08-29T20:18:51.994-0400] {processor.py:161} INFO - Processing /Users/jl/Documents/Repos/GHC-2022-data-engineering-workshop/venv/lib/python3.8/site-packages/airflow/example_dags/example_branch_python_dop_operator_3.py took 0.166 seconds
[2022-08-29T20:20:34.064-0400] {processor.py:153} INFO - Started process (PID=15535) to work on /Users/jl/Documents/Repos/GHC-2022-data-engineering-workshop/venv/lib/python3.8/site-packages/airflow/example_dags/example_branch_python_dop_operator_3.py
[2022-08-29T20:20:34.075-0400] {processor.py:640} INFO - Processing file /Users/jl/Documents/Repos/GHC-2022-data-engineering-workshop/venv/lib/python3.8/site-packages/airflow/example_dags/example_branch_python_dop_operator_3.py for tasks to queue
[2022-08-29T20:20:34.075-0400] {logging_mixin.py:115} INFO - [2022-08-29T20:20:34.075-0400] {dagbag.py:508} INFO - Filling up the DagBag from /Users/jl/Documents/Repos/GHC-2022-data-engineering-workshop/venv/lib/python3.8/site-packages/airflow/example_dags/example_branch_python_dop_operator_3.py
[2022-08-29T20:20:34.108-0400] {processor.py:650} INFO - DAG(s) dict_keys(['example_branch_dop_operator_v3']) retrieved from /Users/jl/Documents/Repos/GHC-2022-data-engineering-workshop/venv/lib/python3.8/site-packages/airflow/example_dags/example_branch_python_dop_operator_3.py
[2022-08-29T20:20:34.188-0400] {logging_mixin.py:115} INFO - [2022-08-29T20:20:34.187-0400] {dag.py:2429} INFO - Sync 1 DAGs
[2022-08-29T20:20:34.214-0400] {logging_mixin.py:115} INFO - [2022-08-29T20:20:34.214-0400] {dag.py:2977} INFO - Setting next_dagrun for example_branch_dop_operator_v3 to 2022-08-30T00:19:00+00:00, run_after=2022-08-30T00:20:00+00:00
[2022-08-29T20:20:34.228-0400] {processor.py:161} INFO - Processing /Users/jl/Documents/Repos/GHC-2022-data-engineering-workshop/venv/lib/python3.8/site-packages/airflow/example_dags/example_branch_python_dop_operator_3.py took 0.164 seconds
[2022-08-29T20:22:00.792-0400] {processor.py:153} INFO - Started process (PID=15618) to work on /Users/jl/Documents/Repos/GHC-2022-data-engineering-workshop/venv/lib/python3.8/site-packages/airflow/example_dags/example_branch_python_dop_operator_3.py
[2022-08-29T20:22:00.801-0400] {processor.py:640} INFO - Processing file /Users/jl/Documents/Repos/GHC-2022-data-engineering-workshop/venv/lib/python3.8/site-packages/airflow/example_dags/example_branch_python_dop_operator_3.py for tasks to queue
[2022-08-29T20:22:00.802-0400] {logging_mixin.py:115} INFO - [2022-08-29T20:22:00.802-0400] {dagbag.py:508} INFO - Filling up the DagBag from /Users/jl/Documents/Repos/GHC-2022-data-engineering-workshop/venv/lib/python3.8/site-packages/airflow/example_dags/example_branch_python_dop_operator_3.py
[2022-08-29T20:22:00.836-0400] {processor.py:650} INFO - DAG(s) dict_keys(['example_branch_dop_operator_v3']) retrieved from /Users/jl/Documents/Repos/GHC-2022-data-engineering-workshop/venv/lib/python3.8/site-packages/airflow/example_dags/example_branch_python_dop_operator_3.py
[2022-08-29T20:22:00.913-0400] {logging_mixin.py:115} INFO - [2022-08-29T20:22:00.913-0400] {dag.py:2429} INFO - Sync 1 DAGs
[2022-08-29T20:22:00.939-0400] {logging_mixin.py:115} INFO - [2022-08-29T20:22:00.939-0400] {dag.py:2977} INFO - Setting next_dagrun for example_branch_dop_operator_v3 to 2022-08-30T00:21:00+00:00, run_after=2022-08-30T00:22:00+00:00
[2022-08-29T20:22:00.953-0400] {processor.py:161} INFO - Processing /Users/jl/Documents/Repos/GHC-2022-data-engineering-workshop/venv/lib/python3.8/site-packages/airflow/example_dags/example_branch_python_dop_operator_3.py took 0.162 seconds
[2022-08-29T20:23:27.300-0400] {processor.py:153} INFO - Started process (PID=15699) to work on /Users/jl/Documents/Repos/GHC-2022-data-engineering-workshop/venv/lib/python3.8/site-packages/airflow/example_dags/example_branch_python_dop_operator_3.py
[2022-08-29T20:23:27.308-0400] {processor.py:640} INFO - Processing file /Users/jl/Documents/Repos/GHC-2022-data-engineering-workshop/venv/lib/python3.8/site-packages/airflow/example_dags/example_branch_python_dop_operator_3.py for tasks to queue
[2022-08-29T20:23:27.309-0400] {logging_mixin.py:115} INFO - [2022-08-29T20:23:27.309-0400] {dagbag.py:508} INFO - Filling up the DagBag from /Users/jl/Documents/Repos/GHC-2022-data-engineering-workshop/venv/lib/python3.8/site-packages/airflow/example_dags/example_branch_python_dop_operator_3.py
[2022-08-29T20:23:27.341-0400] {processor.py:650} INFO - DAG(s) dict_keys(['example_branch_dop_operator_v3']) retrieved from /Users/jl/Documents/Repos/GHC-2022-data-engineering-workshop/venv/lib/python3.8/site-packages/airflow/example_dags/example_branch_python_dop_operator_3.py
[2022-08-29T20:23:27.420-0400] {logging_mixin.py:115} INFO - [2022-08-29T20:23:27.420-0400] {dag.py:2429} INFO - Sync 1 DAGs
[2022-08-29T20:23:27.446-0400] {logging_mixin.py:115} INFO - [2022-08-29T20:23:27.446-0400] {dag.py:2977} INFO - Setting next_dagrun for example_branch_dop_operator_v3 to 2022-08-30T00:22:00+00:00, run_after=2022-08-30T00:23:00+00:00
[2022-08-29T20:23:27.460-0400] {processor.py:161} INFO - Processing /Users/jl/Documents/Repos/GHC-2022-data-engineering-workshop/venv/lib/python3.8/site-packages/airflow/example_dags/example_branch_python_dop_operator_3.py took 0.161 seconds
[2022-08-29T20:24:56.702-0400] {processor.py:153} INFO - Started process (PID=15782) to work on /Users/jl/Documents/Repos/GHC-2022-data-engineering-workshop/venv/lib/python3.8/site-packages/airflow/example_dags/example_branch_python_dop_operator_3.py
[2022-08-29T20:24:56.711-0400] {processor.py:640} INFO - Processing file /Users/jl/Documents/Repos/GHC-2022-data-engineering-workshop/venv/lib/python3.8/site-packages/airflow/example_dags/example_branch_python_dop_operator_3.py for tasks to queue
[2022-08-29T20:24:56.711-0400] {logging_mixin.py:115} INFO - [2022-08-29T20:24:56.711-0400] {dagbag.py:508} INFO - Filling up the DagBag from /Users/jl/Documents/Repos/GHC-2022-data-engineering-workshop/venv/lib/python3.8/site-packages/airflow/example_dags/example_branch_python_dop_operator_3.py
[2022-08-29T20:24:56.743-0400] {processor.py:650} INFO - DAG(s) dict_keys(['example_branch_dop_operator_v3']) retrieved from /Users/jl/Documents/Repos/GHC-2022-data-engineering-workshop/venv/lib/python3.8/site-packages/airflow/example_dags/example_branch_python_dop_operator_3.py
[2022-08-29T20:24:56.820-0400] {logging_mixin.py:115} INFO - [2022-08-29T20:24:56.820-0400] {dag.py:2429} INFO - Sync 1 DAGs
[2022-08-29T20:24:56.846-0400] {logging_mixin.py:115} INFO - [2022-08-29T20:24:56.845-0400] {dag.py:2977} INFO - Setting next_dagrun for example_branch_dop_operator_v3 to 2022-08-30T00:23:00+00:00, run_after=2022-08-30T00:24:00+00:00
[2022-08-29T20:24:56.861-0400] {processor.py:161} INFO - Processing /Users/jl/Documents/Repos/GHC-2022-data-engineering-workshop/venv/lib/python3.8/site-packages/airflow/example_dags/example_branch_python_dop_operator_3.py took 0.159 seconds
[2022-08-29T20:27:05.331-0400] {processor.py:153} INFO - Started process (PID=15905) to work on /Users/jl/Documents/Repos/GHC-2022-data-engineering-workshop/venv/lib/python3.8/site-packages/airflow/example_dags/example_branch_python_dop_operator_3.py
[2022-08-29T20:27:05.345-0400] {processor.py:640} INFO - Processing file /Users/jl/Documents/Repos/GHC-2022-data-engineering-workshop/venv/lib/python3.8/site-packages/airflow/example_dags/example_branch_python_dop_operator_3.py for tasks to queue
[2022-08-29T20:27:05.345-0400] {logging_mixin.py:115} INFO - [2022-08-29T20:27:05.345-0400] {dagbag.py:508} INFO - Filling up the DagBag from /Users/jl/Documents/Repos/GHC-2022-data-engineering-workshop/venv/lib/python3.8/site-packages/airflow/example_dags/example_branch_python_dop_operator_3.py
[2022-08-29T20:27:05.385-0400] {processor.py:650} INFO - DAG(s) dict_keys(['example_branch_dop_operator_v3']) retrieved from /Users/jl/Documents/Repos/GHC-2022-data-engineering-workshop/venv/lib/python3.8/site-packages/airflow/example_dags/example_branch_python_dop_operator_3.py
[2022-08-29T20:27:05.499-0400] {logging_mixin.py:115} INFO - [2022-08-29T20:27:05.499-0400] {dag.py:2429} INFO - Sync 1 DAGs
[2022-08-29T20:27:05.530-0400] {logging_mixin.py:115} INFO - [2022-08-29T20:27:05.530-0400] {dag.py:2977} INFO - Setting next_dagrun for example_branch_dop_operator_v3 to 2022-08-30T00:26:00+00:00, run_after=2022-08-30T00:27:00+00:00
[2022-08-29T20:27:05.546-0400] {processor.py:161} INFO - Processing /Users/jl/Documents/Repos/GHC-2022-data-engineering-workshop/venv/lib/python3.8/site-packages/airflow/example_dags/example_branch_python_dop_operator_3.py took 0.216 seconds
[2022-08-29T20:28:45.325-0400] {processor.py:153} INFO - Started process (PID=15995) to work on /Users/jl/Documents/Repos/GHC-2022-data-engineering-workshop/venv/lib/python3.8/site-packages/airflow/example_dags/example_branch_python_dop_operator_3.py
[2022-08-29T20:28:45.333-0400] {processor.py:640} INFO - Processing file /Users/jl/Documents/Repos/GHC-2022-data-engineering-workshop/venv/lib/python3.8/site-packages/airflow/example_dags/example_branch_python_dop_operator_3.py for tasks to queue
[2022-08-29T20:28:45.334-0400] {logging_mixin.py:115} INFO - [2022-08-29T20:28:45.334-0400] {dagbag.py:508} INFO - Filling up the DagBag from /Users/jl/Documents/Repos/GHC-2022-data-engineering-workshop/venv/lib/python3.8/site-packages/airflow/example_dags/example_branch_python_dop_operator_3.py
[2022-08-29T20:28:45.368-0400] {processor.py:650} INFO - DAG(s) dict_keys(['example_branch_dop_operator_v3']) retrieved from /Users/jl/Documents/Repos/GHC-2022-data-engineering-workshop/venv/lib/python3.8/site-packages/airflow/example_dags/example_branch_python_dop_operator_3.py
[2022-08-29T20:28:45.446-0400] {logging_mixin.py:115} INFO - [2022-08-29T20:28:45.446-0400] {dag.py:2429} INFO - Sync 1 DAGs
[2022-08-29T20:28:45.472-0400] {logging_mixin.py:115} INFO - [2022-08-29T20:28:45.472-0400] {dag.py:2977} INFO - Setting next_dagrun for example_branch_dop_operator_v3 to 2022-08-30T00:27:00+00:00, run_after=2022-08-30T00:28:00+00:00
[2022-08-29T20:28:45.488-0400] {processor.py:161} INFO - Processing /Users/jl/Documents/Repos/GHC-2022-data-engineering-workshop/venv/lib/python3.8/site-packages/airflow/example_dags/example_branch_python_dop_operator_3.py took 0.164 seconds
[2022-08-29T20:30:47.750-0400] {processor.py:153} INFO - Started process (PID=16107) to work on /Users/jl/Documents/Repos/GHC-2022-data-engineering-workshop/venv/lib/python3.8/site-packages/airflow/example_dags/example_branch_python_dop_operator_3.py
[2022-08-29T20:30:47.760-0400] {processor.py:640} INFO - Processing file /Users/jl/Documents/Repos/GHC-2022-data-engineering-workshop/venv/lib/python3.8/site-packages/airflow/example_dags/example_branch_python_dop_operator_3.py for tasks to queue
[2022-08-29T20:30:47.761-0400] {logging_mixin.py:115} INFO - [2022-08-29T20:30:47.761-0400] {dagbag.py:508} INFO - Filling up the DagBag from /Users/jl/Documents/Repos/GHC-2022-data-engineering-workshop/venv/lib/python3.8/site-packages/airflow/example_dags/example_branch_python_dop_operator_3.py
[2022-08-29T20:30:47.801-0400] {processor.py:650} INFO - DAG(s) dict_keys(['example_branch_dop_operator_v3']) retrieved from /Users/jl/Documents/Repos/GHC-2022-data-engineering-workshop/venv/lib/python3.8/site-packages/airflow/example_dags/example_branch_python_dop_operator_3.py
[2022-08-29T20:30:47.902-0400] {logging_mixin.py:115} INFO - [2022-08-29T20:30:47.902-0400] {dag.py:2429} INFO - Sync 1 DAGs
[2022-08-29T20:30:47.943-0400] {logging_mixin.py:115} INFO - [2022-08-29T20:30:47.943-0400] {dag.py:2977} INFO - Setting next_dagrun for example_branch_dop_operator_v3 to 2022-08-30T00:29:00+00:00, run_after=2022-08-30T00:30:00+00:00
[2022-08-29T20:30:47.966-0400] {processor.py:161} INFO - Processing /Users/jl/Documents/Repos/GHC-2022-data-engineering-workshop/venv/lib/python3.8/site-packages/airflow/example_dags/example_branch_python_dop_operator_3.py took 0.217 seconds
[2022-08-29T20:32:49.725-0400] {processor.py:153} INFO - Started process (PID=16228) to work on /Users/jl/Documents/Repos/GHC-2022-data-engineering-workshop/venv/lib/python3.8/site-packages/airflow/example_dags/example_branch_python_dop_operator_3.py
[2022-08-29T20:32:49.734-0400] {processor.py:640} INFO - Processing file /Users/jl/Documents/Repos/GHC-2022-data-engineering-workshop/venv/lib/python3.8/site-packages/airflow/example_dags/example_branch_python_dop_operator_3.py for tasks to queue
[2022-08-29T20:32:49.735-0400] {logging_mixin.py:115} INFO - [2022-08-29T20:32:49.735-0400] {dagbag.py:508} INFO - Filling up the DagBag from /Users/jl/Documents/Repos/GHC-2022-data-engineering-workshop/venv/lib/python3.8/site-packages/airflow/example_dags/example_branch_python_dop_operator_3.py
[2022-08-29T20:32:49.767-0400] {processor.py:650} INFO - DAG(s) dict_keys(['example_branch_dop_operator_v3']) retrieved from /Users/jl/Documents/Repos/GHC-2022-data-engineering-workshop/venv/lib/python3.8/site-packages/airflow/example_dags/example_branch_python_dop_operator_3.py
[2022-08-29T20:32:49.844-0400] {logging_mixin.py:115} INFO - [2022-08-29T20:32:49.844-0400] {dag.py:2429} INFO - Sync 1 DAGs
[2022-08-29T20:32:49.869-0400] {logging_mixin.py:115} INFO - [2022-08-29T20:32:49.869-0400] {dag.py:2977} INFO - Setting next_dagrun for example_branch_dop_operator_v3 to 2022-08-30T00:31:00+00:00, run_after=2022-08-30T00:32:00+00:00
[2022-08-29T20:32:49.884-0400] {processor.py:161} INFO - Processing /Users/jl/Documents/Repos/GHC-2022-data-engineering-workshop/venv/lib/python3.8/site-packages/airflow/example_dags/example_branch_python_dop_operator_3.py took 0.160 seconds
[2022-08-29T20:34:45.153-0400] {processor.py:153} INFO - Started process (PID=16329) to work on /Users/jl/Documents/Repos/GHC-2022-data-engineering-workshop/venv/lib/python3.8/site-packages/airflow/example_dags/example_branch_python_dop_operator_3.py
[2022-08-29T20:34:45.163-0400] {processor.py:640} INFO - Processing file /Users/jl/Documents/Repos/GHC-2022-data-engineering-workshop/venv/lib/python3.8/site-packages/airflow/example_dags/example_branch_python_dop_operator_3.py for tasks to queue
[2022-08-29T20:34:45.163-0400] {logging_mixin.py:115} INFO - [2022-08-29T20:34:45.163-0400] {dagbag.py:508} INFO - Filling up the DagBag from /Users/jl/Documents/Repos/GHC-2022-data-engineering-workshop/venv/lib/python3.8/site-packages/airflow/example_dags/example_branch_python_dop_operator_3.py
[2022-08-29T20:34:45.198-0400] {processor.py:650} INFO - DAG(s) dict_keys(['example_branch_dop_operator_v3']) retrieved from /Users/jl/Documents/Repos/GHC-2022-data-engineering-workshop/venv/lib/python3.8/site-packages/airflow/example_dags/example_branch_python_dop_operator_3.py
[2022-08-29T20:34:45.273-0400] {logging_mixin.py:115} INFO - [2022-08-29T20:34:45.273-0400] {dag.py:2429} INFO - Sync 1 DAGs
[2022-08-29T20:34:45.299-0400] {logging_mixin.py:115} INFO - [2022-08-29T20:34:45.298-0400] {dag.py:2977} INFO - Setting next_dagrun for example_branch_dop_operator_v3 to 2022-08-30T00:33:00+00:00, run_after=2022-08-30T00:34:00+00:00
[2022-08-29T20:34:45.313-0400] {processor.py:161} INFO - Processing /Users/jl/Documents/Repos/GHC-2022-data-engineering-workshop/venv/lib/python3.8/site-packages/airflow/example_dags/example_branch_python_dop_operator_3.py took 0.162 seconds
[2022-08-29T20:36:35.843-0400] {processor.py:153} INFO - Started process (PID=16455) to work on /Users/jl/Documents/Repos/GHC-2022-data-engineering-workshop/venv/lib/python3.8/site-packages/airflow/example_dags/example_branch_python_dop_operator_3.py
[2022-08-29T20:36:35.851-0400] {processor.py:640} INFO - Processing file /Users/jl/Documents/Repos/GHC-2022-data-engineering-workshop/venv/lib/python3.8/site-packages/airflow/example_dags/example_branch_python_dop_operator_3.py for tasks to queue
[2022-08-29T20:36:35.852-0400] {logging_mixin.py:115} INFO - [2022-08-29T20:36:35.852-0400] {dagbag.py:508} INFO - Filling up the DagBag from /Users/jl/Documents/Repos/GHC-2022-data-engineering-workshop/venv/lib/python3.8/site-packages/airflow/example_dags/example_branch_python_dop_operator_3.py
[2022-08-29T20:36:35.892-0400] {processor.py:650} INFO - DAG(s) dict_keys(['example_branch_dop_operator_v3']) retrieved from /Users/jl/Documents/Repos/GHC-2022-data-engineering-workshop/venv/lib/python3.8/site-packages/airflow/example_dags/example_branch_python_dop_operator_3.py
[2022-08-29T20:36:35.968-0400] {logging_mixin.py:115} INFO - [2022-08-29T20:36:35.968-0400] {dag.py:2429} INFO - Sync 1 DAGs
[2022-08-29T20:36:35.995-0400] {logging_mixin.py:115} INFO - [2022-08-29T20:36:35.994-0400] {dag.py:2977} INFO - Setting next_dagrun for example_branch_dop_operator_v3 to 2022-08-30T00:35:00+00:00, run_after=2022-08-30T00:36:00+00:00
[2022-08-29T20:36:36.009-0400] {processor.py:161} INFO - Processing /Users/jl/Documents/Repos/GHC-2022-data-engineering-workshop/venv/lib/python3.8/site-packages/airflow/example_dags/example_branch_python_dop_operator_3.py took 0.167 seconds
[2022-08-29T20:38:30.278-0400] {processor.py:153} INFO - Started process (PID=16569) to work on /Users/jl/Documents/Repos/GHC-2022-data-engineering-workshop/venv/lib/python3.8/site-packages/airflow/example_dags/example_branch_python_dop_operator_3.py
[2022-08-29T20:38:30.290-0400] {processor.py:640} INFO - Processing file /Users/jl/Documents/Repos/GHC-2022-data-engineering-workshop/venv/lib/python3.8/site-packages/airflow/example_dags/example_branch_python_dop_operator_3.py for tasks to queue
[2022-08-29T20:38:30.290-0400] {logging_mixin.py:115} INFO - [2022-08-29T20:38:30.290-0400] {dagbag.py:508} INFO - Filling up the DagBag from /Users/jl/Documents/Repos/GHC-2022-data-engineering-workshop/venv/lib/python3.8/site-packages/airflow/example_dags/example_branch_python_dop_operator_3.py
[2022-08-29T20:38:30.339-0400] {processor.py:650} INFO - DAG(s) dict_keys(['example_branch_dop_operator_v3']) retrieved from /Users/jl/Documents/Repos/GHC-2022-data-engineering-workshop/venv/lib/python3.8/site-packages/airflow/example_dags/example_branch_python_dop_operator_3.py
[2022-08-29T20:38:30.480-0400] {logging_mixin.py:115} INFO - [2022-08-29T20:38:30.479-0400] {dag.py:2429} INFO - Sync 1 DAGs
[2022-08-29T20:38:30.521-0400] {logging_mixin.py:115} INFO - [2022-08-29T20:38:30.520-0400] {dag.py:2977} INFO - Setting next_dagrun for example_branch_dop_operator_v3 to 2022-08-30T00:37:00+00:00, run_after=2022-08-30T00:38:00+00:00
[2022-08-29T20:38:30.547-0400] {processor.py:161} INFO - Processing /Users/jl/Documents/Repos/GHC-2022-data-engineering-workshop/venv/lib/python3.8/site-packages/airflow/example_dags/example_branch_python_dop_operator_3.py took 0.271 seconds
[2022-08-29T20:40:22.892-0400] {processor.py:153} INFO - Started process (PID=16668) to work on /Users/jl/Documents/Repos/GHC-2022-data-engineering-workshop/venv/lib/python3.8/site-packages/airflow/example_dags/example_branch_python_dop_operator_3.py
[2022-08-29T20:40:22.901-0400] {processor.py:640} INFO - Processing file /Users/jl/Documents/Repos/GHC-2022-data-engineering-workshop/venv/lib/python3.8/site-packages/airflow/example_dags/example_branch_python_dop_operator_3.py for tasks to queue
[2022-08-29T20:40:22.901-0400] {logging_mixin.py:115} INFO - [2022-08-29T20:40:22.901-0400] {dagbag.py:508} INFO - Filling up the DagBag from /Users/jl/Documents/Repos/GHC-2022-data-engineering-workshop/venv/lib/python3.8/site-packages/airflow/example_dags/example_branch_python_dop_operator_3.py
[2022-08-29T20:40:22.935-0400] {processor.py:650} INFO - DAG(s) dict_keys(['example_branch_dop_operator_v3']) retrieved from /Users/jl/Documents/Repos/GHC-2022-data-engineering-workshop/venv/lib/python3.8/site-packages/airflow/example_dags/example_branch_python_dop_operator_3.py
[2022-08-29T20:40:23.011-0400] {logging_mixin.py:115} INFO - [2022-08-29T20:40:23.011-0400] {dag.py:2429} INFO - Sync 1 DAGs
[2022-08-29T20:40:23.037-0400] {logging_mixin.py:115} INFO - [2022-08-29T20:40:23.037-0400] {dag.py:2977} INFO - Setting next_dagrun for example_branch_dop_operator_v3 to 2022-08-30T00:39:00+00:00, run_after=2022-08-30T00:40:00+00:00
[2022-08-29T20:40:23.052-0400] {processor.py:161} INFO - Processing /Users/jl/Documents/Repos/GHC-2022-data-engineering-workshop/venv/lib/python3.8/site-packages/airflow/example_dags/example_branch_python_dop_operator_3.py took 0.161 seconds
[2022-08-29T20:42:09.538-0400] {processor.py:153} INFO - Started process (PID=16763) to work on /Users/jl/Documents/Repos/GHC-2022-data-engineering-workshop/venv/lib/python3.8/site-packages/airflow/example_dags/example_branch_python_dop_operator_3.py
[2022-08-29T20:42:09.548-0400] {processor.py:640} INFO - Processing file /Users/jl/Documents/Repos/GHC-2022-data-engineering-workshop/venv/lib/python3.8/site-packages/airflow/example_dags/example_branch_python_dop_operator_3.py for tasks to queue
[2022-08-29T20:42:09.548-0400] {logging_mixin.py:115} INFO - [2022-08-29T20:42:09.548-0400] {dagbag.py:508} INFO - Filling up the DagBag from /Users/jl/Documents/Repos/GHC-2022-data-engineering-workshop/venv/lib/python3.8/site-packages/airflow/example_dags/example_branch_python_dop_operator_3.py
[2022-08-29T20:42:09.583-0400] {processor.py:650} INFO - DAG(s) dict_keys(['example_branch_dop_operator_v3']) retrieved from /Users/jl/Documents/Repos/GHC-2022-data-engineering-workshop/venv/lib/python3.8/site-packages/airflow/example_dags/example_branch_python_dop_operator_3.py
[2022-08-29T20:42:09.659-0400] {logging_mixin.py:115} INFO - [2022-08-29T20:42:09.658-0400] {dag.py:2429} INFO - Sync 1 DAGs
[2022-08-29T20:42:09.684-0400] {logging_mixin.py:115} INFO - [2022-08-29T20:42:09.684-0400] {dag.py:2977} INFO - Setting next_dagrun for example_branch_dop_operator_v3 to 2022-08-30T00:41:00+00:00, run_after=2022-08-30T00:42:00+00:00
[2022-08-29T20:42:09.699-0400] {processor.py:161} INFO - Processing /Users/jl/Documents/Repos/GHC-2022-data-engineering-workshop/venv/lib/python3.8/site-packages/airflow/example_dags/example_branch_python_dop_operator_3.py took 0.163 seconds
[2022-08-29T20:44:05.919-0400] {processor.py:153} INFO - Started process (PID=16866) to work on /Users/jl/Documents/Repos/GHC-2022-data-engineering-workshop/venv/lib/python3.8/site-packages/airflow/example_dags/example_branch_python_dop_operator_3.py
[2022-08-29T20:44:05.930-0400] {processor.py:640} INFO - Processing file /Users/jl/Documents/Repos/GHC-2022-data-engineering-workshop/venv/lib/python3.8/site-packages/airflow/example_dags/example_branch_python_dop_operator_3.py for tasks to queue
[2022-08-29T20:44:05.931-0400] {logging_mixin.py:115} INFO - [2022-08-29T20:44:05.931-0400] {dagbag.py:508} INFO - Filling up the DagBag from /Users/jl/Documents/Repos/GHC-2022-data-engineering-workshop/venv/lib/python3.8/site-packages/airflow/example_dags/example_branch_python_dop_operator_3.py
[2022-08-29T20:44:05.970-0400] {processor.py:650} INFO - DAG(s) dict_keys(['example_branch_dop_operator_v3']) retrieved from /Users/jl/Documents/Repos/GHC-2022-data-engineering-workshop/venv/lib/python3.8/site-packages/airflow/example_dags/example_branch_python_dop_operator_3.py
[2022-08-29T20:44:06.060-0400] {logging_mixin.py:115} INFO - [2022-08-29T20:44:06.060-0400] {dag.py:2429} INFO - Sync 1 DAGs
[2022-08-29T20:44:06.097-0400] {logging_mixin.py:115} INFO - [2022-08-29T20:44:06.097-0400] {dag.py:2977} INFO - Setting next_dagrun for example_branch_dop_operator_v3 to 2022-08-30T00:43:00+00:00, run_after=2022-08-30T00:44:00+00:00
[2022-08-29T20:44:06.117-0400] {processor.py:161} INFO - Processing /Users/jl/Documents/Repos/GHC-2022-data-engineering-workshop/venv/lib/python3.8/site-packages/airflow/example_dags/example_branch_python_dop_operator_3.py took 0.200 seconds
[2022-08-29T20:45:57.298-0400] {processor.py:153} INFO - Started process (PID=16968) to work on /Users/jl/Documents/Repos/GHC-2022-data-engineering-workshop/venv/lib/python3.8/site-packages/airflow/example_dags/example_branch_python_dop_operator_3.py
[2022-08-29T20:45:57.308-0400] {processor.py:640} INFO - Processing file /Users/jl/Documents/Repos/GHC-2022-data-engineering-workshop/venv/lib/python3.8/site-packages/airflow/example_dags/example_branch_python_dop_operator_3.py for tasks to queue
[2022-08-29T20:45:57.309-0400] {logging_mixin.py:115} INFO - [2022-08-29T20:45:57.309-0400] {dagbag.py:508} INFO - Filling up the DagBag from /Users/jl/Documents/Repos/GHC-2022-data-engineering-workshop/venv/lib/python3.8/site-packages/airflow/example_dags/example_branch_python_dop_operator_3.py
[2022-08-29T20:45:57.342-0400] {processor.py:650} INFO - DAG(s) dict_keys(['example_branch_dop_operator_v3']) retrieved from /Users/jl/Documents/Repos/GHC-2022-data-engineering-workshop/venv/lib/python3.8/site-packages/airflow/example_dags/example_branch_python_dop_operator_3.py
[2022-08-29T20:45:57.418-0400] {logging_mixin.py:115} INFO - [2022-08-29T20:45:57.418-0400] {dag.py:2429} INFO - Sync 1 DAGs
[2022-08-29T20:45:57.444-0400] {logging_mixin.py:115} INFO - [2022-08-29T20:45:57.444-0400] {dag.py:2977} INFO - Setting next_dagrun for example_branch_dop_operator_v3 to 2022-08-30T00:44:00+00:00, run_after=2022-08-30T00:45:00+00:00
[2022-08-29T20:45:57.459-0400] {processor.py:161} INFO - Processing /Users/jl/Documents/Repos/GHC-2022-data-engineering-workshop/venv/lib/python3.8/site-packages/airflow/example_dags/example_branch_python_dop_operator_3.py took 0.162 seconds
[2022-08-29T20:47:42.342-0400] {processor.py:153} INFO - Started process (PID=17061) to work on /Users/jl/Documents/Repos/GHC-2022-data-engineering-workshop/venv/lib/python3.8/site-packages/airflow/example_dags/example_branch_python_dop_operator_3.py
[2022-08-29T20:47:42.352-0400] {processor.py:640} INFO - Processing file /Users/jl/Documents/Repos/GHC-2022-data-engineering-workshop/venv/lib/python3.8/site-packages/airflow/example_dags/example_branch_python_dop_operator_3.py for tasks to queue
[2022-08-29T20:47:42.353-0400] {logging_mixin.py:115} INFO - [2022-08-29T20:47:42.353-0400] {dagbag.py:508} INFO - Filling up the DagBag from /Users/jl/Documents/Repos/GHC-2022-data-engineering-workshop/venv/lib/python3.8/site-packages/airflow/example_dags/example_branch_python_dop_operator_3.py
[2022-08-29T20:47:42.389-0400] {processor.py:650} INFO - DAG(s) dict_keys(['example_branch_dop_operator_v3']) retrieved from /Users/jl/Documents/Repos/GHC-2022-data-engineering-workshop/venv/lib/python3.8/site-packages/airflow/example_dags/example_branch_python_dop_operator_3.py
[2022-08-29T20:47:42.469-0400] {logging_mixin.py:115} INFO - [2022-08-29T20:47:42.469-0400] {dag.py:2429} INFO - Sync 1 DAGs
[2022-08-29T20:47:42.496-0400] {logging_mixin.py:115} INFO - [2022-08-29T20:47:42.496-0400] {dag.py:2977} INFO - Setting next_dagrun for example_branch_dop_operator_v3 to 2022-08-30T00:46:00+00:00, run_after=2022-08-30T00:47:00+00:00
[2022-08-29T20:47:42.511-0400] {processor.py:161} INFO - Processing /Users/jl/Documents/Repos/GHC-2022-data-engineering-workshop/venv/lib/python3.8/site-packages/airflow/example_dags/example_branch_python_dop_operator_3.py took 0.170 seconds
[2022-08-29T20:49:32.783-0400] {processor.py:153} INFO - Started process (PID=17159) to work on /Users/jl/Documents/Repos/GHC-2022-data-engineering-workshop/venv/lib/python3.8/site-packages/airflow/example_dags/example_branch_python_dop_operator_3.py
[2022-08-29T20:49:32.794-0400] {processor.py:640} INFO - Processing file /Users/jl/Documents/Repos/GHC-2022-data-engineering-workshop/venv/lib/python3.8/site-packages/airflow/example_dags/example_branch_python_dop_operator_3.py for tasks to queue
[2022-08-29T20:49:32.794-0400] {logging_mixin.py:115} INFO - [2022-08-29T20:49:32.794-0400] {dagbag.py:508} INFO - Filling up the DagBag from /Users/jl/Documents/Repos/GHC-2022-data-engineering-workshop/venv/lib/python3.8/site-packages/airflow/example_dags/example_branch_python_dop_operator_3.py
[2022-08-29T20:49:32.828-0400] {processor.py:650} INFO - DAG(s) dict_keys(['example_branch_dop_operator_v3']) retrieved from /Users/jl/Documents/Repos/GHC-2022-data-engineering-workshop/venv/lib/python3.8/site-packages/airflow/example_dags/example_branch_python_dop_operator_3.py
[2022-08-29T20:49:32.905-0400] {logging_mixin.py:115} INFO - [2022-08-29T20:49:32.904-0400] {dag.py:2429} INFO - Sync 1 DAGs
[2022-08-29T20:49:32.930-0400] {logging_mixin.py:115} INFO - [2022-08-29T20:49:32.929-0400] {dag.py:2977} INFO - Setting next_dagrun for example_branch_dop_operator_v3 to 2022-08-30T00:48:00+00:00, run_after=2022-08-30T00:49:00+00:00
[2022-08-29T20:49:32.944-0400] {processor.py:161} INFO - Processing /Users/jl/Documents/Repos/GHC-2022-data-engineering-workshop/venv/lib/python3.8/site-packages/airflow/example_dags/example_branch_python_dop_operator_3.py took 0.162 seconds
[2022-08-29T20:51:08.345-0400] {processor.py:153} INFO - Started process (PID=17247) to work on /Users/jl/Documents/Repos/GHC-2022-data-engineering-workshop/venv/lib/python3.8/site-packages/airflow/example_dags/example_branch_python_dop_operator_3.py
[2022-08-29T20:51:08.354-0400] {processor.py:640} INFO - Processing file /Users/jl/Documents/Repos/GHC-2022-data-engineering-workshop/venv/lib/python3.8/site-packages/airflow/example_dags/example_branch_python_dop_operator_3.py for tasks to queue
[2022-08-29T20:51:08.354-0400] {logging_mixin.py:115} INFO - [2022-08-29T20:51:08.354-0400] {dagbag.py:508} INFO - Filling up the DagBag from /Users/jl/Documents/Repos/GHC-2022-data-engineering-workshop/venv/lib/python3.8/site-packages/airflow/example_dags/example_branch_python_dop_operator_3.py
[2022-08-29T20:51:08.387-0400] {processor.py:650} INFO - DAG(s) dict_keys(['example_branch_dop_operator_v3']) retrieved from /Users/jl/Documents/Repos/GHC-2022-data-engineering-workshop/venv/lib/python3.8/site-packages/airflow/example_dags/example_branch_python_dop_operator_3.py
[2022-08-29T20:51:08.465-0400] {logging_mixin.py:115} INFO - [2022-08-29T20:51:08.464-0400] {dag.py:2429} INFO - Sync 1 DAGs
[2022-08-29T20:51:08.491-0400] {logging_mixin.py:115} INFO - [2022-08-29T20:51:08.491-0400] {dag.py:2977} INFO - Setting next_dagrun for example_branch_dop_operator_v3 to 2022-08-30T00:50:00+00:00, run_after=2022-08-30T00:51:00+00:00
[2022-08-29T20:51:08.506-0400] {processor.py:161} INFO - Processing /Users/jl/Documents/Repos/GHC-2022-data-engineering-workshop/venv/lib/python3.8/site-packages/airflow/example_dags/example_branch_python_dop_operator_3.py took 0.163 seconds
[2022-08-29T20:52:46.208-0400] {processor.py:153} INFO - Started process (PID=17340) to work on /Users/jl/Documents/Repos/GHC-2022-data-engineering-workshop/venv/lib/python3.8/site-packages/airflow/example_dags/example_branch_python_dop_operator_3.py
[2022-08-29T20:52:46.216-0400] {processor.py:640} INFO - Processing file /Users/jl/Documents/Repos/GHC-2022-data-engineering-workshop/venv/lib/python3.8/site-packages/airflow/example_dags/example_branch_python_dop_operator_3.py for tasks to queue
[2022-08-29T20:52:46.216-0400] {logging_mixin.py:115} INFO - [2022-08-29T20:52:46.216-0400] {dagbag.py:508} INFO - Filling up the DagBag from /Users/jl/Documents/Repos/GHC-2022-data-engineering-workshop/venv/lib/python3.8/site-packages/airflow/example_dags/example_branch_python_dop_operator_3.py
[2022-08-29T20:52:46.251-0400] {processor.py:650} INFO - DAG(s) dict_keys(['example_branch_dop_operator_v3']) retrieved from /Users/jl/Documents/Repos/GHC-2022-data-engineering-workshop/venv/lib/python3.8/site-packages/airflow/example_dags/example_branch_python_dop_operator_3.py
[2022-08-29T20:52:46.332-0400] {logging_mixin.py:115} INFO - [2022-08-29T20:52:46.332-0400] {dag.py:2429} INFO - Sync 1 DAGs
[2022-08-29T20:52:46.358-0400] {logging_mixin.py:115} INFO - [2022-08-29T20:52:46.358-0400] {dag.py:2977} INFO - Setting next_dagrun for example_branch_dop_operator_v3 to 2022-08-30T00:51:00+00:00, run_after=2022-08-30T00:52:00+00:00
[2022-08-29T20:52:46.373-0400] {processor.py:161} INFO - Processing /Users/jl/Documents/Repos/GHC-2022-data-engineering-workshop/venv/lib/python3.8/site-packages/airflow/example_dags/example_branch_python_dop_operator_3.py took 0.166 seconds
[2022-08-29T20:54:52.061-0400] {processor.py:153} INFO - Started process (PID=17438) to work on /Users/jl/Documents/Repos/GHC-2022-data-engineering-workshop/venv/lib/python3.8/site-packages/airflow/example_dags/example_branch_python_dop_operator_3.py
[2022-08-29T20:54:52.071-0400] {processor.py:640} INFO - Processing file /Users/jl/Documents/Repos/GHC-2022-data-engineering-workshop/venv/lib/python3.8/site-packages/airflow/example_dags/example_branch_python_dop_operator_3.py for tasks to queue
[2022-08-29T20:54:52.072-0400] {logging_mixin.py:115} INFO - [2022-08-29T20:54:52.072-0400] {dagbag.py:508} INFO - Filling up the DagBag from /Users/jl/Documents/Repos/GHC-2022-data-engineering-workshop/venv/lib/python3.8/site-packages/airflow/example_dags/example_branch_python_dop_operator_3.py
[2022-08-29T20:54:52.107-0400] {processor.py:650} INFO - DAG(s) dict_keys(['example_branch_dop_operator_v3']) retrieved from /Users/jl/Documents/Repos/GHC-2022-data-engineering-workshop/venv/lib/python3.8/site-packages/airflow/example_dags/example_branch_python_dop_operator_3.py
[2022-08-29T20:54:52.183-0400] {logging_mixin.py:115} INFO - [2022-08-29T20:54:52.183-0400] {dag.py:2429} INFO - Sync 1 DAGs
[2022-08-29T20:54:52.209-0400] {logging_mixin.py:115} INFO - [2022-08-29T20:54:52.208-0400] {dag.py:2977} INFO - Setting next_dagrun for example_branch_dop_operator_v3 to 2022-08-30T00:53:00+00:00, run_after=2022-08-30T00:54:00+00:00
[2022-08-29T20:54:52.223-0400] {processor.py:161} INFO - Processing /Users/jl/Documents/Repos/GHC-2022-data-engineering-workshop/venv/lib/python3.8/site-packages/airflow/example_dags/example_branch_python_dop_operator_3.py took 0.163 seconds
[2022-08-29T20:56:36.717-0400] {processor.py:153} INFO - Started process (PID=17528) to work on /Users/jl/Documents/Repos/GHC-2022-data-engineering-workshop/venv/lib/python3.8/site-packages/airflow/example_dags/example_branch_python_dop_operator_3.py
[2022-08-29T20:56:36.725-0400] {processor.py:640} INFO - Processing file /Users/jl/Documents/Repos/GHC-2022-data-engineering-workshop/venv/lib/python3.8/site-packages/airflow/example_dags/example_branch_python_dop_operator_3.py for tasks to queue
[2022-08-29T20:56:36.725-0400] {logging_mixin.py:115} INFO - [2022-08-29T20:56:36.725-0400] {dagbag.py:508} INFO - Filling up the DagBag from /Users/jl/Documents/Repos/GHC-2022-data-engineering-workshop/venv/lib/python3.8/site-packages/airflow/example_dags/example_branch_python_dop_operator_3.py
[2022-08-29T20:56:36.758-0400] {processor.py:650} INFO - DAG(s) dict_keys(['example_branch_dop_operator_v3']) retrieved from /Users/jl/Documents/Repos/GHC-2022-data-engineering-workshop/venv/lib/python3.8/site-packages/airflow/example_dags/example_branch_python_dop_operator_3.py
[2022-08-29T20:56:36.833-0400] {logging_mixin.py:115} INFO - [2022-08-29T20:56:36.833-0400] {dag.py:2429} INFO - Sync 1 DAGs
[2022-08-29T20:56:36.858-0400] {logging_mixin.py:115} INFO - [2022-08-29T20:56:36.858-0400] {dag.py:2977} INFO - Setting next_dagrun for example_branch_dop_operator_v3 to 2022-08-30T00:55:00+00:00, run_after=2022-08-30T00:56:00+00:00
[2022-08-29T20:56:36.873-0400] {processor.py:161} INFO - Processing /Users/jl/Documents/Repos/GHC-2022-data-engineering-workshop/venv/lib/python3.8/site-packages/airflow/example_dags/example_branch_python_dop_operator_3.py took 0.157 seconds
[2022-08-29T20:58:50.819-0400] {processor.py:153} INFO - Started process (PID=17644) to work on /Users/jl/Documents/Repos/GHC-2022-data-engineering-workshop/venv/lib/python3.8/site-packages/airflow/example_dags/example_branch_python_dop_operator_3.py
[2022-08-29T20:58:50.829-0400] {processor.py:640} INFO - Processing file /Users/jl/Documents/Repos/GHC-2022-data-engineering-workshop/venv/lib/python3.8/site-packages/airflow/example_dags/example_branch_python_dop_operator_3.py for tasks to queue
[2022-08-29T20:58:50.830-0400] {logging_mixin.py:115} INFO - [2022-08-29T20:58:50.830-0400] {dagbag.py:508} INFO - Filling up the DagBag from /Users/jl/Documents/Repos/GHC-2022-data-engineering-workshop/venv/lib/python3.8/site-packages/airflow/example_dags/example_branch_python_dop_operator_3.py
[2022-08-29T20:58:50.868-0400] {processor.py:650} INFO - DAG(s) dict_keys(['example_branch_dop_operator_v3']) retrieved from /Users/jl/Documents/Repos/GHC-2022-data-engineering-workshop/venv/lib/python3.8/site-packages/airflow/example_dags/example_branch_python_dop_operator_3.py
[2022-08-29T20:58:50.956-0400] {logging_mixin.py:115} INFO - [2022-08-29T20:58:50.956-0400] {dag.py:2429} INFO - Sync 1 DAGs
[2022-08-29T20:58:50.985-0400] {logging_mixin.py:115} INFO - [2022-08-29T20:58:50.984-0400] {dag.py:2977} INFO - Setting next_dagrun for example_branch_dop_operator_v3 to 2022-08-30T00:57:00+00:00, run_after=2022-08-30T00:58:00+00:00
[2022-08-29T20:58:51.000-0400] {processor.py:161} INFO - Processing /Users/jl/Documents/Repos/GHC-2022-data-engineering-workshop/venv/lib/python3.8/site-packages/airflow/example_dags/example_branch_python_dop_operator_3.py took 0.182 seconds
[2022-08-29T21:00:58.709-0400] {processor.py:153} INFO - Started process (PID=17785) to work on /Users/jl/Documents/Repos/GHC-2022-data-engineering-workshop/venv/lib/python3.8/site-packages/airflow/example_dags/example_branch_python_dop_operator_3.py
[2022-08-29T21:00:58.717-0400] {processor.py:640} INFO - Processing file /Users/jl/Documents/Repos/GHC-2022-data-engineering-workshop/venv/lib/python3.8/site-packages/airflow/example_dags/example_branch_python_dop_operator_3.py for tasks to queue
[2022-08-29T21:00:58.718-0400] {logging_mixin.py:115} INFO - [2022-08-29T21:00:58.718-0400] {dagbag.py:508} INFO - Filling up the DagBag from /Users/jl/Documents/Repos/GHC-2022-data-engineering-workshop/venv/lib/python3.8/site-packages/airflow/example_dags/example_branch_python_dop_operator_3.py
[2022-08-29T21:00:58.754-0400] {processor.py:650} INFO - DAG(s) dict_keys(['example_branch_dop_operator_v3']) retrieved from /Users/jl/Documents/Repos/GHC-2022-data-engineering-workshop/venv/lib/python3.8/site-packages/airflow/example_dags/example_branch_python_dop_operator_3.py
[2022-08-29T21:00:58.830-0400] {logging_mixin.py:115} INFO - [2022-08-29T21:00:58.829-0400] {dag.py:2429} INFO - Sync 1 DAGs
[2022-08-29T21:00:58.856-0400] {logging_mixin.py:115} INFO - [2022-08-29T21:00:58.855-0400] {dag.py:2977} INFO - Setting next_dagrun for example_branch_dop_operator_v3 to 2022-08-30T00:59:00+00:00, run_after=2022-08-30T01:00:00+00:00
[2022-08-29T21:00:58.870-0400] {processor.py:161} INFO - Processing /Users/jl/Documents/Repos/GHC-2022-data-engineering-workshop/venv/lib/python3.8/site-packages/airflow/example_dags/example_branch_python_dop_operator_3.py took 0.162 seconds
